000 (8580160.000.000) 11/23 17:24:08 Job submitted from host: <10.10.48.31:12542?addrs=10.10.48.31-12542>
...
001 (8580160.000.000) 11/23 17:24:13 Job executing on host: <10.10.48.41:20766?addrs=10.10.48.41-20766>
...
006 (8580160.000.000) 11/23 17:24:22 Image size of job updated: 57032
	3  -  MemoryUsage of job (MB)
	2600  -  ResidentSetSize of job (KB)
...
006 (8580160.000.000) 11/23 17:29:23 Image size of job updated: 320548
	156  -  MemoryUsage of job (MB)
	159256  -  ResidentSetSize of job (KB)
...
006 (8580160.000.000) 11/23 17:39:23 Image size of job updated: 324604
	156  -  MemoryUsage of job (MB)
	159256  -  ResidentSetSize of job (KB)
...
006 (8580160.000.000) 11/23 17:44:24 Image size of job updated: 356212
	208  -  MemoryUsage of job (MB)
	212028  -  ResidentSetSize of job (KB)
...
006 (8580160.000.000) 11/23 17:49:25 Image size of job updated: 381376
	232  -  MemoryUsage of job (MB)
	237236  -  ResidentSetSize of job (KB)
...
006 (8580160.000.000) 11/23 17:54:25 Image size of job updated: 384936
	236  -  MemoryUsage of job (MB)
	240752  -  ResidentSetSize of job (KB)
...
006 (8580160.000.000) 11/23 18:14:27 Image size of job updated: 406420
	236  -  MemoryUsage of job (MB)
	240752  -  ResidentSetSize of job (KB)
...
006 (8580160.000.000) 11/23 18:19:29 Image size of job updated: 407076
	257  -  MemoryUsage of job (MB)
	262892  -  ResidentSetSize of job (KB)
...
006 (8580160.000.000) 11/23 18:24:29 Image size of job updated: 407236
	257  -  MemoryUsage of job (MB)
	262892  -  ResidentSetSize of job (KB)
...
006 (8580160.000.000) 11/23 19:24:35 Image size of job updated: 407608
	257  -  MemoryUsage of job (MB)
	262892  -  ResidentSetSize of job (KB)
...
006 (8580160.000.000) 11/23 20:39:43 Image size of job updated: 407608
	257  -  MemoryUsage of job (MB)
	263032  -  ResidentSetSize of job (KB)
...
006 (8580160.000.000) 11/23 20:54:45 Image size of job updated: 409816
	257  -  MemoryUsage of job (MB)
	263032  -  ResidentSetSize of job (KB)
...
005 (8580160.000.000) 11/23 22:35:29 Job terminated.
	(1) Normal termination (return value 0)
		Usr 0 04:52:01, Sys 0 00:01:33  -  Run Remote Usage
		Usr 0 00:00:00, Sys 0 00:00:00  -  Run Local Usage
		Usr 0 04:52:01, Sys 0 00:01:33  -  Total Remote Usage
		Usr 0 00:00:00, Sys 0 00:00:00  -  Total Local Usage
	0  -  Run Bytes Sent By Job
	0  -  Run Bytes Received By Job
	0  -  Total Bytes Sent By Job
	0  -  Total Bytes Received By Job
	Partitionable Resources :    Usage  Request Allocated
	   Cpus                 :                 1         1
	   Disk (KB)            :        1        1  16725782
	   Memory (MB)          :      257        1      4023
...
000 (8580314.000.000) 11/24 10:41:17 Job submitted from host: <10.10.48.31:12542?addrs=10.10.48.31-12542>
...
001 (8580314.000.000) 11/24 10:41:37 Job executing on host: <10.10.48.41:20766?addrs=10.10.48.41-20766>
...
006 (8580314.000.000) 11/24 10:41:46 Image size of job updated: 57032
	2  -  MemoryUsage of job (MB)
	1976  -  ResidentSetSize of job (KB)
...
006 (8580314.000.000) 11/24 10:46:47 Image size of job updated: 326220
	169  -  MemoryUsage of job (MB)
	172348  -  ResidentSetSize of job (KB)
...
006 (8580314.000.000) 11/24 10:51:48 Image size of job updated: 326220
	169  -  MemoryUsage of job (MB)
	172968  -  ResidentSetSize of job (KB)
...
006 (8580314.000.000) 11/24 10:56:48 Image size of job updated: 326220
	174  -  MemoryUsage of job (MB)
	177372  -  ResidentSetSize of job (KB)
...
006 (8580314.000.000) 11/24 11:06:49 Image size of job updated: 384372
	234  -  MemoryUsage of job (MB)
	238952  -  ResidentSetSize of job (KB)
...
006 (8580314.000.000) 11/24 11:11:49 Image size of job updated: 385080
	234  -  MemoryUsage of job (MB)
	239604  -  ResidentSetSize of job (KB)
...
005 (8580314.000.000) 11/24 11:12:38 Job terminated.
	(1) Normal termination (return value 0)
		Usr 0 00:30:19, Sys 0 00:00:01  -  Run Remote Usage
		Usr 0 00:00:00, Sys 0 00:00:00  -  Run Local Usage
		Usr 0 00:30:19, Sys 0 00:00:01  -  Total Remote Usage
		Usr 0 00:00:00, Sys 0 00:00:00  -  Total Local Usage
	0  -  Run Bytes Sent By Job
	0  -  Run Bytes Received By Job
	0  -  Total Bytes Sent By Job
	0  -  Total Bytes Received By Job
	Partitionable Resources :    Usage  Request Allocated
	   Cpus                 :                 1         1
	   Disk (KB)            :        1        1  16725699
	   Memory (MB)          :      234        1      4023
...
000 (8581630.000.000) 11/24 20:19:51 Job submitted from host: <10.10.48.31:12542?addrs=10.10.48.31-12542>
...
001 (8581630.000.000) 11/24 20:20:13 Job executing on host: <10.10.48.41:20766?addrs=10.10.48.41-20766>
...
006 (8581630.000.000) 11/24 20:20:22 Image size of job updated: 180204
	28  -  MemoryUsage of job (MB)
	28500  -  ResidentSetSize of job (KB)
...
006 (8581630.000.000) 11/24 20:22:08 Image size of job updated: 274320
	28  -  MemoryUsage of job (MB)
	28500  -  ResidentSetSize of job (KB)
...
004 (8581630.000.000) 11/24 20:22:08 Job was evicted.
	(0) Job was not checkpointed.
		Usr 0 00:00:47, Sys 0 00:00:03  -  Run Remote Usage
		Usr 0 00:00:00, Sys 0 00:00:00  -  Run Local Usage
	0  -  Run Bytes Sent By Job
	0  -  Run Bytes Received By Job
	Partitionable Resources :    Usage  Request Allocated
	   Cpus                 :                 1         1
	   Disk (KB)            :        1        1  16725498
	   Memory (MB)          :       28        1      4023
...
009 (8581630.000.000) 11/24 20:22:08 Job was aborted by the user.
	via condor_rm (by user mawenbo)
...
