000 (8580195.000.000) 11/23 17:24:11 Job submitted from host: <10.10.48.31:12542?addrs=10.10.48.31-12542>
...
001 (8580195.000.000) 11/23 17:24:15 Job executing on host: <10.10.48.35:61041?addrs=10.10.48.35-61041>
...
006 (8580195.000.000) 11/23 17:24:24 Image size of job updated: 181188
	32  -  MemoryUsage of job (MB)
	32008  -  ResidentSetSize of job (KB)
...
006 (8580195.000.000) 11/23 17:29:25 Image size of job updated: 302680
	152  -  MemoryUsage of job (MB)
	155540  -  ResidentSetSize of job (KB)
...
006 (8580195.000.000) 11/23 17:34:25 Image size of job updated: 350304
	200  -  MemoryUsage of job (MB)
	203784  -  ResidentSetSize of job (KB)
...
006 (8580195.000.000) 11/23 17:44:27 Image size of job updated: 358672
	208  -  MemoryUsage of job (MB)
	212212  -  ResidentSetSize of job (KB)
...
006 (8580195.000.000) 11/23 17:49:27 Image size of job updated: 383408
	232  -  MemoryUsage of job (MB)
	236952  -  ResidentSetSize of job (KB)
...
006 (8580195.000.000) 11/23 17:54:27 Image size of job updated: 384660
	233  -  MemoryUsage of job (MB)
	238204  -  ResidentSetSize of job (KB)
...
006 (8580195.000.000) 11/23 18:04:28 Image size of job updated: 386832
	235  -  MemoryUsage of job (MB)
	240376  -  ResidentSetSize of job (KB)
...
006 (8580195.000.000) 11/23 18:09:28 Image size of job updated: 386832
	238  -  MemoryUsage of job (MB)
	242852  -  ResidentSetSize of job (KB)
...
006 (8580195.000.000) 11/23 18:14:29 Image size of job updated: 388632
	239  -  MemoryUsage of job (MB)
	244652  -  ResidentSetSize of job (KB)
...
006 (8580195.000.000) 11/23 18:39:32 Image size of job updated: 388632
	240  -  MemoryUsage of job (MB)
	244756  -  ResidentSetSize of job (KB)
...
006 (8580195.000.000) 11/23 19:34:37 Image size of job updated: 389064
	240  -  MemoryUsage of job (MB)
	245084  -  ResidentSetSize of job (KB)
...
006 (8580195.000.000) 11/23 20:54:46 Image size of job updated: 408784
	240  -  MemoryUsage of job (MB)
	245084  -  ResidentSetSize of job (KB)
...
006 (8580195.000.000) 11/23 21:34:50 Image size of job updated: 408784
	241  -  MemoryUsage of job (MB)
	245780  -  ResidentSetSize of job (KB)
...
006 (8580195.000.000) 11/23 21:44:51 Image size of job updated: 408784
	242  -  MemoryUsage of job (MB)
	246992  -  ResidentSetSize of job (KB)
...
006 (8580195.000.000) 11/23 23:50:05 Image size of job updated: 408784
	242  -  MemoryUsage of job (MB)
	247740  -  ResidentSetSize of job (KB)
...
005 (8580195.000.000) 11/24 00:50:39 Job terminated.
	(1) Normal termination (return value 0)
		Usr 0 06:56:10, Sys 0 00:00:59  -  Run Remote Usage
		Usr 0 00:00:00, Sys 0 00:00:00  -  Run Local Usage
		Usr 0 06:56:10, Sys 0 00:00:59  -  Total Remote Usage
		Usr 0 00:00:00, Sys 0 00:00:00  -  Total Local Usage
	0  -  Run Bytes Sent By Job
	0  -  Run Bytes Received By Job
	0  -  Total Bytes Sent By Job
	0  -  Total Bytes Received By Job
	Partitionable Resources :    Usage  Request Allocated
	   Cpus                 :                 1         1
	   Disk (KB)            :        1        1  16723049
	   Memory (MB)          :      242        1      4023
...
000 (8581665.000.000) 11/24 20:19:55 Job submitted from host: <10.10.48.31:12542?addrs=10.10.48.31-12542>
...
001 (8581665.000.000) 11/24 20:20:14 Job executing on host: <10.10.48.35:61041?addrs=10.10.48.35-61041>
...
006 (8581665.000.000) 11/24 20:20:23 Image size of job updated: 180692
	29  -  MemoryUsage of job (MB)
	28988  -  ResidentSetSize of job (KB)
...
006 (8581665.000.000) 11/24 20:22:08 Image size of job updated: 244644
	29  -  MemoryUsage of job (MB)
	28988  -  ResidentSetSize of job (KB)
...
004 (8581665.000.000) 11/24 20:22:08 Job was evicted.
	(0) Job was not checkpointed.
		Usr 0 00:00:10, Sys 0 00:00:00  -  Run Remote Usage
		Usr 0 00:00:00, Sys 0 00:00:00  -  Run Local Usage
	0  -  Run Bytes Sent By Job
	0  -  Run Bytes Received By Job
	Partitionable Resources :    Usage  Request Allocated
	   Cpus                 :                 1         1
	   Disk (KB)            :        1        1  16722882
	   Memory (MB)          :       29        1      4023
...
009 (8581665.000.000) 11/24 20:22:09 Job was aborted by the user.
	via condor_rm (by user mawenbo)
...
