000 (8580184.000.000) 11/23 17:24:10 Job submitted from host: <10.10.48.31:12542?addrs=10.10.48.31-12542>
...
001 (8580184.000.000) 11/23 17:24:16 Job executing on host: <10.10.48.141:50603?addrs=10.10.48.141-50603>
...
006 (8580184.000.000) 11/23 17:24:24 Image size of job updated: 180236
	29  -  MemoryUsage of job (MB)
	29568  -  ResidentSetSize of job (KB)
...
006 (8580184.000.000) 11/23 17:29:24 Image size of job updated: 326000
	172  -  MemoryUsage of job (MB)
	175976  -  ResidentSetSize of job (KB)
...
006 (8580184.000.000) 11/23 17:34:24 Image size of job updated: 332676
	179  -  MemoryUsage of job (MB)
	182692  -  ResidentSetSize of job (KB)
...
006 (8580184.000.000) 11/23 17:39:25 Image size of job updated: 332808
	179  -  MemoryUsage of job (MB)
	182824  -  ResidentSetSize of job (KB)
...
006 (8580184.000.000) 11/23 17:44:25 Image size of job updated: 382472
	228  -  MemoryUsage of job (MB)
	232544  -  ResidentSetSize of job (KB)
...
006 (8580184.000.000) 11/23 17:49:25 Image size of job updated: 382472
	228  -  MemoryUsage of job (MB)
	232636  -  ResidentSetSize of job (KB)
...
006 (8580184.000.000) 11/23 17:54:27 Image size of job updated: 385264
	231  -  MemoryUsage of job (MB)
	235804  -  ResidentSetSize of job (KB)
...
006 (8580184.000.000) 11/23 17:59:27 Image size of job updated: 385264
	235  -  MemoryUsage of job (MB)
	239648  -  ResidentSetSize of job (KB)
...
006 (8580184.000.000) 11/23 18:14:29 Image size of job updated: 411600
	235  -  MemoryUsage of job (MB)
	239648  -  ResidentSetSize of job (KB)
...
006 (8580184.000.000) 11/23 18:24:30 Image size of job updated: 411600
	237  -  MemoryUsage of job (MB)
	242648  -  ResidentSetSize of job (KB)
...
006 (8580184.000.000) 11/23 18:34:31 Image size of job updated: 411600
	238  -  MemoryUsage of job (MB)
	242848  -  ResidentSetSize of job (KB)
...
005 (8580184.000.000) 11/23 19:25:27 Job terminated.
	(1) Normal termination (return value 0)
		Usr 0 01:40:21, Sys 0 00:00:14  -  Run Remote Usage
		Usr 0 00:00:00, Sys 0 00:00:00  -  Run Local Usage
		Usr 0 01:40:21, Sys 0 00:00:14  -  Total Remote Usage
		Usr 0 00:00:00, Sys 0 00:00:00  -  Total Local Usage
	0  -  Run Bytes Sent By Job
	0  -  Run Bytes Received By Job
	0  -  Total Bytes Sent By Job
	0  -  Total Bytes Received By Job
	Partitionable Resources :    Usage  Request Allocated
	   Cpus                 :                 1         1
	   Disk (KB)            :        1        1  13376760
	   Memory (MB)          :      238        1      6441
...
000 (8581654.000.000) 11/24 20:19:54 Job submitted from host: <10.10.48.31:12542?addrs=10.10.48.31-12542>
...
001 (8581654.000.000) 11/24 20:20:15 Job executing on host: <10.10.48.141:50603?addrs=10.10.48.141-50603>
...
006 (8581654.000.000) 11/24 20:20:23 Image size of job updated: 181080
	31  -  MemoryUsage of job (MB)
	31636  -  ResidentSetSize of job (KB)
...
006 (8581654.000.000) 11/24 20:22:09 Image size of job updated: 240276
	31  -  MemoryUsage of job (MB)
	31636  -  ResidentSetSize of job (KB)
...
004 (8581654.000.000) 11/24 20:22:09 Job was evicted.
	(0) Job was not checkpointed.
		Usr 0 00:00:15, Sys 0 00:00:00  -  Run Remote Usage
		Usr 0 00:00:00, Sys 0 00:00:00  -  Run Local Usage
	0  -  Run Bytes Sent By Job
	0  -  Run Bytes Received By Job
	Partitionable Resources :    Usage  Request Allocated
	   Cpus                 :                 1         1
	   Disk (KB)            :        1        1  13376551
	   Memory (MB)          :       31        1      6441
...
009 (8581654.000.000) 11/24 20:22:09 Job was aborted by the user.
	via condor_rm (by user mawenbo)
...
