000 (8580172.000.000) 11/23 17:24:09 Job submitted from host: <10.10.48.31:12542?addrs=10.10.48.31-12542>
...
001 (8580172.000.000) 11/23 17:24:14 Job executing on host: <10.10.48.141:50603?addrs=10.10.48.141-50603>
...
006 (8580172.000.000) 11/23 17:24:23 Image size of job updated: 178552
	27  -  MemoryUsage of job (MB)
	27572  -  ResidentSetSize of job (KB)
...
006 (8580172.000.000) 11/23 17:29:24 Image size of job updated: 323464
	172  -  MemoryUsage of job (MB)
	175592  -  ResidentSetSize of job (KB)
...
006 (8580172.000.000) 11/23 17:34:24 Image size of job updated: 325236
	174  -  MemoryUsage of job (MB)
	177264  -  ResidentSetSize of job (KB)
...
006 (8580172.000.000) 11/23 17:44:25 Image size of job updated: 378860
	228  -  MemoryUsage of job (MB)
	233408  -  ResidentSetSize of job (KB)
...
006 (8580172.000.000) 11/23 17:49:26 Image size of job updated: 379224
	228  -  MemoryUsage of job (MB)
	233408  -  ResidentSetSize of job (KB)
...
006 (8580172.000.000) 11/23 17:54:26 Image size of job updated: 405864
	228  -  MemoryUsage of job (MB)
	233408  -  ResidentSetSize of job (KB)
...
006 (8580172.000.000) 11/23 17:59:27 Image size of job updated: 405864
	252  -  MemoryUsage of job (MB)
	257832  -  ResidentSetSize of job (KB)
...
006 (8580172.000.000) 11/23 18:04:28 Image size of job updated: 406188
	252  -  MemoryUsage of job (MB)
	257832  -  ResidentSetSize of job (KB)
...
006 (8580172.000.000) 11/23 19:27:28 Image size of job updated: 414844
	252  -  MemoryUsage of job (MB)
	257832  -  ResidentSetSize of job (KB)
...
005 (8580172.000.000) 11/23 19:27:28 Job terminated.
	(1) Normal termination (return value 0)
		Usr 0 01:41:10, Sys 0 00:00:18  -  Run Remote Usage
		Usr 0 00:00:00, Sys 0 00:00:00  -  Run Local Usage
		Usr 0 01:41:10, Sys 0 00:00:18  -  Total Remote Usage
		Usr 0 00:00:00, Sys 0 00:00:00  -  Total Local Usage
	0  -  Run Bytes Sent By Job
	0  -  Run Bytes Received By Job
	0  -  Total Bytes Sent By Job
	0  -  Total Bytes Received By Job
	Partitionable Resources :    Usage  Request Allocated
	   Cpus                 :                 1         1
	   Disk (KB)            :        1        1  13376760
	   Memory (MB)          :      252        1      6441
...
000 (8581642.000.000) 11/24 20:19:52 Job submitted from host: <10.10.48.31:12542?addrs=10.10.48.31-12542>
...
001 (8581642.000.000) 11/24 20:20:13 Job executing on host: <10.10.48.141:50603?addrs=10.10.48.141-50603>
...
006 (8581642.000.000) 11/24 20:20:22 Image size of job updated: 268200
	95  -  MemoryUsage of job (MB)
	96520  -  ResidentSetSize of job (KB)
...
006 (8581642.000.000) 11/24 20:22:09 Image size of job updated: 302212
	95  -  MemoryUsage of job (MB)
	96520  -  ResidentSetSize of job (KB)
...
004 (8581642.000.000) 11/24 20:22:09 Job was evicted.
	(0) Job was not checkpointed.
		Usr 0 00:01:35, Sys 0 00:00:00  -  Run Remote Usage
		Usr 0 00:00:00, Sys 0 00:00:00  -  Run Local Usage
	0  -  Run Bytes Sent By Job
	0  -  Run Bytes Received By Job
	Partitionable Resources :    Usage  Request Allocated
	   Cpus                 :                 1         1
	   Disk (KB)            :        1        1  13376551
	   Memory (MB)          :       95        1      6441
...
009 (8581642.000.000) 11/24 20:22:09 Job was aborted by the user.
	via condor_rm (by user mawenbo)
...
