000 (8580180.000.000) 11/23 17:24:09 Job submitted from host: <10.10.48.31:12542?addrs=10.10.48.31-12542>
...
001 (8580180.000.000) 11/23 17:24:15 Job executing on host: <10.10.48.141:50603?addrs=10.10.48.141-50603>
...
006 (8580180.000.000) 11/23 17:24:24 Image size of job updated: 180708
	30  -  MemoryUsage of job (MB)
	30140  -  ResidentSetSize of job (KB)
...
006 (8580180.000.000) 11/23 17:29:26 Image size of job updated: 332136
	180  -  MemoryUsage of job (MB)
	184176  -  ResidentSetSize of job (KB)
...
006 (8580180.000.000) 11/23 17:34:26 Image size of job updated: 332548
	181  -  MemoryUsage of job (MB)
	184676  -  ResidentSetSize of job (KB)
...
006 (8580180.000.000) 11/23 17:39:26 Image size of job updated: 333472
	182  -  MemoryUsage of job (MB)
	185540  -  ResidentSetSize of job (KB)
...
006 (8580180.000.000) 11/23 17:44:27 Image size of job updated: 382588
	230  -  MemoryUsage of job (MB)
	234772  -  ResidentSetSize of job (KB)
...
006 (8580180.000.000) 11/23 17:49:28 Image size of job updated: 407888
	254  -  MemoryUsage of job (MB)
	259532  -  ResidentSetSize of job (KB)
...
006 (8580180.000.000) 11/23 17:54:28 Image size of job updated: 408048
	254  -  MemoryUsage of job (MB)
	259532  -  ResidentSetSize of job (KB)
...
006 (8580180.000.000) 11/23 17:59:29 Image size of job updated: 408064
	254  -  MemoryUsage of job (MB)
	259532  -  ResidentSetSize of job (KB)
...
006 (8580180.000.000) 11/23 18:09:30 Image size of job updated: 409836
	254  -  MemoryUsage of job (MB)
	259532  -  ResidentSetSize of job (KB)
...
006 (8580180.000.000) 11/23 18:14:30 Image size of job updated: 409836
	256  -  MemoryUsage of job (MB)
	261648  -  ResidentSetSize of job (KB)
...
006 (8580180.000.000) 11/23 18:19:31 Image size of job updated: 409836
	256  -  MemoryUsage of job (MB)
	261788  -  ResidentSetSize of job (KB)
...
006 (8580180.000.000) 11/23 18:59:35 Image size of job updated: 411432
	256  -  MemoryUsage of job (MB)
	261788  -  ResidentSetSize of job (KB)
...
006 (8580180.000.000) 11/23 19:14:36 Image size of job updated: 411432
	256  -  MemoryUsage of job (MB)
	262056  -  ResidentSetSize of job (KB)
...
006 (8580180.000.000) 11/23 19:24:37 Image size of job updated: 414828
	256  -  MemoryUsage of job (MB)
	262056  -  ResidentSetSize of job (KB)
...
006 (8580180.000.000) 11/23 20:29:44 Image size of job updated: 414828
	257  -  MemoryUsage of job (MB)
	262264  -  ResidentSetSize of job (KB)
...
006 (8580180.000.000) 11/23 21:44:51 Image size of job updated: 414828
	260  -  MemoryUsage of job (MB)
	265720  -  ResidentSetSize of job (KB)
...
005 (8580180.000.000) 11/23 22:23:46 Job terminated.
	(1) Normal termination (return value 0)
		Usr 0 04:09:33, Sys 0 00:02:27  -  Run Remote Usage
		Usr 0 00:00:00, Sys 0 00:00:00  -  Run Local Usage
		Usr 0 04:09:33, Sys 0 00:02:27  -  Total Remote Usage
		Usr 0 00:00:00, Sys 0 00:00:00  -  Total Local Usage
	0  -  Run Bytes Sent By Job
	0  -  Run Bytes Received By Job
	0  -  Total Bytes Sent By Job
	0  -  Total Bytes Received By Job
	Partitionable Resources :    Usage  Request Allocated
	   Cpus                 :                 1         1
	   Disk (KB)            :        1        1  13376760
	   Memory (MB)          :      260        1      6441
...
000 (8581650.000.000) 11/24 20:19:53 Job submitted from host: <10.10.48.31:12542?addrs=10.10.48.31-12542>
...
001 (8581650.000.000) 11/24 20:20:14 Job executing on host: <10.10.48.141:50603?addrs=10.10.48.141-50603>
...
006 (8581650.000.000) 11/24 20:20:23 Image size of job updated: 180288
	29  -  MemoryUsage of job (MB)
	29600  -  ResidentSetSize of job (KB)
...
006 (8581650.000.000) 11/24 20:22:09 Image size of job updated: 276928
	29  -  MemoryUsage of job (MB)
	29600  -  ResidentSetSize of job (KB)
...
004 (8581650.000.000) 11/24 20:22:09 Job was evicted.
	(0) Job was not checkpointed.
		Usr 0 00:00:33, Sys 0 00:00:05  -  Run Remote Usage
		Usr 0 00:00:00, Sys 0 00:00:00  -  Run Local Usage
	0  -  Run Bytes Sent By Job
	0  -  Run Bytes Received By Job
	Partitionable Resources :    Usage  Request Allocated
	   Cpus                 :                 1         1
	   Disk (KB)            :        1        1  13376551
	   Memory (MB)          :       29        1      6441
...
009 (8581650.000.000) 11/24 20:22:09 Job was aborted by the user.
	via condor_rm (by user mawenbo)
...
