000 (8580183.000.000) 11/23 17:24:10 Job submitted from host: <10.10.48.31:12542?addrs=10.10.48.31-12542>
...
001 (8580183.000.000) 11/23 17:24:16 Job executing on host: <10.10.48.141:50603?addrs=10.10.48.141-50603>
...
006 (8580183.000.000) 11/23 17:24:24 Image size of job updated: 57024
	3  -  MemoryUsage of job (MB)
	2572  -  ResidentSetSize of job (KB)
...
006 (8580183.000.000) 11/23 17:29:24 Image size of job updated: 241472
	88  -  MemoryUsage of job (MB)
	89712  -  ResidentSetSize of job (KB)
...
006 (8580183.000.000) 11/23 17:34:24 Image size of job updated: 333188
	181  -  MemoryUsage of job (MB)
	185148  -  ResidentSetSize of job (KB)
...
006 (8580183.000.000) 11/23 17:39:25 Image size of job updated: 333412
	182  -  MemoryUsage of job (MB)
	185372  -  ResidentSetSize of job (KB)
...
006 (8580183.000.000) 11/23 17:44:25 Image size of job updated: 380072
	227  -  MemoryUsage of job (MB)
	232084  -  ResidentSetSize of job (KB)
...
006 (8580183.000.000) 11/23 17:49:25 Image size of job updated: 382152
	229  -  MemoryUsage of job (MB)
	234164  -  ResidentSetSize of job (KB)
...
006 (8580183.000.000) 11/23 17:59:27 Image size of job updated: 382152
	229  -  MemoryUsage of job (MB)
	234260  -  ResidentSetSize of job (KB)
...
006 (8580183.000.000) 11/23 18:09:28 Image size of job updated: 382736
	230  -  MemoryUsage of job (MB)
	234748  -  ResidentSetSize of job (KB)
...
006 (8580183.000.000) 11/23 18:14:29 Image size of job updated: 382736
	230  -  MemoryUsage of job (MB)
	234756  -  ResidentSetSize of job (KB)
...
006 (8580183.000.000) 11/23 18:29:31 Image size of job updated: 382736
	230  -  MemoryUsage of job (MB)
	235232  -  ResidentSetSize of job (KB)
...
006 (8580183.000.000) 11/23 18:34:31 Image size of job updated: 382736
	232  -  MemoryUsage of job (MB)
	237276  -  ResidentSetSize of job (KB)
...
006 (8580183.000.000) 11/23 18:49:32 Image size of job updated: 383600
	233  -  MemoryUsage of job (MB)
	238152  -  ResidentSetSize of job (KB)
...
006 (8580183.000.000) 11/23 19:14:35 Image size of job updated: 384312
	234  -  MemoryUsage of job (MB)
	238792  -  ResidentSetSize of job (KB)
...
006 (8580183.000.000) 11/23 19:24:36 Image size of job updated: 384556
	234  -  MemoryUsage of job (MB)
	239036  -  ResidentSetSize of job (KB)
...
006 (8580183.000.000) 11/23 19:34:37 Image size of job updated: 385948
	235  -  MemoryUsage of job (MB)
	240428  -  ResidentSetSize of job (KB)
...
006 (8580183.000.000) 11/23 20:09:41 Image size of job updated: 387932
	237  -  MemoryUsage of job (MB)
	242412  -  ResidentSetSize of job (KB)
...
006 (8580183.000.000) 11/23 20:29:42 Image size of job updated: 387932
	237  -  MemoryUsage of job (MB)
	242540  -  ResidentSetSize of job (KB)
...
006 (8580183.000.000) 11/23 21:49:52 Image size of job updated: 405284
	237  -  MemoryUsage of job (MB)
	242540  -  ResidentSetSize of job (KB)
...
006 (8580183.000.000) 11/24 01:25:14 Image size of job updated: 405284
	239  -  MemoryUsage of job (MB)
	244448  -  ResidentSetSize of job (KB)
...
006 (8580183.000.000) 11/24 01:30:14 Image size of job updated: 423972
	239  -  MemoryUsage of job (MB)
	244448  -  ResidentSetSize of job (KB)
...
005 (8580183.000.000) 11/24 02:34:34 Job terminated.
	(1) Normal termination (return value 0)
		Usr 0 07:57:55, Sys 0 00:01:07  -  Run Remote Usage
		Usr 0 00:00:00, Sys 0 00:00:00  -  Run Local Usage
		Usr 0 07:57:55, Sys 0 00:01:07  -  Total Remote Usage
		Usr 0 00:00:00, Sys 0 00:00:00  -  Total Local Usage
	0  -  Run Bytes Sent By Job
	0  -  Run Bytes Received By Job
	0  -  Total Bytes Sent By Job
	0  -  Total Bytes Received By Job
	Partitionable Resources :    Usage  Request Allocated
	   Cpus                 :                 1         1
	   Disk (KB)            :        1        1  13376760
	   Memory (MB)          :      239        1      6441
...
000 (8581653.000.000) 11/24 20:19:54 Job submitted from host: <10.10.48.31:12542?addrs=10.10.48.31-12542>
...
001 (8581653.000.000) 11/24 20:20:15 Job executing on host: <10.10.48.141:50603?addrs=10.10.48.141-50603>
...
006 (8581653.000.000) 11/24 20:20:23 Image size of job updated: 180200
	31  -  MemoryUsage of job (MB)
	31336  -  ResidentSetSize of job (KB)
...
006 (8581653.000.000) 11/24 20:22:09 Image size of job updated: 303172
	31  -  MemoryUsage of job (MB)
	31336  -  ResidentSetSize of job (KB)
...
004 (8581653.000.000) 11/24 20:22:09 Job was evicted.
	(0) Job was not checkpointed.
		Usr 0 00:00:49, Sys 0 00:00:02  -  Run Remote Usage
		Usr 0 00:00:00, Sys 0 00:00:00  -  Run Local Usage
	0  -  Run Bytes Sent By Job
	0  -  Run Bytes Received By Job
	Partitionable Resources :    Usage  Request Allocated
	   Cpus                 :                 1         1
	   Disk (KB)            :        1        1  13376551
	   Memory (MB)          :       31        1      6441
...
009 (8581653.000.000) 11/24 20:22:09 Job was aborted by the user.
	via condor_rm (by user mawenbo)
...
