000 (8580181.000.000) 11/23 17:24:10 Job submitted from host: <10.10.48.31:12542?addrs=10.10.48.31-12542>
...
001 (8580181.000.000) 11/23 17:24:15 Job executing on host: <10.10.48.141:50603?addrs=10.10.48.141-50603>
...
006 (8580181.000.000) 11/23 17:24:24 Image size of job updated: 237348
	85  -  MemoryUsage of job (MB)
	86944  -  ResidentSetSize of job (KB)
...
006 (8580181.000.000) 11/23 17:29:25 Image size of job updated: 313628
	136  -  MemoryUsage of job (MB)
	139212  -  ResidentSetSize of job (KB)
...
006 (8580181.000.000) 11/23 17:39:25 Image size of job updated: 313692
	136  -  MemoryUsage of job (MB)
	139212  -  ResidentSetSize of job (KB)
...
006 (8580181.000.000) 11/23 17:44:26 Image size of job updated: 382856
	234  -  MemoryUsage of job (MB)
	239156  -  ResidentSetSize of job (KB)
...
005 (8580181.000.000) 11/23 17:52:55 Job terminated.
	(1) Normal termination (return value 0)
		Usr 0 00:26:42, Sys 0 00:00:04  -  Run Remote Usage
		Usr 0 00:00:00, Sys 0 00:00:00  -  Run Local Usage
		Usr 0 00:26:42, Sys 0 00:00:04  -  Total Remote Usage
		Usr 0 00:00:00, Sys 0 00:00:00  -  Total Local Usage
	0  -  Run Bytes Sent By Job
	0  -  Run Bytes Received By Job
	0  -  Total Bytes Sent By Job
	0  -  Total Bytes Received By Job
	Partitionable Resources :    Usage  Request Allocated
	   Cpus                 :                 1         1
	   Disk (KB)            :        1        1  13376760
	   Memory (MB)          :      234        1      6441
...
000 (8581651.000.000) 11/24 20:19:53 Job submitted from host: <10.10.48.31:12542?addrs=10.10.48.31-12542>
...
001 (8581651.000.000) 11/24 20:20:14 Job executing on host: <10.10.48.141:50603?addrs=10.10.48.141-50603>
...
006 (8581651.000.000) 11/24 20:20:23 Image size of job updated: 180176
	31  -  MemoryUsage of job (MB)
	30884  -  ResidentSetSize of job (KB)
...
006 (8581651.000.000) 11/24 20:22:09 Image size of job updated: 300504
	31  -  MemoryUsage of job (MB)
	30884  -  ResidentSetSize of job (KB)
...
004 (8581651.000.000) 11/24 20:22:09 Job was evicted.
	(0) Job was not checkpointed.
		Usr 0 00:01:04, Sys 0 00:00:00  -  Run Remote Usage
		Usr 0 00:00:00, Sys 0 00:00:00  -  Run Local Usage
	0  -  Run Bytes Sent By Job
	0  -  Run Bytes Received By Job
	Partitionable Resources :    Usage  Request Allocated
	   Cpus                 :                 1         1
	   Disk (KB)            :        1        1  13376551
	   Memory (MB)          :       31        1      6441
...
009 (8581651.000.000) 11/24 20:22:09 Job was aborted by the user.
	via condor_rm (by user mawenbo)
...
