000 (8580194.000.000) 11/23 17:24:11 Job submitted from host: <10.10.48.31:12542?addrs=10.10.48.31-12542>
...
001 (8580194.000.000) 11/23 17:24:15 Job executing on host: <10.10.48.35:61041?addrs=10.10.48.35-61041>
...
006 (8580194.000.000) 11/23 17:24:24 Image size of job updated: 180844
	30  -  MemoryUsage of job (MB)
	30256  -  ResidentSetSize of job (KB)
...
006 (8580194.000.000) 11/23 17:29:25 Image size of job updated: 303676
	92  -  MemoryUsage of job (MB)
	93368  -  ResidentSetSize of job (KB)
...
006 (8580194.000.000) 11/23 17:34:26 Image size of job updated: 312212
	129  -  MemoryUsage of job (MB)
	131660  -  ResidentSetSize of job (KB)
...
006 (8580194.000.000) 11/23 17:39:26 Image size of job updated: 316244
	129  -  MemoryUsage of job (MB)
	131660  -  ResidentSetSize of job (KB)
...
006 (8580194.000.000) 11/23 17:44:26 Image size of job updated: 316244
	144  -  MemoryUsage of job (MB)
	146584  -  ResidentSetSize of job (KB)
...
006 (8580194.000.000) 11/23 17:49:27 Image size of job updated: 384272
	234  -  MemoryUsage of job (MB)
	238844  -  ResidentSetSize of job (KB)
...
006 (8580194.000.000) 11/23 17:59:27 Image size of job updated: 410716
	234  -  MemoryUsage of job (MB)
	238844  -  ResidentSetSize of job (KB)
...
006 (8580194.000.000) 11/23 18:09:29 Image size of job updated: 410716
	235  -  MemoryUsage of job (MB)
	240224  -  ResidentSetSize of job (KB)
...
006 (8580194.000.000) 11/23 18:14:29 Image size of job updated: 410716
	236  -  MemoryUsage of job (MB)
	240916  -  ResidentSetSize of job (KB)
...
006 (8580194.000.000) 11/23 19:24:36 Image size of job updated: 410716
	237  -  MemoryUsage of job (MB)
	242412  -  ResidentSetSize of job (KB)
...
006 (8580194.000.000) 11/23 19:39:37 Image size of job updated: 410716
	237  -  MemoryUsage of job (MB)
	242680  -  ResidentSetSize of job (KB)
...
006 (8580194.000.000) 11/23 19:44:38 Image size of job updated: 419100
	237  -  MemoryUsage of job (MB)
	242688  -  ResidentSetSize of job (KB)
...
006 (8580194.000.000) 11/23 20:49:45 Image size of job updated: 419100
	264  -  MemoryUsage of job (MB)
	269768  -  ResidentSetSize of job (KB)
...
006 (8580194.000.000) 11/23 20:54:46 Image size of job updated: 419100
	264  -  MemoryUsage of job (MB)
	269772  -  ResidentSetSize of job (KB)
...
006 (8580194.000.000) 11/23 22:04:54 Image size of job updated: 419100
	265  -  MemoryUsage of job (MB)
	270508  -  ResidentSetSize of job (KB)
...
006 (8580194.000.000) 11/23 22:50:00 Image size of job updated: 419100
	265  -  MemoryUsage of job (MB)
	270524  -  ResidentSetSize of job (KB)
...
006 (8580194.000.000) 11/23 23:25:04 Image size of job updated: 419100
	265  -  MemoryUsage of job (MB)
	270876  -  ResidentSetSize of job (KB)
...
005 (8580194.000.000) 11/24 00:01:36 Job terminated.
	(1) Normal termination (return value 0)
		Usr 0 06:10:32, Sys 0 00:00:56  -  Run Remote Usage
		Usr 0 00:00:00, Sys 0 00:00:00  -  Run Local Usage
		Usr 0 06:10:32, Sys 0 00:00:56  -  Total Remote Usage
		Usr 0 00:00:00, Sys 0 00:00:00  -  Total Local Usage
	0  -  Run Bytes Sent By Job
	0  -  Run Bytes Received By Job
	0  -  Total Bytes Sent By Job
	0  -  Total Bytes Received By Job
	Partitionable Resources :    Usage  Request Allocated
	   Cpus                 :                 1         1
	   Disk (KB)            :        1        1  16723049
	   Memory (MB)          :      265        1      4023
...
000 (8581664.000.000) 11/24 20:19:55 Job submitted from host: <10.10.48.31:12542?addrs=10.10.48.31-12542>
...
001 (8581664.000.000) 11/24 20:20:14 Job executing on host: <10.10.48.35:61041?addrs=10.10.48.35-61041>
...
006 (8581664.000.000) 11/24 20:20:23 Image size of job updated: 180180
	28  -  MemoryUsage of job (MB)
	28468  -  ResidentSetSize of job (KB)
...
006 (8581664.000.000) 11/24 20:22:08 Image size of job updated: 307132
	28  -  MemoryUsage of job (MB)
	28468  -  ResidentSetSize of job (KB)
...
004 (8581664.000.000) 11/24 20:22:08 Job was evicted.
	(0) Job was not checkpointed.
		Usr 0 00:00:59, Sys 0 00:00:01  -  Run Remote Usage
		Usr 0 00:00:00, Sys 0 00:00:00  -  Run Local Usage
	0  -  Run Bytes Sent By Job
	0  -  Run Bytes Received By Job
	Partitionable Resources :    Usage  Request Allocated
	   Cpus                 :                 1         1
	   Disk (KB)            :        1        1  16722878
	   Memory (MB)          :       28        1      4023
...
009 (8581664.000.000) 11/24 20:22:09 Job was aborted by the user.
	via condor_rm (by user mawenbo)
...
