000 (8580187.000.000) 11/23 17:24:10 Job submitted from host: <10.10.48.31:12542?addrs=10.10.48.31-12542>
...
001 (8580187.000.000) 11/23 17:24:14 Job executing on host: <10.10.48.35:61041?addrs=10.10.48.35-61041>
...
006 (8580187.000.000) 11/23 17:24:22 Image size of job updated: 180364
	31  -  MemoryUsage of job (MB)
	30888  -  ResidentSetSize of job (KB)
...
006 (8580187.000.000) 11/23 17:29:22 Image size of job updated: 351052
	176  -  MemoryUsage of job (MB)
	179916  -  ResidentSetSize of job (KB)
...
006 (8580187.000.000) 11/23 17:34:23 Image size of job updated: 351052
	179  -  MemoryUsage of job (MB)
	182876  -  ResidentSetSize of job (KB)
...
006 (8580187.000.000) 11/23 17:44:23 Image size of job updated: 358912
	210  -  MemoryUsage of job (MB)
	214664  -  ResidentSetSize of job (KB)
...
006 (8580187.000.000) 11/23 17:49:24 Image size of job updated: 409756
	234  -  MemoryUsage of job (MB)
	239544  -  ResidentSetSize of job (KB)
...
006 (8580187.000.000) 11/23 18:04:26 Image size of job updated: 416908
	234  -  MemoryUsage of job (MB)
	239544  -  ResidentSetSize of job (KB)
...
006 (8580187.000.000) 11/23 18:29:28 Image size of job updated: 416908
	258  -  MemoryUsage of job (MB)
	264136  -  ResidentSetSize of job (KB)
...
006 (8580187.000.000) 11/23 18:59:32 Image size of job updated: 416908
	259  -  MemoryUsage of job (MB)
	264212  -  ResidentSetSize of job (KB)
...
005 (8580187.000.000) 11/23 19:10:34 Job terminated.
	(1) Normal termination (return value 0)
		Usr 0 01:38:31, Sys 0 00:00:32  -  Run Remote Usage
		Usr 0 00:00:00, Sys 0 00:00:00  -  Run Local Usage
		Usr 0 01:38:31, Sys 0 00:00:32  -  Total Remote Usage
		Usr 0 00:00:00, Sys 0 00:00:00  -  Total Local Usage
	0  -  Run Bytes Sent By Job
	0  -  Run Bytes Received By Job
	0  -  Total Bytes Sent By Job
	0  -  Total Bytes Received By Job
	Partitionable Resources :    Usage  Request Allocated
	   Cpus                 :                 1         1
	   Disk (KB)            :        1        1  16723049
	   Memory (MB)          :      259        1      4023
...
000 (8581657.000.000) 11/24 20:19:54 Job submitted from host: <10.10.48.31:12542?addrs=10.10.48.31-12542>
...
001 (8581657.000.000) 11/24 20:20:12 Job executing on host: <10.10.48.35:61041?addrs=10.10.48.35-61041>
...
006 (8581657.000.000) 11/24 20:20:21 Image size of job updated: 180404
	28  -  MemoryUsage of job (MB)
	28548  -  ResidentSetSize of job (KB)
...
006 (8581657.000.000) 11/24 20:22:08 Image size of job updated: 312892
	28  -  MemoryUsage of job (MB)
	28548  -  ResidentSetSize of job (KB)
...
004 (8581657.000.000) 11/24 20:22:08 Job was evicted.
	(0) Job was not checkpointed.
		Usr 0 00:01:27, Sys 0 00:00:02  -  Run Remote Usage
		Usr 0 00:00:00, Sys 0 00:00:00  -  Run Local Usage
	0  -  Run Bytes Sent By Job
	0  -  Run Bytes Received By Job
	Partitionable Resources :    Usage  Request Allocated
	   Cpus                 :                 1         1
	   Disk (KB)            :        1        1  16722878
	   Memory (MB)          :       28        1      4023
...
009 (8581657.000.000) 11/24 20:22:09 Job was aborted by the user.
	via condor_rm (by user mawenbo)
...
