000 (8580200.000.000) 11/23 17:24:13 Job submitted from host: <10.10.48.31:12542?addrs=10.10.48.31-12542>
...
001 (8580200.000.000) 11/23 17:24:33 Job executing on host: <10.10.48.35:61041?addrs=10.10.48.35-61041>
...
006 (8580200.000.000) 11/23 17:24:42 Image size of job updated: 216740
	51  -  MemoryUsage of job (MB)
	51256  -  ResidentSetSize of job (KB)
...
006 (8580200.000.000) 11/23 17:29:43 Image size of job updated: 322404
	172  -  MemoryUsage of job (MB)
	175880  -  ResidentSetSize of job (KB)
...
006 (8580200.000.000) 11/23 17:34:44 Image size of job updated: 349144
	172  -  MemoryUsage of job (MB)
	175968  -  ResidentSetSize of job (KB)
...
005 (8580200.000.000) 11/23 17:36:05 Job terminated.
	(1) Normal termination (return value 0)
		Usr 0 00:10:40, Sys 0 00:00:01  -  Run Remote Usage
		Usr 0 00:00:00, Sys 0 00:00:00  -  Run Local Usage
		Usr 0 00:10:40, Sys 0 00:00:01  -  Total Remote Usage
		Usr 0 00:00:00, Sys 0 00:00:00  -  Total Local Usage
	0  -  Run Bytes Sent By Job
	0  -  Run Bytes Received By Job
	0  -  Total Bytes Sent By Job
	0  -  Total Bytes Received By Job
	Partitionable Resources :    Usage  Request Allocated
	   Cpus                 :                 1         1
	   Disk (KB)            :        1        1  16723049
	   Memory (MB)          :      172        1      4023
...
000 (8581670.000.000) 11/24 20:19:56 Job submitted from host: <10.10.48.31:12542?addrs=10.10.48.31-12542>
...
001 (8581670.000.000) 11/24 20:20:15 Job executing on host: <10.10.48.35:61041?addrs=10.10.48.35-61041>
...
006 (8581670.000.000) 11/24 20:20:24 Image size of job updated: 180872
	29  -  MemoryUsage of job (MB)
	29040  -  ResidentSetSize of job (KB)
...
006 (8581670.000.000) 11/24 20:22:08 Image size of job updated: 239784
	29  -  MemoryUsage of job (MB)
	29040  -  ResidentSetSize of job (KB)
...
004 (8581670.000.000) 11/24 20:22:08 Job was evicted.
	(0) Job was not checkpointed.
		Usr 0 00:00:12, Sys 0 00:00:01  -  Run Remote Usage
		Usr 0 00:00:00, Sys 0 00:00:00  -  Run Local Usage
	0  -  Run Bytes Sent By Job
	0  -  Run Bytes Received By Job
	Partitionable Resources :    Usage  Request Allocated
	   Cpus                 :                 1         1
	   Disk (KB)            :        1        1  16722878
	   Memory (MB)          :       29        1      4023
...
009 (8581670.000.000) 11/24 20:22:09 Job was aborted by the user.
	via condor_rm (by user mawenbo)
...
