000 (8580198.000.000) 11/23 17:24:11 Job submitted from host: <10.10.48.31:12542?addrs=10.10.48.31-12542>
...
001 (8580198.000.000) 11/23 17:24:16 Job executing on host: <10.10.48.35:61041?addrs=10.10.48.35-61041>
...
006 (8580198.000.000) 11/23 17:24:24 Image size of job updated: 180976
	30  -  MemoryUsage of job (MB)
	30312  -  ResidentSetSize of job (KB)
...
006 (8580198.000.000) 11/23 17:29:24 Image size of job updated: 301976
	149  -  MemoryUsage of job (MB)
	151904  -  ResidentSetSize of job (KB)
...
006 (8580198.000.000) 11/23 17:34:25 Image size of job updated: 326996
	173  -  MemoryUsage of job (MB)
	177028  -  ResidentSetSize of job (KB)
...
006 (8580198.000.000) 11/23 17:39:25 Image size of job updated: 352048
	198  -  MemoryUsage of job (MB)
	202080  -  ResidentSetSize of job (KB)
...
006 (8580198.000.000) 11/23 17:44:25 Image size of job updated: 352388
	198  -  MemoryUsage of job (MB)
	202080  -  ResidentSetSize of job (KB)
...
006 (8580198.000.000) 11/23 17:49:26 Image size of job updated: 384908
	230  -  MemoryUsage of job (MB)
	234992  -  ResidentSetSize of job (KB)
...
006 (8580198.000.000) 11/23 17:54:26 Image size of job updated: 408880
	253  -  MemoryUsage of job (MB)
	259020  -  ResidentSetSize of job (KB)
...
006 (8580198.000.000) 11/23 17:59:26 Image size of job updated: 409496
	253  -  MemoryUsage of job (MB)
	259020  -  ResidentSetSize of job (KB)
...
006 (8580198.000.000) 11/23 20:44:43 Image size of job updated: 413632
	262  -  MemoryUsage of job (MB)
	268028  -  ResidentSetSize of job (KB)
...
006 (8580198.000.000) 11/23 20:49:44 Image size of job updated: 414564
	263  -  MemoryUsage of job (MB)
	268960  -  ResidentSetSize of job (KB)
...
006 (8580198.000.000) 11/23 21:19:46 Image size of job updated: 414564
	263  -  MemoryUsage of job (MB)
	268976  -  ResidentSetSize of job (KB)
...
006 (8580198.000.000) 11/23 21:39:49 Image size of job updated: 416668
	265  -  MemoryUsage of job (MB)
	271080  -  ResidentSetSize of job (KB)
...
006 (8580198.000.000) 11/23 21:44:50 Image size of job updated: 418832
	267  -  MemoryUsage of job (MB)
	273244  -  ResidentSetSize of job (KB)
...
006 (8580198.000.000) 11/23 23:04:57 Image size of job updated: 419932
	268  -  MemoryUsage of job (MB)
	274344  -  ResidentSetSize of job (KB)
...
006 (8580198.000.000) 11/23 23:40:01 Image size of job updated: 419932
	269  -  MemoryUsage of job (MB)
	274464  -  ResidentSetSize of job (KB)
...
005 (8580198.000.000) 11/24 01:17:42 Job terminated.
	(1) Normal termination (return value 0)
		Usr 0 07:23:07, Sys 0 00:01:04  -  Run Remote Usage
		Usr 0 00:00:00, Sys 0 00:00:00  -  Run Local Usage
		Usr 0 07:23:07, Sys 0 00:01:04  -  Total Remote Usage
		Usr 0 00:00:00, Sys 0 00:00:00  -  Total Local Usage
	0  -  Run Bytes Sent By Job
	0  -  Run Bytes Received By Job
	0  -  Total Bytes Sent By Job
	0  -  Total Bytes Received By Job
	Partitionable Resources :    Usage  Request Allocated
	   Cpus                 :                 1         1
	   Disk (KB)            :        1        1  16723049
	   Memory (MB)          :      269        1      4023
...
000 (8581668.000.000) 11/24 20:19:56 Job submitted from host: <10.10.48.31:12542?addrs=10.10.48.31-12542>
...
001 (8581668.000.000) 11/24 20:20:15 Job executing on host: <10.10.48.35:61041?addrs=10.10.48.35-61041>
...
006 (8581668.000.000) 11/24 20:20:24 Image size of job updated: 180292
	29  -  MemoryUsage of job (MB)
	29688  -  ResidentSetSize of job (KB)
...
006 (8581668.000.000) 11/24 20:22:08 Image size of job updated: 282768
	29  -  MemoryUsage of job (MB)
	29688  -  ResidentSetSize of job (KB)
...
004 (8581668.000.000) 11/24 20:22:08 Job was evicted.
	(0) Job was not checkpointed.
		Usr 0 00:00:19, Sys 0 00:00:00  -  Run Remote Usage
		Usr 0 00:00:00, Sys 0 00:00:00  -  Run Local Usage
	0  -  Run Bytes Sent By Job
	0  -  Run Bytes Received By Job
	Partitionable Resources :    Usage  Request Allocated
	   Cpus                 :                 1         1
	   Disk (KB)            :        1        1  16722878
	   Memory (MB)          :       29        1      4023
...
009 (8581668.000.000) 11/24 20:22:09 Job was aborted by the user.
	via condor_rm (by user mawenbo)
...
