000 (8581675.000.000) 11/24 20:19:57 Job submitted from host: <10.10.48.31:12542?addrs=10.10.48.31-12542>
...
001 (8581675.000.000) 11/24 20:20:14 Job executing on host: <10.10.48.139:49429?addrs=10.10.48.139-49429>
...
006 (8581675.000.000) 11/24 20:20:23 Image size of job updated: 57156
	3  -  MemoryUsage of job (MB)
	2596  -  ResidentSetSize of job (KB)
...
006 (8581675.000.000) 11/24 20:22:08 Image size of job updated: 240864
	3  -  MemoryUsage of job (MB)
	2596  -  ResidentSetSize of job (KB)
...
004 (8581675.000.000) 11/24 20:22:08 Job was evicted.
	(0) Job was not checkpointed.
		Usr 0 00:00:22, Sys 0 00:00:00  -  Run Remote Usage
		Usr 0 00:00:00, Sys 0 00:00:00  -  Run Local Usage
	0  -  Run Bytes Sent By Job
	0  -  Run Bytes Received By Job
	Partitionable Resources :    Usage  Request Allocated
	   Cpus                 :                 1         1
	   Disk (KB)            :        1        1  13382678
	   Memory (MB)          :        3        1      6441
...
009 (8581675.000.000) 11/24 20:22:08 Job was aborted by the user.
	via condor_rm (by user mawenbo)
...
