000 (8580100.000.000) 11/23 16:53:57 Job submitted from host: <10.10.48.31:12542?addrs=10.10.48.31-12542>
...
001 (8580100.000.000) 11/23 16:53:58 Job executing on host: <10.10.48.41:20766?addrs=10.10.48.41-20766>
...
006 (8580100.000.000) 11/23 16:54:08 Image size of job updated: 1
	2  -  MemoryUsage of job (MB)
	1812  -  ResidentSetSize of job (KB)
...
006 (8580100.000.000) 11/23 16:59:08 Image size of job updated: 323748
	174  -  MemoryUsage of job (MB)
	177476  -  ResidentSetSize of job (KB)
...
006 (8580100.000.000) 11/23 17:04:08 Image size of job updated: 324360
	174  -  MemoryUsage of job (MB)
	178136  -  ResidentSetSize of job (KB)
...
006 (8580100.000.000) 11/23 17:09:09 Image size of job updated: 324924
	175  -  MemoryUsage of job (MB)
	179112  -  ResidentSetSize of job (KB)
...
006 (8580100.000.000) 11/23 17:14:10 Image size of job updated: 384892
	236  -  MemoryUsage of job (MB)
	241180  -  ResidentSetSize of job (KB)
...
000 (8580156.000.000) 11/23 17:24:07 Job submitted from host: <10.10.48.31:12542?addrs=10.10.48.31-12542>
...
001 (8580156.000.000) 11/23 17:24:13 Job executing on host: <10.10.48.41:20766?addrs=10.10.48.41-20766>
...
006 (8580156.000.000) 11/23 17:24:21 Image size of job updated: 177508
	26  -  MemoryUsage of job (MB)
	26020  -  ResidentSetSize of job (KB)
...
006 (8580156.000.000) 11/23 17:28:56 Image size of job updated: 351128
	26  -  MemoryUsage of job (MB)
	26020  -  ResidentSetSize of job (KB)
...
005 (8580156.000.000) 11/23 17:28:56 Job terminated.
	(1) Normal termination (return value 0)
		Usr 0 00:04:03, Sys 0 00:00:00  -  Run Remote Usage
		Usr 0 00:00:00, Sys 0 00:00:00  -  Run Local Usage
		Usr 0 00:04:03, Sys 0 00:00:00  -  Total Remote Usage
		Usr 0 00:00:00, Sys 0 00:00:00  -  Total Local Usage
	0  -  Run Bytes Sent By Job
	0  -  Run Bytes Received By Job
	0  -  Total Bytes Sent By Job
	0  -  Total Bytes Received By Job
	Partitionable Resources :    Usage  Request Allocated
	   Cpus                 :                 1         1
	   Disk (KB)            :        1        1  16725786
	   Memory (MB)          :       26        1      4023
...
006 (8580100.000.000) 11/23 17:29:12 Image size of job updated: 413944
	236  -  MemoryUsage of job (MB)
	241184  -  ResidentSetSize of job (KB)
...
006 (8580100.000.000) 11/23 17:39:12 Image size of job updated: 413944
	236  -  MemoryUsage of job (MB)
	241588  -  ResidentSetSize of job (KB)
...
006 (8580100.000.000) 11/23 17:49:13 Image size of job updated: 413944
	236  -  MemoryUsage of job (MB)
	241592  -  ResidentSetSize of job (KB)
...
006 (8580100.000.000) 11/23 18:04:15 Image size of job updated: 413944
	237  -  MemoryUsage of job (MB)
	242040  -  ResidentSetSize of job (KB)
...
006 (8580100.000.000) 11/23 18:34:18 Image size of job updated: 413944
	239  -  MemoryUsage of job (MB)
	244288  -  ResidentSetSize of job (KB)
...
006 (8580100.000.000) 11/23 18:44:18 Image size of job updated: 413944
	240  -  MemoryUsage of job (MB)
	244844  -  ResidentSetSize of job (KB)
...
005 (8580100.000.000) 11/23 18:53:56 Job terminated.
	(1) Normal termination (return value 0)
		Usr 0 01:53:04, Sys 0 00:00:13  -  Run Remote Usage
		Usr 0 00:00:00, Sys 0 00:00:00  -  Run Local Usage
		Usr 0 01:53:04, Sys 0 00:00:13  -  Total Remote Usage
		Usr 0 00:00:00, Sys 0 00:00:00  -  Total Local Usage
	0  -  Run Bytes Sent By Job
	0  -  Run Bytes Received By Job
	0  -  Total Bytes Sent By Job
	0  -  Total Bytes Received By Job
	Partitionable Resources :    Usage  Request Allocated
	   Cpus                 :                 1         1
	   Disk (KB)            :        1        1  16725845
	   Memory (MB)          :      240        1      4023
...
000 (8580310.000.000) 11/24 10:41:17 Job submitted from host: <10.10.48.31:12542?addrs=10.10.48.31-12542>
...
001 (8580310.000.000) 11/24 10:41:36 Job executing on host: <10.10.48.41:20766?addrs=10.10.48.41-20766>
...
006 (8580310.000.000) 11/24 10:41:45 Image size of job updated: 180124
	29  -  MemoryUsage of job (MB)
	29576  -  ResidentSetSize of job (KB)
...
006 (8580310.000.000) 11/24 10:46:46 Image size of job updated: 323404
	170  -  MemoryUsage of job (MB)
	173188  -  ResidentSetSize of job (KB)
...
006 (8580310.000.000) 11/24 10:51:46 Image size of job updated: 348268
	198  -  MemoryUsage of job (MB)
	202752  -  ResidentSetSize of job (KB)
...
006 (8580310.000.000) 11/24 10:56:46 Image size of job updated: 348312
	198  -  MemoryUsage of job (MB)
	202752  -  ResidentSetSize of job (KB)
...
006 (8580310.000.000) 11/24 11:01:47 Image size of job updated: 353068
	198  -  MemoryUsage of job (MB)
	202752  -  ResidentSetSize of job (KB)
...
005 (8580310.000.000) 11/24 11:07:51 Job terminated.
	(1) Normal termination (return value 0)
		Usr 0 00:25:49, Sys 0 00:00:01  -  Run Remote Usage
		Usr 0 00:00:00, Sys 0 00:00:00  -  Run Local Usage
		Usr 0 00:25:49, Sys 0 00:00:01  -  Total Remote Usage
		Usr 0 00:00:00, Sys 0 00:00:00  -  Total Local Usage
	0  -  Run Bytes Sent By Job
	0  -  Run Bytes Received By Job
	0  -  Total Bytes Sent By Job
	0  -  Total Bytes Received By Job
	Partitionable Resources :    Usage  Request Allocated
	   Cpus                 :                 1         1
	   Disk (KB)            :        1        1  16725699
	   Memory (MB)          :      198        1      4023
...
000 (8581626.000.000) 11/24 20:19:50 Job submitted from host: <10.10.48.31:12542?addrs=10.10.48.31-12542>
...
001 (8581626.000.000) 11/24 20:20:13 Job executing on host: <10.10.48.41:20766?addrs=10.10.48.41-20766>
...
006 (8581626.000.000) 11/24 20:20:21 Image size of job updated: 201056
	46  -  MemoryUsage of job (MB)
	46640  -  ResidentSetSize of job (KB)
...
006 (8581626.000.000) 11/24 20:22:08 Image size of job updated: 306804
	46  -  MemoryUsage of job (MB)
	46640  -  ResidentSetSize of job (KB)
...
004 (8581626.000.000) 11/24 20:22:08 Job was evicted.
	(0) Job was not checkpointed.
		Usr 0 00:01:28, Sys 0 00:00:02  -  Run Remote Usage
		Usr 0 00:00:00, Sys 0 00:00:00  -  Run Local Usage
	0  -  Run Bytes Sent By Job
	0  -  Run Bytes Received By Job
	Partitionable Resources :    Usage  Request Allocated
	   Cpus                 :                 1         1
	   Disk (KB)            :        1        1  16725498
	   Memory (MB)          :       46        1      4023
...
009 (8581626.000.000) 11/24 20:22:09 Job was aborted by the user.
	via condor_rm (by user mawenbo)
...
