000 (8580158.000.000) 11/23 17:24:08 Job submitted from host: <10.10.48.31:12542?addrs=10.10.48.31-12542>
...
001 (8580158.000.000) 11/23 17:24:13 Job executing on host: <10.10.48.41:20766?addrs=10.10.48.41-20766>
...
006 (8580158.000.000) 11/23 17:24:22 Image size of job updated: 177508
	26  -  MemoryUsage of job (MB)
	26020  -  ResidentSetSize of job (KB)
...
006 (8580158.000.000) 11/23 17:28:41 Image size of job updated: 299960
	26  -  MemoryUsage of job (MB)
	26020  -  ResidentSetSize of job (KB)
...
005 (8580158.000.000) 11/23 17:28:41 Job terminated.
	(1) Normal termination (return value 0)
		Usr 0 00:03:53, Sys 0 00:00:00  -  Run Remote Usage
		Usr 0 00:00:00, Sys 0 00:00:00  -  Run Local Usage
		Usr 0 00:03:53, Sys 0 00:00:00  -  Total Remote Usage
		Usr 0 00:00:00, Sys 0 00:00:00  -  Total Local Usage
	0  -  Run Bytes Sent By Job
	0  -  Run Bytes Received By Job
	0  -  Total Bytes Sent By Job
	0  -  Total Bytes Received By Job
	Partitionable Resources :    Usage  Request Allocated
	   Cpus                 :                 1         1
	   Disk (KB)            :        1        1  16725772
	   Memory (MB)          :       26        1      4023
...
000 (8580312.000.000) 11/24 10:41:17 Job submitted from host: <10.10.48.31:12542?addrs=10.10.48.31-12542>
...
001 (8580312.000.000) 11/24 10:41:37 Job executing on host: <10.10.48.41:20766?addrs=10.10.48.41-20766>
...
006 (8580312.000.000) 11/24 10:41:45 Image size of job updated: 180172
	31  -  MemoryUsage of job (MB)
	30804  -  ResidentSetSize of job (KB)
...
006 (8580312.000.000) 11/24 10:44:58 Image size of job updated: 328960
	31  -  MemoryUsage of job (MB)
	30804  -  ResidentSetSize of job (KB)
...
005 (8580312.000.000) 11/24 10:44:58 Job terminated.
	(1) Normal termination (return value 0)
		Usr 0 00:03:12, Sys 0 00:00:00  -  Run Remote Usage
		Usr 0 00:00:00, Sys 0 00:00:00  -  Run Local Usage
		Usr 0 00:03:12, Sys 0 00:00:00  -  Total Remote Usage
		Usr 0 00:00:00, Sys 0 00:00:00  -  Total Local Usage
	0  -  Run Bytes Sent By Job
	0  -  Run Bytes Received By Job
	0  -  Total Bytes Sent By Job
	0  -  Total Bytes Received By Job
	Partitionable Resources :    Usage  Request Allocated
	   Cpus                 :                 1         1
	   Disk (KB)            :        1        1  16725699
	   Memory (MB)          :       31        1      4023
...
000 (8581628.000.000) 11/24 20:19:51 Job submitted from host: <10.10.48.31:12542?addrs=10.10.48.31-12542>
...
001 (8581628.000.000) 11/24 20:20:13 Job executing on host: <10.10.48.41:20766?addrs=10.10.48.41-20766>
...
006 (8581628.000.000) 11/24 20:20:22 Image size of job updated: 202232
	37  -  MemoryUsage of job (MB)
	37772  -  ResidentSetSize of job (KB)
...
006 (8581628.000.000) 11/24 20:22:08 Image size of job updated: 309696
	37  -  MemoryUsage of job (MB)
	37772  -  ResidentSetSize of job (KB)
...
004 (8581628.000.000) 11/24 20:22:08 Job was evicted.
	(0) Job was not checkpointed.
		Usr 0 00:01:23, Sys 0 00:00:02  -  Run Remote Usage
		Usr 0 00:00:00, Sys 0 00:00:00  -  Run Local Usage
	0  -  Run Bytes Sent By Job
	0  -  Run Bytes Received By Job
	Partitionable Resources :    Usage  Request Allocated
	   Cpus                 :                 1         1
	   Disk (KB)            :        1        1  16725498
	   Memory (MB)          :       37        1      4023
...
009 (8581628.000.000) 11/24 20:22:09 Job was aborted by the user.
	via condor_rm (by user mawenbo)
...
