000 (8580169.000.000) 11/23 17:24:09 Job submitted from host: <10.10.48.31:12542?addrs=10.10.48.31-12542>
...
001 (8580169.000.000) 11/23 17:24:14 Job executing on host: <10.10.48.141:50603?addrs=10.10.48.141-50603>
...
006 (8580169.000.000) 11/23 17:24:22 Image size of job updated: 180444
	31  -  MemoryUsage of job (MB)
	31000  -  ResidentSetSize of job (KB)
...
006 (8580169.000.000) 11/23 17:29:22 Image size of job updated: 325648
	173  -  MemoryUsage of job (MB)
	177132  -  ResidentSetSize of job (KB)
...
006 (8580169.000.000) 11/23 17:34:23 Image size of job updated: 325832
	174  -  MemoryUsage of job (MB)
	177320  -  ResidentSetSize of job (KB)
...
006 (8580169.000.000) 11/23 17:39:24 Image size of job updated: 326936
	179  -  MemoryUsage of job (MB)
	182756  -  ResidentSetSize of job (KB)
...
006 (8580169.000.000) 11/23 17:44:24 Image size of job updated: 404520
	254  -  MemoryUsage of job (MB)
	259596  -  ResidentSetSize of job (KB)
...
005 (8580169.000.000) 11/23 18:12:13 Job terminated.
	(1) Normal termination (return value 0)
		Usr 0 00:41:43, Sys 0 00:00:06  -  Run Remote Usage
		Usr 0 00:00:00, Sys 0 00:00:00  -  Run Local Usage
		Usr 0 00:41:43, Sys 0 00:00:06  -  Total Remote Usage
		Usr 0 00:00:00, Sys 0 00:00:00  -  Total Local Usage
	0  -  Run Bytes Sent By Job
	0  -  Run Bytes Received By Job
	0  -  Total Bytes Sent By Job
	0  -  Total Bytes Received By Job
	Partitionable Resources :    Usage  Request Allocated
	   Cpus                 :                 1         1
	   Disk (KB)            :        1        1  13376760
	   Memory (MB)          :      254        1      6441
...
000 (8581639.000.000) 11/24 20:19:52 Job submitted from host: <10.10.48.31:12542?addrs=10.10.48.31-12542>
...
001 (8581639.000.000) 11/24 20:20:12 Job executing on host: <10.10.48.141:50603?addrs=10.10.48.141-50603>
...
006 (8581639.000.000) 11/24 20:20:21 Image size of job updated: 180568
	31  -  MemoryUsage of job (MB)
	30924  -  ResidentSetSize of job (KB)
...
006 (8581639.000.000) 11/24 20:22:09 Image size of job updated: 310656
	31  -  MemoryUsage of job (MB)
	30924  -  ResidentSetSize of job (KB)
...
004 (8581639.000.000) 11/24 20:22:09 Job was evicted.
	(0) Job was not checkpointed.
		Usr 0 00:01:20, Sys 0 00:00:00  -  Run Remote Usage
		Usr 0 00:00:00, Sys 0 00:00:00  -  Run Local Usage
	0  -  Run Bytes Sent By Job
	0  -  Run Bytes Received By Job
	Partitionable Resources :    Usage  Request Allocated
	   Cpus                 :                 1         1
	   Disk (KB)            :        1        1  13376551
	   Memory (MB)          :       31        1      6441
...
009 (8581639.000.000) 11/24 20:22:09 Job was aborted by the user.
	via condor_rm (by user mawenbo)
...
