000 (8580197.000.000) 11/23 17:24:11 Job submitted from host: <10.10.48.31:12542?addrs=10.10.48.31-12542>
...
001 (8580197.000.000) 11/23 17:24:16 Job executing on host: <10.10.48.35:61041?addrs=10.10.48.35-61041>
...
006 (8580197.000.000) 11/23 17:24:24 Image size of job updated: 181000
	30  -  MemoryUsage of job (MB)
	30320  -  ResidentSetSize of job (KB)
...
006 (8580197.000.000) 11/23 17:29:24 Image size of job updated: 285656
	135  -  MemoryUsage of job (MB)
	137460  -  ResidentSetSize of job (KB)
...
006 (8580197.000.000) 11/23 17:34:25 Image size of job updated: 331524
	179  -  MemoryUsage of job (MB)
	183036  -  ResidentSetSize of job (KB)
...
006 (8580197.000.000) 11/23 17:49:27 Image size of job updated: 383780
	231  -  MemoryUsage of job (MB)
	235780  -  ResidentSetSize of job (KB)
...
006 (8580197.000.000) 11/23 17:54:28 Image size of job updated: 383780
	231  -  MemoryUsage of job (MB)
	236260  -  ResidentSetSize of job (KB)
...
006 (8580197.000.000) 11/23 17:59:28 Image size of job updated: 407812
	232  -  MemoryUsage of job (MB)
	237452  -  ResidentSetSize of job (KB)
...
006 (8580197.000.000) 11/23 18:04:28 Image size of job updated: 407812
	233  -  MemoryUsage of job (MB)
	238056  -  ResidentSetSize of job (KB)
...
006 (8580197.000.000) 11/23 18:09:29 Image size of job updated: 407812
	234  -  MemoryUsage of job (MB)
	239196  -  ResidentSetSize of job (KB)
...
006 (8580197.000.000) 11/23 18:19:29 Image size of job updated: 407972
	234  -  MemoryUsage of job (MB)
	239196  -  ResidentSetSize of job (KB)
...
006 (8580197.000.000) 11/23 18:24:30 Image size of job updated: 408296
	234  -  MemoryUsage of job (MB)
	239196  -  ResidentSetSize of job (KB)
...
006 (8580197.000.000) 11/23 18:29:31 Image size of job updated: 409432
	256  -  MemoryUsage of job (MB)
	262128  -  ResidentSetSize of job (KB)
...
006 (8580197.000.000) 11/23 18:34:31 Image size of job updated: 409432
	257  -  MemoryUsage of job (MB)
	262872  -  ResidentSetSize of job (KB)
...
006 (8580197.000.000) 11/23 18:39:32 Image size of job updated: 410196
	257  -  MemoryUsage of job (MB)
	262872  -  ResidentSetSize of job (KB)
...
006 (8580197.000.000) 11/23 18:49:33 Image size of job updated: 411076
	257  -  MemoryUsage of job (MB)
	262872  -  ResidentSetSize of job (KB)
...
006 (8580197.000.000) 11/23 18:54:33 Image size of job updated: 411076
	259  -  MemoryUsage of job (MB)
	264756  -  ResidentSetSize of job (KB)
...
006 (8580197.000.000) 11/23 20:04:40 Image size of job updated: 413572
	259  -  MemoryUsage of job (MB)
	264756  -  ResidentSetSize of job (KB)
...
006 (8580197.000.000) 11/23 20:09:40 Image size of job updated: 415280
	259  -  MemoryUsage of job (MB)
	264756  -  ResidentSetSize of job (KB)
...
006 (8580197.000.000) 11/23 22:19:53 Image size of job updated: 434496
	259  -  MemoryUsage of job (MB)
	264756  -  ResidentSetSize of job (KB)
...
005 (8580197.000.000) 11/24 01:55:07 Job terminated.
	(1) Normal termination (return value 0)
		Usr 0 07:58:45, Sys 0 00:02:42  -  Run Remote Usage
		Usr 0 00:00:00, Sys 0 00:00:00  -  Run Local Usage
		Usr 0 07:58:45, Sys 0 00:02:42  -  Total Remote Usage
		Usr 0 00:00:00, Sys 0 00:00:00  -  Total Local Usage
	0  -  Run Bytes Sent By Job
	0  -  Run Bytes Received By Job
	0  -  Total Bytes Sent By Job
	0  -  Total Bytes Received By Job
	Partitionable Resources :    Usage  Request Allocated
	   Cpus                 :                 1         1
	   Disk (KB)            :        1        1  16723049
	   Memory (MB)          :      259        1      4023
...
000 (8581667.000.000) 11/24 20:19:56 Job submitted from host: <10.10.48.31:12542?addrs=10.10.48.31-12542>
...
001 (8581667.000.000) 11/24 20:20:15 Job executing on host: <10.10.48.35:61041?addrs=10.10.48.35-61041>
...
006 (8581667.000.000) 11/24 20:20:24 Image size of job updated: 181168
	32  -  MemoryUsage of job (MB)
	31848  -  ResidentSetSize of job (KB)
...
006 (8581667.000.000) 11/24 20:22:08 Image size of job updated: 221544
	32  -  MemoryUsage of job (MB)
	31848  -  ResidentSetSize of job (KB)
...
004 (8581667.000.000) 11/24 20:22:08 Job was evicted.
	(0) Job was not checkpointed.
		Usr 0 00:00:04, Sys 0 00:00:00  -  Run Remote Usage
		Usr 0 00:00:00, Sys 0 00:00:00  -  Run Local Usage
	0  -  Run Bytes Sent By Job
	0  -  Run Bytes Received By Job
	Partitionable Resources :    Usage  Request Allocated
	   Cpus                 :                 1         1
	   Disk (KB)            :        1        1  16722882
	   Memory (MB)          :       32        1      4023
...
009 (8581667.000.000) 11/24 20:22:09 Job was aborted by the user.
	via condor_rm (by user mawenbo)
...
