000 (8580163.000.000) 11/23 17:24:08 Job submitted from host: <10.10.48.31:12542?addrs=10.10.48.31-12542>
...
001 (8580163.000.000) 11/23 17:24:13 Job executing on host: <10.10.48.41:20766?addrs=10.10.48.41-20766>
...
006 (8580163.000.000) 11/23 17:24:23 Image size of job updated: 57032
	3  -  MemoryUsage of job (MB)
	2596  -  ResidentSetSize of job (KB)
...
006 (8580163.000.000) 11/23 17:29:23 Image size of job updated: 326408
	142  -  MemoryUsage of job (MB)
	145340  -  ResidentSetSize of job (KB)
...
006 (8580163.000.000) 11/23 17:34:23 Image size of job updated: 328132
	142  -  MemoryUsage of job (MB)
	145340  -  ResidentSetSize of job (KB)
...
005 (8580163.000.000) 11/23 17:35:55 Job terminated.
	(1) Normal termination (return value 0)
		Usr 0 00:10:44, Sys 0 00:00:02  -  Run Remote Usage
		Usr 0 00:00:00, Sys 0 00:00:00  -  Run Local Usage
		Usr 0 00:10:44, Sys 0 00:00:02  -  Total Remote Usage
		Usr 0 00:00:00, Sys 0 00:00:00  -  Total Local Usage
	0  -  Run Bytes Sent By Job
	0  -  Run Bytes Received By Job
	0  -  Total Bytes Sent By Job
	0  -  Total Bytes Received By Job
	Partitionable Resources :    Usage  Request Allocated
	   Cpus                 :                 1         1
	   Disk (KB)            :        1        1  16725821
	   Memory (MB)          :      142        1      4023
...
000 (8581633.000.000) 11/24 20:19:51 Job submitted from host: <10.10.48.31:12542?addrs=10.10.48.31-12542>
...
001 (8581633.000.000) 11/24 20:20:14 Job executing on host: <10.10.48.41:20766?addrs=10.10.48.41-20766>
...
006 (8581633.000.000) 11/24 20:20:23 Image size of job updated: 180476
	29  -  MemoryUsage of job (MB)
	28756  -  ResidentSetSize of job (KB)
...
006 (8581633.000.000) 11/24 20:22:08 Image size of job updated: 239912
	29  -  MemoryUsage of job (MB)
	28756  -  ResidentSetSize of job (KB)
...
004 (8581633.000.000) 11/24 20:22:08 Job was evicted.
	(0) Job was not checkpointed.
		Usr 0 00:00:09, Sys 0 00:00:02  -  Run Remote Usage
		Usr 0 00:00:00, Sys 0 00:00:00  -  Run Local Usage
	0  -  Run Bytes Sent By Job
	0  -  Run Bytes Received By Job
	Partitionable Resources :    Usage  Request Allocated
	   Cpus                 :                 1         1
	   Disk (KB)            :        1        1  16725498
	   Memory (MB)          :       29        1      4023
...
009 (8581633.000.000) 11/24 20:22:08 Job was aborted by the user.
	via condor_rm (by user mawenbo)
...
