000 (8580097.000.000) 11/23 16:53:57 Job submitted from host: <10.10.48.31:12542?addrs=10.10.48.31-12542>
...
001 (8580097.000.000) 11/23 16:53:58 Job executing on host: <10.10.48.41:20766?addrs=10.10.48.41-20766>
...
006 (8580097.000.000) 11/23 16:54:06 Image size of job updated: 57032
	3  -  MemoryUsage of job (MB)
	2588  -  ResidentSetSize of job (KB)
...
006 (8580097.000.000) 11/23 16:59:06 Image size of job updated: 319136
	142  -  MemoryUsage of job (MB)
	145368  -  ResidentSetSize of job (KB)
...
006 (8580097.000.000) 11/23 17:04:07 Image size of job updated: 319560
	142  -  MemoryUsage of job (MB)
	145368  -  ResidentSetSize of job (KB)
...
006 (8580097.000.000) 11/23 17:09:08 Image size of job updated: 332480
	142  -  MemoryUsage of job (MB)
	145368  -  ResidentSetSize of job (KB)
...
006 (8580097.000.000) 11/23 17:14:08 Image size of job updated: 386260
	237  -  MemoryUsage of job (MB)
	242468  -  ResidentSetSize of job (KB)
...
000 (8580153.000.000) 11/23 17:24:07 Job submitted from host: <10.10.48.31:12542?addrs=10.10.48.31-12542>
...
006 (8580097.000.000) 11/23 17:24:10 Image size of job updated: 390756
	242  -  MemoryUsage of job (MB)
	246964  -  ResidentSetSize of job (KB)
...
001 (8580153.000.000) 11/23 17:24:13 Job executing on host: <10.10.48.41:20766?addrs=10.10.48.41-20766>
...
006 (8580153.000.000) 11/23 17:24:21 Image size of job updated: 175984
	27  -  MemoryUsage of job (MB)
	26788  -  ResidentSetSize of job (KB)
...
006 (8580153.000.000) 11/23 17:29:21 Image size of job updated: 341684
	170  -  MemoryUsage of job (MB)
	173796  -  ResidentSetSize of job (KB)
...
006 (8580097.000.000) 11/23 17:34:11 Image size of job updated: 408568
	242  -  MemoryUsage of job (MB)
	246964  -  ResidentSetSize of job (KB)
...
005 (8580153.000.000) 11/23 17:37:18 Job terminated.
	(1) Normal termination (return value 0)
		Usr 0 00:11:52, Sys 0 00:00:02  -  Run Remote Usage
		Usr 0 00:00:00, Sys 0 00:00:00  -  Run Local Usage
		Usr 0 00:11:52, Sys 0 00:00:02  -  Total Remote Usage
		Usr 0 00:00:00, Sys 0 00:00:00  -  Total Local Usage
	0  -  Run Bytes Sent By Job
	0  -  Run Bytes Received By Job
	0  -  Total Bytes Sent By Job
	0  -  Total Bytes Received By Job
	Partitionable Resources :    Usage  Request Allocated
	   Cpus                 :                 1         1
	   Disk (KB)            :        1        1  16725783
	   Memory (MB)          :      170        1      4023
...
006 (8580097.000.000) 11/23 17:39:12 Image size of job updated: 408576
	242  -  MemoryUsage of job (MB)
	246964  -  ResidentSetSize of job (KB)
...
006 (8580097.000.000) 11/23 17:44:12 Image size of job updated: 410384
	258  -  MemoryUsage of job (MB)
	264152  -  ResidentSetSize of job (KB)
...
006 (8580097.000.000) 11/23 17:59:13 Image size of job updated: 410384
	259  -  MemoryUsage of job (MB)
	264500  -  ResidentSetSize of job (KB)
...
006 (8580097.000.000) 11/23 18:19:15 Image size of job updated: 411840
	259  -  MemoryUsage of job (MB)
	264500  -  ResidentSetSize of job (KB)
...
006 (8580097.000.000) 11/23 18:49:18 Image size of job updated: 411840
	259  -  MemoryUsage of job (MB)
	264628  -  ResidentSetSize of job (KB)
...
006 (8580097.000.000) 11/23 18:59:19 Image size of job updated: 411840
	259  -  MemoryUsage of job (MB)
	264692  -  ResidentSetSize of job (KB)
...
006 (8580097.000.000) 11/23 19:49:24 Image size of job updated: 411840
	259  -  MemoryUsage of job (MB)
	264796  -  ResidentSetSize of job (KB)
...
005 (8580097.000.000) 11/23 19:51:53 Job terminated.
	(1) Normal termination (return value 0)
		Usr 0 02:48:20, Sys 0 00:00:42  -  Run Remote Usage
		Usr 0 00:00:00, Sys 0 00:00:00  -  Run Local Usage
		Usr 0 02:48:20, Sys 0 00:00:42  -  Total Remote Usage
		Usr 0 00:00:00, Sys 0 00:00:00  -  Total Local Usage
	0  -  Run Bytes Sent By Job
	0  -  Run Bytes Received By Job
	0  -  Total Bytes Sent By Job
	0  -  Total Bytes Received By Job
	Partitionable Resources :    Usage  Request Allocated
	   Cpus                 :                 1         1
	   Disk (KB)            :        1        1  16725845
	   Memory (MB)          :      259        1      4023
...
000 (8580307.000.000) 11/24 10:41:17 Job submitted from host: <10.10.48.31:12542?addrs=10.10.48.31-12542>
...
001 (8580307.000.000) 11/24 10:41:36 Job executing on host: <10.10.48.41:20766?addrs=10.10.48.41-20766>
...
006 (8580307.000.000) 11/24 10:41:45 Image size of job updated: 178420
	27  -  MemoryUsage of job (MB)
	27272  -  ResidentSetSize of job (KB)
...
006 (8580307.000.000) 11/24 10:46:46 Image size of job updated: 322316
	166  -  MemoryUsage of job (MB)
	169012  -  ResidentSetSize of job (KB)
...
006 (8580307.000.000) 11/24 10:51:47 Image size of job updated: 324432
	166  -  MemoryUsage of job (MB)
	169632  -  ResidentSetSize of job (KB)
...
006 (8580307.000.000) 11/24 11:06:48 Image size of job updated: 334572
	183  -  MemoryUsage of job (MB)
	187188  -  ResidentSetSize of job (KB)
...
006 (8580307.000.000) 11/24 11:21:49 Image size of job updated: 398612
	236  -  MemoryUsage of job (MB)
	241628  -  ResidentSetSize of job (KB)
...
006 (8580307.000.000) 11/24 11:26:50 Image size of job updated: 398612
	248  -  MemoryUsage of job (MB)
	253020  -  ResidentSetSize of job (KB)
...
006 (8580307.000.000) 11/24 11:36:51 Image size of job updated: 398612
	248  -  MemoryUsage of job (MB)
	253024  -  ResidentSetSize of job (KB)
...
006 (8580307.000.000) 11/24 12:06:53 Image size of job updated: 422524
	271  -  MemoryUsage of job (MB)
	276936  -  ResidentSetSize of job (KB)
...
006 (8580307.000.000) 11/24 14:37:10 Image size of job updated: 422852
	271  -  MemoryUsage of job (MB)
	276936  -  ResidentSetSize of job (KB)
...
006 (8580307.000.000) 11/24 15:47:17 Image size of job updated: 440924
	289  -  MemoryUsage of job (MB)
	295340  -  ResidentSetSize of job (KB)
...
006 (8580307.000.000) 11/24 15:52:18 Image size of job updated: 441760
	290  -  MemoryUsage of job (MB)
	296176  -  ResidentSetSize of job (KB)
...
006 (8580307.000.000) 11/24 16:52:25 Image size of job updated: 443208
	291  -  MemoryUsage of job (MB)
	297624  -  ResidentSetSize of job (KB)
...
006 (8580307.000.000) 11/24 17:42:30 Image size of job updated: 473260
	291  -  MemoryUsage of job (MB)
	297624  -  ResidentSetSize of job (KB)
...
005 (8580307.000.000) 11/24 18:39:31 Job terminated.
	(1) Normal termination (return value 0)
		Usr 0 07:51:27, Sys 0 00:00:17  -  Run Remote Usage
		Usr 0 00:00:00, Sys 0 00:00:00  -  Run Local Usage
		Usr 0 07:51:27, Sys 0 00:00:17  -  Total Remote Usage
		Usr 0 00:00:00, Sys 0 00:00:00  -  Total Local Usage
	0  -  Run Bytes Sent By Job
	0  -  Run Bytes Received By Job
	0  -  Total Bytes Sent By Job
	0  -  Total Bytes Received By Job
	Partitionable Resources :    Usage  Request Allocated
	   Cpus                 :                 1         1
	   Disk (KB)            :        1        1  16725699
	   Memory (MB)          :      291        1      4023
...
000 (8581623.000.000) 11/24 20:19:50 Job submitted from host: <10.10.48.31:12542?addrs=10.10.48.31-12542>
...
001 (8581623.000.000) 11/24 20:20:12 Job executing on host: <10.10.48.41:20766?addrs=10.10.48.41-20766>
...
006 (8581623.000.000) 11/24 20:20:21 Image size of job updated: 180264
	28  -  MemoryUsage of job (MB)
	28548  -  ResidentSetSize of job (KB)
...
006 (8581623.000.000) 11/24 20:22:08 Image size of job updated: 276140
	28  -  MemoryUsage of job (MB)
	28548  -  ResidentSetSize of job (KB)
...
004 (8581623.000.000) 11/24 20:22:08 Job was evicted.
	(0) Job was not checkpointed.
		Usr 0 00:00:31, Sys 0 00:00:03  -  Run Remote Usage
		Usr 0 00:00:00, Sys 0 00:00:00  -  Run Local Usage
	0  -  Run Bytes Sent By Job
	0  -  Run Bytes Received By Job
	Partitionable Resources :    Usage  Request Allocated
	   Cpus                 :                 1         1
	   Disk (KB)            :        1        1  16725498
	   Memory (MB)          :       28        1      4023
...
009 (8581623.000.000) 11/24 20:22:08 Job was aborted by the user.
	via condor_rm (by user mawenbo)
...
