000 (8580189.000.000) 11/23 17:24:10 Job submitted from host: <10.10.48.31:12542?addrs=10.10.48.31-12542>
...
001 (8580189.000.000) 11/23 17:24:14 Job executing on host: <10.10.48.35:61041?addrs=10.10.48.35-61041>
...
006 (8580189.000.000) 11/23 17:24:23 Image size of job updated: 181016
	30  -  MemoryUsage of job (MB)
	30412  -  ResidentSetSize of job (KB)
...
006 (8580189.000.000) 11/23 17:29:24 Image size of job updated: 241240
	83  -  MemoryUsage of job (MB)
	84496  -  ResidentSetSize of job (KB)
...
006 (8580189.000.000) 11/23 17:34:24 Image size of job updated: 333440
	180  -  MemoryUsage of job (MB)
	183532  -  ResidentSetSize of job (KB)
...
006 (8580189.000.000) 11/23 17:39:24 Image size of job updated: 333440
	180  -  MemoryUsage of job (MB)
	183536  -  ResidentSetSize of job (KB)
...
006 (8580189.000.000) 11/23 17:44:26 Image size of job updated: 333440
	182  -  MemoryUsage of job (MB)
	185996  -  ResidentSetSize of job (KB)
...
006 (8580189.000.000) 11/23 17:49:26 Image size of job updated: 383316
	231  -  MemoryUsage of job (MB)
	236048  -  ResidentSetSize of job (KB)
...
006 (8580189.000.000) 11/23 17:54:26 Image size of job updated: 385948
	233  -  MemoryUsage of job (MB)
	238560  -  ResidentSetSize of job (KB)
...
006 (8580189.000.000) 11/23 18:04:28 Image size of job updated: 386104
	234  -  MemoryUsage of job (MB)
	238716  -  ResidentSetSize of job (KB)
...
006 (8580189.000.000) 11/23 18:34:31 Image size of job updated: 386944
	234  -  MemoryUsage of job (MB)
	239560  -  ResidentSetSize of job (KB)
...
006 (8580189.000.000) 11/23 18:39:31 Image size of job updated: 387124
	235  -  MemoryUsage of job (MB)
	239748  -  ResidentSetSize of job (KB)
...
006 (8580189.000.000) 11/23 18:44:31 Image size of job updated: 387124
	235  -  MemoryUsage of job (MB)
	239780  -  ResidentSetSize of job (KB)
...
006 (8580189.000.000) 11/23 19:14:34 Image size of job updated: 387636
	235  -  MemoryUsage of job (MB)
	240292  -  ResidentSetSize of job (KB)
...
006 (8580189.000.000) 11/23 19:19:34 Image size of job updated: 388292
	236  -  MemoryUsage of job (MB)
	240948  -  ResidentSetSize of job (KB)
...
006 (8580189.000.000) 11/23 20:14:41 Image size of job updated: 408460
	236  -  MemoryUsage of job (MB)
	240948  -  ResidentSetSize of job (KB)
...
006 (8580189.000.000) 11/23 20:29:42 Image size of job updated: 408460
	239  -  MemoryUsage of job (MB)
	244020  -  ResidentSetSize of job (KB)
...
006 (8580189.000.000) 11/23 21:14:47 Image size of job updated: 408484
	239  -  MemoryUsage of job (MB)
	244020  -  ResidentSetSize of job (KB)
...
006 (8580189.000.000) 11/23 21:24:49 Image size of job updated: 408708
	239  -  MemoryUsage of job (MB)
	244020  -  ResidentSetSize of job (KB)
...
006 (8580189.000.000) 11/24 00:35:10 Image size of job updated: 408708
	239  -  MemoryUsage of job (MB)
	244696  -  ResidentSetSize of job (KB)
...
005 (8580189.000.000) 11/24 01:53:21 Job terminated.
	(1) Normal termination (return value 0)
		Usr 0 07:56:23, Sys 0 00:01:05  -  Run Remote Usage
		Usr 0 00:00:00, Sys 0 00:00:00  -  Run Local Usage
		Usr 0 07:56:23, Sys 0 00:01:05  -  Total Remote Usage
		Usr 0 00:00:00, Sys 0 00:00:00  -  Total Local Usage
	0  -  Run Bytes Sent By Job
	0  -  Run Bytes Received By Job
	0  -  Total Bytes Sent By Job
	0  -  Total Bytes Received By Job
	Partitionable Resources :    Usage  Request Allocated
	   Cpus                 :                 1         1
	   Disk (KB)            :        1        1  16723049
	   Memory (MB)          :      239        1      4023
...
000 (8581659.000.000) 11/24 20:19:54 Job submitted from host: <10.10.48.31:12542?addrs=10.10.48.31-12542>
...
001 (8581659.000.000) 11/24 20:20:13 Job executing on host: <10.10.48.35:61041?addrs=10.10.48.35-61041>
...
006 (8581659.000.000) 11/24 20:20:22 Image size of job updated: 180280
	28  -  MemoryUsage of job (MB)
	28572  -  ResidentSetSize of job (KB)
...
006 (8581659.000.000) 11/24 20:22:08 Image size of job updated: 287608
	28  -  MemoryUsage of job (MB)
	28572  -  ResidentSetSize of job (KB)
...
004 (8581659.000.000) 11/24 20:22:08 Job was evicted.
	(0) Job was not checkpointed.
		Usr 0 00:00:28, Sys 0 00:00:04  -  Run Remote Usage
		Usr 0 00:00:00, Sys 0 00:00:00  -  Run Local Usage
	0  -  Run Bytes Sent By Job
	0  -  Run Bytes Received By Job
	Partitionable Resources :    Usage  Request Allocated
	   Cpus                 :                 1         1
	   Disk (KB)            :        1        1  16722884
	   Memory (MB)          :       28        1      4023
...
009 (8581659.000.000) 11/24 20:22:09 Job was aborted by the user.
	via condor_rm (by user mawenbo)
...
