000 (8580199.000.000) 11/23 17:24:12 Job submitted from host: <10.10.48.31:12542?addrs=10.10.48.31-12542>
...
001 (8580199.000.000) 11/23 17:24:15 Job executing on host: <10.10.48.35:61041?addrs=10.10.48.35-61041>
...
006 (8580199.000.000) 11/23 17:24:24 Image size of job updated: 180980
	31  -  MemoryUsage of job (MB)
	31648  -  ResidentSetSize of job (KB)
...
006 (8580199.000.000) 11/23 17:29:25 Image size of job updated: 274880
	124  -  MemoryUsage of job (MB)
	126104  -  ResidentSetSize of job (KB)
...
006 (8580199.000.000) 11/23 17:34:25 Image size of job updated: 327028
	175  -  MemoryUsage of job (MB)
	178412  -  ResidentSetSize of job (KB)
...
006 (8580199.000.000) 11/23 17:39:25 Image size of job updated: 327028
	175  -  MemoryUsage of job (MB)
	178428  -  ResidentSetSize of job (KB)
...
006 (8580199.000.000) 11/23 17:44:26 Image size of job updated: 350892
	175  -  MemoryUsage of job (MB)
	178428  -  ResidentSetSize of job (KB)
...
006 (8580199.000.000) 11/23 17:49:27 Image size of job updated: 384468
	231  -  MemoryUsage of job (MB)
	236328  -  ResidentSetSize of job (KB)
...
006 (8580199.000.000) 11/23 17:54:27 Image size of job updated: 408612
	234  -  MemoryUsage of job (MB)
	239272  -  ResidentSetSize of job (KB)
...
006 (8580199.000.000) 11/23 17:59:28 Image size of job updated: 410660
	258  -  MemoryUsage of job (MB)
	264172  -  ResidentSetSize of job (KB)
...
006 (8580199.000.000) 11/23 18:34:31 Image size of job updated: 425164
	267  -  MemoryUsage of job (MB)
	272696  -  ResidentSetSize of job (KB)
...
005 (8580199.000.000) 11/24 01:12:34 Job terminated.
	(1) Normal termination (return value 0)
		Usr 0 07:15:21, Sys 0 00:02:38  -  Run Remote Usage
		Usr 0 00:00:00, Sys 0 00:00:00  -  Run Local Usage
		Usr 0 07:15:21, Sys 0 00:02:38  -  Total Remote Usage
		Usr 0 00:00:00, Sys 0 00:00:00  -  Total Local Usage
	0  -  Run Bytes Sent By Job
	0  -  Run Bytes Received By Job
	0  -  Total Bytes Sent By Job
	0  -  Total Bytes Received By Job
	Partitionable Resources :    Usage  Request Allocated
	   Cpus                 :                 1         1
	   Disk (KB)            :        1        1  16723049
	   Memory (MB)          :      267        1      4023
...
000 (8581669.000.000) 11/24 20:19:56 Job submitted from host: <10.10.48.31:12542?addrs=10.10.48.31-12542>
...
001 (8581669.000.000) 11/24 20:20:15 Job executing on host: <10.10.48.35:61041?addrs=10.10.48.35-61041>
...
006 (8581669.000.000) 11/24 20:20:24 Image size of job updated: 180368
	29  -  MemoryUsage of job (MB)
	28700  -  ResidentSetSize of job (KB)
...
006 (8581669.000.000) 11/24 20:22:08 Image size of job updated: 239588
	29  -  MemoryUsage of job (MB)
	28700  -  ResidentSetSize of job (KB)
...
004 (8581669.000.000) 11/24 20:22:08 Job was evicted.
	(0) Job was not checkpointed.
		Usr 0 00:00:11, Sys 0 00:00:00  -  Run Remote Usage
		Usr 0 00:00:00, Sys 0 00:00:00  -  Run Local Usage
	0  -  Run Bytes Sent By Job
	0  -  Run Bytes Received By Job
	Partitionable Resources :    Usage  Request Allocated
	   Cpus                 :                 1         1
	   Disk (KB)            :        1        1  16722878
	   Memory (MB)          :       29        1      4023
...
009 (8581669.000.000) 11/24 20:22:09 Job was aborted by the user.
	via condor_rm (by user mawenbo)
...
