000 (8580182.000.000) 11/23 17:24:10 Job submitted from host: <10.10.48.31:12542?addrs=10.10.48.31-12542>
...
001 (8580182.000.000) 11/23 17:24:15 Job executing on host: <10.10.48.141:50603?addrs=10.10.48.141-50603>
...
006 (8580182.000.000) 11/23 17:24:24 Image size of job updated: 181108
	32  -  MemoryUsage of job (MB)
	31760  -  ResidentSetSize of job (KB)
...
006 (8580182.000.000) 11/23 17:29:25 Image size of job updated: 240788
	88  -  MemoryUsage of job (MB)
	89768  -  ResidentSetSize of job (KB)
...
006 (8580182.000.000) 11/23 17:34:25 Image size of job updated: 331460
	102  -  MemoryUsage of job (MB)
	103444  -  ResidentSetSize of job (KB)
...
006 (8580182.000.000) 11/23 17:39:26 Image size of job updated: 331460
	131  -  MemoryUsage of job (MB)
	133428  -  ResidentSetSize of job (KB)
...
006 (8580182.000.000) 11/23 17:49:27 Image size of job updated: 384164
	231  -  MemoryUsage of job (MB)
	235596  -  ResidentSetSize of job (KB)
...
006 (8580182.000.000) 11/23 17:54:27 Image size of job updated: 410460
	231  -  MemoryUsage of job (MB)
	235596  -  ResidentSetSize of job (KB)
...
006 (8580182.000.000) 11/23 18:09:28 Image size of job updated: 410460
	255  -  MemoryUsage of job (MB)
	260176  -  ResidentSetSize of job (KB)
...
006 (8580182.000.000) 11/23 18:24:29 Image size of job updated: 410460
	255  -  MemoryUsage of job (MB)
	260548  -  ResidentSetSize of job (KB)
...
006 (8580182.000.000) 11/23 18:39:31 Image size of job updated: 410460
	257  -  MemoryUsage of job (MB)
	262576  -  ResidentSetSize of job (KB)
...
006 (8580182.000.000) 11/23 18:49:33 Image size of job updated: 410460
	257  -  MemoryUsage of job (MB)
	262828  -  ResidentSetSize of job (KB)
...
006 (8580182.000.000) 11/23 19:39:38 Image size of job updated: 411228
	257  -  MemoryUsage of job (MB)
	262828  -  ResidentSetSize of job (KB)
...
006 (8580182.000.000) 11/23 21:19:48 Image size of job updated: 411228
	258  -  MemoryUsage of job (MB)
	263700  -  ResidentSetSize of job (KB)
...
006 (8580182.000.000) 11/23 22:54:56 Image size of job updated: 441676
	258  -  MemoryUsage of job (MB)
	263700  -  ResidentSetSize of job (KB)
...
006 (8580182.000.000) 11/23 22:59:57 Image size of job updated: 441676
	260  -  MemoryUsage of job (MB)
	265360  -  ResidentSetSize of job (KB)
...
005 (8580182.000.000) 11/24 03:04:45 Job terminated.
	(1) Normal termination (return value 0)
		Usr 0 08:29:35, Sys 0 00:04:00  -  Run Remote Usage
		Usr 0 00:00:00, Sys 0 00:00:00  -  Run Local Usage
		Usr 0 08:29:35, Sys 0 00:04:00  -  Total Remote Usage
		Usr 0 00:00:00, Sys 0 00:00:00  -  Total Local Usage
	0  -  Run Bytes Sent By Job
	0  -  Run Bytes Received By Job
	0  -  Total Bytes Sent By Job
	0  -  Total Bytes Received By Job
	Partitionable Resources :    Usage  Request Allocated
	   Cpus                 :                 1         1
	   Disk (KB)            :        1        1  13376760
	   Memory (MB)          :      260        1      6441
...
000 (8581652.000.000) 11/24 20:19:54 Job submitted from host: <10.10.48.31:12542?addrs=10.10.48.31-12542>
...
001 (8581652.000.000) 11/24 20:20:15 Job executing on host: <10.10.48.141:50603?addrs=10.10.48.141-50603>
...
006 (8581652.000.000) 11/24 20:20:23 Image size of job updated: 181260
	32  -  MemoryUsage of job (MB)
	31952  -  ResidentSetSize of job (KB)
...
006 (8581652.000.000) 11/24 20:22:09 Image size of job updated: 237224
	32  -  MemoryUsage of job (MB)
	31952  -  ResidentSetSize of job (KB)
...
004 (8581652.000.000) 11/24 20:22:09 Job was evicted.
	(0) Job was not checkpointed.
		Usr 0 00:00:07, Sys 0 00:00:00  -  Run Remote Usage
		Usr 0 00:00:00, Sys 0 00:00:00  -  Run Local Usage
	0  -  Run Bytes Sent By Job
	0  -  Run Bytes Received By Job
	Partitionable Resources :    Usage  Request Allocated
	   Cpus                 :                 1         1
	   Disk (KB)            :        1        1  13376551
	   Memory (MB)          :       32        1      6441
...
009 (8581652.000.000) 11/24 20:22:09 Job was aborted by the user.
	via condor_rm (by user mawenbo)
...
