000 (8580196.000.000) 11/23 17:24:11 Job submitted from host: <10.10.48.31:12542?addrs=10.10.48.31-12542>
...
001 (8580196.000.000) 11/23 17:24:16 Job executing on host: <10.10.48.35:61041?addrs=10.10.48.35-61041>
...
006 (8580196.000.000) 11/23 17:24:24 Image size of job updated: 180176
	29  -  MemoryUsage of job (MB)
	29500  -  ResidentSetSize of job (KB)
...
006 (8580196.000.000) 11/23 17:29:24 Image size of job updated: 353840
	175  -  MemoryUsage of job (MB)
	178304  -  ResidentSetSize of job (KB)
...
006 (8580196.000.000) 11/23 17:34:24 Image size of job updated: 353840
	175  -  MemoryUsage of job (MB)
	178816  -  ResidentSetSize of job (KB)
...
006 (8580196.000.000) 11/23 17:39:25 Image size of job updated: 353840
	177  -  MemoryUsage of job (MB)
	180856  -  ResidentSetSize of job (KB)
...
006 (8580196.000.000) 11/23 17:44:25 Image size of job updated: 382616
	232  -  MemoryUsage of job (MB)
	236776  -  ResidentSetSize of job (KB)
...
006 (8580196.000.000) 11/23 17:49:25 Image size of job updated: 382616
	232  -  MemoryUsage of job (MB)
	236948  -  ResidentSetSize of job (KB)
...
006 (8580196.000.000) 11/23 17:54:26 Image size of job updated: 383616
	233  -  MemoryUsage of job (MB)
	237948  -  ResidentSetSize of job (KB)
...
006 (8580196.000.000) 11/23 18:04:27 Image size of job updated: 383616
	233  -  MemoryUsage of job (MB)
	237988  -  ResidentSetSize of job (KB)
...
006 (8580196.000.000) 11/23 18:09:28 Image size of job updated: 384152
	233  -  MemoryUsage of job (MB)
	238572  -  ResidentSetSize of job (KB)
...
006 (8580196.000.000) 11/23 18:14:29 Image size of job updated: 409044
	258  -  MemoryUsage of job (MB)
	263504  -  ResidentSetSize of job (KB)
...
006 (8580196.000.000) 11/23 18:19:29 Image size of job updated: 410664
	259  -  MemoryUsage of job (MB)
	265084  -  ResidentSetSize of job (KB)
...
006 (8580196.000.000) 11/23 18:24:29 Image size of job updated: 413116
	262  -  MemoryUsage of job (MB)
	267536  -  ResidentSetSize of job (KB)
...
005 (8580196.000.000) 11/23 18:27:35 Job terminated.
	(1) Normal termination (return value 0)
		Usr 0 00:58:46, Sys 0 00:00:07  -  Run Remote Usage
		Usr 0 00:00:00, Sys 0 00:00:00  -  Run Local Usage
		Usr 0 00:58:46, Sys 0 00:00:07  -  Total Remote Usage
		Usr 0 00:00:00, Sys 0 00:00:00  -  Total Local Usage
	0  -  Run Bytes Sent By Job
	0  -  Run Bytes Received By Job
	0  -  Total Bytes Sent By Job
	0  -  Total Bytes Received By Job
	Partitionable Resources :    Usage  Request Allocated
	   Cpus                 :                 1         1
	   Disk (KB)            :        1        1  16723049
	   Memory (MB)          :      262        1      4023
...
000 (8581666.000.000) 11/24 20:19:55 Job submitted from host: <10.10.48.31:12542?addrs=10.10.48.31-12542>
...
001 (8581666.000.000) 11/24 20:20:15 Job executing on host: <10.10.48.35:61041?addrs=10.10.48.35-61041>
...
006 (8581666.000.000) 11/24 20:20:23 Image size of job updated: 180160
	28  -  MemoryUsage of job (MB)
	28448  -  ResidentSetSize of job (KB)
...
006 (8581666.000.000) 11/24 20:22:08 Image size of job updated: 300940
	28  -  MemoryUsage of job (MB)
	28448  -  ResidentSetSize of job (KB)
...
004 (8581666.000.000) 11/24 20:22:08 Job was evicted.
	(0) Job was not checkpointed.
		Usr 0 00:01:04, Sys 0 00:00:01  -  Run Remote Usage
		Usr 0 00:00:00, Sys 0 00:00:00  -  Run Local Usage
	0  -  Run Bytes Sent By Job
	0  -  Run Bytes Received By Job
	Partitionable Resources :    Usage  Request Allocated
	   Cpus                 :                 1         1
	   Disk (KB)            :        1        1  16722878
	   Memory (MB)          :       28        1      4023
...
009 (8581666.000.000) 11/24 20:22:09 Job was aborted by the user.
	via condor_rm (by user mawenbo)
...
