000 (8580188.000.000) 11/23 17:24:10 Job submitted from host: <10.10.48.31:12542?addrs=10.10.48.31-12542>
...
001 (8580188.000.000) 11/23 17:24:14 Job executing on host: <10.10.48.35:61041?addrs=10.10.48.35-61041>
...
006 (8580188.000.000) 11/23 17:24:23 Image size of job updated: 180764
	32  -  MemoryUsage of job (MB)
	31980  -  ResidentSetSize of job (KB)
...
006 (8580188.000.000) 11/23 17:29:24 Image size of job updated: 326332
	175  -  MemoryUsage of job (MB)
	178728  -  ResidentSetSize of job (KB)
...
006 (8580188.000.000) 11/23 17:34:25 Image size of job updated: 326752
	177  -  MemoryUsage of job (MB)
	180496  -  ResidentSetSize of job (KB)
...
006 (8580188.000.000) 11/23 17:39:25 Image size of job updated: 326752
	177  -  MemoryUsage of job (MB)
	180928  -  ResidentSetSize of job (KB)
...
006 (8580188.000.000) 11/23 17:44:25 Image size of job updated: 385312
	236  -  MemoryUsage of job (MB)
	241624  -  ResidentSetSize of job (KB)
...
006 (8580188.000.000) 11/23 18:14:28 Image size of job updated: 405560
	236  -  MemoryUsage of job (MB)
	241624  -  ResidentSetSize of job (KB)
...
006 (8580188.000.000) 11/23 18:34:30 Image size of job updated: 405560
	237  -  MemoryUsage of job (MB)
	242256  -  ResidentSetSize of job (KB)
...
006 (8580188.000.000) 11/23 18:59:33 Image size of job updated: 405560
	237  -  MemoryUsage of job (MB)
	242260  -  ResidentSetSize of job (KB)
...
006 (8580188.000.000) 11/23 19:09:34 Image size of job updated: 411920
	237  -  MemoryUsage of job (MB)
	242260  -  ResidentSetSize of job (KB)
...
006 (8580188.000.000) 11/23 19:49:38 Image size of job updated: 411920
	238  -  MemoryUsage of job (MB)
	242932  -  ResidentSetSize of job (KB)
...
006 (8580188.000.000) 11/23 20:24:41 Image size of job updated: 411920
	239  -  MemoryUsage of job (MB)
	244676  -  ResidentSetSize of job (KB)
...
005 (8580188.000.000) 11/23 23:32:41 Job terminated.
	(1) Normal termination (return value 0)
		Usr 0 05:40:26, Sys 0 00:00:53  -  Run Remote Usage
		Usr 0 00:00:00, Sys 0 00:00:00  -  Run Local Usage
		Usr 0 05:40:26, Sys 0 00:00:53  -  Total Remote Usage
		Usr 0 00:00:00, Sys 0 00:00:00  -  Total Local Usage
	0  -  Run Bytes Sent By Job
	0  -  Run Bytes Received By Job
	0  -  Total Bytes Sent By Job
	0  -  Total Bytes Received By Job
	Partitionable Resources :    Usage  Request Allocated
	   Cpus                 :                 1         1
	   Disk (KB)            :        1        1  16723049
	   Memory (MB)          :      239        1      4023
...
000 (8581658.000.000) 11/24 20:19:54 Job submitted from host: <10.10.48.31:12542?addrs=10.10.48.31-12542>
...
001 (8581658.000.000) 11/24 20:20:14 Job executing on host: <10.10.48.35:61041?addrs=10.10.48.35-61041>
...
006 (8581658.000.000) 11/24 20:20:23 Image size of job updated: 57032
	3  -  MemoryUsage of job (MB)
	2600  -  ResidentSetSize of job (KB)
...
006 (8581658.000.000) 11/24 20:22:08 Image size of job updated: 299272
	3  -  MemoryUsage of job (MB)
	2600  -  ResidentSetSize of job (KB)
...
004 (8581658.000.000) 11/24 20:22:08 Job was evicted.
	(0) Job was not checkpointed.
		Usr 0 00:01:02, Sys 0 00:00:02  -  Run Remote Usage
		Usr 0 00:00:00, Sys 0 00:00:00  -  Run Local Usage
	0  -  Run Bytes Sent By Job
	0  -  Run Bytes Received By Job
	Partitionable Resources :    Usage  Request Allocated
	   Cpus                 :                 1         1
	   Disk (KB)            :        1        1  16722878
	   Memory (MB)          :        3        1      4023
...
009 (8581658.000.000) 11/24 20:22:09 Job was aborted by the user.
	via condor_rm (by user mawenbo)
...
