000 (8580186.000.000) 11/23 17:24:10 Job submitted from host: <10.10.48.31:12542?addrs=10.10.48.31-12542>
...
001 (8580186.000.000) 11/23 17:24:14 Job executing on host: <10.10.48.35:61041?addrs=10.10.48.35-61041>
...
006 (8580186.000.000) 11/23 17:24:22 Image size of job updated: 271920
	103  -  MemoryUsage of job (MB)
	105372  -  ResidentSetSize of job (KB)
...
006 (8580186.000.000) 11/23 17:29:22 Image size of job updated: 359844
	183  -  MemoryUsage of job (MB)
	186664  -  ResidentSetSize of job (KB)
...
005 (8580186.000.000) 11/23 17:31:25 Job terminated.
	(1) Normal termination (return value 0)
		Usr 0 00:06:17, Sys 0 00:00:01  -  Run Remote Usage
		Usr 0 00:00:00, Sys 0 00:00:00  -  Run Local Usage
		Usr 0 00:06:17, Sys 0 00:00:01  -  Total Remote Usage
		Usr 0 00:00:00, Sys 0 00:00:00  -  Total Local Usage
	0  -  Run Bytes Sent By Job
	0  -  Run Bytes Received By Job
	0  -  Total Bytes Sent By Job
	0  -  Total Bytes Received By Job
	Partitionable Resources :    Usage  Request Allocated
	   Cpus                 :                 1         1
	   Disk (KB)            :        1        1  16723049
	   Memory (MB)          :      183        1      4023
...
000 (8581656.000.000) 11/24 20:19:54 Job submitted from host: <10.10.48.31:12542?addrs=10.10.48.31-12542>
...
001 (8581656.000.000) 11/24 20:20:15 Job executing on host: <10.10.48.141:50603?addrs=10.10.48.141-50603>
...
006 (8581656.000.000) 11/24 20:20:24 Image size of job updated: 236476
	84  -  MemoryUsage of job (MB)
	85252  -  ResidentSetSize of job (KB)
...
006 (8581656.000.000) 11/24 20:22:09 Image size of job updated: 320188
	84  -  MemoryUsage of job (MB)
	85252  -  ResidentSetSize of job (KB)
...
004 (8581656.000.000) 11/24 20:22:09 Job was evicted.
	(0) Job was not checkpointed.
		Usr 0 00:01:27, Sys 0 00:00:00  -  Run Remote Usage
		Usr 0 00:00:00, Sys 0 00:00:00  -  Run Local Usage
	0  -  Run Bytes Sent By Job
	0  -  Run Bytes Received By Job
	Partitionable Resources :    Usage  Request Allocated
	   Cpus                 :                 1         1
	   Disk (KB)            :        1        1  13376551
	   Memory (MB)          :       84        1      6441
...
009 (8581656.000.000) 11/24 20:22:09 Job was aborted by the user.
	via condor_rm (by user mawenbo)
...
