000 (8580165.000.000) 11/23 17:24:08 Job submitted from host: <10.10.48.31:12542?addrs=10.10.48.31-12542>
...
001 (8580165.000.000) 11/23 17:24:13 Job executing on host: <10.10.48.141:50603?addrs=10.10.48.141-50603>
...
006 (8580165.000.000) 11/23 17:24:22 Image size of job updated: 180280
	31  -  MemoryUsage of job (MB)
	31340  -  ResidentSetSize of job (KB)
...
006 (8580165.000.000) 11/23 17:29:23 Image size of job updated: 323488
	174  -  MemoryUsage of job (MB)
	177304  -  ResidentSetSize of job (KB)
...
006 (8580165.000.000) 11/23 17:34:23 Image size of job updated: 348476
	176  -  MemoryUsage of job (MB)
	179888  -  ResidentSetSize of job (KB)
...
006 (8580165.000.000) 11/23 17:44:24 Image size of job updated: 348516
	176  -  MemoryUsage of job (MB)
	179888  -  ResidentSetSize of job (KB)
...
006 (8580165.000.000) 11/23 17:49:24 Image size of job updated: 385260
	236  -  MemoryUsage of job (MB)
	241528  -  ResidentSetSize of job (KB)
...
006 (8580165.000.000) 11/23 17:54:24 Image size of job updated: 385260
	236  -  MemoryUsage of job (MB)
	241596  -  ResidentSetSize of job (KB)
...
006 (8580165.000.000) 11/23 18:19:28 Image size of job updated: 407544
	236  -  MemoryUsage of job (MB)
	241596  -  ResidentSetSize of job (KB)
...
005 (8580165.000.000) 11/23 18:19:32 Job terminated.
	(1) Normal termination (return value 0)
		Usr 0 00:48:30, Sys 0 00:00:06  -  Run Remote Usage
		Usr 0 00:00:00, Sys 0 00:00:00  -  Run Local Usage
		Usr 0 00:48:30, Sys 0 00:00:06  -  Total Remote Usage
		Usr 0 00:00:00, Sys 0 00:00:00  -  Total Local Usage
	0  -  Run Bytes Sent By Job
	0  -  Run Bytes Received By Job
	0  -  Total Bytes Sent By Job
	0  -  Total Bytes Received By Job
	Partitionable Resources :    Usage  Request Allocated
	   Cpus                 :                 1         1
	   Disk (KB)            :        1        1  13376760
	   Memory (MB)          :      236        1      6441
...
000 (8581635.000.000) 11/24 20:19:51 Job submitted from host: <10.10.48.31:12542?addrs=10.10.48.31-12542>
...
001 (8581635.000.000) 11/24 20:20:14 Job executing on host: <10.10.48.41:20766?addrs=10.10.48.41-20766>
...
006 (8581635.000.000) 11/24 20:20:23 Image size of job updated: 57476
	4  -  MemoryUsage of job (MB)
	3568  -  ResidentSetSize of job (KB)
...
006 (8581635.000.000) 11/24 20:22:08 Image size of job updated: 238904
	4  -  MemoryUsage of job (MB)
	3568  -  ResidentSetSize of job (KB)
...
004 (8581635.000.000) 11/24 20:22:08 Job was evicted.
	(0) Job was not checkpointed.
		Usr 0 00:00:04, Sys 0 00:00:00  -  Run Remote Usage
		Usr 0 00:00:00, Sys 0 00:00:00  -  Run Local Usage
	0  -  Run Bytes Sent By Job
	0  -  Run Bytes Received By Job
	Partitionable Resources :    Usage  Request Allocated
	   Cpus                 :                 1         1
	   Disk (KB)            :        1        1  16725498
	   Memory (MB)          :        4        1      4023
...
009 (8581635.000.000) 11/24 20:22:09 Job was aborted by the user.
	via condor_rm (by user mawenbo)
...
