000 (8580192.000.000) 11/23 17:24:11 Job submitted from host: <10.10.48.31:12542?addrs=10.10.48.31-12542>
...
001 (8580192.000.000) 11/23 17:24:15 Job executing on host: <10.10.48.35:61041?addrs=10.10.48.35-61041>
...
006 (8580192.000.000) 11/23 17:24:23 Image size of job updated: 271624
	105  -  MemoryUsage of job (MB)
	107304  -  ResidentSetSize of job (KB)
...
006 (8580192.000.000) 11/23 17:29:23 Image size of job updated: 358124
	184  -  MemoryUsage of job (MB)
	187800  -  ResidentSetSize of job (KB)
...
005 (8580192.000.000) 11/23 17:30:46 Job terminated.
	(1) Normal termination (return value 0)
		Usr 0 00:05:51, Sys 0 00:00:01  -  Run Remote Usage
		Usr 0 00:00:00, Sys 0 00:00:00  -  Run Local Usage
		Usr 0 00:05:51, Sys 0 00:00:01  -  Total Remote Usage
		Usr 0 00:00:00, Sys 0 00:00:00  -  Total Local Usage
	0  -  Run Bytes Sent By Job
	0  -  Run Bytes Received By Job
	0  -  Total Bytes Sent By Job
	0  -  Total Bytes Received By Job
	Partitionable Resources :    Usage  Request Allocated
	   Cpus                 :                 1         1
	   Disk (KB)            :        1        1  16723049
	   Memory (MB)          :      184        1      4023
...
000 (8581662.000.000) 11/24 20:19:55 Job submitted from host: <10.10.48.31:12542?addrs=10.10.48.31-12542>
...
001 (8581662.000.000) 11/24 20:20:13 Job executing on host: <10.10.48.35:61041?addrs=10.10.48.35-61041>
...
006 (8581662.000.000) 11/24 20:20:22 Image size of job updated: 180164
	29  -  MemoryUsage of job (MB)
	29492  -  ResidentSetSize of job (KB)
...
006 (8581662.000.000) 11/24 20:22:08 Image size of job updated: 310132
	29  -  MemoryUsage of job (MB)
	29492  -  ResidentSetSize of job (KB)
...
004 (8581662.000.000) 11/24 20:22:08 Job was evicted.
	(0) Job was not checkpointed.
		Usr 0 00:01:07, Sys 0 00:00:01  -  Run Remote Usage
		Usr 0 00:00:00, Sys 0 00:00:00  -  Run Local Usage
	0  -  Run Bytes Sent By Job
	0  -  Run Bytes Received By Job
	Partitionable Resources :    Usage  Request Allocated
	   Cpus                 :                 1         1
	   Disk (KB)            :        1        1  16722878
	   Memory (MB)          :       29        1      4023
...
009 (8581662.000.000) 11/24 20:22:09 Job was aborted by the user.
	via condor_rm (by user mawenbo)
...
