000 (8580190.000.000) 11/23 17:24:11 Job submitted from host: <10.10.48.31:12542?addrs=10.10.48.31-12542>
...
001 (8580190.000.000) 11/23 17:24:14 Job executing on host: <10.10.48.35:61041?addrs=10.10.48.35-61041>
...
006 (8580190.000.000) 11/23 17:24:23 Image size of job updated: 180280
	31  -  MemoryUsage of job (MB)
	30956  -  ResidentSetSize of job (KB)
...
006 (8580190.000.000) 11/23 17:29:24 Image size of job updated: 326452
	174  -  MemoryUsage of job (MB)
	177808  -  ResidentSetSize of job (KB)
...
006 (8580190.000.000) 11/23 17:34:24 Image size of job updated: 332664
	184  -  MemoryUsage of job (MB)
	188292  -  ResidentSetSize of job (KB)
...
006 (8580190.000.000) 11/23 17:39:25 Image size of job updated: 359232
	184  -  MemoryUsage of job (MB)
	188292  -  ResidentSetSize of job (KB)
...
006 (8580190.000.000) 11/23 17:49:26 Image size of job updated: 386368
	217  -  MemoryUsage of job (MB)
	221276  -  ResidentSetSize of job (KB)
...
006 (8580190.000.000) 11/23 17:59:27 Image size of job updated: 389796
	235  -  MemoryUsage of job (MB)
	240184  -  ResidentSetSize of job (KB)
...
006 (8580190.000.000) 11/23 18:04:27 Image size of job updated: 392196
	236  -  MemoryUsage of job (MB)
	241508  -  ResidentSetSize of job (KB)
...
006 (8580190.000.000) 11/23 18:34:31 Image size of job updated: 404996
	236  -  MemoryUsage of job (MB)
	241508  -  ResidentSetSize of job (KB)
...
005 (8580190.000.000) 11/23 19:28:32 Job terminated.
	(1) Normal termination (return value 0)
		Usr 0 01:54:04, Sys 0 00:00:54  -  Run Remote Usage
		Usr 0 00:00:00, Sys 0 00:00:00  -  Run Local Usage
		Usr 0 01:54:04, Sys 0 00:00:54  -  Total Remote Usage
		Usr 0 00:00:00, Sys 0 00:00:00  -  Total Local Usage
	0  -  Run Bytes Sent By Job
	0  -  Run Bytes Received By Job
	0  -  Total Bytes Sent By Job
	0  -  Total Bytes Received By Job
	Partitionable Resources :    Usage  Request Allocated
	   Cpus                 :                 1         1
	   Disk (KB)            :        1        1  16723049
	   Memory (MB)          :      236        1      4023
...
000 (8581660.000.000) 11/24 20:19:55 Job submitted from host: <10.10.48.31:12542?addrs=10.10.48.31-12542>
...
001 (8581660.000.000) 11/24 20:20:13 Job executing on host: <10.10.48.35:61041?addrs=10.10.48.35-61041>
...
006 (8581660.000.000) 11/24 20:20:22 Image size of job updated: 180336
	29  -  MemoryUsage of job (MB)
	29460  -  ResidentSetSize of job (KB)
...
006 (8581660.000.000) 11/24 20:22:08 Image size of job updated: 328584
	29  -  MemoryUsage of job (MB)
	29460  -  ResidentSetSize of job (KB)
...
004 (8581660.000.000) 11/24 20:22:08 Job was evicted.
	(0) Job was not checkpointed.
		Usr 0 00:01:27, Sys 0 00:00:01  -  Run Remote Usage
		Usr 0 00:00:00, Sys 0 00:00:00  -  Run Local Usage
	0  -  Run Bytes Sent By Job
	0  -  Run Bytes Received By Job
	Partitionable Resources :    Usage  Request Allocated
	   Cpus                 :                 1         1
	   Disk (KB)            :        1        1  16722878
	   Memory (MB)          :       29        1      4023
...
009 (8581660.000.000) 11/24 20:22:09 Job was aborted by the user.
	via condor_rm (by user mawenbo)
...
