000 (8580166.000.000) 11/23 17:24:08 Job submitted from host: <10.10.48.31:12542?addrs=10.10.48.31-12542>
...
001 (8580166.000.000) 11/23 17:24:13 Job executing on host: <10.10.48.141:50603?addrs=10.10.48.141-50603>
...
006 (8580166.000.000) 11/23 17:24:22 Image size of job updated: 180240
	31  -  MemoryUsage of job (MB)
	31308  -  ResidentSetSize of job (KB)
...
006 (8580166.000.000) 11/23 17:29:23 Image size of job updated: 325660
	111  -  MemoryUsage of job (MB)
	112840  -  ResidentSetSize of job (KB)
...
006 (8580166.000.000) 11/23 17:34:23 Image size of job updated: 325660
	132  -  MemoryUsage of job (MB)
	135024  -  ResidentSetSize of job (KB)
...
006 (8580166.000.000) 11/23 17:39:23 Image size of job updated: 325660
	137  -  MemoryUsage of job (MB)
	139312  -  ResidentSetSize of job (KB)
...
006 (8580166.000.000) 11/23 17:44:24 Image size of job updated: 325660
	155  -  MemoryUsage of job (MB)
	158048  -  ResidentSetSize of job (KB)
...
006 (8580166.000.000) 11/23 17:49:24 Image size of job updated: 357724
	210  -  MemoryUsage of job (MB)
	214028  -  ResidentSetSize of job (KB)
...
006 (8580166.000.000) 11/23 17:54:24 Image size of job updated: 383492
	235  -  MemoryUsage of job (MB)
	239796  -  ResidentSetSize of job (KB)
...
006 (8580166.000.000) 11/23 17:59:25 Image size of job updated: 383916
	235  -  MemoryUsage of job (MB)
	240220  -  ResidentSetSize of job (KB)
...
006 (8580166.000.000) 11/23 18:04:26 Image size of job updated: 384612
	236  -  MemoryUsage of job (MB)
	240916  -  ResidentSetSize of job (KB)
...
006 (8580166.000.000) 11/23 19:44:36 Image size of job updated: 385120
	236  -  MemoryUsage of job (MB)
	240916  -  ResidentSetSize of job (KB)
...
005 (8580166.000.000) 11/23 19:58:38 Job terminated.
	(1) Normal termination (return value 0)
		Usr 0 02:09:16, Sys 0 00:00:44  -  Run Remote Usage
		Usr 0 00:00:00, Sys 0 00:00:00  -  Run Local Usage
		Usr 0 02:09:16, Sys 0 00:00:44  -  Total Remote Usage
		Usr 0 00:00:00, Sys 0 00:00:00  -  Total Local Usage
	0  -  Run Bytes Sent By Job
	0  -  Run Bytes Received By Job
	0  -  Total Bytes Sent By Job
	0  -  Total Bytes Received By Job
	Partitionable Resources :    Usage  Request Allocated
	   Cpus                 :                 1         1
	   Disk (KB)            :        1        1  13376760
	   Memory (MB)          :      236        1      6441
...
000 (8581636.000.000) 11/24 20:19:52 Job submitted from host: <10.10.48.31:12542?addrs=10.10.48.31-12542>
...
001 (8581636.000.000) 11/24 20:20:15 Job executing on host: <10.10.48.41:20766?addrs=10.10.48.41-20766>
...
006 (8581636.000.000) 11/24 20:20:23 Image size of job updated: 185328
	30  -  MemoryUsage of job (MB)
	29868  -  ResidentSetSize of job (KB)
...
006 (8581636.000.000) 11/24 20:22:08 Image size of job updated: 323004
	30  -  MemoryUsage of job (MB)
	29868  -  ResidentSetSize of job (KB)
...
004 (8581636.000.000) 11/24 20:22:08 Job was evicted.
	(0) Job was not checkpointed.
		Usr 0 00:01:28, Sys 0 00:00:02  -  Run Remote Usage
		Usr 0 00:00:00, Sys 0 00:00:00  -  Run Local Usage
	0  -  Run Bytes Sent By Job
	0  -  Run Bytes Received By Job
	Partitionable Resources :    Usage  Request Allocated
	   Cpus                 :                 1         1
	   Disk (KB)            :        1        1  16725498
	   Memory (MB)          :       30        1      4023
...
009 (8581636.000.000) 11/24 20:22:09 Job was aborted by the user.
	via condor_rm (by user mawenbo)
...
