000 (8580179.000.000) 11/23 17:24:09 Job submitted from host: <10.10.48.31:12542?addrs=10.10.48.31-12542>
...
001 (8580179.000.000) 11/23 17:24:15 Job executing on host: <10.10.48.141:50603?addrs=10.10.48.141-50603>
...
006 (8580179.000.000) 11/23 17:24:24 Image size of job updated: 180288
	31  -  MemoryUsage of job (MB)
	31224  -  ResidentSetSize of job (KB)
...
006 (8580179.000.000) 11/23 17:29:25 Image size of job updated: 313484
	156  -  MemoryUsage of job (MB)
	159552  -  ResidentSetSize of job (KB)
...
006 (8580179.000.000) 11/23 17:34:26 Image size of job updated: 331820
	156  -  MemoryUsage of job (MB)
	159552  -  ResidentSetSize of job (KB)
...
006 (8580179.000.000) 11/23 17:39:26 Image size of job updated: 380012
	229  -  MemoryUsage of job (MB)
	233576  -  ResidentSetSize of job (KB)
...
006 (8580179.000.000) 11/23 17:44:27 Image size of job updated: 381940
	230  -  MemoryUsage of job (MB)
	235504  -  ResidentSetSize of job (KB)
...
006 (8580179.000.000) 11/23 17:49:28 Image size of job updated: 381940
	231  -  MemoryUsage of job (MB)
	235936  -  ResidentSetSize of job (KB)
...
006 (8580179.000.000) 11/23 17:54:28 Image size of job updated: 382420
	233  -  MemoryUsage of job (MB)
	238456  -  ResidentSetSize of job (KB)
...
006 (8580179.000.000) 11/23 17:59:28 Image size of job updated: 382420
	233  -  MemoryUsage of job (MB)
	238464  -  ResidentSetSize of job (KB)
...
006 (8580179.000.000) 11/23 18:04:29 Image size of job updated: 382420
	233  -  MemoryUsage of job (MB)
	238548  -  ResidentSetSize of job (KB)
...
006 (8580179.000.000) 11/23 18:09:29 Image size of job updated: 384476
	235  -  MemoryUsage of job (MB)
	240520  -  ResidentSetSize of job (KB)
...
006 (8580179.000.000) 11/23 19:04:35 Image size of job updated: 385852
	237  -  MemoryUsage of job (MB)
	241896  -  ResidentSetSize of job (KB)
...
006 (8580179.000.000) 11/23 19:19:36 Image size of job updated: 386080
	237  -  MemoryUsage of job (MB)
	242124  -  ResidentSetSize of job (KB)
...
005 (8580179.000.000) 11/23 19:45:09 Job terminated.
	(1) Normal termination (return value 0)
		Usr 0 01:54:32, Sys 0 00:00:20  -  Run Remote Usage
		Usr 0 00:00:00, Sys 0 00:00:00  -  Run Local Usage
		Usr 0 01:54:32, Sys 0 00:00:20  -  Total Remote Usage
		Usr 0 00:00:00, Sys 0 00:00:00  -  Total Local Usage
	0  -  Run Bytes Sent By Job
	0  -  Run Bytes Received By Job
	0  -  Total Bytes Sent By Job
	0  -  Total Bytes Received By Job
	Partitionable Resources :    Usage  Request Allocated
	   Cpus                 :                 1         1
	   Disk (KB)            :        1        1  13376760
	   Memory (MB)          :      237        1      6441
...
000 (8581649.000.000) 11/24 20:19:53 Job submitted from host: <10.10.48.31:12542?addrs=10.10.48.31-12542>
...
001 (8581649.000.000) 11/24 20:20:14 Job executing on host: <10.10.48.141:50603?addrs=10.10.48.141-50603>
...
006 (8581649.000.000) 11/24 20:20:23 Image size of job updated: 57188
	3  -  MemoryUsage of job (MB)
	2820  -  ResidentSetSize of job (KB)
...
006 (8581649.000.000) 11/24 20:22:09 Image size of job updated: 182416
	3  -  MemoryUsage of job (MB)
	2820  -  ResidentSetSize of job (KB)
...
004 (8581649.000.000) 11/24 20:22:09 Job was evicted.
	(0) Job was not checkpointed.
		Usr 0 00:00:04, Sys 0 00:00:00  -  Run Remote Usage
		Usr 0 00:00:00, Sys 0 00:00:00  -  Run Local Usage
	0  -  Run Bytes Sent By Job
	0  -  Run Bytes Received By Job
	Partitionable Resources :    Usage  Request Allocated
	   Cpus                 :                 1         1
	   Disk (KB)            :        1        1  13376551
	   Memory (MB)          :        3        1      6441
...
009 (8581649.000.000) 11/24 20:22:09 Job was aborted by the user.
	via condor_rm (by user mawenbo)
...
