000 (8580175.000.000) 11/23 17:24:09 Job submitted from host: <10.10.48.31:12542?addrs=10.10.48.31-12542>
...
001 (8580175.000.000) 11/23 17:24:15 Job executing on host: <10.10.48.141:50603?addrs=10.10.48.141-50603>
...
006 (8580175.000.000) 11/23 17:24:23 Image size of job updated: 57156
	3  -  MemoryUsage of job (MB)
	2596  -  ResidentSetSize of job (KB)
...
006 (8580175.000.000) 11/23 17:29:23 Image size of job updated: 332380
	182  -  MemoryUsage of job (MB)
	185648  -  ResidentSetSize of job (KB)
...
006 (8580175.000.000) 11/23 17:34:23 Image size of job updated: 332756
	182  -  MemoryUsage of job (MB)
	186032  -  ResidentSetSize of job (KB)
...
006 (8580175.000.000) 11/23 17:39:24 Image size of job updated: 333268
	183  -  MemoryUsage of job (MB)
	186596  -  ResidentSetSize of job (KB)
...
006 (8580175.000.000) 11/23 17:44:25 Image size of job updated: 385216
	232  -  MemoryUsage of job (MB)
	237492  -  ResidentSetSize of job (KB)
...
006 (8580175.000.000) 11/23 17:49:25 Image size of job updated: 385216
	234  -  MemoryUsage of job (MB)
	239532  -  ResidentSetSize of job (KB)
...
005 (8580175.000.000) 11/23 18:51:31 Job terminated.
	(1) Normal termination (return value 0)
		Usr 0 01:12:14, Sys 0 00:00:11  -  Run Remote Usage
		Usr 0 00:00:00, Sys 0 00:00:00  -  Run Local Usage
		Usr 0 01:12:14, Sys 0 00:00:11  -  Total Remote Usage
		Usr 0 00:00:00, Sys 0 00:00:00  -  Total Local Usage
	0  -  Run Bytes Sent By Job
	0  -  Run Bytes Received By Job
	0  -  Total Bytes Sent By Job
	0  -  Total Bytes Received By Job
	Partitionable Resources :    Usage  Request Allocated
	   Cpus                 :                 1         1
	   Disk (KB)            :        1        1  13376760
	   Memory (MB)          :      234        1      6441
...
000 (8581645.000.000) 11/24 20:19:53 Job submitted from host: <10.10.48.31:12542?addrs=10.10.48.31-12542>
...
001 (8581645.000.000) 11/24 20:20:13 Job executing on host: <10.10.48.141:50603?addrs=10.10.48.141-50603>
...
006 (8581645.000.000) 11/24 20:20:22 Image size of job updated: 180556
	30  -  MemoryUsage of job (MB)
	29768  -  ResidentSetSize of job (KB)
...
006 (8581645.000.000) 11/24 20:22:09 Image size of job updated: 283108
	30  -  MemoryUsage of job (MB)
	29768  -  ResidentSetSize of job (KB)
...
004 (8581645.000.000) 11/24 20:22:09 Job was evicted.
	(0) Job was not checkpointed.
		Usr 0 00:00:31, Sys 0 00:00:00  -  Run Remote Usage
		Usr 0 00:00:00, Sys 0 00:00:00  -  Run Local Usage
	0  -  Run Bytes Sent By Job
	0  -  Run Bytes Received By Job
	Partitionable Resources :    Usage  Request Allocated
	   Cpus                 :                 1         1
	   Disk (KB)            :        1        1  13376551
	   Memory (MB)          :       30        1      6441
...
009 (8581645.000.000) 11/24 20:22:09 Job was aborted by the user.
	via condor_rm (by user mawenbo)
...
