000 (8580101.000.000) 11/23 16:53:57 Job submitted from host: <10.10.48.31:12542?addrs=10.10.48.31-12542>
...
001 (8580101.000.000) 11/23 16:53:58 Job executing on host: <10.10.48.41:20766?addrs=10.10.48.41-20766>
...
006 (8580101.000.000) 11/23 16:54:07 Image size of job updated: 57032
	3  -  MemoryUsage of job (MB)
	2596  -  ResidentSetSize of job (KB)
...
006 (8580101.000.000) 11/23 16:59:08 Image size of job updated: 346992
	171  -  MemoryUsage of job (MB)
	174764  -  ResidentSetSize of job (KB)
...
006 (8580101.000.000) 11/23 17:04:09 Image size of job updated: 348000
	196  -  MemoryUsage of job (MB)
	199688  -  ResidentSetSize of job (KB)
...
006 (8580101.000.000) 11/23 17:09:09 Image size of job updated: 381260
	229  -  MemoryUsage of job (MB)
	233476  -  ResidentSetSize of job (KB)
...
006 (8580101.000.000) 11/23 17:14:09 Image size of job updated: 406520
	231  -  MemoryUsage of job (MB)
	236324  -  ResidentSetSize of job (KB)
...
006 (8580101.000.000) 11/23 17:19:10 Image size of job updated: 407080
	256  -  MemoryUsage of job (MB)
	261704  -  ResidentSetSize of job (KB)
...
000 (8580157.000.000) 11/23 17:24:08 Job submitted from host: <10.10.48.31:12542?addrs=10.10.48.31-12542>
...
006 (8580101.000.000) 11/23 17:24:10 Image size of job updated: 408740
	256  -  MemoryUsage of job (MB)
	261704  -  ResidentSetSize of job (KB)
...
001 (8580157.000.000) 11/23 17:24:13 Job executing on host: <10.10.48.41:20766?addrs=10.10.48.41-20766>
...
006 (8580157.000.000) 11/23 17:24:22 Image size of job updated: 57032
	3  -  MemoryUsage of job (MB)
	2608  -  ResidentSetSize of job (KB)
...
006 (8580157.000.000) 11/23 17:29:23 Image size of job updated: 325992
	174  -  MemoryUsage of job (MB)
	177516  -  ResidentSetSize of job (KB)
...
006 (8580157.000.000) 11/23 17:34:24 Image size of job updated: 326656
	175  -  MemoryUsage of job (MB)
	178552  -  ResidentSetSize of job (KB)
...
006 (8580157.000.000) 11/23 17:39:24 Image size of job updated: 327188
	177  -  MemoryUsage of job (MB)
	181128  -  ResidentSetSize of job (KB)
...
006 (8580157.000.000) 11/23 17:44:24 Image size of job updated: 327188
	177  -  MemoryUsage of job (MB)
	181164  -  ResidentSetSize of job (KB)
...
006 (8580157.000.000) 11/23 17:49:25 Image size of job updated: 351464
	177  -  MemoryUsage of job (MB)
	181164  -  ResidentSetSize of job (KB)
...
006 (8580101.000.000) 11/23 17:54:14 Image size of job updated: 409008
	256  -  MemoryUsage of job (MB)
	261704  -  ResidentSetSize of job (KB)
...
006 (8580157.000.000) 11/23 17:54:25 Image size of job updated: 385208
	234  -  MemoryUsage of job (MB)
	239340  -  ResidentSetSize of job (KB)
...
006 (8580157.000.000) 11/23 17:59:25 Image size of job updated: 386624
	236  -  MemoryUsage of job (MB)
	240652  -  ResidentSetSize of job (KB)
...
006 (8580157.000.000) 11/23 18:09:27 Image size of job updated: 389744
	239  -  MemoryUsage of job (MB)
	243772  -  ResidentSetSize of job (KB)
...
006 (8580101.000.000) 11/23 18:14:15 Image size of job updated: 412600
	256  -  MemoryUsage of job (MB)
	261704  -  ResidentSetSize of job (KB)
...
006 (8580157.000.000) 11/23 18:44:30 Image size of job updated: 390468
	239  -  MemoryUsage of job (MB)
	244496  -  ResidentSetSize of job (KB)
...
005 (8580101.000.000) 11/23 18:51:44 Job terminated.
	(1) Normal termination (return value 0)
		Usr 0 01:50:06, Sys 0 00:00:20  -  Run Remote Usage
		Usr 0 00:00:00, Sys 0 00:00:00  -  Run Local Usage
		Usr 0 01:50:06, Sys 0 00:00:20  -  Total Remote Usage
		Usr 0 00:00:00, Sys 0 00:00:00  -  Total Local Usage
	0  -  Run Bytes Sent By Job
	0  -  Run Bytes Received By Job
	0  -  Total Bytes Sent By Job
	0  -  Total Bytes Received By Job
	Partitionable Resources :    Usage  Request Allocated
	   Cpus                 :                 1         1
	   Disk (KB)            :        1        1  16725845
	   Memory (MB)          :      256        1      4023
...
005 (8580157.000.000) 11/23 21:18:13 Job terminated.
	(1) Normal termination (return value 0)
		Usr 0 03:41:56, Sys 0 00:00:19  -  Run Remote Usage
		Usr 0 00:00:00, Sys 0 00:00:00  -  Run Local Usage
		Usr 0 03:41:56, Sys 0 00:00:19  -  Total Remote Usage
		Usr 0 00:00:00, Sys 0 00:00:00  -  Total Local Usage
	0  -  Run Bytes Sent By Job
	0  -  Run Bytes Received By Job
	0  -  Total Bytes Sent By Job
	0  -  Total Bytes Received By Job
	Partitionable Resources :    Usage  Request Allocated
	   Cpus                 :                 1         1
	   Disk (KB)            :        1        1  16725772
	   Memory (MB)          :      239        1      4023
...
000 (8580311.000.000) 11/24 10:41:17 Job submitted from host: <10.10.48.31:12542?addrs=10.10.48.31-12542>
...
001 (8580311.000.000) 11/24 10:41:36 Job executing on host: <10.10.48.41:20766?addrs=10.10.48.41-20766>
...
006 (8580311.000.000) 11/24 10:41:45 Image size of job updated: 180316
	31  -  MemoryUsage of job (MB)
	31428  -  ResidentSetSize of job (KB)
...
006 (8580311.000.000) 11/24 10:46:45 Image size of job updated: 303636
	126  -  MemoryUsage of job (MB)
	128244  -  ResidentSetSize of job (KB)
...
006 (8580311.000.000) 11/24 10:51:45 Image size of job updated: 308884
	161  -  MemoryUsage of job (MB)
	164860  -  ResidentSetSize of job (KB)
...
005 (8580311.000.000) 11/24 11:00:14 Job terminated.
	(1) Normal termination (return value 0)
		Usr 0 00:18:22, Sys 0 00:00:00  -  Run Remote Usage
		Usr 0 00:00:00, Sys 0 00:00:00  -  Run Local Usage
		Usr 0 00:18:22, Sys 0 00:00:00  -  Total Remote Usage
		Usr 0 00:00:00, Sys 0 00:00:00  -  Total Local Usage
	0  -  Run Bytes Sent By Job
	0  -  Run Bytes Received By Job
	0  -  Total Bytes Sent By Job
	0  -  Total Bytes Received By Job
	Partitionable Resources :    Usage  Request Allocated
	   Cpus                 :                 1         1
	   Disk (KB)            :        1        1  16725699
	   Memory (MB)          :      161        1      4023
...
000 (8581627.000.000) 11/24 20:19:51 Job submitted from host: <10.10.48.31:12542?addrs=10.10.48.31-12542>
...
001 (8581627.000.000) 11/24 20:20:13 Job executing on host: <10.10.48.41:20766?addrs=10.10.48.41-20766>
...
006 (8581627.000.000) 11/24 20:20:21 Image size of job updated: 180824
	29  -  MemoryUsage of job (MB)
	28976  -  ResidentSetSize of job (KB)
...
006 (8581627.000.000) 11/24 20:22:08 Image size of job updated: 239996
	29  -  MemoryUsage of job (MB)
	28976  -  ResidentSetSize of job (KB)
...
004 (8581627.000.000) 11/24 20:22:08 Job was evicted.
	(0) Job was not checkpointed.
		Usr 0 00:00:12, Sys 0 00:00:00  -  Run Remote Usage
		Usr 0 00:00:00, Sys 0 00:00:00  -  Run Local Usage
	0  -  Run Bytes Sent By Job
	0  -  Run Bytes Received By Job
	Partitionable Resources :    Usage  Request Allocated
	   Cpus                 :                 1         1
	   Disk (KB)            :        1        1  16725498
	   Memory (MB)          :       29        1      4023
...
009 (8581627.000.000) 11/24 20:22:09 Job was aborted by the user.
	via condor_rm (by user mawenbo)
...
