
Processing BiPo_coin.C(24665)...
1.55408%
2.33112%
3.10816%
3.8852%
4.66224%
5.43928%
6.21632%
totalEvents: 1781832
0%
0.56122%
1.12244%
1.68366%
2.24488%
2.8061%

10.8786%
11.6556%
12.4326%
13.2097%
4.48976%
14.7637%
15.5408%
16.3178%
17.0949%6.17342%

18.6489%
19.426%
20.203%
20.9801%
%
8.4183%
8.97952%
22.5341%
23.3112%
24.0882%11.2244%

25.6423%
26.4193%
27.1964%
27.9734%
28.7505%
12.9081%
13.4693%
14.0305%
30.3045%
15.1529%
15.7142%
16.2754%
16.8366%
17.3978%
17.959%
132.6357%
9.0815%
19.6427%
20.2039%
20.7651%
21.3264%
21.8876%
35.7438%
36.5209%
37.2979%
.1325%
24.6937%
25.2549%
25.8161%
26.3773%
26.93841.27.4998%
28.061%
28.6222%
29.1834%
29.744745.8453%
%
30.8671%
31.4283%
31.9895%
48.9535%
33.112%
33.6732%
34.2344%
34.7956%
35.3569%
35.9181%
36.4793%
37.0405%
54.3928%
55.1698%38.7242%
39.2854%
39.8466%
40.4078%
40.9691%
41.5303%
42.0915%
42.6527%
43.214%
43.7752%
44.3364%
463.7172%
5.4588%
46.0201%
46.5813%
47.1425%
47.7037%
48.2649%
48.8262%
67.6024%
49.9486%
50.5098%
51.071%
51.6323%
52.1935%
52.7547%
53.3159%
53.8771%
54.4384%

74.5958%
75.3728%
54.9996%
55.5608%
56.122%
56.6832%
57.2445%
57.8057%
58.3669%
1.5891%
82.3662%
83.1432%
83.9203%
84.6973%
58.9281%
59.4893%
60.0506%
60.6118%
61.173%
61.7342%
690.1366%
2.8567%
63.4179%
63.9791%
64.5403%
65.1015%
65.6628%
66.224%
66.7852%
67.3464%
67.9076%

97.1299%
68.4689%
69.0301%
69.5913%
%
70.1525%
70.7137%
71.275%
71.8362%
72.3974%
72.9586%
73.5198%
74.0811%
74.6423%
75.2035%
75.7647%
76.3259%
76.8872%
77.4484%
78.0096%
78.5708%
79.132%
79.6933%
80.2545%
80.8157%
81.3769%
81.9381%
82.4994%
83.0606%
83.6218%
84.183%
84.7442%
85.3055%
85.8667%
86.4279%
86.9891%
87.5503%
88.1116%
88.6728%
89.234%
89.7952%
90.3564%
90.9177%
91.4789%
92.0401%
92.6013%
93.1625%
93.7238%
94.285%
94.8462%
95.4074%
95.9686%
96.5299%
97.0911%
97.6523%
98.2135%
98.7747%
99.336%
99.8972%
100%
