7.04826%
8.45791%
oin.C(24653)...
9.86756%
11.2772%
12.6869%
3
0%
1.89353%
3.78707%
5.6806%
7.57414%
9.46767%
11.3612%
13.2547%
15.1483%
17.0418%
18.9353%
20.8289%
22.7224%
24.6159%
26.5095%
22.5544%
23.9641%
25.3737%
26.7834%
5.9771%
28.193%
29.6027%
31.0123%

43.5513%
45.4448%33.8316%
35.2413%
36.6509%

53.019%
54.9125%
39.4703%
40.8799%
0.5931%
62.4866%
64.3802%
45.1089%
46.5185%
70.0608%
71.9543%
73.8478%
75.7414%
52.1571%
53.5668%
54.9764%83.3155%
85.209%
8759.2054%
60.615%
62.0247%
2.7832%
94.6767%
96.5702%
98.4638%
100%
63.4343%
64.844%
66.2536%
67.6633%
69.0729%
70.4826%
71.8922%
73.3019%
74.7115%
76.1212%
77.5309%
78.9405%
80.3502%
81.7598%
83.1695%
84.5791%
85.9888%
87.3984%
88.8081%
90.2177%
91.6274%
93.037%
94.4467%
95.8563%
97.266%
98.6756%
100%
