000 (8513139.000.000) 11/20 20:04:42 Job submitted from host: <10.10.48.31:12542?addrs=10.10.48.31-12542>
...
001 (8513139.000.000) 11/20 20:04:54 Job executing on host: <10.10.48.141:50603?addrs=10.10.48.141-50603>
...
006 (8513139.000.000) 11/20 20:04:54 Image size of job updated: 167736
	0  -  MemoryUsage of job (MB)
	0  -  ResidentSetSize of job (KB)
...
005 (8513139.000.000) 11/20 20:04:54 Job terminated.
	(1) Normal termination (return value 1)
		Usr 0 00:00:00, Sys 0 00:00:00  -  Run Remote Usage
		Usr 0 00:00:00, Sys 0 00:00:00  -  Run Local Usage
		Usr 0 00:00:00, Sys 0 00:00:00  -  Total Remote Usage
		Usr 0 00:00:00, Sys 0 00:00:00  -  Total Local Usage
	0  -  Run Bytes Sent By Job
	0  -  Run Bytes Received By Job
	0  -  Total Bytes Sent By Job
	0  -  Total Bytes Received By Job
	Partitionable Resources :    Usage  Request Allocated
	   Cpus                 :                 1         1
	   Disk (KB)            :        1        1  12769662
	   Memory (MB)          :        0        1      6441
...
000 (8513205.000.000) 11/20 20:06:18 Job submitted from host: <10.10.48.31:12542?addrs=10.10.48.31-12542>
...
001 (8513205.000.000) 11/20 20:06:33 Job executing on host: <10.10.48.35:61041?addrs=10.10.48.35-61041>
...
006 (8513205.000.000) 11/20 20:06:41 Image size of job updated: 266348
	99  -  MemoryUsage of job (MB)
	100860  -  ResidentSetSize of job (KB)
...
005 (8513205.000.000) 11/20 20:06:51 Job terminated.
	(1) Normal termination (return value 0)
		Usr 0 00:00:04, Sys 0 00:00:00  -  Run Remote Usage
		Usr 0 00:00:00, Sys 0 00:00:00  -  Run Local Usage
		Usr 0 00:00:04, Sys 0 00:00:00  -  Total Remote Usage
		Usr 0 00:00:00, Sys 0 00:00:00  -  Total Local Usage
	0  -  Run Bytes Sent By Job
	0  -  Run Bytes Received By Job
	0  -  Total Bytes Sent By Job
	0  -  Total Bytes Received By Job
	Partitionable Resources :    Usage  Request Allocated
	   Cpus                 :                 1         1
	   Disk (KB)            :        1        1  16722188
	   Memory (MB)          :       99        1      4023
...
000 (8568163.000.000) 11/23 10:24:46 Job submitted from host: <10.10.48.31:12542?addrs=10.10.48.31-12542>
...
001 (8568163.000.000) 11/23 10:24:52 Job executing on host: <10.10.48.146:58220?addrs=10.10.48.146-58220>
...
006 (8568163.000.000) 11/23 10:24:53 Image size of job updated: 190340
	0  -  MemoryUsage of job (MB)
	0  -  ResidentSetSize of job (KB)
...
005 (8568163.000.000) 11/23 10:24:55 Job terminated.
	(1) Normal termination (return value 0)
		Usr 0 00:00:00, Sys 0 00:00:00  -  Run Remote Usage
		Usr 0 00:00:00, Sys 0 00:00:00  -  Run Local Usage
		Usr 0 00:00:00, Sys 0 00:00:00  -  Total Remote Usage
		Usr 0 00:00:00, Sys 0 00:00:00  -  Total Local Usage
	0  -  Run Bytes Sent By Job
	0  -  Run Bytes Received By Job
	0  -  Total Bytes Sent By Job
	0  -  Total Bytes Received By Job
	Partitionable Resources :    Usage  Request Allocated
	   Cpus                 :                 1         1
	   Disk (KB)            :        1        1  13348234
	   Memory (MB)          :        0        1      6441
...
000 (8569011.000.000) 11/23 10:45:23 Job submitted from host: <10.10.48.31:12542?addrs=10.10.48.31-12542>
...
001 (8569011.000.000) 11/23 10:45:36 Job executing on host: <10.10.48.146:58220?addrs=10.10.48.146-58220>
...
006 (8569011.000.000) 11/23 10:45:44 Image size of job updated: 266304
	99  -  MemoryUsage of job (MB)
	100720  -  ResidentSetSize of job (KB)
...
006 (8569011.000.000) 11/23 10:46:14 Image size of job updated: 266392
	99  -  MemoryUsage of job (MB)
	100720  -  ResidentSetSize of job (KB)
...
005 (8569011.000.000) 11/23 10:46:14 Job terminated.
	(1) Normal termination (return value 0)
		Usr 0 00:00:16, Sys 0 00:00:00  -  Run Remote Usage
		Usr 0 00:00:00, Sys 0 00:00:00  -  Run Local Usage
		Usr 0 00:00:16, Sys 0 00:00:00  -  Total Remote Usage
		Usr 0 00:00:00, Sys 0 00:00:00  -  Total Local Usage
	0  -  Run Bytes Sent By Job
	0  -  Run Bytes Received By Job
	0  -  Total Bytes Sent By Job
	0  -  Total Bytes Received By Job
	Partitionable Resources :    Usage  Request Allocated
	   Cpus                 :                 1         1
	   Disk (KB)            :        1        1  13348118
	   Memory (MB)          :       99        1      6441
...
000 (8569565.000.000) 11/23 10:57:31 Job submitted from host: <10.10.48.31:12542?addrs=10.10.48.31-12542>
...
001 (8569565.000.000) 11/23 10:57:39 Job executing on host: <10.10.48.41:20766?addrs=10.10.48.41-20766>
...
006 (8569565.000.000) 11/23 10:57:48 Image size of job updated: 266364
	102  -  MemoryUsage of job (MB)
	104052  -  ResidentSetSize of job (KB)
...
006 (8569565.000.000) 11/23 10:57:54 Image size of job updated: 266440
	102  -  MemoryUsage of job (MB)
	104052  -  ResidentSetSize of job (KB)
...
005 (8569565.000.000) 11/23 10:57:54 Job terminated.
	(1) Normal termination (return value 0)
		Usr 0 00:00:12, Sys 0 00:00:00  -  Run Remote Usage
		Usr 0 00:00:00, Sys 0 00:00:00  -  Run Local Usage
		Usr 0 00:00:12, Sys 0 00:00:00  -  Total Remote Usage
		Usr 0 00:00:00, Sys 0 00:00:00  -  Total Local Usage
	0  -  Run Bytes Sent By Job
	0  -  Run Bytes Received By Job
	0  -  Total Bytes Sent By Job
	0  -  Total Bytes Received By Job
	Partitionable Resources :    Usage  Request Allocated
	   Cpus                 :                 1         1
	   Disk (KB)            :        1        1  16725954
	   Memory (MB)          :      102        1      4023
...
000 (8577516.000.000) 11/23 15:06:25 Job submitted from host: <10.10.48.31:12542?addrs=10.10.48.31-12542>
...
001 (8577516.000.000) 11/23 15:06:29 Job executing on host: <10.10.48.141:50603?addrs=10.10.48.141-50603>
...
006 (8577516.000.000) 11/23 15:06:38 Image size of job updated: 266304
	102  -  MemoryUsage of job (MB)
	103872  -  ResidentSetSize of job (KB)
...
005 (8577516.000.000) 11/23 15:06:47 Job terminated.
	(1) Normal termination (return value 0)
		Usr 0 00:00:13, Sys 0 00:00:00  -  Run Remote Usage
		Usr 0 00:00:00, Sys 0 00:00:00  -  Run Local Usage
		Usr 0 00:00:13, Sys 0 00:00:00  -  Total Remote Usage
		Usr 0 00:00:00, Sys 0 00:00:00  -  Total Local Usage
	0  -  Run Bytes Sent By Job
	0  -  Run Bytes Received By Job
	0  -  Total Bytes Sent By Job
	0  -  Total Bytes Received By Job
	Partitionable Resources :    Usage  Request Allocated
	   Cpus                 :                 1         1
	   Disk (KB)            :        1        1  13376625
	   Memory (MB)          :      102        1      6441
...
000 (8580119.000.000) 11/23 17:22:33 Job submitted from host: <10.10.48.31:12542?addrs=10.10.48.31-12542>
...
001 (8580119.000.000) 11/23 17:22:34 Job executing on host: <10.10.48.41:20766?addrs=10.10.48.41-20766>
...
006 (8580119.000.000) 11/23 17:22:35 Image size of job updated: 190716
	0  -  MemoryUsage of job (MB)
	0  -  ResidentSetSize of job (KB)
...
005 (8580119.000.000) 11/23 17:22:35 Job terminated.
	(1) Normal termination (return value 0)
		Usr 0 00:00:00, Sys 0 00:00:00  -  Run Remote Usage
		Usr 0 00:00:00, Sys 0 00:00:00  -  Run Local Usage
		Usr 0 00:00:00, Sys 0 00:00:00  -  Total Remote Usage
		Usr 0 00:00:00, Sys 0 00:00:00  -  Total Local Usage
	0  -  Run Bytes Sent By Job
	0  -  Run Bytes Received By Job
	0  -  Total Bytes Sent By Job
	0  -  Total Bytes Received By Job
	Partitionable Resources :    Usage  Request Allocated
	   Cpus                 :                 1         1
	   Disk (KB)            :        1        1  16725821
	   Memory (MB)          :        0        1      4023
...
000 (8580273.000.000) 11/24 10:20:53 Job submitted from host: <10.10.48.31:12542?addrs=10.10.48.31-12542>
...
001 (8580273.000.000) 11/24 10:21:08 Job executing on host: <10.10.48.41:20766?addrs=10.10.48.41-20766>
...
006 (8580273.000.000) 11/24 10:21:16 Image size of job updated: 262120
	95  -  MemoryUsage of job (MB)
	96616  -  ResidentSetSize of job (KB)
...
006 (8580273.000.000) 11/24 10:22:14 Image size of job updated: 262292
	95  -  MemoryUsage of job (MB)
	96616  -  ResidentSetSize of job (KB)
...
005 (8580273.000.000) 11/24 10:22:14 Job terminated.
	(1) Normal termination (return value 0)
		Usr 0 00:01:00, Sys 0 00:00:00  -  Run Remote Usage
		Usr 0 00:00:00, Sys 0 00:00:00  -  Run Local Usage
		Usr 0 00:01:00, Sys 0 00:00:00  -  Total Remote Usage
		Usr 0 00:00:00, Sys 0 00:00:00  -  Total Local Usage
	0  -  Run Bytes Sent By Job
	0  -  Run Bytes Received By Job
	0  -  Total Bytes Sent By Job
	0  -  Total Bytes Received By Job
	Partitionable Resources :    Usage  Request Allocated
	   Cpus                 :                 1         1
	   Disk (KB)            :        1        1  16725725
	   Memory (MB)          :       95        1      4023
...
000 (8581696.000.000) 11/24 20:22:53 Job submitted from host: <10.10.48.31:12542?addrs=10.10.48.31-12542>
...
001 (8581696.000.000) 11/24 20:22:56 Job executing on host: <10.10.48.41:20766?addrs=10.10.48.41-20766>
...
006 (8581696.000.000) 11/24 20:22:57 Image size of job updated: 190348
	0  -  MemoryUsage of job (MB)
	0  -  ResidentSetSize of job (KB)
...
005 (8581696.000.000) 11/24 20:22:58 Job terminated.
	(1) Normal termination (return value 0)
		Usr 0 00:00:00, Sys 0 00:00:00  -  Run Remote Usage
		Usr 0 00:00:00, Sys 0 00:00:00  -  Run Local Usage
		Usr 0 00:00:00, Sys 0 00:00:00  -  Total Remote Usage
		Usr 0 00:00:00, Sys 0 00:00:00  -  Total Local Usage
	0  -  Run Bytes Sent By Job
	0  -  Run Bytes Received By Job
	0  -  Total Bytes Sent By Job
	0  -  Total Bytes Received By Job
	Partitionable Resources :    Usage  Request Allocated
	   Cpus                 :                 1         1
	   Disk (KB)            :        1        1  16725483
	   Memory (MB)          :        0        1      4023
...
000 (8581752.000.000) 11/24 20:31:07 Job submitted from host: <10.10.48.31:12542?addrs=10.10.48.31-12542>
...
001 (8581752.000.000) 11/24 20:31:28 Job executing on host: <10.10.48.141:50603?addrs=10.10.48.141-50603>
...
006 (8581752.000.000) 11/24 20:31:36 Image size of job updated: 183484
	34  -  MemoryUsage of job (MB)
	33804  -  ResidentSetSize of job (KB)
...
006 (8581752.000.000) 11/24 20:35:48 Image size of job updated: 201904
	34  -  MemoryUsage of job (MB)
	33804  -  ResidentSetSize of job (KB)
...
005 (8581752.000.000) 11/24 20:35:48 Job terminated.
	(1) Normal termination (return value 0)
		Usr 0 00:02:41, Sys 0 00:00:03  -  Run Remote Usage
		Usr 0 00:00:00, Sys 0 00:00:00  -  Run Local Usage
		Usr 0 00:02:41, Sys 0 00:00:03  -  Total Remote Usage
		Usr 0 00:00:00, Sys 0 00:00:00  -  Total Local Usage
	0  -  Run Bytes Sent By Job
	0  -  Run Bytes Received By Job
	0  -  Total Bytes Sent By Job
	0  -  Total Bytes Received By Job
	Partitionable Resources :    Usage  Request Allocated
	   Cpus                 :                 1         1
	   Disk (KB)            :        1        1  13376535
	   Memory (MB)          :       34        1      6441
...
000 (8739411.000.000) 11/29 19:23:01 Job submitted from host: <10.10.48.31:12542?addrs=10.10.48.31-12542>
...
001 (8739411.000.000) 11/29 19:23:21 Job executing on host: <10.10.48.35:61041?addrs=10.10.48.35-61041>
...
006 (8739411.000.000) 11/29 19:23:29 Image size of job updated: 176156
	29  -  MemoryUsage of job (MB)
	28928  -  ResidentSetSize of job (KB)
...
006 (8739411.000.000) 11/29 19:28:29 Image size of job updated: 203120
	43  -  MemoryUsage of job (MB)
	43636  -  ResidentSetSize of job (KB)
...
006 (8739411.000.000) 11/29 19:30:53 Image size of job updated: 203188
	43  -  MemoryUsage of job (MB)
	43636  -  ResidentSetSize of job (KB)
...
005 (8739411.000.000) 11/29 19:30:53 Job terminated.
	(1) Normal termination (return value 0)
		Usr 0 00:02:04, Sys 0 00:00:03  -  Run Remote Usage
		Usr 0 00:00:00, Sys 0 00:00:00  -  Run Local Usage
		Usr 0 00:02:04, Sys 0 00:00:03  -  Total Remote Usage
		Usr 0 00:00:00, Sys 0 00:00:00  -  Total Local Usage
	0  -  Run Bytes Sent By Job
	0  -  Run Bytes Received By Job
	0  -  Total Bytes Sent By Job
	0  -  Total Bytes Received By Job
	Partitionable Resources :    Usage  Request Allocated
	   Cpus                 :                 1         1
	   Disk (KB)            :        1        1  16724901
	   Memory (MB)          :       43        1      4023
...
000 (8739562.000.000) 11/29 19:34:19 Job submitted from host: <10.10.48.31:12542?addrs=10.10.48.31-12542>
...
001 (8739562.000.000) 11/29 19:34:28 Job executing on host: <10.10.48.35:61041?addrs=10.10.48.35-61041>
...
006 (8739562.000.000) 11/29 19:34:36 Image size of job updated: 180264
	29  -  MemoryUsage of job (MB)
	28920  -  ResidentSetSize of job (KB)
...
006 (8739562.000.000) 11/29 19:38:51 Image size of job updated: 202944
	29  -  MemoryUsage of job (MB)
	28920  -  ResidentSetSize of job (KB)
...
005 (8739562.000.000) 11/29 19:38:51 Job terminated.
	(1) Normal termination (return value 0)
		Usr 0 00:01:15, Sys 0 00:00:02  -  Run Remote Usage
		Usr 0 00:00:00, Sys 0 00:00:00  -  Run Local Usage
		Usr 0 00:01:15, Sys 0 00:00:02  -  Total Remote Usage
		Usr 0 00:00:00, Sys 0 00:00:00  -  Total Local Usage
	0  -  Run Bytes Sent By Job
	0  -  Run Bytes Received By Job
	0  -  Total Bytes Sent By Job
	0  -  Total Bytes Received By Job
	Partitionable Resources :    Usage  Request Allocated
	   Cpus                 :                 1         1
	   Disk (KB)            :        1        1  16724936
	   Memory (MB)          :       29        1      4023
...
000 (8740384.000.000) 11/29 20:51:03 Job submitted from host: <10.10.48.31:12542?addrs=10.10.48.31-12542>
...
001 (8740384.000.000) 11/29 20:51:08 Job executing on host: <10.10.48.41:20766?addrs=10.10.48.41-20766>
...
006 (8740384.000.000) 11/29 20:51:16 Image size of job updated: 183264
	34  -  MemoryUsage of job (MB)
	33824  -  ResidentSetSize of job (KB)
...
000 (8740485.000.000) 11/29 20:52:26 Job submitted from host: <10.10.48.31:12542?addrs=10.10.48.31-12542>
...
001 (8740485.000.000) 11/29 20:52:48 Job executing on host: <10.10.48.139:49429?addrs=10.10.48.139-49429>
...
006 (8740485.000.000) 11/29 20:52:57 Image size of job updated: 183188
	33  -  MemoryUsage of job (MB)
	33704  -  ResidentSetSize of job (KB)
...
006 (8740384.000.000) 11/29 20:56:16 Image size of job updated: 203140
	44  -  MemoryUsage of job (MB)
	44148  -  ResidentSetSize of job (KB)
...
006 (8740485.000.000) 11/29 20:57:58 Image size of job updated: 203160
	43  -  MemoryUsage of job (MB)
	43656  -  ResidentSetSize of job (KB)
...
005 (8740485.000.000) 11/29 20:59:50 Job terminated.
	(1) Normal termination (return value 0)
		Usr 0 00:02:38, Sys 0 00:00:03  -  Run Remote Usage
		Usr 0 00:00:00, Sys 0 00:00:00  -  Run Local Usage
		Usr 0 00:02:38, Sys 0 00:00:03  -  Total Remote Usage
		Usr 0 00:00:00, Sys 0 00:00:00  -  Total Local Usage
	0  -  Run Bytes Sent By Job
	0  -  Run Bytes Received By Job
	0  -  Total Bytes Sent By Job
	0  -  Total Bytes Received By Job
	Partitionable Resources :    Usage  Request Allocated
	   Cpus                 :                 1         1
	   Disk (KB)            :        1        1  13385363
	   Memory (MB)          :       43        1      6441
...
006 (8740384.000.000) 11/29 21:01:17 Image size of job updated: 203140
	45  -  MemoryUsage of job (MB)
	45168  -  ResidentSetSize of job (KB)
...
005 (8740384.000.000) 11/29 21:02:29 Job terminated.
	(1) Normal termination (return value 0)
		Usr 0 00:03:59, Sys 0 00:00:06  -  Run Remote Usage
		Usr 0 00:00:00, Sys 0 00:00:00  -  Run Local Usage
		Usr 0 00:03:59, Sys 0 00:00:06  -  Total Remote Usage
		Usr 0 00:00:00, Sys 0 00:00:00  -  Total Local Usage
	0  -  Run Bytes Sent By Job
	0  -  Run Bytes Received By Job
	0  -  Total Bytes Sent By Job
	0  -  Total Bytes Received By Job
	Partitionable Resources :    Usage  Request Allocated
	   Cpus                 :                 1         1
	   Disk (KB)            :        1        1  16724675
	   Memory (MB)          :       45        1      4023
...
