000 (8513135.000.000) 11/20 20:04:42 Job submitted from host: <10.10.48.31:12542?addrs=10.10.48.31-12542>
...
001 (8513135.000.000) 11/20 20:04:53 Job executing on host: <10.10.48.141:50603?addrs=10.10.48.141-50603>
...
006 (8513135.000.000) 11/20 20:04:53 Image size of job updated: 172940
	0  -  MemoryUsage of job (MB)
	0  -  ResidentSetSize of job (KB)
...
005 (8513135.000.000) 11/20 20:04:54 Job terminated.
	(1) Normal termination (return value 1)
		Usr 0 00:00:00, Sys 0 00:00:00  -  Run Remote Usage
		Usr 0 00:00:00, Sys 0 00:00:00  -  Run Local Usage
		Usr 0 00:00:00, Sys 0 00:00:00  -  Total Remote Usage
		Usr 0 00:00:00, Sys 0 00:00:00  -  Total Local Usage
	0  -  Run Bytes Sent By Job
	0  -  Run Bytes Received By Job
	0  -  Total Bytes Sent By Job
	0  -  Total Bytes Received By Job
	Partitionable Resources :    Usage  Request Allocated
	   Cpus                 :                 1         1
	   Disk (KB)            :        1        1  12695860
	   Memory (MB)          :        0        1      6441
...
000 (8513201.000.000) 11/20 20:06:17 Job submitted from host: <10.10.48.31:12542?addrs=10.10.48.31-12542>
...
001 (8513201.000.000) 11/20 20:06:35 Job executing on host: <10.10.48.141:50603?addrs=10.10.48.141-50603>
...
006 (8513201.000.000) 11/20 20:06:44 Image size of job updated: 198824
	40  -  MemoryUsage of job (MB)
	40716  -  ResidentSetSize of job (KB)
...
005 (8513201.000.000) 11/20 20:06:44 Job terminated.
	(1) Normal termination (return value 0)
		Usr 0 00:00:00, Sys 0 00:00:00  -  Run Remote Usage
		Usr 0 00:00:00, Sys 0 00:00:00  -  Run Local Usage
		Usr 0 00:00:00, Sys 0 00:00:00  -  Total Remote Usage
		Usr 0 00:00:00, Sys 0 00:00:00  -  Total Local Usage
	0  -  Run Bytes Sent By Job
	0  -  Run Bytes Received By Job
	0  -  Total Bytes Sent By Job
	0  -  Total Bytes Received By Job
	Partitionable Resources :    Usage  Request Allocated
	   Cpus                 :                 1         1
	   Disk (KB)            :        1        1  13070904
	   Memory (MB)          :       40        1      6441
...
000 (8568159.000.000) 11/23 10:24:46 Job submitted from host: <10.10.48.31:12542?addrs=10.10.48.31-12542>
...
001 (8568159.000.000) 11/23 10:24:51 Job executing on host: <10.10.48.146:58220?addrs=10.10.48.146-58220>
...
006 (8568159.000.000) 11/23 10:24:53 Image size of job updated: 190624
	0  -  MemoryUsage of job (MB)
	0  -  ResidentSetSize of job (KB)
...
005 (8568159.000.000) 11/23 10:24:55 Job terminated.
	(1) Normal termination (return value 0)
		Usr 0 00:00:00, Sys 0 00:00:00  -  Run Remote Usage
		Usr 0 00:00:00, Sys 0 00:00:00  -  Run Local Usage
		Usr 0 00:00:00, Sys 0 00:00:00  -  Total Remote Usage
		Usr 0 00:00:00, Sys 0 00:00:00  -  Total Local Usage
	0  -  Run Bytes Sent By Job
	0  -  Run Bytes Received By Job
	0  -  Total Bytes Sent By Job
	0  -  Total Bytes Received By Job
	Partitionable Resources :    Usage  Request Allocated
	   Cpus                 :                 1         1
	   Disk (KB)            :        1        1  13348234
	   Memory (MB)          :        0        1      6441
...
000 (8569007.000.000) 11/23 10:45:23 Job submitted from host: <10.10.48.31:12542?addrs=10.10.48.31-12542>
...
001 (8569007.000.000) 11/23 10:45:37 Job executing on host: <10.10.48.41:20766?addrs=10.10.48.41-20766>
...
006 (8569007.000.000) 11/23 10:45:46 Image size of job updated: 183128
	34  -  MemoryUsage of job (MB)
	34172  -  ResidentSetSize of job (KB)
...
006 (8569007.000.000) 11/23 10:45:53 Image size of job updated: 196180
	34  -  MemoryUsage of job (MB)
	34172  -  ResidentSetSize of job (KB)
...
005 (8569007.000.000) 11/23 10:45:53 Job terminated.
	(1) Normal termination (return value 0)
		Usr 0 00:00:00, Sys 0 00:00:00  -  Run Remote Usage
		Usr 0 00:00:00, Sys 0 00:00:00  -  Run Local Usage
		Usr 0 00:00:00, Sys 0 00:00:00  -  Total Remote Usage
		Usr 0 00:00:00, Sys 0 00:00:00  -  Total Local Usage
	0  -  Run Bytes Sent By Job
	0  -  Run Bytes Received By Job
	0  -  Total Bytes Sent By Job
	0  -  Total Bytes Received By Job
	Partitionable Resources :    Usage  Request Allocated
	   Cpus                 :                 1         1
	   Disk (KB)            :        1        1  16725441
	   Memory (MB)          :       34        1      4023
...
000 (8569561.000.000) 11/23 10:57:30 Job submitted from host: <10.10.48.31:12542?addrs=10.10.48.31-12542>
...
001 (8569561.000.000) 11/23 10:57:37 Job executing on host: <10.10.48.41:20766?addrs=10.10.48.41-20766>
...
006 (8569561.000.000) 11/23 10:57:38 Image size of job updated: 198492
	0  -  MemoryUsage of job (MB)
	0  -  ResidentSetSize of job (KB)
...
005 (8569561.000.000) 11/23 10:57:38 Job terminated.
	(1) Normal termination (return value 0)
		Usr 0 00:00:00, Sys 0 00:00:00  -  Run Remote Usage
		Usr 0 00:00:00, Sys 0 00:00:00  -  Run Local Usage
		Usr 0 00:00:00, Sys 0 00:00:00  -  Total Remote Usage
		Usr 0 00:00:00, Sys 0 00:00:00  -  Total Local Usage
	0  -  Run Bytes Sent By Job
	0  -  Run Bytes Received By Job
	0  -  Total Bytes Sent By Job
	0  -  Total Bytes Received By Job
	Partitionable Resources :    Usage  Request Allocated
	   Cpus                 :                 1         1
	   Disk (KB)            :        1        1  16725954
	   Memory (MB)          :        0        1      4023
...
000 (8577512.000.000) 11/23 15:06:25 Job submitted from host: <10.10.48.31:12542?addrs=10.10.48.31-12542>
...
001 (8577512.000.000) 11/23 15:06:31 Job executing on host: <10.10.48.41:20766?addrs=10.10.48.41-20766>
...
006 (8577512.000.000) 11/23 15:06:32 Image size of job updated: 199136
	0  -  MemoryUsage of job (MB)
	0  -  ResidentSetSize of job (KB)
...
005 (8577512.000.000) 11/23 15:06:33 Job terminated.
	(1) Normal termination (return value 0)
		Usr 0 00:00:00, Sys 0 00:00:00  -  Run Remote Usage
		Usr 0 00:00:00, Sys 0 00:00:00  -  Run Local Usage
		Usr 0 00:00:00, Sys 0 00:00:00  -  Total Remote Usage
		Usr 0 00:00:00, Sys 0 00:00:00  -  Total Local Usage
	0  -  Run Bytes Sent By Job
	0  -  Run Bytes Received By Job
	0  -  Total Bytes Sent By Job
	0  -  Total Bytes Received By Job
	Partitionable Resources :    Usage  Request Allocated
	   Cpus                 :                 1         1
	   Disk (KB)            :        1        1  16724555
	   Memory (MB)          :        0        1      4023
...
000 (8580115.000.000) 11/23 17:22:32 Job submitted from host: <10.10.48.31:12542?addrs=10.10.48.31-12542>
...
001 (8580115.000.000) 11/23 17:22:33 Job executing on host: <10.10.48.41:20766?addrs=10.10.48.41-20766>
...
006 (8580115.000.000) 11/23 17:22:33 Image size of job updated: 1
	0  -  MemoryUsage of job (MB)
	0  -  ResidentSetSize of job (KB)
...
005 (8580115.000.000) 11/23 17:22:33 Job terminated.
	(1) Normal termination (return value 0)
		Usr 0 00:00:00, Sys 0 00:00:00  -  Run Remote Usage
		Usr 0 00:00:00, Sys 0 00:00:00  -  Run Local Usage
		Usr 0 00:00:00, Sys 0 00:00:00  -  Total Remote Usage
		Usr 0 00:00:00, Sys 0 00:00:00  -  Total Local Usage
	0  -  Run Bytes Sent By Job
	0  -  Run Bytes Received By Job
	0  -  Total Bytes Sent By Job
	0  -  Total Bytes Received By Job
	Partitionable Resources :    Usage  Request Allocated
	   Cpus                 :                 1         1
	   Disk (KB)            :        1        1  16725821
	   Memory (MB)          :        0        1      4023
...
000 (8580269.000.000) 11/24 10:20:52 Job submitted from host: <10.10.48.31:12542?addrs=10.10.48.31-12542>
...
001 (8580269.000.000) 11/24 10:20:58 Job executing on host: <10.10.48.41:20766?addrs=10.10.48.41-20766>
...
006 (8580269.000.000) 11/24 10:21:06 Image size of job updated: 264336
	98  -  MemoryUsage of job (MB)
	100216  -  ResidentSetSize of job (KB)
...
005 (8580269.000.000) 11/24 10:21:08 Job terminated.
	(1) Normal termination (return value 0)
		Usr 0 00:00:03, Sys 0 00:00:00  -  Run Remote Usage
		Usr 0 00:00:00, Sys 0 00:00:00  -  Run Local Usage
		Usr 0 00:00:03, Sys 0 00:00:00  -  Total Remote Usage
		Usr 0 00:00:00, Sys 0 00:00:00  -  Total Local Usage
	0  -  Run Bytes Sent By Job
	0  -  Run Bytes Received By Job
	0  -  Total Bytes Sent By Job
	0  -  Total Bytes Received By Job
	Partitionable Resources :    Usage  Request Allocated
	   Cpus                 :                 1         1
	   Disk (KB)            :        1        1  16725725
	   Memory (MB)          :       98        1      4023
...
000 (8581692.000.000) 11/24 20:22:52 Job submitted from host: <10.10.48.31:12542?addrs=10.10.48.31-12542>
...
001 (8581692.000.000) 11/24 20:22:55 Job executing on host: <10.10.48.41:20766?addrs=10.10.48.41-20766>
...
006 (8581692.000.000) 11/24 20:22:56 Image size of job updated: 191584
	0  -  MemoryUsage of job (MB)
	0  -  ResidentSetSize of job (KB)
...
005 (8581692.000.000) 11/24 20:22:56 Job terminated.
	(1) Normal termination (return value 0)
		Usr 0 00:00:00, Sys 0 00:00:00  -  Run Remote Usage
		Usr 0 00:00:00, Sys 0 00:00:00  -  Run Local Usage
		Usr 0 00:00:00, Sys 0 00:00:00  -  Total Remote Usage
		Usr 0 00:00:00, Sys 0 00:00:00  -  Total Local Usage
	0  -  Run Bytes Sent By Job
	0  -  Run Bytes Received By Job
	0  -  Total Bytes Sent By Job
	0  -  Total Bytes Received By Job
	Partitionable Resources :    Usage  Request Allocated
	   Cpus                 :                 1         1
	   Disk (KB)            :        1        1  16725484
	   Memory (MB)          :        0        1      4023
...
000 (8581748.000.000) 11/24 20:31:07 Job submitted from host: <10.10.48.31:12542?addrs=10.10.48.31-12542>
...
001 (8581748.000.000) 11/24 20:31:29 Job executing on host: <10.10.48.41:20766?addrs=10.10.48.41-20766>
...
006 (8581748.000.000) 11/24 20:31:37 Image size of job updated: 136100
	23  -  MemoryUsage of job (MB)
	22680  -  ResidentSetSize of job (KB)
...
006 (8581748.000.000) 11/24 20:31:43 Image size of job updated: 201040
	23  -  MemoryUsage of job (MB)
	22680  -  ResidentSetSize of job (KB)
...
005 (8581748.000.000) 11/24 20:31:43 Job terminated.
	(1) Normal termination (return value 0)
		Usr 0 00:00:09, Sys 0 00:00:00  -  Run Remote Usage
		Usr 0 00:00:00, Sys 0 00:00:00  -  Run Local Usage
		Usr 0 00:00:09, Sys 0 00:00:00  -  Total Remote Usage
		Usr 0 00:00:00, Sys 0 00:00:00  -  Total Local Usage
	0  -  Run Bytes Sent By Job
	0  -  Run Bytes Received By Job
	0  -  Total Bytes Sent By Job
	0  -  Total Bytes Received By Job
	Partitionable Resources :    Usage  Request Allocated
	   Cpus                 :                 1         1
	   Disk (KB)            :        1        1  16725427
	   Memory (MB)          :       23        1      4023
...
000 (8739407.000.000) 11/29 19:23:01 Job submitted from host: <10.10.48.31:12542?addrs=10.10.48.31-12542>
...
001 (8739407.000.000) 11/29 19:23:21 Job executing on host: <10.10.48.141:50603?addrs=10.10.48.141-50603>
...
006 (8739407.000.000) 11/29 19:23:29 Image size of job updated: 183152
	32  -  MemoryUsage of job (MB)
	32632  -  ResidentSetSize of job (KB)
...
006 (8739407.000.000) 11/29 19:26:28 Image size of job updated: 202960
	32  -  MemoryUsage of job (MB)
	32632  -  ResidentSetSize of job (KB)
...
005 (8739407.000.000) 11/29 19:26:28 Job terminated.
	(1) Normal termination (return value 0)
		Usr 0 00:01:09, Sys 0 00:00:01  -  Run Remote Usage
		Usr 0 00:00:00, Sys 0 00:00:00  -  Run Local Usage
		Usr 0 00:01:09, Sys 0 00:00:01  -  Total Remote Usage
		Usr 0 00:00:00, Sys 0 00:00:00  -  Total Local Usage
	0  -  Run Bytes Sent By Job
	0  -  Run Bytes Received By Job
	0  -  Total Bytes Sent By Job
	0  -  Total Bytes Received By Job
	Partitionable Resources :    Usage  Request Allocated
	   Cpus                 :                 1         1
	   Disk (KB)            :        1        1  13376610
	   Memory (MB)          :       32        1      6441
...
000 (8739558.000.000) 11/29 19:34:19 Job submitted from host: <10.10.48.31:12542?addrs=10.10.48.31-12542>
...
001 (8739558.000.000) 11/29 19:34:28 Job executing on host: <10.10.48.141:50603?addrs=10.10.48.141-50603>
...
006 (8739558.000.000) 11/29 19:34:37 Image size of job updated: 170372
	27  -  MemoryUsage of job (MB)
	27032  -  ResidentSetSize of job (KB)
...
006 (8739558.000.000) 11/29 19:34:45 Image size of job updated: 202680
	27  -  MemoryUsage of job (MB)
	27032  -  ResidentSetSize of job (KB)
...
005 (8739558.000.000) 11/29 19:34:45 Job terminated.
	(1) Normal termination (return value 0)
		Usr 0 00:00:06, Sys 0 00:00:00  -  Run Remote Usage
		Usr 0 00:00:00, Sys 0 00:00:00  -  Run Local Usage
		Usr 0 00:00:06, Sys 0 00:00:00  -  Total Remote Usage
		Usr 0 00:00:00, Sys 0 00:00:00  -  Total Local Usage
	0  -  Run Bytes Sent By Job
	0  -  Run Bytes Received By Job
	0  -  Total Bytes Sent By Job
	0  -  Total Bytes Received By Job
	Partitionable Resources :    Usage  Request Allocated
	   Cpus                 :                 1         1
	   Disk (KB)            :        1        1  13376595
	   Memory (MB)          :       27        1      6441
...
000 (8740379.000.000) 11/29 20:51:02 Job submitted from host: <10.10.48.31:12542?addrs=10.10.48.31-12542>
...
001 (8740379.000.000) 11/29 20:51:03 Job executing on host: <10.10.48.141:50603?addrs=10.10.48.141-50603>
...
006 (8740379.000.000) 11/29 20:51:12 Image size of job updated: 183408
	33  -  MemoryUsage of job (MB)
	33676  -  ResidentSetSize of job (KB)
...
000 (8740481.000.000) 11/29 20:52:26 Job submitted from host: <10.10.48.31:12542?addrs=10.10.48.31-12542>
...
001 (8740481.000.000) 11/29 20:52:47 Job executing on host: <10.10.48.139:49429?addrs=10.10.48.139-49429>
...
006 (8740481.000.000) 11/29 20:52:56 Image size of job updated: 183232
	33  -  MemoryUsage of job (MB)
	33652  -  ResidentSetSize of job (KB)
...
006 (8740481.000.000) 11/29 20:53:08 Image size of job updated: 202940
	33  -  MemoryUsage of job (MB)
	33652  -  ResidentSetSize of job (KB)
...
005 (8740481.000.000) 11/29 20:53:08 Job terminated.
	(1) Normal termination (return value 0)
		Usr 0 00:00:02, Sys 0 00:00:00  -  Run Remote Usage
		Usr 0 00:00:00, Sys 0 00:00:00  -  Run Local Usage
		Usr 0 00:00:02, Sys 0 00:00:00  -  Total Remote Usage
		Usr 0 00:00:00, Sys 0 00:00:00  -  Total Local Usage
	0  -  Run Bytes Sent By Job
	0  -  Run Bytes Received By Job
	0  -  Total Bytes Sent By Job
	0  -  Total Bytes Received By Job
	Partitionable Resources :    Usage  Request Allocated
	   Cpus                 :                 1         1
	   Disk (KB)            :        1        1  13385363
	   Memory (MB)          :       33        1      6441
...
006 (8740379.000.000) 11/29 20:56:13 Image size of job updated: 203056
	44  -  MemoryUsage of job (MB)
	44404  -  ResidentSetSize of job (KB)
...
006 (8740379.000.000) 11/29 20:56:24 Image size of job updated: 203068
	44  -  MemoryUsage of job (MB)
	44404  -  ResidentSetSize of job (KB)
...
005 (8740379.000.000) 11/29 20:56:24 Job terminated.
	(1) Normal termination (return value 0)
		Usr 0 00:01:13, Sys 0 00:00:01  -  Run Remote Usage
		Usr 0 00:00:00, Sys 0 00:00:00  -  Run Local Usage
		Usr 0 00:01:13, Sys 0 00:00:01  -  Total Remote Usage
		Usr 0 00:00:00, Sys 0 00:00:00  -  Total Local Usage
	0  -  Run Bytes Sent By Job
	0  -  Run Bytes Received By Job
	0  -  Total Bytes Sent By Job
	0  -  Total Bytes Received By Job
	Partitionable Resources :    Usage  Request Allocated
	   Cpus                 :                 1         1
	   Disk (KB)            :        1        1  13376584
	   Memory (MB)          :       44        1      6441
...
