000 (8513132.000.000) 11/20 20:04:41 Job submitted from host: <10.10.48.31:12542?addrs=10.10.48.31-12542>
...
001 (8513132.000.000) 11/20 20:04:52 Job executing on host: <10.10.48.141:50603?addrs=10.10.48.141-50603>
...
006 (8513132.000.000) 11/20 20:04:53 Image size of job updated: 170512
	0  -  MemoryUsage of job (MB)
	0  -  ResidentSetSize of job (KB)
...
005 (8513132.000.000) 11/20 20:04:54 Job terminated.
	(1) Normal termination (return value 1)
		Usr 0 00:00:00, Sys 0 00:00:00  -  Run Remote Usage
		Usr 0 00:00:00, Sys 0 00:00:00  -  Run Local Usage
		Usr 0 00:00:00, Sys 0 00:00:00  -  Total Remote Usage
		Usr 0 00:00:00, Sys 0 00:00:00  -  Total Local Usage
	0  -  Run Bytes Sent By Job
	0  -  Run Bytes Received By Job
	0  -  Total Bytes Sent By Job
	0  -  Total Bytes Received By Job
	Partitionable Resources :    Usage  Request Allocated
	   Cpus                 :                 1         1
	   Disk (KB)            :        1        1  12769662
	   Memory (MB)          :        0        1      6441
...
000 (8513198.000.000) 11/20 20:06:17 Job submitted from host: <10.10.48.31:12542?addrs=10.10.48.31-12542>
...
001 (8513198.000.000) 11/20 20:06:35 Job executing on host: <10.10.48.141:50603?addrs=10.10.48.141-50603>
...
006 (8513198.000.000) 11/20 20:06:44 Image size of job updated: 265860
	98  -  MemoryUsage of job (MB)
	99496  -  ResidentSetSize of job (KB)
...
006 (8513198.000.000) 11/20 20:07:09 Image size of job updated: 265984
	98  -  MemoryUsage of job (MB)
	99496  -  ResidentSetSize of job (KB)
...
005 (8513198.000.000) 11/20 20:07:09 Job terminated.
	(1) Normal termination (return value 0)
		Usr 0 00:00:20, Sys 0 00:00:00  -  Run Remote Usage
		Usr 0 00:00:00, Sys 0 00:00:00  -  Run Local Usage
		Usr 0 00:00:20, Sys 0 00:00:00  -  Total Remote Usage
		Usr 0 00:00:00, Sys 0 00:00:00  -  Total Local Usage
	0  -  Run Bytes Sent By Job
	0  -  Run Bytes Received By Job
	0  -  Total Bytes Sent By Job
	0  -  Total Bytes Received By Job
	Partitionable Resources :    Usage  Request Allocated
	   Cpus                 :                 1         1
	   Disk (KB)            :        1        1  13070904
	   Memory (MB)          :       98        1      6441
...
000 (8568156.000.000) 11/23 10:24:45 Job submitted from host: <10.10.48.31:12542?addrs=10.10.48.31-12542>
...
001 (8568156.000.000) 11/23 10:24:52 Job executing on host: <10.10.48.41:20766?addrs=10.10.48.41-20766>
...
006 (8568156.000.000) 11/23 10:24:52 Image size of job updated: 191576
	0  -  MemoryUsage of job (MB)
	0  -  ResidentSetSize of job (KB)
...
005 (8568156.000.000) 11/23 10:24:52 Job terminated.
	(1) Normal termination (return value 0)
		Usr 0 00:00:00, Sys 0 00:00:00  -  Run Remote Usage
		Usr 0 00:00:00, Sys 0 00:00:00  -  Run Local Usage
		Usr 0 00:00:00, Sys 0 00:00:00  -  Total Remote Usage
		Usr 0 00:00:00, Sys 0 00:00:00  -  Total Local Usage
	0  -  Run Bytes Sent By Job
	0  -  Run Bytes Received By Job
	0  -  Total Bytes Sent By Job
	0  -  Total Bytes Received By Job
	Partitionable Resources :    Usage  Request Allocated
	   Cpus                 :                 1         1
	   Disk (KB)            :        1        1  16725580
	   Memory (MB)          :        0        1      4023
...
000 (8569004.000.000) 11/23 10:45:23 Job submitted from host: <10.10.48.31:12542?addrs=10.10.48.31-12542>
...
001 (8569004.000.000) 11/23 10:45:37 Job executing on host: <10.10.48.41:20766?addrs=10.10.48.41-20766>
...
006 (8569004.000.000) 11/23 10:45:46 Image size of job updated: 197496
	38  -  MemoryUsage of job (MB)
	38548  -  ResidentSetSize of job (KB)
...
006 (8569004.000.000) 11/23 10:46:12 Image size of job updated: 266076
	38  -  MemoryUsage of job (MB)
	38548  -  ResidentSetSize of job (KB)
...
005 (8569004.000.000) 11/23 10:46:12 Job terminated.
	(1) Normal termination (return value 0)
		Usr 0 00:00:14, Sys 0 00:00:00  -  Run Remote Usage
		Usr 0 00:00:00, Sys 0 00:00:00  -  Run Local Usage
		Usr 0 00:00:14, Sys 0 00:00:00  -  Total Remote Usage
		Usr 0 00:00:00, Sys 0 00:00:00  -  Total Local Usage
	0  -  Run Bytes Sent By Job
	0  -  Run Bytes Received By Job
	0  -  Total Bytes Sent By Job
	0  -  Total Bytes Received By Job
	Partitionable Resources :    Usage  Request Allocated
	   Cpus                 :                 1         1
	   Disk (KB)            :        1        1  16725463
	   Memory (MB)          :       38        1      4023
...
000 (8569558.000.000) 11/23 10:57:30 Job submitted from host: <10.10.48.31:12542?addrs=10.10.48.31-12542>
...
001 (8569558.000.000) 11/23 10:57:32 Job executing on host: <10.10.48.41:20766?addrs=10.10.48.41-20766>
...
006 (8569558.000.000) 11/23 10:57:41 Image size of job updated: 266188
	101  -  MemoryUsage of job (MB)
	103052  -  ResidentSetSize of job (KB)
...
005 (8569558.000.000) 11/23 10:57:48 Job terminated.
	(1) Normal termination (return value 0)
		Usr 0 00:00:12, Sys 0 00:00:00  -  Run Remote Usage
		Usr 0 00:00:00, Sys 0 00:00:00  -  Run Local Usage
		Usr 0 00:00:12, Sys 0 00:00:00  -  Total Remote Usage
		Usr 0 00:00:00, Sys 0 00:00:00  -  Total Local Usage
	0  -  Run Bytes Sent By Job
	0  -  Run Bytes Received By Job
	0  -  Total Bytes Sent By Job
	0  -  Total Bytes Received By Job
	Partitionable Resources :    Usage  Request Allocated
	   Cpus                 :                 1         1
	   Disk (KB)            :        1        1  16725954
	   Memory (MB)          :      101        1      4023
...
000 (8577509.000.000) 11/23 15:06:25 Job submitted from host: <10.10.48.31:12542?addrs=10.10.48.31-12542>
...
001 (8577509.000.000) 11/23 15:06:30 Job executing on host: <10.10.48.41:20766?addrs=10.10.48.41-20766>
...
006 (8577509.000.000) 11/23 15:06:39 Image size of job updated: 266052
	100  -  MemoryUsage of job (MB)
	102284  -  ResidentSetSize of job (KB)
...
005 (8577509.000.000) 11/23 15:06:47 Job terminated.
	(1) Normal termination (return value 0)
		Usr 0 00:00:14, Sys 0 00:00:00  -  Run Remote Usage
		Usr 0 00:00:00, Sys 0 00:00:00  -  Run Local Usage
		Usr 0 00:00:14, Sys 0 00:00:00  -  Total Remote Usage
		Usr 0 00:00:00, Sys 0 00:00:00  -  Total Local Usage
	0  -  Run Bytes Sent By Job
	0  -  Run Bytes Received By Job
	0  -  Total Bytes Sent By Job
	0  -  Total Bytes Received By Job
	Partitionable Resources :    Usage  Request Allocated
	   Cpus                 :                 1         1
	   Disk (KB)            :        1        1  16724551
	   Memory (MB)          :      100        1      4023
...
000 (8580112.000.000) 11/23 17:22:32 Job submitted from host: <10.10.48.31:12542?addrs=10.10.48.31-12542>
...
001 (8580112.000.000) 11/23 17:22:32 Job executing on host: <10.10.48.41:20766?addrs=10.10.48.41-20766>
...
006 (8580112.000.000) 11/23 17:22:33 Image size of job updated: 123204
	0  -  MemoryUsage of job (MB)
	0  -  ResidentSetSize of job (KB)
...
005 (8580112.000.000) 11/23 17:22:33 Job terminated.
	(1) Normal termination (return value 0)
		Usr 0 00:00:00, Sys 0 00:00:00  -  Run Remote Usage
		Usr 0 00:00:00, Sys 0 00:00:00  -  Run Local Usage
		Usr 0 00:00:00, Sys 0 00:00:00  -  Total Remote Usage
		Usr 0 00:00:00, Sys 0 00:00:00  -  Total Local Usage
	0  -  Run Bytes Sent By Job
	0  -  Run Bytes Received By Job
	0  -  Total Bytes Sent By Job
	0  -  Total Bytes Received By Job
	Partitionable Resources :    Usage  Request Allocated
	   Cpus                 :                 1         1
	   Disk (KB)            :        1        1  16725821
	   Memory (MB)          :        0        1      4023
...
000 (8580266.000.000) 11/24 10:20:52 Job submitted from host: <10.10.48.31:12542?addrs=10.10.48.31-12542>
...
001 (8580266.000.000) 11/24 10:20:54 Job executing on host: <10.10.48.41:20766?addrs=10.10.48.41-20766>
...
006 (8580266.000.000) 11/24 10:20:55 Image size of job updated: 1
	0  -  MemoryUsage of job (MB)
	0  -  ResidentSetSize of job (KB)
...
005 (8580266.000.000) 11/24 10:20:55 Job terminated.
	(1) Normal termination (return value 0)
		Usr 0 00:00:00, Sys 0 00:00:00  -  Run Remote Usage
		Usr 0 00:00:00, Sys 0 00:00:00  -  Run Local Usage
		Usr 0 00:00:00, Sys 0 00:00:00  -  Total Remote Usage
		Usr 0 00:00:00, Sys 0 00:00:00  -  Total Local Usage
	0  -  Run Bytes Sent By Job
	0  -  Run Bytes Received By Job
	0  -  Total Bytes Sent By Job
	0  -  Total Bytes Received By Job
	Partitionable Resources :    Usage  Request Allocated
	   Cpus                 :                 1         1
	   Disk (KB)            :        1        1  16725725
	   Memory (MB)          :        0        1      4023
...
000 (8581689.000.000) 11/24 20:22:52 Job submitted from host: <10.10.48.31:12542?addrs=10.10.48.31-12542>
...
001 (8581689.000.000) 11/24 20:22:54 Job executing on host: <10.10.48.41:20766?addrs=10.10.48.41-20766>
...
006 (8581689.000.000) 11/24 20:22:55 Image size of job updated: 191888
	0  -  MemoryUsage of job (MB)
	0  -  ResidentSetSize of job (KB)
...
005 (8581689.000.000) 11/24 20:22:55 Job terminated.
	(1) Normal termination (return value 0)
		Usr 0 00:00:00, Sys 0 00:00:00  -  Run Remote Usage
		Usr 0 00:00:00, Sys 0 00:00:00  -  Run Local Usage
		Usr 0 00:00:00, Sys 0 00:00:00  -  Total Remote Usage
		Usr 0 00:00:00, Sys 0 00:00:00  -  Total Local Usage
	0  -  Run Bytes Sent By Job
	0  -  Run Bytes Received By Job
	0  -  Total Bytes Sent By Job
	0  -  Total Bytes Received By Job
	Partitionable Resources :    Usage  Request Allocated
	   Cpus                 :                 1         1
	   Disk (KB)            :        1        1  16725483
	   Memory (MB)          :        0        1      4023
...
000 (8581745.000.000) 11/24 20:31:06 Job submitted from host: <10.10.48.31:12542?addrs=10.10.48.31-12542>
...
001 (8581745.000.000) 11/24 20:31:28 Job executing on host: <10.10.48.41:20766?addrs=10.10.48.41-20766>
...
006 (8581745.000.000) 11/24 20:31:37 Image size of job updated: 181636
	30  -  MemoryUsage of job (MB)
	30592  -  ResidentSetSize of job (KB)
...
006 (8581745.000.000) 11/24 20:36:38 Image size of job updated: 201920
	41  -  MemoryUsage of job (MB)
	41912  -  ResidentSetSize of job (KB)
...
005 (8581745.000.000) 11/24 20:37:19 Job terminated.
	(1) Normal termination (return value 0)
		Usr 0 00:03:48, Sys 0 00:00:05  -  Run Remote Usage
		Usr 0 00:00:00, Sys 0 00:00:00  -  Run Local Usage
		Usr 0 00:03:48, Sys 0 00:00:05  -  Total Remote Usage
		Usr 0 00:00:00, Sys 0 00:00:00  -  Total Local Usage
	0  -  Run Bytes Sent By Job
	0  -  Run Bytes Received By Job
	0  -  Total Bytes Sent By Job
	0  -  Total Bytes Received By Job
	Partitionable Resources :    Usage  Request Allocated
	   Cpus                 :                 1         1
	   Disk (KB)            :        1        1  16725427
	   Memory (MB)          :       41        1      4023
...
000 (8739404.000.000) 11/29 19:23:01 Job submitted from host: <10.10.48.31:12542?addrs=10.10.48.31-12542>
...
001 (8739404.000.000) 11/29 19:23:21 Job executing on host: <10.10.48.41:20766?addrs=10.10.48.41-20766>
...
006 (8739404.000.000) 11/29 19:23:29 Image size of job updated: 121760
	21  -  MemoryUsage of job (MB)
	20780  -  ResidentSetSize of job (KB)
...
006 (8739404.000.000) 11/29 19:23:35 Image size of job updated: 202704
	21  -  MemoryUsage of job (MB)
	20780  -  ResidentSetSize of job (KB)
...
005 (8739404.000.000) 11/29 19:23:35 Job terminated.
	(1) Normal termination (return value 0)
		Usr 0 00:00:03, Sys 0 00:00:00  -  Run Remote Usage
		Usr 0 00:00:00, Sys 0 00:00:00  -  Run Local Usage
		Usr 0 00:00:03, Sys 0 00:00:00  -  Total Remote Usage
		Usr 0 00:00:00, Sys 0 00:00:00  -  Total Local Usage
	0  -  Run Bytes Sent By Job
	0  -  Run Bytes Received By Job
	0  -  Total Bytes Sent By Job
	0  -  Total Bytes Received By Job
	Partitionable Resources :    Usage  Request Allocated
	   Cpus                 :                 1         1
	   Disk (KB)            :        1        1  16724465
	   Memory (MB)          :       21        1      4023
...
000 (8739555.000.000) 11/29 19:34:19 Job submitted from host: <10.10.48.31:12542?addrs=10.10.48.31-12542>
...
001 (8739555.000.000) 11/29 19:34:28 Job executing on host: <10.10.48.141:50603?addrs=10.10.48.141-50603>
...
006 (8739555.000.000) 11/29 19:34:36 Image size of job updated: 180376
	29  -  MemoryUsage of job (MB)
	29020  -  ResidentSetSize of job (KB)
...
006 (8739555.000.000) 11/29 19:39:36 Image size of job updated: 203092
	43  -  MemoryUsage of job (MB)
	43316  -  ResidentSetSize of job (KB)
...
005 (8739555.000.000) 11/29 19:40:16 Job terminated.
	(1) Normal termination (return value 0)
		Usr 0 00:02:28, Sys 0 00:00:03  -  Run Remote Usage
		Usr 0 00:00:00, Sys 0 00:00:00  -  Run Local Usage
		Usr 0 00:02:28, Sys 0 00:00:03  -  Total Remote Usage
		Usr 0 00:00:00, Sys 0 00:00:00  -  Total Local Usage
	0  -  Run Bytes Sent By Job
	0  -  Run Bytes Received By Job
	0  -  Total Bytes Sent By Job
	0  -  Total Bytes Received By Job
	Partitionable Resources :    Usage  Request Allocated
	   Cpus                 :                 1         1
	   Disk (KB)            :        1        1  13376597
	   Memory (MB)          :       43        1      6441
...
000 (8740376.000.000) 11/29 20:51:02 Job submitted from host: <10.10.48.31:12542?addrs=10.10.48.31-12542>
...
001 (8740376.000.000) 11/29 20:51:04 Job executing on host: <10.10.48.41:20766?addrs=10.10.48.41-20766>
...
006 (8740376.000.000) 11/29 20:51:13 Image size of job updated: 202864
	43  -  MemoryUsage of job (MB)
	43756  -  ResidentSetSize of job (KB)
...
005 (8740376.000.000) 11/29 20:51:18 Job terminated.
	(1) Normal termination (return value 0)
		Usr 0 00:00:06, Sys 0 00:00:00  -  Run Remote Usage
		Usr 0 00:00:00, Sys 0 00:00:00  -  Run Local Usage
		Usr 0 00:00:06, Sys 0 00:00:00  -  Total Remote Usage
		Usr 0 00:00:00, Sys 0 00:00:00  -  Total Local Usage
	0  -  Run Bytes Sent By Job
	0  -  Run Bytes Received By Job
	0  -  Total Bytes Sent By Job
	0  -  Total Bytes Received By Job
	Partitionable Resources :    Usage  Request Allocated
	   Cpus                 :                 1         1
	   Disk (KB)            :        1        1  16724674
	   Memory (MB)          :       43        1      4023
...
000 (8740478.000.000) 11/29 20:52:26 Job submitted from host: <10.10.48.31:12542?addrs=10.10.48.31-12542>
...
001 (8740478.000.000) 11/29 20:52:47 Job executing on host: <10.10.48.35:61041?addrs=10.10.48.35-61041>
...
006 (8740478.000.000) 11/29 20:52:56 Image size of job updated: 1
	2  -  MemoryUsage of job (MB)
	1808  -  ResidentSetSize of job (KB)
...
006 (8740478.000.000) 11/29 20:57:57 Image size of job updated: 203052
	43  -  MemoryUsage of job (MB)
	43872  -  ResidentSetSize of job (KB)
...
006 (8740478.000.000) 11/29 21:00:24 Image size of job updated: 203200
	43  -  MemoryUsage of job (MB)
	43872  -  ResidentSetSize of job (KB)
...
005 (8740478.000.000) 11/29 21:00:24 Job terminated.
	(1) Normal termination (return value 0)
		Usr 0 00:02:30, Sys 0 00:00:03  -  Run Remote Usage
		Usr 0 00:00:00, Sys 0 00:00:00  -  Run Local Usage
		Usr 0 00:02:30, Sys 0 00:00:03  -  Total Remote Usage
		Usr 0 00:00:00, Sys 0 00:00:00  -  Total Local Usage
	0  -  Run Bytes Sent By Job
	0  -  Run Bytes Received By Job
	0  -  Total Bytes Sent By Job
	0  -  Total Bytes Received By Job
	Partitionable Resources :    Usage  Request Allocated
	   Cpus                 :                 1         1
	   Disk (KB)            :        1        1  16724835
	   Memory (MB)          :       43        1      4023
...
