000 (8513142.000.000) 11/20 20:04:42 Job submitted from host: <10.10.48.31:12542?addrs=10.10.48.31-12542>
...
001 (8513142.000.000) 11/20 20:04:51 Job executing on host: <10.10.48.35:61041?addrs=10.10.48.35-61041>
...
006 (8513142.000.000) 11/20 20:04:51 Image size of job updated: 1
	0  -  MemoryUsage of job (MB)
	0  -  ResidentSetSize of job (KB)
...
005 (8513142.000.000) 11/20 20:04:52 Job terminated.
	(1) Normal termination (return value 1)
		Usr 0 00:00:00, Sys 0 00:00:00  -  Run Remote Usage
		Usr 0 00:00:00, Sys 0 00:00:00  -  Run Local Usage
		Usr 0 00:00:00, Sys 0 00:00:00  -  Total Remote Usage
		Usr 0 00:00:00, Sys 0 00:00:00  -  Total Local Usage
	0  -  Run Bytes Sent By Job
	0  -  Run Bytes Received By Job
	0  -  Total Bytes Sent By Job
	0  -  Total Bytes Received By Job
	Partitionable Resources :    Usage  Request Allocated
	   Cpus                 :                 1         1
	   Disk (KB)            :        1        1  16722192
	   Memory (MB)          :        0        1      4023
...
000 (8513208.000.000) 11/20 20:06:18 Job submitted from host: <10.10.48.31:12542?addrs=10.10.48.31-12542>
...
001 (8513208.000.000) 11/20 20:06:33 Job executing on host: <10.10.48.35:61041?addrs=10.10.48.35-61041>
...
006 (8513208.000.000) 11/20 20:06:41 Image size of job updated: 264272
	101  -  MemoryUsage of job (MB)
	102996  -  ResidentSetSize of job (KB)
...
006 (8513208.000.000) 11/20 20:07:15 Image size of job updated: 265160
	101  -  MemoryUsage of job (MB)
	102996  -  ResidentSetSize of job (KB)
...
005 (8513208.000.000) 11/20 20:07:15 Job terminated.
	(1) Normal termination (return value 0)
		Usr 0 00:00:28, Sys 0 00:00:00  -  Run Remote Usage
		Usr 0 00:00:00, Sys 0 00:00:00  -  Run Local Usage
		Usr 0 00:00:28, Sys 0 00:00:00  -  Total Remote Usage
		Usr 0 00:00:00, Sys 0 00:00:00  -  Total Local Usage
	0  -  Run Bytes Sent By Job
	0  -  Run Bytes Received By Job
	0  -  Total Bytes Sent By Job
	0  -  Total Bytes Received By Job
	Partitionable Resources :    Usage  Request Allocated
	   Cpus                 :                 1         1
	   Disk (KB)            :        1        1  16722188
	   Memory (MB)          :      101        1      4023
...
000 (8568166.000.000) 11/23 10:24:46 Job submitted from host: <10.10.48.31:12542?addrs=10.10.48.31-12542>
...
001 (8568166.000.000) 11/23 10:24:53 Job executing on host: <10.10.48.146:58220?addrs=10.10.48.146-58220>
...
006 (8568166.000.000) 11/23 10:24:53 Image size of job updated: 192144
	0  -  MemoryUsage of job (MB)
	0  -  ResidentSetSize of job (KB)
...
005 (8568166.000.000) 11/23 10:24:55 Job terminated.
	(1) Normal termination (return value 0)
		Usr 0 00:00:00, Sys 0 00:00:00  -  Run Remote Usage
		Usr 0 00:00:00, Sys 0 00:00:00  -  Run Local Usage
		Usr 0 00:00:00, Sys 0 00:00:00  -  Total Remote Usage
		Usr 0 00:00:00, Sys 0 00:00:00  -  Total Local Usage
	0  -  Run Bytes Sent By Job
	0  -  Run Bytes Received By Job
	0  -  Total Bytes Sent By Job
	0  -  Total Bytes Received By Job
	Partitionable Resources :    Usage  Request Allocated
	   Cpus                 :                 1         1
	   Disk (KB)            :        1        1  13348234
	   Memory (MB)          :        0        1      6441
...
000 (8569014.000.000) 11/23 10:45:24 Job submitted from host: <10.10.48.31:12542?addrs=10.10.48.31-12542>
...
001 (8569014.000.000) 11/23 10:45:36 Job executing on host: <10.10.48.146:58220?addrs=10.10.48.146-58220>
...
006 (8569014.000.000) 11/23 10:45:45 Image size of job updated: 265116
	100  -  MemoryUsage of job (MB)
	102332  -  ResidentSetSize of job (KB)
...
005 (8569014.000.000) 11/23 10:46:45 Job terminated.
	(1) Normal termination (return value 0)
		Usr 0 00:00:44, Sys 0 00:00:01  -  Run Remote Usage
		Usr 0 00:00:00, Sys 0 00:00:00  -  Run Local Usage
		Usr 0 00:00:44, Sys 0 00:00:01  -  Total Remote Usage
		Usr 0 00:00:00, Sys 0 00:00:00  -  Total Local Usage
	0  -  Run Bytes Sent By Job
	0  -  Run Bytes Received By Job
	0  -  Total Bytes Sent By Job
	0  -  Total Bytes Received By Job
	Partitionable Resources :    Usage  Request Allocated
	   Cpus                 :                 1         1
	   Disk (KB)            :        1        1  13348112
	   Memory (MB)          :      100        1      6441
...
000 (8569568.000.000) 11/23 10:57:31 Job submitted from host: <10.10.48.31:12542?addrs=10.10.48.31-12542>
...
001 (8569568.000.000) 11/23 10:57:42 Job executing on host: <10.10.48.41:20766?addrs=10.10.48.41-20766>
...
006 (8569568.000.000) 11/23 10:57:50 Image size of job updated: 265288
	103  -  MemoryUsage of job (MB)
	105404  -  ResidentSetSize of job (KB)
...
005 (8569568.000.000) 11/23 10:58:17 Job terminated.
	(1) Normal termination (return value 0)
		Usr 0 00:00:33, Sys 0 00:00:00  -  Run Remote Usage
		Usr 0 00:00:00, Sys 0 00:00:00  -  Run Local Usage
		Usr 0 00:00:33, Sys 0 00:00:00  -  Total Remote Usage
		Usr 0 00:00:00, Sys 0 00:00:00  -  Total Local Usage
	0  -  Run Bytes Sent By Job
	0  -  Run Bytes Received By Job
	0  -  Total Bytes Sent By Job
	0  -  Total Bytes Received By Job
	Partitionable Resources :    Usage  Request Allocated
	   Cpus                 :                 1         1
	   Disk (KB)            :        1        1  16725954
	   Memory (MB)          :      103        1      4023
...
000 (8577519.000.000) 11/23 15:06:26 Job submitted from host: <10.10.48.31:12542?addrs=10.10.48.31-12542>
...
001 (8577519.000.000) 11/23 15:06:29 Job executing on host: <10.10.48.141:50603?addrs=10.10.48.141-50603>
...
006 (8577519.000.000) 11/23 15:06:38 Image size of job updated: 265104
	99  -  MemoryUsage of job (MB)
	101060  -  ResidentSetSize of job (KB)
...
006 (8577519.000.000) 11/23 15:07:07 Image size of job updated: 265276
	99  -  MemoryUsage of job (MB)
	101060  -  ResidentSetSize of job (KB)
...
005 (8577519.000.000) 11/23 15:07:07 Job terminated.
	(1) Normal termination (return value 0)
		Usr 0 00:00:35, Sys 0 00:00:00  -  Run Remote Usage
		Usr 0 00:00:00, Sys 0 00:00:00  -  Run Local Usage
		Usr 0 00:00:35, Sys 0 00:00:00  -  Total Remote Usage
		Usr 0 00:00:00, Sys 0 00:00:00  -  Total Local Usage
	0  -  Run Bytes Sent By Job
	0  -  Run Bytes Received By Job
	0  -  Total Bytes Sent By Job
	0  -  Total Bytes Received By Job
	Partitionable Resources :    Usage  Request Allocated
	   Cpus                 :                 1         1
	   Disk (KB)            :        1        1  13376625
	   Memory (MB)          :       99        1      6441
...
000 (8580122.000.000) 11/23 17:22:33 Job submitted from host: <10.10.48.31:12542?addrs=10.10.48.31-12542>
...
001 (8580122.000.000) 11/23 17:22:35 Job executing on host: <10.10.48.41:20766?addrs=10.10.48.41-20766>
...
006 (8580122.000.000) 11/23 17:22:35 Image size of job updated: 190580
	0  -  MemoryUsage of job (MB)
	0  -  ResidentSetSize of job (KB)
...
005 (8580122.000.000) 11/23 17:22:35 Job terminated.
	(1) Normal termination (return value 0)
		Usr 0 00:00:00, Sys 0 00:00:00  -  Run Remote Usage
		Usr 0 00:00:00, Sys 0 00:00:00  -  Run Local Usage
		Usr 0 00:00:00, Sys 0 00:00:00  -  Total Remote Usage
		Usr 0 00:00:00, Sys 0 00:00:00  -  Total Local Usage
	0  -  Run Bytes Sent By Job
	0  -  Run Bytes Received By Job
	0  -  Total Bytes Sent By Job
	0  -  Total Bytes Received By Job
	Partitionable Resources :    Usage  Request Allocated
	   Cpus                 :                 1         1
	   Disk (KB)            :        1        1  16725821
	   Memory (MB)          :        0        1      4023
...
000 (8580276.000.000) 11/24 10:20:53 Job submitted from host: <10.10.48.31:12542?addrs=10.10.48.31-12542>
...
001 (8580276.000.000) 11/24 10:21:11 Job executing on host: <10.10.48.41:20766?addrs=10.10.48.41-20766>
...
006 (8580276.000.000) 11/24 10:21:19 Image size of job updated: 265288
	96  -  MemoryUsage of job (MB)
	97664  -  ResidentSetSize of job (KB)
...
006 (8580276.000.000) 11/24 10:22:15 Image size of job updated: 266932
	96  -  MemoryUsage of job (MB)
	97664  -  ResidentSetSize of job (KB)
...
005 (8580276.000.000) 11/24 10:22:15 Job terminated.
	(1) Normal termination (return value 0)
		Usr 0 00:01:02, Sys 0 00:00:00  -  Run Remote Usage
		Usr 0 00:00:00, Sys 0 00:00:00  -  Run Local Usage
		Usr 0 00:01:02, Sys 0 00:00:00  -  Total Remote Usage
		Usr 0 00:00:00, Sys 0 00:00:00  -  Total Local Usage
	0  -  Run Bytes Sent By Job
	0  -  Run Bytes Received By Job
	0  -  Total Bytes Sent By Job
	0  -  Total Bytes Received By Job
	Partitionable Resources :    Usage  Request Allocated
	   Cpus                 :                 1         1
	   Disk (KB)            :        1        1  16725709
	   Memory (MB)          :       96        1      4023
...
000 (8581699.000.000) 11/24 20:22:53 Job submitted from host: <10.10.48.31:12542?addrs=10.10.48.31-12542>
...
001 (8581699.000.000) 11/24 20:22:56 Job executing on host: <10.10.48.41:20766?addrs=10.10.48.41-20766>
...
006 (8581699.000.000) 11/24 20:22:57 Image size of job updated: 191580
	0  -  MemoryUsage of job (MB)
	0  -  ResidentSetSize of job (KB)
...
005 (8581699.000.000) 11/24 20:22:57 Job terminated.
	(1) Normal termination (return value 0)
		Usr 0 00:00:00, Sys 0 00:00:00  -  Run Remote Usage
		Usr 0 00:00:00, Sys 0 00:00:00  -  Run Local Usage
		Usr 0 00:00:00, Sys 0 00:00:00  -  Total Remote Usage
		Usr 0 00:00:00, Sys 0 00:00:00  -  Total Local Usage
	0  -  Run Bytes Sent By Job
	0  -  Run Bytes Received By Job
	0  -  Total Bytes Sent By Job
	0  -  Total Bytes Received By Job
	Partitionable Resources :    Usage  Request Allocated
	   Cpus                 :                 1         1
	   Disk (KB)            :        1        1  16725483
	   Memory (MB)          :        0        1      4023
...
000 (8581755.000.000) 11/24 20:31:08 Job submitted from host: <10.10.48.31:12542?addrs=10.10.48.31-12542>
...
001 (8581755.000.000) 11/24 20:31:28 Job executing on host: <10.10.48.141:50603?addrs=10.10.48.141-50603>
...
006 (8581755.000.000) 11/24 20:31:37 Image size of job updated: 183488
	32  -  MemoryUsage of job (MB)
	32512  -  ResidentSetSize of job (KB)
...
006 (8581755.000.000) 11/24 20:36:38 Image size of job updated: 201928
	42  -  MemoryUsage of job (MB)
	42544  -  ResidentSetSize of job (KB)
...
005 (8581755.000.000) 11/24 20:40:35 Job terminated.
	(1) Normal termination (return value 0)
		Usr 0 00:05:58, Sys 0 00:00:07  -  Run Remote Usage
		Usr 0 00:00:00, Sys 0 00:00:00  -  Run Local Usage
		Usr 0 00:05:58, Sys 0 00:00:07  -  Total Remote Usage
		Usr 0 00:00:00, Sys 0 00:00:00  -  Total Local Usage
	0  -  Run Bytes Sent By Job
	0  -  Run Bytes Received By Job
	0  -  Total Bytes Sent By Job
	0  -  Total Bytes Received By Job
	Partitionable Resources :    Usage  Request Allocated
	   Cpus                 :                 1         1
	   Disk (KB)            :        1        1  13376535
	   Memory (MB)          :       42        1      6441
...
000 (8739414.000.000) 11/29 19:23:01 Job submitted from host: <10.10.48.31:12542?addrs=10.10.48.31-12542>
...
001 (8739414.000.000) 11/29 19:23:21 Job executing on host: <10.10.48.35:61041?addrs=10.10.48.35-61041>
...
006 (8739414.000.000) 11/29 19:23:30 Image size of job updated: 180392
	30  -  MemoryUsage of job (MB)
	30228  -  ResidentSetSize of job (KB)
...
006 (8739414.000.000) 11/29 19:28:31 Image size of job updated: 203244
	44  -  MemoryUsage of job (MB)
	44956  -  ResidentSetSize of job (KB)
...
005 (8739414.000.000) 11/29 19:31:22 Job terminated.
	(1) Normal termination (return value 0)
		Usr 0 00:02:35, Sys 0 00:00:03  -  Run Remote Usage
		Usr 0 00:00:00, Sys 0 00:00:00  -  Run Local Usage
		Usr 0 00:02:35, Sys 0 00:00:03  -  Total Remote Usage
		Usr 0 00:00:00, Sys 0 00:00:00  -  Total Local Usage
	0  -  Run Bytes Sent By Job
	0  -  Run Bytes Received By Job
	0  -  Total Bytes Sent By Job
	0  -  Total Bytes Received By Job
	Partitionable Resources :    Usage  Request Allocated
	   Cpus                 :                 1         1
	   Disk (KB)            :        1        1  16724900
	   Memory (MB)          :       44        1      4023
...
000 (8739565.000.000) 11/29 19:34:19 Job submitted from host: <10.10.48.31:12542?addrs=10.10.48.31-12542>
...
001 (8739565.000.000) 11/29 19:34:28 Job executing on host: <10.10.48.35:61041?addrs=10.10.48.35-61041>
...
006 (8739565.000.000) 11/29 19:34:36 Image size of job updated: 180384
	30  -  MemoryUsage of job (MB)
	30688  -  ResidentSetSize of job (KB)
...
006 (8739565.000.000) 11/29 19:39:36 Image size of job updated: 203232
	45  -  MemoryUsage of job (MB)
	45248  -  ResidentSetSize of job (KB)
...
006 (8739565.000.000) 11/29 19:43:04 Image size of job updated: 203260
	45  -  MemoryUsage of job (MB)
	45248  -  ResidentSetSize of job (KB)
...
005 (8739565.000.000) 11/29 19:43:04 Job terminated.
	(1) Normal termination (return value 0)
		Usr 0 00:03:13, Sys 0 00:00:05  -  Run Remote Usage
		Usr 0 00:00:00, Sys 0 00:00:00  -  Run Local Usage
		Usr 0 00:03:13, Sys 0 00:00:05  -  Total Remote Usage
		Usr 0 00:00:00, Sys 0 00:00:00  -  Total Local Usage
	0  -  Run Bytes Sent By Job
	0  -  Run Bytes Received By Job
	0  -  Total Bytes Sent By Job
	0  -  Total Bytes Received By Job
	Partitionable Resources :    Usage  Request Allocated
	   Cpus                 :                 1         1
	   Disk (KB)            :        1        1  16724936
	   Memory (MB)          :       45        1      4023
...
000 (8740388.000.000) 11/29 20:51:04 Job submitted from host: <10.10.48.31:12542?addrs=10.10.48.31-12542>
...
001 (8740388.000.000) 11/29 20:51:18 Job executing on host: <10.10.48.41:20766?addrs=10.10.48.41-20766>
...
006 (8740388.000.000) 11/29 20:51:27 Image size of job updated: 183284
	34  -  MemoryUsage of job (MB)
	33832  -  ResidentSetSize of job (KB)
...
000 (8740488.000.000) 11/29 20:52:26 Job submitted from host: <10.10.48.31:12542?addrs=10.10.48.31-12542>
...
001 (8740488.000.000) 11/29 20:52:48 Job executing on host: <10.10.48.139:49429?addrs=10.10.48.139-49429>
...
006 (8740488.000.000) 11/29 20:52:57 Image size of job updated: 183316
	34  -  MemoryUsage of job (MB)
	34328  -  ResidentSetSize of job (KB)
...
006 (8740388.000.000) 11/29 20:56:28 Image size of job updated: 203072
	44  -  MemoryUsage of job (MB)
	44364  -  ResidentSetSize of job (KB)
...
006 (8740488.000.000) 11/29 20:57:58 Image size of job updated: 203236
	44  -  MemoryUsage of job (MB)
	44488  -  ResidentSetSize of job (KB)
...
006 (8740388.000.000) 11/29 21:01:28 Image size of job updated: 203268
	45  -  MemoryUsage of job (MB)
	45404  -  ResidentSetSize of job (KB)
...
006 (8740488.000.000) 11/29 21:02:58 Image size of job updated: 203264
	44  -  MemoryUsage of job (MB)
	44612  -  ResidentSetSize of job (KB)
...
006 (8740388.000.000) 11/29 21:03:26 Image size of job updated: 203272
	45  -  MemoryUsage of job (MB)
	45404  -  ResidentSetSize of job (KB)
...
005 (8740388.000.000) 11/29 21:03:26 Job terminated.
	(1) Normal termination (return value 0)
		Usr 0 00:05:08, Sys 0 00:00:08  -  Run Remote Usage
		Usr 0 00:00:00, Sys 0 00:00:00  -  Run Local Usage
		Usr 0 00:05:08, Sys 0 00:00:08  -  Total Remote Usage
		Usr 0 00:00:00, Sys 0 00:00:00  -  Total Local Usage
	0  -  Run Bytes Sent By Job
	0  -  Run Bytes Received By Job
	0  -  Total Bytes Sent By Job
	0  -  Total Bytes Received By Job
	Partitionable Resources :    Usage  Request Allocated
	   Cpus                 :                 1         1
	   Disk (KB)            :        1        1  16724674
	   Memory (MB)          :       45        1      4023
...
006 (8740488.000.000) 11/29 21:05:04 Image size of job updated: 203268
	44  -  MemoryUsage of job (MB)
	44612  -  ResidentSetSize of job (KB)
...
005 (8740488.000.000) 11/29 21:05:04 Job terminated.
	(1) Normal termination (return value 0)
		Usr 0 00:05:25, Sys 0 00:00:07  -  Run Remote Usage
		Usr 0 00:00:00, Sys 0 00:00:00  -  Run Local Usage
		Usr 0 00:05:25, Sys 0 00:00:07  -  Total Remote Usage
		Usr 0 00:00:00, Sys 0 00:00:00  -  Total Local Usage
	0  -  Run Bytes Sent By Job
	0  -  Run Bytes Received By Job
	0  -  Total Bytes Sent By Job
	0  -  Total Bytes Received By Job
	Partitionable Resources :    Usage  Request Allocated
	   Cpus                 :                 1         1
	   Disk (KB)            :        1        1  13385363
	   Memory (MB)          :       44        1      6441
...
