000 (8513175.000.000) 11/20 20:04:44 Job submitted from host: <10.10.48.31:12542?addrs=10.10.48.31-12542>
...
001 (8513175.000.000) 11/20 20:04:54 Job executing on host: <10.10.48.145:26377?addrs=10.10.48.145-26377>
...
006 (8513175.000.000) 11/20 20:04:54 Image size of job updated: 170108
	0  -  MemoryUsage of job (MB)
	0  -  ResidentSetSize of job (KB)
...
005 (8513175.000.000) 11/20 20:04:54 Job terminated.
	(1) Normal termination (return value 1)
		Usr 0 00:00:00, Sys 0 00:00:00  -  Run Remote Usage
		Usr 0 00:00:00, Sys 0 00:00:00  -  Run Local Usage
		Usr 0 00:00:00, Sys 0 00:00:00  -  Total Remote Usage
		Usr 0 00:00:00, Sys 0 00:00:00  -  Total Local Usage
	0  -  Run Bytes Sent By Job
	0  -  Run Bytes Received By Job
	0  -  Total Bytes Sent By Job
	0  -  Total Bytes Received By Job
	Partitionable Resources :    Usage  Request Allocated
	   Cpus                 :                 1         1
	   Disk (KB)            :        1        1  13235308
	   Memory (MB)          :        0        1      6441
...
000 (8513241.000.000) 11/20 20:06:20 Job submitted from host: <10.10.48.31:12542?addrs=10.10.48.31-12542>
...
001 (8513241.000.000) 11/20 20:06:35 Job executing on host: <10.10.48.145:26377?addrs=10.10.48.145-26377>
...
006 (8513241.000.000) 11/20 20:06:43 Image size of job updated: 124356
	22  -  MemoryUsage of job (MB)
	21940  -  ResidentSetSize of job (KB)
...
006 (8513241.000.000) 11/20 20:07:04 Image size of job updated: 263816
	22  -  MemoryUsage of job (MB)
	21940  -  ResidentSetSize of job (KB)
...
005 (8513241.000.000) 11/20 20:07:04 Job terminated.
	(1) Normal termination (return value 0)
		Usr 0 00:00:08, Sys 0 00:00:00  -  Run Remote Usage
		Usr 0 00:00:00, Sys 0 00:00:00  -  Run Local Usage
		Usr 0 00:00:08, Sys 0 00:00:00  -  Total Remote Usage
		Usr 0 00:00:00, Sys 0 00:00:00  -  Total Local Usage
	0  -  Run Bytes Sent By Job
	0  -  Run Bytes Received By Job
	0  -  Total Bytes Sent By Job
	0  -  Total Bytes Received By Job
	Partitionable Resources :    Usage  Request Allocated
	   Cpus                 :                 1         1
	   Disk (KB)            :        1        1  13167248
	   Memory (MB)          :       22        1      6441
...
000 (8568199.000.000) 11/23 10:24:53 Job submitted from host: <10.10.48.31:12542?addrs=10.10.48.31-12542>
...
001 (8568199.000.000) 11/23 10:24:56 Job executing on host: <10.10.48.146:58220?addrs=10.10.48.146-58220>
...
006 (8568199.000.000) 11/23 10:24:57 Image size of job updated: 191876
	0  -  MemoryUsage of job (MB)
	0  -  ResidentSetSize of job (KB)
...
005 (8568199.000.000) 11/23 10:24:57 Job terminated.
	(1) Normal termination (return value 0)
		Usr 0 00:00:00, Sys 0 00:00:00  -  Run Remote Usage
		Usr 0 00:00:00, Sys 0 00:00:00  -  Run Local Usage
		Usr 0 00:00:00, Sys 0 00:00:00  -  Total Remote Usage
		Usr 0 00:00:00, Sys 0 00:00:00  -  Total Local Usage
	0  -  Run Bytes Sent By Job
	0  -  Run Bytes Received By Job
	0  -  Total Bytes Sent By Job
	0  -  Total Bytes Received By Job
	Partitionable Resources :    Usage  Request Allocated
	   Cpus                 :                 1         1
	   Disk (KB)            :        1        1  13348234
	   Memory (MB)          :        0        1      6441
...
000 (8569047.000.000) 11/23 10:45:27 Job submitted from host: <10.10.48.31:12542?addrs=10.10.48.31-12542>
...
001 (8569047.000.000) 11/23 10:45:39 Job executing on host: <10.10.48.141:50603?addrs=10.10.48.141-50603>
...
006 (8569047.000.000) 11/23 10:45:48 Image size of job updated: 197860
	38  -  MemoryUsage of job (MB)
	38076  -  ResidentSetSize of job (KB)
...
006 (8569047.000.000) 11/23 10:46:09 Image size of job updated: 263804
	38  -  MemoryUsage of job (MB)
	38076  -  ResidentSetSize of job (KB)
...
005 (8569047.000.000) 11/23 10:46:09 Job terminated.
	(1) Normal termination (return value 0)
		Usr 0 00:00:09, Sys 0 00:00:00  -  Run Remote Usage
		Usr 0 00:00:00, Sys 0 00:00:00  -  Run Local Usage
		Usr 0 00:00:09, Sys 0 00:00:00  -  Total Remote Usage
		Usr 0 00:00:00, Sys 0 00:00:00  -  Total Local Usage
	0  -  Run Bytes Sent By Job
	0  -  Run Bytes Received By Job
	0  -  Total Bytes Sent By Job
	0  -  Total Bytes Received By Job
	Partitionable Resources :    Usage  Request Allocated
	   Cpus                 :                 1         1
	   Disk (KB)            :        1        1  13376467
	   Memory (MB)          :       38        1      6441
...
000 (8569601.000.000) 11/23 10:57:35 Job submitted from host: <10.10.48.31:12542?addrs=10.10.48.31-12542>
...
001 (8569601.000.000) 11/23 10:57:51 Job executing on host: <10.10.48.141:50603?addrs=10.10.48.141-50603>
...
006 (8569601.000.000) 11/23 10:57:58 Image size of job updated: 263528
	0  -  MemoryUsage of job (MB)
	0  -  ResidentSetSize of job (KB)
...
005 (8569601.000.000) 11/23 10:57:58 Job terminated.
	(1) Normal termination (return value 0)
		Usr 0 00:00:03, Sys 0 00:00:00  -  Run Remote Usage
		Usr 0 00:00:00, Sys 0 00:00:00  -  Run Local Usage
		Usr 0 00:00:03, Sys 0 00:00:00  -  Total Remote Usage
		Usr 0 00:00:00, Sys 0 00:00:00  -  Total Local Usage
	0  -  Run Bytes Sent By Job
	0  -  Run Bytes Received By Job
	0  -  Total Bytes Sent By Job
	0  -  Total Bytes Received By Job
	Partitionable Resources :    Usage  Request Allocated
	   Cpus                 :                 1         1
	   Disk (KB)            :        1        1  13376426
	   Memory (MB)          :        0        1      6441
...
000 (8577552.000.000) 11/23 15:06:33 Job submitted from host: <10.10.48.31:12542?addrs=10.10.48.31-12542>
...
001 (8577552.000.000) 11/23 15:06:38 Job executing on host: <10.10.48.41:20766?addrs=10.10.48.41-20766>
...
006 (8577552.000.000) 11/23 15:06:45 Image size of job updated: 263820
	0  -  MemoryUsage of job (MB)
	0  -  ResidentSetSize of job (KB)
...
005 (8577552.000.000) 11/23 15:06:45 Job terminated.
	(1) Normal termination (return value 0)
		Usr 0 00:00:04, Sys 0 00:00:00  -  Run Remote Usage
		Usr 0 00:00:00, Sys 0 00:00:00  -  Run Local Usage
		Usr 0 00:00:04, Sys 0 00:00:00  -  Total Remote Usage
		Usr 0 00:00:00, Sys 0 00:00:00  -  Total Local Usage
	0  -  Run Bytes Sent By Job
	0  -  Run Bytes Received By Job
	0  -  Total Bytes Sent By Job
	0  -  Total Bytes Received By Job
	Partitionable Resources :    Usage  Request Allocated
	   Cpus                 :                 1         1
	   Disk (KB)            :        1        1  16724553
	   Memory (MB)          :        0        1      4023
...
000 (8581732.000.000) 11/24 20:22:58 Job submitted from host: <10.10.48.31:12542?addrs=10.10.48.31-12542>
...
001 (8581732.000.000) 11/24 20:23:04 Job executing on host: <10.10.48.41:20766?addrs=10.10.48.41-20766>
...
006 (8581732.000.000) 11/24 20:23:04 Image size of job updated: 191192
	0  -  MemoryUsage of job (MB)
	0  -  ResidentSetSize of job (KB)
...
005 (8581732.000.000) 11/24 20:23:04 Job terminated.
	(1) Normal termination (return value 0)
		Usr 0 00:00:00, Sys 0 00:00:00  -  Run Remote Usage
		Usr 0 00:00:00, Sys 0 00:00:00  -  Run Local Usage
		Usr 0 00:00:00, Sys 0 00:00:00  -  Total Remote Usage
		Usr 0 00:00:00, Sys 0 00:00:00  -  Total Local Usage
	0  -  Run Bytes Sent By Job
	0  -  Run Bytes Received By Job
	0  -  Total Bytes Sent By Job
	0  -  Total Bytes Received By Job
	Partitionable Resources :    Usage  Request Allocated
	   Cpus                 :                 1         1
	   Disk (KB)            :        1        1  16725484
	   Memory (MB)          :        0        1      4023
...
000 (8581788.000.000) 11/24 20:31:11 Job submitted from host: <10.10.48.31:12542?addrs=10.10.48.31-12542>
...
001 (8581788.000.000) 11/24 20:31:29 Job executing on host: <10.10.48.139:49429?addrs=10.10.48.139-49429>
...
006 (8581788.000.000) 11/24 20:31:38 Image size of job updated: 201328
	41  -  MemoryUsage of job (MB)
	41668  -  ResidentSetSize of job (KB)
...
006 (8581788.000.000) 11/24 20:33:34 Image size of job updated: 201824
	41  -  MemoryUsage of job (MB)
	41668  -  ResidentSetSize of job (KB)
...
005 (8581788.000.000) 11/24 20:33:34 Job terminated.
	(1) Normal termination (return value 0)
		Usr 0 00:01:08, Sys 0 00:00:01  -  Run Remote Usage
		Usr 0 00:00:00, Sys 0 00:00:00  -  Run Local Usage
		Usr 0 00:01:08, Sys 0 00:00:01  -  Total Remote Usage
		Usr 0 00:00:00, Sys 0 00:00:00  -  Total Local Usage
	0  -  Run Bytes Sent By Job
	0  -  Run Bytes Received By Job
	0  -  Total Bytes Sent By Job
	0  -  Total Bytes Received By Job
	Partitionable Resources :    Usage  Request Allocated
	   Cpus                 :                 1         1
	   Disk (KB)            :        1        1  13382672
	   Memory (MB)          :       41        1      6441
...
000 (8739598.000.000) 11/29 19:34:22 Job submitted from host: <10.10.48.31:12542?addrs=10.10.48.31-12542>
...
001 (8739598.000.000) 11/29 19:34:29 Job executing on host: <10.10.48.145:26377?addrs=10.10.48.145-26377>
...
006 (8739598.000.000) 11/29 19:34:38 Image size of job updated: 116920
	20  -  MemoryUsage of job (MB)
	19712  -  ResidentSetSize of job (KB)
...
006 (8739598.000.000) 11/29 19:36:47 Image size of job updated: 202932
	20  -  MemoryUsage of job (MB)
	19712  -  ResidentSetSize of job (KB)
...
005 (8739598.000.000) 11/29 19:36:47 Job terminated.
	(1) Normal termination (return value 0)
		Usr 0 00:00:52, Sys 0 00:00:01  -  Run Remote Usage
		Usr 0 00:00:00, Sys 0 00:00:00  -  Run Local Usage
		Usr 0 00:00:52, Sys 0 00:00:01  -  Total Remote Usage
		Usr 0 00:00:00, Sys 0 00:00:00  -  Total Local Usage
	0  -  Run Bytes Sent By Job
	0  -  Run Bytes Received By Job
	0  -  Total Bytes Sent By Job
	0  -  Total Bytes Received By Job
	Partitionable Resources :    Usage  Request Allocated
	   Cpus                 :                 1         1
	   Disk (KB)            :        1        1  13384175
	   Memory (MB)          :       20        1      6441
...
000 (8740521.000.000) 11/29 20:52:29 Job submitted from host: <10.10.48.31:12542?addrs=10.10.48.31-12542>
...
001 (8740521.000.000) 11/29 20:52:49 Job executing on host: <10.10.48.143:50448?addrs=10.10.48.143-50448>
...
006 (8740521.000.000) 11/29 20:52:57 Image size of job updated: 1
	2  -  MemoryUsage of job (MB)
	1868  -  ResidentSetSize of job (KB)
...
006 (8740521.000.000) 11/29 20:56:45 Image size of job updated: 203040
	2  -  MemoryUsage of job (MB)
	1868  -  ResidentSetSize of job (KB)
...
005 (8740521.000.000) 11/29 20:56:45 Job terminated.
	(1) Normal termination (return value 0)
		Usr 0 00:00:55, Sys 0 00:00:01  -  Run Remote Usage
		Usr 0 00:00:00, Sys 0 00:00:00  -  Run Local Usage
		Usr 0 00:00:55, Sys 0 00:00:01  -  Total Remote Usage
		Usr 0 00:00:00, Sys 0 00:00:00  -  Total Local Usage
	0  -  Run Bytes Sent By Job
	0  -  Run Bytes Received By Job
	0  -  Total Bytes Sent By Job
	0  -  Total Bytes Received By Job
	Partitionable Resources :    Usage  Request Allocated
	   Cpus                 :                 1         1
	   Disk (KB)            :        1        1  13383195
	   Memory (MB)          :        2        1      6441
...
