000 (8513161.000.000) 11/20 20:04:43 Job submitted from host: <10.10.48.31:12542?addrs=10.10.48.31-12542>
...
001 (8513161.000.000) 11/20 20:04:54 Job executing on host: <10.10.48.139:49429?addrs=10.10.48.139-49429>
...
006 (8513161.000.000) 11/20 20:04:55 Image size of job updated: 175484
	0  -  MemoryUsage of job (MB)
	0  -  ResidentSetSize of job (KB)
...
005 (8513161.000.000) 11/20 20:04:56 Job terminated.
	(1) Normal termination (return value 1)
		Usr 0 00:00:00, Sys 0 00:00:00  -  Run Remote Usage
		Usr 0 00:00:00, Sys 0 00:00:00  -  Run Local Usage
		Usr 0 00:00:00, Sys 0 00:00:00  -  Total Remote Usage
		Usr 0 00:00:00, Sys 0 00:00:00  -  Total Local Usage
	0  -  Run Bytes Sent By Job
	0  -  Run Bytes Received By Job
	0  -  Total Bytes Sent By Job
	0  -  Total Bytes Received By Job
	Partitionable Resources :    Usage  Request Allocated
	   Cpus                 :                 1         1
	   Disk (KB)            :        1        1  13382983
	   Memory (MB)          :        0        1      6441
...
000 (8513227.000.000) 11/20 20:06:19 Job submitted from host: <10.10.48.31:12542?addrs=10.10.48.31-12542>
...
001 (8513227.000.000) 11/20 20:06:36 Job executing on host: <10.10.48.139:49429?addrs=10.10.48.139-49429>
...
006 (8513227.000.000) 11/20 20:06:45 Image size of job updated: 172792
	29  -  MemoryUsage of job (MB)
	28948  -  ResidentSetSize of job (KB)
...
006 (8513227.000.000) 11/20 20:07:10 Image size of job updated: 263244
	29  -  MemoryUsage of job (MB)
	28948  -  ResidentSetSize of job (KB)
...
005 (8513227.000.000) 11/20 20:07:10 Job terminated.
	(1) Normal termination (return value 0)
		Usr 0 00:00:05, Sys 0 00:00:00  -  Run Remote Usage
		Usr 0 00:00:00, Sys 0 00:00:00  -  Run Local Usage
		Usr 0 00:00:05, Sys 0 00:00:00  -  Total Remote Usage
		Usr 0 00:00:00, Sys 0 00:00:00  -  Total Local Usage
	0  -  Run Bytes Sent By Job
	0  -  Run Bytes Received By Job
	0  -  Total Bytes Sent By Job
	0  -  Total Bytes Received By Job
	Partitionable Resources :    Usage  Request Allocated
	   Cpus                 :                 1         1
	   Disk (KB)            :        1        1  13383015
	   Memory (MB)          :       29        1      6441
...
000 (8568185.000.000) 11/23 10:24:49 Job submitted from host: <10.10.48.31:12542?addrs=10.10.48.31-12542>
...
001 (8568185.000.000) 11/23 10:24:53 Job executing on host: <10.10.48.141:50603?addrs=10.10.48.141-50603>
...
006 (8568185.000.000) 11/23 10:24:54 Image size of job updated: 191568
	0  -  MemoryUsage of job (MB)
	0  -  ResidentSetSize of job (KB)
...
005 (8568185.000.000) 11/23 10:24:55 Job terminated.
	(1) Normal termination (return value 0)
		Usr 0 00:00:00, Sys 0 00:00:00  -  Run Remote Usage
		Usr 0 00:00:00, Sys 0 00:00:00  -  Run Local Usage
		Usr 0 00:00:00, Sys 0 00:00:00  -  Total Remote Usage
		Usr 0 00:00:00, Sys 0 00:00:00  -  Total Local Usage
	0  -  Run Bytes Sent By Job
	0  -  Run Bytes Received By Job
	0  -  Total Bytes Sent By Job
	0  -  Total Bytes Received By Job
	Partitionable Resources :    Usage  Request Allocated
	   Cpus                 :                 1         1
	   Disk (KB)            :        1        1  13376040
	   Memory (MB)          :        0        1      6441
...
000 (8569033.000.000) 11/23 10:45:26 Job submitted from host: <10.10.48.31:12542?addrs=10.10.48.31-12542>
...
001 (8569033.000.000) 11/23 10:45:37 Job executing on host: <10.10.48.141:50603?addrs=10.10.48.141-50603>
...
006 (8569033.000.000) 11/23 10:45:45 Image size of job updated: 263208
	43  -  MemoryUsage of job (MB)
	43868  -  ResidentSetSize of job (KB)
...
005 (8569033.000.000) 11/23 10:45:46 Job terminated.
	(1) Normal termination (return value 0)
		Usr 0 00:00:05, Sys 0 00:00:00  -  Run Remote Usage
		Usr 0 00:00:00, Sys 0 00:00:00  -  Run Local Usage
		Usr 0 00:00:05, Sys 0 00:00:00  -  Total Remote Usage
		Usr 0 00:00:00, Sys 0 00:00:00  -  Total Local Usage
	0  -  Run Bytes Sent By Job
	0  -  Run Bytes Received By Job
	0  -  Total Bytes Sent By Job
	0  -  Total Bytes Received By Job
	Partitionable Resources :    Usage  Request Allocated
	   Cpus                 :                 1         1
	   Disk (KB)            :        1        1  13376499
	   Memory (MB)          :       43        1      6441
...
000 (8569587.000.000) 11/23 10:57:33 Job submitted from host: <10.10.48.31:12542?addrs=10.10.48.31-12542>
...
001 (8569587.000.000) 11/23 10:57:52 Job executing on host: <10.10.48.146:58220?addrs=10.10.48.146-58220>
...
006 (8569587.000.000) 11/23 10:57:57 Image size of job updated: 260888
	0  -  MemoryUsage of job (MB)
	0  -  ResidentSetSize of job (KB)
...
005 (8569587.000.000) 11/23 10:57:57 Job terminated.
	(1) Normal termination (return value 0)
		Usr 0 00:00:02, Sys 0 00:00:00  -  Run Remote Usage
		Usr 0 00:00:00, Sys 0 00:00:00  -  Run Local Usage
		Usr 0 00:00:02, Sys 0 00:00:00  -  Total Remote Usage
		Usr 0 00:00:00, Sys 0 00:00:00  -  Total Local Usage
	0  -  Run Bytes Sent By Job
	0  -  Run Bytes Received By Job
	0  -  Total Bytes Sent By Job
	0  -  Total Bytes Received By Job
	Partitionable Resources :    Usage  Request Allocated
	   Cpus                 :                 1         1
	   Disk (KB)            :        1        1  13348070
	   Memory (MB)          :        0        1      6441
...
000 (8577538.000.000) 11/23 15:06:30 Job submitted from host: <10.10.48.31:12542?addrs=10.10.48.31-12542>
...
001 (8577538.000.000) 11/23 15:06:32 Job executing on host: <10.10.48.141:50603?addrs=10.10.48.141-50603>
...
006 (8577538.000.000) 11/23 15:06:38 Image size of job updated: 263208
	0  -  MemoryUsage of job (MB)
	0  -  ResidentSetSize of job (KB)
...
005 (8577538.000.000) 11/23 15:06:38 Job terminated.
	(1) Normal termination (return value 0)
		Usr 0 00:00:02, Sys 0 00:00:00  -  Run Remote Usage
		Usr 0 00:00:00, Sys 0 00:00:00  -  Run Local Usage
		Usr 0 00:00:02, Sys 0 00:00:00  -  Total Remote Usage
		Usr 0 00:00:00, Sys 0 00:00:00  -  Total Local Usage
	0  -  Run Bytes Sent By Job
	0  -  Run Bytes Received By Job
	0  -  Total Bytes Sent By Job
	0  -  Total Bytes Received By Job
	Partitionable Resources :    Usage  Request Allocated
	   Cpus                 :                 1         1
	   Disk (KB)            :        1        1  13376625
	   Memory (MB)          :        0        1      6441
...
000 (8580141.000.000) 11/23 17:22:36 Job submitted from host: <10.10.48.31:12542?addrs=10.10.48.31-12542>
...
001 (8580141.000.000) 11/23 17:22:40 Job executing on host: <10.10.48.41:20766?addrs=10.10.48.41-20766>
...
006 (8580141.000.000) 11/23 17:22:40 Image size of job updated: 136380
	0  -  MemoryUsage of job (MB)
	0  -  ResidentSetSize of job (KB)
...
005 (8580141.000.000) 11/23 17:22:40 Job terminated.
	(1) Normal termination (return value 0)
		Usr 0 00:00:00, Sys 0 00:00:00  -  Run Remote Usage
		Usr 0 00:00:00, Sys 0 00:00:00  -  Run Local Usage
		Usr 0 00:00:00, Sys 0 00:00:00  -  Total Remote Usage
		Usr 0 00:00:00, Sys 0 00:00:00  -  Total Local Usage
	0  -  Run Bytes Sent By Job
	0  -  Run Bytes Received By Job
	0  -  Total Bytes Sent By Job
	0  -  Total Bytes Received By Job
	Partitionable Resources :    Usage  Request Allocated
	   Cpus                 :                 1         1
	   Disk (KB)            :        1        1  16725821
	   Memory (MB)          :        0        1      4023
...
000 (8580295.000.000) 11/24 10:20:56 Job submitted from host: <10.10.48.31:12542?addrs=10.10.48.31-12542>
...
001 (8580295.000.000) 11/24 10:21:15 Job executing on host: <10.10.48.141:50603?addrs=10.10.48.141-50603>
...
006 (8580295.000.000) 11/24 10:21:17 Image size of job updated: 198916
	0  -  MemoryUsage of job (MB)
	0  -  ResidentSetSize of job (KB)
...
005 (8580295.000.000) 11/24 10:21:17 Job terminated.
	(1) Normal termination (return value 0)
		Usr 0 00:00:01, Sys 0 00:00:00  -  Run Remote Usage
		Usr 0 00:00:00, Sys 0 00:00:00  -  Run Local Usage
		Usr 0 00:00:01, Sys 0 00:00:00  -  Total Remote Usage
		Usr 0 00:00:00, Sys 0 00:00:00  -  Total Local Usage
	0  -  Run Bytes Sent By Job
	0  -  Run Bytes Received By Job
	0  -  Total Bytes Sent By Job
	0  -  Total Bytes Received By Job
	Partitionable Resources :    Usage  Request Allocated
	   Cpus                 :                 1         1
	   Disk (KB)            :        1        1  13376787
	   Memory (MB)          :        0        1      6441
...
000 (8581718.000.000) 11/24 20:22:56 Job submitted from host: <10.10.48.31:12542?addrs=10.10.48.31-12542>
...
001 (8581718.000.000) 11/24 20:23:01 Job executing on host: <10.10.48.41:20766?addrs=10.10.48.41-20766>
...
006 (8581718.000.000) 11/24 20:23:02 Image size of job updated: 191932
	0  -  MemoryUsage of job (MB)
	0  -  ResidentSetSize of job (KB)
...
005 (8581718.000.000) 11/24 20:23:02 Job terminated.
	(1) Normal termination (return value 0)
		Usr 0 00:00:00, Sys 0 00:00:00  -  Run Remote Usage
		Usr 0 00:00:00, Sys 0 00:00:00  -  Run Local Usage
		Usr 0 00:00:00, Sys 0 00:00:00  -  Total Remote Usage
		Usr 0 00:00:00, Sys 0 00:00:00  -  Total Local Usage
	0  -  Run Bytes Sent By Job
	0  -  Run Bytes Received By Job
	0  -  Total Bytes Sent By Job
	0  -  Total Bytes Received By Job
	Partitionable Resources :    Usage  Request Allocated
	   Cpus                 :                 1         1
	   Disk (KB)            :        1        1  16725484
	   Memory (MB)          :        0        1      4023
...
000 (8581774.000.000) 11/24 20:31:10 Job submitted from host: <10.10.48.31:12542?addrs=10.10.48.31-12542>
...
001 (8581774.000.000) 11/24 20:31:29 Job executing on host: <10.10.48.35:61041?addrs=10.10.48.35-61041>
...
006 (8581774.000.000) 11/24 20:31:38 Image size of job updated: 201276
	42  -  MemoryUsage of job (MB)
	42912  -  ResidentSetSize of job (KB)
...
006 (8581774.000.000) 11/24 20:32:49 Image size of job updated: 201776
	42  -  MemoryUsage of job (MB)
	42912  -  ResidentSetSize of job (KB)
...
005 (8581774.000.000) 11/24 20:32:49 Job terminated.
	(1) Normal termination (return value 0)
		Usr 0 00:00:45, Sys 0 00:00:01  -  Run Remote Usage
		Usr 0 00:00:00, Sys 0 00:00:00  -  Run Local Usage
		Usr 0 00:00:45, Sys 0 00:00:01  -  Total Remote Usage
		Usr 0 00:00:00, Sys 0 00:00:00  -  Total Local Usage
	0  -  Run Bytes Sent By Job
	0  -  Run Bytes Received By Job
	0  -  Total Bytes Sent By Job
	0  -  Total Bytes Received By Job
	Partitionable Resources :    Usage  Request Allocated
	   Cpus                 :                 1         1
	   Disk (KB)            :        1        1  16722873
	   Memory (MB)          :       42        1      4023
...
000 (8739433.000.000) 11/29 19:23:03 Job submitted from host: <10.10.48.31:12542?addrs=10.10.48.31-12542>
...
001 (8739433.000.000) 11/29 19:23:23 Job executing on host: <10.10.48.139:49429?addrs=10.10.48.139-49429>
...
006 (8739433.000.000) 11/29 19:23:31 Image size of job updated: 181004
	30  -  MemoryUsage of job (MB)
	29820  -  ResidentSetSize of job (KB)
...
005 (8739433.000.000) 11/29 19:23:36 Job terminated.
	(1) Normal termination (return value 0)
		Usr 0 00:00:00, Sys 0 00:00:00  -  Run Remote Usage
		Usr 0 00:00:00, Sys 0 00:00:00  -  Run Local Usage
		Usr 0 00:00:00, Sys 0 00:00:00  -  Total Remote Usage
		Usr 0 00:00:00, Sys 0 00:00:00  -  Total Local Usage
	0  -  Run Bytes Sent By Job
	0  -  Run Bytes Received By Job
	0  -  Total Bytes Sent By Job
	0  -  Total Bytes Received By Job
	Partitionable Resources :    Usage  Request Allocated
	   Cpus                 :                 1         1
	   Disk (KB)            :        1        1  13385409
	   Memory (MB)          :       30        1      6441
...
000 (8739584.000.000) 11/29 19:34:21 Job submitted from host: <10.10.48.31:12542?addrs=10.10.48.31-12542>
...
001 (8739584.000.000) 11/29 19:34:29 Job executing on host: <10.10.48.139:49429?addrs=10.10.48.139-49429>
...
006 (8739584.000.000) 11/29 19:34:38 Image size of job updated: 181384
	31  -  MemoryUsage of job (MB)
	31744  -  ResidentSetSize of job (KB)
...
006 (8739584.000.000) 11/29 19:36:37 Image size of job updated: 203024
	31  -  MemoryUsage of job (MB)
	31744  -  ResidentSetSize of job (KB)
...
005 (8739584.000.000) 11/29 19:36:37 Job terminated.
	(1) Normal termination (return value 0)
		Usr 0 00:00:38, Sys 0 00:00:01  -  Run Remote Usage
		Usr 0 00:00:00, Sys 0 00:00:00  -  Run Local Usage
		Usr 0 00:00:38, Sys 0 00:00:01  -  Total Remote Usage
		Usr 0 00:00:00, Sys 0 00:00:00  -  Total Local Usage
	0  -  Run Bytes Sent By Job
	0  -  Run Bytes Received By Job
	0  -  Total Bytes Sent By Job
	0  -  Total Bytes Received By Job
	Partitionable Resources :    Usage  Request Allocated
	   Cpus                 :                 1         1
	   Disk (KB)            :        1        1  13385373
	   Memory (MB)          :       31        1      6441
...
000 (8740408.000.000) 11/29 20:51:06 Job submitted from host: <10.10.48.31:12542?addrs=10.10.48.31-12542>
...
001 (8740408.000.000) 11/29 20:51:25 Job executing on host: <10.10.48.35:61041?addrs=10.10.48.35-61041>
...
006 (8740408.000.000) 11/29 20:51:34 Image size of job updated: 202884
	42  -  MemoryUsage of job (MB)
	42256  -  ResidentSetSize of job (KB)
...
005 (8740408.000.000) 11/29 20:51:38 Job terminated.
	(1) Normal termination (return value 0)
		Usr 0 00:00:02, Sys 0 00:00:00  -  Run Remote Usage
		Usr 0 00:00:00, Sys 0 00:00:00  -  Run Local Usage
		Usr 0 00:00:02, Sys 0 00:00:00  -  Total Remote Usage
		Usr 0 00:00:00, Sys 0 00:00:00  -  Total Local Usage
	0  -  Run Bytes Sent By Job
	0  -  Run Bytes Received By Job
	0  -  Total Bytes Sent By Job
	0  -  Total Bytes Received By Job
	Partitionable Resources :    Usage  Request Allocated
	   Cpus                 :                 1         1
	   Disk (KB)            :        1        1  16724909
	   Memory (MB)          :       42        1      4023
...
000 (8740507.000.000) 11/29 20:52:28 Job submitted from host: <10.10.48.31:12542?addrs=10.10.48.31-12542>
...
001 (8740507.000.000) 11/29 20:52:49 Job executing on host: <10.10.48.145:26377?addrs=10.10.48.145-26377>
...
006 (8740507.000.000) 11/29 20:52:57 Image size of job updated: 183120
	32  -  MemoryUsage of job (MB)
	32536  -  ResidentSetSize of job (KB)
...
006 (8740507.000.000) 11/29 20:54:52 Image size of job updated: 202996
	32  -  MemoryUsage of job (MB)
	32536  -  ResidentSetSize of job (KB)
...
005 (8740507.000.000) 11/29 20:54:52 Job terminated.
	(1) Normal termination (return value 0)
		Usr 0 00:00:33, Sys 0 00:00:00  -  Run Remote Usage
		Usr 0 00:00:00, Sys 0 00:00:00  -  Run Local Usage
		Usr 0 00:00:33, Sys 0 00:00:00  -  Total Remote Usage
		Usr 0 00:00:00, Sys 0 00:00:00  -  Total Local Usage
	0  -  Run Bytes Sent By Job
	0  -  Run Bytes Received By Job
	0  -  Total Bytes Sent By Job
	0  -  Total Bytes Received By Job
	Partitionable Resources :    Usage  Request Allocated
	   Cpus                 :                 1         1
	   Disk (KB)            :        1        1  13384155
	   Memory (MB)          :       32        1      6441
...
