000 (8513166.000.000) 11/20 20:04:44 Job submitted from host: <10.10.48.31:12542?addrs=10.10.48.31-12542>
...
001 (8513166.000.000) 11/20 20:04:52 Job executing on host: <10.10.48.145:26377?addrs=10.10.48.145-26377>
...
006 (8513166.000.000) 11/20 20:04:53 Image size of job updated: 167736
	0  -  MemoryUsage of job (MB)
	0  -  ResidentSetSize of job (KB)
...
005 (8513166.000.000) 11/20 20:04:54 Job terminated.
	(1) Normal termination (return value 1)
		Usr 0 00:00:00, Sys 0 00:00:00  -  Run Remote Usage
		Usr 0 00:00:00, Sys 0 00:00:00  -  Run Local Usage
		Usr 0 00:00:00, Sys 0 00:00:00  -  Total Remote Usage
		Usr 0 00:00:00, Sys 0 00:00:00  -  Total Local Usage
	0  -  Run Bytes Sent By Job
	0  -  Run Bytes Received By Job
	0  -  Total Bytes Sent By Job
	0  -  Total Bytes Received By Job
	Partitionable Resources :    Usage  Request Allocated
	   Cpus                 :                 1         1
	   Disk (KB)            :        1        1  13235308
	   Memory (MB)          :        0        1      6441
...
000 (8513232.000.000) 11/20 20:06:20 Job submitted from host: <10.10.48.31:12542?addrs=10.10.48.31-12542>
...
001 (8513232.000.000) 11/20 20:06:33 Job executing on host: <10.10.48.145:26377?addrs=10.10.48.145-26377>
...
006 (8513232.000.000) 11/20 20:06:42 Image size of job updated: 262796
	98  -  MemoryUsage of job (MB)
	100228  -  ResidentSetSize of job (KB)
...
006 (8513232.000.000) 11/20 20:07:44 Image size of job updated: 263172
	98  -  MemoryUsage of job (MB)
	100228  -  ResidentSetSize of job (KB)
...
005 (8513232.000.000) 11/20 20:07:44 Job terminated.
	(1) Normal termination (return value 0)
		Usr 0 00:00:47, Sys 0 00:00:01  -  Run Remote Usage
		Usr 0 00:00:00, Sys 0 00:00:00  -  Run Local Usage
		Usr 0 00:00:47, Sys 0 00:00:01  -  Total Remote Usage
		Usr 0 00:00:00, Sys 0 00:00:00  -  Total Local Usage
	0  -  Run Bytes Sent By Job
	0  -  Run Bytes Received By Job
	0  -  Total Bytes Sent By Job
	0  -  Total Bytes Received By Job
	Partitionable Resources :    Usage  Request Allocated
	   Cpus                 :                 1         1
	   Disk (KB)            :        1        1  13167248
	   Memory (MB)          :       98        1      6441
...
000 (8568190.000.000) 11/23 10:24:49 Job submitted from host: <10.10.48.31:12542?addrs=10.10.48.31-12542>
...
001 (8568190.000.000) 11/23 10:24:54 Job executing on host: <10.10.48.141:50603?addrs=10.10.48.141-50603>
...
006 (8568190.000.000) 11/23 10:24:55 Image size of job updated: 191568
	0  -  MemoryUsage of job (MB)
	0  -  ResidentSetSize of job (KB)
...
005 (8568190.000.000) 11/23 10:24:56 Job terminated.
	(1) Normal termination (return value 0)
		Usr 0 00:00:00, Sys 0 00:00:00  -  Run Remote Usage
		Usr 0 00:00:00, Sys 0 00:00:00  -  Run Local Usage
		Usr 0 00:00:00, Sys 0 00:00:00  -  Total Remote Usage
		Usr 0 00:00:00, Sys 0 00:00:00  -  Total Local Usage
	0  -  Run Bytes Sent By Job
	0  -  Run Bytes Received By Job
	0  -  Total Bytes Sent By Job
	0  -  Total Bytes Received By Job
	Partitionable Resources :    Usage  Request Allocated
	   Cpus                 :                 1         1
	   Disk (KB)            :        1        1  13376040
	   Memory (MB)          :        0        1      6441
...
000 (8569038.000.000) 11/23 10:45:26 Job submitted from host: <10.10.48.31:12542?addrs=10.10.48.31-12542>
...
001 (8569038.000.000) 11/23 10:45:38 Job executing on host: <10.10.48.141:50603?addrs=10.10.48.141-50603>
...
006 (8569038.000.000) 11/23 10:45:46 Image size of job updated: 257700
	59  -  MemoryUsage of job (MB)
	60296  -  ResidentSetSize of job (KB)
...
006 (8569038.000.000) 11/23 10:46:59 Image size of job updated: 263600
	59  -  MemoryUsage of job (MB)
	60296  -  ResidentSetSize of job (KB)
...
005 (8569038.000.000) 11/23 10:46:59 Job terminated.
	(1) Normal termination (return value 0)
		Usr 0 00:00:55, Sys 0 00:00:01  -  Run Remote Usage
		Usr 0 00:00:00, Sys 0 00:00:00  -  Run Local Usage
		Usr 0 00:00:55, Sys 0 00:00:01  -  Total Remote Usage
		Usr 0 00:00:00, Sys 0 00:00:00  -  Total Local Usage
	0  -  Run Bytes Sent By Job
	0  -  Run Bytes Received By Job
	0  -  Total Bytes Sent By Job
	0  -  Total Bytes Received By Job
	Partitionable Resources :    Usage  Request Allocated
	   Cpus                 :                 1         1
	   Disk (KB)            :        1        1  13376506
	   Memory (MB)          :       59        1      6441
...
000 (8569592.000.000) 11/23 10:57:34 Job submitted from host: <10.10.48.31:12542?addrs=10.10.48.31-12542>
...
001 (8569592.000.000) 11/23 10:57:52 Job executing on host: <10.10.48.146:58220?addrs=10.10.48.146-58220>
...
006 (8569592.000.000) 11/23 10:58:01 Image size of job updated: 263368
	99  -  MemoryUsage of job (MB)
	101036  -  ResidentSetSize of job (KB)
...
005 (8569592.000.000) 11/23 10:58:37 Job terminated.
	(1) Normal termination (return value 0)
		Usr 0 00:00:28, Sys 0 00:00:00  -  Run Remote Usage
		Usr 0 00:00:00, Sys 0 00:00:00  -  Run Local Usage
		Usr 0 00:00:28, Sys 0 00:00:00  -  Total Remote Usage
		Usr 0 00:00:00, Sys 0 00:00:00  -  Total Local Usage
	0  -  Run Bytes Sent By Job
	0  -  Run Bytes Received By Job
	0  -  Total Bytes Sent By Job
	0  -  Total Bytes Received By Job
	Partitionable Resources :    Usage  Request Allocated
	   Cpus                 :                 1         1
	   Disk (KB)            :        1        1  13348070
	   Memory (MB)          :       99        1      6441
...
000 (8577543.000.000) 11/23 15:06:31 Job submitted from host: <10.10.48.31:12542?addrs=10.10.48.31-12542>
...
001 (8577543.000.000) 11/23 15:06:33 Job executing on host: <10.10.48.41:20766?addrs=10.10.48.41-20766>
...
006 (8577543.000.000) 11/23 15:06:42 Image size of job updated: 263084
	98  -  MemoryUsage of job (MB)
	99604  -  ResidentSetSize of job (KB)
...
006 (8577543.000.000) 11/23 15:07:18 Image size of job updated: 263544
	98  -  MemoryUsage of job (MB)
	99604  -  ResidentSetSize of job (KB)
...
005 (8577543.000.000) 11/23 15:07:18 Job terminated.
	(1) Normal termination (return value 0)
		Usr 0 00:00:37, Sys 0 00:00:02  -  Run Remote Usage
		Usr 0 00:00:00, Sys 0 00:00:00  -  Run Local Usage
		Usr 0 00:00:37, Sys 0 00:00:02  -  Total Remote Usage
		Usr 0 00:00:00, Sys 0 00:00:00  -  Total Local Usage
	0  -  Run Bytes Sent By Job
	0  -  Run Bytes Received By Job
	0  -  Total Bytes Sent By Job
	0  -  Total Bytes Received By Job
	Partitionable Resources :    Usage  Request Allocated
	   Cpus                 :                 1         1
	   Disk (KB)            :        1        1  16724546
	   Memory (MB)          :       98        1      4023
...
000 (8580146.000.000) 11/23 17:22:37 Job submitted from host: <10.10.48.31:12542?addrs=10.10.48.31-12542>
...
001 (8580146.000.000) 11/23 17:22:41 Job executing on host: <10.10.48.41:20766?addrs=10.10.48.41-20766>
...
006 (8580146.000.000) 11/23 17:22:41 Image size of job updated: 192156
	0  -  MemoryUsage of job (MB)
	0  -  ResidentSetSize of job (KB)
...
005 (8580146.000.000) 11/23 17:22:41 Job terminated.
	(1) Normal termination (return value 0)
		Usr 0 00:00:00, Sys 0 00:00:00  -  Run Remote Usage
		Usr 0 00:00:00, Sys 0 00:00:00  -  Run Local Usage
		Usr 0 00:00:00, Sys 0 00:00:00  -  Total Remote Usage
		Usr 0 00:00:00, Sys 0 00:00:00  -  Total Local Usage
	0  -  Run Bytes Sent By Job
	0  -  Run Bytes Received By Job
	0  -  Total Bytes Sent By Job
	0  -  Total Bytes Received By Job
	Partitionable Resources :    Usage  Request Allocated
	   Cpus                 :                 1         1
	   Disk (KB)            :        1        1  16725821
	   Memory (MB)          :        0        1      4023
...
000 (8580300.000.000) 11/24 10:20:56 Job submitted from host: <10.10.48.31:12542?addrs=10.10.48.31-12542>
...
001 (8580300.000.000) 11/24 10:21:16 Job executing on host: <10.10.48.141:50603?addrs=10.10.48.141-50603>
...
006 (8580300.000.000) 11/24 10:21:24 Image size of job updated: 257668
	50  -  MemoryUsage of job (MB)
	50436  -  ResidentSetSize of job (KB)
...
006 (8580300.000.000) 11/24 10:22:37 Image size of job updated: 266320
	50  -  MemoryUsage of job (MB)
	50436  -  ResidentSetSize of job (KB)
...
005 (8580300.000.000) 11/24 10:22:37 Job terminated.
	(1) Normal termination (return value 0)
		Usr 0 00:01:19, Sys 0 00:00:01  -  Run Remote Usage
		Usr 0 00:00:00, Sys 0 00:00:00  -  Run Local Usage
		Usr 0 00:01:19, Sys 0 00:00:01  -  Total Remote Usage
		Usr 0 00:00:00, Sys 0 00:00:00  -  Total Local Usage
	0  -  Run Bytes Sent By Job
	0  -  Run Bytes Received By Job
	0  -  Total Bytes Sent By Job
	0  -  Total Bytes Received By Job
	Partitionable Resources :    Usage  Request Allocated
	   Cpus                 :                 1         1
	   Disk (KB)            :        1        1  13376787
	   Memory (MB)          :       50        1      6441
...
000 (8581723.000.000) 11/24 20:22:57 Job submitted from host: <10.10.48.31:12542?addrs=10.10.48.31-12542>
...
001 (8581723.000.000) 11/24 20:23:02 Job executing on host: <10.10.48.41:20766?addrs=10.10.48.41-20766>
...
006 (8581723.000.000) 11/24 20:23:03 Image size of job updated: 191580
	0  -  MemoryUsage of job (MB)
	0  -  ResidentSetSize of job (KB)
...
005 (8581723.000.000) 11/24 20:23:03 Job terminated.
	(1) Normal termination (return value 0)
		Usr 0 00:00:00, Sys 0 00:00:00  -  Run Remote Usage
		Usr 0 00:00:00, Sys 0 00:00:00  -  Run Local Usage
		Usr 0 00:00:00, Sys 0 00:00:00  -  Total Remote Usage
		Usr 0 00:00:00, Sys 0 00:00:00  -  Total Local Usage
	0  -  Run Bytes Sent By Job
	0  -  Run Bytes Received By Job
	0  -  Total Bytes Sent By Job
	0  -  Total Bytes Received By Job
	Partitionable Resources :    Usage  Request Allocated
	   Cpus                 :                 1         1
	   Disk (KB)            :        1        1  16725484
	   Memory (MB)          :        0        1      4023
...
000 (8581779.000.000) 11/24 20:31:10 Job submitted from host: <10.10.48.31:12542?addrs=10.10.48.31-12542>
...
001 (8581779.000.000) 11/24 20:31:30 Job executing on host: <10.10.48.35:61041?addrs=10.10.48.35-61041>
...
006 (8581779.000.000) 11/24 20:31:38 Image size of job updated: 183256
	32  -  MemoryUsage of job (MB)
	32580  -  ResidentSetSize of job (KB)
...
006 (8581779.000.000) 11/24 20:36:38 Image size of job updated: 202144
	42  -  MemoryUsage of job (MB)
	42176  -  ResidentSetSize of job (KB)
...
006 (8581779.000.000) 11/24 20:41:39 Image size of job updated: 202144
	42  -  MemoryUsage of job (MB)
	42688  -  ResidentSetSize of job (KB)
...
005 (8581779.000.000) 11/24 20:45:21 Job terminated.
	(1) Normal termination (return value 0)
		Usr 0 00:09:26, Sys 0 00:00:12  -  Run Remote Usage
		Usr 0 00:00:00, Sys 0 00:00:00  -  Run Local Usage
		Usr 0 00:09:26, Sys 0 00:00:12  -  Total Remote Usage
		Usr 0 00:00:00, Sys 0 00:00:00  -  Total Local Usage
	0  -  Run Bytes Sent By Job
	0  -  Run Bytes Received By Job
	0  -  Total Bytes Sent By Job
	0  -  Total Bytes Received By Job
	Partitionable Resources :    Usage  Request Allocated
	   Cpus                 :                 1         1
	   Disk (KB)            :        1        1  16722873
	   Memory (MB)          :       42        1      4023
...
000 (8739438.000.000) 11/29 19:23:03 Job submitted from host: <10.10.48.31:12542?addrs=10.10.48.31-12542>
...
001 (8739438.000.000) 11/29 19:23:24 Job executing on host: <10.10.48.139:49429?addrs=10.10.48.139-49429>
...
006 (8739438.000.000) 11/29 19:23:32 Image size of job updated: 167740
	28  -  MemoryUsage of job (MB)
	27712  -  ResidentSetSize of job (KB)
...
006 (8739438.000.000) 11/29 19:28:32 Image size of job updated: 203252
	44  -  MemoryUsage of job (MB)
	45052  -  ResidentSetSize of job (KB)
...
006 (8739438.000.000) 11/29 19:32:49 Image size of job updated: 203260
	44  -  MemoryUsage of job (MB)
	45052  -  ResidentSetSize of job (KB)
...
005 (8739438.000.000) 11/29 19:32:50 Job terminated.
	(1) Normal termination (return value 0)
		Usr 0 00:04:39, Sys 0 00:00:06  -  Run Remote Usage
		Usr 0 00:00:00, Sys 0 00:00:00  -  Run Local Usage
		Usr 0 00:04:39, Sys 0 00:00:06  -  Total Remote Usage
		Usr 0 00:00:00, Sys 0 00:00:00  -  Total Local Usage
	0  -  Run Bytes Sent By Job
	0  -  Run Bytes Received By Job
	0  -  Total Bytes Sent By Job
	0  -  Total Bytes Received By Job
	Partitionable Resources :    Usage  Request Allocated
	   Cpus                 :                 1         1
	   Disk (KB)            :        1        1  13385409
	   Memory (MB)          :       44        1      6441
...
000 (8739589.000.000) 11/29 19:34:21 Job submitted from host: <10.10.48.31:12542?addrs=10.10.48.31-12542>
...
001 (8739589.000.000) 11/29 19:34:30 Job executing on host: <10.10.48.139:49429?addrs=10.10.48.139-49429>
...
006 (8739589.000.000) 11/29 19:34:39 Image size of job updated: 176152
	30  -  MemoryUsage of job (MB)
	30372  -  ResidentSetSize of job (KB)
...
006 (8739589.000.000) 11/29 19:39:40 Image size of job updated: 203368
	44  -  MemoryUsage of job (MB)
	44628  -  ResidentSetSize of job (KB)
...
006 (8739589.000.000) 11/29 19:44:40 Image size of job updated: 203412
	45  -  MemoryUsage of job (MB)
	45112  -  ResidentSetSize of job (KB)
...
005 (8739589.000.000) 11/29 19:49:26 Job terminated.
	(1) Normal termination (return value 0)
		Usr 0 00:05:50, Sys 0 00:00:08  -  Run Remote Usage
		Usr 0 00:00:00, Sys 0 00:00:00  -  Run Local Usage
		Usr 0 00:05:50, Sys 0 00:00:08  -  Total Remote Usage
		Usr 0 00:00:00, Sys 0 00:00:00  -  Total Local Usage
	0  -  Run Bytes Sent By Job
	0  -  Run Bytes Received By Job
	0  -  Total Bytes Sent By Job
	0  -  Total Bytes Received By Job
	Partitionable Resources :    Usage  Request Allocated
	   Cpus                 :                 1         1
	   Disk (KB)            :        1        1  13385373
	   Memory (MB)          :       45        1      6441
...
000 (8740413.000.000) 11/29 20:51:06 Job submitted from host: <10.10.48.31:12542?addrs=10.10.48.31-12542>
...
001 (8740413.000.000) 11/29 20:51:26 Job executing on host: <10.10.48.35:61041?addrs=10.10.48.35-61041>
...
006 (8740413.000.000) 11/29 20:51:35 Image size of job updated: 183452
	32  -  MemoryUsage of job (MB)
	32644  -  ResidentSetSize of job (KB)
...
000 (8740512.000.000) 11/29 20:52:28 Job submitted from host: <10.10.48.31:12542?addrs=10.10.48.31-12542>
...
001 (8740512.000.000) 11/29 20:52:49 Job executing on host: <10.10.48.145:26377?addrs=10.10.48.145-26377>
...
006 (8740512.000.000) 11/29 20:52:58 Image size of job updated: 183364
	34  -  MemoryUsage of job (MB)
	34140  -  ResidentSetSize of job (KB)
...
006 (8740413.000.000) 11/29 20:56:36 Image size of job updated: 203120
	43  -  MemoryUsage of job (MB)
	43100  -  ResidentSetSize of job (KB)
...
006 (8740512.000.000) 11/29 20:57:58 Image size of job updated: 203276
	44  -  MemoryUsage of job (MB)
	44276  -  ResidentSetSize of job (KB)
...
006 (8740413.000.000) 11/29 21:01:37 Image size of job updated: 203312
	43  -  MemoryUsage of job (MB)
	43484  -  ResidentSetSize of job (KB)
...
006 (8740512.000.000) 11/29 21:02:58 Image size of job updated: 203372
	44  -  MemoryUsage of job (MB)
	44544  -  ResidentSetSize of job (KB)
...
005 (8740413.000.000) 11/29 21:04:44 Job terminated.
	(1) Normal termination (return value 0)
		Usr 0 00:04:16, Sys 0 00:00:06  -  Run Remote Usage
		Usr 0 00:00:00, Sys 0 00:00:00  -  Run Local Usage
		Usr 0 00:04:16, Sys 0 00:00:06  -  Total Remote Usage
		Usr 0 00:00:00, Sys 0 00:00:00  -  Total Local Usage
	0  -  Run Bytes Sent By Job
	0  -  Run Bytes Received By Job
	0  -  Total Bytes Sent By Job
	0  -  Total Bytes Received By Job
	Partitionable Resources :    Usage  Request Allocated
	   Cpus                 :                 1         1
	   Disk (KB)            :        1        1  16724909
	   Memory (MB)          :       43        1      4023
...
005 (8740512.000.000) 11/29 21:06:04 Job terminated.
	(1) Normal termination (return value 0)
		Usr 0 00:05:18, Sys 0 00:00:07  -  Run Remote Usage
		Usr 0 00:00:00, Sys 0 00:00:00  -  Run Local Usage
		Usr 0 00:05:18, Sys 0 00:00:07  -  Total Remote Usage
		Usr 0 00:00:00, Sys 0 00:00:00  -  Total Local Usage
	0  -  Run Bytes Sent By Job
	0  -  Run Bytes Received By Job
	0  -  Total Bytes Sent By Job
	0  -  Total Bytes Received By Job
	Partitionable Resources :    Usage  Request Allocated
	   Cpus                 :                 1         1
	   Disk (KB)            :        1        1  13384155
	   Memory (MB)          :       44        1      6441
...
