000 (8513171.000.000) 11/20 20:04:44 Job submitted from host: <10.10.48.31:12542?addrs=10.10.48.31-12542>
...
001 (8513171.000.000) 11/20 20:04:53 Job executing on host: <10.10.48.145:26377?addrs=10.10.48.145-26377>
...
006 (8513171.000.000) 11/20 20:04:53 Image size of job updated: 170508
	0  -  MemoryUsage of job (MB)
	0  -  ResidentSetSize of job (KB)
...
005 (8513171.000.000) 11/20 20:04:54 Job terminated.
	(1) Normal termination (return value 1)
		Usr 0 00:00:00, Sys 0 00:00:00  -  Run Remote Usage
		Usr 0 00:00:00, Sys 0 00:00:00  -  Run Local Usage
		Usr 0 00:00:00, Sys 0 00:00:00  -  Total Remote Usage
		Usr 0 00:00:00, Sys 0 00:00:00  -  Total Local Usage
	0  -  Run Bytes Sent By Job
	0  -  Run Bytes Received By Job
	0  -  Total Bytes Sent By Job
	0  -  Total Bytes Received By Job
	Partitionable Resources :    Usage  Request Allocated
	   Cpus                 :                 1         1
	   Disk (KB)            :        1        1  13235308
	   Memory (MB)          :        0        1      6441
...
000 (8513237.000.000) 11/20 20:06:20 Job submitted from host: <10.10.48.31:12542?addrs=10.10.48.31-12542>
...
001 (8513237.000.000) 11/20 20:06:34 Job executing on host: <10.10.48.145:26377?addrs=10.10.48.145-26377>
...
006 (8513237.000.000) 11/20 20:06:43 Image size of job updated: 183152
	32  -  MemoryUsage of job (MB)
	32544  -  ResidentSetSize of job (KB)
...
006 (8513237.000.000) 11/20 20:06:53 Image size of job updated: 262068
	32  -  MemoryUsage of job (MB)
	32544  -  ResidentSetSize of job (KB)
...
005 (8513237.000.000) 11/20 20:06:53 Job terminated.
	(1) Normal termination (return value 0)
		Usr 0 00:00:02, Sys 0 00:00:00  -  Run Remote Usage
		Usr 0 00:00:00, Sys 0 00:00:00  -  Run Local Usage
		Usr 0 00:00:02, Sys 0 00:00:00  -  Total Remote Usage
		Usr 0 00:00:00, Sys 0 00:00:00  -  Total Local Usage
	0  -  Run Bytes Sent By Job
	0  -  Run Bytes Received By Job
	0  -  Total Bytes Sent By Job
	0  -  Total Bytes Received By Job
	Partitionable Resources :    Usage  Request Allocated
	   Cpus                 :                 1         1
	   Disk (KB)            :        1        1  13167248
	   Memory (MB)          :       32        1      6441
...
000 (8568195.000.000) 11/23 10:24:52 Job submitted from host: <10.10.48.31:12542?addrs=10.10.48.31-12542>
...
001 (8568195.000.000) 11/23 10:24:56 Job executing on host: <10.10.48.146:58220?addrs=10.10.48.146-58220>
...
006 (8568195.000.000) 11/23 10:24:56 Image size of job updated: 192140
	0  -  MemoryUsage of job (MB)
	0  -  ResidentSetSize of job (KB)
...
005 (8568195.000.000) 11/23 10:24:57 Job terminated.
	(1) Normal termination (return value 0)
		Usr 0 00:00:00, Sys 0 00:00:00  -  Run Remote Usage
		Usr 0 00:00:00, Sys 0 00:00:00  -  Run Local Usage
		Usr 0 00:00:00, Sys 0 00:00:00  -  Total Remote Usage
		Usr 0 00:00:00, Sys 0 00:00:00  -  Total Local Usage
	0  -  Run Bytes Sent By Job
	0  -  Run Bytes Received By Job
	0  -  Total Bytes Sent By Job
	0  -  Total Bytes Received By Job
	Partitionable Resources :    Usage  Request Allocated
	   Cpus                 :                 1         1
	   Disk (KB)            :        1        1  13348234
	   Memory (MB)          :        0        1      6441
...
000 (8569043.000.000) 11/23 10:45:27 Job submitted from host: <10.10.48.31:12542?addrs=10.10.48.31-12542>
...
001 (8569043.000.000) 11/23 10:45:39 Job executing on host: <10.10.48.141:50603?addrs=10.10.48.141-50603>
...
006 (8569043.000.000) 11/23 10:45:48 Image size of job updated: 177956
	32  -  MemoryUsage of job (MB)
	32760  -  ResidentSetSize of job (KB)
...
006 (8569043.000.000) 11/23 10:46:09 Image size of job updated: 260548
	32  -  MemoryUsage of job (MB)
	32760  -  ResidentSetSize of job (KB)
...
005 (8569043.000.000) 11/23 10:46:09 Job terminated.
	(1) Normal termination (return value 0)
		Usr 0 00:00:04, Sys 0 00:00:00  -  Run Remote Usage
		Usr 0 00:00:00, Sys 0 00:00:00  -  Run Local Usage
		Usr 0 00:00:04, Sys 0 00:00:00  -  Total Remote Usage
		Usr 0 00:00:00, Sys 0 00:00:00  -  Total Local Usage
	0  -  Run Bytes Sent By Job
	0  -  Run Bytes Received By Job
	0  -  Total Bytes Sent By Job
	0  -  Total Bytes Received By Job
	Partitionable Resources :    Usage  Request Allocated
	   Cpus                 :                 1         1
	   Disk (KB)            :        1        1  13376467
	   Memory (MB)          :       32        1      6441
...
000 (8569597.000.000) 11/23 10:57:34 Job submitted from host: <10.10.48.31:12542?addrs=10.10.48.31-12542>
...
001 (8569597.000.000) 11/23 10:57:51 Job executing on host: <10.10.48.141:50603?addrs=10.10.48.141-50603>
...
006 (8569597.000.000) 11/23 10:57:55 Image size of job updated: 257228
	0  -  MemoryUsage of job (MB)
	0  -  ResidentSetSize of job (KB)
...
005 (8569597.000.000) 11/23 10:57:55 Job terminated.
	(1) Normal termination (return value 0)
		Usr 0 00:00:01, Sys 0 00:00:00  -  Run Remote Usage
		Usr 0 00:00:00, Sys 0 00:00:00  -  Run Local Usage
		Usr 0 00:00:01, Sys 0 00:00:00  -  Total Remote Usage
		Usr 0 00:00:00, Sys 0 00:00:00  -  Total Local Usage
	0  -  Run Bytes Sent By Job
	0  -  Run Bytes Received By Job
	0  -  Total Bytes Sent By Job
	0  -  Total Bytes Received By Job
	Partitionable Resources :    Usage  Request Allocated
	   Cpus                 :                 1         1
	   Disk (KB)            :        1        1  13376426
	   Memory (MB)          :        0        1      6441
...
000 (8577548.000.000) 11/23 15:06:31 Job submitted from host: <10.10.48.31:12542?addrs=10.10.48.31-12542>
...
001 (8577548.000.000) 11/23 15:06:35 Job executing on host: <10.10.48.141:50603?addrs=10.10.48.141-50603>
...
006 (8577548.000.000) 11/23 15:06:40 Image size of job updated: 262884
	0  -  MemoryUsage of job (MB)
	0  -  ResidentSetSize of job (KB)
...
005 (8577548.000.000) 11/23 15:06:40 Job terminated.
	(1) Normal termination (return value 0)
		Usr 0 00:00:03, Sys 0 00:00:00  -  Run Remote Usage
		Usr 0 00:00:00, Sys 0 00:00:00  -  Run Local Usage
		Usr 0 00:00:03, Sys 0 00:00:00  -  Total Remote Usage
		Usr 0 00:00:00, Sys 0 00:00:00  -  Total Local Usage
	0  -  Run Bytes Sent By Job
	0  -  Run Bytes Received By Job
	0  -  Total Bytes Sent By Job
	0  -  Total Bytes Received By Job
	Partitionable Resources :    Usage  Request Allocated
	   Cpus                 :                 1         1
	   Disk (KB)            :        1        1  13376625
	   Memory (MB)          :        0        1      6441
...
000 (8580151.000.000) 11/23 17:22:38 Job submitted from host: <10.10.48.31:12542?addrs=10.10.48.31-12542>
...
001 (8580151.000.000) 11/23 17:22:42 Job executing on host: <10.10.48.41:20766?addrs=10.10.48.41-20766>
...
006 (8580151.000.000) 11/23 17:22:43 Image size of job updated: 176416
	0  -  MemoryUsage of job (MB)
	0  -  ResidentSetSize of job (KB)
...
005 (8580151.000.000) 11/23 17:22:43 Job terminated.
	(1) Normal termination (return value 0)
		Usr 0 00:00:00, Sys 0 00:00:00  -  Run Remote Usage
		Usr 0 00:00:00, Sys 0 00:00:00  -  Run Local Usage
		Usr 0 00:00:00, Sys 0 00:00:00  -  Total Remote Usage
		Usr 0 00:00:00, Sys 0 00:00:00  -  Total Local Usage
	0  -  Run Bytes Sent By Job
	0  -  Run Bytes Received By Job
	0  -  Total Bytes Sent By Job
	0  -  Total Bytes Received By Job
	Partitionable Resources :    Usage  Request Allocated
	   Cpus                 :                 1         1
	   Disk (KB)            :        1        1  16725821
	   Memory (MB)          :        0        1      4023
...
000 (8580305.000.000) 11/24 10:20:57 Job submitted from host: <10.10.48.31:12542?addrs=10.10.48.31-12542>
...
001 (8580305.000.000) 11/24 10:21:16 Job executing on host: <10.10.48.141:50603?addrs=10.10.48.141-50603>
...
006 (8580305.000.000) 11/24 10:21:25 Image size of job updated: 255968
	52  -  MemoryUsage of job (MB)
	52396  -  ResidentSetSize of job (KB)
...
006 (8580305.000.000) 11/24 10:22:06 Image size of job updated: 263868
	52  -  MemoryUsage of job (MB)
	52396  -  ResidentSetSize of job (KB)
...
005 (8580305.000.000) 11/24 10:22:06 Job terminated.
	(1) Normal termination (return value 0)
		Usr 0 00:00:44, Sys 0 00:00:01  -  Run Remote Usage
		Usr 0 00:00:00, Sys 0 00:00:00  -  Run Local Usage
		Usr 0 00:00:44, Sys 0 00:00:01  -  Total Remote Usage
		Usr 0 00:00:00, Sys 0 00:00:00  -  Total Local Usage
	0  -  Run Bytes Sent By Job
	0  -  Run Bytes Received By Job
	0  -  Total Bytes Sent By Job
	0  -  Total Bytes Received By Job
	Partitionable Resources :    Usage  Request Allocated
	   Cpus                 :                 1         1
	   Disk (KB)            :        1        1  13376787
	   Memory (MB)          :       52        1      6441
...
000 (8581728.000.000) 11/24 20:22:57 Job submitted from host: <10.10.48.31:12542?addrs=10.10.48.31-12542>
...
001 (8581728.000.000) 11/24 20:23:03 Job executing on host: <10.10.48.41:20766?addrs=10.10.48.41-20766>
...
006 (8581728.000.000) 11/24 20:23:04 Image size of job updated: 191940
	0  -  MemoryUsage of job (MB)
	0  -  ResidentSetSize of job (KB)
...
005 (8581728.000.000) 11/24 20:23:04 Job terminated.
	(1) Normal termination (return value 0)
		Usr 0 00:00:00, Sys 0 00:00:00  -  Run Remote Usage
		Usr 0 00:00:00, Sys 0 00:00:00  -  Run Local Usage
		Usr 0 00:00:00, Sys 0 00:00:00  -  Total Remote Usage
		Usr 0 00:00:00, Sys 0 00:00:00  -  Total Local Usage
	0  -  Run Bytes Sent By Job
	0  -  Run Bytes Received By Job
	0  -  Total Bytes Sent By Job
	0  -  Total Bytes Received By Job
	Partitionable Resources :    Usage  Request Allocated
	   Cpus                 :                 1         1
	   Disk (KB)            :        1        1  16725483
	   Memory (MB)          :        0        1      4023
...
000 (8581784.000.000) 11/24 20:31:11 Job submitted from host: <10.10.48.31:12542?addrs=10.10.48.31-12542>
...
001 (8581784.000.000) 11/24 20:31:31 Job executing on host: <10.10.48.35:61041?addrs=10.10.48.35-61041>
...
006 (8581784.000.000) 11/24 20:31:39 Image size of job updated: 144500
	26  -  MemoryUsage of job (MB)
	25608  -  ResidentSetSize of job (KB)
...
006 (8581784.000.000) 11/24 20:32:18 Image size of job updated: 201784
	26  -  MemoryUsage of job (MB)
	25608  -  ResidentSetSize of job (KB)
...
005 (8581784.000.000) 11/24 20:32:18 Job terminated.
	(1) Normal termination (return value 0)
		Usr 0 00:00:25, Sys 0 00:00:00  -  Run Remote Usage
		Usr 0 00:00:00, Sys 0 00:00:00  -  Run Local Usage
		Usr 0 00:00:25, Sys 0 00:00:00  -  Total Remote Usage
		Usr 0 00:00:00, Sys 0 00:00:00  -  Total Local Usage
	0  -  Run Bytes Sent By Job
	0  -  Run Bytes Received By Job
	0  -  Total Bytes Sent By Job
	0  -  Total Bytes Received By Job
	Partitionable Resources :    Usage  Request Allocated
	   Cpus                 :                 1         1
	   Disk (KB)            :        1        1  16722873
	   Memory (MB)          :       26        1      4023
...
000 (8739443.000.000) 11/29 19:23:04 Job submitted from host: <10.10.48.31:12542?addrs=10.10.48.31-12542>
...
001 (8739443.000.000) 11/29 19:23:22 Job executing on host: <10.10.48.145:26377?addrs=10.10.48.145-26377>
...
006 (8739443.000.000) 11/29 19:23:30 Image size of job updated: 1
	2  -  MemoryUsage of job (MB)
	1864  -  ResidentSetSize of job (KB)
...
006 (8739443.000.000) 11/29 19:28:30 Image size of job updated: 203132
	44  -  MemoryUsage of job (MB)
	44960  -  ResidentSetSize of job (KB)
...
005 (8739443.000.000) 11/29 19:29:51 Job terminated.
	(1) Normal termination (return value 0)
		Usr 0 00:02:34, Sys 0 00:00:03  -  Run Remote Usage
		Usr 0 00:00:00, Sys 0 00:00:00  -  Run Local Usage
		Usr 0 00:02:34, Sys 0 00:00:03  -  Total Remote Usage
		Usr 0 00:00:00, Sys 0 00:00:00  -  Total Local Usage
	0  -  Run Bytes Sent By Job
	0  -  Run Bytes Received By Job
	0  -  Total Bytes Sent By Job
	0  -  Total Bytes Received By Job
	Partitionable Resources :    Usage  Request Allocated
	   Cpus                 :                 1         1
	   Disk (KB)            :        1        1  13384179
	   Memory (MB)          :       44        1      6441
...
000 (8739594.000.000) 11/29 19:34:21 Job submitted from host: <10.10.48.31:12542?addrs=10.10.48.31-12542>
...
001 (8739594.000.000) 11/29 19:34:29 Job executing on host: <10.10.48.145:26377?addrs=10.10.48.145-26377>
...
006 (8739594.000.000) 11/29 19:34:37 Image size of job updated: 180388
	29  -  MemoryUsage of job (MB)
	28916  -  ResidentSetSize of job (KB)
...
006 (8739594.000.000) 11/29 19:35:22 Image size of job updated: 203044
	29  -  MemoryUsage of job (MB)
	28916  -  ResidentSetSize of job (KB)
...
005 (8739594.000.000) 11/29 19:35:22 Job terminated.
	(1) Normal termination (return value 0)
		Usr 0 00:00:16, Sys 0 00:00:00  -  Run Remote Usage
		Usr 0 00:00:00, Sys 0 00:00:00  -  Run Local Usage
		Usr 0 00:00:16, Sys 0 00:00:00  -  Total Remote Usage
		Usr 0 00:00:00, Sys 0 00:00:00  -  Total Local Usage
	0  -  Run Bytes Sent By Job
	0  -  Run Bytes Received By Job
	0  -  Total Bytes Sent By Job
	0  -  Total Bytes Received By Job
	Partitionable Resources :    Usage  Request Allocated
	   Cpus                 :                 1         1
	   Disk (KB)            :        1        1  13384175
	   Memory (MB)          :       29        1      6441
...
000 (8740419.000.000) 11/29 20:51:06 Job submitted from host: <10.10.48.31:12542?addrs=10.10.48.31-12542>
...
001 (8740419.000.000) 11/29 20:51:25 Job executing on host: <10.10.48.139:49429?addrs=10.10.48.139-49429>
...
006 (8740419.000.000) 11/29 20:51:33 Image size of job updated: 1
	2  -  MemoryUsage of job (MB)
	1868  -  ResidentSetSize of job (KB)
...
000 (8740517.000.000) 11/29 20:52:29 Job submitted from host: <10.10.48.31:12542?addrs=10.10.48.31-12542>
...
001 (8740517.000.000) 11/29 20:52:48 Job executing on host: <10.10.48.143:50448?addrs=10.10.48.143-50448>
...
006 (8740517.000.000) 11/29 20:52:57 Image size of job updated: 180380
	30  -  MemoryUsage of job (MB)
	30248  -  ResidentSetSize of job (KB)
...
006 (8740517.000.000) 11/29 20:54:16 Image size of job updated: 202996
	30  -  MemoryUsage of job (MB)
	30248  -  ResidentSetSize of job (KB)
...
005 (8740517.000.000) 11/29 20:54:16 Job terminated.
	(1) Normal termination (return value 0)
		Usr 0 00:00:20, Sys 0 00:00:00  -  Run Remote Usage
		Usr 0 00:00:00, Sys 0 00:00:00  -  Run Local Usage
		Usr 0 00:00:20, Sys 0 00:00:00  -  Total Remote Usage
		Usr 0 00:00:00, Sys 0 00:00:00  -  Total Local Usage
	0  -  Run Bytes Sent By Job
	0  -  Run Bytes Received By Job
	0  -  Total Bytes Sent By Job
	0  -  Total Bytes Received By Job
	Partitionable Resources :    Usage  Request Allocated
	   Cpus                 :                 1         1
	   Disk (KB)            :        1        1  13383195
	   Memory (MB)          :       30        1      6441
...
006 (8740419.000.000) 11/29 20:56:33 Image size of job updated: 203116
	44  -  MemoryUsage of job (MB)
	44432  -  ResidentSetSize of job (KB)
...
006 (8740419.000.000) 11/29 21:00:58 Image size of job updated: 203140
	44  -  MemoryUsage of job (MB)
	44432  -  ResidentSetSize of job (KB)
...
005 (8740419.000.000) 11/29 21:00:58 Job terminated.
	(1) Normal termination (return value 0)
		Usr 0 00:03:24, Sys 0 00:00:04  -  Run Remote Usage
		Usr 0 00:00:00, Sys 0 00:00:00  -  Run Local Usage
		Usr 0 00:03:24, Sys 0 00:00:04  -  Total Remote Usage
		Usr 0 00:00:00, Sys 0 00:00:00  -  Total Local Usage
	0  -  Run Bytes Sent By Job
	0  -  Run Bytes Received By Job
	0  -  Total Bytes Sent By Job
	0  -  Total Bytes Received By Job
	Partitionable Resources :    Usage  Request Allocated
	   Cpus                 :                 1         1
	   Disk (KB)            :        1        1  13385363
	   Memory (MB)          :       44        1      6441
...
