000 (8513146.000.000) 11/20 20:04:42 Job submitted from host: <10.10.48.31:12542?addrs=10.10.48.31-12542>
...
001 (8513146.000.000) 11/20 20:04:51 Job executing on host: <10.10.48.139:49429?addrs=10.10.48.139-49429>
...
006 (8513146.000.000) 11/20 20:04:52 Image size of job updated: 176048
	0  -  MemoryUsage of job (MB)
	0  -  ResidentSetSize of job (KB)
...
005 (8513146.000.000) 11/20 20:04:55 Job terminated.
	(1) Normal termination (return value 1)
		Usr 0 00:00:00, Sys 0 00:00:00  -  Run Remote Usage
		Usr 0 00:00:00, Sys 0 00:00:00  -  Run Local Usage
		Usr 0 00:00:00, Sys 0 00:00:00  -  Total Remote Usage
		Usr 0 00:00:00, Sys 0 00:00:00  -  Total Local Usage
	0  -  Run Bytes Sent By Job
	0  -  Run Bytes Received By Job
	0  -  Total Bytes Sent By Job
	0  -  Total Bytes Received By Job
	Partitionable Resources :    Usage  Request Allocated
	   Cpus                 :                 1         1
	   Disk (KB)            :        1        1  13382983
	   Memory (MB)          :        0        1      6441
...
000 (8513212.000.000) 11/20 20:06:18 Job submitted from host: <10.10.48.31:12542?addrs=10.10.48.31-12542>
...
001 (8513212.000.000) 11/20 20:06:33 Job executing on host: <10.10.48.139:49429?addrs=10.10.48.139-49429>
...
006 (8513212.000.000) 11/20 20:06:41 Image size of job updated: 262692
	0  -  MemoryUsage of job (MB)
	0  -  ResidentSetSize of job (KB)
...
005 (8513212.000.000) 11/20 20:06:41 Job terminated.
	(1) Normal termination (return value 0)
		Usr 0 00:00:01, Sys 0 00:00:00  -  Run Remote Usage
		Usr 0 00:00:00, Sys 0 00:00:00  -  Run Local Usage
		Usr 0 00:00:01, Sys 0 00:00:00  -  Total Remote Usage
		Usr 0 00:00:00, Sys 0 00:00:00  -  Total Local Usage
	0  -  Run Bytes Sent By Job
	0  -  Run Bytes Received By Job
	0  -  Total Bytes Sent By Job
	0  -  Total Bytes Received By Job
	Partitionable Resources :    Usage  Request Allocated
	   Cpus                 :                 1         1
	   Disk (KB)            :        1        1  13383015
	   Memory (MB)          :        0        1      6441
...
000 (8568170.000.000) 11/23 10:24:47 Job submitted from host: <10.10.48.31:12542?addrs=10.10.48.31-12542>
...
001 (8568170.000.000) 11/23 10:24:54 Job executing on host: <10.10.48.146:58220?addrs=10.10.48.146-58220>
...
006 (8568170.000.000) 11/23 10:24:54 Image size of job updated: 191876
	0  -  MemoryUsage of job (MB)
	0  -  ResidentSetSize of job (KB)
...
005 (8568170.000.000) 11/23 10:24:55 Job terminated.
	(1) Normal termination (return value 0)
		Usr 0 00:00:00, Sys 0 00:00:00  -  Run Remote Usage
		Usr 0 00:00:00, Sys 0 00:00:00  -  Run Local Usage
		Usr 0 00:00:00, Sys 0 00:00:00  -  Total Remote Usage
		Usr 0 00:00:00, Sys 0 00:00:00  -  Total Local Usage
	0  -  Run Bytes Sent By Job
	0  -  Run Bytes Received By Job
	0  -  Total Bytes Sent By Job
	0  -  Total Bytes Received By Job
	Partitionable Resources :    Usage  Request Allocated
	   Cpus                 :                 1         1
	   Disk (KB)            :        1        1  13348234
	   Memory (MB)          :        0        1      6441
...
000 (8569018.000.000) 11/23 10:45:24 Job submitted from host: <10.10.48.31:12542?addrs=10.10.48.31-12542>
...
001 (8569018.000.000) 11/23 10:45:37 Job executing on host: <10.10.48.146:58220?addrs=10.10.48.146-58220>
...
006 (8569018.000.000) 11/23 10:45:45 Image size of job updated: 197408
	38  -  MemoryUsage of job (MB)
	38120  -  ResidentSetSize of job (KB)
...
006 (8569018.000.000) 11/23 10:45:52 Image size of job updated: 266904
	38  -  MemoryUsage of job (MB)
	38120  -  ResidentSetSize of job (KB)
...
005 (8569018.000.000) 11/23 10:45:52 Job terminated.
	(1) Normal termination (return value 0)
		Usr 0 00:00:04, Sys 0 00:00:00  -  Run Remote Usage
		Usr 0 00:00:00, Sys 0 00:00:00  -  Run Local Usage
		Usr 0 00:00:04, Sys 0 00:00:00  -  Total Remote Usage
		Usr 0 00:00:00, Sys 0 00:00:00  -  Total Local Usage
	0  -  Run Bytes Sent By Job
	0  -  Run Bytes Received By Job
	0  -  Total Bytes Sent By Job
	0  -  Total Bytes Received By Job
	Partitionable Resources :    Usage  Request Allocated
	   Cpus                 :                 1         1
	   Disk (KB)            :        1        1  13348107
	   Memory (MB)          :       38        1      6441
...
000 (8569572.000.000) 11/23 10:57:31 Job submitted from host: <10.10.48.31:12542?addrs=10.10.48.31-12542>
...
001 (8569572.000.000) 11/23 10:57:49 Job executing on host: <10.10.48.41:20766?addrs=10.10.48.41-20766>
...
006 (8569572.000.000) 11/23 10:57:52 Image size of job updated: 266552
	0  -  MemoryUsage of job (MB)
	0  -  ResidentSetSize of job (KB)
...
005 (8569572.000.000) 11/23 10:57:52 Job terminated.
	(1) Normal termination (return value 0)
		Usr 0 00:00:01, Sys 0 00:00:00  -  Run Remote Usage
		Usr 0 00:00:00, Sys 0 00:00:00  -  Run Local Usage
		Usr 0 00:00:01, Sys 0 00:00:00  -  Total Remote Usage
		Usr 0 00:00:00, Sys 0 00:00:00  -  Total Local Usage
	0  -  Run Bytes Sent By Job
	0  -  Run Bytes Received By Job
	0  -  Total Bytes Sent By Job
	0  -  Total Bytes Received By Job
	Partitionable Resources :    Usage  Request Allocated
	   Cpus                 :                 1         1
	   Disk (KB)            :        1        1  16725954
	   Memory (MB)          :        0        1      4023
...
000 (8577523.000.000) 11/23 15:06:26 Job submitted from host: <10.10.48.31:12542?addrs=10.10.48.31-12542>
...
001 (8577523.000.000) 11/23 15:06:30 Job executing on host: <10.10.48.141:50603?addrs=10.10.48.141-50603>
...
006 (8577523.000.000) 11/23 15:06:35 Image size of job updated: 266896
	0  -  MemoryUsage of job (MB)
	0  -  ResidentSetSize of job (KB)
...
005 (8577523.000.000) 11/23 15:06:35 Job terminated.
	(1) Normal termination (return value 0)
		Usr 0 00:00:04, Sys 0 00:00:00  -  Run Remote Usage
		Usr 0 00:00:00, Sys 0 00:00:00  -  Run Local Usage
		Usr 0 00:00:04, Sys 0 00:00:00  -  Total Remote Usage
		Usr 0 00:00:00, Sys 0 00:00:00  -  Total Local Usage
	0  -  Run Bytes Sent By Job
	0  -  Run Bytes Received By Job
	0  -  Total Bytes Sent By Job
	0  -  Total Bytes Received By Job
	Partitionable Resources :    Usage  Request Allocated
	   Cpus                 :                 1         1
	   Disk (KB)            :        1        1  13376625
	   Memory (MB)          :        0        1      6441
...
000 (8580126.000.000) 11/23 17:22:34 Job submitted from host: <10.10.48.31:12542?addrs=10.10.48.31-12542>
...
001 (8580126.000.000) 11/23 17:22:36 Job executing on host: <10.10.48.41:20766?addrs=10.10.48.41-20766>
...
006 (8580126.000.000) 11/23 17:22:36 Image size of job updated: 116924
	0  -  MemoryUsage of job (MB)
	0  -  ResidentSetSize of job (KB)
...
005 (8580126.000.000) 11/23 17:22:36 Job terminated.
	(1) Normal termination (return value 0)
		Usr 0 00:00:00, Sys 0 00:00:00  -  Run Remote Usage
		Usr 0 00:00:00, Sys 0 00:00:00  -  Run Local Usage
		Usr 0 00:00:00, Sys 0 00:00:00  -  Total Remote Usage
		Usr 0 00:00:00, Sys 0 00:00:00  -  Total Local Usage
	0  -  Run Bytes Sent By Job
	0  -  Run Bytes Received By Job
	0  -  Total Bytes Sent By Job
	0  -  Total Bytes Received By Job
	Partitionable Resources :    Usage  Request Allocated
	   Cpus                 :                 1         1
	   Disk (KB)            :        1        1  16725821
	   Memory (MB)          :        0        1      4023
...
000 (8580280.000.000) 11/24 10:20:54 Job submitted from host: <10.10.48.31:12542?addrs=10.10.48.31-12542>
...
001 (8580280.000.000) 11/24 10:21:14 Job executing on host: <10.10.48.41:20766?addrs=10.10.48.41-20766>
...
006 (8580280.000.000) 11/24 10:21:22 Image size of job updated: 264016
	98  -  MemoryUsage of job (MB)
	99832  -  ResidentSetSize of job (KB)
...
006 (8580280.000.000) 11/24 10:22:44 Image size of job updated: 264216
	98  -  MemoryUsage of job (MB)
	99832  -  ResidentSetSize of job (KB)
...
005 (8580280.000.000) 11/24 10:22:44 Job terminated.
	(1) Normal termination (return value 0)
		Usr 0 00:01:25, Sys 0 00:00:01  -  Run Remote Usage
		Usr 0 00:00:00, Sys 0 00:00:00  -  Run Local Usage
		Usr 0 00:01:25, Sys 0 00:00:01  -  Total Remote Usage
		Usr 0 00:00:00, Sys 0 00:00:00  -  Total Local Usage
	0  -  Run Bytes Sent By Job
	0  -  Run Bytes Received By Job
	0  -  Total Bytes Sent By Job
	0  -  Total Bytes Received By Job
	Partitionable Resources :    Usage  Request Allocated
	   Cpus                 :                 1         1
	   Disk (KB)            :        1        1  16725725
	   Memory (MB)          :       98        1      4023
...
000 (8581703.000.000) 11/24 20:22:54 Job submitted from host: <10.10.48.31:12542?addrs=10.10.48.31-12542>
...
001 (8581703.000.000) 11/24 20:22:58 Job executing on host: <10.10.48.41:20766?addrs=10.10.48.41-20766>
...
006 (8581703.000.000) 11/24 20:22:59 Image size of job updated: 191868
	0  -  MemoryUsage of job (MB)
	0  -  ResidentSetSize of job (KB)
...
005 (8581703.000.000) 11/24 20:22:59 Job terminated.
	(1) Normal termination (return value 0)
		Usr 0 00:00:00, Sys 0 00:00:00  -  Run Remote Usage
		Usr 0 00:00:00, Sys 0 00:00:00  -  Run Local Usage
		Usr 0 00:00:00, Sys 0 00:00:00  -  Total Remote Usage
		Usr 0 00:00:00, Sys 0 00:00:00  -  Total Local Usage
	0  -  Run Bytes Sent By Job
	0  -  Run Bytes Received By Job
	0  -  Total Bytes Sent By Job
	0  -  Total Bytes Received By Job
	Partitionable Resources :    Usage  Request Allocated
	   Cpus                 :                 1         1
	   Disk (KB)            :        1        1  16725484
	   Memory (MB)          :        0        1      4023
...
000 (8581759.000.000) 11/24 20:31:08 Job submitted from host: <10.10.48.31:12542?addrs=10.10.48.31-12542>
...
001 (8581759.000.000) 11/24 20:31:29 Job executing on host: <10.10.48.141:50603?addrs=10.10.48.141-50603>
...
006 (8581759.000.000) 11/24 20:31:38 Image size of job updated: 201244
	42  -  MemoryUsage of job (MB)
	42348  -  ResidentSetSize of job (KB)
...
006 (8581759.000.000) 11/24 20:32:42 Image size of job updated: 201864
	42  -  MemoryUsage of job (MB)
	42348  -  ResidentSetSize of job (KB)
...
005 (8581759.000.000) 11/24 20:32:42 Job terminated.
	(1) Normal termination (return value 0)
		Usr 0 00:00:36, Sys 0 00:00:00  -  Run Remote Usage
		Usr 0 00:00:00, Sys 0 00:00:00  -  Run Local Usage
		Usr 0 00:00:36, Sys 0 00:00:00  -  Total Remote Usage
		Usr 0 00:00:00, Sys 0 00:00:00  -  Total Local Usage
	0  -  Run Bytes Sent By Job
	0  -  Run Bytes Received By Job
	0  -  Total Bytes Sent By Job
	0  -  Total Bytes Received By Job
	Partitionable Resources :    Usage  Request Allocated
	   Cpus                 :                 1         1
	   Disk (KB)            :        1        1  13376535
	   Memory (MB)          :       42        1      6441
...
000 (8739418.000.000) 11/29 19:23:02 Job submitted from host: <10.10.48.31:12542?addrs=10.10.48.31-12542>
...
001 (8739418.000.000) 11/29 19:23:21 Job executing on host: <10.10.48.35:61041?addrs=10.10.48.35-61041>
...
006 (8739418.000.000) 11/29 19:23:30 Image size of job updated: 176156
	29  -  MemoryUsage of job (MB)
	29200  -  ResidentSetSize of job (KB)
...
006 (8739418.000.000) 11/29 19:28:31 Image size of job updated: 203188
	44  -  MemoryUsage of job (MB)
	44036  -  ResidentSetSize of job (KB)
...
005 (8739418.000.000) 11/29 19:32:22 Job terminated.
	(1) Normal termination (return value 0)
		Usr 0 00:02:58, Sys 0 00:00:04  -  Run Remote Usage
		Usr 0 00:00:00, Sys 0 00:00:00  -  Run Local Usage
		Usr 0 00:02:58, Sys 0 00:00:04  -  Total Remote Usage
		Usr 0 00:00:00, Sys 0 00:00:00  -  Total Local Usage
	0  -  Run Bytes Sent By Job
	0  -  Run Bytes Received By Job
	0  -  Total Bytes Sent By Job
	0  -  Total Bytes Received By Job
	Partitionable Resources :    Usage  Request Allocated
	   Cpus                 :                 1         1
	   Disk (KB)            :        1        1  16724901
	   Memory (MB)          :       44        1      4023
...
000 (8739569.000.000) 11/29 19:34:20 Job submitted from host: <10.10.48.31:12542?addrs=10.10.48.31-12542>
...
001 (8739569.000.000) 11/29 19:34:28 Job executing on host: <10.10.48.35:61041?addrs=10.10.48.35-61041>
...
006 (8739569.000.000) 11/29 19:34:37 Image size of job updated: 180388
	28  -  MemoryUsage of job (MB)
	27984  -  ResidentSetSize of job (KB)
...
006 (8739569.000.000) 11/29 19:36:03 Image size of job updated: 202864
	28  -  MemoryUsage of job (MB)
	27984  -  ResidentSetSize of job (KB)
...
005 (8739569.000.000) 11/29 19:36:03 Job terminated.
	(1) Normal termination (return value 0)
		Usr 0 00:00:15, Sys 0 00:00:00  -  Run Remote Usage
		Usr 0 00:00:00, Sys 0 00:00:00  -  Run Local Usage
		Usr 0 00:00:15, Sys 0 00:00:00  -  Total Remote Usage
		Usr 0 00:00:00, Sys 0 00:00:00  -  Total Local Usage
	0  -  Run Bytes Sent By Job
	0  -  Run Bytes Received By Job
	0  -  Total Bytes Sent By Job
	0  -  Total Bytes Received By Job
	Partitionable Resources :    Usage  Request Allocated
	   Cpus                 :                 1         1
	   Disk (KB)            :        1        1  16724936
	   Memory (MB)          :       28        1      4023
...
000 (8740392.000.000) 11/29 20:51:04 Job submitted from host: <10.10.48.31:12542?addrs=10.10.48.31-12542>
...
001 (8740392.000.000) 11/29 20:51:24 Job executing on host: <10.10.48.141:50603?addrs=10.10.48.141-50603>
...
006 (8740392.000.000) 11/29 20:51:32 Image size of job updated: 181908
	31  -  MemoryUsage of job (MB)
	30916  -  ResidentSetSize of job (KB)
...
000 (8740492.000.000) 11/29 20:52:27 Job submitted from host: <10.10.48.31:12542?addrs=10.10.48.31-12542>
...
001 (8740492.000.000) 11/29 20:52:49 Job executing on host: <10.10.48.139:49429?addrs=10.10.48.139-49429>
...
006 (8740492.000.000) 11/29 20:52:58 Image size of job updated: 183116
	33  -  MemoryUsage of job (MB)
	33632  -  ResidentSetSize of job (KB)
...
006 (8740492.000.000) 11/29 20:55:03 Image size of job updated: 202972
	33  -  MemoryUsage of job (MB)
	33632  -  ResidentSetSize of job (KB)
...
005 (8740492.000.000) 11/29 20:55:03 Job terminated.
	(1) Normal termination (return value 0)
		Usr 0 00:00:36, Sys 0 00:00:00  -  Run Remote Usage
		Usr 0 00:00:00, Sys 0 00:00:00  -  Run Local Usage
		Usr 0 00:00:36, Sys 0 00:00:00  -  Total Remote Usage
		Usr 0 00:00:00, Sys 0 00:00:00  -  Total Local Usage
	0  -  Run Bytes Sent By Job
	0  -  Run Bytes Received By Job
	0  -  Total Bytes Sent By Job
	0  -  Total Bytes Received By Job
	Partitionable Resources :    Usage  Request Allocated
	   Cpus                 :                 1         1
	   Disk (KB)            :        1        1  13385363
	   Memory (MB)          :       33        1      6441
...
006 (8740392.000.000) 11/29 20:56:32 Image size of job updated: 203124
	43  -  MemoryUsage of job (MB)
	43016  -  ResidentSetSize of job (KB)
...
006 (8740392.000.000) 11/29 21:01:33 Image size of job updated: 203208
	43  -  MemoryUsage of job (MB)
	43512  -  ResidentSetSize of job (KB)
...
006 (8740392.000.000) 11/29 21:06:33 Image size of job updated: 203328
	43  -  MemoryUsage of job (MB)
	43656  -  ResidentSetSize of job (KB)
...
006 (8740392.000.000) 11/29 21:07:44 Image size of job updated: 203364
	43  -  MemoryUsage of job (MB)
	43656  -  ResidentSetSize of job (KB)
...
005 (8740392.000.000) 11/29 21:07:44 Job terminated.
	(1) Normal termination (return value 0)
		Usr 0 00:04:55, Sys 0 00:00:06  -  Run Remote Usage
		Usr 0 00:00:00, Sys 0 00:00:00  -  Run Local Usage
		Usr 0 00:04:55, Sys 0 00:00:06  -  Total Remote Usage
		Usr 0 00:00:00, Sys 0 00:00:00  -  Total Local Usage
	0  -  Run Bytes Sent By Job
	0  -  Run Bytes Received By Job
	0  -  Total Bytes Sent By Job
	0  -  Total Bytes Received By Job
	Partitionable Resources :    Usage  Request Allocated
	   Cpus                 :                 1         1
	   Disk (KB)            :        1        1  13376584
	   Memory (MB)          :       43        1      6441
...
