
Processing BiPo_coin.C(24839)...
totalEvents: 347726
0%
2.87583%
5.75166%
8.62748%
11.5033%
14.3791%
12%
7.56347%
8.31981%
9.07616%
9.83251%
10.5889%
11.3452%312.1015%
12.8579%
13.6142%
14.3706%
3.1374%
15.1269%
15.8833%
16.6396%
17.396%

57.5166%
60.3924%
18.1523%
18.9087%
19.665%
20.4214%
21.1777%
21.9341%
22.6904%
23.4467%
24.2031%
24.9594%89.1507%

26.4721%
27.2285%
27.9848%
28.7412%
97.7781%
100%
29.4975%
30.2539%
31.0102%
31.7666%
32.5229%
33.2793%
34.0356%
34.7919%
35.5483%
36.3046%
37.061%
37.8173%
38.5737%
39.33%
40.0864%
40.8427%
41.5991%
42.3554%
43.1118%
43.8681%
44.6245%
45.3808%
46.1371%
46.8935%
47.6498%
48.4062%
49.1625%
49.9189%
50.6752%
51.4316%
52.1879%
52.9443%
53.7006%
54.457%
55.2133%
55.9697%
56.726%
57.4823%
58.2387%
58.995%
59.7514%
60.5077%
61.2641%
62.0204%
62.7768%
63.5331%
64.2895%
65.0458%
65.8022%
66.5585%
67.3149%
68.0712%
68.8275%
69.5839%
70.3402%
71.0966%
71.8529%
72.6093%
73.3656%
74.122%
74.8783%
75.6347%
76.391%
77.1474%
77.9037%
78.6601%
79.4164%
80.1727%
80.9291%
81.6854%
82.4418%
83.1981%
83.9545%
84.7108%
85.4672%
86.2235%
86.9799%
87.7362%
88.4926%
89.2489%
90.0053%
90.7616%
91.5179%
92.2743%
93.0306%
93.787%
94.5433%
95.2997%
96.056%
96.8124%
97.5687%
98.3251%
99.0814%
99.8378%
100%
