
Processing BiPo_coin.C(24852)...
1.55877%
2.33815%
3.11753%
3.89692%
4.6763%
5.45563.04069%
6.08137%
9.12206%
3%
8.57321%
15.2034%
18.2441%
21.2848%
.6907%
12.4701%
27.3662%
30.4069%
33.4476%
15.5877%
36.4882%
39.5289%
42.5696%
45.6103%
9.4846%
20.264%
21.0433%
54.7324%
57.7731%
23.3815%
24.1609%
66.8951%
69.9358%
72.9765%27.2784%
28.0578%
282.0986%
85.1392%
88.1799%
1.1753%
31.9547%
32.7341%
33.5135%
34.2929%
35.0722%
35.8516%
36.631%
37.4104%
38.1898%
38.9692%
39.7485%
40.5279%
41.3073%
42.0867%
42.8661%
43.6455%
44.4248%
45.2042%
45.9836%
46.763%
47.5424%
48.3218%
49.1011%
49.8805%
50.6599%
51.4393%
52.2187%
52.9981%
53.7774%
54.5568%
55.3362%
56.1156%
56.895%
57.6744%
58.4537%
59.2331%
60.0125%
60.7919%
61.5713%
62.3507%
63.13%
63.9094%
64.6888%
65.4682%
66.2476%
67.0269%
67.8063%
68.5857%
69.3651%
70.1445%
70.9239%
71.7032%
72.4826%
73.262%
74.0414%
74.8208%
75.6002%
76.3795%
77.1589%
77.9383%
78.7177%
79.4971%
80.2765%
81.0558%
81.8352%
82.6146%
83.394%
84.1734%
84.9528%
85.7321%
86.5115%
87.2909%
88.0703%
88.8497%
89.6291%
90.4084%
91.1878%
91.9672%
92.7466%
93.526%
94.3054%
95.0847%
95.8641%
96.6435%
97.4229%
98.2023%
98.9817%
99.761%
100%
