
Processing BiPo_coin.C(24657)...
1.68899%
2.53348%
3.37797%
4.22247%
5.06696%
5.91145%
totalEvents: 836208
0%
1.19587%
2.3910.1339%
762%
4.7835%
5.97937%
7.17525%

13.5119%
9.567%
10.7629%
11.9587%
1316.8899%
.3505%
15.5464%
16.7422%
19.4233%
20.2678%
19.134%
20.3299%
21.5257%

23.6458%
23.9175%
25.1134%
26.3092%
27.5051%
27.0238%
27.8683%31.0927%
32.2886%
33.4845%
331.2463%
5.8762%
37.0721%
38.268%
39.4639%
40.6597%
435.4687%43.0515%
44.2474%
45.4432%
46.6391%
47.835%
%
40.5357%
50.2267%
51.4226%
52.6185%
53.8144%
55.0102%
56.2061%
45.6026%
46.4471%
9.7937%
60.9896%
62.1855%
63.3814%
64.5772%
50.6696%
51.5141%
52.3586%69.3607%
70.5566%
71.7525%
72.9484%
74.1442%

57.4255%
58.27%

77.7319%
78.9277%
80.1236%
81.319562.4925%
63.337%
64.1815%
65.026%
65.87.2989%
88.4947%
89.6968.404%
69.2485%
70.0929%
70.9374%
71.7819%
72.6264%
9%
73.4709%
99.2576%
100%
74.3154%
75.1599%
76.0044%
76.8489%
77.6934%
78.5379%
79.3824%
80.2269%
81.0714%
81.9159%
82.7603%
83.6048%
84.4493%
85.2938%
86.1383%
86.9828%
87.8273%
88.6718%
89.5163%
90.3608%
91.2053%
92.0498%
92.8943%
93.7388%
94.5833%
95.4277%
96.2722%
97.1167%
97.9612%
98.8057%
99.6502%
100%
