000 (8513167.000.000) 11/20 20:04:44 Job submitted from host: <10.10.48.31:12542?addrs=10.10.48.31-12542>
...
001 (8513167.000.000) 11/20 20:04:52 Job executing on host: <10.10.48.145:26377?addrs=10.10.48.145-26377>
...
006 (8513167.000.000) 11/20 20:04:53 Image size of job updated: 167744
	0  -  MemoryUsage of job (MB)
	0  -  ResidentSetSize of job (KB)
...
005 (8513167.000.000) 11/20 20:04:54 Job terminated.
	(1) Normal termination (return value 1)
		Usr 0 00:00:00, Sys 0 00:00:00  -  Run Remote Usage
		Usr 0 00:00:00, Sys 0 00:00:00  -  Run Local Usage
		Usr 0 00:00:00, Sys 0 00:00:00  -  Total Remote Usage
		Usr 0 00:00:00, Sys 0 00:00:00  -  Total Local Usage
	0  -  Run Bytes Sent By Job
	0  -  Run Bytes Received By Job
	0  -  Total Bytes Sent By Job
	0  -  Total Bytes Received By Job
	Partitionable Resources :    Usage  Request Allocated
	   Cpus                 :                 1         1
	   Disk (KB)            :        1        1  13235308
	   Memory (MB)          :        0        1      6441
...
000 (8513233.000.000) 11/20 20:06:20 Job submitted from host: <10.10.48.31:12542?addrs=10.10.48.31-12542>
...
001 (8513233.000.000) 11/20 20:06:34 Job executing on host: <10.10.48.145:26377?addrs=10.10.48.145-26377>
...
006 (8513233.000.000) 11/20 20:06:42 Image size of job updated: 257032
	55  -  MemoryUsage of job (MB)
	56140  -  ResidentSetSize of job (KB)
...
006 (8513233.000.000) 11/20 20:07:03 Image size of job updated: 262332
	55  -  MemoryUsage of job (MB)
	56140  -  ResidentSetSize of job (KB)
...
005 (8513233.000.000) 11/20 20:07:03 Job terminated.
	(1) Normal termination (return value 0)
		Usr 0 00:00:10, Sys 0 00:00:00  -  Run Remote Usage
		Usr 0 00:00:00, Sys 0 00:00:00  -  Run Local Usage
		Usr 0 00:00:10, Sys 0 00:00:00  -  Total Remote Usage
		Usr 0 00:00:00, Sys 0 00:00:00  -  Total Local Usage
	0  -  Run Bytes Sent By Job
	0  -  Run Bytes Received By Job
	0  -  Total Bytes Sent By Job
	0  -  Total Bytes Received By Job
	Partitionable Resources :    Usage  Request Allocated
	   Cpus                 :                 1         1
	   Disk (KB)            :        1        1  13167248
	   Memory (MB)          :       55        1      6441
...
000 (8568191.000.000) 11/23 10:24:50 Job submitted from host: <10.10.48.31:12542?addrs=10.10.48.31-12542>
...
001 (8568191.000.000) 11/23 10:24:54 Job executing on host: <10.10.48.141:50603?addrs=10.10.48.141-50603>
...
006 (8568191.000.000) 11/23 10:24:55 Image size of job updated: 191572
	0  -  MemoryUsage of job (MB)
	0  -  ResidentSetSize of job (KB)
...
005 (8568191.000.000) 11/23 10:24:56 Job terminated.
	(1) Normal termination (return value 0)
		Usr 0 00:00:00, Sys 0 00:00:00  -  Run Remote Usage
		Usr 0 00:00:00, Sys 0 00:00:00  -  Run Local Usage
		Usr 0 00:00:00, Sys 0 00:00:00  -  Total Remote Usage
		Usr 0 00:00:00, Sys 0 00:00:00  -  Total Local Usage
	0  -  Run Bytes Sent By Job
	0  -  Run Bytes Received By Job
	0  -  Total Bytes Sent By Job
	0  -  Total Bytes Received By Job
	Partitionable Resources :    Usage  Request Allocated
	   Cpus                 :                 1         1
	   Disk (KB)            :        1        1  13376040
	   Memory (MB)          :        0        1      6441
...
000 (8569039.000.000) 11/23 10:45:26 Job submitted from host: <10.10.48.31:12542?addrs=10.10.48.31-12542>
...
001 (8569039.000.000) 11/23 10:45:38 Job executing on host: <10.10.48.141:50603?addrs=10.10.48.141-50603>
...
006 (8569039.000.000) 11/23 10:45:46 Image size of job updated: 257020
	58  -  MemoryUsage of job (MB)
	59152  -  ResidentSetSize of job (KB)
...
006 (8569039.000.000) 11/23 10:46:14 Image size of job updated: 262688
	58  -  MemoryUsage of job (MB)
	59152  -  ResidentSetSize of job (KB)
...
005 (8569039.000.000) 11/23 10:46:14 Job terminated.
	(1) Normal termination (return value 0)
		Usr 0 00:00:15, Sys 0 00:00:00  -  Run Remote Usage
		Usr 0 00:00:00, Sys 0 00:00:00  -  Run Local Usage
		Usr 0 00:00:15, Sys 0 00:00:00  -  Total Remote Usage
		Usr 0 00:00:00, Sys 0 00:00:00  -  Total Local Usage
	0  -  Run Bytes Sent By Job
	0  -  Run Bytes Received By Job
	0  -  Total Bytes Sent By Job
	0  -  Total Bytes Received By Job
	Partitionable Resources :    Usage  Request Allocated
	   Cpus                 :                 1         1
	   Disk (KB)            :        1        1  13376506
	   Memory (MB)          :       58        1      6441
...
000 (8569593.000.000) 11/23 10:57:34 Job submitted from host: <10.10.48.31:12542?addrs=10.10.48.31-12542>
...
001 (8569593.000.000) 11/23 10:57:52 Job executing on host: <10.10.48.146:58220?addrs=10.10.48.146-58220>
...
006 (8569593.000.000) 11/23 10:58:01 Image size of job updated: 262644
	98  -  MemoryUsage of job (MB)
	99888  -  ResidentSetSize of job (KB)
...
005 (8569593.000.000) 11/23 10:58:05 Job terminated.
	(1) Normal termination (return value 0)
		Usr 0 00:00:10, Sys 0 00:00:00  -  Run Remote Usage
		Usr 0 00:00:00, Sys 0 00:00:00  -  Run Local Usage
		Usr 0 00:00:10, Sys 0 00:00:00  -  Total Remote Usage
		Usr 0 00:00:00, Sys 0 00:00:00  -  Total Local Usage
	0  -  Run Bytes Sent By Job
	0  -  Run Bytes Received By Job
	0  -  Total Bytes Sent By Job
	0  -  Total Bytes Received By Job
	Partitionable Resources :    Usage  Request Allocated
	   Cpus                 :                 1         1
	   Disk (KB)            :        1        1  13348070
	   Memory (MB)          :       98        1      6441
...
000 (8577544.000.000) 11/23 15:06:31 Job submitted from host: <10.10.48.31:12542?addrs=10.10.48.31-12542>
...
001 (8577544.000.000) 11/23 15:06:34 Job executing on host: <10.10.48.41:20766?addrs=10.10.48.41-20766>
...
006 (8577544.000.000) 11/23 15:06:43 Image size of job updated: 262700
	98  -  MemoryUsage of job (MB)
	99952  -  ResidentSetSize of job (KB)
...
005 (8577544.000.000) 11/23 15:06:46 Job terminated.
	(1) Normal termination (return value 0)
		Usr 0 00:00:08, Sys 0 00:00:00  -  Run Remote Usage
		Usr 0 00:00:00, Sys 0 00:00:00  -  Run Local Usage
		Usr 0 00:00:08, Sys 0 00:00:00  -  Total Remote Usage
		Usr 0 00:00:00, Sys 0 00:00:00  -  Total Local Usage
	0  -  Run Bytes Sent By Job
	0  -  Run Bytes Received By Job
	0  -  Total Bytes Sent By Job
	0  -  Total Bytes Received By Job
	Partitionable Resources :    Usage  Request Allocated
	   Cpus                 :                 1         1
	   Disk (KB)            :        1        1  16724573
	   Memory (MB)          :       98        1      4023
...
000 (8580147.000.000) 11/23 17:22:37 Job submitted from host: <10.10.48.31:12542?addrs=10.10.48.31-12542>
...
001 (8580147.000.000) 11/23 17:22:41 Job executing on host: <10.10.48.41:20766?addrs=10.10.48.41-20766>
...
006 (8580147.000.000) 11/23 17:22:42 Image size of job updated: 175096
	0  -  MemoryUsage of job (MB)
	0  -  ResidentSetSize of job (KB)
...
005 (8580147.000.000) 11/23 17:22:42 Job terminated.
	(1) Normal termination (return value 0)
		Usr 0 00:00:00, Sys 0 00:00:00  -  Run Remote Usage
		Usr 0 00:00:00, Sys 0 00:00:00  -  Run Local Usage
		Usr 0 00:00:00, Sys 0 00:00:00  -  Total Remote Usage
		Usr 0 00:00:00, Sys 0 00:00:00  -  Total Local Usage
	0  -  Run Bytes Sent By Job
	0  -  Run Bytes Received By Job
	0  -  Total Bytes Sent By Job
	0  -  Total Bytes Received By Job
	Partitionable Resources :    Usage  Request Allocated
	   Cpus                 :                 1         1
	   Disk (KB)            :        1        1  16725821
	   Memory (MB)          :        0        1      4023
...
000 (8580301.000.000) 11/24 10:20:56 Job submitted from host: <10.10.48.31:12542?addrs=10.10.48.31-12542>
...
001 (8580301.000.000) 11/24 10:21:16 Job executing on host: <10.10.48.141:50603?addrs=10.10.48.141-50603>
...
006 (8580301.000.000) 11/24 10:21:25 Image size of job updated: 257704
	52  -  MemoryUsage of job (MB)
	52700  -  ResidentSetSize of job (KB)
...
006 (8580301.000.000) 11/24 10:22:37 Image size of job updated: 265792
	52  -  MemoryUsage of job (MB)
	52700  -  ResidentSetSize of job (KB)
...
005 (8580301.000.000) 11/24 10:22:37 Job terminated.
	(1) Normal termination (return value 0)
		Usr 0 00:01:19, Sys 0 00:00:01  -  Run Remote Usage
		Usr 0 00:00:00, Sys 0 00:00:00  -  Run Local Usage
		Usr 0 00:01:19, Sys 0 00:00:01  -  Total Remote Usage
		Usr 0 00:00:00, Sys 0 00:00:00  -  Total Local Usage
	0  -  Run Bytes Sent By Job
	0  -  Run Bytes Received By Job
	0  -  Total Bytes Sent By Job
	0  -  Total Bytes Received By Job
	Partitionable Resources :    Usage  Request Allocated
	   Cpus                 :                 1         1
	   Disk (KB)            :        1        1  13376787
	   Memory (MB)          :       52        1      6441
...
000 (8581724.000.000) 11/24 20:22:57 Job submitted from host: <10.10.48.31:12542?addrs=10.10.48.31-12542>
...
001 (8581724.000.000) 11/24 20:23:03 Job executing on host: <10.10.48.41:20766?addrs=10.10.48.41-20766>
...
006 (8581724.000.000) 11/24 20:23:03 Image size of job updated: 190488
	0  -  MemoryUsage of job (MB)
	0  -  ResidentSetSize of job (KB)
...
005 (8581724.000.000) 11/24 20:23:03 Job terminated.
	(1) Normal termination (return value 0)
		Usr 0 00:00:00, Sys 0 00:00:00  -  Run Remote Usage
		Usr 0 00:00:00, Sys 0 00:00:00  -  Run Local Usage
		Usr 0 00:00:00, Sys 0 00:00:00  -  Total Remote Usage
		Usr 0 00:00:00, Sys 0 00:00:00  -  Total Local Usage
	0  -  Run Bytes Sent By Job
	0  -  Run Bytes Received By Job
	0  -  Total Bytes Sent By Job
	0  -  Total Bytes Received By Job
	Partitionable Resources :    Usage  Request Allocated
	   Cpus                 :                 1         1
	   Disk (KB)            :        1        1  16725483
	   Memory (MB)          :        0        1      4023
...
000 (8581780.000.000) 11/24 20:31:10 Job submitted from host: <10.10.48.31:12542?addrs=10.10.48.31-12542>
...
001 (8581780.000.000) 11/24 20:31:30 Job executing on host: <10.10.48.35:61041?addrs=10.10.48.35-61041>
...
006 (8581780.000.000) 11/24 20:31:39 Image size of job updated: 183336
	34  -  MemoryUsage of job (MB)
	34108  -  ResidentSetSize of job (KB)
...
006 (8581780.000.000) 11/24 20:34:49 Image size of job updated: 201944
	34  -  MemoryUsage of job (MB)
	34108  -  ResidentSetSize of job (KB)
...
005 (8581780.000.000) 11/24 20:34:49 Job terminated.
	(1) Normal termination (return value 0)
		Usr 0 00:01:58, Sys 0 00:00:02  -  Run Remote Usage
		Usr 0 00:00:00, Sys 0 00:00:00  -  Run Local Usage
		Usr 0 00:01:58, Sys 0 00:00:02  -  Total Remote Usage
		Usr 0 00:00:00, Sys 0 00:00:00  -  Total Local Usage
	0  -  Run Bytes Sent By Job
	0  -  Run Bytes Received By Job
	0  -  Total Bytes Sent By Job
	0  -  Total Bytes Received By Job
	Partitionable Resources :    Usage  Request Allocated
	   Cpus                 :                 1         1
	   Disk (KB)            :        1        1  16722873
	   Memory (MB)          :       34        1      4023
...
000 (8739439.000.000) 11/29 19:23:03 Job submitted from host: <10.10.48.31:12542?addrs=10.10.48.31-12542>
...
001 (8739439.000.000) 11/29 19:23:24 Job executing on host: <10.10.48.139:49429?addrs=10.10.48.139-49429>
...
006 (8739439.000.000) 11/29 19:23:32 Image size of job updated: 114412
	18  -  MemoryUsage of job (MB)
	17592  -  ResidentSetSize of job (KB)
...
006 (8739439.000.000) 11/29 19:28:32 Image size of job updated: 203184
	45  -  MemoryUsage of job (MB)
	45504  -  ResidentSetSize of job (KB)
...
005 (8739439.000.000) 11/29 19:32:46 Job terminated.
	(1) Normal termination (return value 0)
		Usr 0 00:04:41, Sys 0 00:00:06  -  Run Remote Usage
		Usr 0 00:00:00, Sys 0 00:00:00  -  Run Local Usage
		Usr 0 00:04:41, Sys 0 00:00:06  -  Total Remote Usage
		Usr 0 00:00:00, Sys 0 00:00:00  -  Total Local Usage
	0  -  Run Bytes Sent By Job
	0  -  Run Bytes Received By Job
	0  -  Total Bytes Sent By Job
	0  -  Total Bytes Received By Job
	Partitionable Resources :    Usage  Request Allocated
	   Cpus                 :                 1         1
	   Disk (KB)            :        1        1  13385409
	   Memory (MB)          :       45        1      6441
...
000 (8739590.000.000) 11/29 19:34:21 Job submitted from host: <10.10.48.31:12542?addrs=10.10.48.31-12542>
...
001 (8739590.000.000) 11/29 19:34:30 Job executing on host: <10.10.48.139:49429?addrs=10.10.48.139-49429>
...
006 (8739590.000.000) 11/29 19:34:39 Image size of job updated: 167740
	28  -  MemoryUsage of job (MB)
	27752  -  ResidentSetSize of job (KB)
...
006 (8739590.000.000) 11/29 19:39:39 Image size of job updated: 203140
	44  -  MemoryUsage of job (MB)
	44544  -  ResidentSetSize of job (KB)
...
005 (8739590.000.000) 11/29 19:39:52 Job terminated.
	(1) Normal termination (return value 0)
		Usr 0 00:01:34, Sys 0 00:00:02  -  Run Remote Usage
		Usr 0 00:00:00, Sys 0 00:00:00  -  Run Local Usage
		Usr 0 00:01:34, Sys 0 00:00:02  -  Total Remote Usage
		Usr 0 00:00:00, Sys 0 00:00:00  -  Total Local Usage
	0  -  Run Bytes Sent By Job
	0  -  Run Bytes Received By Job
	0  -  Total Bytes Sent By Job
	0  -  Total Bytes Received By Job
	Partitionable Resources :    Usage  Request Allocated
	   Cpus                 :                 1         1
	   Disk (KB)            :        1        1  13385380
	   Memory (MB)          :       44        1      6441
...
000 (8740414.000.000) 11/29 20:51:06 Job submitted from host: <10.10.48.31:12542?addrs=10.10.48.31-12542>
...
001 (8740414.000.000) 11/29 20:51:26 Job executing on host: <10.10.48.35:61041?addrs=10.10.48.35-61041>
...
006 (8740414.000.000) 11/29 20:51:35 Image size of job updated: 183312
	32  -  MemoryUsage of job (MB)
	32588  -  ResidentSetSize of job (KB)
...
000 (8740513.000.000) 11/29 20:52:28 Job submitted from host: <10.10.48.31:12542?addrs=10.10.48.31-12542>
...
001 (8740513.000.000) 11/29 20:52:50 Job executing on host: <10.10.48.145:26377?addrs=10.10.48.145-26377>
...
006 (8740513.000.000) 11/29 20:52:58 Image size of job updated: 183160
	36  -  MemoryUsage of job (MB)
	36068  -  ResidentSetSize of job (KB)
...
006 (8740414.000.000) 11/29 20:56:36 Image size of job updated: 203236
	43  -  MemoryUsage of job (MB)
	43284  -  ResidentSetSize of job (KB)
...
006 (8740513.000.000) 11/29 20:57:54 Image size of job updated: 203136
	36  -  MemoryUsage of job (MB)
	36068  -  ResidentSetSize of job (KB)
...
005 (8740513.000.000) 11/29 20:57:54 Job terminated.
	(1) Normal termination (return value 0)
		Usr 0 00:01:27, Sys 0 00:00:02  -  Run Remote Usage
		Usr 0 00:00:00, Sys 0 00:00:00  -  Run Local Usage
		Usr 0 00:01:27, Sys 0 00:00:02  -  Total Remote Usage
		Usr 0 00:00:00, Sys 0 00:00:00  -  Total Local Usage
	0  -  Run Bytes Sent By Job
	0  -  Run Bytes Received By Job
	0  -  Total Bytes Sent By Job
	0  -  Total Bytes Received By Job
	Partitionable Resources :    Usage  Request Allocated
	   Cpus                 :                 1         1
	   Disk (KB)            :        1        1  13384155
	   Memory (MB)          :       36        1      6441
...
006 (8740414.000.000) 11/29 21:01:36 Image size of job updated: 203248
	43  -  MemoryUsage of job (MB)
	43568  -  ResidentSetSize of job (KB)
...
005 (8740414.000.000) 11/29 21:04:23 Job terminated.
	(1) Normal termination (return value 0)
		Usr 0 00:04:05, Sys 0 00:00:06  -  Run Remote Usage
		Usr 0 00:00:00, Sys 0 00:00:00  -  Run Local Usage
		Usr 0 00:04:05, Sys 0 00:00:06  -  Total Remote Usage
		Usr 0 00:00:00, Sys 0 00:00:00  -  Total Local Usage
	0  -  Run Bytes Sent By Job
	0  -  Run Bytes Received By Job
	0  -  Total Bytes Sent By Job
	0  -  Total Bytes Received By Job
	Partitionable Resources :    Usage  Request Allocated
	   Cpus                 :                 1         1
	   Disk (KB)            :        1        1  16724909
	   Memory (MB)          :       43        1      4023
...
