
Processing BiPo_coin.C(24678)...
totalEvents: 214908
0%
4.65315%
9.30631%
2.0912%
2.78827%
3.48534%
427.9189%
32.5721%5.57655%

41.8784%
46.5315%
51.1847%
55.8378%
7.66775%
5.1442%
69.7973%
74.4505%
9.75895%
10.456%
11.1531%
193.0631%
2.5472%
13.2443%
100%
13.9414%
14.6384%
15.3355%
16.0326%
16.7296%
17.4267%
18.1238%
18.8208%
19.5179%
20.215%
20.912%
21.6091%
22.3062%
23.0032%
23.7003%
24.3974%
25.0945%
25.7915%
26.4886%
27.1857%
27.8827%
28.5798%
29.2769%
29.9739%
30.671%
31.3681%
32.0651%
32.7622%
33.4593%
34.1563%
34.8534%
35.5505%
36.2475%
36.9446%
37.6417%
38.3387%
39.0358%
39.7329%
40.43%
41.127%
41.8241%
42.5212%
43.2182%
43.9153%
44.6124%
45.3094%
46.0065%
46.7036%
47.4006%
48.0977%
48.7948%
49.4918%
50.1889%
50.886%
51.583%
52.2801%
52.9772%
53.6742%
54.3713%
55.0684%
55.7655%
56.4625%
57.1596%
57.8567%
58.5537%
59.2508%
59.9479%
60.6449%
61.342%
62.0391%
62.7361%
63.4332%
64.1303%
64.8273%
65.5244%
66.2215%
66.9185%
67.6156%
68.3127%
69.0097%
69.7068%
70.4039%
71.1009%
71.798%
72.4951%
73.1922%
73.8892%
74.5863%
75.2834%
75.9804%
76.6775%
77.3746%
78.0716%
78.7687%
79.4658%
80.1628%
80.8599%
81.557%
82.254%
82.9511%
83.6482%
84.3452%
85.0423%
85.7394%
86.4364%
87.1335%
87.8306%
88.5277%
89.2247%
89.9218%
90.6189%
91.3159%
92.013%
92.7101%
93.4071%
94.1042%
94.8013%
95.4983%
96.1954%
96.8925%
97.5895%
98.2866%
98.9837%
99.6807%
100%
