000 (8513136.000.000) 11/20 20:04:42 Job submitted from host: <10.10.48.31:12542?addrs=10.10.48.31-12542>
...
001 (8513136.000.000) 11/20 20:04:53 Job executing on host: <10.10.48.141:50603?addrs=10.10.48.141-50603>
...
006 (8513136.000.000) 11/20 20:04:54 Image size of job updated: 175216
	0  -  MemoryUsage of job (MB)
	0  -  ResidentSetSize of job (KB)
...
005 (8513136.000.000) 11/20 20:04:54 Job terminated.
	(1) Normal termination (return value 1)
		Usr 0 00:00:00, Sys 0 00:00:00  -  Run Remote Usage
		Usr 0 00:00:00, Sys 0 00:00:00  -  Run Local Usage
		Usr 0 00:00:00, Sys 0 00:00:00  -  Total Remote Usage
		Usr 0 00:00:00, Sys 0 00:00:00  -  Total Local Usage
	0  -  Run Bytes Sent By Job
	0  -  Run Bytes Received By Job
	0  -  Total Bytes Sent By Job
	0  -  Total Bytes Received By Job
	Partitionable Resources :    Usage  Request Allocated
	   Cpus                 :                 1         1
	   Disk (KB)            :        1        1  12695860
	   Memory (MB)          :        0        1      6441
...
000 (8513202.000.000) 11/20 20:06:17 Job submitted from host: <10.10.48.31:12542?addrs=10.10.48.31-12542>
...
001 (8513202.000.000) 11/20 20:06:35 Job executing on host: <10.10.48.141:50603?addrs=10.10.48.141-50603>
...
006 (8513202.000.000) 11/20 20:06:44 Image size of job updated: 198792
	40  -  MemoryUsage of job (MB)
	40436  -  ResidentSetSize of job (KB)
...
005 (8513202.000.000) 11/20 20:06:44 Job terminated.
	(1) Normal termination (return value 0)
		Usr 0 00:00:01, Sys 0 00:00:00  -  Run Remote Usage
		Usr 0 00:00:00, Sys 0 00:00:00  -  Run Local Usage
		Usr 0 00:00:01, Sys 0 00:00:00  -  Total Remote Usage
		Usr 0 00:00:00, Sys 0 00:00:00  -  Total Local Usage
	0  -  Run Bytes Sent By Job
	0  -  Run Bytes Received By Job
	0  -  Total Bytes Sent By Job
	0  -  Total Bytes Received By Job
	Partitionable Resources :    Usage  Request Allocated
	   Cpus                 :                 1         1
	   Disk (KB)            :        1        1  13070904
	   Memory (MB)          :       40        1      6441
...
000 (8568160.000.000) 11/23 10:24:46 Job submitted from host: <10.10.48.31:12542?addrs=10.10.48.31-12542>
...
001 (8568160.000.000) 11/23 10:24:52 Job executing on host: <10.10.48.146:58220?addrs=10.10.48.146-58220>
...
006 (8568160.000.000) 11/23 10:24:53 Image size of job updated: 192148
	0  -  MemoryUsage of job (MB)
	0  -  ResidentSetSize of job (KB)
...
005 (8568160.000.000) 11/23 10:24:55 Job terminated.
	(1) Normal termination (return value 0)
		Usr 0 00:00:00, Sys 0 00:00:00  -  Run Remote Usage
		Usr 0 00:00:00, Sys 0 00:00:00  -  Run Local Usage
		Usr 0 00:00:00, Sys 0 00:00:00  -  Total Remote Usage
		Usr 0 00:00:00, Sys 0 00:00:00  -  Total Local Usage
	0  -  Run Bytes Sent By Job
	0  -  Run Bytes Received By Job
	0  -  Total Bytes Sent By Job
	0  -  Total Bytes Received By Job
	Partitionable Resources :    Usage  Request Allocated
	   Cpus                 :                 1         1
	   Disk (KB)            :        1        1  13348234
	   Memory (MB)          :        0        1      6441
...
000 (8569008.000.000) 11/23 10:45:23 Job submitted from host: <10.10.48.31:12542?addrs=10.10.48.31-12542>
...
001 (8569008.000.000) 11/23 10:45:37 Job executing on host: <10.10.48.41:20766?addrs=10.10.48.41-20766>
...
006 (8569008.000.000) 11/23 10:45:46 Image size of job updated: 183132
	33  -  MemoryUsage of job (MB)
	33760  -  ResidentSetSize of job (KB)
...
006 (8569008.000.000) 11/23 10:45:53 Image size of job updated: 196184
	33  -  MemoryUsage of job (MB)
	33760  -  ResidentSetSize of job (KB)
...
005 (8569008.000.000) 11/23 10:45:53 Job terminated.
	(1) Normal termination (return value 0)
		Usr 0 00:00:00, Sys 0 00:00:00  -  Run Remote Usage
		Usr 0 00:00:00, Sys 0 00:00:00  -  Run Local Usage
		Usr 0 00:00:00, Sys 0 00:00:00  -  Total Remote Usage
		Usr 0 00:00:00, Sys 0 00:00:00  -  Total Local Usage
	0  -  Run Bytes Sent By Job
	0  -  Run Bytes Received By Job
	0  -  Total Bytes Sent By Job
	0  -  Total Bytes Received By Job
	Partitionable Resources :    Usage  Request Allocated
	   Cpus                 :                 1         1
	   Disk (KB)            :        1        1  16725431
	   Memory (MB)          :       33        1      4023
...
000 (8569562.000.000) 11/23 10:57:30 Job submitted from host: <10.10.48.31:12542?addrs=10.10.48.31-12542>
...
001 (8569562.000.000) 11/23 10:57:38 Job executing on host: <10.10.48.41:20766?addrs=10.10.48.41-20766>
...
006 (8569562.000.000) 11/23 10:57:39 Image size of job updated: 198500
	0  -  MemoryUsage of job (MB)
	0  -  ResidentSetSize of job (KB)
...
005 (8569562.000.000) 11/23 10:57:39 Job terminated.
	(1) Normal termination (return value 0)
		Usr 0 00:00:00, Sys 0 00:00:00  -  Run Remote Usage
		Usr 0 00:00:00, Sys 0 00:00:00  -  Run Local Usage
		Usr 0 00:00:00, Sys 0 00:00:00  -  Total Remote Usage
		Usr 0 00:00:00, Sys 0 00:00:00  -  Total Local Usage
	0  -  Run Bytes Sent By Job
	0  -  Run Bytes Received By Job
	0  -  Total Bytes Sent By Job
	0  -  Total Bytes Received By Job
	Partitionable Resources :    Usage  Request Allocated
	   Cpus                 :                 1         1
	   Disk (KB)            :        1        1  16725954
	   Memory (MB)          :        0        1      4023
...
000 (8577513.000.000) 11/23 15:06:25 Job submitted from host: <10.10.48.31:12542?addrs=10.10.48.31-12542>
...
001 (8577513.000.000) 11/23 15:06:31 Job executing on host: <10.10.48.41:20766?addrs=10.10.48.41-20766>
...
006 (8577513.000.000) 11/23 15:06:32 Image size of job updated: 198808
	0  -  MemoryUsage of job (MB)
	0  -  ResidentSetSize of job (KB)
...
005 (8577513.000.000) 11/23 15:06:33 Job terminated.
	(1) Normal termination (return value 0)
		Usr 0 00:00:01, Sys 0 00:00:00  -  Run Remote Usage
		Usr 0 00:00:00, Sys 0 00:00:00  -  Run Local Usage
		Usr 0 00:00:01, Sys 0 00:00:00  -  Total Remote Usage
		Usr 0 00:00:00, Sys 0 00:00:00  -  Total Local Usage
	0  -  Run Bytes Sent By Job
	0  -  Run Bytes Received By Job
	0  -  Total Bytes Sent By Job
	0  -  Total Bytes Received By Job
	Partitionable Resources :    Usage  Request Allocated
	   Cpus                 :                 1         1
	   Disk (KB)            :        1        1  16724546
	   Memory (MB)          :        0        1      4023
...
000 (8580116.000.000) 11/23 17:22:33 Job submitted from host: <10.10.48.31:12542?addrs=10.10.48.31-12542>
...
001 (8580116.000.000) 11/23 17:22:33 Job executing on host: <10.10.48.41:20766?addrs=10.10.48.41-20766>
...
006 (8580116.000.000) 11/23 17:22:34 Image size of job updated: 116256
	0  -  MemoryUsage of job (MB)
	0  -  ResidentSetSize of job (KB)
...
005 (8580116.000.000) 11/23 17:22:34 Job terminated.
	(1) Normal termination (return value 0)
		Usr 0 00:00:00, Sys 0 00:00:00  -  Run Remote Usage
		Usr 0 00:00:00, Sys 0 00:00:00  -  Run Local Usage
		Usr 0 00:00:00, Sys 0 00:00:00  -  Total Remote Usage
		Usr 0 00:00:00, Sys 0 00:00:00  -  Total Local Usage
	0  -  Run Bytes Sent By Job
	0  -  Run Bytes Received By Job
	0  -  Total Bytes Sent By Job
	0  -  Total Bytes Received By Job
	Partitionable Resources :    Usage  Request Allocated
	   Cpus                 :                 1         1
	   Disk (KB)            :        1        1  16725821
	   Memory (MB)          :        0        1      4023
...
000 (8580270.000.000) 11/24 10:20:52 Job submitted from host: <10.10.48.31:12542?addrs=10.10.48.31-12542>
...
001 (8580270.000.000) 11/24 10:21:00 Job executing on host: <10.10.48.41:20766?addrs=10.10.48.41-20766>
...
006 (8580270.000.000) 11/24 10:21:08 Image size of job updated: 264588
	96  -  MemoryUsage of job (MB)
	97884  -  ResidentSetSize of job (KB)
...
006 (8580270.000.000) 11/24 10:21:10 Image size of job updated: 264604
	96  -  MemoryUsage of job (MB)
	97884  -  ResidentSetSize of job (KB)
...
005 (8580270.000.000) 11/24 10:21:10 Job terminated.
	(1) Normal termination (return value 0)
		Usr 0 00:00:09, Sys 0 00:00:00  -  Run Remote Usage
		Usr 0 00:00:00, Sys 0 00:00:00  -  Run Local Usage
		Usr 0 00:00:09, Sys 0 00:00:00  -  Total Remote Usage
		Usr 0 00:00:00, Sys 0 00:00:00  -  Total Local Usage
	0  -  Run Bytes Sent By Job
	0  -  Run Bytes Received By Job
	0  -  Total Bytes Sent By Job
	0  -  Total Bytes Received By Job
	Partitionable Resources :    Usage  Request Allocated
	   Cpus                 :                 1         1
	   Disk (KB)            :        1        1  16725709
	   Memory (MB)          :       96        1      4023
...
000 (8581693.000.000) 11/24 20:22:52 Job submitted from host: <10.10.48.31:12542?addrs=10.10.48.31-12542>
...
001 (8581693.000.000) 11/24 20:22:56 Job executing on host: <10.10.48.41:20766?addrs=10.10.48.41-20766>
...
006 (8581693.000.000) 11/24 20:22:57 Image size of job updated: 190920
	0  -  MemoryUsage of job (MB)
	0  -  ResidentSetSize of job (KB)
...
005 (8581693.000.000) 11/24 20:22:57 Job terminated.
	(1) Normal termination (return value 0)
		Usr 0 00:00:00, Sys 0 00:00:00  -  Run Remote Usage
		Usr 0 00:00:00, Sys 0 00:00:00  -  Run Local Usage
		Usr 0 00:00:00, Sys 0 00:00:00  -  Total Remote Usage
		Usr 0 00:00:00, Sys 0 00:00:00  -  Total Local Usage
	0  -  Run Bytes Sent By Job
	0  -  Run Bytes Received By Job
	0  -  Total Bytes Sent By Job
	0  -  Total Bytes Received By Job
	Partitionable Resources :    Usage  Request Allocated
	   Cpus                 :                 1         1
	   Disk (KB)            :        1        1  16725484
	   Memory (MB)          :        0        1      4023
...
000 (8581749.000.000) 11/24 20:31:07 Job submitted from host: <10.10.48.31:12542?addrs=10.10.48.31-12542>
...
001 (8581749.000.000) 11/24 20:31:29 Job executing on host: <10.10.48.41:20766?addrs=10.10.48.41-20766>
...
006 (8581749.000.000) 11/24 20:31:37 Image size of job updated: 114020
	17  -  MemoryUsage of job (MB)
	16672  -  ResidentSetSize of job (KB)
...
006 (8581749.000.000) 11/24 20:31:45 Image size of job updated: 201180
	17  -  MemoryUsage of job (MB)
	16672  -  ResidentSetSize of job (KB)
...
005 (8581749.000.000) 11/24 20:31:45 Job terminated.
	(1) Normal termination (return value 0)
		Usr 0 00:00:08, Sys 0 00:00:00  -  Run Remote Usage
		Usr 0 00:00:00, Sys 0 00:00:00  -  Run Local Usage
		Usr 0 00:00:08, Sys 0 00:00:00  -  Total Remote Usage
		Usr 0 00:00:00, Sys 0 00:00:00  -  Total Local Usage
	0  -  Run Bytes Sent By Job
	0  -  Run Bytes Received By Job
	0  -  Total Bytes Sent By Job
	0  -  Total Bytes Received By Job
	Partitionable Resources :    Usage  Request Allocated
	   Cpus                 :                 1         1
	   Disk (KB)            :        1        1  16725447
	   Memory (MB)          :       17        1      4023
...
000 (8739408.000.000) 11/29 19:23:01 Job submitted from host: <10.10.48.31:12542?addrs=10.10.48.31-12542>
...
001 (8739408.000.000) 11/29 19:23:21 Job executing on host: <10.10.48.141:50603?addrs=10.10.48.141-50603>
...
006 (8739408.000.000) 11/29 19:23:30 Image size of job updated: 183140
	33  -  MemoryUsage of job (MB)
	33644  -  ResidentSetSize of job (KB)
...
006 (8739408.000.000) 11/29 19:26:40 Image size of job updated: 203072
	33  -  MemoryUsage of job (MB)
	33644  -  ResidentSetSize of job (KB)
...
005 (8739408.000.000) 11/29 19:26:40 Job terminated.
	(1) Normal termination (return value 0)
		Usr 0 00:01:12, Sys 0 00:00:01  -  Run Remote Usage
		Usr 0 00:00:00, Sys 0 00:00:00  -  Run Local Usage
		Usr 0 00:01:12, Sys 0 00:00:01  -  Total Remote Usage
		Usr 0 00:00:00, Sys 0 00:00:00  -  Total Local Usage
	0  -  Run Bytes Sent By Job
	0  -  Run Bytes Received By Job
	0  -  Total Bytes Sent By Job
	0  -  Total Bytes Received By Job
	Partitionable Resources :    Usage  Request Allocated
	   Cpus                 :                 1         1
	   Disk (KB)            :        1        1  13376609
	   Memory (MB)          :       33        1      6441
...
000 (8739559.000.000) 11/29 19:34:19 Job submitted from host: <10.10.48.31:12542?addrs=10.10.48.31-12542>
...
001 (8739559.000.000) 11/29 19:34:28 Job executing on host: <10.10.48.141:50603?addrs=10.10.48.141-50603>
...
006 (8739559.000.000) 11/29 19:34:37 Image size of job updated: 114144
	17  -  MemoryUsage of job (MB)
	17260  -  ResidentSetSize of job (KB)
...
006 (8739559.000.000) 11/29 19:34:46 Image size of job updated: 202988
	17  -  MemoryUsage of job (MB)
	17260  -  ResidentSetSize of job (KB)
...
005 (8739559.000.000) 11/29 19:34:46 Job terminated.
	(1) Normal termination (return value 0)
		Usr 0 00:00:06, Sys 0 00:00:00  -  Run Remote Usage
		Usr 0 00:00:00, Sys 0 00:00:00  -  Run Local Usage
		Usr 0 00:00:06, Sys 0 00:00:00  -  Total Remote Usage
		Usr 0 00:00:00, Sys 0 00:00:00  -  Total Local Usage
	0  -  Run Bytes Sent By Job
	0  -  Run Bytes Received By Job
	0  -  Total Bytes Sent By Job
	0  -  Total Bytes Received By Job
	Partitionable Resources :    Usage  Request Allocated
	   Cpus                 :                 1         1
	   Disk (KB)            :        1        1  13376597
	   Memory (MB)          :       17        1      6441
...
000 (8740380.000.000) 11/29 20:51:02 Job submitted from host: <10.10.48.31:12542?addrs=10.10.48.31-12542>
...
001 (8740380.000.000) 11/29 20:51:04 Job executing on host: <10.10.48.141:50603?addrs=10.10.48.141-50603>
...
006 (8740380.000.000) 11/29 20:51:12 Image size of job updated: 183148
	32  -  MemoryUsage of job (MB)
	32580  -  ResidentSetSize of job (KB)
...
000 (8740482.000.000) 11/29 20:52:26 Job submitted from host: <10.10.48.31:12542?addrs=10.10.48.31-12542>
...
001 (8740482.000.000) 11/29 20:52:47 Job executing on host: <10.10.48.139:49429?addrs=10.10.48.139-49429>
...
006 (8740482.000.000) 11/29 20:52:56 Image size of job updated: 183500
	34  -  MemoryUsage of job (MB)
	34236  -  ResidentSetSize of job (KB)
...
006 (8740482.000.000) 11/29 20:53:10 Image size of job updated: 202948
	34  -  MemoryUsage of job (MB)
	34236  -  ResidentSetSize of job (KB)
...
005 (8740482.000.000) 11/29 20:53:10 Job terminated.
	(1) Normal termination (return value 0)
		Usr 0 00:00:06, Sys 0 00:00:00  -  Run Remote Usage
		Usr 0 00:00:00, Sys 0 00:00:00  -  Run Local Usage
		Usr 0 00:00:06, Sys 0 00:00:00  -  Total Remote Usage
		Usr 0 00:00:00, Sys 0 00:00:00  -  Total Local Usage
	0  -  Run Bytes Sent By Job
	0  -  Run Bytes Received By Job
	0  -  Total Bytes Sent By Job
	0  -  Total Bytes Received By Job
	Partitionable Resources :    Usage  Request Allocated
	   Cpus                 :                 1         1
	   Disk (KB)            :        1        1  13385363
	   Memory (MB)          :       34        1      6441
...
006 (8740380.000.000) 11/29 20:56:08 Image size of job updated: 203076
	32  -  MemoryUsage of job (MB)
	32580  -  ResidentSetSize of job (KB)
...
005 (8740380.000.000) 11/29 20:56:08 Job terminated.
	(1) Normal termination (return value 0)
		Usr 0 00:01:17, Sys 0 00:00:01  -  Run Remote Usage
		Usr 0 00:00:00, Sys 0 00:00:00  -  Run Local Usage
		Usr 0 00:01:17, Sys 0 00:00:01  -  Total Remote Usage
		Usr 0 00:00:00, Sys 0 00:00:00  -  Total Local Usage
	0  -  Run Bytes Sent By Job
	0  -  Run Bytes Received By Job
	0  -  Total Bytes Sent By Job
	0  -  Total Bytes Received By Job
	Partitionable Resources :    Usage  Request Allocated
	   Cpus                 :                 1         1
	   Disk (KB)            :        1        1  13376584
	   Memory (MB)          :       32        1      6441
...
