totalEvents: 1263938
0%
0.791178%
1.58236%
2.37353%
3.16471%
3.95589%
4.74707%
totalEvents: 1546513
0%
0.646616%
1.29323%
1.93985%
7.1206%
7.91178%
8.70296%
9.49414%
10.2853%
11.0765%
11.8677%
12.6588%
13.45%
14.2412%
15.0324%
%
9.69924%
10.3459%
10.9925%
11.6391%
16.6147%
17.4059%
18.1971%
14.2256%
14.8722%
19.7795%
20.5706%
21.3618%
22.153%
18.1052%
23.7353%
24.5265%
25.3177%
20.0451%
20.6917%
21.3383%
26.9001%
22.6316%
23.2782%
23.9248%
24.5714%
25.218%
25.8646%
26.5113%
29.2736%
30.0648%
28.4511%
29.0977%
29.7443%
30.391%
31.0376%
31.6471%
32.4383%
33.2295%
34.0207%
34.8118%
35.603%
35.5639%
36.2105%
36.8571%
37.9765%
38.7677%
39.5589%
40.3501%
0.0902%
40.7368%
41.3834%
41.9324%
42.7236%
.3233%
43.9699%
44.6165%
45.2631%
45.9097%
44.306%
45.0971%
47.8496%
48.4962%
49.1428%
49.7894%
50.436%
51.0827%
51.7293%
52.3759%
53.0225%
53.6691%
49.053%
49.8442%
50.6354%
51.4266%
56.9022%
57.5488%
58.1954%
54.5913%
55.3825%
60.1353%
60.7819%
61.4285%
62.0751%
62.7217%
63.3684%
57.756%
58.5472%
59.3384%
65.9548%
66.6014%
67.2481%
67.8947%
68.5413%
69.1879%
61.7119%
62.5031%
71.1278%
71.7744%
72.421%
73.0676%
73.7142%
74.3608%
75.0075%
75.6541%
76.3007%
76.9473%
77.5939%
78.2405%
78.8871%68.8325%
69.6237%
780.827%
81.4736%
82.1202%
82.7668%
83.4135%
84.0601%
84.7067%
5.9531%
76.7443%
77.5354%
78.3266%
87.2932%
87.9398%
88.5864%
89.233%
89.8796%
83.0737%
91.1729%
91.8195%
92.4661%
93.1127%
93.7593%
94.4059%
95.0525%
95.6992%
96.3458%
96.9924%
97.639%
98.2856%
98.9322%
990.9855%
91.7767%
92.5678%
93.359%
94.1502%
94.9414%
95.7325%
96.5237%
97.3149%
98.1061%
98.8973%
99.6884%
100%
