000 (8513155.000.000) 11/20 20:04:43 Job submitted from host: <10.10.48.31:12542?addrs=10.10.48.31-12542>
...
001 (8513155.000.000) 11/20 20:04:53 Job executing on host: <10.10.48.139:49429?addrs=10.10.48.139-49429>
...
006 (8513155.000.000) 11/20 20:04:54 Image size of job updated: 175208
	0  -  MemoryUsage of job (MB)
	0  -  ResidentSetSize of job (KB)
...
005 (8513155.000.000) 11/20 20:04:55 Job terminated.
	(1) Normal termination (return value 1)
		Usr 0 00:00:00, Sys 0 00:00:00  -  Run Remote Usage
		Usr 0 00:00:00, Sys 0 00:00:00  -  Run Local Usage
		Usr 0 00:00:00, Sys 0 00:00:00  -  Total Remote Usage
		Usr 0 00:00:00, Sys 0 00:00:00  -  Total Local Usage
	0  -  Run Bytes Sent By Job
	0  -  Run Bytes Received By Job
	0  -  Total Bytes Sent By Job
	0  -  Total Bytes Received By Job
	Partitionable Resources :    Usage  Request Allocated
	   Cpus                 :                 1         1
	   Disk (KB)            :        1        1  13382983
	   Memory (MB)          :        0        1      6441
...
000 (8513221.000.000) 11/20 20:06:19 Job submitted from host: <10.10.48.31:12542?addrs=10.10.48.31-12542>
...
001 (8513221.000.000) 11/20 20:06:35 Job executing on host: <10.10.48.139:49429?addrs=10.10.48.139-49429>
...
006 (8513221.000.000) 11/20 20:06:44 Image size of job updated: 177164
	31  -  MemoryUsage of job (MB)
	31244  -  ResidentSetSize of job (KB)
...
006 (8513221.000.000) 11/20 20:07:07 Image size of job updated: 262352
	31  -  MemoryUsage of job (MB)
	31244  -  ResidentSetSize of job (KB)
...
005 (8513221.000.000) 11/20 20:07:07 Job terminated.
	(1) Normal termination (return value 0)
		Usr 0 00:00:02, Sys 0 00:00:00  -  Run Remote Usage
		Usr 0 00:00:00, Sys 0 00:00:00  -  Run Local Usage
		Usr 0 00:00:02, Sys 0 00:00:00  -  Total Remote Usage
		Usr 0 00:00:00, Sys 0 00:00:00  -  Total Local Usage
	0  -  Run Bytes Sent By Job
	0  -  Run Bytes Received By Job
	0  -  Total Bytes Sent By Job
	0  -  Total Bytes Received By Job
	Partitionable Resources :    Usage  Request Allocated
	   Cpus                 :                 1         1
	   Disk (KB)            :        1        1  13383015
	   Memory (MB)          :       31        1      6441
...
000 (8568179.000.000) 11/23 10:24:48 Job submitted from host: <10.10.48.31:12542?addrs=10.10.48.31-12542>
...
001 (8568179.000.000) 11/23 10:24:52 Job executing on host: <10.10.48.141:50603?addrs=10.10.48.141-50603>
...
006 (8568179.000.000) 11/23 10:24:52 Image size of job updated: 191872
	0  -  MemoryUsage of job (MB)
	0  -  ResidentSetSize of job (KB)
...
005 (8568179.000.000) 11/23 10:24:55 Job terminated.
	(1) Normal termination (return value 0)
		Usr 0 00:00:00, Sys 0 00:00:00  -  Run Remote Usage
		Usr 0 00:00:00, Sys 0 00:00:00  -  Run Local Usage
		Usr 0 00:00:00, Sys 0 00:00:00  -  Total Remote Usage
		Usr 0 00:00:00, Sys 0 00:00:00  -  Total Local Usage
	0  -  Run Bytes Sent By Job
	0  -  Run Bytes Received By Job
	0  -  Total Bytes Sent By Job
	0  -  Total Bytes Received By Job
	Partitionable Resources :    Usage  Request Allocated
	   Cpus                 :                 1         1
	   Disk (KB)            :        1        1  13376040
	   Memory (MB)          :        0        1      6441
...
000 (8569027.000.000) 11/23 10:45:25 Job submitted from host: <10.10.48.31:12542?addrs=10.10.48.31-12542>
...
001 (8569027.000.000) 11/23 10:45:39 Job executing on host: <10.10.48.146:58220?addrs=10.10.48.146-58220>
...
006 (8569027.000.000) 11/23 10:45:48 Image size of job updated: 183280
	34  -  MemoryUsage of job (MB)
	34000  -  ResidentSetSize of job (KB)
...
006 (8569027.000.000) 11/23 10:46:05 Image size of job updated: 221672
	34  -  MemoryUsage of job (MB)
	34000  -  ResidentSetSize of job (KB)
...
005 (8569027.000.000) 11/23 10:46:05 Job terminated.
	(1) Normal termination (return value 0)
		Usr 0 00:00:02, Sys 0 00:00:00  -  Run Remote Usage
		Usr 0 00:00:00, Sys 0 00:00:00  -  Run Local Usage
		Usr 0 00:00:02, Sys 0 00:00:00  -  Total Remote Usage
		Usr 0 00:00:00, Sys 0 00:00:00  -  Total Local Usage
	0  -  Run Bytes Sent By Job
	0  -  Run Bytes Received By Job
	0  -  Total Bytes Sent By Job
	0  -  Total Bytes Received By Job
	Partitionable Resources :    Usage  Request Allocated
	   Cpus                 :                 1         1
	   Disk (KB)            :        1        1  13348112
	   Memory (MB)          :       34        1      6441
...
000 (8569581.000.000) 11/23 10:57:33 Job submitted from host: <10.10.48.31:12542?addrs=10.10.48.31-12542>
...
001 (8569581.000.000) 11/23 10:57:51 Job executing on host: <10.10.48.146:58220?addrs=10.10.48.146-58220>
...
006 (8569581.000.000) 11/23 10:57:54 Image size of job updated: 260276
	0  -  MemoryUsage of job (MB)
	0  -  ResidentSetSize of job (KB)
...
005 (8569581.000.000) 11/23 10:57:54 Job terminated.
	(1) Normal termination (return value 0)
		Usr 0 00:00:01, Sys 0 00:00:00  -  Run Remote Usage
		Usr 0 00:00:00, Sys 0 00:00:00  -  Run Local Usage
		Usr 0 00:00:01, Sys 0 00:00:00  -  Total Remote Usage
		Usr 0 00:00:00, Sys 0 00:00:00  -  Total Local Usage
	0  -  Run Bytes Sent By Job
	0  -  Run Bytes Received By Job
	0  -  Total Bytes Sent By Job
	0  -  Total Bytes Received By Job
	Partitionable Resources :    Usage  Request Allocated
	   Cpus                 :                 1         1
	   Disk (KB)            :        1        1  13348070
	   Memory (MB)          :        0        1      6441
...
000 (8577532.000.000) 11/23 15:06:27 Job submitted from host: <10.10.48.31:12542?addrs=10.10.48.31-12542>
...
001 (8577532.000.000) 11/23 15:06:32 Job executing on host: <10.10.48.141:50603?addrs=10.10.48.141-50603>
...
006 (8577532.000.000) 11/23 15:06:35 Image size of job updated: 262356
	0  -  MemoryUsage of job (MB)
	0  -  ResidentSetSize of job (KB)
...
005 (8577532.000.000) 11/23 15:06:35 Job terminated.
	(1) Normal termination (return value 0)
		Usr 0 00:00:02, Sys 0 00:00:00  -  Run Remote Usage
		Usr 0 00:00:00, Sys 0 00:00:00  -  Run Local Usage
		Usr 0 00:00:02, Sys 0 00:00:00  -  Total Remote Usage
		Usr 0 00:00:00, Sys 0 00:00:00  -  Total Local Usage
	0  -  Run Bytes Sent By Job
	0  -  Run Bytes Received By Job
	0  -  Total Bytes Sent By Job
	0  -  Total Bytes Received By Job
	Partitionable Resources :    Usage  Request Allocated
	   Cpus                 :                 1         1
	   Disk (KB)            :        1        1  13376625
	   Memory (MB)          :        0        1      6441
...
000 (8580135.000.000) 11/23 17:22:35 Job submitted from host: <10.10.48.31:12542?addrs=10.10.48.31-12542>
...
001 (8580135.000.000) 11/23 17:22:38 Job executing on host: <10.10.48.41:20766?addrs=10.10.48.41-20766>
...
006 (8580135.000.000) 11/23 17:22:39 Image size of job updated: 190488
	0  -  MemoryUsage of job (MB)
	0  -  ResidentSetSize of job (KB)
...
005 (8580135.000.000) 11/23 17:22:39 Job terminated.
	(1) Normal termination (return value 0)
		Usr 0 00:00:00, Sys 0 00:00:00  -  Run Remote Usage
		Usr 0 00:00:00, Sys 0 00:00:00  -  Run Local Usage
		Usr 0 00:00:00, Sys 0 00:00:00  -  Total Remote Usage
		Usr 0 00:00:00, Sys 0 00:00:00  -  Total Local Usage
	0  -  Run Bytes Sent By Job
	0  -  Run Bytes Received By Job
	0  -  Total Bytes Sent By Job
	0  -  Total Bytes Received By Job
	Partitionable Resources :    Usage  Request Allocated
	   Cpus                 :                 1         1
	   Disk (KB)            :        1        1  16725821
	   Memory (MB)          :        0        1      4023
...
000 (8580289.000.000) 11/24 10:20:55 Job submitted from host: <10.10.48.31:12542?addrs=10.10.48.31-12542>
...
001 (8580289.000.000) 11/24 10:21:14 Job executing on host: <10.10.48.141:50603?addrs=10.10.48.141-50603>
...
006 (8580289.000.000) 11/24 10:21:17 Image size of job updated: 198924
	0  -  MemoryUsage of job (MB)
	0  -  ResidentSetSize of job (KB)
...
005 (8580289.000.000) 11/24 10:21:17 Job terminated.
	(1) Normal termination (return value 0)
		Usr 0 00:00:01, Sys 0 00:00:00  -  Run Remote Usage
		Usr 0 00:00:00, Sys 0 00:00:00  -  Run Local Usage
		Usr 0 00:00:01, Sys 0 00:00:00  -  Total Remote Usage
		Usr 0 00:00:00, Sys 0 00:00:00  -  Total Local Usage
	0  -  Run Bytes Sent By Job
	0  -  Run Bytes Received By Job
	0  -  Total Bytes Sent By Job
	0  -  Total Bytes Received By Job
	Partitionable Resources :    Usage  Request Allocated
	   Cpus                 :                 1         1
	   Disk (KB)            :        1        1  13376787
	   Memory (MB)          :        0        1      6441
...
000 (8581712.000.000) 11/24 20:22:55 Job submitted from host: <10.10.48.31:12542?addrs=10.10.48.31-12542>
...
001 (8581712.000.000) 11/24 20:23:00 Job executing on host: <10.10.48.41:20766?addrs=10.10.48.41-20766>
...
006 (8581712.000.000) 11/24 20:23:00 Image size of job updated: 192200
	0  -  MemoryUsage of job (MB)
	0  -  ResidentSetSize of job (KB)
...
005 (8581712.000.000) 11/24 20:23:00 Job terminated.
	(1) Normal termination (return value 0)
		Usr 0 00:00:00, Sys 0 00:00:00  -  Run Remote Usage
		Usr 0 00:00:00, Sys 0 00:00:00  -  Run Local Usage
		Usr 0 00:00:00, Sys 0 00:00:00  -  Total Remote Usage
		Usr 0 00:00:00, Sys 0 00:00:00  -  Total Local Usage
	0  -  Run Bytes Sent By Job
	0  -  Run Bytes Received By Job
	0  -  Total Bytes Sent By Job
	0  -  Total Bytes Received By Job
	Partitionable Resources :    Usage  Request Allocated
	   Cpus                 :                 1         1
	   Disk (KB)            :        1        1  16725483
	   Memory (MB)          :        0        1      4023
...
000 (8581768.000.000) 11/24 20:31:09 Job submitted from host: <10.10.48.31:12542?addrs=10.10.48.31-12542>
...
001 (8581768.000.000) 11/24 20:31:30 Job executing on host: <10.10.48.141:50603?addrs=10.10.48.141-50603>
...
006 (8581768.000.000) 11/24 20:31:39 Image size of job updated: 181232
	31  -  MemoryUsage of job (MB)
	31212  -  ResidentSetSize of job (KB)
...
006 (8581768.000.000) 11/24 20:32:03 Image size of job updated: 201716
	31  -  MemoryUsage of job (MB)
	31212  -  ResidentSetSize of job (KB)
...
005 (8581768.000.000) 11/24 20:32:03 Job terminated.
	(1) Normal termination (return value 0)
		Usr 0 00:00:16, Sys 0 00:00:00  -  Run Remote Usage
		Usr 0 00:00:00, Sys 0 00:00:00  -  Run Local Usage
		Usr 0 00:00:16, Sys 0 00:00:00  -  Total Remote Usage
		Usr 0 00:00:00, Sys 0 00:00:00  -  Total Local Usage
	0  -  Run Bytes Sent By Job
	0  -  Run Bytes Received By Job
	0  -  Total Bytes Sent By Job
	0  -  Total Bytes Received By Job
	Partitionable Resources :    Usage  Request Allocated
	   Cpus                 :                 1         1
	   Disk (KB)            :        1        1  13376535
	   Memory (MB)          :       31        1      6441
...
000 (8739427.000.000) 11/29 19:23:02 Job submitted from host: <10.10.48.31:12542?addrs=10.10.48.31-12542>
...
001 (8739427.000.000) 11/29 19:23:22 Job executing on host: <10.10.48.139:49429?addrs=10.10.48.139-49429>
...
006 (8739427.000.000) 11/29 19:23:30 Image size of job updated: 183232
	32  -  MemoryUsage of job (MB)
	32428  -  ResidentSetSize of job (KB)
...
006 (8739427.000.000) 11/29 19:23:36 Image size of job updated: 202900
	32  -  MemoryUsage of job (MB)
	32428  -  ResidentSetSize of job (KB)
...
005 (8739427.000.000) 11/29 19:23:36 Job terminated.
	(1) Normal termination (return value 0)
		Usr 0 00:00:05, Sys 0 00:00:00  -  Run Remote Usage
		Usr 0 00:00:00, Sys 0 00:00:00  -  Run Local Usage
		Usr 0 00:00:05, Sys 0 00:00:00  -  Total Remote Usage
		Usr 0 00:00:00, Sys 0 00:00:00  -  Total Local Usage
	0  -  Run Bytes Sent By Job
	0  -  Run Bytes Received By Job
	0  -  Total Bytes Sent By Job
	0  -  Total Bytes Received By Job
	Partitionable Resources :    Usage  Request Allocated
	   Cpus                 :                 1         1
	   Disk (KB)            :        1        1  13385409
	   Memory (MB)          :       32        1      6441
...
000 (8739578.000.000) 11/29 19:34:20 Job submitted from host: <10.10.48.31:12542?addrs=10.10.48.31-12542>
...
001 (8739578.000.000) 11/29 19:34:29 Job executing on host: <10.10.48.139:49429?addrs=10.10.48.139-49429>
...
006 (8739578.000.000) 11/29 19:34:37 Image size of job updated: 183392
	34  -  MemoryUsage of job (MB)
	34084  -  ResidentSetSize of job (KB)
...
006 (8739578.000.000) 11/29 19:35:05 Image size of job updated: 203076
	34  -  MemoryUsage of job (MB)
	34084  -  ResidentSetSize of job (KB)
...
005 (8739578.000.000) 11/29 19:35:05 Job terminated.
	(1) Normal termination (return value 0)
		Usr 0 00:00:12, Sys 0 00:00:00  -  Run Remote Usage
		Usr 0 00:00:00, Sys 0 00:00:00  -  Run Local Usage
		Usr 0 00:00:12, Sys 0 00:00:00  -  Total Remote Usage
		Usr 0 00:00:00, Sys 0 00:00:00  -  Total Local Usage
	0  -  Run Bytes Sent By Job
	0  -  Run Bytes Received By Job
	0  -  Total Bytes Sent By Job
	0  -  Total Bytes Received By Job
	Partitionable Resources :    Usage  Request Allocated
	   Cpus                 :                 1         1
	   Disk (KB)            :        1        1  13385373
	   Memory (MB)          :       34        1      6441
...
000 (8740402.000.000) 11/29 20:51:05 Job submitted from host: <10.10.48.31:12542?addrs=10.10.48.31-12542>
...
001 (8740402.000.000) 11/29 20:51:24 Job executing on host: <10.10.48.35:61041?addrs=10.10.48.35-61041>
...
006 (8740402.000.000) 11/29 20:51:32 Image size of job updated: 202908
	42  -  MemoryUsage of job (MB)
	42420  -  ResidentSetSize of job (KB)
...
005 (8740402.000.000) 11/29 20:51:38 Job terminated.
	(1) Normal termination (return value 0)
		Usr 0 00:00:02, Sys 0 00:00:00  -  Run Remote Usage
		Usr 0 00:00:00, Sys 0 00:00:00  -  Run Local Usage
		Usr 0 00:00:02, Sys 0 00:00:00  -  Total Remote Usage
		Usr 0 00:00:00, Sys 0 00:00:00  -  Total Local Usage
	0  -  Run Bytes Sent By Job
	0  -  Run Bytes Received By Job
	0  -  Total Bytes Sent By Job
	0  -  Total Bytes Received By Job
	Partitionable Resources :    Usage  Request Allocated
	   Cpus                 :                 1         1
	   Disk (KB)            :        1        1  16724909
	   Memory (MB)          :       42        1      4023
...
000 (8740501.000.000) 11/29 20:52:28 Job submitted from host: <10.10.48.31:12542?addrs=10.10.48.31-12542>
...
001 (8740501.000.000) 11/29 20:52:48 Job executing on host: <10.10.48.145:26377?addrs=10.10.48.145-26377>
...
006 (8740501.000.000) 11/29 20:52:56 Image size of job updated: 183388
	33  -  MemoryUsage of job (MB)
	33628  -  ResidentSetSize of job (KB)
...
006 (8740501.000.000) 11/29 20:53:30 Image size of job updated: 202884
	33  -  MemoryUsage of job (MB)
	33628  -  ResidentSetSize of job (KB)
...
005 (8740501.000.000) 11/29 20:53:30 Job terminated.
	(1) Normal termination (return value 0)
		Usr 0 00:00:12, Sys 0 00:00:00  -  Run Remote Usage
		Usr 0 00:00:00, Sys 0 00:00:00  -  Run Local Usage
		Usr 0 00:00:12, Sys 0 00:00:00  -  Total Remote Usage
		Usr 0 00:00:00, Sys 0 00:00:00  -  Total Local Usage
	0  -  Run Bytes Sent By Job
	0  -  Run Bytes Received By Job
	0  -  Total Bytes Sent By Job
	0  -  Total Bytes Received By Job
	Partitionable Resources :    Usage  Request Allocated
	   Cpus                 :                 1         1
	   Disk (KB)            :        1        1  13384155
	   Memory (MB)          :       33        1      6441
...
