
Processing BiPo_coin.C(24841)...
totalEvents: 298361
0%
3.35164%
3.31068%
4.96602%
6.62135%
8.27669%
9.93203%
11.5874%
13.2427%
14.898%
16.5534%
18.2087%
19.8641%
21.5194%
23.1747%
24.8301%
6.70329%
10.0549%
13.4066%
31.4514%
20.1099%
23.4615%
26.8132%
38.0728%
33.5164%
36.8681%
40.2197%
44.6941%
46.3495%50.2747%
53.6263%
56.978%
%
52.9708%
54.6262%
63.6812%
57.9369%
59.5922%
61.2475%
62.9029%
64.5582%
77.0878%
80.4395%
69.5242%
71.1796%
72.8349%
74.4902%
76.1456%
77.8009%
79.4563%
81.1116%
82.7669%
84.4223%
86.0776%
87.7329%
89.3883%
91.0436%
92.699%
94.3543%
96.0096%
97.665%
99.3203%
100%
