000 (8513164.000.000) 11/20 20:04:44 Job submitted from host: <10.10.48.31:12542?addrs=10.10.48.31-12542>
...
001 (8513164.000.000) 11/20 20:04:52 Job executing on host: <10.10.48.145:26377?addrs=10.10.48.145-26377>
...
006 (8513164.000.000) 11/20 20:04:52 Image size of job updated: 175492
	0  -  MemoryUsage of job (MB)
	0  -  ResidentSetSize of job (KB)
...
005 (8513164.000.000) 11/20 20:04:54 Job terminated.
	(1) Normal termination (return value 1)
		Usr 0 00:00:00, Sys 0 00:00:00  -  Run Remote Usage
		Usr 0 00:00:00, Sys 0 00:00:00  -  Run Local Usage
		Usr 0 00:00:00, Sys 0 00:00:00  -  Total Remote Usage
		Usr 0 00:00:00, Sys 0 00:00:00  -  Total Local Usage
	0  -  Run Bytes Sent By Job
	0  -  Run Bytes Received By Job
	0  -  Total Bytes Sent By Job
	0  -  Total Bytes Received By Job
	Partitionable Resources :    Usage  Request Allocated
	   Cpus                 :                 1         1
	   Disk (KB)            :        1        1  13235308
	   Memory (MB)          :        0        1      6441
...
000 (8513230.000.000) 11/20 20:06:20 Job submitted from host: <10.10.48.31:12542?addrs=10.10.48.31-12542>
...
001 (8513230.000.000) 11/20 20:06:33 Job executing on host: <10.10.48.145:26377?addrs=10.10.48.145-26377>
...
006 (8513230.000.000) 11/20 20:06:42 Image size of job updated: 263464
	97  -  MemoryUsage of job (MB)
	99320  -  ResidentSetSize of job (KB)
...
006 (8513230.000.000) 11/20 20:07:22 Image size of job updated: 263980
	97  -  MemoryUsage of job (MB)
	99320  -  ResidentSetSize of job (KB)
...
005 (8513230.000.000) 11/20 20:07:22 Job terminated.
	(1) Normal termination (return value 0)
		Usr 0 00:00:29, Sys 0 00:00:00  -  Run Remote Usage
		Usr 0 00:00:00, Sys 0 00:00:00  -  Run Local Usage
		Usr 0 00:00:29, Sys 0 00:00:00  -  Total Remote Usage
		Usr 0 00:00:00, Sys 0 00:00:00  -  Total Local Usage
	0  -  Run Bytes Sent By Job
	0  -  Run Bytes Received By Job
	0  -  Total Bytes Sent By Job
	0  -  Total Bytes Received By Job
	Partitionable Resources :    Usage  Request Allocated
	   Cpus                 :                 1         1
	   Disk (KB)            :        1        1  13167248
	   Memory (MB)          :       97        1      6441
...
000 (8568188.000.000) 11/23 10:24:49 Job submitted from host: <10.10.48.31:12542?addrs=10.10.48.31-12542>
...
001 (8568188.000.000) 11/23 10:24:54 Job executing on host: <10.10.48.141:50603?addrs=10.10.48.141-50603>
...
006 (8568188.000.000) 11/23 10:24:54 Image size of job updated: 190952
	0  -  MemoryUsage of job (MB)
	0  -  ResidentSetSize of job (KB)
...
005 (8568188.000.000) 11/23 10:24:55 Job terminated.
	(1) Normal termination (return value 0)
		Usr 0 00:00:00, Sys 0 00:00:00  -  Run Remote Usage
		Usr 0 00:00:00, Sys 0 00:00:00  -  Run Local Usage
		Usr 0 00:00:00, Sys 0 00:00:00  -  Total Remote Usage
		Usr 0 00:00:00, Sys 0 00:00:00  -  Total Local Usage
	0  -  Run Bytes Sent By Job
	0  -  Run Bytes Received By Job
	0  -  Total Bytes Sent By Job
	0  -  Total Bytes Received By Job
	Partitionable Resources :    Usage  Request Allocated
	   Cpus                 :                 1         1
	   Disk (KB)            :        1        1  13376040
	   Memory (MB)          :        0        1      6441
...
000 (8569036.000.000) 11/23 10:45:26 Job submitted from host: <10.10.48.31:12542?addrs=10.10.48.31-12542>
...
001 (8569036.000.000) 11/23 10:45:37 Job executing on host: <10.10.48.141:50603?addrs=10.10.48.141-50603>
...
006 (8569036.000.000) 11/23 10:45:46 Image size of job updated: 263472
	99  -  MemoryUsage of job (MB)
	100384  -  ResidentSetSize of job (KB)
...
006 (8569036.000.000) 11/23 10:46:33 Image size of job updated: 263976
	99  -  MemoryUsage of job (MB)
	100384  -  ResidentSetSize of job (KB)
...
005 (8569036.000.000) 11/23 10:46:33 Job terminated.
	(1) Normal termination (return value 0)
		Usr 0 00:00:31, Sys 0 00:00:00  -  Run Remote Usage
		Usr 0 00:00:00, Sys 0 00:00:00  -  Run Local Usage
		Usr 0 00:00:31, Sys 0 00:00:00  -  Total Remote Usage
		Usr 0 00:00:00, Sys 0 00:00:00  -  Total Local Usage
	0  -  Run Bytes Sent By Job
	0  -  Run Bytes Received By Job
	0  -  Total Bytes Sent By Job
	0  -  Total Bytes Received By Job
	Partitionable Resources :    Usage  Request Allocated
	   Cpus                 :                 1         1
	   Disk (KB)            :        1        1  13376467
	   Memory (MB)          :       99        1      6441
...
000 (8569590.000.000) 11/23 10:57:34 Job submitted from host: <10.10.48.31:12542?addrs=10.10.48.31-12542>
...
001 (8569590.000.000) 11/23 10:57:52 Job executing on host: <10.10.48.146:58220?addrs=10.10.48.146-58220>
...
006 (8569590.000.000) 11/23 10:58:01 Image size of job updated: 263524
	98  -  MemoryUsage of job (MB)
	99480  -  ResidentSetSize of job (KB)
...
006 (8569590.000.000) 11/23 10:58:17 Image size of job updated: 264252
	98  -  MemoryUsage of job (MB)
	99480  -  ResidentSetSize of job (KB)
...
005 (8569590.000.000) 11/23 10:58:17 Job terminated.
	(1) Normal termination (return value 0)
		Usr 0 00:00:16, Sys 0 00:00:00  -  Run Remote Usage
		Usr 0 00:00:00, Sys 0 00:00:00  -  Run Local Usage
		Usr 0 00:00:16, Sys 0 00:00:00  -  Total Remote Usage
		Usr 0 00:00:00, Sys 0 00:00:00  -  Total Local Usage
	0  -  Run Bytes Sent By Job
	0  -  Run Bytes Received By Job
	0  -  Total Bytes Sent By Job
	0  -  Total Bytes Received By Job
	Partitionable Resources :    Usage  Request Allocated
	   Cpus                 :                 1         1
	   Disk (KB)            :        1        1  13348070
	   Memory (MB)          :       98        1      6441
...
000 (8577541.000.000) 11/23 15:06:31 Job submitted from host: <10.10.48.31:12542?addrs=10.10.48.31-12542>
...
001 (8577541.000.000) 11/23 15:06:33 Job executing on host: <10.10.48.41:20766?addrs=10.10.48.41-20766>
...
006 (8577541.000.000) 11/23 15:06:41 Image size of job updated: 263688
	99  -  MemoryUsage of job (MB)
	101100  -  ResidentSetSize of job (KB)
...
006 (8577541.000.000) 11/23 15:06:58 Image size of job updated: 263984
	99  -  MemoryUsage of job (MB)
	101100  -  ResidentSetSize of job (KB)
...
005 (8577541.000.000) 11/23 15:06:58 Job terminated.
	(1) Normal termination (return value 0)
		Usr 0 00:00:14, Sys 0 00:00:00  -  Run Remote Usage
		Usr 0 00:00:00, Sys 0 00:00:00  -  Run Local Usage
		Usr 0 00:00:14, Sys 0 00:00:00  -  Total Remote Usage
		Usr 0 00:00:00, Sys 0 00:00:00  -  Total Local Usage
	0  -  Run Bytes Sent By Job
	0  -  Run Bytes Received By Job
	0  -  Total Bytes Sent By Job
	0  -  Total Bytes Received By Job
	Partitionable Resources :    Usage  Request Allocated
	   Cpus                 :                 1         1
	   Disk (KB)            :        1        1  16724555
	   Memory (MB)          :       99        1      4023
...
000 (8580144.000.000) 11/23 17:22:37 Job submitted from host: <10.10.48.31:12542?addrs=10.10.48.31-12542>
...
001 (8580144.000.000) 11/23 17:22:41 Job executing on host: <10.10.48.41:20766?addrs=10.10.48.41-20766>
...
006 (8580144.000.000) 11/23 17:22:41 Image size of job updated: 177168
	0  -  MemoryUsage of job (MB)
	0  -  ResidentSetSize of job (KB)
...
005 (8580144.000.000) 11/23 17:22:41 Job terminated.
	(1) Normal termination (return value 0)
		Usr 0 00:00:00, Sys 0 00:00:00  -  Run Remote Usage
		Usr 0 00:00:00, Sys 0 00:00:00  -  Run Local Usage
		Usr 0 00:00:00, Sys 0 00:00:00  -  Total Remote Usage
		Usr 0 00:00:00, Sys 0 00:00:00  -  Total Local Usage
	0  -  Run Bytes Sent By Job
	0  -  Run Bytes Received By Job
	0  -  Total Bytes Sent By Job
	0  -  Total Bytes Received By Job
	Partitionable Resources :    Usage  Request Allocated
	   Cpus                 :                 1         1
	   Disk (KB)            :        1        1  16725821
	   Memory (MB)          :        0        1      4023
...
000 (8580298.000.000) 11/24 10:20:56 Job submitted from host: <10.10.48.31:12542?addrs=10.10.48.31-12542>
...
001 (8580298.000.000) 11/24 10:21:16 Job executing on host: <10.10.48.141:50603?addrs=10.10.48.141-50603>
...
006 (8580298.000.000) 11/24 10:21:24 Image size of job updated: 257084
	52  -  MemoryUsage of job (MB)
	52808  -  ResidentSetSize of job (KB)
...
006 (8580298.000.000) 11/24 10:22:37 Image size of job updated: 265148
	52  -  MemoryUsage of job (MB)
	52808  -  ResidentSetSize of job (KB)
...
005 (8580298.000.000) 11/24 10:22:37 Job terminated.
	(1) Normal termination (return value 0)
		Usr 0 00:01:16, Sys 0 00:00:02  -  Run Remote Usage
		Usr 0 00:00:00, Sys 0 00:00:00  -  Run Local Usage
		Usr 0 00:01:16, Sys 0 00:00:02  -  Total Remote Usage
		Usr 0 00:00:00, Sys 0 00:00:00  -  Total Local Usage
	0  -  Run Bytes Sent By Job
	0  -  Run Bytes Received By Job
	0  -  Total Bytes Sent By Job
	0  -  Total Bytes Received By Job
	Partitionable Resources :    Usage  Request Allocated
	   Cpus                 :                 1         1
	   Disk (KB)            :        1        1  13376787
	   Memory (MB)          :       52        1      6441
...
000 (8581721.000.000) 11/24 20:22:56 Job submitted from host: <10.10.48.31:12542?addrs=10.10.48.31-12542>
...
001 (8581721.000.000) 11/24 20:23:02 Job executing on host: <10.10.48.41:20766?addrs=10.10.48.41-20766>
...
006 (8581721.000.000) 11/24 20:23:03 Image size of job updated: 192020
	0  -  MemoryUsage of job (MB)
	0  -  ResidentSetSize of job (KB)
...
005 (8581721.000.000) 11/24 20:23:03 Job terminated.
	(1) Normal termination (return value 0)
		Usr 0 00:00:00, Sys 0 00:00:00  -  Run Remote Usage
		Usr 0 00:00:00, Sys 0 00:00:00  -  Run Local Usage
		Usr 0 00:00:00, Sys 0 00:00:00  -  Total Remote Usage
		Usr 0 00:00:00, Sys 0 00:00:00  -  Total Local Usage
	0  -  Run Bytes Sent By Job
	0  -  Run Bytes Received By Job
	0  -  Total Bytes Sent By Job
	0  -  Total Bytes Received By Job
	Partitionable Resources :    Usage  Request Allocated
	   Cpus                 :                 1         1
	   Disk (KB)            :        1        1  16725483
	   Memory (MB)          :        0        1      4023
...
000 (8581777.000.000) 11/24 20:31:10 Job submitted from host: <10.10.48.31:12542?addrs=10.10.48.31-12542>
...
001 (8581777.000.000) 11/24 20:31:29 Job executing on host: <10.10.48.35:61041?addrs=10.10.48.35-61041>
...
006 (8581777.000.000) 11/24 20:31:38 Image size of job updated: 183540
	34  -  MemoryUsage of job (MB)
	34032  -  ResidentSetSize of job (KB)
...
006 (8581777.000.000) 11/24 20:36:38 Image size of job updated: 201984
	43  -  MemoryUsage of job (MB)
	43580  -  ResidentSetSize of job (KB)
...
006 (8581777.000.000) 11/24 20:38:51 Image size of job updated: 201996
	43  -  MemoryUsage of job (MB)
	43580  -  ResidentSetSize of job (KB)
...
005 (8581777.000.000) 11/24 20:38:51 Job terminated.
	(1) Normal termination (return value 0)
		Usr 0 00:04:51, Sys 0 00:00:06  -  Run Remote Usage
		Usr 0 00:00:00, Sys 0 00:00:00  -  Run Local Usage
		Usr 0 00:04:51, Sys 0 00:00:06  -  Total Remote Usage
		Usr 0 00:00:00, Sys 0 00:00:00  -  Total Local Usage
	0  -  Run Bytes Sent By Job
	0  -  Run Bytes Received By Job
	0  -  Total Bytes Sent By Job
	0  -  Total Bytes Received By Job
	Partitionable Resources :    Usage  Request Allocated
	   Cpus                 :                 1         1
	   Disk (KB)            :        1        1  16722873
	   Memory (MB)          :       43        1      4023
...
000 (8739436.000.000) 11/29 19:23:03 Job submitted from host: <10.10.48.31:12542?addrs=10.10.48.31-12542>
...
001 (8739436.000.000) 11/29 19:23:23 Job executing on host: <10.10.48.139:49429?addrs=10.10.48.139-49429>
...
006 (8739436.000.000) 11/29 19:23:32 Image size of job updated: 180380
	29  -  MemoryUsage of job (MB)
	29052  -  ResidentSetSize of job (KB)
...
006 (8739436.000.000) 11/29 19:28:33 Image size of job updated: 203236
	43  -  MemoryUsage of job (MB)
	43868  -  ResidentSetSize of job (KB)
...
006 (8739436.000.000) 11/29 19:32:59 Image size of job updated: 203244
	43  -  MemoryUsage of job (MB)
	43868  -  ResidentSetSize of job (KB)
...
005 (8739436.000.000) 11/29 19:32:59 Job terminated.
	(1) Normal termination (return value 0)
		Usr 0 00:04:41, Sys 0 00:00:06  -  Run Remote Usage
		Usr 0 00:00:00, Sys 0 00:00:00  -  Run Local Usage
		Usr 0 00:04:41, Sys 0 00:00:06  -  Total Remote Usage
		Usr 0 00:00:00, Sys 0 00:00:00  -  Total Local Usage
	0  -  Run Bytes Sent By Job
	0  -  Run Bytes Received By Job
	0  -  Total Bytes Sent By Job
	0  -  Total Bytes Received By Job
	Partitionable Resources :    Usage  Request Allocated
	   Cpus                 :                 1         1
	   Disk (KB)            :        1        1  13385409
	   Memory (MB)          :       43        1      6441
...
000 (8739587.000.000) 11/29 19:34:21 Job submitted from host: <10.10.48.31:12542?addrs=10.10.48.31-12542>
...
001 (8739587.000.000) 11/29 19:34:30 Job executing on host: <10.10.48.139:49429?addrs=10.10.48.139-49429>
...
006 (8739587.000.000) 11/29 19:34:39 Image size of job updated: 180380
	30  -  MemoryUsage of job (MB)
	30428  -  ResidentSetSize of job (KB)
...
006 (8739587.000.000) 11/29 19:39:40 Image size of job updated: 203352
	44  -  MemoryUsage of job (MB)
	44396  -  ResidentSetSize of job (KB)
...
005 (8739587.000.000) 11/29 19:44:34 Job terminated.
	(1) Normal termination (return value 0)
		Usr 0 00:03:31, Sys 0 00:00:05  -  Run Remote Usage
		Usr 0 00:00:00, Sys 0 00:00:00  -  Run Local Usage
		Usr 0 00:03:31, Sys 0 00:00:05  -  Total Remote Usage
		Usr 0 00:00:00, Sys 0 00:00:00  -  Total Local Usage
	0  -  Run Bytes Sent By Job
	0  -  Run Bytes Received By Job
	0  -  Total Bytes Sent By Job
	0  -  Total Bytes Received By Job
	Partitionable Resources :    Usage  Request Allocated
	   Cpus                 :                 1         1
	   Disk (KB)            :        1        1  13385376
	   Memory (MB)          :       44        1      6441
...
000 (8740411.000.000) 11/29 20:51:06 Job submitted from host: <10.10.48.31:12542?addrs=10.10.48.31-12542>
...
001 (8740411.000.000) 11/29 20:51:26 Job executing on host: <10.10.48.35:61041?addrs=10.10.48.35-61041>
...
006 (8740411.000.000) 11/29 20:51:34 Image size of job updated: 183464
	34  -  MemoryUsage of job (MB)
	34216  -  ResidentSetSize of job (KB)
...
000 (8740510.000.000) 11/29 20:52:28 Job submitted from host: <10.10.48.31:12542?addrs=10.10.48.31-12542>
...
001 (8740510.000.000) 11/29 20:52:49 Job executing on host: <10.10.48.145:26377?addrs=10.10.48.145-26377>
...
006 (8740510.000.000) 11/29 20:52:58 Image size of job updated: 183512
	34  -  MemoryUsage of job (MB)
	34020  -  ResidentSetSize of job (KB)
...
006 (8740411.000.000) 11/29 20:56:34 Image size of job updated: 203172
	44  -  MemoryUsage of job (MB)
	44780  -  ResidentSetSize of job (KB)
...
006 (8740510.000.000) 11/29 20:57:59 Image size of job updated: 203268
	43  -  MemoryUsage of job (MB)
	43900  -  ResidentSetSize of job (KB)
...
006 (8740411.000.000) 11/29 21:01:34 Image size of job updated: 203320
	45  -  MemoryUsage of job (MB)
	45100  -  ResidentSetSize of job (KB)
...
005 (8740510.000.000) 11/29 21:01:59 Job terminated.
	(1) Normal termination (return value 0)
		Usr 0 00:03:18, Sys 0 00:00:04  -  Run Remote Usage
		Usr 0 00:00:00, Sys 0 00:00:00  -  Run Local Usage
		Usr 0 00:03:18, Sys 0 00:00:04  -  Total Remote Usage
		Usr 0 00:00:00, Sys 0 00:00:00  -  Total Local Usage
	0  -  Run Bytes Sent By Job
	0  -  Run Bytes Received By Job
	0  -  Total Bytes Sent By Job
	0  -  Total Bytes Received By Job
	Partitionable Resources :    Usage  Request Allocated
	   Cpus                 :                 1         1
	   Disk (KB)            :        1        1  13384155
	   Memory (MB)          :       43        1      6441
...
006 (8740411.000.000) 11/29 21:04:58 Image size of job updated: 203328
	45  -  MemoryUsage of job (MB)
	45100  -  ResidentSetSize of job (KB)
...
005 (8740411.000.000) 11/29 21:04:58 Job terminated.
	(1) Normal termination (return value 0)
		Usr 0 00:04:38, Sys 0 00:00:07  -  Run Remote Usage
		Usr 0 00:00:00, Sys 0 00:00:00  -  Run Local Usage
		Usr 0 00:04:38, Sys 0 00:00:07  -  Total Remote Usage
		Usr 0 00:00:00, Sys 0 00:00:00  -  Total Local Usage
	0  -  Run Bytes Sent By Job
	0  -  Run Bytes Received By Job
	0  -  Total Bytes Sent By Job
	0  -  Total Bytes Received By Job
	Partitionable Resources :    Usage  Request Allocated
	   Cpus                 :                 1         1
	   Disk (KB)            :        1        1  16724909
	   Memory (MB)          :       45        1      4023
...
