
Processing BiPo_coin.C(24861)...
1.81851%
2.72777%
3.63702%
4.54628%
5.45554%
6.36479%
7.27405%
8.18331%
9.09256%
10.0018%
10.9111%
11.8203%
totalEvents: 1695744
0%
0.589712%
1.16.3666%
76913%
2.35885%
2.94856%
19.0944%
20.0036%
20.9129%
4.12798%
4.71769%
5.3074%
524.5499%
25.4592%
26.3684%7.66625%
8.25596%
829.0962%
30.0055%
0.0251%
10.6148%
11.2045%
11.7942%
12.3839%
12.9737%33.6425%
34.5517%
314.7428%
15.3325%
15.9222%
16.511939.098%
40.17.6913%
18.2811%
18.8708%
19.4643.6443%
44.520.6399%
21.2296%
21.8193%
22.409%
22.9988%
0998%
50.0091%
50.9183%
24.7679%
25.3576%
25.9473%
26.537%
27.1267%
256.3739%
57.2831%28.8959%
29.4856%
30.0753%
30.665%
31.2547%
31.8444%
%
63.6479%
64.5572%
33.6136%
34.2033%
34.793%
35.3827%
35.9724%
36.5621%
70.922%
737.7415%
38.3313%
38.921%
39.5107%
40.1004%
40.6901%
7.2868%
78.196%
741.8695%
42.4592%
43.049%
43.6387%
44.2284%
44.8181%
45.4078%
85.4701%
86.3793%
87.2886%
47.7666%
48.3564%
48.9461%
49.5358%
50.1255%
92.7441%
93.6534%
94.5626%
95.4719%
52.4843%
53.074%
53.6638%
54.2535%
54.8432%
55.4329%
56.0226%
56.6123%
57.202%
57.7917%
58.3815%
58.9712%
59.5609%
60.1506%
60.7403%
61.33%
61.9197%
62.5094%
63.0991%
63.6889%
64.2786%
64.8683%
65.458%
66.0477%
66.6374%
67.2271%
67.8168%
68.4066%
68.9963%
69.586%
70.1757%
70.7654%
71.3551%
71.9448%
72.5345%
73.1242%
73.714%
74.3037%
74.8934%
75.4831%
76.0728%
76.6625%
77.2522%
77.8419%
78.4317%
79.0214%
79.6111%
80.2008%
80.7905%
81.3802%
81.9699%
82.5596%
83.1493%
83.7391%
84.3288%
84.9185%
85.5082%
86.0979%
86.6876%
87.2773%
87.867%
88.4567%
89.0465%
89.6362%
90.2259%
90.8156%
91.4053%
91.995%
92.5847%
93.1744%
93.7642%
94.3539%
94.9436%
95.5333%
96.123%
96.7127%
97.3024%
97.8921%
98.4818%
99.0716%
99.6613%
100%
