000 (8513176.000.000) 11/20 20:04:45 Job submitted from host: <10.10.48.31:12542?addrs=10.10.48.31-12542>
...
001 (8513176.000.000) 11/20 20:04:54 Job executing on host: <10.10.48.145:26377?addrs=10.10.48.145-26377>
...
006 (8513176.000.000) 11/20 20:04:54 Image size of job updated: 167744
	0  -  MemoryUsage of job (MB)
	0  -  ResidentSetSize of job (KB)
...
005 (8513176.000.000) 11/20 20:04:54 Job terminated.
	(1) Normal termination (return value 1)
		Usr 0 00:00:00, Sys 0 00:00:00  -  Run Remote Usage
		Usr 0 00:00:00, Sys 0 00:00:00  -  Run Local Usage
		Usr 0 00:00:00, Sys 0 00:00:00  -  Total Remote Usage
		Usr 0 00:00:00, Sys 0 00:00:00  -  Total Local Usage
	0  -  Run Bytes Sent By Job
	0  -  Run Bytes Received By Job
	0  -  Total Bytes Sent By Job
	0  -  Total Bytes Received By Job
	Partitionable Resources :    Usage  Request Allocated
	   Cpus                 :                 1         1
	   Disk (KB)            :        1        1  13235308
	   Memory (MB)          :        0        1      6441
...
000 (8513243.000.000) 11/20 20:06:20 Job submitted from host: <10.10.48.31:12542?addrs=10.10.48.31-12542>
...
001 (8513243.000.000) 11/20 20:06:35 Job executing on host: <10.10.48.145:26377?addrs=10.10.48.145-26377>
...
006 (8513243.000.000) 11/20 20:06:43 Image size of job updated: 123332
	21  -  MemoryUsage of job (MB)
	20652  -  ResidentSetSize of job (KB)
...
006 (8513243.000.000) 11/20 20:07:23 Image size of job updated: 262204
	21  -  MemoryUsage of job (MB)
	20652  -  ResidentSetSize of job (KB)
...
005 (8513243.000.000) 11/20 20:07:23 Job terminated.
	(1) Normal termination (return value 0)
		Usr 0 00:00:23, Sys 0 00:00:00  -  Run Remote Usage
		Usr 0 00:00:00, Sys 0 00:00:00  -  Run Local Usage
		Usr 0 00:00:23, Sys 0 00:00:00  -  Total Remote Usage
		Usr 0 00:00:00, Sys 0 00:00:00  -  Total Local Usage
	0  -  Run Bytes Sent By Job
	0  -  Run Bytes Received By Job
	0  -  Total Bytes Sent By Job
	0  -  Total Bytes Received By Job
	Partitionable Resources :    Usage  Request Allocated
	   Cpus                 :                 1         1
	   Disk (KB)            :        1        1  13167248
	   Memory (MB)          :       21        1      6441
...
000 (8568200.000.000) 11/23 10:24:53 Job submitted from host: <10.10.48.31:12542?addrs=10.10.48.31-12542>
...
001 (8568200.000.000) 11/23 10:24:56 Job executing on host: <10.10.48.146:58220?addrs=10.10.48.146-58220>
...
006 (8568200.000.000) 11/23 10:24:57 Image size of job updated: 192144
	0  -  MemoryUsage of job (MB)
	0  -  ResidentSetSize of job (KB)
...
005 (8568200.000.000) 11/23 10:24:57 Job terminated.
	(1) Normal termination (return value 0)
		Usr 0 00:00:00, Sys 0 00:00:00  -  Run Remote Usage
		Usr 0 00:00:00, Sys 0 00:00:00  -  Run Local Usage
		Usr 0 00:00:00, Sys 0 00:00:00  -  Total Remote Usage
		Usr 0 00:00:00, Sys 0 00:00:00  -  Total Local Usage
	0  -  Run Bytes Sent By Job
	0  -  Run Bytes Received By Job
	0  -  Total Bytes Sent By Job
	0  -  Total Bytes Received By Job
	Partitionable Resources :    Usage  Request Allocated
	   Cpus                 :                 1         1
	   Disk (KB)            :        1        1  13348234
	   Memory (MB)          :        0        1      6441
...
000 (8569048.000.000) 11/23 10:45:28 Job submitted from host: <10.10.48.31:12542?addrs=10.10.48.31-12542>
...
001 (8569048.000.000) 11/23 10:45:39 Job executing on host: <10.10.48.141:50603?addrs=10.10.48.141-50603>
...
006 (8569048.000.000) 11/23 10:45:48 Image size of job updated: 202672
	40  -  MemoryUsage of job (MB)
	40188  -  ResidentSetSize of job (KB)
...
006 (8569048.000.000) 11/23 10:46:28 Image size of job updated: 261992
	40  -  MemoryUsage of job (MB)
	40188  -  ResidentSetSize of job (KB)
...
005 (8569048.000.000) 11/23 10:46:28 Job terminated.
	(1) Normal termination (return value 0)
		Usr 0 00:00:22, Sys 0 00:00:00  -  Run Remote Usage
		Usr 0 00:00:00, Sys 0 00:00:00  -  Run Local Usage
		Usr 0 00:00:22, Sys 0 00:00:00  -  Total Remote Usage
		Usr 0 00:00:00, Sys 0 00:00:00  -  Total Local Usage
	0  -  Run Bytes Sent By Job
	0  -  Run Bytes Received By Job
	0  -  Total Bytes Sent By Job
	0  -  Total Bytes Received By Job
	Partitionable Resources :    Usage  Request Allocated
	   Cpus                 :                 1         1
	   Disk (KB)            :        1        1  13376467
	   Memory (MB)          :       40        1      6441
...
000 (8569602.000.000) 11/23 10:57:35 Job submitted from host: <10.10.48.31:12542?addrs=10.10.48.31-12542>
...
001 (8569602.000.000) 11/23 10:57:51 Job executing on host: <10.10.48.141:50603?addrs=10.10.48.141-50603>
...
006 (8569602.000.000) 11/23 10:58:00 Image size of job updated: 262020
	96  -  MemoryUsage of job (MB)
	97932  -  ResidentSetSize of job (KB)
...
005 (8569602.000.000) 11/23 10:58:13 Job terminated.
	(1) Normal termination (return value 0)
		Usr 0 00:00:18, Sys 0 00:00:00  -  Run Remote Usage
		Usr 0 00:00:00, Sys 0 00:00:00  -  Run Local Usage
		Usr 0 00:00:18, Sys 0 00:00:00  -  Total Remote Usage
		Usr 0 00:00:00, Sys 0 00:00:00  -  Total Local Usage
	0  -  Run Bytes Sent By Job
	0  -  Run Bytes Received By Job
	0  -  Total Bytes Sent By Job
	0  -  Total Bytes Received By Job
	Partitionable Resources :    Usage  Request Allocated
	   Cpus                 :                 1         1
	   Disk (KB)            :        1        1  13376426
	   Memory (MB)          :       96        1      6441
...
000 (8577553.000.000) 11/23 15:06:33 Job submitted from host: <10.10.48.31:12542?addrs=10.10.48.31-12542>
...
001 (8577553.000.000) 11/23 15:06:39 Job executing on host: <10.10.48.41:20766?addrs=10.10.48.41-20766>
...
006 (8577553.000.000) 11/23 15:06:47 Image size of job updated: 261972
	96  -  MemoryUsage of job (MB)
	97356  -  ResidentSetSize of job (KB)
...
006 (8577553.000.000) 11/23 15:06:58 Image size of job updated: 262212
	96  -  MemoryUsage of job (MB)
	97356  -  ResidentSetSize of job (KB)
...
005 (8577553.000.000) 11/23 15:06:58 Job terminated.
	(1) Normal termination (return value 0)
		Usr 0 00:00:17, Sys 0 00:00:00  -  Run Remote Usage
		Usr 0 00:00:00, Sys 0 00:00:00  -  Run Local Usage
		Usr 0 00:00:17, Sys 0 00:00:00  -  Total Remote Usage
		Usr 0 00:00:00, Sys 0 00:00:00  -  Total Local Usage
	0  -  Run Bytes Sent By Job
	0  -  Run Bytes Received By Job
	0  -  Total Bytes Sent By Job
	0  -  Total Bytes Received By Job
	Partitionable Resources :    Usage  Request Allocated
	   Cpus                 :                 1         1
	   Disk (KB)            :        1        1  16724561
	   Memory (MB)          :       96        1      4023
...
000 (8581733.000.000) 11/24 20:22:58 Job submitted from host: <10.10.48.31:12542?addrs=10.10.48.31-12542>
...
001 (8581733.000.000) 11/24 20:23:04 Job executing on host: <10.10.48.41:20766?addrs=10.10.48.41-20766>
...
006 (8581733.000.000) 11/24 20:23:04 Image size of job updated: 192160
	0  -  MemoryUsage of job (MB)
	0  -  ResidentSetSize of job (KB)
...
005 (8581733.000.000) 11/24 20:23:04 Job terminated.
	(1) Normal termination (return value 0)
		Usr 0 00:00:00, Sys 0 00:00:00  -  Run Remote Usage
		Usr 0 00:00:00, Sys 0 00:00:00  -  Run Local Usage
		Usr 0 00:00:00, Sys 0 00:00:00  -  Total Remote Usage
		Usr 0 00:00:00, Sys 0 00:00:00  -  Total Local Usage
	0  -  Run Bytes Sent By Job
	0  -  Run Bytes Received By Job
	0  -  Total Bytes Sent By Job
	0  -  Total Bytes Received By Job
	Partitionable Resources :    Usage  Request Allocated
	   Cpus                 :                 1         1
	   Disk (KB)            :        1        1  16725483
	   Memory (MB)          :        0        1      4023
...
000 (8581789.000.000) 11/24 20:31:12 Job submitted from host: <10.10.48.31:12542?addrs=10.10.48.31-12542>
...
001 (8581789.000.000) 11/24 20:31:29 Job executing on host: <10.10.48.139:49429?addrs=10.10.48.139-49429>
...
006 (8581789.000.000) 11/24 20:31:38 Image size of job updated: 201368
	41  -  MemoryUsage of job (MB)
	41708  -  ResidentSetSize of job (KB)
...
006 (8581789.000.000) 11/24 20:36:39 Image size of job updated: 201980
	42  -  MemoryUsage of job (MB)
	42144  -  ResidentSetSize of job (KB)
...
005 (8581789.000.000) 11/24 20:37:16 Job terminated.
	(1) Normal termination (return value 0)
		Usr 0 00:03:34, Sys 0 00:00:04  -  Run Remote Usage
		Usr 0 00:00:00, Sys 0 00:00:00  -  Run Local Usage
		Usr 0 00:03:34, Sys 0 00:00:04  -  Total Remote Usage
		Usr 0 00:00:00, Sys 0 00:00:00  -  Total Local Usage
	0  -  Run Bytes Sent By Job
	0  -  Run Bytes Received By Job
	0  -  Total Bytes Sent By Job
	0  -  Total Bytes Received By Job
	Partitionable Resources :    Usage  Request Allocated
	   Cpus                 :                 1         1
	   Disk (KB)            :        1        1  13382672
	   Memory (MB)          :       42        1      6441
...
000 (8739599.000.000) 11/29 19:34:22 Job submitted from host: <10.10.48.31:12542?addrs=10.10.48.31-12542>
...
001 (8739599.000.000) 11/29 19:34:29 Job executing on host: <10.10.48.145:26377?addrs=10.10.48.145-26377>
...
006 (8739599.000.000) 11/29 19:34:38 Image size of job updated: 1
	2  -  MemoryUsage of job (MB)
	1872  -  ResidentSetSize of job (KB)
...
006 (8739599.000.000) 11/29 19:39:39 Image size of job updated: 203172
	45  -  MemoryUsage of job (MB)
	45140  -  ResidentSetSize of job (KB)
...
005 (8739599.000.000) 11/29 19:40:12 Job terminated.
	(1) Normal termination (return value 0)
		Usr 0 00:02:23, Sys 0 00:00:03  -  Run Remote Usage
		Usr 0 00:00:00, Sys 0 00:00:00  -  Run Local Usage
		Usr 0 00:02:23, Sys 0 00:00:03  -  Total Remote Usage
		Usr 0 00:00:00, Sys 0 00:00:00  -  Total Local Usage
	0  -  Run Bytes Sent By Job
	0  -  Run Bytes Received By Job
	0  -  Total Bytes Sent By Job
	0  -  Total Bytes Received By Job
	Partitionable Resources :    Usage  Request Allocated
	   Cpus                 :                 1         1
	   Disk (KB)            :        1        1  13384175
	   Memory (MB)          :       45        1      6441
...
000 (8740522.000.000) 11/29 20:52:29 Job submitted from host: <10.10.48.31:12542?addrs=10.10.48.31-12542>
...
001 (8740522.000.000) 11/29 20:52:48 Job executing on host: <10.10.48.43:4900?addrs=10.10.48.43-4900>
...
006 (8740522.000.000) 11/29 20:52:57 Image size of job updated: 1
	2  -  MemoryUsage of job (MB)
	1808  -  ResidentSetSize of job (KB)
...
006 (8740522.000.000) 11/29 20:57:58 Image size of job updated: 203192
	44  -  MemoryUsage of job (MB)
	44040  -  ResidentSetSize of job (KB)
...
005 (8740522.000.000) 11/29 21:02:00 Job terminated.
	(1) Normal termination (return value 0)
		Usr 0 00:03:41, Sys 0 00:00:04  -  Run Remote Usage
		Usr 0 00:00:00, Sys 0 00:00:00  -  Run Local Usage
		Usr 0 00:03:41, Sys 0 00:00:04  -  Total Remote Usage
		Usr 0 00:00:00, Sys 0 00:00:00  -  Total Local Usage
	0  -  Run Bytes Sent By Job
	0  -  Run Bytes Received By Job
	0  -  Total Bytes Sent By Job
	0  -  Total Bytes Received By Job
	Partitionable Resources :    Usage  Request Allocated
	   Cpus                 :                 1         1
	   Disk (KB)            :        1        1  16728196
	   Memory (MB)          :       44        1      4023
...
