000 (8513150.000.000) 11/20 20:04:43 Job submitted from host: <10.10.48.31:12542?addrs=10.10.48.31-12542>
...
001 (8513150.000.000) 11/20 20:04:52 Job executing on host: <10.10.48.139:49429?addrs=10.10.48.139-49429>
...
006 (8513150.000.000) 11/20 20:04:53 Image size of job updated: 175624
	0  -  MemoryUsage of job (MB)
	0  -  ResidentSetSize of job (KB)
...
005 (8513150.000.000) 11/20 20:04:55 Job terminated.
	(1) Normal termination (return value 1)
		Usr 0 00:00:00, Sys 0 00:00:00  -  Run Remote Usage
		Usr 0 00:00:00, Sys 0 00:00:00  -  Run Local Usage
		Usr 0 00:00:00, Sys 0 00:00:00  -  Total Remote Usage
		Usr 0 00:00:00, Sys 0 00:00:00  -  Total Local Usage
	0  -  Run Bytes Sent By Job
	0  -  Run Bytes Received By Job
	0  -  Total Bytes Sent By Job
	0  -  Total Bytes Received By Job
	Partitionable Resources :    Usage  Request Allocated
	   Cpus                 :                 1         1
	   Disk (KB)            :        1        1  13382983
	   Memory (MB)          :        0        1      6441
...
000 (8513216.000.000) 11/20 20:06:18 Job submitted from host: <10.10.48.31:12542?addrs=10.10.48.31-12542>
...
001 (8513216.000.000) 11/20 20:06:34 Job executing on host: <10.10.48.139:49429?addrs=10.10.48.139-49429>
...
006 (8513216.000.000) 11/20 20:06:43 Image size of job updated: 224176
	49  -  MemoryUsage of job (MB)
	49784  -  ResidentSetSize of job (KB)
...
006 (8513216.000.000) 11/20 20:07:02 Image size of job updated: 264624
	49  -  MemoryUsage of job (MB)
	49784  -  ResidentSetSize of job (KB)
...
005 (8513216.000.000) 11/20 20:07:02 Job terminated.
	(1) Normal termination (return value 0)
		Usr 0 00:00:08, Sys 0 00:00:00  -  Run Remote Usage
		Usr 0 00:00:00, Sys 0 00:00:00  -  Run Local Usage
		Usr 0 00:00:08, Sys 0 00:00:00  -  Total Remote Usage
		Usr 0 00:00:00, Sys 0 00:00:00  -  Total Local Usage
	0  -  Run Bytes Sent By Job
	0  -  Run Bytes Received By Job
	0  -  Total Bytes Sent By Job
	0  -  Total Bytes Received By Job
	Partitionable Resources :    Usage  Request Allocated
	   Cpus                 :                 1         1
	   Disk (KB)            :        1        1  13383015
	   Memory (MB)          :       49        1      6441
...
000 (8568174.000.000) 11/23 10:24:47 Job submitted from host: <10.10.48.31:12542?addrs=10.10.48.31-12542>
...
001 (8568174.000.000) 11/23 10:24:54 Job executing on host: <10.10.48.146:58220?addrs=10.10.48.146-58220>
...
006 (8568174.000.000) 11/23 10:24:55 Image size of job updated: 190964
	0  -  MemoryUsage of job (MB)
	0  -  ResidentSetSize of job (KB)
...
005 (8568174.000.000) 11/23 10:24:55 Job terminated.
	(1) Normal termination (return value 0)
		Usr 0 00:00:00, Sys 0 00:00:00  -  Run Remote Usage
		Usr 0 00:00:00, Sys 0 00:00:00  -  Run Local Usage
		Usr 0 00:00:00, Sys 0 00:00:00  -  Total Remote Usage
		Usr 0 00:00:00, Sys 0 00:00:00  -  Total Local Usage
	0  -  Run Bytes Sent By Job
	0  -  Run Bytes Received By Job
	0  -  Total Bytes Sent By Job
	0  -  Total Bytes Received By Job
	Partitionable Resources :    Usage  Request Allocated
	   Cpus                 :                 1         1
	   Disk (KB)            :        1        1  13348234
	   Memory (MB)          :        0        1      6441
...
000 (8569022.000.000) 11/23 10:45:24 Job submitted from host: <10.10.48.31:12542?addrs=10.10.48.31-12542>
...
001 (8569022.000.000) 11/23 10:45:38 Job executing on host: <10.10.48.146:58220?addrs=10.10.48.146-58220>
...
006 (8569022.000.000) 11/23 10:45:47 Image size of job updated: 178396
	33  -  MemoryUsage of job (MB)
	33400  -  ResidentSetSize of job (KB)
...
006 (8569022.000.000) 11/23 10:46:00 Image size of job updated: 264556
	33  -  MemoryUsage of job (MB)
	33400  -  ResidentSetSize of job (KB)
...
005 (8569022.000.000) 11/23 10:46:00 Job terminated.
	(1) Normal termination (return value 0)
		Usr 0 00:00:06, Sys 0 00:00:00  -  Run Remote Usage
		Usr 0 00:00:00, Sys 0 00:00:00  -  Run Local Usage
		Usr 0 00:00:06, Sys 0 00:00:00  -  Total Remote Usage
		Usr 0 00:00:00, Sys 0 00:00:00  -  Total Local Usage
	0  -  Run Bytes Sent By Job
	0  -  Run Bytes Received By Job
	0  -  Total Bytes Sent By Job
	0  -  Total Bytes Received By Job
	Partitionable Resources :    Usage  Request Allocated
	   Cpus                 :                 1         1
	   Disk (KB)            :        1        1  13348112
	   Memory (MB)          :       33        1      6441
...
000 (8569576.000.000) 11/23 10:57:32 Job submitted from host: <10.10.48.31:12542?addrs=10.10.48.31-12542>
...
001 (8569576.000.000) 11/23 10:57:50 Job executing on host: <10.10.48.146:58220?addrs=10.10.48.146-58220>
...
006 (8569576.000.000) 11/23 10:57:58 Image size of job updated: 264284
	0  -  MemoryUsage of job (MB)
	0  -  ResidentSetSize of job (KB)
...
005 (8569576.000.000) 11/23 10:57:58 Job terminated.
	(1) Normal termination (return value 0)
		Usr 0 00:00:06, Sys 0 00:00:00  -  Run Remote Usage
		Usr 0 00:00:00, Sys 0 00:00:00  -  Run Local Usage
		Usr 0 00:00:06, Sys 0 00:00:00  -  Total Remote Usage
		Usr 0 00:00:00, Sys 0 00:00:00  -  Total Local Usage
	0  -  Run Bytes Sent By Job
	0  -  Run Bytes Received By Job
	0  -  Total Bytes Sent By Job
	0  -  Total Bytes Received By Job
	Partitionable Resources :    Usage  Request Allocated
	   Cpus                 :                 1         1
	   Disk (KB)            :        1        1  13348070
	   Memory (MB)          :        0        1      6441
...
000 (8577527.000.000) 11/23 15:06:26 Job submitted from host: <10.10.48.31:12542?addrs=10.10.48.31-12542>
...
001 (8577527.000.000) 11/23 15:06:31 Job executing on host: <10.10.48.141:50603?addrs=10.10.48.141-50603>
...
006 (8577527.000.000) 11/23 15:06:38 Image size of job updated: 264548
	0  -  MemoryUsage of job (MB)
	0  -  ResidentSetSize of job (KB)
...
005 (8577527.000.000) 11/23 15:06:39 Job terminated.
	(1) Normal termination (return value 0)
		Usr 0 00:00:06, Sys 0 00:00:00  -  Run Remote Usage
		Usr 0 00:00:00, Sys 0 00:00:00  -  Run Local Usage
		Usr 0 00:00:06, Sys 0 00:00:00  -  Total Remote Usage
		Usr 0 00:00:00, Sys 0 00:00:00  -  Total Local Usage
	0  -  Run Bytes Sent By Job
	0  -  Run Bytes Received By Job
	0  -  Total Bytes Sent By Job
	0  -  Total Bytes Received By Job
	Partitionable Resources :    Usage  Request Allocated
	   Cpus                 :                 1         1
	   Disk (KB)            :        1        1  13376625
	   Memory (MB)          :        0        1      6441
...
000 (8580130.000.000) 11/23 17:22:35 Job submitted from host: <10.10.48.31:12542?addrs=10.10.48.31-12542>
...
001 (8580130.000.000) 11/23 17:22:37 Job executing on host: <10.10.48.41:20766?addrs=10.10.48.41-20766>
...
006 (8580130.000.000) 11/23 17:22:37 Image size of job updated: 170564
	0  -  MemoryUsage of job (MB)
	0  -  ResidentSetSize of job (KB)
...
005 (8580130.000.000) 11/23 17:22:37 Job terminated.
	(1) Normal termination (return value 0)
		Usr 0 00:00:00, Sys 0 00:00:00  -  Run Remote Usage
		Usr 0 00:00:00, Sys 0 00:00:00  -  Run Local Usage
		Usr 0 00:00:00, Sys 0 00:00:00  -  Total Remote Usage
		Usr 0 00:00:00, Sys 0 00:00:00  -  Total Local Usage
	0  -  Run Bytes Sent By Job
	0  -  Run Bytes Received By Job
	0  -  Total Bytes Sent By Job
	0  -  Total Bytes Received By Job
	Partitionable Resources :    Usage  Request Allocated
	   Cpus                 :                 1         1
	   Disk (KB)            :        1        1  16725821
	   Memory (MB)          :        0        1      4023
...
000 (8580284.000.000) 11/24 10:20:54 Job submitted from host: <10.10.48.31:12542?addrs=10.10.48.31-12542>
...
001 (8580284.000.000) 11/24 10:21:14 Job executing on host: <10.10.48.41:20766?addrs=10.10.48.41-20766>
...
006 (8580284.000.000) 11/24 10:21:19 Image size of job updated: 114272
	0  -  MemoryUsage of job (MB)
	0  -  ResidentSetSize of job (KB)
...
005 (8580284.000.000) 11/24 10:21:19 Job terminated.
	(1) Normal termination (return value 0)
		Usr 0 00:00:00, Sys 0 00:00:00  -  Run Remote Usage
		Usr 0 00:00:00, Sys 0 00:00:00  -  Run Local Usage
		Usr 0 00:00:00, Sys 0 00:00:00  -  Total Remote Usage
		Usr 0 00:00:00, Sys 0 00:00:00  -  Total Local Usage
	0  -  Run Bytes Sent By Job
	0  -  Run Bytes Received By Job
	0  -  Total Bytes Sent By Job
	0  -  Total Bytes Received By Job
	Partitionable Resources :    Usage  Request Allocated
	   Cpus                 :                 1         1
	   Disk (KB)            :        1        1  16725725
	   Memory (MB)          :        0        1      4023
...
000 (8581707.000.000) 11/24 20:22:54 Job submitted from host: <10.10.48.31:12542?addrs=10.10.48.31-12542>
...
001 (8581707.000.000) 11/24 20:23:00 Job executing on host: <10.10.48.41:20766?addrs=10.10.48.41-20766>
...
006 (8581707.000.000) 11/24 20:23:01 Image size of job updated: 191584
	0  -  MemoryUsage of job (MB)
	0  -  ResidentSetSize of job (KB)
...
005 (8581707.000.000) 11/24 20:23:01 Job terminated.
	(1) Normal termination (return value 0)
		Usr 0 00:00:00, Sys 0 00:00:00  -  Run Remote Usage
		Usr 0 00:00:00, Sys 0 00:00:00  -  Run Local Usage
		Usr 0 00:00:00, Sys 0 00:00:00  -  Total Remote Usage
		Usr 0 00:00:00, Sys 0 00:00:00  -  Total Local Usage
	0  -  Run Bytes Sent By Job
	0  -  Run Bytes Received By Job
	0  -  Total Bytes Sent By Job
	0  -  Total Bytes Received By Job
	Partitionable Resources :    Usage  Request Allocated
	   Cpus                 :                 1         1
	   Disk (KB)            :        1        1  16725483
	   Memory (MB)          :        0        1      4023
...
000 (8581763.000.000) 11/24 20:31:08 Job submitted from host: <10.10.48.31:12542?addrs=10.10.48.31-12542>
...
001 (8581763.000.000) 11/24 20:31:30 Job executing on host: <10.10.48.141:50603?addrs=10.10.48.141-50603>
...
006 (8581763.000.000) 11/24 20:31:38 Image size of job updated: 183284
	33  -  MemoryUsage of job (MB)
	33580  -  ResidentSetSize of job (KB)
...
006 (8581763.000.000) 11/24 20:33:02 Image size of job updated: 201456
	33  -  MemoryUsage of job (MB)
	33580  -  ResidentSetSize of job (KB)
...
005 (8581763.000.000) 11/24 20:33:02 Job terminated.
	(1) Normal termination (return value 0)
		Usr 0 00:00:54, Sys 0 00:00:01  -  Run Remote Usage
		Usr 0 00:00:00, Sys 0 00:00:00  -  Run Local Usage
		Usr 0 00:00:54, Sys 0 00:00:01  -  Total Remote Usage
		Usr 0 00:00:00, Sys 0 00:00:00  -  Total Local Usage
	0  -  Run Bytes Sent By Job
	0  -  Run Bytes Received By Job
	0  -  Total Bytes Sent By Job
	0  -  Total Bytes Received By Job
	Partitionable Resources :    Usage  Request Allocated
	   Cpus                 :                 1         1
	   Disk (KB)            :        1        1  13376535
	   Memory (MB)          :       33        1      6441
...
000 (8739422.000.000) 11/29 19:23:02 Job submitted from host: <10.10.48.31:12542?addrs=10.10.48.31-12542>
...
001 (8739422.000.000) 11/29 19:23:21 Job executing on host: <10.10.48.139:49429?addrs=10.10.48.139-49429>
...
006 (8739422.000.000) 11/29 19:23:30 Image size of job updated: 183304
	32  -  MemoryUsage of job (MB)
	32312  -  ResidentSetSize of job (KB)
...
006 (8739422.000.000) 11/29 19:24:07 Image size of job updated: 202928
	32  -  MemoryUsage of job (MB)
	32312  -  ResidentSetSize of job (KB)
...
005 (8739422.000.000) 11/29 19:24:07 Job terminated.
	(1) Normal termination (return value 0)
		Usr 0 00:00:13, Sys 0 00:00:00  -  Run Remote Usage
		Usr 0 00:00:00, Sys 0 00:00:00  -  Run Local Usage
		Usr 0 00:00:13, Sys 0 00:00:00  -  Total Remote Usage
		Usr 0 00:00:00, Sys 0 00:00:00  -  Total Local Usage
	0  -  Run Bytes Sent By Job
	0  -  Run Bytes Received By Job
	0  -  Total Bytes Sent By Job
	0  -  Total Bytes Received By Job
	Partitionable Resources :    Usage  Request Allocated
	   Cpus                 :                 1         1
	   Disk (KB)            :        1        1  13385409
	   Memory (MB)          :       32        1      6441
...
000 (8739573.000.000) 11/29 19:34:20 Job submitted from host: <10.10.48.31:12542?addrs=10.10.48.31-12542>
...
001 (8739573.000.000) 11/29 19:34:28 Job executing on host: <10.10.48.139:49429?addrs=10.10.48.139-49429>
...
006 (8739573.000.000) 11/29 19:34:36 Image size of job updated: 183388
	32  -  MemoryUsage of job (MB)
	32372  -  ResidentSetSize of job (KB)
...
006 (8739573.000.000) 11/29 19:37:45 Image size of job updated: 203000
	32  -  MemoryUsage of job (MB)
	32372  -  ResidentSetSize of job (KB)
...
005 (8739573.000.000) 11/29 19:37:45 Job terminated.
	(1) Normal termination (return value 0)
		Usr 0 00:00:53, Sys 0 00:00:01  -  Run Remote Usage
		Usr 0 00:00:00, Sys 0 00:00:00  -  Run Local Usage
		Usr 0 00:00:53, Sys 0 00:00:01  -  Total Remote Usage
		Usr 0 00:00:00, Sys 0 00:00:00  -  Total Local Usage
	0  -  Run Bytes Sent By Job
	0  -  Run Bytes Received By Job
	0  -  Total Bytes Sent By Job
	0  -  Total Bytes Received By Job
	Partitionable Resources :    Usage  Request Allocated
	   Cpus                 :                 1         1
	   Disk (KB)            :        1        1  13385373
	   Memory (MB)          :       32        1      6441
...
000 (8740396.000.000) 11/29 20:51:04 Job submitted from host: <10.10.48.31:12542?addrs=10.10.48.31-12542>
...
001 (8740396.000.000) 11/29 20:51:24 Job executing on host: <10.10.48.141:50603?addrs=10.10.48.141-50603>
...
006 (8740396.000.000) 11/29 20:51:33 Image size of job updated: 183112
	32  -  MemoryUsage of job (MB)
	32332  -  ResidentSetSize of job (KB)
...
006 (8740396.000.000) 11/29 20:52:10 Image size of job updated: 202928
	32  -  MemoryUsage of job (MB)
	32332  -  ResidentSetSize of job (KB)
...
005 (8740396.000.000) 11/29 20:52:10 Job terminated.
	(1) Normal termination (return value 0)
		Usr 0 00:00:18, Sys 0 00:00:00  -  Run Remote Usage
		Usr 0 00:00:00, Sys 0 00:00:00  -  Run Local Usage
		Usr 0 00:00:18, Sys 0 00:00:00  -  Total Remote Usage
		Usr 0 00:00:00, Sys 0 00:00:00  -  Total Local Usage
	0  -  Run Bytes Sent By Job
	0  -  Run Bytes Received By Job
	0  -  Total Bytes Sent By Job
	0  -  Total Bytes Received By Job
	Partitionable Resources :    Usage  Request Allocated
	   Cpus                 :                 1         1
	   Disk (KB)            :        1        1  13376584
	   Memory (MB)          :       32        1      6441
...
000 (8740496.000.000) 11/29 20:52:27 Job submitted from host: <10.10.48.31:12542?addrs=10.10.48.31-12542>
...
001 (8740496.000.000) 11/29 20:52:47 Job executing on host: <10.10.48.145:26377?addrs=10.10.48.145-26377>
...
006 (8740496.000.000) 11/29 20:52:56 Image size of job updated: 183392
	32  -  MemoryUsage of job (MB)
	32360  -  ResidentSetSize of job (KB)
...
006 (8740496.000.000) 11/29 20:55:31 Image size of job updated: 203040
	32  -  MemoryUsage of job (MB)
	32360  -  ResidentSetSize of job (KB)
...
005 (8740496.000.000) 11/29 20:55:31 Job terminated.
	(1) Normal termination (return value 0)
		Usr 0 00:00:49, Sys 0 00:00:01  -  Run Remote Usage
		Usr 0 00:00:00, Sys 0 00:00:00  -  Run Local Usage
		Usr 0 00:00:49, Sys 0 00:00:01  -  Total Remote Usage
		Usr 0 00:00:00, Sys 0 00:00:00  -  Total Local Usage
	0  -  Run Bytes Sent By Job
	0  -  Run Bytes Received By Job
	0  -  Total Bytes Sent By Job
	0  -  Total Bytes Received By Job
	Partitionable Resources :    Usage  Request Allocated
	   Cpus                 :                 1         1
	   Disk (KB)            :        1        1  13384155
	   Memory (MB)          :       32        1      6441
...
