
Processing BiPo_coin.C(24467)...
41.0471%
43.4617%
45.8762%
48.2907%
50.7053%
totalEvents: 378898
0%
53.1198%
55.5344%
2.63923%
totalEvents: 6507660.3634%
664%
7.9177%
3.07329%
5.1925%
10.5569%
4.60993%
6.14657%
3.1962%
72.4361%
7.68322%
9.21986%
77.2652%
10.7565%
79.6797%
13.8298%
82.0943%
15.3664%
16.9031%
26.3923%
86.9233%
18.4397%
19.9764%
21.513%
23.0497%
31.6708%
26.1229%
.9493%
27.6596%
29.1962%
00%
30.7329%
42.2277%
44.867%
47.5062%
50.1454%

38.4161%
39.9527%
41.4894%
55.4239%
58.0631%
60.7024%
63.3416%
.1726%
50.7092%
68.6201%
71.2593%
73.8985%
76.5377%
58.3925%
59.9291%84.4554%
87.0947%
89.7339%
66.0757%
67.6123%
69.149%
70.6856%
72.2222%
73.7589%
75.2955%
76.8322%
78.3688%
97.6516%
79.9055%
81.4421%
82.9788%
84.5154%
86.052%
87.5887%
89.1253%
90.662%
92.1986%
93.7353%
95.2719%
96.8085%
98.3452%
99.8818%
100%
