
Processing BiPo_coin.C(24845)...
1.68021%
2.52031%
3.36042%
totalEvents: 858452
0%
73%
6.72083%
7.56093%
8.40104%
9.24114%
10.0812%
10.9214%
4.65955%
5.82444%
13.4417%
14.2818%
15.1219%10.484%
116.8021%
17.6422%
18.4823%15.1435%

20.1625%
21.0026%
21.8427%
18.6382%
19.8031%
20.968%

23.5229%
24.363%
25.2031%
26.0432%
26.8833%

26.7924%
28.5635%
29.4036%
30.2437%
31.0838%
31.9239%33.7817%

33.6042%
34.4443%
35.2844%
36.1245%
36.9646%
40.7711%
38.6448%
39.4849%
40.325%
41.1651%
42.0052%
42.8453%

43.6854%
44.5255%
45.3656%
46.2057%
47.0458%
47.8859%
48.726%
57.0795%
50.4062%
51.2463%
52.0864%
52.9265%
53.7666%
54.6068%
55.4469%66.3986%
67.5635%
57.9672%
58.8073%
59.6474%
60.4875%
3.3879%
74.5528%
75.7177%
62.1677%
63.0078%
63.8479%
64.688%
65.5281%
66.3682%
67.2083%
68.0484%
68.8885%
69.7286%
70.5687%
71.4088%
90.8612%
92.0261%
93.191%
94.3559%
95.5208%
74.7692%
75.6093%
76.4495%
77.2896%
78.1297%
78.9698%
79.8099%
80.65%
81.4901%
82.3302%
83.1703%
84.0104%
84.8505%
85.6906%
86.5307%
87.3708%
88.2109%
89.051%
89.8911%
90.7312%
91.5713%
92.4114%
93.2515%
94.0916%
94.9317%
95.7718%
96.6119%
97.452%
98.2922%
99.1323%
99.9724%
100%
