000 (8513147.000.000) 11/20 20:04:42 Job submitted from host: <10.10.48.31:12542?addrs=10.10.48.31-12542>
...
001 (8513147.000.000) 11/20 20:04:52 Job executing on host: <10.10.48.139:49429?addrs=10.10.48.139-49429>
...
006 (8513147.000.000) 11/20 20:04:52 Image size of job updated: 176044
	0  -  MemoryUsage of job (MB)
	0  -  ResidentSetSize of job (KB)
...
005 (8513147.000.000) 11/20 20:04:55 Job terminated.
	(1) Normal termination (return value 1)
		Usr 0 00:00:00, Sys 0 00:00:00  -  Run Remote Usage
		Usr 0 00:00:00, Sys 0 00:00:00  -  Run Local Usage
		Usr 0 00:00:00, Sys 0 00:00:00  -  Total Remote Usage
		Usr 0 00:00:00, Sys 0 00:00:00  -  Total Local Usage
	0  -  Run Bytes Sent By Job
	0  -  Run Bytes Received By Job
	0  -  Total Bytes Sent By Job
	0  -  Total Bytes Received By Job
	Partitionable Resources :    Usage  Request Allocated
	   Cpus                 :                 1         1
	   Disk (KB)            :        1        1  13382983
	   Memory (MB)          :        0        1      6441
...
000 (8513213.000.000) 11/20 20:06:18 Job submitted from host: <10.10.48.31:12542?addrs=10.10.48.31-12542>
...
001 (8513213.000.000) 11/20 20:06:33 Job executing on host: <10.10.48.139:49429?addrs=10.10.48.139-49429>
...
006 (8513213.000.000) 11/20 20:06:42 Image size of job updated: 267336
	104  -  MemoryUsage of job (MB)
	105504  -  ResidentSetSize of job (KB)
...
006 (8513213.000.000) 11/20 20:08:03 Image size of job updated: 267744
	104  -  MemoryUsage of job (MB)
	105504  -  ResidentSetSize of job (KB)
...
005 (8513213.000.000) 11/20 20:08:03 Job terminated.
	(1) Normal termination (return value 0)
		Usr 0 00:00:56, Sys 0 00:00:02  -  Run Remote Usage
		Usr 0 00:00:00, Sys 0 00:00:00  -  Run Local Usage
		Usr 0 00:00:56, Sys 0 00:00:02  -  Total Remote Usage
		Usr 0 00:00:00, Sys 0 00:00:00  -  Total Local Usage
	0  -  Run Bytes Sent By Job
	0  -  Run Bytes Received By Job
	0  -  Total Bytes Sent By Job
	0  -  Total Bytes Received By Job
	Partitionable Resources :    Usage  Request Allocated
	   Cpus                 :                 1         1
	   Disk (KB)            :        1        1  13383015
	   Memory (MB)          :      104        1      6441
...
000 (8568171.000.000) 11/23 10:24:47 Job submitted from host: <10.10.48.31:12542?addrs=10.10.48.31-12542>
...
001 (8568171.000.000) 11/23 10:24:54 Job executing on host: <10.10.48.146:58220?addrs=10.10.48.146-58220>
...
006 (8568171.000.000) 11/23 10:24:54 Image size of job updated: 191576
	0  -  MemoryUsage of job (MB)
	0  -  ResidentSetSize of job (KB)
...
005 (8568171.000.000) 11/23 10:24:55 Job terminated.
	(1) Normal termination (return value 0)
		Usr 0 00:00:00, Sys 0 00:00:00  -  Run Remote Usage
		Usr 0 00:00:00, Sys 0 00:00:00  -  Run Local Usage
		Usr 0 00:00:00, Sys 0 00:00:00  -  Total Remote Usage
		Usr 0 00:00:00, Sys 0 00:00:00  -  Total Local Usage
	0  -  Run Bytes Sent By Job
	0  -  Run Bytes Received By Job
	0  -  Total Bytes Sent By Job
	0  -  Total Bytes Received By Job
	Partitionable Resources :    Usage  Request Allocated
	   Cpus                 :                 1         1
	   Disk (KB)            :        1        1  13348234
	   Memory (MB)          :        0        1      6441
...
000 (8569019.000.000) 11/23 10:45:24 Job submitted from host: <10.10.48.31:12542?addrs=10.10.48.31-12542>
...
001 (8569019.000.000) 11/23 10:45:37 Job executing on host: <10.10.48.146:58220?addrs=10.10.48.146-58220>
...
006 (8569019.000.000) 11/23 10:45:46 Image size of job updated: 183428
	34  -  MemoryUsage of job (MB)
	34424  -  ResidentSetSize of job (KB)
...
006 (8569019.000.000) 11/23 10:47:03 Image size of job updated: 267760
	34  -  MemoryUsage of job (MB)
	34424  -  ResidentSetSize of job (KB)
...
005 (8569019.000.000) 11/23 10:47:04 Job terminated.
	(1) Normal termination (return value 0)
		Usr 0 00:01:01, Sys 0 00:00:01  -  Run Remote Usage
		Usr 0 00:00:00, Sys 0 00:00:00  -  Run Local Usage
		Usr 0 00:01:01, Sys 0 00:00:01  -  Total Remote Usage
		Usr 0 00:00:00, Sys 0 00:00:00  -  Total Local Usage
	0  -  Run Bytes Sent By Job
	0  -  Run Bytes Received By Job
	0  -  Total Bytes Sent By Job
	0  -  Total Bytes Received By Job
	Partitionable Resources :    Usage  Request Allocated
	   Cpus                 :                 1         1
	   Disk (KB)            :        1        1  13348107
	   Memory (MB)          :       34        1      6441
...
000 (8569573.000.000) 11/23 10:57:32 Job submitted from host: <10.10.48.31:12542?addrs=10.10.48.31-12542>
...
001 (8569573.000.000) 11/23 10:57:50 Job executing on host: <10.10.48.41:20766?addrs=10.10.48.41-20766>
...
006 (8569573.000.000) 11/23 10:57:58 Image size of job updated: 267664
	104  -  MemoryUsage of job (MB)
	105940  -  ResidentSetSize of job (KB)
...
006 (8569573.000.000) 11/23 10:58:47 Image size of job updated: 267848
	104  -  MemoryUsage of job (MB)
	105940  -  ResidentSetSize of job (KB)
...
005 (8569573.000.000) 11/23 10:58:47 Job terminated.
	(1) Normal termination (return value 0)
		Usr 0 00:00:50, Sys 0 00:00:00  -  Run Remote Usage
		Usr 0 00:00:00, Sys 0 00:00:00  -  Run Local Usage
		Usr 0 00:00:50, Sys 0 00:00:00  -  Total Remote Usage
		Usr 0 00:00:00, Sys 0 00:00:00  -  Total Local Usage
	0  -  Run Bytes Sent By Job
	0  -  Run Bytes Received By Job
	0  -  Total Bytes Sent By Job
	0  -  Total Bytes Received By Job
	Partitionable Resources :    Usage  Request Allocated
	   Cpus                 :                 1         1
	   Disk (KB)            :        1        1  16725954
	   Memory (MB)          :      104        1      4023
...
000 (8577524.000.000) 11/23 15:06:26 Job submitted from host: <10.10.48.31:12542?addrs=10.10.48.31-12542>
...
001 (8577524.000.000) 11/23 15:06:30 Job executing on host: <10.10.48.141:50603?addrs=10.10.48.141-50603>
...
006 (8577524.000.000) 11/23 15:06:39 Image size of job updated: 267748
	103  -  MemoryUsage of job (MB)
	105164  -  ResidentSetSize of job (KB)
...
005 (8577524.000.000) 11/23 15:07:32 Job terminated.
	(1) Normal termination (return value 0)
		Usr 0 00:00:57, Sys 0 00:00:01  -  Run Remote Usage
		Usr 0 00:00:00, Sys 0 00:00:00  -  Run Local Usage
		Usr 0 00:00:57, Sys 0 00:00:01  -  Total Remote Usage
		Usr 0 00:00:00, Sys 0 00:00:00  -  Total Local Usage
	0  -  Run Bytes Sent By Job
	0  -  Run Bytes Received By Job
	0  -  Total Bytes Sent By Job
	0  -  Total Bytes Received By Job
	Partitionable Resources :    Usage  Request Allocated
	   Cpus                 :                 1         1
	   Disk (KB)            :        1        1  13376625
	   Memory (MB)          :      103        1      6441
...
000 (8580127.000.000) 11/23 17:22:34 Job submitted from host: <10.10.48.31:12542?addrs=10.10.48.31-12542>
...
001 (8580127.000.000) 11/23 17:22:36 Job executing on host: <10.10.48.41:20766?addrs=10.10.48.41-20766>
...
006 (8580127.000.000) 11/23 17:22:36 Image size of job updated: 191888
	0  -  MemoryUsage of job (MB)
	0  -  ResidentSetSize of job (KB)
...
005 (8580127.000.000) 11/23 17:22:36 Job terminated.
	(1) Normal termination (return value 0)
		Usr 0 00:00:00, Sys 0 00:00:00  -  Run Remote Usage
		Usr 0 00:00:00, Sys 0 00:00:00  -  Run Local Usage
		Usr 0 00:00:00, Sys 0 00:00:00  -  Total Remote Usage
		Usr 0 00:00:00, Sys 0 00:00:00  -  Total Local Usage
	0  -  Run Bytes Sent By Job
	0  -  Run Bytes Received By Job
	0  -  Total Bytes Sent By Job
	0  -  Total Bytes Received By Job
	Partitionable Resources :    Usage  Request Allocated
	   Cpus                 :                 1         1
	   Disk (KB)            :        1        1  16725821
	   Memory (MB)          :        0        1      4023
...
000 (8580281.000.000) 11/24 10:20:54 Job submitted from host: <10.10.48.31:12542?addrs=10.10.48.31-12542>
...
001 (8580281.000.000) 11/24 10:21:14 Job executing on host: <10.10.48.41:20766?addrs=10.10.48.41-20766>
...
006 (8580281.000.000) 11/24 10:21:22 Image size of job updated: 264944
	97  -  MemoryUsage of job (MB)
	98944  -  ResidentSetSize of job (KB)
...
006 (8580281.000.000) 11/24 10:22:33 Image size of job updated: 265236
	97  -  MemoryUsage of job (MB)
	98944  -  ResidentSetSize of job (KB)
...
005 (8580281.000.000) 11/24 10:22:33 Job terminated.
	(1) Normal termination (return value 0)
		Usr 0 00:01:13, Sys 0 00:00:02  -  Run Remote Usage
		Usr 0 00:00:00, Sys 0 00:00:00  -  Run Local Usage
		Usr 0 00:01:13, Sys 0 00:00:02  -  Total Remote Usage
		Usr 0 00:00:00, Sys 0 00:00:00  -  Total Local Usage
	0  -  Run Bytes Sent By Job
	0  -  Run Bytes Received By Job
	0  -  Total Bytes Sent By Job
	0  -  Total Bytes Received By Job
	Partitionable Resources :    Usage  Request Allocated
	   Cpus                 :                 1         1
	   Disk (KB)            :        1        1  16725725
	   Memory (MB)          :       97        1      4023
...
000 (8581704.000.000) 11/24 20:22:54 Job submitted from host: <10.10.48.31:12542?addrs=10.10.48.31-12542>
...
001 (8581704.000.000) 11/24 20:22:58 Job executing on host: <10.10.48.41:20766?addrs=10.10.48.41-20766>
...
006 (8581704.000.000) 11/24 20:23:07 Image size of job updated: 267256
	104  -  MemoryUsage of job (MB)
	105720  -  ResidentSetSize of job (KB)
...
006 (8581704.000.000) 11/24 20:23:58 Image size of job updated: 267780
	104  -  MemoryUsage of job (MB)
	105720  -  ResidentSetSize of job (KB)
...
005 (8581704.000.000) 11/24 20:23:58 Job terminated.
	(1) Normal termination (return value 0)
		Usr 0 00:00:44, Sys 0 00:00:01  -  Run Remote Usage
		Usr 0 00:00:00, Sys 0 00:00:00  -  Run Local Usage
		Usr 0 00:00:44, Sys 0 00:00:01  -  Total Remote Usage
		Usr 0 00:00:00, Sys 0 00:00:00  -  Total Local Usage
	0  -  Run Bytes Sent By Job
	0  -  Run Bytes Received By Job
	0  -  Total Bytes Sent By Job
	0  -  Total Bytes Received By Job
	Partitionable Resources :    Usage  Request Allocated
	   Cpus                 :                 1         1
	   Disk (KB)            :        1        1  16725484
	   Memory (MB)          :      104        1      4023
...
000 (8581760.000.000) 11/24 20:31:08 Job submitted from host: <10.10.48.31:12542?addrs=10.10.48.31-12542>
...
001 (8581760.000.000) 11/24 20:31:29 Job executing on host: <10.10.48.141:50603?addrs=10.10.48.141-50603>
...
006 (8581760.000.000) 11/24 20:31:38 Image size of job updated: 183612
	34  -  MemoryUsage of job (MB)
	34280  -  ResidentSetSize of job (KB)
...
006 (8581760.000.000) 11/24 20:36:39 Image size of job updated: 201972
	43  -  MemoryUsage of job (MB)
	43792  -  ResidentSetSize of job (KB)
...
006 (8581760.000.000) 11/24 20:41:39 Image size of job updated: 202120
	46  -  MemoryUsage of job (MB)
	46260  -  ResidentSetSize of job (KB)
...
005 (8581760.000.000) 11/24 20:45:51 Job terminated.
	(1) Normal termination (return value 0)
		Usr 0 00:09:25, Sys 0 00:00:11  -  Run Remote Usage
		Usr 0 00:00:00, Sys 0 00:00:00  -  Run Local Usage
		Usr 0 00:09:25, Sys 0 00:00:11  -  Total Remote Usage
		Usr 0 00:00:00, Sys 0 00:00:00  -  Total Local Usage
	0  -  Run Bytes Sent By Job
	0  -  Run Bytes Received By Job
	0  -  Total Bytes Sent By Job
	0  -  Total Bytes Received By Job
	Partitionable Resources :    Usage  Request Allocated
	   Cpus                 :                 1         1
	   Disk (KB)            :        1        1  13376535
	   Memory (MB)          :       46        1      6441
...
000 (8739419.000.000) 11/29 19:23:02 Job submitted from host: <10.10.48.31:12542?addrs=10.10.48.31-12542>
...
001 (8739419.000.000) 11/29 19:23:21 Job executing on host: <10.10.48.35:61041?addrs=10.10.48.35-61041>
...
006 (8739419.000.000) 11/29 19:23:30 Image size of job updated: 121508
	19  -  MemoryUsage of job (MB)
	19044  -  ResidentSetSize of job (KB)
...
006 (8739419.000.000) 11/29 19:28:30 Image size of job updated: 203236
	43  -  MemoryUsage of job (MB)
	43756  -  ResidentSetSize of job (KB)
...
006 (8739419.000.000) 11/29 19:31:52 Image size of job updated: 203240
	43  -  MemoryUsage of job (MB)
	43756  -  ResidentSetSize of job (KB)
...
005 (8739419.000.000) 11/29 19:31:52 Job terminated.
	(1) Normal termination (return value 0)
		Usr 0 00:02:43, Sys 0 00:00:04  -  Run Remote Usage
		Usr 0 00:00:00, Sys 0 00:00:00  -  Run Local Usage
		Usr 0 00:02:43, Sys 0 00:00:04  -  Total Remote Usage
		Usr 0 00:00:00, Sys 0 00:00:00  -  Total Local Usage
	0  -  Run Bytes Sent By Job
	0  -  Run Bytes Received By Job
	0  -  Total Bytes Sent By Job
	0  -  Total Bytes Received By Job
	Partitionable Resources :    Usage  Request Allocated
	   Cpus                 :                 1         1
	   Disk (KB)            :        1        1  16724901
	   Memory (MB)          :       43        1      4023
...
000 (8739570.000.000) 11/29 19:34:20 Job submitted from host: <10.10.48.31:12542?addrs=10.10.48.31-12542>
...
001 (8739570.000.000) 11/29 19:34:28 Job executing on host: <10.10.48.35:61041?addrs=10.10.48.35-61041>
...
006 (8739570.000.000) 11/29 19:34:37 Image size of job updated: 175228
	28  -  MemoryUsage of job (MB)
	27952  -  ResidentSetSize of job (KB)
...
006 (8739570.000.000) 11/29 19:39:38 Image size of job updated: 203348
	43  -  MemoryUsage of job (MB)
	43296  -  ResidentSetSize of job (KB)
...
006 (8739570.000.000) 11/29 19:44:38 Image size of job updated: 203412
	43  -  MemoryUsage of job (MB)
	43712  -  ResidentSetSize of job (KB)
...
005 (8739570.000.000) 11/29 19:47:31 Job terminated.
	(1) Normal termination (return value 0)
		Usr 0 00:05:05, Sys 0 00:00:07  -  Run Remote Usage
		Usr 0 00:00:00, Sys 0 00:00:00  -  Run Local Usage
		Usr 0 00:05:05, Sys 0 00:00:07  -  Total Remote Usage
		Usr 0 00:00:00, Sys 0 00:00:00  -  Total Local Usage
	0  -  Run Bytes Sent By Job
	0  -  Run Bytes Received By Job
	0  -  Total Bytes Sent By Job
	0  -  Total Bytes Received By Job
	Partitionable Resources :    Usage  Request Allocated
	   Cpus                 :                 1         1
	   Disk (KB)            :        1        1  16724941
	   Memory (MB)          :       43        1      4023
...
000 (8740393.000.000) 11/29 20:51:04 Job submitted from host: <10.10.48.31:12542?addrs=10.10.48.31-12542>
...
001 (8740393.000.000) 11/29 20:51:24 Job executing on host: <10.10.48.141:50603?addrs=10.10.48.141-50603>
...
006 (8740393.000.000) 11/29 20:51:33 Image size of job updated: 183548
	34  -  MemoryUsage of job (MB)
	33908  -  ResidentSetSize of job (KB)
...
000 (8740493.000.000) 11/29 20:52:27 Job submitted from host: <10.10.48.31:12542?addrs=10.10.48.31-12542>
...
001 (8740493.000.000) 11/29 20:52:49 Job executing on host: <10.10.48.139:49429?addrs=10.10.48.139-49429>
...
006 (8740493.000.000) 11/29 20:52:58 Image size of job updated: 183444
	32  -  MemoryUsage of job (MB)
	32748  -  ResidentSetSize of job (KB)
...
006 (8740393.000.000) 11/29 20:56:34 Image size of job updated: 203212
	44  -  MemoryUsage of job (MB)
	44312  -  ResidentSetSize of job (KB)
...
006 (8740493.000.000) 11/29 20:57:59 Image size of job updated: 203252
	42  -  MemoryUsage of job (MB)
	42672  -  ResidentSetSize of job (KB)
...
006 (8740393.000.000) 11/29 21:01:35 Image size of job updated: 203252
	44  -  MemoryUsage of job (MB)
	44668  -  ResidentSetSize of job (KB)
...
006 (8740493.000.000) 11/29 21:02:59 Image size of job updated: 203252
	42  -  MemoryUsage of job (MB)
	42888  -  ResidentSetSize of job (KB)
...
006 (8740393.000.000) 11/29 21:06:35 Image size of job updated: 203252
	44  -  MemoryUsage of job (MB)
	44956  -  ResidentSetSize of job (KB)
...
006 (8740393.000.000) 11/29 21:06:58 Image size of job updated: 203272
	44  -  MemoryUsage of job (MB)
	44956  -  ResidentSetSize of job (KB)
...
005 (8740393.000.000) 11/29 21:06:58 Job terminated.
	(1) Normal termination (return value 0)
		Usr 0 00:04:41, Sys 0 00:00:05  -  Run Remote Usage
		Usr 0 00:00:00, Sys 0 00:00:00  -  Run Local Usage
		Usr 0 00:04:41, Sys 0 00:00:05  -  Total Remote Usage
		Usr 0 00:00:00, Sys 0 00:00:00  -  Total Local Usage
	0  -  Run Bytes Sent By Job
	0  -  Run Bytes Received By Job
	0  -  Total Bytes Sent By Job
	0  -  Total Bytes Received By Job
	Partitionable Resources :    Usage  Request Allocated
	   Cpus                 :                 1         1
	   Disk (KB)            :        1        1  13376584
	   Memory (MB)          :       44        1      6441
...
006 (8740493.000.000) 11/29 21:07:59 Image size of job updated: 203412
	43  -  MemoryUsage of job (MB)
	44016  -  ResidentSetSize of job (KB)
...
006 (8740493.000.000) 11/29 21:10:17 Image size of job updated: 203564
	43  -  MemoryUsage of job (MB)
	44016  -  ResidentSetSize of job (KB)
...
005 (8740493.000.000) 11/29 21:10:17 Job terminated.
	(1) Normal termination (return value 0)
		Usr 0 00:08:09, Sys 0 00:00:11  -  Run Remote Usage
		Usr 0 00:00:00, Sys 0 00:00:00  -  Run Local Usage
		Usr 0 00:08:09, Sys 0 00:00:11  -  Total Remote Usage
		Usr 0 00:00:00, Sys 0 00:00:00  -  Total Local Usage
	0  -  Run Bytes Sent By Job
	0  -  Run Bytes Received By Job
	0  -  Total Bytes Sent By Job
	0  -  Total Bytes Received By Job
	Partitionable Resources :    Usage  Request Allocated
	   Cpus                 :                 1         1
	   Disk (KB)            :        1        1  13385363
	   Memory (MB)          :       43        1      6441
...
