
Processing BiPo_coin.C(24663)...
1.90712%
totalEven3.81425%
4.76781%
5.72137%
984%
6.67493%
7.62849%
8.59959%
10.3195%
8.58205%
9.53562%
10.4892%
17.1992%
18.9191%
11.4427%
12.3963%
13.3499%25.7988%
215.257%
16.2105%
30.9585%
32.6784%
34.3984%
18.1177%
19.0712%
39.5581%
41.278%
42.998%
20.0248%
20.9784%
21.9319%
22.8855%
23.839%
24.7926%

25.7462%
26.6997%
27.6533%
58.4772%
60.1971%
28.6068%
29.5604%
5.3569%
67.0768%
68.7967%
70.5166%
30.514%
31.4675%
32.4211%

77.3963%
79.1162%
80.8362%
33.3747%
34.3282%
35.2818%
36.2353%
37.1889%
1.1557%
92.8756%
38.1425%
39.096%

98.0353%
99.7553%
100%
40.0496%
41.0031%
41.9567%
42.9103%
43.8638%
44.8174%
45.771%
46.7245%
47.6781%
48.6316%
49.5852%
50.5388%
51.4923%
52.4459%
53.3994%
54.353%
55.3066%
56.2601%
57.2137%
58.1673%
59.1208%
60.0744%
61.0279%
61.9815%
62.9351%
63.8886%
64.8422%
65.7957%
66.7493%
67.7029%
68.6564%
69.61%
70.5636%
71.5171%
72.4707%
73.4242%
74.3778%
75.3314%
76.2849%
77.2385%
78.192%
79.1456%
80.0992%
81.0527%
82.0063%
82.9599%
83.9134%
84.867%
85.8205%
86.7741%
87.7277%
88.6812%
89.6348%
90.5883%
91.5419%
92.4955%
93.449%
94.4026%
95.3562%
96.3097%
97.2633%
98.2168%
99.1704%
100%
