000 (8513124.000.000) 11/20 20:04:41 Job submitted from host: <10.10.48.31:12542?addrs=10.10.48.31-12542>
...
001 (8513124.000.000) 11/20 20:04:51 Job executing on host: <10.10.48.141:50603?addrs=10.10.48.141-50603>
...
006 (8513124.000.000) 11/20 20:04:52 Image size of job updated: 175912
	0  -  MemoryUsage of job (MB)
	0  -  ResidentSetSize of job (KB)
...
005 (8513124.000.000) 11/20 20:04:53 Job terminated.
	(1) Normal termination (return value 1)
		Usr 0 00:00:00, Sys 0 00:00:00  -  Run Remote Usage
		Usr 0 00:00:00, Sys 0 00:00:00  -  Run Local Usage
		Usr 0 00:00:00, Sys 0 00:00:00  -  Total Remote Usage
		Usr 0 00:00:00, Sys 0 00:00:00  -  Total Local Usage
	0  -  Run Bytes Sent By Job
	0  -  Run Bytes Received By Job
	0  -  Total Bytes Sent By Job
	0  -  Total Bytes Received By Job
	Partitionable Resources :    Usage  Request Allocated
	   Cpus                 :                 1         1
	   Disk (KB)            :        1        1  12695860
	   Memory (MB)          :        0        1      6441
...
000 (8513190.000.000) 11/20 20:06:17 Job submitted from host: <10.10.48.31:12542?addrs=10.10.48.31-12542>
...
001 (8513190.000.000) 11/20 20:06:33 Job executing on host: <10.10.48.146:58220?addrs=10.10.48.146-58220>
...
006 (8513190.000.000) 11/20 20:06:41 Image size of job updated: 272152
	107  -  MemoryUsage of job (MB)
	109464  -  ResidentSetSize of job (KB)
...
006 (8513190.000.000) 11/20 20:07:14 Image size of job updated: 272260
	107  -  MemoryUsage of job (MB)
	109464  -  ResidentSetSize of job (KB)
...
005 (8513190.000.000) 11/20 20:07:14 Job terminated.
	(1) Normal termination (return value 0)
		Usr 0 00:00:35, Sys 0 00:00:01  -  Run Remote Usage
		Usr 0 00:00:00, Sys 0 00:00:00  -  Run Local Usage
		Usr 0 00:00:35, Sys 0 00:00:01  -  Total Remote Usage
		Usr 0 00:00:00, Sys 0 00:00:00  -  Total Local Usage
	0  -  Run Bytes Sent By Job
	0  -  Run Bytes Received By Job
	0  -  Total Bytes Sent By Job
	0  -  Total Bytes Received By Job
	Partitionable Resources :    Usage  Request Allocated
	   Cpus                 :                 1         1
	   Disk (KB)            :        1        1  12039598
	   Memory (MB)          :      107        1      6441
...
000 (8568148.000.000) 11/23 10:24:45 Job submitted from host: <10.10.48.31:12542?addrs=10.10.48.31-12542>
...
001 (8568148.000.000) 11/23 10:24:51 Job executing on host: <10.10.48.41:20766?addrs=10.10.48.41-20766>
...
006 (8568148.000.000) 11/23 10:24:52 Image size of job updated: 191576
	0  -  MemoryUsage of job (MB)
	0  -  ResidentSetSize of job (KB)
...
005 (8568148.000.000) 11/23 10:24:52 Job terminated.
	(1) Normal termination (return value 0)
		Usr 0 00:00:00, Sys 0 00:00:00  -  Run Remote Usage
		Usr 0 00:00:00, Sys 0 00:00:00  -  Run Local Usage
		Usr 0 00:00:00, Sys 0 00:00:00  -  Total Remote Usage
		Usr 0 00:00:00, Sys 0 00:00:00  -  Total Local Usage
	0  -  Run Bytes Sent By Job
	0  -  Run Bytes Received By Job
	0  -  Total Bytes Sent By Job
	0  -  Total Bytes Received By Job
	Partitionable Resources :    Usage  Request Allocated
	   Cpus                 :                 1         1
	   Disk (KB)            :        1        1  16725580
	   Memory (MB)          :        0        1      4023
...
000 (8568996.000.000) 11/23 10:45:22 Job submitted from host: <10.10.48.31:12542?addrs=10.10.48.31-12542>
...
001 (8568996.000.000) 11/23 10:45:36 Job executing on host: <10.10.48.41:20766?addrs=10.10.48.41-20766>
...
006 (8568996.000.000) 11/23 10:45:44 Image size of job updated: 268364
	105  -  MemoryUsage of job (MB)
	106824  -  ResidentSetSize of job (KB)
...
006 (8568996.000.000) 11/23 10:46:27 Image size of job updated: 272340
	105  -  MemoryUsage of job (MB)
	106824  -  ResidentSetSize of job (KB)
...
005 (8568996.000.000) 11/23 10:46:27 Job terminated.
	(1) Normal termination (return value 0)
		Usr 0 00:00:33, Sys 0 00:00:00  -  Run Remote Usage
		Usr 0 00:00:00, Sys 0 00:00:00  -  Run Local Usage
		Usr 0 00:00:33, Sys 0 00:00:00  -  Total Remote Usage
		Usr 0 00:00:00, Sys 0 00:00:00  -  Total Local Usage
	0  -  Run Bytes Sent By Job
	0  -  Run Bytes Received By Job
	0  -  Total Bytes Sent By Job
	0  -  Total Bytes Received By Job
	Partitionable Resources :    Usage  Request Allocated
	   Cpus                 :                 1         1
	   Disk (KB)            :        1        1  16725471
	   Memory (MB)          :      105        1      4023
...
000 (8569550.000.000) 11/23 10:57:29 Job submitted from host: <10.10.48.31:12542?addrs=10.10.48.31-12542>
...
001 (8569550.000.000) 11/23 10:57:30 Job executing on host: <10.10.48.41:20766?addrs=10.10.48.41-20766>
...
006 (8569550.000.000) 11/23 10:57:38 Image size of job updated: 272256
	108  -  MemoryUsage of job (MB)
	109656  -  ResidentSetSize of job (KB)
...
006 (8569550.000.000) 11/23 10:58:04 Image size of job updated: 272372
	108  -  MemoryUsage of job (MB)
	109656  -  ResidentSetSize of job (KB)
...
005 (8569550.000.000) 11/23 10:58:04 Job terminated.
	(1) Normal termination (return value 0)
		Usr 0 00:00:28, Sys 0 00:00:01  -  Run Remote Usage
		Usr 0 00:00:00, Sys 0 00:00:00  -  Run Local Usage
		Usr 0 00:00:28, Sys 0 00:00:01  -  Total Remote Usage
		Usr 0 00:00:00, Sys 0 00:00:00  -  Total Local Usage
	0  -  Run Bytes Sent By Job
	0  -  Run Bytes Received By Job
	0  -  Total Bytes Sent By Job
	0  -  Total Bytes Received By Job
	Partitionable Resources :    Usage  Request Allocated
	   Cpus                 :                 1         1
	   Disk (KB)            :        1        1  16725954
	   Memory (MB)          :      108        1      4023
...
000 (8577501.000.000) 11/23 15:06:24 Job submitted from host: <10.10.48.31:12542?addrs=10.10.48.31-12542>
...
001 (8577501.000.000) 11/23 15:06:29 Job executing on host: <10.10.48.41:20766?addrs=10.10.48.41-20766>
...
006 (8577501.000.000) 11/23 15:06:37 Image size of job updated: 272248
	109  -  MemoryUsage of job (MB)
	111032  -  ResidentSetSize of job (KB)
...
005 (8577501.000.000) 11/23 15:07:04 Job terminated.
	(1) Normal termination (return value 0)
		Usr 0 00:00:31, Sys 0 00:00:00  -  Run Remote Usage
		Usr 0 00:00:00, Sys 0 00:00:00  -  Run Local Usage
		Usr 0 00:00:31, Sys 0 00:00:00  -  Total Remote Usage
		Usr 0 00:00:00, Sys 0 00:00:00  -  Total Local Usage
	0  -  Run Bytes Sent By Job
	0  -  Run Bytes Received By Job
	0  -  Total Bytes Sent By Job
	0  -  Total Bytes Received By Job
	Partitionable Resources :    Usage  Request Allocated
	   Cpus                 :                 1         1
	   Disk (KB)            :        1        1  16724553
	   Memory (MB)          :      109        1      4023
...
000 (8580094.000.000) 11/23 16:48:53 Job submitted from host: <10.10.48.31:12542?addrs=10.10.48.31-12542>
...
001 (8580094.000.000) 11/23 16:49:10 Job executing on host: <10.10.48.41:20766?addrs=10.10.48.41-20766>
...
006 (8580094.000.000) 11/23 16:49:11 Image size of job updated: 191536
	0  -  MemoryUsage of job (MB)
	0  -  ResidentSetSize of job (KB)
...
005 (8580094.000.000) 11/23 16:49:11 Job terminated.
	(1) Normal termination (return value 0)
		Usr 0 00:00:00, Sys 0 00:00:00  -  Run Remote Usage
		Usr 0 00:00:00, Sys 0 00:00:00  -  Run Local Usage
		Usr 0 00:00:00, Sys 0 00:00:00  -  Total Remote Usage
		Usr 0 00:00:00, Sys 0 00:00:00  -  Total Local Usage
	0  -  Run Bytes Sent By Job
	0  -  Run Bytes Received By Job
	0  -  Total Bytes Sent By Job
	0  -  Total Bytes Received By Job
	Partitionable Resources :    Usage  Request Allocated
	   Cpus                 :                 1         1
	   Disk (KB)            :        1        1  16725849
	   Memory (MB)          :        0        1      4023
...
000 (8580104.000.000) 11/23 17:22:30 Job submitted from host: <10.10.48.31:12542?addrs=10.10.48.31-12542>
...
001 (8580104.000.000) 11/23 17:22:32 Job executing on host: <10.10.48.41:20766?addrs=10.10.48.41-20766>
...
006 (8580104.000.000) 11/23 17:22:32 Image size of job updated: 190344
	0  -  MemoryUsage of job (MB)
	0  -  ResidentSetSize of job (KB)
...
005 (8580104.000.000) 11/23 17:22:32 Job terminated.
	(1) Normal termination (return value 0)
		Usr 0 00:00:00, Sys 0 00:00:00  -  Run Remote Usage
		Usr 0 00:00:00, Sys 0 00:00:00  -  Run Local Usage
		Usr 0 00:00:00, Sys 0 00:00:00  -  Total Remote Usage
		Usr 0 00:00:00, Sys 0 00:00:00  -  Total Local Usage
	0  -  Run Bytes Sent By Job
	0  -  Run Bytes Received By Job
	0  -  Total Bytes Sent By Job
	0  -  Total Bytes Received By Job
	Partitionable Resources :    Usage  Request Allocated
	   Cpus                 :                 1         1
	   Disk (KB)            :        1        1  16725821
	   Memory (MB)          :        0        1      4023
...
000 (8580253.000.000) 11/24 10:17:55 Job submitted from host: <10.10.48.31:12542?addrs=10.10.48.31-12542>
...
001 (8580253.000.000) 11/24 10:18:10 Job executing on host: <10.10.48.41:20766?addrs=10.10.48.41-20766>
...
006 (8580253.000.000) 11/24 10:18:13 Image size of job updated: 257072
	0  -  MemoryUsage of job (MB)
	0  -  ResidentSetSize of job (KB)
...
005 (8580253.000.000) 11/24 10:18:13 Job terminated.
	(1) Normal termination (return value 0)
		Usr 0 00:00:00, Sys 0 00:00:00  -  Run Remote Usage
		Usr 0 00:00:00, Sys 0 00:00:00  -  Run Local Usage
		Usr 0 00:00:00, Sys 0 00:00:00  -  Total Remote Usage
		Usr 0 00:00:00, Sys 0 00:00:00  -  Total Local Usage
	0  -  Run Bytes Sent By Job
	0  -  Run Bytes Received By Job
	0  -  Total Bytes Sent By Job
	0  -  Total Bytes Received By Job
	Partitionable Resources :    Usage  Request Allocated
	   Cpus                 :                 1         1
	   Disk (KB)            :        1        1  16725725
	   Memory (MB)          :        0        1      4023
...
000 (8580258.000.000) 11/24 10:20:51 Job submitted from host: <10.10.48.31:12542?addrs=10.10.48.31-12542>
...
001 (8580258.000.000) 11/24 10:20:52 Job executing on host: <10.10.48.41:20766?addrs=10.10.48.41-20766>
...
006 (8580258.000.000) 11/24 10:21:01 Image size of job updated: 264292
	98  -  MemoryUsage of job (MB)
	100148  -  ResidentSetSize of job (KB)
...
005 (8580258.000.000) 11/24 10:21:10 Job terminated.
	(1) Normal termination (return value 0)
		Usr 0 00:00:17, Sys 0 00:00:00  -  Run Remote Usage
		Usr 0 00:00:00, Sys 0 00:00:00  -  Run Local Usage
		Usr 0 00:00:17, Sys 0 00:00:00  -  Total Remote Usage
		Usr 0 00:00:00, Sys 0 00:00:00  -  Total Local Usage
	0  -  Run Bytes Sent By Job
	0  -  Run Bytes Received By Job
	0  -  Total Bytes Sent By Job
	0  -  Total Bytes Received By Job
	Partitionable Resources :    Usage  Request Allocated
	   Cpus                 :                 1         1
	   Disk (KB)            :        1        1  16725709
	   Memory (MB)          :       98        1      4023
...
000 (8581681.000.000) 11/24 20:22:51 Job submitted from host: <10.10.48.31:12542?addrs=10.10.48.31-12542>
...
001 (8581681.000.000) 11/24 20:22:52 Job executing on host: <10.10.48.41:20766?addrs=10.10.48.41-20766>
...
006 (8581681.000.000) 11/24 20:22:53 Image size of job updated: 190976
	0  -  MemoryUsage of job (MB)
	0  -  ResidentSetSize of job (KB)
...
005 (8581681.000.000) 11/24 20:22:53 Job terminated.
	(1) Normal termination (return value 0)
		Usr 0 00:00:00, Sys 0 00:00:00  -  Run Remote Usage
		Usr 0 00:00:00, Sys 0 00:00:00  -  Run Local Usage
		Usr 0 00:00:00, Sys 0 00:00:00  -  Total Remote Usage
		Usr 0 00:00:00, Sys 0 00:00:00  -  Total Local Usage
	0  -  Run Bytes Sent By Job
	0  -  Run Bytes Received By Job
	0  -  Total Bytes Sent By Job
	0  -  Total Bytes Received By Job
	Partitionable Resources :    Usage  Request Allocated
	   Cpus                 :                 1         1
	   Disk (KB)            :        1        1  16725483
	   Memory (MB)          :        0        1      4023
...
000 (8581737.000.000) 11/24 20:31:05 Job submitted from host: <10.10.48.31:12542?addrs=10.10.48.31-12542>
...
001 (8581737.000.000) 11/24 20:31:06 Job executing on host: <10.10.48.41:20766?addrs=10.10.48.41-20766>
...
006 (8581737.000.000) 11/24 20:31:15 Image size of job updated: 115068
	18  -  MemoryUsage of job (MB)
	18028  -  ResidentSetSize of job (KB)
...
006 (8581737.000.000) 11/24 20:36:16 Image size of job updated: 201884
	43  -  MemoryUsage of job (MB)
	43932  -  ResidentSetSize of job (KB)
...
006 (8581737.000.000) 11/24 20:41:16 Image size of job updated: 201884
	43  -  MemoryUsage of job (MB)
	43960  -  ResidentSetSize of job (KB)
...
000 (8581793.000.000) 11/24 20:41:16 Job submitted from host: <10.10.48.31:12542?addrs=10.10.48.31-12542>
...
001 (8581793.000.000) 11/24 20:41:17 Job executing on host: <10.10.48.41:20766?addrs=10.10.48.41-20766>
...
006 (8581793.000.000) 11/24 20:41:26 Image size of job updated: 201708
	43  -  MemoryUsage of job (MB)
	43112  -  ResidentSetSize of job (KB)
...
006 (8581737.000.000) 11/24 20:41:36 Image size of job updated: 201916
	43  -  MemoryUsage of job (MB)
	43960  -  ResidentSetSize of job (KB)
...
005 (8581737.000.000) 11/24 20:41:36 Job terminated.
	(1) Normal termination (return value 0)
		Usr 0 00:07:21, Sys 0 00:00:11  -  Run Remote Usage
		Usr 0 00:00:00, Sys 0 00:00:00  -  Run Local Usage
		Usr 0 00:07:21, Sys 0 00:00:11  -  Total Remote Usage
		Usr 0 00:00:00, Sys 0 00:00:00  -  Total Local Usage
	0  -  Run Bytes Sent By Job
	0  -  Run Bytes Received By Job
	0  -  Total Bytes Sent By Job
	0  -  Total Bytes Received By Job
	Partitionable Resources :    Usage  Request Allocated
	   Cpus                 :                 1         1
	   Disk (KB)            :        1        1  16725447
	   Memory (MB)          :       43        1      4023
...
005 (8581793.000.000) 11/24 20:41:45 Job terminated.
	(1) Normal termination (return value 0)
		Usr 0 00:00:17, Sys 0 00:00:00  -  Run Remote Usage
		Usr 0 00:00:00, Sys 0 00:00:00  -  Run Local Usage
		Usr 0 00:00:17, Sys 0 00:00:00  -  Total Remote Usage
		Usr 0 00:00:00, Sys 0 00:00:00  -  Total Local Usage
	0  -  Run Bytes Sent By Job
	0  -  Run Bytes Received By Job
	0  -  Total Bytes Sent By Job
	0  -  Total Bytes Received By Job
	Partitionable Resources :    Usage  Request Allocated
	   Cpus                 :                 1         1
	   Disk (KB)            :        1        1  16725424
	   Memory (MB)          :       43        1      4023
...
000 (8739396.000.000) 11/29 19:23:00 Job submitted from host: <10.10.48.31:12542?addrs=10.10.48.31-12542>
...
001 (8739396.000.000) 11/29 19:23:00 Job executing on host: <10.10.48.41:20766?addrs=10.10.48.41-20766>
...
006 (8739396.000.000) 11/29 19:23:10 Image size of job updated: 183336
	32  -  MemoryUsage of job (MB)
	32444  -  ResidentSetSize of job (KB)
...
006 (8739396.000.000) 11/29 19:28:10 Image size of job updated: 203036
	43  -  MemoryUsage of job (MB)
	43564  -  ResidentSetSize of job (KB)
...
005 (8739396.000.000) 11/29 19:28:11 Job terminated.
	(1) Normal termination (return value 0)
		Usr 0 00:01:11, Sys 0 00:00:01  -  Run Remote Usage
		Usr 0 00:00:00, Sys 0 00:00:00  -  Run Local Usage
		Usr 0 00:01:11, Sys 0 00:00:01  -  Total Remote Usage
		Usr 0 00:00:00, Sys 0 00:00:00  -  Total Local Usage
	0  -  Run Bytes Sent By Job
	0  -  Run Bytes Received By Job
	0  -  Total Bytes Sent By Job
	0  -  Total Bytes Received By Job
	Partitionable Resources :    Usage  Request Allocated
	   Cpus                 :                 1         1
	   Disk (KB)            :        1        1  16724436
	   Memory (MB)          :       43        1      4023
...
000 (8739547.000.000) 11/29 19:34:18 Job submitted from host: <10.10.48.31:12542?addrs=10.10.48.31-12542>
...
001 (8739547.000.000) 11/29 19:34:27 Job executing on host: <10.10.48.41:20766?addrs=10.10.48.41-20766>
...
006 (8739547.000.000) 11/29 19:34:36 Image size of job updated: 180380
	30  -  MemoryUsage of job (MB)
	30448  -  ResidentSetSize of job (KB)
...
000 (8739603.000.000) 11/29 19:34:37 Job submitted from host: <10.10.48.31:12542?addrs=10.10.48.31-12542>
...
000 (8739608.000.000) 11/29 19:34:42 Job submitted from host: <10.10.48.31:12542?addrs=10.10.48.31-12542>
...
001 (8739603.000.000) 11/29 19:34:45 Job executing on host: <10.10.48.141:50603?addrs=10.10.48.141-50603>
...
001 (8739608.000.000) 11/29 19:34:48 Job executing on host: <10.10.48.145:26377?addrs=10.10.48.145-26377>
...
006 (8739603.000.000) 11/29 19:34:54 Image size of job updated: 183116
	32  -  MemoryUsage of job (MB)
	32572  -  ResidentSetSize of job (KB)
...
006 (8739608.000.000) 11/29 19:34:56 Image size of job updated: 202916
	43  -  MemoryUsage of job (MB)
	43584  -  ResidentSetSize of job (KB)
...
005 (8739608.000.000) 11/29 19:35:02 Job terminated.
	(1) Normal termination (return value 0)
		Usr 0 00:00:05, Sys 0 00:00:00  -  Run Remote Usage
		Usr 0 00:00:00, Sys 0 00:00:00  -  Run Local Usage
		Usr 0 00:00:05, Sys 0 00:00:00  -  Total Remote Usage
		Usr 0 00:00:00, Sys 0 00:00:00  -  Total Local Usage
	0  -  Run Bytes Sent By Job
	0  -  Run Bytes Received By Job
	0  -  Total Bytes Sent By Job
	0  -  Total Bytes Received By Job
	Partitionable Resources :    Usage  Request Allocated
	   Cpus                 :                 1         1
	   Disk (KB)            :        1        1  13384175
	   Memory (MB)          :       43        1      6441
...
006 (8739603.000.000) 11/29 19:36:09 Image size of job updated: 203084
	32  -  MemoryUsage of job (MB)
	32572  -  ResidentSetSize of job (KB)
...
005 (8739603.000.000) 11/29 19:36:09 Job terminated.
	(1) Normal termination (return value 0)
		Usr 0 00:00:23, Sys 0 00:00:00  -  Run Remote Usage
		Usr 0 00:00:00, Sys 0 00:00:00  -  Run Local Usage
		Usr 0 00:00:23, Sys 0 00:00:00  -  Total Remote Usage
		Usr 0 00:00:00, Sys 0 00:00:00  -  Total Local Usage
	0  -  Run Bytes Sent By Job
	0  -  Run Bytes Received By Job
	0  -  Total Bytes Sent By Job
	0  -  Total Bytes Received By Job
	Partitionable Resources :    Usage  Request Allocated
	   Cpus                 :                 1         1
	   Disk (KB)            :        1        1  13376595
	   Memory (MB)          :       32        1      6441
...
006 (8739547.000.000) 11/29 19:39:36 Image size of job updated: 203108
	44  -  MemoryUsage of job (MB)
	44536  -  ResidentSetSize of job (KB)
...
006 (8739547.000.000) 11/29 19:43:02 Image size of job updated: 203256
	44  -  MemoryUsage of job (MB)
	44536  -  ResidentSetSize of job (KB)
...
005 (8739547.000.000) 11/29 19:43:02 Job terminated.
	(1) Normal termination (return value 0)
		Usr 0 00:03:24, Sys 0 00:00:05  -  Run Remote Usage
		Usr 0 00:00:00, Sys 0 00:00:00  -  Run Local Usage
		Usr 0 00:03:24, Sys 0 00:00:05  -  Total Remote Usage
		Usr 0 00:00:00, Sys 0 00:00:00  -  Total Local Usage
	0  -  Run Bytes Sent By Job
	0  -  Run Bytes Received By Job
	0  -  Total Bytes Sent By Job
	0  -  Total Bytes Received By Job
	Partitionable Resources :    Usage  Request Allocated
	   Cpus                 :                 1         1
	   Disk (KB)            :        1        1  16724406
	   Memory (MB)          :       44        1      4023
...
000 (8740368.000.000) 11/29 20:51:02 Job submitted from host: <10.10.48.31:12542?addrs=10.10.48.31-12542>
...
001 (8740368.000.000) 11/29 20:51:03 Job executing on host: <10.10.48.41:20766?addrs=10.10.48.41-20766>
...
006 (8740368.000.000) 11/29 20:51:13 Image size of job updated: 183400
	32  -  MemoryUsage of job (MB)
	32436  -  ResidentSetSize of job (KB)
...
000 (8740470.000.000) 11/29 20:52:25 Job submitted from host: <10.10.48.31:12542?addrs=10.10.48.31-12542>
...
001 (8740470.000.000) 11/29 20:52:26 Job executing on host: <10.10.48.41:20766?addrs=10.10.48.41-20766>
...
006 (8740470.000.000) 11/29 20:52:34 Image size of job updated: 162928
	26  -  MemoryUsage of job (MB)
	26456  -  ResidentSetSize of job (KB)
...
000 (8740593.000.000) 11/29 20:53:46 Job submitted from host: <10.10.48.31:12542?addrs=10.10.48.31-12542>
...
001 (8740593.000.000) 11/29 20:53:50 Job executing on host: <10.10.48.35:61041?addrs=10.10.48.35-61041>
...
000 (8740598.000.000) 11/29 20:53:56 Job submitted from host: <10.10.48.31:12542?addrs=10.10.48.31-12542>
...
006 (8740593.000.000) 11/29 20:53:58 Image size of job updated: 1
	2  -  MemoryUsage of job (MB)
	1808  -  ResidentSetSize of job (KB)
...
001 (8740598.000.000) 11/29 20:54:06 Job executing on host: <10.10.48.139:49429?addrs=10.10.48.139-49429>
...
006 (8740598.000.000) 11/29 20:54:15 Image size of job updated: 202804
	43  -  MemoryUsage of job (MB)
	43348  -  ResidentSetSize of job (KB)
...
006 (8740598.000.000) 11/29 20:54:26 Image size of job updated: 202848
	43  -  MemoryUsage of job (MB)
	43348  -  ResidentSetSize of job (KB)
...
005 (8740598.000.000) 11/29 20:54:26 Job terminated.
	(1) Normal termination (return value 0)
		Usr 0 00:00:06, Sys 0 00:00:00  -  Run Remote Usage
		Usr 0 00:00:00, Sys 0 00:00:00  -  Run Local Usage
		Usr 0 00:00:06, Sys 0 00:00:00  -  Total Remote Usage
		Usr 0 00:00:00, Sys 0 00:00:00  -  Total Local Usage
	0  -  Run Bytes Sent By Job
	0  -  Run Bytes Received By Job
	0  -  Total Bytes Sent By Job
	0  -  Total Bytes Received By Job
	Partitionable Resources :    Usage  Request Allocated
	   Cpus                 :                 1         1
	   Disk (KB)            :        1        1  13385363
	   Memory (MB)          :       43        1      6441
...
006 (8740593.000.000) 11/29 20:55:33 Image size of job updated: 202956
	2  -  MemoryUsage of job (MB)
	1808  -  ResidentSetSize of job (KB)
...
005 (8740593.000.000) 11/29 20:55:33 Job terminated.
	(1) Normal termination (return value 0)
		Usr 0 00:00:24, Sys 0 00:00:00  -  Run Remote Usage
		Usr 0 00:00:00, Sys 0 00:00:00  -  Run Local Usage
		Usr 0 00:00:24, Sys 0 00:00:00  -  Total Remote Usage
		Usr 0 00:00:00, Sys 0 00:00:00  -  Total Local Usage
	0  -  Run Bytes Sent By Job
	0  -  Run Bytes Received By Job
	0  -  Total Bytes Sent By Job
	0  -  Total Bytes Received By Job
	Partitionable Resources :    Usage  Request Allocated
	   Cpus                 :                 1         1
	   Disk (KB)            :        1        1  16724857
	   Memory (MB)          :        2        1      4023
...
006 (8740368.000.000) 11/29 20:56:13 Image size of job updated: 202996
	43  -  MemoryUsage of job (MB)
	43960  -  ResidentSetSize of job (KB)
...
006 (8740470.000.000) 11/29 20:57:34 Image size of job updated: 203088
	43  -  MemoryUsage of job (MB)
	43688  -  ResidentSetSize of job (KB)
...
006 (8740368.000.000) 11/29 20:58:57 Image size of job updated: 203052
	43  -  MemoryUsage of job (MB)
	43960  -  ResidentSetSize of job (KB)
...
005 (8740368.000.000) 11/29 20:58:57 Job terminated.
	(1) Normal termination (return value 0)
		Usr 0 00:02:43, Sys 0 00:00:04  -  Run Remote Usage
		Usr 0 00:00:00, Sys 0 00:00:00  -  Run Local Usage
		Usr 0 00:02:43, Sys 0 00:00:04  -  Total Remote Usage
		Usr 0 00:00:00, Sys 0 00:00:00  -  Total Local Usage
	0  -  Run Bytes Sent By Job
	0  -  Run Bytes Received By Job
	0  -  Total Bytes Sent By Job
	0  -  Total Bytes Received By Job
	Partitionable Resources :    Usage  Request Allocated
	   Cpus                 :                 1         1
	   Disk (KB)            :        1        1  16724676
	   Memory (MB)          :       43        1      4023
...
006 (8740470.000.000) 11/29 21:02:35 Image size of job updated: 203096
	44  -  MemoryUsage of job (MB)
	44216  -  ResidentSetSize of job (KB)
...
006 (8740470.000.000) 11/29 21:07:03 Image size of job updated: 203148
	44  -  MemoryUsage of job (MB)
	44216  -  ResidentSetSize of job (KB)
...
005 (8740470.000.000) 11/29 21:07:03 Job terminated.
	(1) Normal termination (return value 0)
		Usr 0 00:07:25, Sys 0 00:00:10  -  Run Remote Usage
		Usr 0 00:00:00, Sys 0 00:00:00  -  Run Local Usage
		Usr 0 00:07:25, Sys 0 00:00:10  -  Total Remote Usage
		Usr 0 00:00:00, Sys 0 00:00:00  -  Total Local Usage
	0  -  Run Bytes Sent By Job
	0  -  Run Bytes Received By Job
	0  -  Total Bytes Sent By Job
	0  -  Total Bytes Received By Job
	Partitionable Resources :    Usage  Request Allocated
	   Cpus                 :                 1         1
	   Disk (KB)            :        1        1  16724686
	   Memory (MB)          :       44        1      4023
...
