
Processing BiPo_coin.C(24853)...
1.56509%
2.34764%
totalEvents: 443840
0%
2.25306%
4.50613%
6.757.0429.01226%
11.2653%
13.5184%
55%
10.1731%
10.9556%
11.7382%
12.5207%
13.3033%
14.0858%
14.8684%
15.6509%
16.4335%
17.216%
8.3021%
40.5552%
42.8082%
45.0613%
47.3143%
19.5637%
20.3462%
21.1287%
56.3266%
22.6938%
23.4764%
24.2589%
25.0415%
65.3389%
67.5919%
69.845%
28.1717%
28.9542%
76.6042%
78.8572%
81.1103%
83.3634%
32.8669%
33.6495%
90.1226%
92.3756%
94.6287%
6.7797%
37.5622%
38.3448%
39.1273%
100%
39.9099%
40.6924%
41.4749%
42.2575%
43.04%
43.8226%
44.6051%
45.3877%
46.1702%
46.9528%
47.7353%
48.5179%
49.3004%
50.0829%
50.8655%
51.648%
52.4306%
53.2131%
53.9957%
54.7782%
55.5608%
56.3433%
57.1259%
57.9084%
58.691%
59.4735%
60.256%
61.0386%
61.8211%
62.6037%
63.3862%
64.1688%
64.9513%
65.7339%
66.5164%
67.299%
68.0815%
68.8641%
69.6466%
70.4291%
71.2117%
71.9942%
72.7768%
73.5593%
74.3419%
75.1244%
75.907%
76.6895%
77.4721%
78.2546%
79.0372%
79.8197%
80.6022%
81.3848%
82.1673%
82.9499%
83.7324%
84.515%
85.2975%
86.0801%
86.8626%
87.6452%
88.4277%
89.2103%
89.9928%
90.7753%
91.5579%
92.3404%
93.123%
93.9055%
94.6881%
95.4706%
96.2532%
97.0357%
97.8183%
98.6008%
99.3834%
100%
