000 (8513149.000.000) 11/20 20:04:42 Job submitted from host: <10.10.48.31:12542?addrs=10.10.48.31-12542>
...
001 (8513149.000.000) 11/20 20:04:52 Job executing on host: <10.10.48.139:49429?addrs=10.10.48.139-49429>
...
006 (8513149.000.000) 11/20 20:04:53 Image size of job updated: 170380
	0  -  MemoryUsage of job (MB)
	0  -  ResidentSetSize of job (KB)
...
005 (8513149.000.000) 11/20 20:04:55 Job terminated.
	(1) Normal termination (return value 1)
		Usr 0 00:00:00, Sys 0 00:00:00  -  Run Remote Usage
		Usr 0 00:00:00, Sys 0 00:00:00  -  Run Local Usage
		Usr 0 00:00:00, Sys 0 00:00:00  -  Total Remote Usage
		Usr 0 00:00:00, Sys 0 00:00:00  -  Total Local Usage
	0  -  Run Bytes Sent By Job
	0  -  Run Bytes Received By Job
	0  -  Total Bytes Sent By Job
	0  -  Total Bytes Received By Job
	Partitionable Resources :    Usage  Request Allocated
	   Cpus                 :                 1         1
	   Disk (KB)            :        1        1  13382983
	   Memory (MB)          :        0        1      6441
...
000 (8513215.000.000) 11/20 20:06:18 Job submitted from host: <10.10.48.31:12542?addrs=10.10.48.31-12542>
...
001 (8513215.000.000) 11/20 20:06:34 Job executing on host: <10.10.48.139:49429?addrs=10.10.48.139-49429>
...
006 (8513215.000.000) 11/20 20:06:42 Image size of job updated: 262648
	80  -  MemoryUsage of job (MB)
	81824  -  ResidentSetSize of job (KB)
...
006 (8513215.000.000) 11/20 20:07:11 Image size of job updated: 265616
	80  -  MemoryUsage of job (MB)
	81824  -  ResidentSetSize of job (KB)
...
005 (8513215.000.000) 11/20 20:07:11 Job terminated.
	(1) Normal termination (return value 0)
		Usr 0 00:00:15, Sys 0 00:00:00  -  Run Remote Usage
		Usr 0 00:00:00, Sys 0 00:00:00  -  Run Local Usage
		Usr 0 00:00:15, Sys 0 00:00:00  -  Total Remote Usage
		Usr 0 00:00:00, Sys 0 00:00:00  -  Total Local Usage
	0  -  Run Bytes Sent By Job
	0  -  Run Bytes Received By Job
	0  -  Total Bytes Sent By Job
	0  -  Total Bytes Received By Job
	Partitionable Resources :    Usage  Request Allocated
	   Cpus                 :                 1         1
	   Disk (KB)            :        1        1  13383015
	   Memory (MB)          :       80        1      6441
...
000 (8568173.000.000) 11/23 10:24:47 Job submitted from host: <10.10.48.31:12542?addrs=10.10.48.31-12542>
...
001 (8568173.000.000) 11/23 10:24:54 Job executing on host: <10.10.48.146:58220?addrs=10.10.48.146-58220>
...
006 (8568173.000.000) 11/23 10:24:55 Image size of job updated: 192004
	0  -  MemoryUsage of job (MB)
	0  -  ResidentSetSize of job (KB)
...
005 (8568173.000.000) 11/23 10:24:55 Job terminated.
	(1) Normal termination (return value 0)
		Usr 0 00:00:00, Sys 0 00:00:00  -  Run Remote Usage
		Usr 0 00:00:00, Sys 0 00:00:00  -  Run Local Usage
		Usr 0 00:00:00, Sys 0 00:00:00  -  Total Remote Usage
		Usr 0 00:00:00, Sys 0 00:00:00  -  Total Local Usage
	0  -  Run Bytes Sent By Job
	0  -  Run Bytes Received By Job
	0  -  Total Bytes Sent By Job
	0  -  Total Bytes Received By Job
	Partitionable Resources :    Usage  Request Allocated
	   Cpus                 :                 1         1
	   Disk (KB)            :        1        1  13348234
	   Memory (MB)          :        0        1      6441
...
000 (8569021.000.000) 11/23 10:45:24 Job submitted from host: <10.10.48.31:12542?addrs=10.10.48.31-12542>
...
001 (8569021.000.000) 11/23 10:45:37 Job executing on host: <10.10.48.146:58220?addrs=10.10.48.146-58220>
...
006 (8569021.000.000) 11/23 10:45:46 Image size of job updated: 183292
	34  -  MemoryUsage of job (MB)
	34060  -  ResidentSetSize of job (KB)
...
006 (8569021.000.000) 11/23 10:46:14 Image size of job updated: 265628
	34  -  MemoryUsage of job (MB)
	34060  -  ResidentSetSize of job (KB)
...
005 (8569021.000.000) 11/23 10:46:14 Job terminated.
	(1) Normal termination (return value 0)
		Usr 0 00:00:10, Sys 0 00:00:00  -  Run Remote Usage
		Usr 0 00:00:00, Sys 0 00:00:00  -  Run Local Usage
		Usr 0 00:00:10, Sys 0 00:00:00  -  Total Remote Usage
		Usr 0 00:00:00, Sys 0 00:00:00  -  Total Local Usage
	0  -  Run Bytes Sent By Job
	0  -  Run Bytes Received By Job
	0  -  Total Bytes Sent By Job
	0  -  Total Bytes Received By Job
	Partitionable Resources :    Usage  Request Allocated
	   Cpus                 :                 1         1
	   Disk (KB)            :        1        1  13348112
	   Memory (MB)          :       34        1      6441
...
000 (8569575.000.000) 11/23 10:57:32 Job submitted from host: <10.10.48.31:12542?addrs=10.10.48.31-12542>
...
001 (8569575.000.000) 11/23 10:57:50 Job executing on host: <10.10.48.41:20766?addrs=10.10.48.41-20766>
...
006 (8569575.000.000) 11/23 10:57:59 Image size of job updated: 265540
	101  -  MemoryUsage of job (MB)
	103224  -  ResidentSetSize of job (KB)
...
005 (8569575.000.000) 11/23 10:58:00 Job terminated.
	(1) Normal termination (return value 0)
		Usr 0 00:00:05, Sys 0 00:00:00  -  Run Remote Usage
		Usr 0 00:00:00, Sys 0 00:00:00  -  Run Local Usage
		Usr 0 00:00:05, Sys 0 00:00:00  -  Total Remote Usage
		Usr 0 00:00:00, Sys 0 00:00:00  -  Total Local Usage
	0  -  Run Bytes Sent By Job
	0  -  Run Bytes Received By Job
	0  -  Total Bytes Sent By Job
	0  -  Total Bytes Received By Job
	Partitionable Resources :    Usage  Request Allocated
	   Cpus                 :                 1         1
	   Disk (KB)            :        1        1  16725954
	   Memory (MB)          :      101        1      4023
...
000 (8577526.000.000) 11/23 15:06:26 Job submitted from host: <10.10.48.31:12542?addrs=10.10.48.31-12542>
...
001 (8577526.000.000) 11/23 15:06:31 Job executing on host: <10.10.48.141:50603?addrs=10.10.48.141-50603>
...
006 (8577526.000.000) 11/23 15:06:39 Image size of job updated: 265616
	101  -  MemoryUsage of job (MB)
	103328  -  ResidentSetSize of job (KB)
...
005 (8577526.000.000) 11/23 15:06:43 Job terminated.
	(1) Normal termination (return value 0)
		Usr 0 00:00:09, Sys 0 00:00:00  -  Run Remote Usage
		Usr 0 00:00:00, Sys 0 00:00:00  -  Run Local Usage
		Usr 0 00:00:09, Sys 0 00:00:00  -  Total Remote Usage
		Usr 0 00:00:00, Sys 0 00:00:00  -  Total Local Usage
	0  -  Run Bytes Sent By Job
	0  -  Run Bytes Received By Job
	0  -  Total Bytes Sent By Job
	0  -  Total Bytes Received By Job
	Partitionable Resources :    Usage  Request Allocated
	   Cpus                 :                 1         1
	   Disk (KB)            :        1        1  13376625
	   Memory (MB)          :      101        1      6441
...
000 (8580129.000.000) 11/23 17:22:34 Job submitted from host: <10.10.48.31:12542?addrs=10.10.48.31-12542>
...
001 (8580129.000.000) 11/23 17:22:37 Job executing on host: <10.10.48.41:20766?addrs=10.10.48.41-20766>
...
006 (8580129.000.000) 11/23 17:22:37 Image size of job updated: 177432
	0  -  MemoryUsage of job (MB)
	0  -  ResidentSetSize of job (KB)
...
005 (8580129.000.000) 11/23 17:22:37 Job terminated.
	(1) Normal termination (return value 0)
		Usr 0 00:00:00, Sys 0 00:00:00  -  Run Remote Usage
		Usr 0 00:00:00, Sys 0 00:00:00  -  Run Local Usage
		Usr 0 00:00:00, Sys 0 00:00:00  -  Total Remote Usage
		Usr 0 00:00:00, Sys 0 00:00:00  -  Total Local Usage
	0  -  Run Bytes Sent By Job
	0  -  Run Bytes Received By Job
	0  -  Total Bytes Sent By Job
	0  -  Total Bytes Received By Job
	Partitionable Resources :    Usage  Request Allocated
	   Cpus                 :                 1         1
	   Disk (KB)            :        1        1  16725821
	   Memory (MB)          :        0        1      4023
...
000 (8580283.000.000) 11/24 10:20:54 Job submitted from host: <10.10.48.31:12542?addrs=10.10.48.31-12542>
...
001 (8580283.000.000) 11/24 10:21:14 Job executing on host: <10.10.48.41:20766?addrs=10.10.48.41-20766>
...
006 (8580283.000.000) 11/24 10:21:22 Image size of job updated: 262380
	90  -  MemoryUsage of job (MB)
	91572  -  ResidentSetSize of job (KB)
...
006 (8580283.000.000) 11/24 10:22:10 Image size of job updated: 262544
	90  -  MemoryUsage of job (MB)
	91572  -  ResidentSetSize of job (KB)
...
005 (8580283.000.000) 11/24 10:22:10 Job terminated.
	(1) Normal termination (return value 0)
		Usr 0 00:00:40, Sys 0 00:00:00  -  Run Remote Usage
		Usr 0 00:00:00, Sys 0 00:00:00  -  Run Local Usage
		Usr 0 00:00:40, Sys 0 00:00:00  -  Total Remote Usage
		Usr 0 00:00:00, Sys 0 00:00:00  -  Total Local Usage
	0  -  Run Bytes Sent By Job
	0  -  Run Bytes Received By Job
	0  -  Total Bytes Sent By Job
	0  -  Total Bytes Received By Job
	Partitionable Resources :    Usage  Request Allocated
	   Cpus                 :                 1         1
	   Disk (KB)            :        1        1  16725725
	   Memory (MB)          :       90        1      4023
...
000 (8581706.000.000) 11/24 20:22:54 Job submitted from host: <10.10.48.31:12542?addrs=10.10.48.31-12542>
...
001 (8581706.000.000) 11/24 20:22:59 Job executing on host: <10.10.48.41:20766?addrs=10.10.48.41-20766>
...
006 (8581706.000.000) 11/24 20:23:00 Image size of job updated: 190352
	0  -  MemoryUsage of job (MB)
	0  -  ResidentSetSize of job (KB)
...
005 (8581706.000.000) 11/24 20:23:00 Job terminated.
	(1) Normal termination (return value 0)
		Usr 0 00:00:00, Sys 0 00:00:00  -  Run Remote Usage
		Usr 0 00:00:00, Sys 0 00:00:00  -  Run Local Usage
		Usr 0 00:00:00, Sys 0 00:00:00  -  Total Remote Usage
		Usr 0 00:00:00, Sys 0 00:00:00  -  Total Local Usage
	0  -  Run Bytes Sent By Job
	0  -  Run Bytes Received By Job
	0  -  Total Bytes Sent By Job
	0  -  Total Bytes Received By Job
	Partitionable Resources :    Usage  Request Allocated
	   Cpus                 :                 1         1
	   Disk (KB)            :        1        1  16725483
	   Memory (MB)          :        0        1      4023
...
000 (8581762.000.000) 11/24 20:31:08 Job submitted from host: <10.10.48.31:12542?addrs=10.10.48.31-12542>
...
001 (8581762.000.000) 11/24 20:31:29 Job executing on host: <10.10.48.141:50603?addrs=10.10.48.141-50603>
...
006 (8581762.000.000) 11/24 20:31:38 Image size of job updated: 183324
	34  -  MemoryUsage of job (MB)
	33840  -  ResidentSetSize of job (KB)
...
006 (8581762.000.000) 11/24 20:34:20 Image size of job updated: 201656
	34  -  MemoryUsage of job (MB)
	33840  -  ResidentSetSize of job (KB)
...
005 (8581762.000.000) 11/24 20:34:20 Job terminated.
	(1) Normal termination (return value 0)
		Usr 0 00:01:43, Sys 0 00:00:02  -  Run Remote Usage
		Usr 0 00:00:00, Sys 0 00:00:00  -  Run Local Usage
		Usr 0 00:01:43, Sys 0 00:00:02  -  Total Remote Usage
		Usr 0 00:00:00, Sys 0 00:00:00  -  Total Local Usage
	0  -  Run Bytes Sent By Job
	0  -  Run Bytes Received By Job
	0  -  Total Bytes Sent By Job
	0  -  Total Bytes Received By Job
	Partitionable Resources :    Usage  Request Allocated
	   Cpus                 :                 1         1
	   Disk (KB)            :        1        1  13376535
	   Memory (MB)          :       34        1      6441
...
000 (8739421.000.000) 11/29 19:23:02 Job submitted from host: <10.10.48.31:12542?addrs=10.10.48.31-12542>
...
001 (8739421.000.000) 11/29 19:23:21 Job executing on host: <10.10.48.139:49429?addrs=10.10.48.139-49429>
...
006 (8739421.000.000) 11/29 19:23:30 Image size of job updated: 180384
	30  -  MemoryUsage of job (MB)
	30400  -  ResidentSetSize of job (KB)
...
006 (8739421.000.000) 11/29 19:28:31 Image size of job updated: 203392
	45  -  MemoryUsage of job (MB)
	45572  -  ResidentSetSize of job (KB)
...
005 (8739421.000.000) 11/29 19:29:59 Job terminated.
	(1) Normal termination (return value 0)
		Usr 0 00:03:10, Sys 0 00:00:04  -  Run Remote Usage
		Usr 0 00:00:00, Sys 0 00:00:00  -  Run Local Usage
		Usr 0 00:03:10, Sys 0 00:00:04  -  Total Remote Usage
		Usr 0 00:00:00, Sys 0 00:00:00  -  Total Local Usage
	0  -  Run Bytes Sent By Job
	0  -  Run Bytes Received By Job
	0  -  Total Bytes Sent By Job
	0  -  Total Bytes Received By Job
	Partitionable Resources :    Usage  Request Allocated
	   Cpus                 :                 1         1
	   Disk (KB)            :        1        1  13385409
	   Memory (MB)          :       45        1      6441
...
000 (8739572.000.000) 11/29 19:34:20 Job submitted from host: <10.10.48.31:12542?addrs=10.10.48.31-12542>
...
001 (8739572.000.000) 11/29 19:34:28 Job executing on host: <10.10.48.35:61041?addrs=10.10.48.35-61041>
...
006 (8739572.000.000) 11/29 19:34:37 Image size of job updated: 1
	2  -  MemoryUsage of job (MB)
	1812  -  ResidentSetSize of job (KB)
...
006 (8739572.000.000) 11/29 19:37:41 Image size of job updated: 203076
	2  -  MemoryUsage of job (MB)
	1812  -  ResidentSetSize of job (KB)
...
005 (8739572.000.000) 11/29 19:37:41 Job terminated.
	(1) Normal termination (return value 0)
		Usr 0 00:00:52, Sys 0 00:00:01  -  Run Remote Usage
		Usr 0 00:00:00, Sys 0 00:00:00  -  Run Local Usage
		Usr 0 00:00:52, Sys 0 00:00:01  -  Total Remote Usage
		Usr 0 00:00:00, Sys 0 00:00:00  -  Total Local Usage
	0  -  Run Bytes Sent By Job
	0  -  Run Bytes Received By Job
	0  -  Total Bytes Sent By Job
	0  -  Total Bytes Received By Job
	Partitionable Resources :    Usage  Request Allocated
	   Cpus                 :                 1         1
	   Disk (KB)            :        1        1  16724935
	   Memory (MB)          :        2        1      4023
...
000 (8740395.000.000) 11/29 20:51:04 Job submitted from host: <10.10.48.31:12542?addrs=10.10.48.31-12542>
...
001 (8740395.000.000) 11/29 20:51:24 Job executing on host: <10.10.48.141:50603?addrs=10.10.48.141-50603>
...
006 (8740395.000.000) 11/29 20:51:33 Image size of job updated: 183224
	33  -  MemoryUsage of job (MB)
	33768  -  ResidentSetSize of job (KB)
...
000 (8740495.000.000) 11/29 20:52:27 Job submitted from host: <10.10.48.31:12542?addrs=10.10.48.31-12542>
...
001 (8740495.000.000) 11/29 20:52:49 Job executing on host: <10.10.48.139:49429?addrs=10.10.48.139-49429>
...
006 (8740495.000.000) 11/29 20:52:58 Image size of job updated: 183160
	33  -  MemoryUsage of job (MB)
	33684  -  ResidentSetSize of job (KB)
...
006 (8740395.000.000) 11/29 20:56:34 Image size of job updated: 203184
	44  -  MemoryUsage of job (MB)
	44276  -  ResidentSetSize of job (KB)
...
006 (8740495.000.000) 11/29 20:57:57 Image size of job updated: 203052
	33  -  MemoryUsage of job (MB)
	33684  -  ResidentSetSize of job (KB)
...
005 (8740495.000.000) 11/29 20:57:57 Job terminated.
	(1) Normal termination (return value 0)
		Usr 0 00:01:42, Sys 0 00:00:02  -  Run Remote Usage
		Usr 0 00:00:00, Sys 0 00:00:00  -  Run Local Usage
		Usr 0 00:01:42, Sys 0 00:00:02  -  Total Remote Usage
		Usr 0 00:00:00, Sys 0 00:00:00  -  Total Local Usage
	0  -  Run Bytes Sent By Job
	0  -  Run Bytes Received By Job
	0  -  Total Bytes Sent By Job
	0  -  Total Bytes Received By Job
	Partitionable Resources :    Usage  Request Allocated
	   Cpus                 :                 1         1
	   Disk (KB)            :        1        1  13385363
	   Memory (MB)          :       33        1      6441
...
006 (8740395.000.000) 11/29 21:01:34 Image size of job updated: 203184
	44  -  MemoryUsage of job (MB)
	44836  -  ResidentSetSize of job (KB)
...
005 (8740395.000.000) 11/29 21:04:08 Job terminated.
	(1) Normal termination (return value 0)
		Usr 0 00:03:13, Sys 0 00:00:04  -  Run Remote Usage
		Usr 0 00:00:00, Sys 0 00:00:00  -  Run Local Usage
		Usr 0 00:03:13, Sys 0 00:00:04  -  Total Remote Usage
		Usr 0 00:00:00, Sys 0 00:00:00  -  Total Local Usage
	0  -  Run Bytes Sent By Job
	0  -  Run Bytes Received By Job
	0  -  Total Bytes Sent By Job
	0  -  Total Bytes Received By Job
	Partitionable Resources :    Usage  Request Allocated
	   Cpus                 :                 1         1
	   Disk (KB)            :        1        1  13376584
	   Memory (MB)          :       44        1      6441
...
