
Processing BiPo_coin.C(24844)...
totalEvents: 154283
0%
85%
4.68606%
5.62327%12.9632%
19.4448%
25.9264%
32.408%

10.3093%
45.3712%
51.8528%
13.121%
14.0582%
14.9954%71.2976%
77.7791%
84.2607%
18.7442%
19.6815%
20.6187%
21.5559%
22.4931%
23.4303%
24.3675%
25.3047%
26.2419%
27.1792%
28.1164%
29.0536%
29.9908%
30.928%
31.8652%
32.8024%
33.7396%
34.6769%
35.6141%
36.5513%
37.4885%
38.4257%
39.3629%
40.3001%
41.2373%
42.1746%
43.1118%
44.049%
44.9862%
45.9234%
46.8606%
47.7978%
48.735%
49.6723%
50.6095%
51.5467%
52.4839%
53.4211%
54.3583%
55.2955%
56.2327%
57.17%
58.1072%
59.0444%
59.9816%
60.9188%
61.856%
62.7932%
63.7304%
64.6677%
65.6049%
66.5421%
67.4793%
68.4165%
69.3537%
70.2909%
71.2281%
72.1654%
73.1026%
74.0398%
74.977%
75.9142%
76.8514%
77.7886%
78.7258%
79.6631%
80.6003%
81.5375%
82.4747%
83.4119%
84.3491%
85.2863%
86.2235%
87.1608%
88.098%
89.0352%
89.9724%
90.9096%
91.8468%
92.784%
93.7212%
94.6585%
95.5957%
96.5329%
97.4701%
98.4073%
99.3445%
100%
