000 (8513123.000.000) 11/20 20:04:41 Job submitted from host: <10.10.48.31:12542?addrs=10.10.48.31-12542>
...
001 (8513123.000.000) 11/20 20:04:53 Job executing on host: <10.10.48.146:58220?addrs=10.10.48.146-58220>
...
006 (8513123.000.000) 11/20 20:04:54 Image size of job updated: 1
	0  -  MemoryUsage of job (MB)
	0  -  ResidentSetSize of job (KB)
...
005 (8513123.000.000) 11/20 20:04:54 Job terminated.
	(1) Normal termination (return value 1)
		Usr 0 00:00:00, Sys 0 00:00:00  -  Run Remote Usage
		Usr 0 00:00:00, Sys 0 00:00:00  -  Run Local Usage
		Usr 0 00:00:00, Sys 0 00:00:00  -  Total Remote Usage
		Usr 0 00:00:00, Sys 0 00:00:00  -  Total Local Usage
	0  -  Run Bytes Sent By Job
	0  -  Run Bytes Received By Job
	0  -  Total Bytes Sent By Job
	0  -  Total Bytes Received By Job
	Partitionable Resources :    Usage  Request Allocated
	   Cpus                 :                 1         1
	   Disk (KB)            :        1        1  12315931
	   Memory (MB)          :        0        1      6441
...
000 (8513189.000.000) 11/20 20:06:17 Job submitted from host: <10.10.48.31:12542?addrs=10.10.48.31-12542>
...
001 (8513189.000.000) 11/20 20:06:33 Job executing on host: <10.10.48.146:58220?addrs=10.10.48.146-58220>
...
006 (8513189.000.000) 11/20 20:06:41 Image size of job updated: 268876
	103  -  MemoryUsage of job (MB)
	105380  -  ResidentSetSize of job (KB)
...
005 (8513189.000.000) 11/20 20:06:43 Job terminated.
	(1) Normal termination (return value 0)
		Usr 0 00:00:06, Sys 0 00:00:00  -  Run Remote Usage
		Usr 0 00:00:00, Sys 0 00:00:00  -  Run Local Usage
		Usr 0 00:00:06, Sys 0 00:00:00  -  Total Remote Usage
		Usr 0 00:00:00, Sys 0 00:00:00  -  Total Local Usage
	0  -  Run Bytes Sent By Job
	0  -  Run Bytes Received By Job
	0  -  Total Bytes Sent By Job
	0  -  Total Bytes Received By Job
	Partitionable Resources :    Usage  Request Allocated
	   Cpus                 :                 1         1
	   Disk (KB)            :        1        1  12039597
	   Memory (MB)          :      103        1      6441
...
000 (8568147.000.000) 11/23 10:24:44 Job submitted from host: <10.10.48.31:12542?addrs=10.10.48.31-12542>
...
001 (8568147.000.000) 11/23 10:24:51 Job executing on host: <10.10.48.41:20766?addrs=10.10.48.41-20766>
...
006 (8568147.000.000) 11/23 10:24:52 Image size of job updated: 191580
	0  -  MemoryUsage of job (MB)
	0  -  ResidentSetSize of job (KB)
...
005 (8568147.000.000) 11/23 10:24:52 Job terminated.
	(1) Normal termination (return value 0)
		Usr 0 00:00:00, Sys 0 00:00:00  -  Run Remote Usage
		Usr 0 00:00:00, Sys 0 00:00:00  -  Run Local Usage
		Usr 0 00:00:00, Sys 0 00:00:00  -  Total Remote Usage
		Usr 0 00:00:00, Sys 0 00:00:00  -  Total Local Usage
	0  -  Run Bytes Sent By Job
	0  -  Run Bytes Received By Job
	0  -  Total Bytes Sent By Job
	0  -  Total Bytes Received By Job
	Partitionable Resources :    Usage  Request Allocated
	   Cpus                 :                 1         1
	   Disk (KB)            :        1        1  16725580
	   Memory (MB)          :        0        1      4023
...
000 (8568995.000.000) 11/23 10:45:22 Job submitted from host: <10.10.48.31:12542?addrs=10.10.48.31-12542>
...
001 (8568995.000.000) 11/23 10:45:36 Job executing on host: <10.10.48.41:20766?addrs=10.10.48.41-20766>
...
006 (8568995.000.000) 11/23 10:45:44 Image size of job updated: 268880
	103  -  MemoryUsage of job (MB)
	105440  -  ResidentSetSize of job (KB)
...
005 (8568995.000.000) 11/23 10:45:53 Job terminated.
	(1) Normal termination (return value 0)
		Usr 0 00:00:07, Sys 0 00:00:00  -  Run Remote Usage
		Usr 0 00:00:00, Sys 0 00:00:00  -  Run Local Usage
		Usr 0 00:00:07, Sys 0 00:00:00  -  Total Remote Usage
		Usr 0 00:00:00, Sys 0 00:00:00  -  Total Local Usage
	0  -  Run Bytes Sent By Job
	0  -  Run Bytes Received By Job
	0  -  Total Bytes Sent By Job
	0  -  Total Bytes Received By Job
	Partitionable Resources :    Usage  Request Allocated
	   Cpus                 :                 1         1
	   Disk (KB)            :        1        1  16725471
	   Memory (MB)          :      103        1      4023
...
000 (8569549.000.000) 11/23 10:57:29 Job submitted from host: <10.10.48.31:12542?addrs=10.10.48.31-12542>
...
001 (8569549.000.000) 11/23 10:57:30 Job executing on host: <10.10.48.41:20766?addrs=10.10.48.41-20766>
...
006 (8569549.000.000) 11/23 10:57:37 Image size of job updated: 268932
	0  -  MemoryUsage of job (MB)
	0  -  ResidentSetSize of job (KB)
...
005 (8569549.000.000) 11/23 10:57:37 Job terminated.
	(1) Normal termination (return value 0)
		Usr 0 00:00:06, Sys 0 00:00:00  -  Run Remote Usage
		Usr 0 00:00:00, Sys 0 00:00:00  -  Run Local Usage
		Usr 0 00:00:06, Sys 0 00:00:00  -  Total Remote Usage
		Usr 0 00:00:00, Sys 0 00:00:00  -  Total Local Usage
	0  -  Run Bytes Sent By Job
	0  -  Run Bytes Received By Job
	0  -  Total Bytes Sent By Job
	0  -  Total Bytes Received By Job
	Partitionable Resources :    Usage  Request Allocated
	   Cpus                 :                 1         1
	   Disk (KB)            :        1        1  16725954
	   Memory (MB)          :        0        1      4023
...
000 (8577500.000.000) 11/23 15:06:24 Job submitted from host: <10.10.48.31:12542?addrs=10.10.48.31-12542>
...
001 (8577500.000.000) 11/23 15:06:29 Job executing on host: <10.10.48.41:20766?addrs=10.10.48.41-20766>
...
006 (8577500.000.000) 11/23 15:06:37 Image size of job updated: 268880
	103  -  MemoryUsage of job (MB)
	104976  -  ResidentSetSize of job (KB)
...
005 (8577500.000.000) 11/23 15:06:38 Job terminated.
	(1) Normal termination (return value 0)
		Usr 0 00:00:07, Sys 0 00:00:00  -  Run Remote Usage
		Usr 0 00:00:00, Sys 0 00:00:00  -  Run Local Usage
		Usr 0 00:00:07, Sys 0 00:00:00  -  Total Remote Usage
		Usr 0 00:00:00, Sys 0 00:00:00  -  Total Local Usage
	0  -  Run Bytes Sent By Job
	0  -  Run Bytes Received By Job
	0  -  Total Bytes Sent By Job
	0  -  Total Bytes Received By Job
	Partitionable Resources :    Usage  Request Allocated
	   Cpus                 :                 1         1
	   Disk (KB)            :        1        1  16724553
	   Memory (MB)          :      103        1      4023
...
000 (8580093.000.000) 11/23 16:48:53 Job submitted from host: <10.10.48.31:12542?addrs=10.10.48.31-12542>
...
001 (8580093.000.000) 11/23 16:49:10 Job executing on host: <10.10.48.41:20766?addrs=10.10.48.41-20766>
...
006 (8580093.000.000) 11/23 16:49:11 Image size of job updated: 177388
	0  -  MemoryUsage of job (MB)
	0  -  ResidentSetSize of job (KB)
...
005 (8580093.000.000) 11/23 16:49:11 Job terminated.
	(1) Normal termination (return value 0)
		Usr 0 00:00:00, Sys 0 00:00:00  -  Run Remote Usage
		Usr 0 00:00:00, Sys 0 00:00:00  -  Run Local Usage
		Usr 0 00:00:00, Sys 0 00:00:00  -  Total Remote Usage
		Usr 0 00:00:00, Sys 0 00:00:00  -  Total Local Usage
	0  -  Run Bytes Sent By Job
	0  -  Run Bytes Received By Job
	0  -  Total Bytes Sent By Job
	0  -  Total Bytes Received By Job
	Partitionable Resources :    Usage  Request Allocated
	   Cpus                 :                 1         1
	   Disk (KB)            :        1        1  16725849
	   Memory (MB)          :        0        1      4023
...
000 (8580103.000.000) 11/23 17:22:30 Job submitted from host: <10.10.48.31:12542?addrs=10.10.48.31-12542>
...
001 (8580103.000.000) 11/23 17:22:31 Job executing on host: <10.10.48.41:20766?addrs=10.10.48.41-20766>
...
006 (8580103.000.000) 11/23 17:22:32 Image size of job updated: 191580
	0  -  MemoryUsage of job (MB)
	0  -  ResidentSetSize of job (KB)
...
005 (8580103.000.000) 11/23 17:22:32 Job terminated.
	(1) Normal termination (return value 0)
		Usr 0 00:00:00, Sys 0 00:00:00  -  Run Remote Usage
		Usr 0 00:00:00, Sys 0 00:00:00  -  Run Local Usage
		Usr 0 00:00:00, Sys 0 00:00:00  -  Total Remote Usage
		Usr 0 00:00:00, Sys 0 00:00:00  -  Total Local Usage
	0  -  Run Bytes Sent By Job
	0  -  Run Bytes Received By Job
	0  -  Total Bytes Sent By Job
	0  -  Total Bytes Received By Job
	Partitionable Resources :    Usage  Request Allocated
	   Cpus                 :                 1         1
	   Disk (KB)            :        1        1  16725821
	   Memory (MB)          :        0        1      4023
...
000 (8580252.000.000) 11/24 10:17:55 Job submitted from host: <10.10.48.31:12542?addrs=10.10.48.31-12542>
...
001 (8580252.000.000) 11/24 10:18:10 Job executing on host: <10.10.48.41:20766?addrs=10.10.48.41-20766>
...
006 (8580252.000.000) 11/24 10:18:11 Image size of job updated: 136516
	0  -  MemoryUsage of job (MB)
	0  -  ResidentSetSize of job (KB)
...
005 (8580252.000.000) 11/24 10:18:11 Job terminated.
	(1) Normal termination (return value 0)
		Usr 0 00:00:00, Sys 0 00:00:00  -  Run Remote Usage
		Usr 0 00:00:00, Sys 0 00:00:00  -  Run Local Usage
		Usr 0 00:00:00, Sys 0 00:00:00  -  Total Remote Usage
		Usr 0 00:00:00, Sys 0 00:00:00  -  Total Local Usage
	0  -  Run Bytes Sent By Job
	0  -  Run Bytes Received By Job
	0  -  Total Bytes Sent By Job
	0  -  Total Bytes Received By Job
	Partitionable Resources :    Usage  Request Allocated
	   Cpus                 :                 1         1
	   Disk (KB)            :        1        1  16725725
	   Memory (MB)          :        0        1      4023
...
000 (8580257.000.000) 11/24 10:20:51 Job submitted from host: <10.10.48.31:12542?addrs=10.10.48.31-12542>
...
001 (8580257.000.000) 11/24 10:20:52 Job executing on host: <10.10.48.41:20766?addrs=10.10.48.41-20766>
...
006 (8580257.000.000) 11/24 10:21:01 Image size of job updated: 267440
	100  -  MemoryUsage of job (MB)
	101676  -  ResidentSetSize of job (KB)
...
006 (8580257.000.000) 11/24 10:21:09 Image size of job updated: 267608
	100  -  MemoryUsage of job (MB)
	101676  -  ResidentSetSize of job (KB)
...
005 (8580257.000.000) 11/24 10:21:09 Job terminated.
	(1) Normal termination (return value 0)
		Usr 0 00:00:15, Sys 0 00:00:00  -  Run Remote Usage
		Usr 0 00:00:00, Sys 0 00:00:00  -  Run Local Usage
		Usr 0 00:00:15, Sys 0 00:00:00  -  Total Remote Usage
		Usr 0 00:00:00, Sys 0 00:00:00  -  Total Local Usage
	0  -  Run Bytes Sent By Job
	0  -  Run Bytes Received By Job
	0  -  Total Bytes Sent By Job
	0  -  Total Bytes Received By Job
	Partitionable Resources :    Usage  Request Allocated
	   Cpus                 :                 1         1
	   Disk (KB)            :        1        1  16725714
	   Memory (MB)          :      100        1      4023
...
000 (8581680.000.000) 11/24 20:22:51 Job submitted from host: <10.10.48.31:12542?addrs=10.10.48.31-12542>
...
001 (8581680.000.000) 11/24 20:22:52 Job executing on host: <10.10.48.41:20766?addrs=10.10.48.41-20766>
...
006 (8581680.000.000) 11/24 20:22:53 Image size of job updated: 190356
	0  -  MemoryUsage of job (MB)
	0  -  ResidentSetSize of job (KB)
...
005 (8581680.000.000) 11/24 20:22:53 Job terminated.
	(1) Normal termination (return value 0)
		Usr 0 00:00:00, Sys 0 00:00:00  -  Run Remote Usage
		Usr 0 00:00:00, Sys 0 00:00:00  -  Run Local Usage
		Usr 0 00:00:00, Sys 0 00:00:00  -  Total Remote Usage
		Usr 0 00:00:00, Sys 0 00:00:00  -  Total Local Usage
	0  -  Run Bytes Sent By Job
	0  -  Run Bytes Received By Job
	0  -  Total Bytes Sent By Job
	0  -  Total Bytes Received By Job
	Partitionable Resources :    Usage  Request Allocated
	   Cpus                 :                 1         1
	   Disk (KB)            :        1        1  16725483
	   Memory (MB)          :        0        1      4023
...
000 (8581736.000.000) 11/24 20:31:05 Job submitted from host: <10.10.48.31:12542?addrs=10.10.48.31-12542>
...
001 (8581736.000.000) 11/24 20:31:06 Job executing on host: <10.10.48.41:20766?addrs=10.10.48.41-20766>
...
006 (8581736.000.000) 11/24 20:31:15 Image size of job updated: 136384
	24  -  MemoryUsage of job (MB)
	24496  -  ResidentSetSize of job (KB)
...
006 (8581736.000.000) 11/24 20:33:37 Image size of job updated: 201704
	24  -  MemoryUsage of job (MB)
	24496  -  ResidentSetSize of job (KB)
...
005 (8581736.000.000) 11/24 20:33:37 Job terminated.
	(1) Normal termination (return value 0)
		Usr 0 00:01:25, Sys 0 00:00:02  -  Run Remote Usage
		Usr 0 00:00:00, Sys 0 00:00:00  -  Run Local Usage
		Usr 0 00:01:25, Sys 0 00:00:02  -  Total Remote Usage
		Usr 0 00:00:00, Sys 0 00:00:00  -  Total Local Usage
	0  -  Run Bytes Sent By Job
	0  -  Run Bytes Received By Job
	0  -  Total Bytes Sent By Job
	0  -  Total Bytes Received By Job
	Partitionable Resources :    Usage  Request Allocated
	   Cpus                 :                 1         1
	   Disk (KB)            :        1        1  16725447
	   Memory (MB)          :       24        1      4023
...
000 (8581792.000.000) 11/24 20:41:16 Job submitted from host: <10.10.48.31:12542?addrs=10.10.48.31-12542>
...
001 (8581792.000.000) 11/24 20:41:17 Job executing on host: <10.10.48.41:20766?addrs=10.10.48.41-20766>
...
006 (8581792.000.000) 11/24 20:41:26 Image size of job updated: 201744
	42  -  MemoryUsage of job (MB)
	42136  -  ResidentSetSize of job (KB)
...
006 (8581792.000.000) 11/24 20:45:35 Image size of job updated: 201960
	42  -  MemoryUsage of job (MB)
	42136  -  ResidentSetSize of job (KB)
...
005 (8581792.000.000) 11/24 20:45:35 Job terminated.
	(1) Normal termination (return value 0)
		Usr 0 00:03:52, Sys 0 00:00:03  -  Run Remote Usage
		Usr 0 00:00:00, Sys 0 00:00:00  -  Run Local Usage
		Usr 0 00:03:52, Sys 0 00:00:03  -  Total Remote Usage
		Usr 0 00:00:00, Sys 0 00:00:00  -  Total Local Usage
	0  -  Run Bytes Sent By Job
	0  -  Run Bytes Received By Job
	0  -  Total Bytes Sent By Job
	0  -  Total Bytes Received By Job
	Partitionable Resources :    Usage  Request Allocated
	   Cpus                 :                 1         1
	   Disk (KB)            :        1        1  16725423
	   Memory (MB)          :       42        1      4023
...
000 (8739395.000.000) 11/29 19:23:00 Job submitted from host: <10.10.48.31:12542?addrs=10.10.48.31-12542>
...
001 (8739395.000.000) 11/29 19:23:00 Job executing on host: <10.10.48.41:20766?addrs=10.10.48.41-20766>
...
006 (8739395.000.000) 11/29 19:23:09 Image size of job updated: 183204
	33  -  MemoryUsage of job (MB)
	33720  -  ResidentSetSize of job (KB)
...
006 (8739395.000.000) 11/29 19:27:36 Image size of job updated: 203076
	33  -  MemoryUsage of job (MB)
	33720  -  ResidentSetSize of job (KB)
...
005 (8739395.000.000) 11/29 19:27:36 Job terminated.
	(1) Normal termination (return value 0)
		Usr 0 00:01:09, Sys 0 00:00:01  -  Run Remote Usage
		Usr 0 00:00:00, Sys 0 00:00:00  -  Run Local Usage
		Usr 0 00:01:09, Sys 0 00:00:01  -  Total Remote Usage
		Usr 0 00:00:00, Sys 0 00:00:00  -  Total Local Usage
	0  -  Run Bytes Sent By Job
	0  -  Run Bytes Received By Job
	0  -  Total Bytes Sent By Job
	0  -  Total Bytes Received By Job
	Partitionable Resources :    Usage  Request Allocated
	   Cpus                 :                 1         1
	   Disk (KB)            :        1        1  16724429
	   Memory (MB)          :       33        1      4023
...
000 (8739546.000.000) 11/29 19:34:18 Job submitted from host: <10.10.48.31:12542?addrs=10.10.48.31-12542>
...
001 (8739546.000.000) 11/29 19:34:28 Job executing on host: <10.10.48.41:20766?addrs=10.10.48.41-20766>
...
006 (8739546.000.000) 11/29 19:34:36 Image size of job updated: 183152
	32  -  MemoryUsage of job (MB)
	32368  -  ResidentSetSize of job (KB)
...
000 (8739602.000.000) 11/29 19:34:36 Job submitted from host: <10.10.48.31:12542?addrs=10.10.48.31-12542>
...
000 (8739607.000.000) 11/29 19:34:42 Job submitted from host: <10.10.48.31:12542?addrs=10.10.48.31-12542>
...
001 (8739602.000.000) 11/29 19:34:44 Job executing on host: <10.10.48.141:50603?addrs=10.10.48.141-50603>
...
001 (8739607.000.000) 11/29 19:34:48 Job executing on host: <10.10.48.145:26377?addrs=10.10.48.145-26377>
...
006 (8739602.000.000) 11/29 19:34:49 Image size of job updated: 202772
	0  -  MemoryUsage of job (MB)
	0  -  ResidentSetSize of job (KB)
...
005 (8739602.000.000) 11/29 19:34:49 Job terminated.
	(1) Normal termination (return value 0)
		Usr 0 00:00:01, Sys 0 00:00:00  -  Run Remote Usage
		Usr 0 00:00:00, Sys 0 00:00:00  -  Run Local Usage
		Usr 0 00:00:01, Sys 0 00:00:00  -  Total Remote Usage
		Usr 0 00:00:00, Sys 0 00:00:00  -  Total Local Usage
	0  -  Run Bytes Sent By Job
	0  -  Run Bytes Received By Job
	0  -  Total Bytes Sent By Job
	0  -  Total Bytes Received By Job
	Partitionable Resources :    Usage  Request Allocated
	   Cpus                 :                 1         1
	   Disk (KB)            :        1        1  13376597
	   Memory (MB)          :        0        1      6441
...
006 (8739607.000.000) 11/29 19:34:56 Image size of job updated: 183156
	32  -  MemoryUsage of job (MB)
	32404  -  ResidentSetSize of job (KB)
...
006 (8739546.000.000) 11/29 19:36:51 Image size of job updated: 202892
	32  -  MemoryUsage of job (MB)
	32368  -  ResidentSetSize of job (KB)
...
005 (8739546.000.000) 11/29 19:36:51 Job terminated.
	(1) Normal termination (return value 0)
		Usr 0 00:00:39, Sys 0 00:00:01  -  Run Remote Usage
		Usr 0 00:00:00, Sys 0 00:00:00  -  Run Local Usage
		Usr 0 00:00:39, Sys 0 00:00:01  -  Total Remote Usage
		Usr 0 00:00:00, Sys 0 00:00:00  -  Total Local Usage
	0  -  Run Bytes Sent By Job
	0  -  Run Bytes Received By Job
	0  -  Total Bytes Sent By Job
	0  -  Total Bytes Received By Job
	Partitionable Resources :    Usage  Request Allocated
	   Cpus                 :                 1         1
	   Disk (KB)            :        1        1  16724406
	   Memory (MB)          :       32        1      4023
...
006 (8739607.000.000) 11/29 19:37:31 Image size of job updated: 203132
	32  -  MemoryUsage of job (MB)
	32404  -  ResidentSetSize of job (KB)
...
005 (8739607.000.000) 11/29 19:37:31 Job terminated.
	(1) Normal termination (return value 0)
		Usr 0 00:01:14, Sys 0 00:00:01  -  Run Remote Usage
		Usr 0 00:00:00, Sys 0 00:00:00  -  Run Local Usage
		Usr 0 00:01:14, Sys 0 00:00:01  -  Total Remote Usage
		Usr 0 00:00:00, Sys 0 00:00:00  -  Total Local Usage
	0  -  Run Bytes Sent By Job
	0  -  Run Bytes Received By Job
	0  -  Total Bytes Sent By Job
	0  -  Total Bytes Received By Job
	Partitionable Resources :    Usage  Request Allocated
	   Cpus                 :                 1         1
	   Disk (KB)            :        1        1  13384175
	   Memory (MB)          :       32        1      6441
...
000 (8740367.000.000) 11/29 20:51:01 Job submitted from host: <10.10.48.31:12542?addrs=10.10.48.31-12542>
...
001 (8740367.000.000) 11/29 20:51:03 Job executing on host: <10.10.48.41:20766?addrs=10.10.48.41-20766>
...
006 (8740367.000.000) 11/29 20:51:12 Image size of job updated: 183392
	32  -  MemoryUsage of job (MB)
	32624  -  ResidentSetSize of job (KB)
...
000 (8740469.000.000) 11/29 20:52:25 Job submitted from host: <10.10.48.31:12542?addrs=10.10.48.31-12542>
...
001 (8740469.000.000) 11/29 20:52:26 Job executing on host: <10.10.48.41:20766?addrs=10.10.48.41-20766>
...
006 (8740469.000.000) 11/29 20:52:34 Image size of job updated: 176152
	30  -  MemoryUsage of job (MB)
	30584  -  ResidentSetSize of job (KB)
...
000 (8740592.000.000) 11/29 20:53:46 Job submitted from host: <10.10.48.31:12542?addrs=10.10.48.31-12542>
...
001 (8740592.000.000) 11/29 20:53:50 Job executing on host: <10.10.48.141:50603?addrs=10.10.48.141-50603>
...
000 (8740597.000.000) 11/29 20:53:56 Job submitted from host: <10.10.48.31:12542?addrs=10.10.48.31-12542>
...
006 (8740592.000.000) 11/29 20:53:58 Image size of job updated: 1
	2  -  MemoryUsage of job (MB)
	1872  -  ResidentSetSize of job (KB)
...
005 (8740592.000.000) 11/29 20:53:58 Job terminated.
	(1) Normal termination (return value 0)
		Usr 0 00:00:00, Sys 0 00:00:00  -  Run Remote Usage
		Usr 0 00:00:00, Sys 0 00:00:00  -  Run Local Usage
		Usr 0 00:00:00, Sys 0 00:00:00  -  Total Remote Usage
		Usr 0 00:00:00, Sys 0 00:00:00  -  Total Local Usage
	0  -  Run Bytes Sent By Job
	0  -  Run Bytes Received By Job
	0  -  Total Bytes Sent By Job
	0  -  Total Bytes Received By Job
	Partitionable Resources :    Usage  Request Allocated
	   Cpus                 :                 1         1
	   Disk (KB)            :        1        1  13376527
	   Memory (MB)          :        2        1      6441
...
001 (8740597.000.000) 11/29 20:54:00 Job executing on host: <10.10.48.41:20766?addrs=10.10.48.41-20766>
...
006 (8740597.000.000) 11/29 20:54:08 Image size of job updated: 1
	2  -  MemoryUsage of job (MB)
	1812  -  ResidentSetSize of job (KB)
...
006 (8740367.000.000) 11/29 20:56:13 Image size of job updated: 203076
	43  -  MemoryUsage of job (MB)
	43812  -  ResidentSetSize of job (KB)
...
006 (8740469.000.000) 11/29 20:56:58 Image size of job updated: 203012
	30  -  MemoryUsage of job (MB)
	30584  -  ResidentSetSize of job (KB)
...
005 (8740469.000.000) 11/29 20:56:58 Job terminated.
	(1) Normal termination (return value 0)
		Usr 0 00:01:36, Sys 0 00:00:02  -  Run Remote Usage
		Usr 0 00:00:00, Sys 0 00:00:00  -  Run Local Usage
		Usr 0 00:01:36, Sys 0 00:00:02  -  Total Remote Usage
		Usr 0 00:00:00, Sys 0 00:00:00  -  Total Local Usage
	0  -  Run Bytes Sent By Job
	0  -  Run Bytes Received By Job
	0  -  Total Bytes Sent By Job
	0  -  Total Bytes Received By Job
	Partitionable Resources :    Usage  Request Allocated
	   Cpus                 :                 1         1
	   Disk (KB)            :        1        1  16724693
	   Memory (MB)          :       30        1      4023
...
006 (8740367.000.000) 11/29 20:58:31 Image size of job updated: 203080
	43  -  MemoryUsage of job (MB)
	43812  -  ResidentSetSize of job (KB)
...
005 (8740367.000.000) 11/29 20:58:31 Job terminated.
	(1) Normal termination (return value 0)
		Usr 0 00:02:40, Sys 0 00:00:04  -  Run Remote Usage
		Usr 0 00:00:00, Sys 0 00:00:00  -  Run Local Usage
		Usr 0 00:02:40, Sys 0 00:00:04  -  Total Remote Usage
		Usr 0 00:00:00, Sys 0 00:00:00  -  Total Local Usage
	0  -  Run Bytes Sent By Job
	0  -  Run Bytes Received By Job
	0  -  Total Bytes Sent By Job
	0  -  Total Bytes Received By Job
	Partitionable Resources :    Usage  Request Allocated
	   Cpus                 :                 1         1
	   Disk (KB)            :        1        1  16724672
	   Memory (MB)          :       43        1      4023
...
006 (8740597.000.000) 11/29 20:58:40 Image size of job updated: 203036
	2  -  MemoryUsage of job (MB)
	1812  -  ResidentSetSize of job (KB)
...
005 (8740597.000.000) 11/29 20:58:40 Job terminated.
	(1) Normal termination (return value 0)
		Usr 0 00:01:53, Sys 0 00:00:02  -  Run Remote Usage
		Usr 0 00:00:00, Sys 0 00:00:00  -  Run Local Usage
		Usr 0 00:01:53, Sys 0 00:00:02  -  Total Remote Usage
		Usr 0 00:00:00, Sys 0 00:00:00  -  Total Local Usage
	0  -  Run Bytes Sent By Job
	0  -  Run Bytes Received By Job
	0  -  Total Bytes Sent By Job
	0  -  Total Bytes Received By Job
	Partitionable Resources :    Usage  Request Allocated
	   Cpus                 :                 1         1
	   Disk (KB)            :        1        1  16724679
	   Memory (MB)          :        2        1      4023
...
