
Processing BiPo_coin.C(24843)...
totalEvents: 482715
0%
2.67921%
3.34902%
4.01882%
4.68862%
5.35843%
6.02823%
6.69803%
7.36783%
8.03764%
8.70744%
18.6445%
10.047%
10.7169%
11.3867%
12.0565%
12.7263%
9.0026%
13.3961%
14.0659%
14.7357%
15.4055%
39.3607%
16.7451%
17.4149%
18.0847%
18.7545%
19.4243%
20.0941%
20.7639%
21.4337%
22.1035%
22.7733%
23.4431%
24.1129%58.0052%
60.0769%
626.1223%
26.7921%
27.4619%
28.1317%
0.4349%
72.5066%
28.8015%
29.4713%
30.1411%
30.8109%
31.4807%
32.1506%
4.9362%
32.8204%
33.4902%
34.16%
34.8298%
35.4996%
36.1694%
36.8392%
37.509%
38.1788%
38.8486%
39.5184%
40.1882%
40.858%
41.5278%
42.1976%
42.8674%
43.5372%
44.207%
44.8768%
45.5466%
46.2164%
46.8862%
47.556%
48.2258%
48.8956%
49.5654%
50.2352%
50.905%
51.5748%
52.2446%
52.9144%
53.5843%
54.2541%
54.9239%
55.5937%
56.2635%
56.9333%
57.6031%
58.2729%
58.9427%
59.6125%
60.2823%
60.9521%
61.6219%
62.2917%
62.9615%
63.6313%
64.3011%
64.9709%
65.6407%
66.3105%
66.9803%
67.6501%
68.3199%
68.9897%
69.6595%
70.3293%
70.9991%
71.6689%
72.3387%
73.0085%
73.6783%
74.3481%
75.018%
75.6878%
76.3576%
77.0274%
77.6972%
78.367%
79.0368%
79.7066%
80.3764%
81.0462%
81.716%
82.3858%
83.0556%
83.7254%
84.3952%
85.065%
85.7348%
86.4046%
87.0744%
87.7442%
88.414%
89.0838%
89.7536%
90.4234%
91.0932%
91.763%
92.4328%
93.1026%
93.7724%
94.4422%
95.112%
95.7818%
96.4517%
97.1215%
97.7913%
98.4611%
99.1309%
99.8007%
100%
