
Processing BiPo_coin.C(24656)...
totalEvents: 1013755
0%
0.986432%
1.97286%
2.95929%
3.94573%
4.93216%
5.91859%
6.90502%
7.89145%
8.87788%
9.86432%
10.8507%
11.8372%
12.8236%
43574%
1.68715%
2.53072%
3.3743%
4.21787%
5.06145%
5.90502%
6.74859%
7.59217%
8.43574%
9.27932%
20.7151%
10.9665%
11.81%
12.6536%
%
24.6608%
14.3408%
15.1843%
16.0279%
28.6065%
29.5929%
30.5794%
18.5586%
19.4022%
20.2458%
21.0894%
34.5251%
35.5115%
23.6201%
24.4637%
25.3072%39.4573%
40.4437%
427.838%
28.6815%
29.5251%
30.3687%45.3759%
46.3623%

32.8994%
33.743%
34.5865%
35.4301%
51.2944%
52.2809%
53.2673%
38.8044%
39.648%
40.4916%
457.213%
58.1995%
59.1859%
43.8659%
44.7094%
45.553%
46.3966%
47.2402%

65.1045%
66.0909%
67.0774%
68.0638%
49.7709%
50.6145%
51.458%
52.3016%
53.1452%

73.9824%
74.9688%
75.9552%
55.6759%
56.5195%
57.3631%
58.2066%80.8874%
81.8738%
82.8603%

61.5809%
62.4245%
63.2681%
64.1116%
64.9552%
65.7988%88.7788%
89.7653%

68.3295%
69.1731%
70.0167%
70.8602%
71.7038%94.6974%
95.6839%
96.6703%
75.0781%
75.9217%
76.7653%
77.6088%
78.4524%
79.296%
80.1396%
80.9831%
81.8267%
82.6703%
83.5139%
84.3574%
85.201%
86.0446%
86.8882%
87.7317%
88.5753%
89.4189%
90.2625%
91.106%
91.9496%
92.7932%
93.6368%
94.4803%
95.3239%
96.1675%
97.011%
97.8546%
98.6982%
99.5418%
100%
