000 (8513134.000.000) 11/20 20:04:41 Job submitted from host: <10.10.48.31:12542?addrs=10.10.48.31-12542>
...
001 (8513134.000.000) 11/20 20:04:53 Job executing on host: <10.10.48.141:50603?addrs=10.10.48.141-50603>
...
006 (8513134.000.000) 11/20 20:04:53 Image size of job updated: 175912
	0  -  MemoryUsage of job (MB)
	0  -  ResidentSetSize of job (KB)
...
005 (8513134.000.000) 11/20 20:04:54 Job terminated.
	(1) Normal termination (return value 1)
		Usr 0 00:00:00, Sys 0 00:00:00  -  Run Remote Usage
		Usr 0 00:00:00, Sys 0 00:00:00  -  Run Local Usage
		Usr 0 00:00:00, Sys 0 00:00:00  -  Total Remote Usage
		Usr 0 00:00:00, Sys 0 00:00:00  -  Total Local Usage
	0  -  Run Bytes Sent By Job
	0  -  Run Bytes Received By Job
	0  -  Total Bytes Sent By Job
	0  -  Total Bytes Received By Job
	Partitionable Resources :    Usage  Request Allocated
	   Cpus                 :                 1         1
	   Disk (KB)            :        1        1  13019225
	   Memory (MB)          :        0        1      6441
...
000 (8513200.000.000) 11/20 20:06:17 Job submitted from host: <10.10.48.31:12542?addrs=10.10.48.31-12542>
...
001 (8513200.000.000) 11/20 20:06:35 Job executing on host: <10.10.48.141:50603?addrs=10.10.48.141-50603>
...
006 (8513200.000.000) 11/20 20:06:44 Image size of job updated: 262904
	98  -  MemoryUsage of job (MB)
	100168  -  ResidentSetSize of job (KB)
...
006 (8513200.000.000) 11/20 20:07:33 Image size of job updated: 263104
	98  -  MemoryUsage of job (MB)
	100168  -  ResidentSetSize of job (KB)
...
005 (8513200.000.000) 11/20 20:07:33 Job terminated.
	(1) Normal termination (return value 0)
		Usr 0 00:00:36, Sys 0 00:00:01  -  Run Remote Usage
		Usr 0 00:00:00, Sys 0 00:00:00  -  Run Local Usage
		Usr 0 00:00:36, Sys 0 00:00:01  -  Total Remote Usage
		Usr 0 00:00:00, Sys 0 00:00:00  -  Total Local Usage
	0  -  Run Bytes Sent By Job
	0  -  Run Bytes Received By Job
	0  -  Total Bytes Sent By Job
	0  -  Total Bytes Received By Job
	Partitionable Resources :    Usage  Request Allocated
	   Cpus                 :                 1         1
	   Disk (KB)            :        1        1  13070904
	   Memory (MB)          :       98        1      6441
...
000 (8568158.000.000) 11/23 10:24:46 Job submitted from host: <10.10.48.31:12542?addrs=10.10.48.31-12542>
...
001 (8568158.000.000) 11/23 10:24:51 Job executing on host: <10.10.48.146:58220?addrs=10.10.48.146-58220>
...
006 (8568158.000.000) 11/23 10:24:53 Image size of job updated: 190352
	0  -  MemoryUsage of job (MB)
	0  -  ResidentSetSize of job (KB)
...
005 (8568158.000.000) 11/23 10:24:55 Job terminated.
	(1) Normal termination (return value 0)
		Usr 0 00:00:00, Sys 0 00:00:00  -  Run Remote Usage
		Usr 0 00:00:00, Sys 0 00:00:00  -  Run Local Usage
		Usr 0 00:00:00, Sys 0 00:00:00  -  Total Remote Usage
		Usr 0 00:00:00, Sys 0 00:00:00  -  Total Local Usage
	0  -  Run Bytes Sent By Job
	0  -  Run Bytes Received By Job
	0  -  Total Bytes Sent By Job
	0  -  Total Bytes Received By Job
	Partitionable Resources :    Usage  Request Allocated
	   Cpus                 :                 1         1
	   Disk (KB)            :        1        1  13348234
	   Memory (MB)          :        0        1      6441
...
000 (8569006.000.000) 11/23 10:45:23 Job submitted from host: <10.10.48.31:12542?addrs=10.10.48.31-12542>
...
001 (8569006.000.000) 11/23 10:45:37 Job executing on host: <10.10.48.41:20766?addrs=10.10.48.41-20766>
...
006 (8569006.000.000) 11/23 10:45:46 Image size of job updated: 196672
	38  -  MemoryUsage of job (MB)
	38168  -  ResidentSetSize of job (KB)
...
006 (8569006.000.000) 11/23 10:46:36 Image size of job updated: 263272
	38  -  MemoryUsage of job (MB)
	38168  -  ResidentSetSize of job (KB)
...
005 (8569006.000.000) 11/23 10:46:36 Job terminated.
	(1) Normal termination (return value 0)
		Usr 0 00:00:29, Sys 0 00:00:01  -  Run Remote Usage
		Usr 0 00:00:00, Sys 0 00:00:00  -  Run Local Usage
		Usr 0 00:00:29, Sys 0 00:00:01  -  Total Remote Usage
		Usr 0 00:00:00, Sys 0 00:00:00  -  Total Local Usage
	0  -  Run Bytes Sent By Job
	0  -  Run Bytes Received By Job
	0  -  Total Bytes Sent By Job
	0  -  Total Bytes Received By Job
	Partitionable Resources :    Usage  Request Allocated
	   Cpus                 :                 1         1
	   Disk (KB)            :        1        1  16725465
	   Memory (MB)          :       38        1      4023
...
000 (8569560.000.000) 11/23 10:57:30 Job submitted from host: <10.10.48.31:12542?addrs=10.10.48.31-12542>
...
001 (8569560.000.000) 11/23 10:57:37 Job executing on host: <10.10.48.41:20766?addrs=10.10.48.41-20766>
...
006 (8569560.000.000) 11/23 10:57:45 Image size of job updated: 263124
	97  -  MemoryUsage of job (MB)
	98900  -  ResidentSetSize of job (KB)
...
006 (8569560.000.000) 11/23 10:58:16 Image size of job updated: 263344
	97  -  MemoryUsage of job (MB)
	98900  -  ResidentSetSize of job (KB)
...
005 (8569560.000.000) 11/23 10:58:16 Job terminated.
	(1) Normal termination (return value 0)
		Usr 0 00:00:34, Sys 0 00:00:00  -  Run Remote Usage
		Usr 0 00:00:00, Sys 0 00:00:00  -  Run Local Usage
		Usr 0 00:00:34, Sys 0 00:00:00  -  Total Remote Usage
		Usr 0 00:00:00, Sys 0 00:00:00  -  Total Local Usage
	0  -  Run Bytes Sent By Job
	0  -  Run Bytes Received By Job
	0  -  Total Bytes Sent By Job
	0  -  Total Bytes Received By Job
	Partitionable Resources :    Usage  Request Allocated
	   Cpus                 :                 1         1
	   Disk (KB)            :        1        1  16725954
	   Memory (MB)          :       97        1      4023
...
000 (8577511.000.000) 11/23 15:06:25 Job submitted from host: <10.10.48.31:12542?addrs=10.10.48.31-12542>
...
001 (8577511.000.000) 11/23 15:06:31 Job executing on host: <10.10.48.41:20766?addrs=10.10.48.41-20766>
...
006 (8577511.000.000) 11/23 15:06:39 Image size of job updated: 263084
	96  -  MemoryUsage of job (MB)
	97468  -  ResidentSetSize of job (KB)
...
006 (8577511.000.000) 11/23 15:07:09 Image size of job updated: 263276
	96  -  MemoryUsage of job (MB)
	97468  -  ResidentSetSize of job (KB)
...
005 (8577511.000.000) 11/23 15:07:09 Job terminated.
	(1) Normal termination (return value 0)
		Usr 0 00:00:36, Sys 0 00:00:00  -  Run Remote Usage
		Usr 0 00:00:00, Sys 0 00:00:00  -  Run Local Usage
		Usr 0 00:00:36, Sys 0 00:00:00  -  Total Remote Usage
		Usr 0 00:00:00, Sys 0 00:00:00  -  Total Local Usage
	0  -  Run Bytes Sent By Job
	0  -  Run Bytes Received By Job
	0  -  Total Bytes Sent By Job
	0  -  Total Bytes Received By Job
	Partitionable Resources :    Usage  Request Allocated
	   Cpus                 :                 1         1
	   Disk (KB)            :        1        1  16724555
	   Memory (MB)          :       96        1      4023
...
000 (8580114.000.000) 11/23 17:22:32 Job submitted from host: <10.10.48.31:12542?addrs=10.10.48.31-12542>
...
001 (8580114.000.000) 11/23 17:22:34 Job executing on host: <10.10.48.41:20766?addrs=10.10.48.41-20766>
...
006 (8580114.000.000) 11/23 17:22:34 Image size of job updated: 191180
	0  -  MemoryUsage of job (MB)
	0  -  ResidentSetSize of job (KB)
...
005 (8580114.000.000) 11/23 17:22:34 Job terminated.
	(1) Normal termination (return value 0)
		Usr 0 00:00:00, Sys 0 00:00:00  -  Run Remote Usage
		Usr 0 00:00:00, Sys 0 00:00:00  -  Run Local Usage
		Usr 0 00:00:00, Sys 0 00:00:00  -  Total Remote Usage
		Usr 0 00:00:00, Sys 0 00:00:00  -  Total Local Usage
	0  -  Run Bytes Sent By Job
	0  -  Run Bytes Received By Job
	0  -  Total Bytes Sent By Job
	0  -  Total Bytes Received By Job
	Partitionable Resources :    Usage  Request Allocated
	   Cpus                 :                 1         1
	   Disk (KB)            :        1        1  16725821
	   Memory (MB)          :        0        1      4023
...
000 (8580268.000.000) 11/24 10:20:52 Job submitted from host: <10.10.48.31:12542?addrs=10.10.48.31-12542>
...
001 (8580268.000.000) 11/24 10:20:55 Job executing on host: <10.10.48.41:20766?addrs=10.10.48.41-20766>
...
006 (8580268.000.000) 11/24 10:21:00 Image size of job updated: 264716
	0  -  MemoryUsage of job (MB)
	0  -  ResidentSetSize of job (KB)
...
005 (8580268.000.000) 11/24 10:21:00 Job terminated.
	(1) Normal termination (return value 0)
		Usr 0 00:00:03, Sys 0 00:00:00  -  Run Remote Usage
		Usr 0 00:00:00, Sys 0 00:00:00  -  Run Local Usage
		Usr 0 00:00:03, Sys 0 00:00:00  -  Total Remote Usage
		Usr 0 00:00:00, Sys 0 00:00:00  -  Total Local Usage
	0  -  Run Bytes Sent By Job
	0  -  Run Bytes Received By Job
	0  -  Total Bytes Sent By Job
	0  -  Total Bytes Received By Job
	Partitionable Resources :    Usage  Request Allocated
	   Cpus                 :                 1         1
	   Disk (KB)            :        1        1  16725719
	   Memory (MB)          :        0        1      4023
...
000 (8581691.000.000) 11/24 20:22:52 Job submitted from host: <10.10.48.31:12542?addrs=10.10.48.31-12542>
...
001 (8581691.000.000) 11/24 20:22:55 Job executing on host: <10.10.48.41:20766?addrs=10.10.48.41-20766>
...
006 (8581691.000.000) 11/24 20:22:55 Image size of job updated: 191580
	0  -  MemoryUsage of job (MB)
	0  -  ResidentSetSize of job (KB)
...
005 (8581691.000.000) 11/24 20:22:55 Job terminated.
	(1) Normal termination (return value 0)
		Usr 0 00:00:00, Sys 0 00:00:00  -  Run Remote Usage
		Usr 0 00:00:00, Sys 0 00:00:00  -  Run Local Usage
		Usr 0 00:00:00, Sys 0 00:00:00  -  Total Remote Usage
		Usr 0 00:00:00, Sys 0 00:00:00  -  Total Local Usage
	0  -  Run Bytes Sent By Job
	0  -  Run Bytes Received By Job
	0  -  Total Bytes Sent By Job
	0  -  Total Bytes Received By Job
	Partitionable Resources :    Usage  Request Allocated
	   Cpus                 :                 1         1
	   Disk (KB)            :        1        1  16725484
	   Memory (MB)          :        0        1      4023
...
000 (8581747.000.000) 11/24 20:31:07 Job submitted from host: <10.10.48.31:12542?addrs=10.10.48.31-12542>
...
001 (8581747.000.000) 11/24 20:31:29 Job executing on host: <10.10.48.41:20766?addrs=10.10.48.41-20766>
...
006 (8581747.000.000) 11/24 20:31:37 Image size of job updated: 180388
	30  -  MemoryUsage of job (MB)
	30508  -  ResidentSetSize of job (KB)
...
006 (8581747.000.000) 11/24 20:36:37 Image size of job updated: 202124
	43  -  MemoryUsage of job (MB)
	43816  -  ResidentSetSize of job (KB)
...
006 (8581747.000.000) 11/24 20:41:38 Image size of job updated: 202124
	44  -  MemoryUsage of job (MB)
	44240  -  ResidentSetSize of job (KB)
...
005 (8581747.000.000) 11/24 20:44:34 Job terminated.
	(1) Normal termination (return value 0)
		Usr 0 00:09:08, Sys 0 00:00:12  -  Run Remote Usage
		Usr 0 00:00:00, Sys 0 00:00:00  -  Run Local Usage
		Usr 0 00:09:08, Sys 0 00:00:12  -  Total Remote Usage
		Usr 0 00:00:00, Sys 0 00:00:00  -  Total Local Usage
	0  -  Run Bytes Sent By Job
	0  -  Run Bytes Received By Job
	0  -  Total Bytes Sent By Job
	0  -  Total Bytes Received By Job
	Partitionable Resources :    Usage  Request Allocated
	   Cpus                 :                 1         1
	   Disk (KB)            :        1        1  16725427
	   Memory (MB)          :       44        1      4023
...
000 (8739406.000.000) 11/29 19:23:01 Job submitted from host: <10.10.48.31:12542?addrs=10.10.48.31-12542>
...
001 (8739406.000.000) 11/29 19:23:21 Job executing on host: <10.10.48.141:50603?addrs=10.10.48.141-50603>
...
006 (8739406.000.000) 11/29 19:23:29 Image size of job updated: 183252
	32  -  MemoryUsage of job (MB)
	32412  -  ResidentSetSize of job (KB)
...
006 (8739406.000.000) 11/29 19:24:29 Image size of job updated: 203032
	32  -  MemoryUsage of job (MB)
	32412  -  ResidentSetSize of job (KB)
...
005 (8739406.000.000) 11/29 19:24:29 Job terminated.
	(1) Normal termination (return value 0)
		Usr 0 00:00:26, Sys 0 00:00:00  -  Run Remote Usage
		Usr 0 00:00:00, Sys 0 00:00:00  -  Run Local Usage
		Usr 0 00:00:26, Sys 0 00:00:00  -  Total Remote Usage
		Usr 0 00:00:00, Sys 0 00:00:00  -  Total Local Usage
	0  -  Run Bytes Sent By Job
	0  -  Run Bytes Received By Job
	0  -  Total Bytes Sent By Job
	0  -  Total Bytes Received By Job
	Partitionable Resources :    Usage  Request Allocated
	   Cpus                 :                 1         1
	   Disk (KB)            :        1        1  13376609
	   Memory (MB)          :       32        1      6441
...
000 (8739557.000.000) 11/29 19:34:19 Job submitted from host: <10.10.48.31:12542?addrs=10.10.48.31-12542>
...
001 (8739557.000.000) 11/29 19:34:28 Job executing on host: <10.10.48.141:50603?addrs=10.10.48.141-50603>
...
006 (8739557.000.000) 11/29 19:34:37 Image size of job updated: 176148
	30  -  MemoryUsage of job (MB)
	30208  -  ResidentSetSize of job (KB)
...
006 (8739557.000.000) 11/29 19:39:38 Image size of job updated: 203308
	44  -  MemoryUsage of job (MB)
	44744  -  ResidentSetSize of job (KB)
...
006 (8739557.000.000) 11/29 19:44:39 Image size of job updated: 203312
	44  -  MemoryUsage of job (MB)
	44996  -  ResidentSetSize of job (KB)
...
006 (8739557.000.000) 11/29 19:46:49 Image size of job updated: 203316
	44  -  MemoryUsage of job (MB)
	44996  -  ResidentSetSize of job (KB)
...
005 (8739557.000.000) 11/29 19:46:49 Job terminated.
	(1) Normal termination (return value 0)
		Usr 0 00:05:22, Sys 0 00:00:06  -  Run Remote Usage
		Usr 0 00:00:00, Sys 0 00:00:00  -  Run Local Usage
		Usr 0 00:05:22, Sys 0 00:00:06  -  Total Remote Usage
		Usr 0 00:00:00, Sys 0 00:00:00  -  Total Local Usage
	0  -  Run Bytes Sent By Job
	0  -  Run Bytes Received By Job
	0  -  Total Bytes Sent By Job
	0  -  Total Bytes Received By Job
	Partitionable Resources :    Usage  Request Allocated
	   Cpus                 :                 1         1
	   Disk (KB)            :        1        1  13376597
	   Memory (MB)          :       44        1      6441
...
000 (8740378.000.000) 11/29 20:51:02 Job submitted from host: <10.10.48.31:12542?addrs=10.10.48.31-12542>
...
001 (8740378.000.000) 11/29 20:51:05 Job executing on host: <10.10.48.41:20766?addrs=10.10.48.41-20766>
...
006 (8740378.000.000) 11/29 20:51:13 Image size of job updated: 183120
	32  -  MemoryUsage of job (MB)
	32540  -  ResidentSetSize of job (KB)
...
006 (8740378.000.000) 11/29 20:52:13 Image size of job updated: 202904
	32  -  MemoryUsage of job (MB)
	32540  -  ResidentSetSize of job (KB)
...
005 (8740378.000.000) 11/29 20:52:13 Job terminated.
	(1) Normal termination (return value 0)
		Usr 0 00:00:27, Sys 0 00:00:00  -  Run Remote Usage
		Usr 0 00:00:00, Sys 0 00:00:00  -  Run Local Usage
		Usr 0 00:00:27, Sys 0 00:00:00  -  Total Remote Usage
		Usr 0 00:00:00, Sys 0 00:00:00  -  Total Local Usage
	0  -  Run Bytes Sent By Job
	0  -  Run Bytes Received By Job
	0  -  Total Bytes Sent By Job
	0  -  Total Bytes Received By Job
	Partitionable Resources :    Usage  Request Allocated
	   Cpus                 :                 1         1
	   Disk (KB)            :        1        1  16724667
	   Memory (MB)          :       32        1      4023
...
000 (8740480.000.000) 11/29 20:52:26 Job submitted from host: <10.10.48.31:12542?addrs=10.10.48.31-12542>
...
001 (8740480.000.000) 11/29 20:52:47 Job executing on host: <10.10.48.139:49429?addrs=10.10.48.139-49429>
...
006 (8740480.000.000) 11/29 20:52:56 Image size of job updated: 180376
	30  -  MemoryUsage of job (MB)
	30332  -  ResidentSetSize of job (KB)
...
006 (8740480.000.000) 11/29 20:57:57 Image size of job updated: 203504
	44  -  MemoryUsage of job (MB)
	44176  -  ResidentSetSize of job (KB)
...
006 (8740480.000.000) 11/29 21:02:57 Image size of job updated: 203504
	44  -  MemoryUsage of job (MB)
	44468  -  ResidentSetSize of job (KB)
...
005 (8740480.000.000) 11/29 21:07:18 Job terminated.
	(1) Normal termination (return value 0)
		Usr 0 00:06:30, Sys 0 00:00:08  -  Run Remote Usage
		Usr 0 00:00:00, Sys 0 00:00:00  -  Run Local Usage
		Usr 0 00:06:30, Sys 0 00:00:08  -  Total Remote Usage
		Usr 0 00:00:00, Sys 0 00:00:00  -  Total Local Usage
	0  -  Run Bytes Sent By Job
	0  -  Run Bytes Received By Job
	0  -  Total Bytes Sent By Job
	0  -  Total Bytes Received By Job
	Partitionable Resources :    Usage  Request Allocated
	   Cpus                 :                 1         1
	   Disk (KB)            :        1        1  13385363
	   Memory (MB)          :       44        1      6441
...
