000 (8513151.000.000) 11/20 20:04:43 Job submitted from host: <10.10.48.31:12542?addrs=10.10.48.31-12542>
...
001 (8513151.000.000) 11/20 20:04:52 Job executing on host: <10.10.48.139:49429?addrs=10.10.48.139-49429>
...
006 (8513151.000.000) 11/20 20:04:53 Image size of job updated: 170640
	0  -  MemoryUsage of job (MB)
	0  -  ResidentSetSize of job (KB)
...
005 (8513151.000.000) 11/20 20:04:55 Job terminated.
	(1) Normal termination (return value 1)
		Usr 0 00:00:00, Sys 0 00:00:00  -  Run Remote Usage
		Usr 0 00:00:00, Sys 0 00:00:00  -  Run Local Usage
		Usr 0 00:00:00, Sys 0 00:00:00  -  Total Remote Usage
		Usr 0 00:00:00, Sys 0 00:00:00  -  Total Local Usage
	0  -  Run Bytes Sent By Job
	0  -  Run Bytes Received By Job
	0  -  Total Bytes Sent By Job
	0  -  Total Bytes Received By Job
	Partitionable Resources :    Usage  Request Allocated
	   Cpus                 :                 1         1
	   Disk (KB)            :        1        1  13382983
	   Memory (MB)          :        0        1      6441
...
000 (8513217.000.000) 11/20 20:06:19 Job submitted from host: <10.10.48.31:12542?addrs=10.10.48.31-12542>
...
001 (8513217.000.000) 11/20 20:06:34 Job executing on host: <10.10.48.139:49429?addrs=10.10.48.139-49429>
...
006 (8513217.000.000) 11/20 20:06:43 Image size of job updated: 177160
	31  -  MemoryUsage of job (MB)
	31200  -  ResidentSetSize of job (KB)
...
006 (8513217.000.000) 11/20 20:08:09 Image size of job updated: 265132
	31  -  MemoryUsage of job (MB)
	31200  -  ResidentSetSize of job (KB)
...
005 (8513217.000.000) 11/20 20:08:09 Job terminated.
	(1) Normal termination (return value 0)
		Usr 0 00:01:02, Sys 0 00:00:01  -  Run Remote Usage
		Usr 0 00:00:00, Sys 0 00:00:00  -  Run Local Usage
		Usr 0 00:01:02, Sys 0 00:00:01  -  Total Remote Usage
		Usr 0 00:00:00, Sys 0 00:00:00  -  Total Local Usage
	0  -  Run Bytes Sent By Job
	0  -  Run Bytes Received By Job
	0  -  Total Bytes Sent By Job
	0  -  Total Bytes Received By Job
	Partitionable Resources :    Usage  Request Allocated
	   Cpus                 :                 1         1
	   Disk (KB)            :        1        1  13383015
	   Memory (MB)          :       31        1      6441
...
000 (8568175.000.000) 11/23 10:24:48 Job submitted from host: <10.10.48.31:12542?addrs=10.10.48.31-12542>
...
001 (8568175.000.000) 11/23 10:24:54 Job executing on host: <10.10.48.146:58220?addrs=10.10.48.146-58220>
...
006 (8568175.000.000) 11/23 10:24:55 Image size of job updated: 192140
	0  -  MemoryUsage of job (MB)
	0  -  ResidentSetSize of job (KB)
...
005 (8568175.000.000) 11/23 10:24:55 Job terminated.
	(1) Normal termination (return value 0)
		Usr 0 00:00:00, Sys 0 00:00:00  -  Run Remote Usage
		Usr 0 00:00:00, Sys 0 00:00:00  -  Run Local Usage
		Usr 0 00:00:00, Sys 0 00:00:00  -  Total Remote Usage
		Usr 0 00:00:00, Sys 0 00:00:00  -  Total Local Usage
	0  -  Run Bytes Sent By Job
	0  -  Run Bytes Received By Job
	0  -  Total Bytes Sent By Job
	0  -  Total Bytes Received By Job
	Partitionable Resources :    Usage  Request Allocated
	   Cpus                 :                 1         1
	   Disk (KB)            :        1        1  13348234
	   Memory (MB)          :        0        1      6441
...
000 (8569023.000.000) 11/23 10:45:25 Job submitted from host: <10.10.48.31:12542?addrs=10.10.48.31-12542>
...
001 (8569023.000.000) 11/23 10:45:39 Job executing on host: <10.10.48.146:58220?addrs=10.10.48.146-58220>
...
006 (8569023.000.000) 11/23 10:45:48 Image size of job updated: 183412
	34  -  MemoryUsage of job (MB)
	34552  -  ResidentSetSize of job (KB)
...
006 (8569023.000.000) 11/23 10:47:05 Image size of job updated: 265184
	34  -  MemoryUsage of job (MB)
	34552  -  ResidentSetSize of job (KB)
...
005 (8569023.000.000) 11/23 10:47:05 Job terminated.
	(1) Normal termination (return value 0)
		Usr 0 00:00:55, Sys 0 00:00:01  -  Run Remote Usage
		Usr 0 00:00:00, Sys 0 00:00:00  -  Run Local Usage
		Usr 0 00:00:55, Sys 0 00:00:01  -  Total Remote Usage
		Usr 0 00:00:00, Sys 0 00:00:00  -  Total Local Usage
	0  -  Run Bytes Sent By Job
	0  -  Run Bytes Received By Job
	0  -  Total Bytes Sent By Job
	0  -  Total Bytes Received By Job
	Partitionable Resources :    Usage  Request Allocated
	   Cpus                 :                 1         1
	   Disk (KB)            :        1        1  13348068
	   Memory (MB)          :       34        1      6441
...
000 (8569577.000.000) 11/23 10:57:32 Job submitted from host: <10.10.48.31:12542?addrs=10.10.48.31-12542>
...
001 (8569577.000.000) 11/23 10:57:50 Job executing on host: <10.10.48.146:58220?addrs=10.10.48.146-58220>
...
006 (8569577.000.000) 11/23 10:57:59 Image size of job updated: 264880
	101  -  MemoryUsage of job (MB)
	102912  -  ResidentSetSize of job (KB)
...
006 (8569577.000.000) 11/23 10:58:46 Image size of job updated: 265092
	101  -  MemoryUsage of job (MB)
	102912  -  ResidentSetSize of job (KB)
...
005 (8569577.000.000) 11/23 10:58:46 Job terminated.
	(1) Normal termination (return value 0)
		Usr 0 00:00:44, Sys 0 00:00:01  -  Run Remote Usage
		Usr 0 00:00:00, Sys 0 00:00:00  -  Run Local Usage
		Usr 0 00:00:44, Sys 0 00:00:01  -  Total Remote Usage
		Usr 0 00:00:00, Sys 0 00:00:00  -  Total Local Usage
	0  -  Run Bytes Sent By Job
	0  -  Run Bytes Received By Job
	0  -  Total Bytes Sent By Job
	0  -  Total Bytes Received By Job
	Partitionable Resources :    Usage  Request Allocated
	   Cpus                 :                 1         1
	   Disk (KB)            :        1        1  13348070
	   Memory (MB)          :      101        1      6441
...
000 (8577528.000.000) 11/23 15:06:27 Job submitted from host: <10.10.48.31:12542?addrs=10.10.48.31-12542>
...
001 (8577528.000.000) 11/23 15:06:31 Job executing on host: <10.10.48.141:50603?addrs=10.10.48.141-50603>
...
006 (8577528.000.000) 11/23 15:06:39 Image size of job updated: 264868
	102  -  MemoryUsage of job (MB)
	104372  -  ResidentSetSize of job (KB)
...
006 (8577528.000.000) 11/23 15:07:28 Image size of job updated: 265136
	102  -  MemoryUsage of job (MB)
	104372  -  ResidentSetSize of job (KB)
...
005 (8577528.000.000) 11/23 15:07:28 Job terminated.
	(1) Normal termination (return value 0)
		Usr 0 00:00:41, Sys 0 00:00:03  -  Run Remote Usage
		Usr 0 00:00:00, Sys 0 00:00:00  -  Run Local Usage
		Usr 0 00:00:41, Sys 0 00:00:03  -  Total Remote Usage
		Usr 0 00:00:00, Sys 0 00:00:00  -  Total Local Usage
	0  -  Run Bytes Sent By Job
	0  -  Run Bytes Received By Job
	0  -  Total Bytes Sent By Job
	0  -  Total Bytes Received By Job
	Partitionable Resources :    Usage  Request Allocated
	   Cpus                 :                 1         1
	   Disk (KB)            :        1        1  13376625
	   Memory (MB)          :      102        1      6441
...
000 (8580131.000.000) 11/23 17:22:35 Job submitted from host: <10.10.48.31:12542?addrs=10.10.48.31-12542>
...
001 (8580131.000.000) 11/23 17:22:37 Job executing on host: <10.10.48.41:20766?addrs=10.10.48.41-20766>
...
006 (8580131.000.000) 11/23 17:22:37 Image size of job updated: 177172
	0  -  MemoryUsage of job (MB)
	0  -  ResidentSetSize of job (KB)
...
005 (8580131.000.000) 11/23 17:22:38 Job terminated.
	(1) Normal termination (return value 0)
		Usr 0 00:00:00, Sys 0 00:00:00  -  Run Remote Usage
		Usr 0 00:00:00, Sys 0 00:00:00  -  Run Local Usage
		Usr 0 00:00:00, Sys 0 00:00:00  -  Total Remote Usage
		Usr 0 00:00:00, Sys 0 00:00:00  -  Total Local Usage
	0  -  Run Bytes Sent By Job
	0  -  Run Bytes Received By Job
	0  -  Total Bytes Sent By Job
	0  -  Total Bytes Received By Job
	Partitionable Resources :    Usage  Request Allocated
	   Cpus                 :                 1         1
	   Disk (KB)            :        1        1  16725821
	   Memory (MB)          :        0        1      4023
...
000 (8580285.000.000) 11/24 10:20:54 Job submitted from host: <10.10.48.31:12542?addrs=10.10.48.31-12542>
...
001 (8580285.000.000) 11/24 10:21:14 Job executing on host: <10.10.48.41:20766?addrs=10.10.48.41-20766>
...
006 (8580285.000.000) 11/24 10:21:23 Image size of job updated: 262140
	96  -  MemoryUsage of job (MB)
	97804  -  ResidentSetSize of job (KB)
...
006 (8580285.000.000) 11/24 10:22:30 Image size of job updated: 265836
	96  -  MemoryUsage of job (MB)
	97804  -  ResidentSetSize of job (KB)
...
005 (8580285.000.000) 11/24 10:22:30 Job terminated.
	(1) Normal termination (return value 0)
		Usr 0 00:01:09, Sys 0 00:00:01  -  Run Remote Usage
		Usr 0 00:00:00, Sys 0 00:00:00  -  Run Local Usage
		Usr 0 00:01:09, Sys 0 00:00:01  -  Total Remote Usage
		Usr 0 00:00:00, Sys 0 00:00:00  -  Total Local Usage
	0  -  Run Bytes Sent By Job
	0  -  Run Bytes Received By Job
	0  -  Total Bytes Sent By Job
	0  -  Total Bytes Received By Job
	Partitionable Resources :    Usage  Request Allocated
	   Cpus                 :                 1         1
	   Disk (KB)            :        1        1  16725725
	   Memory (MB)          :       96        1      4023
...
000 (8581708.000.000) 11/24 20:22:54 Job submitted from host: <10.10.48.31:12542?addrs=10.10.48.31-12542>
...
001 (8581708.000.000) 11/24 20:23:00 Job executing on host: <10.10.48.41:20766?addrs=10.10.48.41-20766>
...
006 (8581708.000.000) 11/24 20:23:01 Image size of job updated: 192156
	0  -  MemoryUsage of job (MB)
	0  -  ResidentSetSize of job (KB)
...
005 (8581708.000.000) 11/24 20:23:01 Job terminated.
	(1) Normal termination (return value 0)
		Usr 0 00:00:00, Sys 0 00:00:00  -  Run Remote Usage
		Usr 0 00:00:00, Sys 0 00:00:00  -  Run Local Usage
		Usr 0 00:00:00, Sys 0 00:00:00  -  Total Remote Usage
		Usr 0 00:00:00, Sys 0 00:00:00  -  Total Local Usage
	0  -  Run Bytes Sent By Job
	0  -  Run Bytes Received By Job
	0  -  Total Bytes Sent By Job
	0  -  Total Bytes Received By Job
	Partitionable Resources :    Usage  Request Allocated
	   Cpus                 :                 1         1
	   Disk (KB)            :        1        1  16725483
	   Memory (MB)          :        0        1      4023
...
000 (8581764.000.000) 11/24 20:31:09 Job submitted from host: <10.10.48.31:12542?addrs=10.10.48.31-12542>
...
001 (8581764.000.000) 11/24 20:31:30 Job executing on host: <10.10.48.141:50603?addrs=10.10.48.141-50603>
...
006 (8581764.000.000) 11/24 20:31:38 Image size of job updated: 183276
	34  -  MemoryUsage of job (MB)
	34104  -  ResidentSetSize of job (KB)
...
006 (8581764.000.000) 11/24 20:36:38 Image size of job updated: 201980
	43  -  MemoryUsage of job (MB)
	43724  -  ResidentSetSize of job (KB)
...
006 (8581764.000.000) 11/24 20:41:39 Image size of job updated: 202212
	44  -  MemoryUsage of job (MB)
	44152  -  ResidentSetSize of job (KB)
...
005 (8581764.000.000) 11/24 20:43:22 Job terminated.
	(1) Normal termination (return value 0)
		Usr 0 00:07:50, Sys 0 00:00:09  -  Run Remote Usage
		Usr 0 00:00:00, Sys 0 00:00:00  -  Run Local Usage
		Usr 0 00:07:50, Sys 0 00:00:09  -  Total Remote Usage
		Usr 0 00:00:00, Sys 0 00:00:00  -  Total Local Usage
	0  -  Run Bytes Sent By Job
	0  -  Run Bytes Received By Job
	0  -  Total Bytes Sent By Job
	0  -  Total Bytes Received By Job
	Partitionable Resources :    Usage  Request Allocated
	   Cpus                 :                 1         1
	   Disk (KB)            :        1        1  13376535
	   Memory (MB)          :       44        1      6441
...
000 (8739423.000.000) 11/29 19:23:02 Job submitted from host: <10.10.48.31:12542?addrs=10.10.48.31-12542>
...
001 (8739423.000.000) 11/29 19:23:21 Job executing on host: <10.10.48.139:49429?addrs=10.10.48.139-49429>
...
006 (8739423.000.000) 11/29 19:23:30 Image size of job updated: 180380
	29  -  MemoryUsage of job (MB)
	28960  -  ResidentSetSize of job (KB)
...
006 (8739423.000.000) 11/29 19:28:31 Image size of job updated: 203148
	44  -  MemoryUsage of job (MB)
	44180  -  ResidentSetSize of job (KB)
...
005 (8739423.000.000) 11/29 19:32:41 Job terminated.
	(1) Normal termination (return value 0)
		Usr 0 00:04:37, Sys 0 00:00:06  -  Run Remote Usage
		Usr 0 00:00:00, Sys 0 00:00:00  -  Run Local Usage
		Usr 0 00:04:37, Sys 0 00:00:06  -  Total Remote Usage
		Usr 0 00:00:00, Sys 0 00:00:00  -  Total Local Usage
	0  -  Run Bytes Sent By Job
	0  -  Run Bytes Received By Job
	0  -  Total Bytes Sent By Job
	0  -  Total Bytes Received By Job
	Partitionable Resources :    Usage  Request Allocated
	   Cpus                 :                 1         1
	   Disk (KB)            :        1        1  13385409
	   Memory (MB)          :       44        1      6441
...
000 (8739574.000.000) 11/29 19:34:20 Job submitted from host: <10.10.48.31:12542?addrs=10.10.48.31-12542>
...
001 (8739574.000.000) 11/29 19:34:28 Job executing on host: <10.10.48.139:49429?addrs=10.10.48.139-49429>
...
006 (8739574.000.000) 11/29 19:34:36 Image size of job updated: 180380
	29  -  MemoryUsage of job (MB)
	29084  -  ResidentSetSize of job (KB)
...
006 (8739574.000.000) 11/29 19:39:36 Image size of job updated: 203200
	43  -  MemoryUsage of job (MB)
	43188  -  ResidentSetSize of job (KB)
...
006 (8739574.000.000) 11/29 19:44:37 Image size of job updated: 203340
	43  -  MemoryUsage of job (MB)
	43792  -  ResidentSetSize of job (KB)
...
006 (8739574.000.000) 11/29 19:49:37 Image size of job updated: 203340
	43  -  MemoryUsage of job (MB)
	43920  -  ResidentSetSize of job (KB)
...
005 (8739574.000.000) 11/29 19:50:35 Job terminated.
	(1) Normal termination (return value 0)
		Usr 0 00:06:43, Sys 0 00:00:09  -  Run Remote Usage
		Usr 0 00:00:00, Sys 0 00:00:00  -  Run Local Usage
		Usr 0 00:06:43, Sys 0 00:00:09  -  Total Remote Usage
		Usr 0 00:00:00, Sys 0 00:00:00  -  Total Local Usage
	0  -  Run Bytes Sent By Job
	0  -  Run Bytes Received By Job
	0  -  Total Bytes Sent By Job
	0  -  Total Bytes Received By Job
	Partitionable Resources :    Usage  Request Allocated
	   Cpus                 :                 1         1
	   Disk (KB)            :        1        1  13385373
	   Memory (MB)          :       43        1      6441
...
000 (8740397.000.000) 11/29 20:51:04 Job submitted from host: <10.10.48.31:12542?addrs=10.10.48.31-12542>
...
001 (8740397.000.000) 11/29 20:51:25 Job executing on host: <10.10.48.141:50603?addrs=10.10.48.141-50603>
...
006 (8740397.000.000) 11/29 20:51:33 Image size of job updated: 180376
	30  -  MemoryUsage of job (MB)
	30652  -  ResidentSetSize of job (KB)
...
000 (8740497.000.000) 11/29 20:52:27 Job submitted from host: <10.10.48.31:12542?addrs=10.10.48.31-12542>
...
001 (8740497.000.000) 11/29 20:52:47 Job executing on host: <10.10.48.145:26377?addrs=10.10.48.145-26377>
...
006 (8740497.000.000) 11/29 20:52:56 Image size of job updated: 180388
	29  -  MemoryUsage of job (MB)
	28948  -  ResidentSetSize of job (KB)
...
006 (8740397.000.000) 11/29 20:56:33 Image size of job updated: 203120
	44  -  MemoryUsage of job (MB)
	44696  -  ResidentSetSize of job (KB)
...
006 (8740497.000.000) 11/29 20:57:56 Image size of job updated: 203228
	42  -  MemoryUsage of job (MB)
	42808  -  ResidentSetSize of job (KB)
...
006 (8740397.000.000) 11/29 21:01:34 Image size of job updated: 203236
	44  -  MemoryUsage of job (MB)
	45012  -  ResidentSetSize of job (KB)
...
006 (8740497.000.000) 11/29 21:02:56 Image size of job updated: 203368
	43  -  MemoryUsage of job (MB)
	43068  -  ResidentSetSize of job (KB)
...
006 (8740397.000.000) 11/29 21:06:35 Image size of job updated: 203248
	45  -  MemoryUsage of job (MB)
	45084  -  ResidentSetSize of job (KB)
...
005 (8740497.000.000) 11/29 21:06:54 Job terminated.
	(1) Normal termination (return value 0)
		Usr 0 00:06:07, Sys 0 00:00:08  -  Run Remote Usage
		Usr 0 00:00:00, Sys 0 00:00:00  -  Run Local Usage
		Usr 0 00:06:07, Sys 0 00:00:08  -  Total Remote Usage
		Usr 0 00:00:00, Sys 0 00:00:00  -  Total Local Usage
	0  -  Run Bytes Sent By Job
	0  -  Run Bytes Received By Job
	0  -  Total Bytes Sent By Job
	0  -  Total Bytes Received By Job
	Partitionable Resources :    Usage  Request Allocated
	   Cpus                 :                 1         1
	   Disk (KB)            :        1        1  13384155
	   Memory (MB)          :       43        1      6441
...
005 (8740397.000.000) 11/29 21:07:22 Job terminated.
	(1) Normal termination (return value 0)
		Usr 0 00:04:49, Sys 0 00:00:05  -  Run Remote Usage
		Usr 0 00:00:00, Sys 0 00:00:00  -  Run Local Usage
		Usr 0 00:04:49, Sys 0 00:00:05  -  Total Remote Usage
		Usr 0 00:00:00, Sys 0 00:00:00  -  Total Local Usage
	0  -  Run Bytes Sent By Job
	0  -  Run Bytes Received By Job
	0  -  Total Bytes Sent By Job
	0  -  Total Bytes Received By Job
	Partitionable Resources :    Usage  Request Allocated
	   Cpus                 :                 1         1
	   Disk (KB)            :        1        1  13376584
	   Memory (MB)          :       45        1      6441
...
