000 (8513162.000.000) 11/20 20:04:44 Job submitted from host: <10.10.48.31:12542?addrs=10.10.48.31-12542>
...
001 (8513162.000.000) 11/20 20:04:55 Job executing on host: <10.10.48.139:49429?addrs=10.10.48.139-49429>
...
006 (8513162.000.000) 11/20 20:04:55 Image size of job updated: 175360
	0  -  MemoryUsage of job (MB)
	0  -  ResidentSetSize of job (KB)
...
005 (8513162.000.000) 11/20 20:04:56 Job terminated.
	(1) Normal termination (return value 1)
		Usr 0 00:00:00, Sys 0 00:00:00  -  Run Remote Usage
		Usr 0 00:00:00, Sys 0 00:00:00  -  Run Local Usage
		Usr 0 00:00:00, Sys 0 00:00:00  -  Total Remote Usage
		Usr 0 00:00:00, Sys 0 00:00:00  -  Total Local Usage
	0  -  Run Bytes Sent By Job
	0  -  Run Bytes Received By Job
	0  -  Total Bytes Sent By Job
	0  -  Total Bytes Received By Job
	Partitionable Resources :    Usage  Request Allocated
	   Cpus                 :                 1         1
	   Disk (KB)            :        1        1  13382983
	   Memory (MB)          :        0        1      6441
...
000 (8513228.000.000) 11/20 20:06:19 Job submitted from host: <10.10.48.31:12542?addrs=10.10.48.31-12542>
...
001 (8513228.000.000) 11/20 20:06:36 Job executing on host: <10.10.48.139:49429?addrs=10.10.48.139-49429>
...
006 (8513228.000.000) 11/20 20:06:45 Image size of job updated: 172792
	29  -  MemoryUsage of job (MB)
	29212  -  ResidentSetSize of job (KB)
...
006 (8513228.000.000) 11/20 20:07:23 Image size of job updated: 263952
	29  -  MemoryUsage of job (MB)
	29212  -  ResidentSetSize of job (KB)
...
005 (8513228.000.000) 11/20 20:07:23 Job terminated.
	(1) Normal termination (return value 0)
		Usr 0 00:00:17, Sys 0 00:00:00  -  Run Remote Usage
		Usr 0 00:00:00, Sys 0 00:00:00  -  Run Local Usage
		Usr 0 00:00:17, Sys 0 00:00:00  -  Total Remote Usage
		Usr 0 00:00:00, Sys 0 00:00:00  -  Total Local Usage
	0  -  Run Bytes Sent By Job
	0  -  Run Bytes Received By Job
	0  -  Total Bytes Sent By Job
	0  -  Total Bytes Received By Job
	Partitionable Resources :    Usage  Request Allocated
	   Cpus                 :                 1         1
	   Disk (KB)            :        1        1  13383015
	   Memory (MB)          :       29        1      6441
...
000 (8568186.000.000) 11/23 10:24:49 Job submitted from host: <10.10.48.31:12542?addrs=10.10.48.31-12542>
...
001 (8568186.000.000) 11/23 10:24:53 Job executing on host: <10.10.48.141:50603?addrs=10.10.48.141-50603>
...
006 (8568186.000.000) 11/23 10:24:54 Image size of job updated: 190340
	0  -  MemoryUsage of job (MB)
	0  -  ResidentSetSize of job (KB)
...
005 (8568186.000.000) 11/23 10:24:55 Job terminated.
	(1) Normal termination (return value 0)
		Usr 0 00:00:00, Sys 0 00:00:00  -  Run Remote Usage
		Usr 0 00:00:00, Sys 0 00:00:00  -  Run Local Usage
		Usr 0 00:00:00, Sys 0 00:00:00  -  Total Remote Usage
		Usr 0 00:00:00, Sys 0 00:00:00  -  Total Local Usage
	0  -  Run Bytes Sent By Job
	0  -  Run Bytes Received By Job
	0  -  Total Bytes Sent By Job
	0  -  Total Bytes Received By Job
	Partitionable Resources :    Usage  Request Allocated
	   Cpus                 :                 1         1
	   Disk (KB)            :        1        1  13376040
	   Memory (MB)          :        0        1      6441
...
000 (8569034.000.000) 11/23 10:45:26 Job submitted from host: <10.10.48.31:12542?addrs=10.10.48.31-12542>
...
001 (8569034.000.000) 11/23 10:45:37 Job executing on host: <10.10.48.141:50603?addrs=10.10.48.141-50603>
...
006 (8569034.000.000) 11/23 10:45:45 Image size of job updated: 260988
	96  -  MemoryUsage of job (MB)
	98264  -  ResidentSetSize of job (KB)
...
006 (8569034.000.000) 11/23 10:46:12 Image size of job updated: 263956
	96  -  MemoryUsage of job (MB)
	98264  -  ResidentSetSize of job (KB)
...
005 (8569034.000.000) 11/23 10:46:12 Job terminated.
	(1) Normal termination (return value 0)
		Usr 0 00:00:18, Sys 0 00:00:00  -  Run Remote Usage
		Usr 0 00:00:00, Sys 0 00:00:00  -  Run Local Usage
		Usr 0 00:00:18, Sys 0 00:00:00  -  Total Remote Usage
		Usr 0 00:00:00, Sys 0 00:00:00  -  Total Local Usage
	0  -  Run Bytes Sent By Job
	0  -  Run Bytes Received By Job
	0  -  Total Bytes Sent By Job
	0  -  Total Bytes Received By Job
	Partitionable Resources :    Usage  Request Allocated
	   Cpus                 :                 1         1
	   Disk (KB)            :        1        1  13376506
	   Memory (MB)          :       96        1      6441
...
000 (8569588.000.000) 11/23 10:57:33 Job submitted from host: <10.10.48.31:12542?addrs=10.10.48.31-12542>
...
001 (8569588.000.000) 11/23 10:57:52 Job executing on host: <10.10.48.146:58220?addrs=10.10.48.146-58220>
...
006 (8569588.000.000) 11/23 10:58:00 Image size of job updated: 263840
	99  -  MemoryUsage of job (MB)
	100436  -  ResidentSetSize of job (KB)
...
006 (8569588.000.000) 11/23 10:58:07 Image size of job updated: 264012
	99  -  MemoryUsage of job (MB)
	100436  -  ResidentSetSize of job (KB)
...
005 (8569588.000.000) 11/23 10:58:07 Job terminated.
	(1) Normal termination (return value 0)
		Usr 0 00:00:14, Sys 0 00:00:00  -  Run Remote Usage
		Usr 0 00:00:00, Sys 0 00:00:00  -  Run Local Usage
		Usr 0 00:00:14, Sys 0 00:00:00  -  Total Remote Usage
		Usr 0 00:00:00, Sys 0 00:00:00  -  Total Local Usage
	0  -  Run Bytes Sent By Job
	0  -  Run Bytes Received By Job
	0  -  Total Bytes Sent By Job
	0  -  Total Bytes Received By Job
	Partitionable Resources :    Usage  Request Allocated
	   Cpus                 :                 1         1
	   Disk (KB)            :        1        1  13348070
	   Memory (MB)          :       99        1      6441
...
000 (8577539.000.000) 11/23 15:06:30 Job submitted from host: <10.10.48.31:12542?addrs=10.10.48.31-12542>
...
001 (8577539.000.000) 11/23 15:06:33 Job executing on host: <10.10.48.41:20766?addrs=10.10.48.41-20766>
...
006 (8577539.000.000) 11/23 15:06:41 Image size of job updated: 263776
	99  -  MemoryUsage of job (MB)
	100988  -  ResidentSetSize of job (KB)
...
005 (8577539.000.000) 11/23 15:06:48 Job terminated.
	(1) Normal termination (return value 0)
		Usr 0 00:00:12, Sys 0 00:00:00  -  Run Remote Usage
		Usr 0 00:00:00, Sys 0 00:00:00  -  Run Local Usage
		Usr 0 00:00:12, Sys 0 00:00:00  -  Total Remote Usage
		Usr 0 00:00:00, Sys 0 00:00:00  -  Total Local Usage
	0  -  Run Bytes Sent By Job
	0  -  Run Bytes Received By Job
	0  -  Total Bytes Sent By Job
	0  -  Total Bytes Received By Job
	Partitionable Resources :    Usage  Request Allocated
	   Cpus                 :                 1         1
	   Disk (KB)            :        1        1  16724553
	   Memory (MB)          :       99        1      4023
...
000 (8580142.000.000) 11/23 17:22:36 Job submitted from host: <10.10.48.31:12542?addrs=10.10.48.31-12542>
...
001 (8580142.000.000) 11/23 17:22:40 Job executing on host: <10.10.48.41:20766?addrs=10.10.48.41-20766>
...
006 (8580142.000.000) 11/23 17:22:40 Image size of job updated: 189944
	0  -  MemoryUsage of job (MB)
	0  -  ResidentSetSize of job (KB)
...
005 (8580142.000.000) 11/23 17:22:40 Job terminated.
	(1) Normal termination (return value 0)
		Usr 0 00:00:00, Sys 0 00:00:00  -  Run Remote Usage
		Usr 0 00:00:00, Sys 0 00:00:00  -  Run Local Usage
		Usr 0 00:00:00, Sys 0 00:00:00  -  Total Remote Usage
		Usr 0 00:00:00, Sys 0 00:00:00  -  Total Local Usage
	0  -  Run Bytes Sent By Job
	0  -  Run Bytes Received By Job
	0  -  Total Bytes Sent By Job
	0  -  Total Bytes Received By Job
	Partitionable Resources :    Usage  Request Allocated
	   Cpus                 :                 1         1
	   Disk (KB)            :        1        1  16725821
	   Memory (MB)          :        0        1      4023
...
000 (8580296.000.000) 11/24 10:20:56 Job submitted from host: <10.10.48.31:12542?addrs=10.10.48.31-12542>
...
001 (8580296.000.000) 11/24 10:21:15 Job executing on host: <10.10.48.141:50603?addrs=10.10.48.141-50603>
...
006 (8580296.000.000) 11/24 10:21:24 Image size of job updated: 255424
	50  -  MemoryUsage of job (MB)
	50252  -  ResidentSetSize of job (KB)
...
006 (8580296.000.000) 11/24 10:22:53 Image size of job updated: 263400
	50  -  MemoryUsage of job (MB)
	50252  -  ResidentSetSize of job (KB)
...
005 (8580296.000.000) 11/24 10:22:53 Job terminated.
	(1) Normal termination (return value 0)
		Usr 0 00:01:33, Sys 0 00:00:01  -  Run Remote Usage
		Usr 0 00:00:00, Sys 0 00:00:00  -  Run Local Usage
		Usr 0 00:01:33, Sys 0 00:00:01  -  Total Remote Usage
		Usr 0 00:00:00, Sys 0 00:00:00  -  Total Local Usage
	0  -  Run Bytes Sent By Job
	0  -  Run Bytes Received By Job
	0  -  Total Bytes Sent By Job
	0  -  Total Bytes Received By Job
	Partitionable Resources :    Usage  Request Allocated
	   Cpus                 :                 1         1
	   Disk (KB)            :        1        1  13376787
	   Memory (MB)          :       50        1      6441
...
000 (8581719.000.000) 11/24 20:22:56 Job submitted from host: <10.10.48.31:12542?addrs=10.10.48.31-12542>
...
001 (8581719.000.000) 11/24 20:23:01 Job executing on host: <10.10.48.41:20766?addrs=10.10.48.41-20766>
...
006 (8581719.000.000) 11/24 20:23:02 Image size of job updated: 190980
	0  -  MemoryUsage of job (MB)
	0  -  ResidentSetSize of job (KB)
...
005 (8581719.000.000) 11/24 20:23:02 Job terminated.
	(1) Normal termination (return value 0)
		Usr 0 00:00:00, Sys 0 00:00:00  -  Run Remote Usage
		Usr 0 00:00:00, Sys 0 00:00:00  -  Run Local Usage
		Usr 0 00:00:00, Sys 0 00:00:00  -  Total Remote Usage
		Usr 0 00:00:00, Sys 0 00:00:00  -  Total Local Usage
	0  -  Run Bytes Sent By Job
	0  -  Run Bytes Received By Job
	0  -  Total Bytes Sent By Job
	0  -  Total Bytes Received By Job
	Partitionable Resources :    Usage  Request Allocated
	   Cpus                 :                 1         1
	   Disk (KB)            :        1        1  16725484
	   Memory (MB)          :        0        1      4023
...
000 (8581775.000.000) 11/24 20:31:10 Job submitted from host: <10.10.48.31:12542?addrs=10.10.48.31-12542>
...
001 (8581775.000.000) 11/24 20:31:29 Job executing on host: <10.10.48.35:61041?addrs=10.10.48.35-61041>
...
006 (8581775.000.000) 11/24 20:31:38 Image size of job updated: 183492
	33  -  MemoryUsage of job (MB)
	33704  -  ResidentSetSize of job (KB)
...
006 (8581775.000.000) 11/24 20:35:38 Image size of job updated: 201940
	33  -  MemoryUsage of job (MB)
	33704  -  ResidentSetSize of job (KB)
...
005 (8581775.000.000) 11/24 20:35:38 Job terminated.
	(1) Normal termination (return value 0)
		Usr 0 00:02:33, Sys 0 00:00:03  -  Run Remote Usage
		Usr 0 00:00:00, Sys 0 00:00:00  -  Run Local Usage
		Usr 0 00:02:33, Sys 0 00:00:03  -  Total Remote Usage
		Usr 0 00:00:00, Sys 0 00:00:00  -  Total Local Usage
	0  -  Run Bytes Sent By Job
	0  -  Run Bytes Received By Job
	0  -  Total Bytes Sent By Job
	0  -  Total Bytes Received By Job
	Partitionable Resources :    Usage  Request Allocated
	   Cpus                 :                 1         1
	   Disk (KB)            :        1        1  16722873
	   Memory (MB)          :       33        1      4023
...
000 (8739434.000.000) 11/29 19:23:03 Job submitted from host: <10.10.48.31:12542?addrs=10.10.48.31-12542>
...
001 (8739434.000.000) 11/29 19:23:23 Job executing on host: <10.10.48.139:49429?addrs=10.10.48.139-49429>
...
006 (8739434.000.000) 11/29 19:23:32 Image size of job updated: 180384
	29  -  MemoryUsage of job (MB)
	29228  -  ResidentSetSize of job (KB)
...
006 (8739434.000.000) 11/29 19:28:33 Image size of job updated: 203300
	44  -  MemoryUsage of job (MB)
	44140  -  ResidentSetSize of job (KB)
...
006 (8739434.000.000) 11/29 19:33:11 Image size of job updated: 203472
	44  -  MemoryUsage of job (MB)
	44140  -  ResidentSetSize of job (KB)
...
005 (8739434.000.000) 11/29 19:33:11 Job terminated.
	(1) Normal termination (return value 0)
		Usr 0 00:04:34, Sys 0 00:00:05  -  Run Remote Usage
		Usr 0 00:00:00, Sys 0 00:00:00  -  Run Local Usage
		Usr 0 00:04:34, Sys 0 00:00:05  -  Total Remote Usage
		Usr 0 00:00:00, Sys 0 00:00:00  -  Total Local Usage
	0  -  Run Bytes Sent By Job
	0  -  Run Bytes Received By Job
	0  -  Total Bytes Sent By Job
	0  -  Total Bytes Received By Job
	Partitionable Resources :    Usage  Request Allocated
	   Cpus                 :                 1         1
	   Disk (KB)            :        1        1  13385409
	   Memory (MB)          :       44        1      6441
...
000 (8739585.000.000) 11/29 19:34:21 Job submitted from host: <10.10.48.31:12542?addrs=10.10.48.31-12542>
...
001 (8739585.000.000) 11/29 19:34:30 Job executing on host: <10.10.48.139:49429?addrs=10.10.48.139-49429>
...
006 (8739585.000.000) 11/29 19:34:38 Image size of job updated: 180380
	30  -  MemoryUsage of job (MB)
	30236  -  ResidentSetSize of job (KB)
...
006 (8739585.000.000) 11/29 19:39:38 Image size of job updated: 203112
	44  -  MemoryUsage of job (MB)
	44592  -  ResidentSetSize of job (KB)
...
005 (8739585.000.000) 11/29 19:41:16 Job terminated.
	(1) Normal termination (return value 0)
		Usr 0 00:02:03, Sys 0 00:00:03  -  Run Remote Usage
		Usr 0 00:00:00, Sys 0 00:00:00  -  Run Local Usage
		Usr 0 00:02:03, Sys 0 00:00:03  -  Total Remote Usage
		Usr 0 00:00:00, Sys 0 00:00:00  -  Total Local Usage
	0  -  Run Bytes Sent By Job
	0  -  Run Bytes Received By Job
	0  -  Total Bytes Sent By Job
	0  -  Total Bytes Received By Job
	Partitionable Resources :    Usage  Request Allocated
	   Cpus                 :                 1         1
	   Disk (KB)            :        1        1  13385373
	   Memory (MB)          :       44        1      6441
...
000 (8740409.000.000) 11/29 20:51:06 Job submitted from host: <10.10.48.31:12542?addrs=10.10.48.31-12542>
...
001 (8740409.000.000) 11/29 20:51:25 Job executing on host: <10.10.48.35:61041?addrs=10.10.48.35-61041>
...
006 (8740409.000.000) 11/29 20:51:34 Image size of job updated: 183488
	32  -  MemoryUsage of job (MB)
	32672  -  ResidentSetSize of job (KB)
...
000 (8740508.000.000) 11/29 20:52:28 Job submitted from host: <10.10.48.31:12542?addrs=10.10.48.31-12542>
...
001 (8740508.000.000) 11/29 20:52:49 Job executing on host: <10.10.48.145:26377?addrs=10.10.48.145-26377>
...
006 (8740508.000.000) 11/29 20:52:57 Image size of job updated: 183456
	32  -  MemoryUsage of job (MB)
	32516  -  ResidentSetSize of job (KB)
...
006 (8740409.000.000) 11/29 20:56:35 Image size of job updated: 203240
	43  -  MemoryUsage of job (MB)
	43280  -  ResidentSetSize of job (KB)
...
006 (8740508.000.000) 11/29 20:57:57 Image size of job updated: 203036
	42  -  MemoryUsage of job (MB)
	42536  -  ResidentSetSize of job (KB)
...
005 (8740508.000.000) 11/29 20:58:59 Job terminated.
	(1) Normal termination (return value 0)
		Usr 0 00:01:58, Sys 0 00:00:02  -  Run Remote Usage
		Usr 0 00:00:00, Sys 0 00:00:00  -  Run Local Usage
		Usr 0 00:01:58, Sys 0 00:00:02  -  Total Remote Usage
		Usr 0 00:00:00, Sys 0 00:00:00  -  Total Local Usage
	0  -  Run Bytes Sent By Job
	0  -  Run Bytes Received By Job
	0  -  Total Bytes Sent By Job
	0  -  Total Bytes Received By Job
	Partitionable Resources :    Usage  Request Allocated
	   Cpus                 :                 1         1
	   Disk (KB)            :        1        1  13384155
	   Memory (MB)          :       42        1      6441
...
006 (8740409.000.000) 11/29 21:01:35 Image size of job updated: 203344
	43  -  MemoryUsage of job (MB)
	43504  -  ResidentSetSize of job (KB)
...
005 (8740409.000.000) 11/29 21:05:22 Job terminated.
	(1) Normal termination (return value 0)
		Usr 0 00:04:36, Sys 0 00:00:07  -  Run Remote Usage
		Usr 0 00:00:00, Sys 0 00:00:00  -  Run Local Usage
		Usr 0 00:04:36, Sys 0 00:00:07  -  Total Remote Usage
		Usr 0 00:00:00, Sys 0 00:00:00  -  Total Local Usage
	0  -  Run Bytes Sent By Job
	0  -  Run Bytes Received By Job
	0  -  Total Bytes Sent By Job
	0  -  Total Bytes Received By Job
	Partitionable Resources :    Usage  Request Allocated
	   Cpus                 :                 1         1
	   Disk (KB)            :        1        1  16724909
	   Memory (MB)          :       43        1      4023
...
