000 (8513143.000.000) 11/20 20:04:42 Job submitted from host: <10.10.48.31:12542?addrs=10.10.48.31-12542>
...
001 (8513143.000.000) 11/20 20:04:51 Job executing on host: <10.10.48.139:49429?addrs=10.10.48.139-49429>
...
006 (8513143.000.000) 11/20 20:04:52 Image size of job updated: 174888
	0  -  MemoryUsage of job (MB)
	0  -  ResidentSetSize of job (KB)
...
005 (8513143.000.000) 11/20 20:04:55 Job terminated.
	(1) Normal termination (return value 1)
		Usr 0 00:00:00, Sys 0 00:00:00  -  Run Remote Usage
		Usr 0 00:00:00, Sys 0 00:00:00  -  Run Local Usage
		Usr 0 00:00:00, Sys 0 00:00:00  -  Total Remote Usage
		Usr 0 00:00:00, Sys 0 00:00:00  -  Total Local Usage
	0  -  Run Bytes Sent By Job
	0  -  Run Bytes Received By Job
	0  -  Total Bytes Sent By Job
	0  -  Total Bytes Received By Job
	Partitionable Resources :    Usage  Request Allocated
	   Cpus                 :                 1         1
	   Disk (KB)            :        1        1  13382983
	   Memory (MB)          :        0        1      6441
...
000 (8513209.000.000) 11/20 20:06:18 Job submitted from host: <10.10.48.31:12542?addrs=10.10.48.31-12542>
...
001 (8513209.000.000) 11/20 20:06:33 Job executing on host: <10.10.48.139:49429?addrs=10.10.48.139-49429>
...
006 (8513209.000.000) 11/20 20:06:41 Image size of job updated: 262576
	53  -  MemoryUsage of job (MB)
	53268  -  ResidentSetSize of job (KB)
...
006 (8513209.000.000) 11/20 20:07:24 Image size of job updated: 268040
	53  -  MemoryUsage of job (MB)
	53268  -  ResidentSetSize of job (KB)
...
005 (8513209.000.000) 11/20 20:07:24 Job terminated.
	(1) Normal termination (return value 0)
		Usr 0 00:00:33, Sys 0 00:00:01  -  Run Remote Usage
		Usr 0 00:00:00, Sys 0 00:00:00  -  Run Local Usage
		Usr 0 00:00:33, Sys 0 00:00:01  -  Total Remote Usage
		Usr 0 00:00:00, Sys 0 00:00:00  -  Total Local Usage
	0  -  Run Bytes Sent By Job
	0  -  Run Bytes Received By Job
	0  -  Total Bytes Sent By Job
	0  -  Total Bytes Received By Job
	Partitionable Resources :    Usage  Request Allocated
	   Cpus                 :                 1         1
	   Disk (KB)            :        1        1  13383015
	   Memory (MB)          :       53        1      6441
...
000 (8568167.000.000) 11/23 10:24:47 Job submitted from host: <10.10.48.31:12542?addrs=10.10.48.31-12542>
...
001 (8568167.000.000) 11/23 10:24:53 Job executing on host: <10.10.48.146:58220?addrs=10.10.48.146-58220>
...
006 (8568167.000.000) 11/23 10:24:54 Image size of job updated: 192144
	0  -  MemoryUsage of job (MB)
	0  -  ResidentSetSize of job (KB)
...
005 (8568167.000.000) 11/23 10:24:55 Job terminated.
	(1) Normal termination (return value 0)
		Usr 0 00:00:00, Sys 0 00:00:00  -  Run Remote Usage
		Usr 0 00:00:00, Sys 0 00:00:00  -  Run Local Usage
		Usr 0 00:00:00, Sys 0 00:00:00  -  Total Remote Usage
		Usr 0 00:00:00, Sys 0 00:00:00  -  Total Local Usage
	0  -  Run Bytes Sent By Job
	0  -  Run Bytes Received By Job
	0  -  Total Bytes Sent By Job
	0  -  Total Bytes Received By Job
	Partitionable Resources :    Usage  Request Allocated
	   Cpus                 :                 1         1
	   Disk (KB)            :        1        1  13348234
	   Memory (MB)          :        0        1      6441
...
000 (8569015.000.000) 11/23 10:45:24 Job submitted from host: <10.10.48.31:12542?addrs=10.10.48.31-12542>
...
001 (8569015.000.000) 11/23 10:45:36 Job executing on host: <10.10.48.146:58220?addrs=10.10.48.146-58220>
...
006 (8569015.000.000) 11/23 10:45:45 Image size of job updated: 265084
	78  -  MemoryUsage of job (MB)
	79640  -  ResidentSetSize of job (KB)
...
006 (8569015.000.000) 11/23 10:46:25 Image size of job updated: 268048
	78  -  MemoryUsage of job (MB)
	79640  -  ResidentSetSize of job (KB)
...
005 (8569015.000.000) 11/23 10:46:25 Job terminated.
	(1) Normal termination (return value 0)
		Usr 0 00:00:25, Sys 0 00:00:00  -  Run Remote Usage
		Usr 0 00:00:00, Sys 0 00:00:00  -  Run Local Usage
		Usr 0 00:00:25, Sys 0 00:00:00  -  Total Remote Usage
		Usr 0 00:00:00, Sys 0 00:00:00  -  Total Local Usage
	0  -  Run Bytes Sent By Job
	0  -  Run Bytes Received By Job
	0  -  Total Bytes Sent By Job
	0  -  Total Bytes Received By Job
	Partitionable Resources :    Usage  Request Allocated
	   Cpus                 :                 1         1
	   Disk (KB)            :        1        1  13348109
	   Memory (MB)          :       78        1      6441
...
000 (8569569.000.000) 11/23 10:57:31 Job submitted from host: <10.10.48.31:12542?addrs=10.10.48.31-12542>
...
001 (8569569.000.000) 11/23 10:57:44 Job executing on host: <10.10.48.41:20766?addrs=10.10.48.41-20766>
...
006 (8569569.000.000) 11/23 10:57:52 Image size of job updated: 268040
	104  -  MemoryUsage of job (MB)
	105632  -  ResidentSetSize of job (KB)
...
005 (8569569.000.000) 11/23 10:58:09 Job terminated.
	(1) Normal termination (return value 0)
		Usr 0 00:00:22, Sys 0 00:00:00  -  Run Remote Usage
		Usr 0 00:00:00, Sys 0 00:00:00  -  Run Local Usage
		Usr 0 00:00:22, Sys 0 00:00:00  -  Total Remote Usage
		Usr 0 00:00:00, Sys 0 00:00:00  -  Total Local Usage
	0  -  Run Bytes Sent By Job
	0  -  Run Bytes Received By Job
	0  -  Total Bytes Sent By Job
	0  -  Total Bytes Received By Job
	Partitionable Resources :    Usage  Request Allocated
	   Cpus                 :                 1         1
	   Disk (KB)            :        1        1  16725954
	   Memory (MB)          :      104        1      4023
...
000 (8577520.000.000) 11/23 15:06:26 Job submitted from host: <10.10.48.31:12542?addrs=10.10.48.31-12542>
...
001 (8577520.000.000) 11/23 15:06:30 Job executing on host: <10.10.48.141:50603?addrs=10.10.48.141-50603>
...
006 (8577520.000.000) 11/23 15:06:38 Image size of job updated: 268040
	102  -  MemoryUsage of job (MB)
	104244  -  ResidentSetSize of job (KB)
...
006 (8577520.000.000) 11/23 15:06:56 Image size of job updated: 268112
	102  -  MemoryUsage of job (MB)
	104244  -  ResidentSetSize of job (KB)
...
005 (8577520.000.000) 11/23 15:06:56 Job terminated.
	(1) Normal termination (return value 0)
		Usr 0 00:00:25, Sys 0 00:00:00  -  Run Remote Usage
		Usr 0 00:00:00, Sys 0 00:00:00  -  Run Local Usage
		Usr 0 00:00:25, Sys 0 00:00:00  -  Total Remote Usage
		Usr 0 00:00:00, Sys 0 00:00:00  -  Total Local Usage
	0  -  Run Bytes Sent By Job
	0  -  Run Bytes Received By Job
	0  -  Total Bytes Sent By Job
	0  -  Total Bytes Received By Job
	Partitionable Resources :    Usage  Request Allocated
	   Cpus                 :                 1         1
	   Disk (KB)            :        1        1  13376625
	   Memory (MB)          :      102        1      6441
...
000 (8580123.000.000) 11/23 17:22:33 Job submitted from host: <10.10.48.31:12542?addrs=10.10.48.31-12542>
...
001 (8580123.000.000) 11/23 17:22:35 Job executing on host: <10.10.48.41:20766?addrs=10.10.48.41-20766>
...
006 (8580123.000.000) 11/23 17:22:44 Image size of job updated: 262292
	96  -  MemoryUsage of job (MB)
	97700  -  ResidentSetSize of job (KB)
...
006 (8580123.000.000) 11/23 17:23:56 Image size of job updated: 262340
	96  -  MemoryUsage of job (MB)
	97700  -  ResidentSetSize of job (KB)
...
005 (8580123.000.000) 11/23 17:23:56 Job terminated.
	(1) Normal termination (return value 0)
		Usr 0 00:01:18, Sys 0 00:00:01  -  Run Remote Usage
		Usr 0 00:00:00, Sys 0 00:00:00  -  Run Local Usage
		Usr 0 00:01:18, Sys 0 00:00:01  -  Total Remote Usage
		Usr 0 00:00:00, Sys 0 00:00:00  -  Total Local Usage
	0  -  Run Bytes Sent By Job
	0  -  Run Bytes Received By Job
	0  -  Total Bytes Sent By Job
	0  -  Total Bytes Received By Job
	Partitionable Resources :    Usage  Request Allocated
	   Cpus                 :                 1         1
	   Disk (KB)            :        1        1  16725821
	   Memory (MB)          :       96        1      4023
...
000 (8580277.000.000) 11/24 10:20:53 Job submitted from host: <10.10.48.31:12542?addrs=10.10.48.31-12542>
...
001 (8580277.000.000) 11/24 10:21:13 Job executing on host: <10.10.48.41:20766?addrs=10.10.48.41-20766>
...
006 (8580277.000.000) 11/24 10:21:22 Image size of job updated: 262284
	95  -  MemoryUsage of job (MB)
	96468  -  ResidentSetSize of job (KB)
...
006 (8580277.000.000) 11/24 10:22:34 Image size of job updated: 262444
	95  -  MemoryUsage of job (MB)
	96468  -  ResidentSetSize of job (KB)
...
005 (8580277.000.000) 11/24 10:22:34 Job terminated.
	(1) Normal termination (return value 0)
		Usr 0 00:01:18, Sys 0 00:00:01  -  Run Remote Usage
		Usr 0 00:00:00, Sys 0 00:00:00  -  Run Local Usage
		Usr 0 00:01:18, Sys 0 00:00:01  -  Total Remote Usage
		Usr 0 00:00:00, Sys 0 00:00:00  -  Total Local Usage
	0  -  Run Bytes Sent By Job
	0  -  Run Bytes Received By Job
	0  -  Total Bytes Sent By Job
	0  -  Total Bytes Received By Job
	Partitionable Resources :    Usage  Request Allocated
	   Cpus                 :                 1         1
	   Disk (KB)            :        1        1  16725719
	   Memory (MB)          :       95        1      4023
...
000 (8581700.000.000) 11/24 20:22:53 Job submitted from host: <10.10.48.31:12542?addrs=10.10.48.31-12542>
...
001 (8581700.000.000) 11/24 20:22:57 Job executing on host: <10.10.48.41:20766?addrs=10.10.48.41-20766>
...
006 (8581700.000.000) 11/24 20:22:58 Image size of job updated: 191888
	0  -  MemoryUsage of job (MB)
	0  -  ResidentSetSize of job (KB)
...
005 (8581700.000.000) 11/24 20:22:59 Job terminated.
	(1) Normal termination (return value 0)
		Usr 0 00:00:00, Sys 0 00:00:00  -  Run Remote Usage
		Usr 0 00:00:00, Sys 0 00:00:00  -  Run Local Usage
		Usr 0 00:00:00, Sys 0 00:00:00  -  Total Remote Usage
		Usr 0 00:00:00, Sys 0 00:00:00  -  Total Local Usage
	0  -  Run Bytes Sent By Job
	0  -  Run Bytes Received By Job
	0  -  Total Bytes Sent By Job
	0  -  Total Bytes Received By Job
	Partitionable Resources :    Usage  Request Allocated
	   Cpus                 :                 1         1
	   Disk (KB)            :        1        1  16725484
	   Memory (MB)          :        0        1      4023
...
000 (8581756.000.000) 11/24 20:31:08 Job submitted from host: <10.10.48.31:12542?addrs=10.10.48.31-12542>
...
001 (8581756.000.000) 11/24 20:31:28 Job executing on host: <10.10.48.141:50603?addrs=10.10.48.141-50603>
...
006 (8581756.000.000) 11/24 20:31:37 Image size of job updated: 183432
	34  -  MemoryUsage of job (MB)
	33920  -  ResidentSetSize of job (KB)
...
006 (8581756.000.000) 11/24 20:36:37 Image size of job updated: 201956
	43  -  MemoryUsage of job (MB)
	43436  -  ResidentSetSize of job (KB)
...
005 (8581756.000.000) 11/24 20:38:16 Job terminated.
	(1) Normal termination (return value 0)
		Usr 0 00:04:15, Sys 0 00:00:05  -  Run Remote Usage
		Usr 0 00:00:00, Sys 0 00:00:00  -  Run Local Usage
		Usr 0 00:04:15, Sys 0 00:00:05  -  Total Remote Usage
		Usr 0 00:00:00, Sys 0 00:00:00  -  Total Local Usage
	0  -  Run Bytes Sent By Job
	0  -  Run Bytes Received By Job
	0  -  Total Bytes Sent By Job
	0  -  Total Bytes Received By Job
	Partitionable Resources :    Usage  Request Allocated
	   Cpus                 :                 1         1
	   Disk (KB)            :        1        1  13376535
	   Memory (MB)          :       43        1      6441
...
000 (8739415.000.000) 11/29 19:23:01 Job submitted from host: <10.10.48.31:12542?addrs=10.10.48.31-12542>
...
001 (8739415.000.000) 11/29 19:23:21 Job executing on host: <10.10.48.35:61041?addrs=10.10.48.35-61041>
...
006 (8739415.000.000) 11/29 19:23:30 Image size of job updated: 180388
	30  -  MemoryUsage of job (MB)
	30608  -  ResidentSetSize of job (KB)
...
006 (8739415.000.000) 11/29 19:28:31 Image size of job updated: 203236
	45  -  MemoryUsage of job (MB)
	45332  -  ResidentSetSize of job (KB)
...
006 (8739415.000.000) 11/29 19:32:20 Image size of job updated: 203312
	45  -  MemoryUsage of job (MB)
	45332  -  ResidentSetSize of job (KB)
...
005 (8739415.000.000) 11/29 19:32:20 Job terminated.
	(1) Normal termination (return value 0)
		Usr 0 00:02:52, Sys 0 00:00:04  -  Run Remote Usage
		Usr 0 00:00:00, Sys 0 00:00:00  -  Run Local Usage
		Usr 0 00:02:52, Sys 0 00:00:04  -  Total Remote Usage
		Usr 0 00:00:00, Sys 0 00:00:00  -  Total Local Usage
	0  -  Run Bytes Sent By Job
	0  -  Run Bytes Received By Job
	0  -  Total Bytes Sent By Job
	0  -  Total Bytes Received By Job
	Partitionable Resources :    Usage  Request Allocated
	   Cpus                 :                 1         1
	   Disk (KB)            :        1        1  16724900
	   Memory (MB)          :       45        1      4023
...
000 (8739566.000.000) 11/29 19:34:19 Job submitted from host: <10.10.48.31:12542?addrs=10.10.48.31-12542>
...
001 (8739566.000.000) 11/29 19:34:28 Job executing on host: <10.10.48.35:61041?addrs=10.10.48.35-61041>
...
006 (8739566.000.000) 11/29 19:34:37 Image size of job updated: 180256
	30  -  MemoryUsage of job (MB)
	30220  -  ResidentSetSize of job (KB)
...
006 (8739566.000.000) 11/29 19:39:38 Image size of job updated: 203244
	44  -  MemoryUsage of job (MB)
	44936  -  ResidentSetSize of job (KB)
...
005 (8739566.000.000) 11/29 19:41:25 Job terminated.
	(1) Normal termination (return value 0)
		Usr 0 00:02:17, Sys 0 00:00:03  -  Run Remote Usage
		Usr 0 00:00:00, Sys 0 00:00:00  -  Run Local Usage
		Usr 0 00:02:17, Sys 0 00:00:03  -  Total Remote Usage
		Usr 0 00:00:00, Sys 0 00:00:00  -  Total Local Usage
	0  -  Run Bytes Sent By Job
	0  -  Run Bytes Received By Job
	0  -  Total Bytes Sent By Job
	0  -  Total Bytes Received By Job
	Partitionable Resources :    Usage  Request Allocated
	   Cpus                 :                 1         1
	   Disk (KB)            :        1        1  16724936
	   Memory (MB)          :       44        1      4023
...
000 (8740389.000.000) 11/29 20:51:04 Job submitted from host: <10.10.48.31:12542?addrs=10.10.48.31-12542>
...
001 (8740389.000.000) 11/29 20:51:21 Job executing on host: <10.10.48.41:20766?addrs=10.10.48.41-20766>
...
006 (8740389.000.000) 11/29 20:51:29 Image size of job updated: 183560
	34  -  MemoryUsage of job (MB)
	34272  -  ResidentSetSize of job (KB)
...
000 (8740489.000.000) 11/29 20:52:27 Job submitted from host: <10.10.48.31:12542?addrs=10.10.48.31-12542>
...
001 (8740489.000.000) 11/29 20:52:49 Job executing on host: <10.10.48.139:49429?addrs=10.10.48.139-49429>
...
006 (8740489.000.000) 11/29 20:52:57 Image size of job updated: 180388
	30  -  MemoryUsage of job (MB)
	30252  -  ResidentSetSize of job (KB)
...
006 (8740389.000.000) 11/29 20:56:29 Image size of job updated: 203136
	44  -  MemoryUsage of job (MB)
	44904  -  ResidentSetSize of job (KB)
...
006 (8740489.000.000) 11/29 20:57:57 Image size of job updated: 203116
	43  -  MemoryUsage of job (MB)
	43872  -  ResidentSetSize of job (KB)
...
006 (8740389.000.000) 11/29 21:01:29 Image size of job updated: 203260
	45  -  MemoryUsage of job (MB)
	45864  -  ResidentSetSize of job (KB)
...
006 (8740489.000.000) 11/29 21:02:34 Image size of job updated: 203216
	43  -  MemoryUsage of job (MB)
	43872  -  ResidentSetSize of job (KB)
...
005 (8740489.000.000) 11/29 21:02:34 Job terminated.
	(1) Normal termination (return value 0)
		Usr 0 00:03:55, Sys 0 00:00:05  -  Run Remote Usage
		Usr 0 00:00:00, Sys 0 00:00:00  -  Run Local Usage
		Usr 0 00:03:55, Sys 0 00:00:05  -  Total Remote Usage
		Usr 0 00:00:00, Sys 0 00:00:00  -  Total Local Usage
	0  -  Run Bytes Sent By Job
	0  -  Run Bytes Received By Job
	0  -  Total Bytes Sent By Job
	0  -  Total Bytes Received By Job
	Partitionable Resources :    Usage  Request Allocated
	   Cpus                 :                 1         1
	   Disk (KB)            :        1        1  13385363
	   Memory (MB)          :       43        1      6441
...
006 (8740389.000.000) 11/29 21:05:13 Image size of job updated: 203380
	45  -  MemoryUsage of job (MB)
	45864  -  ResidentSetSize of job (KB)
...
005 (8740389.000.000) 11/29 21:05:13 Job terminated.
	(1) Normal termination (return value 0)
		Usr 0 00:05:48, Sys 0 00:00:08  -  Run Remote Usage
		Usr 0 00:00:00, Sys 0 00:00:00  -  Run Local Usage
		Usr 0 00:05:48, Sys 0 00:00:08  -  Total Remote Usage
		Usr 0 00:00:00, Sys 0 00:00:00  -  Total Local Usage
	0  -  Run Bytes Sent By Job
	0  -  Run Bytes Received By Job
	0  -  Total Bytes Sent By Job
	0  -  Total Bytes Received By Job
	Partitionable Resources :    Usage  Request Allocated
	   Cpus                 :                 1         1
	   Disk (KB)            :        1        1  16724676
	   Memory (MB)          :       45        1      4023
...
