000 (8513131.000.000) 11/20 20:04:41 Job submitted from host: <10.10.48.31:12542?addrs=10.10.48.31-12542>
...
001 (8513131.000.000) 11/20 20:04:52 Job executing on host: <10.10.48.141:50603?addrs=10.10.48.141-50603>
...
006 (8513131.000.000) 11/20 20:04:53 Image size of job updated: 174952
	0  -  MemoryUsage of job (MB)
	0  -  ResidentSetSize of job (KB)
...
005 (8513131.000.000) 11/20 20:04:54 Job terminated.
	(1) Normal termination (return value 1)
		Usr 0 00:00:00, Sys 0 00:00:00  -  Run Remote Usage
		Usr 0 00:00:00, Sys 0 00:00:00  -  Run Local Usage
		Usr 0 00:00:00, Sys 0 00:00:00  -  Total Remote Usage
		Usr 0 00:00:00, Sys 0 00:00:00  -  Total Local Usage
	0  -  Run Bytes Sent By Job
	0  -  Run Bytes Received By Job
	0  -  Total Bytes Sent By Job
	0  -  Total Bytes Received By Job
	Partitionable Resources :    Usage  Request Allocated
	   Cpus                 :                 1         1
	   Disk (KB)            :        1        1  12695860
	   Memory (MB)          :        0        1      6441
...
000 (8513197.000.000) 11/20 20:06:17 Job submitted from host: <10.10.48.31:12542?addrs=10.10.48.31-12542>
...
001 (8513197.000.000) 11/20 20:06:35 Job executing on host: <10.10.48.141:50603?addrs=10.10.48.141-50603>
...
006 (8513197.000.000) 11/20 20:06:44 Image size of job updated: 260716
	65  -  MemoryUsage of job (MB)
	65816  -  ResidentSetSize of job (KB)
...
006 (8513197.000.000) 11/20 20:06:56 Image size of job updated: 265112
	65  -  MemoryUsage of job (MB)
	65816  -  ResidentSetSize of job (KB)
...
005 (8513197.000.000) 11/20 20:06:56 Job terminated.
	(1) Normal termination (return value 0)
		Usr 0 00:00:06, Sys 0 00:00:00  -  Run Remote Usage
		Usr 0 00:00:00, Sys 0 00:00:00  -  Run Local Usage
		Usr 0 00:00:06, Sys 0 00:00:00  -  Total Remote Usage
		Usr 0 00:00:00, Sys 0 00:00:00  -  Total Local Usage
	0  -  Run Bytes Sent By Job
	0  -  Run Bytes Received By Job
	0  -  Total Bytes Sent By Job
	0  -  Total Bytes Received By Job
	Partitionable Resources :    Usage  Request Allocated
	   Cpus                 :                 1         1
	   Disk (KB)            :        1        1  13070904
	   Memory (MB)          :       65        1      6441
...
000 (8568155.000.000) 11/23 10:24:45 Job submitted from host: <10.10.48.31:12542?addrs=10.10.48.31-12542>
...
001 (8568155.000.000) 11/23 10:24:51 Job executing on host: <10.10.48.41:20766?addrs=10.10.48.41-20766>
...
006 (8568155.000.000) 11/23 10:24:52 Image size of job updated: 191448
	0  -  MemoryUsage of job (MB)
	0  -  ResidentSetSize of job (KB)
...
005 (8568155.000.000) 11/23 10:24:52 Job terminated.
	(1) Normal termination (return value 0)
		Usr 0 00:00:00, Sys 0 00:00:00  -  Run Remote Usage
		Usr 0 00:00:00, Sys 0 00:00:00  -  Run Local Usage
		Usr 0 00:00:00, Sys 0 00:00:00  -  Total Remote Usage
		Usr 0 00:00:00, Sys 0 00:00:00  -  Total Local Usage
	0  -  Run Bytes Sent By Job
	0  -  Run Bytes Received By Job
	0  -  Total Bytes Sent By Job
	0  -  Total Bytes Received By Job
	Partitionable Resources :    Usage  Request Allocated
	   Cpus                 :                 1         1
	   Disk (KB)            :        1        1  16725580
	   Memory (MB)          :        0        1      4023
...
000 (8569003.000.000) 11/23 10:45:23 Job submitted from host: <10.10.48.31:12542?addrs=10.10.48.31-12542>
...
001 (8569003.000.000) 11/23 10:45:37 Job executing on host: <10.10.48.41:20766?addrs=10.10.48.41-20766>
...
006 (8569003.000.000) 11/23 10:45:46 Image size of job updated: 265108
	102  -  MemoryUsage of job (MB)
	103500  -  ResidentSetSize of job (KB)
...
006 (8569003.000.000) 11/23 10:45:54 Image size of job updated: 265116
	102  -  MemoryUsage of job (MB)
	103500  -  ResidentSetSize of job (KB)
...
005 (8569003.000.000) 11/23 10:45:54 Job terminated.
	(1) Normal termination (return value 0)
		Usr 0 00:00:06, Sys 0 00:00:00  -  Run Remote Usage
		Usr 0 00:00:00, Sys 0 00:00:00  -  Run Local Usage
		Usr 0 00:00:06, Sys 0 00:00:00  -  Total Remote Usage
		Usr 0 00:00:00, Sys 0 00:00:00  -  Total Local Usage
	0  -  Run Bytes Sent By Job
	0  -  Run Bytes Received By Job
	0  -  Total Bytes Sent By Job
	0  -  Total Bytes Received By Job
	Partitionable Resources :    Usage  Request Allocated
	   Cpus                 :                 1         1
	   Disk (KB)            :        1        1  16725456
	   Memory (MB)          :      102        1      4023
...
000 (8569557.000.000) 11/23 10:57:30 Job submitted from host: <10.10.48.31:12542?addrs=10.10.48.31-12542>
...
001 (8569557.000.000) 11/23 10:57:32 Job executing on host: <10.10.48.41:20766?addrs=10.10.48.41-20766>
...
006 (8569557.000.000) 11/23 10:57:38 Image size of job updated: 265184
	0  -  MemoryUsage of job (MB)
	0  -  ResidentSetSize of job (KB)
...
005 (8569557.000.000) 11/23 10:57:38 Job terminated.
	(1) Normal termination (return value 0)
		Usr 0 00:00:05, Sys 0 00:00:00  -  Run Remote Usage
		Usr 0 00:00:00, Sys 0 00:00:00  -  Run Local Usage
		Usr 0 00:00:05, Sys 0 00:00:00  -  Total Remote Usage
		Usr 0 00:00:00, Sys 0 00:00:00  -  Total Local Usage
	0  -  Run Bytes Sent By Job
	0  -  Run Bytes Received By Job
	0  -  Total Bytes Sent By Job
	0  -  Total Bytes Received By Job
	Partitionable Resources :    Usage  Request Allocated
	   Cpus                 :                 1         1
	   Disk (KB)            :        1        1  16725954
	   Memory (MB)          :        0        1      4023
...
000 (8577508.000.000) 11/23 15:06:25 Job submitted from host: <10.10.48.31:12542?addrs=10.10.48.31-12542>
...
001 (8577508.000.000) 11/23 15:06:30 Job executing on host: <10.10.48.41:20766?addrs=10.10.48.41-20766>
...
006 (8577508.000.000) 11/23 15:06:37 Image size of job updated: 265116
	0  -  MemoryUsage of job (MB)
	0  -  ResidentSetSize of job (KB)
...
005 (8577508.000.000) 11/23 15:06:37 Job terminated.
	(1) Normal termination (return value 0)
		Usr 0 00:00:04, Sys 0 00:00:00  -  Run Remote Usage
		Usr 0 00:00:00, Sys 0 00:00:00  -  Run Local Usage
		Usr 0 00:00:04, Sys 0 00:00:00  -  Total Remote Usage
		Usr 0 00:00:00, Sys 0 00:00:00  -  Total Local Usage
	0  -  Run Bytes Sent By Job
	0  -  Run Bytes Received By Job
	0  -  Total Bytes Sent By Job
	0  -  Total Bytes Received By Job
	Partitionable Resources :    Usage  Request Allocated
	   Cpus                 :                 1         1
	   Disk (KB)            :        1        1  16724551
	   Memory (MB)          :        0        1      4023
...
000 (8580111.000.000) 11/23 17:22:32 Job submitted from host: <10.10.48.31:12542?addrs=10.10.48.31-12542>
...
001 (8580111.000.000) 11/23 17:22:32 Job executing on host: <10.10.48.41:20766?addrs=10.10.48.41-20766>
...
006 (8580111.000.000) 11/23 17:22:41 Image size of job updated: 262828
	96  -  MemoryUsage of job (MB)
	97488  -  ResidentSetSize of job (KB)
...
005 (8580111.000.000) 11/23 17:23:03 Job terminated.
	(1) Normal termination (return value 0)
		Usr 0 00:00:22, Sys 0 00:00:00  -  Run Remote Usage
		Usr 0 00:00:00, Sys 0 00:00:00  -  Run Local Usage
		Usr 0 00:00:22, Sys 0 00:00:00  -  Total Remote Usage
		Usr 0 00:00:00, Sys 0 00:00:00  -  Total Local Usage
	0  -  Run Bytes Sent By Job
	0  -  Run Bytes Received By Job
	0  -  Total Bytes Sent By Job
	0  -  Total Bytes Received By Job
	Partitionable Resources :    Usage  Request Allocated
	   Cpus                 :                 1         1
	   Disk (KB)            :        1        1  16725821
	   Memory (MB)          :       96        1      4023
...
000 (8580265.000.000) 11/24 10:20:52 Job submitted from host: <10.10.48.31:12542?addrs=10.10.48.31-12542>
...
001 (8580265.000.000) 11/24 10:20:54 Job executing on host: <10.10.48.41:20766?addrs=10.10.48.41-20766>
...
006 (8580265.000.000) 11/24 10:21:02 Image size of job updated: 262624
	95  -  MemoryUsage of job (MB)
	96460  -  ResidentSetSize of job (KB)
...
006 (8580265.000.000) 11/24 10:21:24 Image size of job updated: 262836
	95  -  MemoryUsage of job (MB)
	96460  -  ResidentSetSize of job (KB)
...
005 (8580265.000.000) 11/24 10:21:24 Job terminated.
	(1) Normal termination (return value 0)
		Usr 0 00:00:29, Sys 0 00:00:00  -  Run Remote Usage
		Usr 0 00:00:00, Sys 0 00:00:00  -  Run Local Usage
		Usr 0 00:00:29, Sys 0 00:00:00  -  Total Remote Usage
		Usr 0 00:00:00, Sys 0 00:00:00  -  Total Local Usage
	0  -  Run Bytes Sent By Job
	0  -  Run Bytes Received By Job
	0  -  Total Bytes Sent By Job
	0  -  Total Bytes Received By Job
	Partitionable Resources :    Usage  Request Allocated
	   Cpus                 :                 1         1
	   Disk (KB)            :        1        1  16725719
	   Memory (MB)          :       95        1      4023
...
000 (8581688.000.000) 11/24 20:22:52 Job submitted from host: <10.10.48.31:12542?addrs=10.10.48.31-12542>
...
001 (8581688.000.000) 11/24 20:22:54 Job executing on host: <10.10.48.41:20766?addrs=10.10.48.41-20766>
...
006 (8581688.000.000) 11/24 20:22:55 Image size of job updated: 190620
	0  -  MemoryUsage of job (MB)
	0  -  ResidentSetSize of job (KB)
...
005 (8581688.000.000) 11/24 20:22:55 Job terminated.
	(1) Normal termination (return value 0)
		Usr 0 00:00:00, Sys 0 00:00:00  -  Run Remote Usage
		Usr 0 00:00:00, Sys 0 00:00:00  -  Run Local Usage
		Usr 0 00:00:00, Sys 0 00:00:00  -  Total Remote Usage
		Usr 0 00:00:00, Sys 0 00:00:00  -  Total Local Usage
	0  -  Run Bytes Sent By Job
	0  -  Run Bytes Received By Job
	0  -  Total Bytes Sent By Job
	0  -  Total Bytes Received By Job
	Partitionable Resources :    Usage  Request Allocated
	   Cpus                 :                 1         1
	   Disk (KB)            :        1        1  16725483
	   Memory (MB)          :        0        1      4023
...
000 (8581744.000.000) 11/24 20:31:06 Job submitted from host: <10.10.48.31:12542?addrs=10.10.48.31-12542>
...
001 (8581744.000.000) 11/24 20:31:28 Job executing on host: <10.10.48.41:20766?addrs=10.10.48.41-20766>
...
006 (8581744.000.000) 11/24 20:31:37 Image size of job updated: 183312
	34  -  MemoryUsage of job (MB)
	34232  -  ResidentSetSize of job (KB)
...
006 (8581744.000.000) 11/24 20:33:48 Image size of job updated: 201700
	34  -  MemoryUsage of job (MB)
	34232  -  ResidentSetSize of job (KB)
...
005 (8581744.000.000) 11/24 20:33:48 Job terminated.
	(1) Normal termination (return value 0)
		Usr 0 00:01:23, Sys 0 00:00:01  -  Run Remote Usage
		Usr 0 00:00:00, Sys 0 00:00:00  -  Run Local Usage
		Usr 0 00:01:23, Sys 0 00:00:01  -  Total Remote Usage
		Usr 0 00:00:00, Sys 0 00:00:00  -  Total Local Usage
	0  -  Run Bytes Sent By Job
	0  -  Run Bytes Received By Job
	0  -  Total Bytes Sent By Job
	0  -  Total Bytes Received By Job
	Partitionable Resources :    Usage  Request Allocated
	   Cpus                 :                 1         1
	   Disk (KB)            :        1        1  16725427
	   Memory (MB)          :       34        1      4023
...
000 (8581800.000.000) 11/24 20:41:17 Job submitted from host: <10.10.48.31:12542?addrs=10.10.48.31-12542>
...
001 (8581800.000.000) 11/24 20:41:31 Job executing on host: <10.10.48.41:20766?addrs=10.10.48.41-20766>
...
006 (8581800.000.000) 11/24 20:41:33 Image size of job updated: 131276
	0  -  MemoryUsage of job (MB)
	0  -  ResidentSetSize of job (KB)
...
005 (8581800.000.000) 11/24 20:41:33 Job terminated.
	(1) Normal termination (return value 0)
		Usr 0 00:00:00, Sys 0 00:00:00  -  Run Remote Usage
		Usr 0 00:00:00, Sys 0 00:00:00  -  Run Local Usage
		Usr 0 00:00:00, Sys 0 00:00:00  -  Total Remote Usage
		Usr 0 00:00:00, Sys 0 00:00:00  -  Total Local Usage
	0  -  Run Bytes Sent By Job
	0  -  Run Bytes Received By Job
	0  -  Total Bytes Sent By Job
	0  -  Total Bytes Received By Job
	Partitionable Resources :    Usage  Request Allocated
	   Cpus                 :                 1         1
	   Disk (KB)            :        1        1  16725424
	   Memory (MB)          :        0        1      4023
...
000 (8739403.000.000) 11/29 19:23:00 Job submitted from host: <10.10.48.31:12542?addrs=10.10.48.31-12542>
...
001 (8739403.000.000) 11/29 19:23:20 Job executing on host: <10.10.48.41:20766?addrs=10.10.48.41-20766>
...
006 (8739403.000.000) 11/29 19:23:29 Image size of job updated: 176148
	30  -  MemoryUsage of job (MB)
	30212  -  ResidentSetSize of job (KB)
...
006 (8739403.000.000) 11/29 19:28:29 Image size of job updated: 203120
	44  -  MemoryUsage of job (MB)
	44704  -  ResidentSetSize of job (KB)
...
005 (8739403.000.000) 11/29 19:29:38 Job terminated.
	(1) Normal termination (return value 0)
		Usr 0 00:01:38, Sys 0 00:00:02  -  Run Remote Usage
		Usr 0 00:00:00, Sys 0 00:00:00  -  Run Local Usage
		Usr 0 00:01:38, Sys 0 00:00:02  -  Total Remote Usage
		Usr 0 00:00:00, Sys 0 00:00:00  -  Total Local Usage
	0  -  Run Bytes Sent By Job
	0  -  Run Bytes Received By Job
	0  -  Total Bytes Sent By Job
	0  -  Total Bytes Received By Job
	Partitionable Resources :    Usage  Request Allocated
	   Cpus                 :                 1         1
	   Disk (KB)            :        1        1  16724460
	   Memory (MB)          :       44        1      4023
...
000 (8739554.000.000) 11/29 19:34:19 Job submitted from host: <10.10.48.31:12542?addrs=10.10.48.31-12542>
...
001 (8739554.000.000) 11/29 19:34:28 Job executing on host: <10.10.48.141:50603?addrs=10.10.48.141-50603>
...
006 (8739554.000.000) 11/29 19:34:36 Image size of job updated: 180376
	30  -  MemoryUsage of job (MB)
	30416  -  ResidentSetSize of job (KB)
...
000 (8739615.000.000) 11/29 19:34:42 Job submitted from host: <10.10.48.31:12542?addrs=10.10.48.31-12542>
...
001 (8739615.000.000) 11/29 19:34:49 Job executing on host: <10.10.48.145:26377?addrs=10.10.48.145-26377>
...
006 (8739615.000.000) 11/29 19:34:52 Image size of job updated: 202660
	0  -  MemoryUsage of job (MB)
	0  -  ResidentSetSize of job (KB)
...
005 (8739615.000.000) 11/29 19:34:52 Job terminated.
	(1) Normal termination (return value 0)
		Usr 0 00:00:01, Sys 0 00:00:00  -  Run Remote Usage
		Usr 0 00:00:00, Sys 0 00:00:00  -  Run Local Usage
		Usr 0 00:00:01, Sys 0 00:00:00  -  Total Remote Usage
		Usr 0 00:00:00, Sys 0 00:00:00  -  Total Local Usage
	0  -  Run Bytes Sent By Job
	0  -  Run Bytes Received By Job
	0  -  Total Bytes Sent By Job
	0  -  Total Bytes Received By Job
	Partitionable Resources :    Usage  Request Allocated
	   Cpus                 :                 1         1
	   Disk (KB)            :        1        1  13384175
	   Memory (MB)          :        0        1      6441
...
006 (8739554.000.000) 11/29 19:37:12 Image size of job updated: 202952
	30  -  MemoryUsage of job (MB)
	30416  -  ResidentSetSize of job (KB)
...
005 (8739554.000.000) 11/29 19:37:12 Job terminated.
	(1) Normal termination (return value 0)
		Usr 0 00:00:55, Sys 0 00:00:01  -  Run Remote Usage
		Usr 0 00:00:00, Sys 0 00:00:00  -  Run Local Usage
		Usr 0 00:00:55, Sys 0 00:00:01  -  Total Remote Usage
		Usr 0 00:00:00, Sys 0 00:00:00  -  Total Local Usage
	0  -  Run Bytes Sent By Job
	0  -  Run Bytes Received By Job
	0  -  Total Bytes Sent By Job
	0  -  Total Bytes Received By Job
	Partitionable Resources :    Usage  Request Allocated
	   Cpus                 :                 1         1
	   Disk (KB)            :        1        1  13376598
	   Memory (MB)          :       30        1      6441
...
000 (8740375.000.000) 11/29 20:51:02 Job submitted from host: <10.10.48.31:12542?addrs=10.10.48.31-12542>
...
001 (8740375.000.000) 11/29 20:51:04 Job executing on host: <10.10.48.41:20766?addrs=10.10.48.41-20766>
...
006 (8740375.000.000) 11/29 20:51:13 Image size of job updated: 183404
	34  -  MemoryUsage of job (MB)
	34288  -  ResidentSetSize of job (KB)
...
000 (8740477.000.000) 11/29 20:52:26 Job submitted from host: <10.10.48.31:12542?addrs=10.10.48.31-12542>
...
001 (8740477.000.000) 11/29 20:52:47 Job executing on host: <10.10.48.35:61041?addrs=10.10.48.35-61041>
...
006 (8740477.000.000) 11/29 20:52:56 Image size of job updated: 132076
	23  -  MemoryUsage of job (MB)
	23388  -  ResidentSetSize of job (KB)
...
000 (8740605.000.000) 11/29 20:53:57 Job submitted from host: <10.10.48.31:12542?addrs=10.10.48.31-12542>
...
001 (8740605.000.000) 11/29 20:54:11 Job executing on host: <10.10.48.143:50448?addrs=10.10.48.143-50448>
...
006 (8740605.000.000) 11/29 20:54:16 Image size of job updated: 1
	0  -  MemoryUsage of job (MB)
	0  -  ResidentSetSize of job (KB)
...
005 (8740605.000.000) 11/29 20:54:16 Job terminated.
	(1) Normal termination (return value 0)
		Usr 0 00:00:00, Sys 0 00:00:00  -  Run Remote Usage
		Usr 0 00:00:00, Sys 0 00:00:00  -  Run Local Usage
		Usr 0 00:00:00, Sys 0 00:00:00  -  Total Remote Usage
		Usr 0 00:00:00, Sys 0 00:00:00  -  Total Local Usage
	0  -  Run Bytes Sent By Job
	0  -  Run Bytes Received By Job
	0  -  Total Bytes Sent By Job
	0  -  Total Bytes Received By Job
	Partitionable Resources :    Usage  Request Allocated
	   Cpus                 :                 1         1
	   Disk (KB)            :        1        1  13383134
	   Memory (MB)          :        0        1      6441
...
006 (8740477.000.000) 11/29 20:56:09 Image size of job updated: 202960
	23  -  MemoryUsage of job (MB)
	23388  -  ResidentSetSize of job (KB)
...
005 (8740477.000.000) 11/29 20:56:09 Job terminated.
	(1) Normal termination (return value 0)
		Usr 0 00:00:54, Sys 0 00:00:01  -  Run Remote Usage
		Usr 0 00:00:00, Sys 0 00:00:00  -  Run Local Usage
		Usr 0 00:00:54, Sys 0 00:00:01  -  Total Remote Usage
		Usr 0 00:00:00, Sys 0 00:00:00  -  Total Local Usage
	0  -  Run Bytes Sent By Job
	0  -  Run Bytes Received By Job
	0  -  Total Bytes Sent By Job
	0  -  Total Bytes Received By Job
	Partitionable Resources :    Usage  Request Allocated
	   Cpus                 :                 1         1
	   Disk (KB)            :        1        1  16724834
	   Memory (MB)          :       23        1      4023
...
006 (8740375.000.000) 11/29 20:56:14 Image size of job updated: 203144
	45  -  MemoryUsage of job (MB)
	45116  -  ResidentSetSize of job (KB)
...
005 (8740375.000.000) 11/29 21:00:47 Job terminated.
	(1) Normal termination (return value 0)
		Usr 0 00:03:42, Sys 0 00:00:05  -  Run Remote Usage
		Usr 0 00:00:00, Sys 0 00:00:00  -  Run Local Usage
		Usr 0 00:03:42, Sys 0 00:00:05  -  Total Remote Usage
		Usr 0 00:00:00, Sys 0 00:00:00  -  Total Local Usage
	0  -  Run Bytes Sent By Job
	0  -  Run Bytes Received By Job
	0  -  Total Bytes Sent By Job
	0  -  Total Bytes Received By Job
	Partitionable Resources :    Usage  Request Allocated
	   Cpus                 :                 1         1
	   Disk (KB)            :        1        1  16724676
	   Memory (MB)          :       45        1      4023
...
