000 (8513125.000.000) 11/20 20:04:41 Job submitted from host: <10.10.48.31:12542?addrs=10.10.48.31-12542>
...
001 (8513125.000.000) 11/20 20:04:51 Job executing on host: <10.10.48.141:50603?addrs=10.10.48.141-50603>
...
006 (8513125.000.000) 11/20 20:04:52 Image size of job updated: 175916
	0  -  MemoryUsage of job (MB)
	0  -  ResidentSetSize of job (KB)
...
005 (8513125.000.000) 11/20 20:04:54 Job terminated.
	(1) Normal termination (return value 1)
		Usr 0 00:00:00, Sys 0 00:00:00  -  Run Remote Usage
		Usr 0 00:00:00, Sys 0 00:00:00  -  Run Local Usage
		Usr 0 00:00:00, Sys 0 00:00:00  -  Total Remote Usage
		Usr 0 00:00:00, Sys 0 00:00:00  -  Total Local Usage
	0  -  Run Bytes Sent By Job
	0  -  Run Bytes Received By Job
	0  -  Total Bytes Sent By Job
	0  -  Total Bytes Received By Job
	Partitionable Resources :    Usage  Request Allocated
	   Cpus                 :                 1         1
	   Disk (KB)            :        1        1  12870599
	   Memory (MB)          :        0        1      6441
...
000 (8513191.000.000) 11/20 20:06:17 Job submitted from host: <10.10.48.31:12542?addrs=10.10.48.31-12542>
...
001 (8513191.000.000) 11/20 20:06:35 Job executing on host: <10.10.48.141:50603?addrs=10.10.48.141-50603>
...
006 (8513191.000.000) 11/20 20:06:44 Image size of job updated: 268228
	70  -  MemoryUsage of job (MB)
	71112  -  ResidentSetSize of job (KB)
...
006 (8513191.000.000) 11/20 20:06:47 Image size of job updated: 274336
	70  -  MemoryUsage of job (MB)
	71112  -  ResidentSetSize of job (KB)
...
005 (8513191.000.000) 11/20 20:06:48 Job terminated.
	(1) Normal termination (return value 0)
		Usr 0 00:00:02, Sys 0 00:00:00  -  Run Remote Usage
		Usr 0 00:00:00, Sys 0 00:00:00  -  Run Local Usage
		Usr 0 00:00:02, Sys 0 00:00:00  -  Total Remote Usage
		Usr 0 00:00:00, Sys 0 00:00:00  -  Total Local Usage
	0  -  Run Bytes Sent By Job
	0  -  Run Bytes Received By Job
	0  -  Total Bytes Sent By Job
	0  -  Total Bytes Received By Job
	Partitionable Resources :    Usage  Request Allocated
	   Cpus                 :                 1         1
	   Disk (KB)            :        1        1  13070904
	   Memory (MB)          :       70        1      6441
...
000 (8568149.000.000) 11/23 10:24:45 Job submitted from host: <10.10.48.31:12542?addrs=10.10.48.31-12542>
...
001 (8568149.000.000) 11/23 10:24:51 Job executing on host: <10.10.48.41:20766?addrs=10.10.48.41-20766>
...
006 (8568149.000.000) 11/23 10:24:52 Image size of job updated: 191444
	0  -  MemoryUsage of job (MB)
	0  -  ResidentSetSize of job (KB)
...
005 (8568149.000.000) 11/23 10:24:52 Job terminated.
	(1) Normal termination (return value 0)
		Usr 0 00:00:00, Sys 0 00:00:00  -  Run Remote Usage
		Usr 0 00:00:00, Sys 0 00:00:00  -  Run Local Usage
		Usr 0 00:00:00, Sys 0 00:00:00  -  Total Remote Usage
		Usr 0 00:00:00, Sys 0 00:00:00  -  Total Local Usage
	0  -  Run Bytes Sent By Job
	0  -  Run Bytes Received By Job
	0  -  Total Bytes Sent By Job
	0  -  Total Bytes Received By Job
	Partitionable Resources :    Usage  Request Allocated
	   Cpus                 :                 1         1
	   Disk (KB)            :        1        1  16725580
	   Memory (MB)          :        0        1      4023
...
000 (8568997.000.000) 11/23 10:45:22 Job submitted from host: <10.10.48.31:12542?addrs=10.10.48.31-12542>
...
001 (8568997.000.000) 11/23 10:45:36 Job executing on host: <10.10.48.41:20766?addrs=10.10.48.41-20766>
...
006 (8568997.000.000) 11/23 10:45:40 Image size of job updated: 268228
	0  -  MemoryUsage of job (MB)
	0  -  ResidentSetSize of job (KB)
...
005 (8568997.000.000) 11/23 10:45:40 Job terminated.
	(1) Normal termination (return value 0)
		Usr 0 00:00:01, Sys 0 00:00:00  -  Run Remote Usage
		Usr 0 00:00:00, Sys 0 00:00:00  -  Run Local Usage
		Usr 0 00:00:01, Sys 0 00:00:00  -  Total Remote Usage
		Usr 0 00:00:00, Sys 0 00:00:00  -  Total Local Usage
	0  -  Run Bytes Sent By Job
	0  -  Run Bytes Received By Job
	0  -  Total Bytes Sent By Job
	0  -  Total Bytes Received By Job
	Partitionable Resources :    Usage  Request Allocated
	   Cpus                 :                 1         1
	   Disk (KB)            :        1        1  16725463
	   Memory (MB)          :        0        1      4023
...
000 (8569551.000.000) 11/23 10:57:29 Job submitted from host: <10.10.48.31:12542?addrs=10.10.48.31-12542>
...
001 (8569551.000.000) 11/23 10:57:30 Job executing on host: <10.10.48.41:20766?addrs=10.10.48.41-20766>
...
006 (8569551.000.000) 11/23 10:57:31 Image size of job updated: 267792
	0  -  MemoryUsage of job (MB)
	0  -  ResidentSetSize of job (KB)
...
005 (8569551.000.000) 11/23 10:57:31 Job terminated.
	(1) Normal termination (return value 0)
		Usr 0 00:00:00, Sys 0 00:00:00  -  Run Remote Usage
		Usr 0 00:00:00, Sys 0 00:00:00  -  Run Local Usage
		Usr 0 00:00:00, Sys 0 00:00:00  -  Total Remote Usage
		Usr 0 00:00:00, Sys 0 00:00:00  -  Total Local Usage
	0  -  Run Bytes Sent By Job
	0  -  Run Bytes Received By Job
	0  -  Total Bytes Sent By Job
	0  -  Total Bytes Received By Job
	Partitionable Resources :    Usage  Request Allocated
	   Cpus                 :                 1         1
	   Disk (KB)            :        1        1  16725954
	   Memory (MB)          :        0        1      4023
...
000 (8577502.000.000) 11/23 15:06:24 Job submitted from host: <10.10.48.31:12542?addrs=10.10.48.31-12542>
...
001 (8577502.000.000) 11/23 15:06:29 Job executing on host: <10.10.48.41:20766?addrs=10.10.48.41-20766>
...
006 (8577502.000.000) 11/23 15:06:32 Image size of job updated: 272836
	0  -  MemoryUsage of job (MB)
	0  -  ResidentSetSize of job (KB)
...
005 (8577502.000.000) 11/23 15:06:32 Job terminated.
	(1) Normal termination (return value 0)
		Usr 0 00:00:01, Sys 0 00:00:00  -  Run Remote Usage
		Usr 0 00:00:00, Sys 0 00:00:00  -  Run Local Usage
		Usr 0 00:00:01, Sys 0 00:00:00  -  Total Remote Usage
		Usr 0 00:00:00, Sys 0 00:00:00  -  Total Local Usage
	0  -  Run Bytes Sent By Job
	0  -  Run Bytes Received By Job
	0  -  Total Bytes Sent By Job
	0  -  Total Bytes Received By Job
	Partitionable Resources :    Usage  Request Allocated
	   Cpus                 :                 1         1
	   Disk (KB)            :        1        1  16724553
	   Memory (MB)          :        0        1      4023
...
000 (8580095.000.000) 11/23 16:48:53 Job submitted from host: <10.10.48.31:12542?addrs=10.10.48.31-12542>
...
001 (8580095.000.000) 11/23 16:49:10 Job executing on host: <10.10.48.41:20766?addrs=10.10.48.41-20766>
...
006 (8580095.000.000) 11/23 16:49:11 Image size of job updated: 192152
	0  -  MemoryUsage of job (MB)
	0  -  ResidentSetSize of job (KB)
...
005 (8580095.000.000) 11/23 16:49:11 Job terminated.
	(1) Normal termination (return value 0)
		Usr 0 00:00:00, Sys 0 00:00:00  -  Run Remote Usage
		Usr 0 00:00:00, Sys 0 00:00:00  -  Run Local Usage
		Usr 0 00:00:00, Sys 0 00:00:00  -  Total Remote Usage
		Usr 0 00:00:00, Sys 0 00:00:00  -  Total Local Usage
	0  -  Run Bytes Sent By Job
	0  -  Run Bytes Received By Job
	0  -  Total Bytes Sent By Job
	0  -  Total Bytes Received By Job
	Partitionable Resources :    Usage  Request Allocated
	   Cpus                 :                 1         1
	   Disk (KB)            :        1        1  16725849
	   Memory (MB)          :        0        1      4023
...
000 (8580105.000.000) 11/23 17:22:31 Job submitted from host: <10.10.48.31:12542?addrs=10.10.48.31-12542>
...
001 (8580105.000.000) 11/23 17:22:32 Job executing on host: <10.10.48.41:20766?addrs=10.10.48.41-20766>
...
006 (8580105.000.000) 11/23 17:22:32 Image size of job updated: 191584
	0  -  MemoryUsage of job (MB)
	0  -  ResidentSetSize of job (KB)
...
005 (8580105.000.000) 11/23 17:22:32 Job terminated.
	(1) Normal termination (return value 0)
		Usr 0 00:00:00, Sys 0 00:00:00  -  Run Remote Usage
		Usr 0 00:00:00, Sys 0 00:00:00  -  Run Local Usage
		Usr 0 00:00:00, Sys 0 00:00:00  -  Total Remote Usage
		Usr 0 00:00:00, Sys 0 00:00:00  -  Total Local Usage
	0  -  Run Bytes Sent By Job
	0  -  Run Bytes Received By Job
	0  -  Total Bytes Sent By Job
	0  -  Total Bytes Received By Job
	Partitionable Resources :    Usage  Request Allocated
	   Cpus                 :                 1         1
	   Disk (KB)            :        1        1  16725821
	   Memory (MB)          :        0        1      4023
...
000 (8580254.000.000) 11/24 10:17:55 Job submitted from host: <10.10.48.31:12542?addrs=10.10.48.31-12542>
...
001 (8580254.000.000) 11/24 10:18:10 Job executing on host: <10.10.48.41:20766?addrs=10.10.48.41-20766>
...
006 (8580254.000.000) 11/24 10:18:16 Image size of job updated: 262788
	0  -  MemoryUsage of job (MB)
	0  -  ResidentSetSize of job (KB)
...
005 (8580254.000.000) 11/24 10:18:16 Job terminated.
	(1) Normal termination (return value 0)
		Usr 0 00:00:02, Sys 0 00:00:00  -  Run Remote Usage
		Usr 0 00:00:00, Sys 0 00:00:00  -  Run Local Usage
		Usr 0 00:00:02, Sys 0 00:00:00  -  Total Remote Usage
		Usr 0 00:00:00, Sys 0 00:00:00  -  Total Local Usage
	0  -  Run Bytes Sent By Job
	0  -  Run Bytes Received By Job
	0  -  Total Bytes Sent By Job
	0  -  Total Bytes Received By Job
	Partitionable Resources :    Usage  Request Allocated
	   Cpus                 :                 1         1
	   Disk (KB)            :        1        1  16725725
	   Memory (MB)          :        0        1      4023
...
000 (8580259.000.000) 11/24 10:20:51 Job submitted from host: <10.10.48.31:12542?addrs=10.10.48.31-12542>
...
001 (8580259.000.000) 11/24 10:20:52 Job executing on host: <10.10.48.41:20766?addrs=10.10.48.41-20766>
...
006 (8580259.000.000) 11/24 10:20:53 Image size of job updated: 198840
	0  -  MemoryUsage of job (MB)
	0  -  ResidentSetSize of job (KB)
...
005 (8580259.000.000) 11/24 10:20:53 Job terminated.
	(1) Normal termination (return value 0)
		Usr 0 00:00:00, Sys 0 00:00:00  -  Run Remote Usage
		Usr 0 00:00:00, Sys 0 00:00:00  -  Run Local Usage
		Usr 0 00:00:00, Sys 0 00:00:00  -  Total Remote Usage
		Usr 0 00:00:00, Sys 0 00:00:00  -  Total Local Usage
	0  -  Run Bytes Sent By Job
	0  -  Run Bytes Received By Job
	0  -  Total Bytes Sent By Job
	0  -  Total Bytes Received By Job
	Partitionable Resources :    Usage  Request Allocated
	   Cpus                 :                 1         1
	   Disk (KB)            :        1        1  16725719
	   Memory (MB)          :        0        1      4023
...
000 (8581682.000.000) 11/24 20:22:51 Job submitted from host: <10.10.48.31:12542?addrs=10.10.48.31-12542>
...
001 (8581682.000.000) 11/24 20:22:52 Job executing on host: <10.10.48.41:20766?addrs=10.10.48.41-20766>
...
006 (8581682.000.000) 11/24 20:22:53 Image size of job updated: 191448
	0  -  MemoryUsage of job (MB)
	0  -  ResidentSetSize of job (KB)
...
005 (8581682.000.000) 11/24 20:22:53 Job terminated.
	(1) Normal termination (return value 0)
		Usr 0 00:00:00, Sys 0 00:00:00  -  Run Remote Usage
		Usr 0 00:00:00, Sys 0 00:00:00  -  Run Local Usage
		Usr 0 00:00:00, Sys 0 00:00:00  -  Total Remote Usage
		Usr 0 00:00:00, Sys 0 00:00:00  -  Total Local Usage
	0  -  Run Bytes Sent By Job
	0  -  Run Bytes Received By Job
	0  -  Total Bytes Sent By Job
	0  -  Total Bytes Received By Job
	Partitionable Resources :    Usage  Request Allocated
	   Cpus                 :                 1         1
	   Disk (KB)            :        1        1  16725484
	   Memory (MB)          :        0        1      4023
...
000 (8581738.000.000) 11/24 20:31:06 Job submitted from host: <10.10.48.31:12542?addrs=10.10.48.31-12542>
...
001 (8581738.000.000) 11/24 20:31:06 Job executing on host: <10.10.48.41:20766?addrs=10.10.48.41-20766>
...
006 (8581738.000.000) 11/24 20:31:15 Image size of job updated: 1
	2  -  MemoryUsage of job (MB)
	1816  -  ResidentSetSize of job (KB)
...
006 (8581738.000.000) 11/24 20:31:28 Image size of job updated: 201860
	2  -  MemoryUsage of job (MB)
	1816  -  ResidentSetSize of job (KB)
...
005 (8581738.000.000) 11/24 20:31:29 Job terminated.
	(1) Normal termination (return value 0)
		Usr 0 00:00:16, Sys 0 00:00:00  -  Run Remote Usage
		Usr 0 00:00:00, Sys 0 00:00:00  -  Run Local Usage
		Usr 0 00:00:16, Sys 0 00:00:00  -  Total Remote Usage
		Usr 0 00:00:00, Sys 0 00:00:00  -  Total Local Usage
	0  -  Run Bytes Sent By Job
	0  -  Run Bytes Received By Job
	0  -  Total Bytes Sent By Job
	0  -  Total Bytes Received By Job
	Partitionable Resources :    Usage  Request Allocated
	   Cpus                 :                 1         1
	   Disk (KB)            :        1        1  16725447
	   Memory (MB)          :        2        1      4023
...
000 (8581794.000.000) 11/24 20:41:16 Job submitted from host: <10.10.48.31:12542?addrs=10.10.48.31-12542>
...
001 (8581794.000.000) 11/24 20:41:18 Job executing on host: <10.10.48.41:20766?addrs=10.10.48.41-20766>
...
006 (8581794.000.000) 11/24 20:41:22 Image size of job updated: 201428
	0  -  MemoryUsage of job (MB)
	0  -  ResidentSetSize of job (KB)
...
005 (8581794.000.000) 11/24 20:41:22 Job terminated.
	(1) Normal termination (return value 0)
		Usr 0 00:00:02, Sys 0 00:00:00  -  Run Remote Usage
		Usr 0 00:00:00, Sys 0 00:00:00  -  Run Local Usage
		Usr 0 00:00:02, Sys 0 00:00:00  -  Total Remote Usage
		Usr 0 00:00:00, Sys 0 00:00:00  -  Total Local Usage
	0  -  Run Bytes Sent By Job
	0  -  Run Bytes Received By Job
	0  -  Total Bytes Sent By Job
	0  -  Total Bytes Received By Job
	Partitionable Resources :    Usage  Request Allocated
	   Cpus                 :                 1         1
	   Disk (KB)            :        1        1  16725425
	   Memory (MB)          :        0        1      4023
...
000 (8739397.000.000) 11/29 19:23:00 Job submitted from host: <10.10.48.31:12542?addrs=10.10.48.31-12542>
...
001 (8739397.000.000) 11/29 19:23:01 Job executing on host: <10.10.48.41:20766?addrs=10.10.48.41-20766>
...
006 (8739397.000.000) 11/29 19:23:05 Image size of job updated: 202688
	0  -  MemoryUsage of job (MB)
	0  -  ResidentSetSize of job (KB)
...
005 (8739397.000.000) 11/29 19:23:05 Job terminated.
	(1) Normal termination (return value 0)
		Usr 0 00:00:01, Sys 0 00:00:00  -  Run Remote Usage
		Usr 0 00:00:00, Sys 0 00:00:00  -  Run Local Usage
		Usr 0 00:00:01, Sys 0 00:00:00  -  Total Remote Usage
		Usr 0 00:00:00, Sys 0 00:00:00  -  Total Local Usage
	0  -  Run Bytes Sent By Job
	0  -  Run Bytes Received By Job
	0  -  Total Bytes Sent By Job
	0  -  Total Bytes Received By Job
	Partitionable Resources :    Usage  Request Allocated
	   Cpus                 :                 1         1
	   Disk (KB)            :        1        1  16724431
	   Memory (MB)          :        0        1      4023
...
000 (8739548.000.000) 11/29 19:34:18 Job submitted from host: <10.10.48.31:12542?addrs=10.10.48.31-12542>
...
001 (8739548.000.000) 11/29 19:34:28 Job executing on host: <10.10.48.41:20766?addrs=10.10.48.41-20766>
...
006 (8739548.000.000) 11/29 19:34:36 Image size of job updated: 202784
	43  -  MemoryUsage of job (MB)
	43456  -  ResidentSetSize of job (KB)
...
000 (8739604.000.000) 11/29 19:34:37 Job submitted from host: <10.10.48.31:12542?addrs=10.10.48.31-12542>
...
000 (8739609.000.000) 11/29 19:34:42 Job submitted from host: <10.10.48.31:12542?addrs=10.10.48.31-12542>
...
001 (8739604.000.000) 11/29 19:34:45 Job executing on host: <10.10.48.35:61041?addrs=10.10.48.35-61041>
...
001 (8739609.000.000) 11/29 19:34:48 Job executing on host: <10.10.48.145:26377?addrs=10.10.48.145-26377>
...
006 (8739604.000.000) 11/29 19:34:54 Image size of job updated: 1
	2  -  MemoryUsage of job (MB)
	1808  -  ResidentSetSize of job (KB)
...
006 (8739609.000.000) 11/29 19:34:56 Image size of job updated: 202864
	43  -  MemoryUsage of job (MB)
	43768  -  ResidentSetSize of job (KB)
...
006 (8739609.000.000) 11/29 19:35:01 Image size of job updated: 202936
	43  -  MemoryUsage of job (MB)
	43768  -  ResidentSetSize of job (KB)
...
005 (8739609.000.000) 11/29 19:35:01 Job terminated.
	(1) Normal termination (return value 0)
		Usr 0 00:00:04, Sys 0 00:00:00  -  Run Remote Usage
		Usr 0 00:00:00, Sys 0 00:00:00  -  Run Local Usage
		Usr 0 00:00:04, Sys 0 00:00:00  -  Total Remote Usage
		Usr 0 00:00:00, Sys 0 00:00:00  -  Total Local Usage
	0  -  Run Bytes Sent By Job
	0  -  Run Bytes Received By Job
	0  -  Total Bytes Sent By Job
	0  -  Total Bytes Received By Job
	Partitionable Resources :    Usage  Request Allocated
	   Cpus                 :                 1         1
	   Disk (KB)            :        1        1  13384175
	   Memory (MB)          :       43        1      6441
...
005 (8739548.000.000) 11/29 19:35:01 Job terminated.
	(1) Normal termination (return value 0)
		Usr 0 00:00:07, Sys 0 00:00:00  -  Run Remote Usage
		Usr 0 00:00:00, Sys 0 00:00:00  -  Run Local Usage
		Usr 0 00:00:07, Sys 0 00:00:00  -  Total Remote Usage
		Usr 0 00:00:00, Sys 0 00:00:00  -  Total Local Usage
	0  -  Run Bytes Sent By Job
	0  -  Run Bytes Received By Job
	0  -  Total Bytes Sent By Job
	0  -  Total Bytes Received By Job
	Partitionable Resources :    Usage  Request Allocated
	   Cpus                 :                 1         1
	   Disk (KB)            :        1        1  16724406
	   Memory (MB)          :       43        1      4023
...
006 (8739604.000.000) 11/29 19:37:23 Image size of job updated: 203072
	2  -  MemoryUsage of job (MB)
	1808  -  ResidentSetSize of job (KB)
...
005 (8739604.000.000) 11/29 19:37:23 Job terminated.
	(1) Normal termination (return value 0)
		Usr 0 00:00:32, Sys 0 00:00:00  -  Run Remote Usage
		Usr 0 00:00:00, Sys 0 00:00:00  -  Run Local Usage
		Usr 0 00:00:32, Sys 0 00:00:00  -  Total Remote Usage
		Usr 0 00:00:00, Sys 0 00:00:00  -  Total Local Usage
	0  -  Run Bytes Sent By Job
	0  -  Run Bytes Received By Job
	0  -  Total Bytes Sent By Job
	0  -  Total Bytes Received By Job
	Partitionable Resources :    Usage  Request Allocated
	   Cpus                 :                 1         1
	   Disk (KB)            :        1        1  16724935
	   Memory (MB)          :        2        1      4023
...
000 (8740369.000.000) 11/29 20:51:02 Job submitted from host: <10.10.48.31:12542?addrs=10.10.48.31-12542>
...
001 (8740369.000.000) 11/29 20:51:04 Job executing on host: <10.10.48.41:20766?addrs=10.10.48.41-20766>
...
006 (8740369.000.000) 11/29 20:51:08 Image size of job updated: 202836
	0  -  MemoryUsage of job (MB)
	0  -  ResidentSetSize of job (KB)
...
005 (8740369.000.000) 11/29 20:51:09 Job terminated.
	(1) Normal termination (return value 0)
		Usr 0 00:00:02, Sys 0 00:00:00  -  Run Remote Usage
		Usr 0 00:00:00, Sys 0 00:00:00  -  Run Local Usage
		Usr 0 00:00:02, Sys 0 00:00:00  -  Total Remote Usage
		Usr 0 00:00:00, Sys 0 00:00:00  -  Total Local Usage
	0  -  Run Bytes Sent By Job
	0  -  Run Bytes Received By Job
	0  -  Total Bytes Sent By Job
	0  -  Total Bytes Received By Job
	Partitionable Resources :    Usage  Request Allocated
	   Cpus                 :                 1         1
	   Disk (KB)            :        1        1  16724674
	   Memory (MB)          :        0        1      4023
...
000 (8740471.000.000) 11/29 20:52:25 Job submitted from host: <10.10.48.31:12542?addrs=10.10.48.31-12542>
...
001 (8740471.000.000) 11/29 20:52:26 Job executing on host: <10.10.48.41:20766?addrs=10.10.48.41-20766>
...
006 (8740471.000.000) 11/29 20:52:35 Image size of job updated: 114936
	18  -  MemoryUsage of job (MB)
	17988  -  ResidentSetSize of job (KB)
...
006 (8740471.000.000) 11/29 20:53:10 Image size of job updated: 202976
	18  -  MemoryUsage of job (MB)
	17988  -  ResidentSetSize of job (KB)
...
005 (8740471.000.000) 11/29 20:53:11 Job terminated.
	(1) Normal termination (return value 0)
		Usr 0 00:00:17, Sys 0 00:00:00  -  Run Remote Usage
		Usr 0 00:00:00, Sys 0 00:00:00  -  Run Local Usage
		Usr 0 00:00:17, Sys 0 00:00:00  -  Total Remote Usage
		Usr 0 00:00:00, Sys 0 00:00:00  -  Total Local Usage
	0  -  Run Bytes Sent By Job
	0  -  Run Bytes Received By Job
	0  -  Total Bytes Sent By Job
	0  -  Total Bytes Received By Job
	Partitionable Resources :    Usage  Request Allocated
	   Cpus                 :                 1         1
	   Disk (KB)            :        1        1  16724695
	   Memory (MB)          :       18        1      4023
...
000 (8740594.000.000) 11/29 20:53:46 Job submitted from host: <10.10.48.31:12542?addrs=10.10.48.31-12542>
...
001 (8740594.000.000) 11/29 20:53:50 Job executing on host: <10.10.48.139:49429?addrs=10.10.48.139-49429>
...
000 (8740599.000.000) 11/29 20:53:56 Job submitted from host: <10.10.48.31:12542?addrs=10.10.48.31-12542>
...
006 (8740594.000.000) 11/29 20:53:58 Image size of job updated: 116520
	19  -  MemoryUsage of job (MB)
	19248  -  ResidentSetSize of job (KB)
...
001 (8740599.000.000) 11/29 20:54:11 Job executing on host: <10.10.48.139:49429?addrs=10.10.48.139-49429>
...
006 (8740599.000.000) 11/29 20:54:19 Image size of job updated: 202856
	42  -  MemoryUsage of job (MB)
	42324  -  ResidentSetSize of job (KB)
...
005 (8740599.000.000) 11/29 20:54:22 Job terminated.
	(1) Normal termination (return value 0)
		Usr 0 00:00:04, Sys 0 00:00:00  -  Run Remote Usage
		Usr 0 00:00:00, Sys 0 00:00:00  -  Run Local Usage
		Usr 0 00:00:04, Sys 0 00:00:00  -  Total Remote Usage
		Usr 0 00:00:00, Sys 0 00:00:00  -  Total Local Usage
	0  -  Run Bytes Sent By Job
	0  -  Run Bytes Received By Job
	0  -  Total Bytes Sent By Job
	0  -  Total Bytes Received By Job
	Partitionable Resources :    Usage  Request Allocated
	   Cpus                 :                 1         1
	   Disk (KB)            :        1        1  13385359
	   Memory (MB)          :       42        1      6441
...
006 (8740594.000.000) 11/29 20:57:28 Image size of job updated: 203060
	19  -  MemoryUsage of job (MB)
	19248  -  ResidentSetSize of job (KB)
...
005 (8740594.000.000) 11/29 20:57:28 Job terminated.
	(1) Normal termination (return value 0)
		Usr 0 00:01:10, Sys 0 00:00:01  -  Run Remote Usage
		Usr 0 00:00:00, Sys 0 00:00:00  -  Run Local Usage
		Usr 0 00:01:10, Sys 0 00:00:01  -  Total Remote Usage
		Usr 0 00:00:00, Sys 0 00:00:00  -  Total Local Usage
	0  -  Run Bytes Sent By Job
	0  -  Run Bytes Received By Job
	0  -  Total Bytes Sent By Job
	0  -  Total Bytes Received By Job
	Partitionable Resources :    Usage  Request Allocated
	   Cpus                 :                 1         1
	   Disk (KB)            :        1        1  13385369
	   Memory (MB)          :       19        1      6441
...
