000 (8513172.000.000) 11/20 20:04:44 Job submitted from host: <10.10.48.31:12542?addrs=10.10.48.31-12542>
...
001 (8513172.000.000) 11/20 20:04:53 Job executing on host: <10.10.48.145:26377?addrs=10.10.48.145-26377>
...
006 (8513172.000.000) 11/20 20:04:54 Image size of job updated: 167740
	0  -  MemoryUsage of job (MB)
	0  -  ResidentSetSize of job (KB)
...
005 (8513172.000.000) 11/20 20:04:54 Job terminated.
	(1) Normal termination (return value 1)
		Usr 0 00:00:00, Sys 0 00:00:00  -  Run Remote Usage
		Usr 0 00:00:00, Sys 0 00:00:00  -  Run Local Usage
		Usr 0 00:00:00, Sys 0 00:00:00  -  Total Remote Usage
		Usr 0 00:00:00, Sys 0 00:00:00  -  Total Local Usage
	0  -  Run Bytes Sent By Job
	0  -  Run Bytes Received By Job
	0  -  Total Bytes Sent By Job
	0  -  Total Bytes Received By Job
	Partitionable Resources :    Usage  Request Allocated
	   Cpus                 :                 1         1
	   Disk (KB)            :        1        1  13235308
	   Memory (MB)          :        0        1      6441
...
000 (8513238.000.000) 11/20 20:06:20 Job submitted from host: <10.10.48.31:12542?addrs=10.10.48.31-12542>
...
001 (8513238.000.000) 11/20 20:06:34 Job executing on host: <10.10.48.145:26377?addrs=10.10.48.145-26377>
...
006 (8513238.000.000) 11/20 20:06:43 Image size of job updated: 178448
	33  -  MemoryUsage of job (MB)
	32848  -  ResidentSetSize of job (KB)
...
006 (8513238.000.000) 11/20 20:08:00 Image size of job updated: 263680
	33  -  MemoryUsage of job (MB)
	32848  -  ResidentSetSize of job (KB)
...
005 (8513238.000.000) 11/20 20:08:00 Job terminated.
	(1) Normal termination (return value 0)
		Usr 0 00:00:52, Sys 0 00:00:02  -  Run Remote Usage
		Usr 0 00:00:00, Sys 0 00:00:00  -  Run Local Usage
		Usr 0 00:00:52, Sys 0 00:00:02  -  Total Remote Usage
		Usr 0 00:00:00, Sys 0 00:00:00  -  Total Local Usage
	0  -  Run Bytes Sent By Job
	0  -  Run Bytes Received By Job
	0  -  Total Bytes Sent By Job
	0  -  Total Bytes Received By Job
	Partitionable Resources :    Usage  Request Allocated
	   Cpus                 :                 1         1
	   Disk (KB)            :        1        1  13167248
	   Memory (MB)          :       33        1      6441
...
000 (8568196.000.000) 11/23 10:24:52 Job submitted from host: <10.10.48.31:12542?addrs=10.10.48.31-12542>
...
001 (8568196.000.000) 11/23 10:24:56 Job executing on host: <10.10.48.146:58220?addrs=10.10.48.146-58220>
...
006 (8568196.000.000) 11/23 10:24:56 Image size of job updated: 190968
	0  -  MemoryUsage of job (MB)
	0  -  ResidentSetSize of job (KB)
...
005 (8568196.000.000) 11/23 10:24:57 Job terminated.
	(1) Normal termination (return value 0)
		Usr 0 00:00:00, Sys 0 00:00:00  -  Run Remote Usage
		Usr 0 00:00:00, Sys 0 00:00:00  -  Run Local Usage
		Usr 0 00:00:00, Sys 0 00:00:00  -  Total Remote Usage
		Usr 0 00:00:00, Sys 0 00:00:00  -  Total Local Usage
	0  -  Run Bytes Sent By Job
	0  -  Run Bytes Received By Job
	0  -  Total Bytes Sent By Job
	0  -  Total Bytes Received By Job
	Partitionable Resources :    Usage  Request Allocated
	   Cpus                 :                 1         1
	   Disk (KB)            :        1        1  13348234
	   Memory (MB)          :        0        1      6441
...
000 (8569044.000.000) 11/23 10:45:27 Job submitted from host: <10.10.48.31:12542?addrs=10.10.48.31-12542>
...
001 (8569044.000.000) 11/23 10:45:39 Job executing on host: <10.10.48.141:50603?addrs=10.10.48.141-50603>
...
006 (8569044.000.000) 11/23 10:45:48 Image size of job updated: 201396
	40  -  MemoryUsage of job (MB)
	40096  -  ResidentSetSize of job (KB)
...
006 (8569044.000.000) 11/23 10:47:05 Image size of job updated: 263676
	40  -  MemoryUsage of job (MB)
	40096  -  ResidentSetSize of job (KB)
...
005 (8569044.000.000) 11/23 10:47:05 Job terminated.
	(1) Normal termination (return value 0)
		Usr 0 00:00:56, Sys 0 00:00:01  -  Run Remote Usage
		Usr 0 00:00:00, Sys 0 00:00:00  -  Run Local Usage
		Usr 0 00:00:56, Sys 0 00:00:01  -  Total Remote Usage
		Usr 0 00:00:00, Sys 0 00:00:00  -  Total Local Usage
	0  -  Run Bytes Sent By Job
	0  -  Run Bytes Received By Job
	0  -  Total Bytes Sent By Job
	0  -  Total Bytes Received By Job
	Partitionable Resources :    Usage  Request Allocated
	   Cpus                 :                 1         1
	   Disk (KB)            :        1        1  13376506
	   Memory (MB)          :       40        1      6441
...
000 (8569598.000.000) 11/23 10:57:34 Job submitted from host: <10.10.48.31:12542?addrs=10.10.48.31-12542>
...
001 (8569598.000.000) 11/23 10:57:51 Job executing on host: <10.10.48.141:50603?addrs=10.10.48.141-50603>
...
006 (8569598.000.000) 11/23 10:57:59 Image size of job updated: 263164
	96  -  MemoryUsage of job (MB)
	98036  -  ResidentSetSize of job (KB)
...
006 (8569598.000.000) 11/23 10:58:45 Image size of job updated: 263732
	96  -  MemoryUsage of job (MB)
	98036  -  ResidentSetSize of job (KB)
...
005 (8569598.000.000) 11/23 10:58:45 Job terminated.
	(1) Normal termination (return value 0)
		Usr 0 00:00:44, Sys 0 00:00:01  -  Run Remote Usage
		Usr 0 00:00:00, Sys 0 00:00:00  -  Run Local Usage
		Usr 0 00:00:44, Sys 0 00:00:01  -  Total Remote Usage
		Usr 0 00:00:00, Sys 0 00:00:00  -  Total Local Usage
	0  -  Run Bytes Sent By Job
	0  -  Run Bytes Received By Job
	0  -  Total Bytes Sent By Job
	0  -  Total Bytes Received By Job
	Partitionable Resources :    Usage  Request Allocated
	   Cpus                 :                 1         1
	   Disk (KB)            :        1        1  13376426
	   Memory (MB)          :       96        1      6441
...
000 (8577549.000.000) 11/23 15:06:32 Job submitted from host: <10.10.48.31:12542?addrs=10.10.48.31-12542>
...
001 (8577549.000.000) 11/23 15:06:36 Job executing on host: <10.10.48.41:20766?addrs=10.10.48.41-20766>
...
006 (8577549.000.000) 11/23 15:06:45 Image size of job updated: 263232
	99  -  MemoryUsage of job (MB)
	100768  -  ResidentSetSize of job (KB)
...
006 (8577549.000.000) 11/23 15:07:30 Image size of job updated: 263692
	99  -  MemoryUsage of job (MB)
	100768  -  ResidentSetSize of job (KB)
...
005 (8577549.000.000) 11/23 15:07:31 Job terminated.
	(1) Normal termination (return value 0)
		Usr 0 00:00:50, Sys 0 00:00:02  -  Run Remote Usage
		Usr 0 00:00:00, Sys 0 00:00:00  -  Run Local Usage
		Usr 0 00:00:50, Sys 0 00:00:02  -  Total Remote Usage
		Usr 0 00:00:00, Sys 0 00:00:00  -  Total Local Usage
	0  -  Run Bytes Sent By Job
	0  -  Run Bytes Received By Job
	0  -  Total Bytes Sent By Job
	0  -  Total Bytes Received By Job
	Partitionable Resources :    Usage  Request Allocated
	   Cpus                 :                 1         1
	   Disk (KB)            :        1        1  16724553
	   Memory (MB)          :       99        1      4023
...
000 (8580152.000.000) 11/23 17:22:38 Job submitted from host: <10.10.48.31:12542?addrs=10.10.48.31-12542>
...
001 (8580152.000.000) 11/23 17:22:43 Job executing on host: <10.10.48.41:20766?addrs=10.10.48.41-20766>
...
006 (8580152.000.000) 11/23 17:22:43 Image size of job updated: 175780
	0  -  MemoryUsage of job (MB)
	0  -  ResidentSetSize of job (KB)
...
005 (8580152.000.000) 11/23 17:22:43 Job terminated.
	(1) Normal termination (return value 0)
		Usr 0 00:00:00, Sys 0 00:00:00  -  Run Remote Usage
		Usr 0 00:00:00, Sys 0 00:00:00  -  Run Local Usage
		Usr 0 00:00:00, Sys 0 00:00:00  -  Total Remote Usage
		Usr 0 00:00:00, Sys 0 00:00:00  -  Total Local Usage
	0  -  Run Bytes Sent By Job
	0  -  Run Bytes Received By Job
	0  -  Total Bytes Sent By Job
	0  -  Total Bytes Received By Job
	Partitionable Resources :    Usage  Request Allocated
	   Cpus                 :                 1         1
	   Disk (KB)            :        1        1  16725821
	   Memory (MB)          :        0        1      4023
...
000 (8580306.000.000) 11/24 10:20:57 Job submitted from host: <10.10.48.31:12542?addrs=10.10.48.31-12542>
...
001 (8580306.000.000) 11/24 10:21:14 Job executing on host: <10.10.48.35:61041?addrs=10.10.48.35-61041>
...
006 (8580306.000.000) 11/24 10:21:23 Image size of job updated: 1
	2  -  MemoryUsage of job (MB)
	1808  -  ResidentSetSize of job (KB)
...
006 (8580306.000.000) 11/24 10:22:15 Image size of job updated: 263808
	2  -  MemoryUsage of job (MB)
	1808  -  ResidentSetSize of job (KB)
...
005 (8580306.000.000) 11/24 10:22:16 Job terminated.
	(1) Normal termination (return value 0)
		Usr 0 00:00:58, Sys 0 00:00:01  -  Run Remote Usage
		Usr 0 00:00:00, Sys 0 00:00:00  -  Run Local Usage
		Usr 0 00:00:58, Sys 0 00:00:01  -  Total Remote Usage
		Usr 0 00:00:00, Sys 0 00:00:00  -  Total Local Usage
	0  -  Run Bytes Sent By Job
	0  -  Run Bytes Received By Job
	0  -  Total Bytes Sent By Job
	0  -  Total Bytes Received By Job
	Partitionable Resources :    Usage  Request Allocated
	   Cpus                 :                 1         1
	   Disk (KB)            :        1        1  16723044
	   Memory (MB)          :        2        1      4023
...
000 (8581729.000.000) 11/24 20:22:57 Job submitted from host: <10.10.48.31:12542?addrs=10.10.48.31-12542>
...
001 (8581729.000.000) 11/24 20:23:03 Job executing on host: <10.10.48.41:20766?addrs=10.10.48.41-20766>
...
006 (8581729.000.000) 11/24 20:23:04 Image size of job updated: 190480
	0  -  MemoryUsage of job (MB)
	0  -  ResidentSetSize of job (KB)
...
005 (8581729.000.000) 11/24 20:23:04 Job terminated.
	(1) Normal termination (return value 0)
		Usr 0 00:00:00, Sys 0 00:00:00  -  Run Remote Usage
		Usr 0 00:00:00, Sys 0 00:00:00  -  Run Local Usage
		Usr 0 00:00:00, Sys 0 00:00:00  -  Total Remote Usage
		Usr 0 00:00:00, Sys 0 00:00:00  -  Total Local Usage
	0  -  Run Bytes Sent By Job
	0  -  Run Bytes Received By Job
	0  -  Total Bytes Sent By Job
	0  -  Total Bytes Received By Job
	Partitionable Resources :    Usage  Request Allocated
	   Cpus                 :                 1         1
	   Disk (KB)            :        1        1  16725484
	   Memory (MB)          :        0        1      4023
...
000 (8581785.000.000) 11/24 20:31:11 Job submitted from host: <10.10.48.31:12542?addrs=10.10.48.31-12542>
...
001 (8581785.000.000) 11/24 20:31:31 Job executing on host: <10.10.48.35:61041?addrs=10.10.48.35-61041>
...
006 (8581785.000.000) 11/24 20:31:39 Image size of job updated: 114680
	18  -  MemoryUsage of job (MB)
	17536  -  ResidentSetSize of job (KB)
...
006 (8581785.000.000) 11/24 20:36:39 Image size of job updated: 202188
	43  -  MemoryUsage of job (MB)
	43772  -  ResidentSetSize of job (KB)
...
006 (8581785.000.000) 11/24 20:41:40 Image size of job updated: 202188
	46  -  MemoryUsage of job (MB)
	46420  -  ResidentSetSize of job (KB)
...
006 (8581785.000.000) 11/24 20:46:41 Image size of job updated: 202188
	46  -  MemoryUsage of job (MB)
	46440  -  ResidentSetSize of job (KB)
...
005 (8581785.000.000) 11/24 20:47:30 Job terminated.
	(1) Normal termination (return value 0)
		Usr 0 00:11:16, Sys 0 00:00:14  -  Run Remote Usage
		Usr 0 00:00:00, Sys 0 00:00:00  -  Run Local Usage
		Usr 0 00:11:16, Sys 0 00:00:14  -  Total Remote Usage
		Usr 0 00:00:00, Sys 0 00:00:00  -  Total Local Usage
	0  -  Run Bytes Sent By Job
	0  -  Run Bytes Received By Job
	0  -  Total Bytes Sent By Job
	0  -  Total Bytes Received By Job
	Partitionable Resources :    Usage  Request Allocated
	   Cpus                 :                 1         1
	   Disk (KB)            :        1        1  16722873
	   Memory (MB)          :       46        1      4023
...
000 (8739444.000.000) 11/29 19:23:04 Job submitted from host: <10.10.48.31:12542?addrs=10.10.48.31-12542>
...
001 (8739444.000.000) 11/29 19:23:21 Job executing on host: <10.10.48.145:26377?addrs=10.10.48.145-26377>
...
006 (8739444.000.000) 11/29 19:23:29 Image size of job updated: 176152
	29  -  MemoryUsage of job (MB)
	29084  -  ResidentSetSize of job (KB)
...
006 (8739444.000.000) 11/29 19:28:30 Image size of job updated: 203416
	43  -  MemoryUsage of job (MB)
	43904  -  ResidentSetSize of job (KB)
...
005 (8739444.000.000) 11/29 19:31:10 Job terminated.
	(1) Normal termination (return value 0)
		Usr 0 00:03:12, Sys 0 00:00:04  -  Run Remote Usage
		Usr 0 00:00:00, Sys 0 00:00:00  -  Run Local Usage
		Usr 0 00:03:12, Sys 0 00:00:04  -  Total Remote Usage
		Usr 0 00:00:00, Sys 0 00:00:00  -  Total Local Usage
	0  -  Run Bytes Sent By Job
	0  -  Run Bytes Received By Job
	0  -  Total Bytes Sent By Job
	0  -  Total Bytes Received By Job
	Partitionable Resources :    Usage  Request Allocated
	   Cpus                 :                 1         1
	   Disk (KB)            :        1        1  13384179
	   Memory (MB)          :       43        1      6441
...
000 (8739595.000.000) 11/29 19:34:21 Job submitted from host: <10.10.48.31:12542?addrs=10.10.48.31-12542>
...
001 (8739595.000.000) 11/29 19:34:29 Job executing on host: <10.10.48.145:26377?addrs=10.10.48.145-26377>
...
006 (8739595.000.000) 11/29 19:34:37 Image size of job updated: 180388
	30  -  MemoryUsage of job (MB)
	30256  -  ResidentSetSize of job (KB)
...
006 (8739595.000.000) 11/29 19:39:37 Image size of job updated: 203420
	45  -  MemoryUsage of job (MB)
	45068  -  ResidentSetSize of job (KB)
...
006 (8739595.000.000) 11/29 19:44:38 Image size of job updated: 203436
	45  -  MemoryUsage of job (MB)
	45600  -  ResidentSetSize of job (KB)
...
005 (8739595.000.000) 11/29 19:45:43 Job terminated.
	(1) Normal termination (return value 0)
		Usr 0 00:05:08, Sys 0 00:00:07  -  Run Remote Usage
		Usr 0 00:00:00, Sys 0 00:00:00  -  Run Local Usage
		Usr 0 00:05:08, Sys 0 00:00:07  -  Total Remote Usage
		Usr 0 00:00:00, Sys 0 00:00:00  -  Total Local Usage
	0  -  Run Bytes Sent By Job
	0  -  Run Bytes Received By Job
	0  -  Total Bytes Sent By Job
	0  -  Total Bytes Received By Job
	Partitionable Resources :    Usage  Request Allocated
	   Cpus                 :                 1         1
	   Disk (KB)            :        1        1  13384175
	   Memory (MB)          :       45        1      6441
...
000 (8740420.000.000) 11/29 20:51:07 Job submitted from host: <10.10.48.31:12542?addrs=10.10.48.31-12542>
...
001 (8740420.000.000) 11/29 20:51:24 Job executing on host: <10.10.48.139:49429?addrs=10.10.48.139-49429>
...
006 (8740420.000.000) 11/29 20:51:33 Image size of job updated: 176152
	29  -  MemoryUsage of job (MB)
	28888  -  ResidentSetSize of job (KB)
...
000 (8740518.000.000) 11/29 20:52:29 Job submitted from host: <10.10.48.31:12542?addrs=10.10.48.31-12542>
...
001 (8740518.000.000) 11/29 20:52:48 Job executing on host: <10.10.48.143:50448?addrs=10.10.48.143-50448>
...
006 (8740518.000.000) 11/29 20:52:57 Image size of job updated: 172776
	29  -  MemoryUsage of job (MB)
	29200  -  ResidentSetSize of job (KB)
...
006 (8740420.000.000) 11/29 20:56:34 Image size of job updated: 203096
	43  -  MemoryUsage of job (MB)
	43276  -  ResidentSetSize of job (KB)
...
006 (8740518.000.000) 11/29 20:57:58 Image size of job updated: 203392
	45  -  MemoryUsage of job (MB)
	45400  -  ResidentSetSize of job (KB)
...
006 (8740420.000.000) 11/29 21:01:35 Image size of job updated: 203256
	43  -  MemoryUsage of job (MB)
	43988  -  ResidentSetSize of job (KB)
...
006 (8740518.000.000) 11/29 21:02:58 Image size of job updated: 203404
	45  -  MemoryUsage of job (MB)
	45400  -  ResidentSetSize of job (KB)
...
005 (8740420.000.000) 11/29 21:03:06 Job terminated.
	(1) Normal termination (return value 0)
		Usr 0 00:04:20, Sys 0 00:00:05  -  Run Remote Usage
		Usr 0 00:00:00, Sys 0 00:00:00  -  Run Local Usage
		Usr 0 00:04:20, Sys 0 00:00:05  -  Total Remote Usage
		Usr 0 00:00:00, Sys 0 00:00:00  -  Total Local Usage
	0  -  Run Bytes Sent By Job
	0  -  Run Bytes Received By Job
	0  -  Total Bytes Sent By Job
	0  -  Total Bytes Received By Job
	Partitionable Resources :    Usage  Request Allocated
	   Cpus                 :                 1         1
	   Disk (KB)            :        1        1  13385363
	   Memory (MB)          :       43        1      6441
...
005 (8740518.000.000) 11/29 21:07:19 Job terminated.
	(1) Normal termination (return value 0)
		Usr 0 00:06:00, Sys 0 00:00:08  -  Run Remote Usage
		Usr 0 00:00:00, Sys 0 00:00:00  -  Run Local Usage
		Usr 0 00:06:00, Sys 0 00:00:08  -  Total Remote Usage
		Usr 0 00:00:00, Sys 0 00:00:00  -  Total Local Usage
	0  -  Run Bytes Sent By Job
	0  -  Run Bytes Received By Job
	0  -  Total Bytes Sent By Job
	0  -  Total Bytes Received By Job
	Partitionable Resources :    Usage  Request Allocated
	   Cpus                 :                 1         1
	   Disk (KB)            :        1        1  13383195
	   Memory (MB)          :       45        1      6441
...
