000 (8513158.000.000) 11/20 20:04:43 Job submitted from host: <10.10.48.31:12542?addrs=10.10.48.31-12542>
...
001 (8513158.000.000) 11/20 20:04:54 Job executing on host: <10.10.48.139:49429?addrs=10.10.48.139-49429>
...
006 (8513158.000.000) 11/20 20:04:54 Image size of job updated: 170380
	0  -  MemoryUsage of job (MB)
	0  -  ResidentSetSize of job (KB)
...
005 (8513158.000.000) 11/20 20:04:55 Job terminated.
	(1) Normal termination (return value 1)
		Usr 0 00:00:00, Sys 0 00:00:00  -  Run Remote Usage
		Usr 0 00:00:00, Sys 0 00:00:00  -  Run Local Usage
		Usr 0 00:00:00, Sys 0 00:00:00  -  Total Remote Usage
		Usr 0 00:00:00, Sys 0 00:00:00  -  Total Local Usage
	0  -  Run Bytes Sent By Job
	0  -  Run Bytes Received By Job
	0  -  Total Bytes Sent By Job
	0  -  Total Bytes Received By Job
	Partitionable Resources :    Usage  Request Allocated
	   Cpus                 :                 1         1
	   Disk (KB)            :        1        1  13382983
	   Memory (MB)          :        0        1      6441
...
000 (8513224.000.000) 11/20 20:06:19 Job submitted from host: <10.10.48.31:12542?addrs=10.10.48.31-12542>
...
001 (8513224.000.000) 11/20 20:06:35 Job executing on host: <10.10.48.139:49429?addrs=10.10.48.139-49429>
...
006 (8513224.000.000) 11/20 20:06:44 Image size of job updated: 172792
	29  -  MemoryUsage of job (MB)
	29260  -  ResidentSetSize of job (KB)
...
006 (8513224.000.000) 11/20 20:07:19 Image size of job updated: 263288
	29  -  MemoryUsage of job (MB)
	29260  -  ResidentSetSize of job (KB)
...
005 (8513224.000.000) 11/20 20:07:19 Job terminated.
	(1) Normal termination (return value 0)
		Usr 0 00:00:10, Sys 0 00:00:00  -  Run Remote Usage
		Usr 0 00:00:00, Sys 0 00:00:00  -  Run Local Usage
		Usr 0 00:00:10, Sys 0 00:00:00  -  Total Remote Usage
		Usr 0 00:00:00, Sys 0 00:00:00  -  Total Local Usage
	0  -  Run Bytes Sent By Job
	0  -  Run Bytes Received By Job
	0  -  Total Bytes Sent By Job
	0  -  Total Bytes Received By Job
	Partitionable Resources :    Usage  Request Allocated
	   Cpus                 :                 1         1
	   Disk (KB)            :        1        1  13383015
	   Memory (MB)          :       29        1      6441
...
000 (8568182.000.000) 11/23 10:24:48 Job submitted from host: <10.10.48.31:12542?addrs=10.10.48.31-12542>
...
001 (8568182.000.000) 11/23 10:24:52 Job executing on host: <10.10.48.141:50603?addrs=10.10.48.141-50603>
...
006 (8568182.000.000) 11/23 10:24:53 Image size of job updated: 190604
	0  -  MemoryUsage of job (MB)
	0  -  ResidentSetSize of job (KB)
...
005 (8568182.000.000) 11/23 10:24:55 Job terminated.
	(1) Normal termination (return value 0)
		Usr 0 00:00:00, Sys 0 00:00:00  -  Run Remote Usage
		Usr 0 00:00:00, Sys 0 00:00:00  -  Run Local Usage
		Usr 0 00:00:00, Sys 0 00:00:00  -  Total Remote Usage
		Usr 0 00:00:00, Sys 0 00:00:00  -  Total Local Usage
	0  -  Run Bytes Sent By Job
	0  -  Run Bytes Received By Job
	0  -  Total Bytes Sent By Job
	0  -  Total Bytes Received By Job
	Partitionable Resources :    Usage  Request Allocated
	   Cpus                 :                 1         1
	   Disk (KB)            :        1        1  13376040
	   Memory (MB)          :        0        1      6441
...
000 (8569030.000.000) 11/23 10:45:25 Job submitted from host: <10.10.48.31:12542?addrs=10.10.48.31-12542>
...
001 (8569030.000.000) 11/23 10:45:36 Job executing on host: <10.10.48.141:50603?addrs=10.10.48.141-50603>
...
006 (8569030.000.000) 11/23 10:45:44 Image size of job updated: 263216
	98  -  MemoryUsage of job (MB)
	99868  -  ResidentSetSize of job (KB)
...
006 (8569030.000.000) 11/23 10:46:08 Image size of job updated: 263220
	98  -  MemoryUsage of job (MB)
	99868  -  ResidentSetSize of job (KB)
...
005 (8569030.000.000) 11/23 10:46:08 Job terminated.
	(1) Normal termination (return value 0)
		Usr 0 00:00:14, Sys 0 00:00:00  -  Run Remote Usage
		Usr 0 00:00:00, Sys 0 00:00:00  -  Run Local Usage
		Usr 0 00:00:14, Sys 0 00:00:00  -  Total Remote Usage
		Usr 0 00:00:00, Sys 0 00:00:00  -  Total Local Usage
	0  -  Run Bytes Sent By Job
	0  -  Run Bytes Received By Job
	0  -  Total Bytes Sent By Job
	0  -  Total Bytes Received By Job
	Partitionable Resources :    Usage  Request Allocated
	   Cpus                 :                 1         1
	   Disk (KB)            :        1        1  13376503
	   Memory (MB)          :       98        1      6441
...
000 (8569584.000.000) 11/23 10:57:33 Job submitted from host: <10.10.48.31:12542?addrs=10.10.48.31-12542>
...
001 (8569584.000.000) 11/23 10:57:51 Job executing on host: <10.10.48.146:58220?addrs=10.10.48.146-58220>
...
006 (8569584.000.000) 11/23 10:58:00 Image size of job updated: 263416
	99  -  MemoryUsage of job (MB)
	100968  -  ResidentSetSize of job (KB)
...
005 (8569584.000.000) 11/23 10:58:03 Job terminated.
	(1) Normal termination (return value 0)
		Usr 0 00:00:09, Sys 0 00:00:00  -  Run Remote Usage
		Usr 0 00:00:00, Sys 0 00:00:00  -  Run Local Usage
		Usr 0 00:00:09, Sys 0 00:00:00  -  Total Remote Usage
		Usr 0 00:00:00, Sys 0 00:00:00  -  Total Local Usage
	0  -  Run Bytes Sent By Job
	0  -  Run Bytes Received By Job
	0  -  Total Bytes Sent By Job
	0  -  Total Bytes Received By Job
	Partitionable Resources :    Usage  Request Allocated
	   Cpus                 :                 1         1
	   Disk (KB)            :        1        1  13348070
	   Memory (MB)          :       99        1      6441
...
000 (8577535.000.000) 11/23 15:06:27 Job submitted from host: <10.10.48.31:12542?addrs=10.10.48.31-12542>
...
001 (8577535.000.000) 11/23 15:06:29 Job executing on host: <10.10.48.35:61041?addrs=10.10.48.35-61041>
...
006 (8577535.000.000) 11/23 15:06:38 Image size of job updated: 263144
	97  -  MemoryUsage of job (MB)
	98348  -  ResidentSetSize of job (KB)
...
005 (8577535.000.000) 11/23 15:06:40 Job terminated.
	(1) Normal termination (return value 0)
		Usr 0 00:00:03, Sys 0 00:00:00  -  Run Remote Usage
		Usr 0 00:00:00, Sys 0 00:00:00  -  Run Local Usage
		Usr 0 00:00:03, Sys 0 00:00:00  -  Total Remote Usage
		Usr 0 00:00:00, Sys 0 00:00:00  -  Total Local Usage
	0  -  Run Bytes Sent By Job
	0  -  Run Bytes Received By Job
	0  -  Total Bytes Sent By Job
	0  -  Total Bytes Received By Job
	Partitionable Resources :    Usage  Request Allocated
	   Cpus                 :                 1         1
	   Disk (KB)            :        1        1  16722560
	   Memory (MB)          :       97        1      4023
...
000 (8580138.000.000) 11/23 17:22:36 Job submitted from host: <10.10.48.31:12542?addrs=10.10.48.31-12542>
...
001 (8580138.000.000) 11/23 17:22:39 Job executing on host: <10.10.48.41:20766?addrs=10.10.48.41-20766>
...
006 (8580138.000.000) 11/23 17:22:39 Image size of job updated: 190348
	0  -  MemoryUsage of job (MB)
	0  -  ResidentSetSize of job (KB)
...
005 (8580138.000.000) 11/23 17:22:39 Job terminated.
	(1) Normal termination (return value 0)
		Usr 0 00:00:00, Sys 0 00:00:00  -  Run Remote Usage
		Usr 0 00:00:00, Sys 0 00:00:00  -  Run Local Usage
		Usr 0 00:00:00, Sys 0 00:00:00  -  Total Remote Usage
		Usr 0 00:00:00, Sys 0 00:00:00  -  Total Local Usage
	0  -  Run Bytes Sent By Job
	0  -  Run Bytes Received By Job
	0  -  Total Bytes Sent By Job
	0  -  Total Bytes Received By Job
	Partitionable Resources :    Usage  Request Allocated
	   Cpus                 :                 1         1
	   Disk (KB)            :        1        1  16725821
	   Memory (MB)          :        0        1      4023
...
000 (8580292.000.000) 11/24 10:20:55 Job submitted from host: <10.10.48.31:12542?addrs=10.10.48.31-12542>
...
001 (8580292.000.000) 11/24 10:21:15 Job executing on host: <10.10.48.141:50603?addrs=10.10.48.141-50603>
...
006 (8580292.000.000) 11/24 10:21:23 Image size of job updated: 257112
	49  -  MemoryUsage of job (MB)
	49332  -  ResidentSetSize of job (KB)
...
006 (8580292.000.000) 11/24 10:22:39 Image size of job updated: 265104
	49  -  MemoryUsage of job (MB)
	49332  -  ResidentSetSize of job (KB)
...
005 (8580292.000.000) 11/24 10:22:39 Job terminated.
	(1) Normal termination (return value 0)
		Usr 0 00:01:21, Sys 0 00:00:01  -  Run Remote Usage
		Usr 0 00:00:00, Sys 0 00:00:00  -  Run Local Usage
		Usr 0 00:01:21, Sys 0 00:00:01  -  Total Remote Usage
		Usr 0 00:00:00, Sys 0 00:00:00  -  Total Local Usage
	0  -  Run Bytes Sent By Job
	0  -  Run Bytes Received By Job
	0  -  Total Bytes Sent By Job
	0  -  Total Bytes Received By Job
	Partitionable Resources :    Usage  Request Allocated
	   Cpus                 :                 1         1
	   Disk (KB)            :        1        1  13376787
	   Memory (MB)          :       49        1      6441
...
000 (8581715.000.000) 11/24 20:22:56 Job submitted from host: <10.10.48.31:12542?addrs=10.10.48.31-12542>
...
001 (8581715.000.000) 11/24 20:23:02 Job executing on host: <10.10.48.41:20766?addrs=10.10.48.41-20766>
...
006 (8581715.000.000) 11/24 20:23:02 Image size of job updated: 191936
	0  -  MemoryUsage of job (MB)
	0  -  ResidentSetSize of job (KB)
...
005 (8581715.000.000) 11/24 20:23:02 Job terminated.
	(1) Normal termination (return value 0)
		Usr 0 00:00:00, Sys 0 00:00:00  -  Run Remote Usage
		Usr 0 00:00:00, Sys 0 00:00:00  -  Run Local Usage
		Usr 0 00:00:00, Sys 0 00:00:00  -  Total Remote Usage
		Usr 0 00:00:00, Sys 0 00:00:00  -  Total Local Usage
	0  -  Run Bytes Sent By Job
	0  -  Run Bytes Received By Job
	0  -  Total Bytes Sent By Job
	0  -  Total Bytes Received By Job
	Partitionable Resources :    Usage  Request Allocated
	   Cpus                 :                 1         1
	   Disk (KB)            :        1        1  16725483
	   Memory (MB)          :        0        1      4023
...
000 (8581771.000.000) 11/24 20:31:09 Job submitted from host: <10.10.48.31:12542?addrs=10.10.48.31-12542>
...
001 (8581771.000.000) 11/24 20:31:29 Job executing on host: <10.10.48.35:61041?addrs=10.10.48.35-61041>
...
006 (8581771.000.000) 11/24 20:31:37 Image size of job updated: 183584
	33  -  MemoryUsage of job (MB)
	33704  -  ResidentSetSize of job (KB)
...
006 (8581771.000.000) 11/24 20:34:36 Image size of job updated: 201780
	33  -  MemoryUsage of job (MB)
	33704  -  ResidentSetSize of job (KB)
...
005 (8581771.000.000) 11/24 20:34:36 Job terminated.
	(1) Normal termination (return value 0)
		Usr 0 00:01:54, Sys 0 00:00:02  -  Run Remote Usage
		Usr 0 00:00:00, Sys 0 00:00:00  -  Run Local Usage
		Usr 0 00:01:54, Sys 0 00:00:02  -  Total Remote Usage
		Usr 0 00:00:00, Sys 0 00:00:00  -  Total Local Usage
	0  -  Run Bytes Sent By Job
	0  -  Run Bytes Received By Job
	0  -  Total Bytes Sent By Job
	0  -  Total Bytes Received By Job
	Partitionable Resources :    Usage  Request Allocated
	   Cpus                 :                 1         1
	   Disk (KB)            :        1        1  16722873
	   Memory (MB)          :       33        1      4023
...
000 (8739430.000.000) 11/29 19:23:03 Job submitted from host: <10.10.48.31:12542?addrs=10.10.48.31-12542>
...
001 (8739430.000.000) 11/29 19:23:22 Job executing on host: <10.10.48.139:49429?addrs=10.10.48.139-49429>
...
006 (8739430.000.000) 11/29 19:23:32 Image size of job updated: 180380
	30  -  MemoryUsage of job (MB)
	30216  -  ResidentSetSize of job (KB)
...
006 (8739430.000.000) 11/29 19:28:32 Image size of job updated: 203248
	45  -  MemoryUsage of job (MB)
	45104  -  ResidentSetSize of job (KB)
...
005 (8739430.000.000) 11/29 19:33:13 Job terminated.
	(1) Normal termination (return value 0)
		Usr 0 00:04:51, Sys 0 00:00:06  -  Run Remote Usage
		Usr 0 00:00:00, Sys 0 00:00:00  -  Run Local Usage
		Usr 0 00:04:51, Sys 0 00:00:06  -  Total Remote Usage
		Usr 0 00:00:00, Sys 0 00:00:00  -  Total Local Usage
	0  -  Run Bytes Sent By Job
	0  -  Run Bytes Received By Job
	0  -  Total Bytes Sent By Job
	0  -  Total Bytes Received By Job
	Partitionable Resources :    Usage  Request Allocated
	   Cpus                 :                 1         1
	   Disk (KB)            :        1        1  13385409
	   Memory (MB)          :       45        1      6441
...
000 (8739581.000.000) 11/29 19:34:20 Job submitted from host: <10.10.48.31:12542?addrs=10.10.48.31-12542>
...
001 (8739581.000.000) 11/29 19:34:29 Job executing on host: <10.10.48.139:49429?addrs=10.10.48.139-49429>
...
006 (8739581.000.000) 11/29 19:34:38 Image size of job updated: 181368
	31  -  MemoryUsage of job (MB)
	31292  -  ResidentSetSize of job (KB)
...
006 (8739581.000.000) 11/29 19:39:39 Image size of job updated: 203132
	44  -  MemoryUsage of job (MB)
	44484  -  ResidentSetSize of job (KB)
...
005 (8739581.000.000) 11/29 19:39:42 Job terminated.
	(1) Normal termination (return value 0)
		Usr 0 00:01:34, Sys 0 00:00:02  -  Run Remote Usage
		Usr 0 00:00:00, Sys 0 00:00:00  -  Run Local Usage
		Usr 0 00:01:34, Sys 0 00:00:02  -  Total Remote Usage
		Usr 0 00:00:00, Sys 0 00:00:00  -  Total Local Usage
	0  -  Run Bytes Sent By Job
	0  -  Run Bytes Received By Job
	0  -  Total Bytes Sent By Job
	0  -  Total Bytes Received By Job
	Partitionable Resources :    Usage  Request Allocated
	   Cpus                 :                 1         1
	   Disk (KB)            :        1        1  13385374
	   Memory (MB)          :       44        1      6441
...
000 (8740405.000.000) 11/29 20:51:05 Job submitted from host: <10.10.48.31:12542?addrs=10.10.48.31-12542>
...
001 (8740405.000.000) 11/29 20:51:24 Job executing on host: <10.10.48.35:61041?addrs=10.10.48.35-61041>
...
006 (8740405.000.000) 11/29 20:51:33 Image size of job updated: 183324
	32  -  MemoryUsage of job (MB)
	32584  -  ResidentSetSize of job (KB)
...
000 (8740504.000.000) 11/29 20:52:28 Job submitted from host: <10.10.48.31:12542?addrs=10.10.48.31-12542>
...
001 (8740504.000.000) 11/29 20:52:48 Job executing on host: <10.10.48.145:26377?addrs=10.10.48.145-26377>
...
006 (8740504.000.000) 11/29 20:52:57 Image size of job updated: 183568
	34  -  MemoryUsage of job (MB)
	33808  -  ResidentSetSize of job (KB)
...
006 (8740405.000.000) 11/29 20:56:33 Image size of job updated: 203256
	43  -  MemoryUsage of job (MB)
	43264  -  ResidentSetSize of job (KB)
...
006 (8740504.000.000) 11/29 20:57:21 Image size of job updated: 203108
	34  -  MemoryUsage of job (MB)
	33808  -  ResidentSetSize of job (KB)
...
005 (8740504.000.000) 11/29 20:57:21 Job terminated.
	(1) Normal termination (return value 0)
		Usr 0 00:01:27, Sys 0 00:00:02  -  Run Remote Usage
		Usr 0 00:00:00, Sys 0 00:00:00  -  Run Local Usage
		Usr 0 00:01:27, Sys 0 00:00:02  -  Total Remote Usage
		Usr 0 00:00:00, Sys 0 00:00:00  -  Total Local Usage
	0  -  Run Bytes Sent By Job
	0  -  Run Bytes Received By Job
	0  -  Total Bytes Sent By Job
	0  -  Total Bytes Received By Job
	Partitionable Resources :    Usage  Request Allocated
	   Cpus                 :                 1         1
	   Disk (KB)            :        1        1  13384155
	   Memory (MB)          :       34        1      6441
...
006 (8740405.000.000) 11/29 21:01:33 Image size of job updated: 203256
	43  -  MemoryUsage of job (MB)
	43556  -  ResidentSetSize of job (KB)
...
006 (8740405.000.000) 11/29 21:05:10 Image size of job updated: 203272
	43  -  MemoryUsage of job (MB)
	43556  -  ResidentSetSize of job (KB)
...
005 (8740405.000.000) 11/29 21:05:10 Job terminated.
	(1) Normal termination (return value 0)
		Usr 0 00:04:25, Sys 0 00:00:06  -  Run Remote Usage
		Usr 0 00:00:00, Sys 0 00:00:00  -  Run Local Usage
		Usr 0 00:04:25, Sys 0 00:00:06  -  Total Remote Usage
		Usr 0 00:00:00, Sys 0 00:00:00  -  Total Local Usage
	0  -  Run Bytes Sent By Job
	0  -  Run Bytes Received By Job
	0  -  Total Bytes Sent By Job
	0  -  Total Bytes Received By Job
	Partitionable Resources :    Usage  Request Allocated
	   Cpus                 :                 1         1
	   Disk (KB)            :        1        1  16724909
	   Memory (MB)          :       43        1      4023
...
