000 (8513169.000.000) 11/20 20:04:44 Job submitted from host: <10.10.48.31:12542?addrs=10.10.48.31-12542>
...
001 (8513169.000.000) 11/20 20:04:53 Job executing on host: <10.10.48.145:26377?addrs=10.10.48.145-26377>
...
006 (8513169.000.000) 11/20 20:04:53 Image size of job updated: 167740
	0  -  MemoryUsage of job (MB)
	0  -  ResidentSetSize of job (KB)
...
005 (8513169.000.000) 11/20 20:04:54 Job terminated.
	(1) Normal termination (return value 1)
		Usr 0 00:00:00, Sys 0 00:00:00  -  Run Remote Usage
		Usr 0 00:00:00, Sys 0 00:00:00  -  Run Local Usage
		Usr 0 00:00:00, Sys 0 00:00:00  -  Total Remote Usage
		Usr 0 00:00:00, Sys 0 00:00:00  -  Total Local Usage
	0  -  Run Bytes Sent By Job
	0  -  Run Bytes Received By Job
	0  -  Total Bytes Sent By Job
	0  -  Total Bytes Received By Job
	Partitionable Resources :    Usage  Request Allocated
	   Cpus                 :                 1         1
	   Disk (KB)            :        1        1  13235308
	   Memory (MB)          :        0        1      6441
...
000 (8513235.000.000) 11/20 20:06:20 Job submitted from host: <10.10.48.31:12542?addrs=10.10.48.31-12542>
...
001 (8513235.000.000) 11/20 20:06:34 Job executing on host: <10.10.48.145:26377?addrs=10.10.48.145-26377>
...
006 (8513235.000.000) 11/20 20:06:42 Image size of job updated: 259616
	59  -  MemoryUsage of job (MB)
	60016  -  ResidentSetSize of job (KB)
...
006 (8513235.000.000) 11/20 20:07:21 Image size of job updated: 265324
	59  -  MemoryUsage of job (MB)
	60016  -  ResidentSetSize of job (KB)
...
005 (8513235.000.000) 11/20 20:07:21 Job terminated.
	(1) Normal termination (return value 0)
		Usr 0 00:00:27, Sys 0 00:00:00  -  Run Remote Usage
		Usr 0 00:00:00, Sys 0 00:00:00  -  Run Local Usage
		Usr 0 00:00:27, Sys 0 00:00:00  -  Total Remote Usage
		Usr 0 00:00:00, Sys 0 00:00:00  -  Total Local Usage
	0  -  Run Bytes Sent By Job
	0  -  Run Bytes Received By Job
	0  -  Total Bytes Sent By Job
	0  -  Total Bytes Received By Job
	Partitionable Resources :    Usage  Request Allocated
	   Cpus                 :                 1         1
	   Disk (KB)            :        1        1  13167248
	   Memory (MB)          :       59        1      6441
...
000 (8568193.000.000) 11/23 10:24:50 Job submitted from host: <10.10.48.31:12542?addrs=10.10.48.31-12542>
...
001 (8568193.000.000) 11/23 10:24:55 Job executing on host: <10.10.48.141:50603?addrs=10.10.48.141-50603>
...
006 (8568193.000.000) 11/23 10:24:55 Image size of job updated: 191308
	0  -  MemoryUsage of job (MB)
	0  -  ResidentSetSize of job (KB)
...
005 (8568193.000.000) 11/23 10:24:56 Job terminated.
	(1) Normal termination (return value 0)
		Usr 0 00:00:00, Sys 0 00:00:00  -  Run Remote Usage
		Usr 0 00:00:00, Sys 0 00:00:00  -  Run Local Usage
		Usr 0 00:00:00, Sys 0 00:00:00  -  Total Remote Usage
		Usr 0 00:00:00, Sys 0 00:00:00  -  Total Local Usage
	0  -  Run Bytes Sent By Job
	0  -  Run Bytes Received By Job
	0  -  Total Bytes Sent By Job
	0  -  Total Bytes Received By Job
	Partitionable Resources :    Usage  Request Allocated
	   Cpus                 :                 1         1
	   Disk (KB)            :        1        1  13376040
	   Memory (MB)          :        0        1      6441
...
000 (8569041.000.000) 11/23 10:45:27 Job submitted from host: <10.10.48.31:12542?addrs=10.10.48.31-12542>
...
001 (8569041.000.000) 11/23 10:45:39 Job executing on host: <10.10.48.141:50603?addrs=10.10.48.141-50603>
...
006 (8569041.000.000) 11/23 10:45:48 Image size of job updated: 177420
	32  -  MemoryUsage of job (MB)
	31788  -  ResidentSetSize of job (KB)
...
006 (8569041.000.000) 11/23 10:46:36 Image size of job updated: 265212
	32  -  MemoryUsage of job (MB)
	31788  -  ResidentSetSize of job (KB)
...
005 (8569041.000.000) 11/23 10:46:36 Job terminated.
	(1) Normal termination (return value 0)
		Usr 0 00:00:26, Sys 0 00:00:00  -  Run Remote Usage
		Usr 0 00:00:00, Sys 0 00:00:00  -  Run Local Usage
		Usr 0 00:00:26, Sys 0 00:00:00  -  Total Remote Usage
		Usr 0 00:00:00, Sys 0 00:00:00  -  Total Local Usage
	0  -  Run Bytes Sent By Job
	0  -  Run Bytes Received By Job
	0  -  Total Bytes Sent By Job
	0  -  Total Bytes Received By Job
	Partitionable Resources :    Usage  Request Allocated
	   Cpus                 :                 1         1
	   Disk (KB)            :        1        1  13376506
	   Memory (MB)          :       32        1      6441
...
000 (8569595.000.000) 11/23 10:57:34 Job submitted from host: <10.10.48.31:12542?addrs=10.10.48.31-12542>
...
001 (8569595.000.000) 11/23 10:57:53 Job executing on host: <10.10.48.146:58220?addrs=10.10.48.146-58220>
...
006 (8569595.000.000) 11/23 10:58:01 Image size of job updated: 264912
	99  -  MemoryUsage of job (MB)
	100452  -  ResidentSetSize of job (KB)
...
005 (8569595.000.000) 11/23 10:58:20 Job terminated.
	(1) Normal termination (return value 0)
		Usr 0 00:00:21, Sys 0 00:00:01  -  Run Remote Usage
		Usr 0 00:00:00, Sys 0 00:00:00  -  Run Local Usage
		Usr 0 00:00:21, Sys 0 00:00:01  -  Total Remote Usage
		Usr 0 00:00:00, Sys 0 00:00:00  -  Total Local Usage
	0  -  Run Bytes Sent By Job
	0  -  Run Bytes Received By Job
	0  -  Total Bytes Sent By Job
	0  -  Total Bytes Received By Job
	Partitionable Resources :    Usage  Request Allocated
	   Cpus                 :                 1         1
	   Disk (KB)            :        1        1  13348070
	   Memory (MB)          :       99        1      6441
...
000 (8577546.000.000) 11/23 15:06:31 Job submitted from host: <10.10.48.31:12542?addrs=10.10.48.31-12542>
...
001 (8577546.000.000) 11/23 15:06:35 Job executing on host: <10.10.48.141:50603?addrs=10.10.48.141-50603>
...
006 (8577546.000.000) 11/23 15:06:43 Image size of job updated: 264956
	101  -  MemoryUsage of job (MB)
	102532  -  ResidentSetSize of job (KB)
...
006 (8577546.000.000) 11/23 15:07:01 Image size of job updated: 265328
	101  -  MemoryUsage of job (MB)
	102532  -  ResidentSetSize of job (KB)
...
005 (8577546.000.000) 11/23 15:07:01 Job terminated.
	(1) Normal termination (return value 0)
		Usr 0 00:00:24, Sys 0 00:00:00  -  Run Remote Usage
		Usr 0 00:00:00, Sys 0 00:00:00  -  Run Local Usage
		Usr 0 00:00:24, Sys 0 00:00:00  -  Total Remote Usage
		Usr 0 00:00:00, Sys 0 00:00:00  -  Total Local Usage
	0  -  Run Bytes Sent By Job
	0  -  Run Bytes Received By Job
	0  -  Total Bytes Sent By Job
	0  -  Total Bytes Received By Job
	Partitionable Resources :    Usage  Request Allocated
	   Cpus                 :                 1         1
	   Disk (KB)            :        1        1  13376625
	   Memory (MB)          :      101        1      6441
...
000 (8580149.000.000) 11/23 17:22:37 Job submitted from host: <10.10.48.31:12542?addrs=10.10.48.31-12542>
...
001 (8580149.000.000) 11/23 17:22:42 Job executing on host: <10.10.48.41:20766?addrs=10.10.48.41-20766>
...
006 (8580149.000.000) 11/23 17:22:42 Image size of job updated: 175516
	0  -  MemoryUsage of job (MB)
	0  -  ResidentSetSize of job (KB)
...
005 (8580149.000.000) 11/23 17:22:42 Job terminated.
	(1) Normal termination (return value 0)
		Usr 0 00:00:00, Sys 0 00:00:00  -  Run Remote Usage
		Usr 0 00:00:00, Sys 0 00:00:00  -  Run Local Usage
		Usr 0 00:00:00, Sys 0 00:00:00  -  Total Remote Usage
		Usr 0 00:00:00, Sys 0 00:00:00  -  Total Local Usage
	0  -  Run Bytes Sent By Job
	0  -  Run Bytes Received By Job
	0  -  Total Bytes Sent By Job
	0  -  Total Bytes Received By Job
	Partitionable Resources :    Usage  Request Allocated
	   Cpus                 :                 1         1
	   Disk (KB)            :        1        1  16725821
	   Memory (MB)          :        0        1      4023
...
000 (8580303.000.000) 11/24 10:20:57 Job submitted from host: <10.10.48.31:12542?addrs=10.10.48.31-12542>
...
001 (8580303.000.000) 11/24 10:21:16 Job executing on host: <10.10.48.141:50603?addrs=10.10.48.141-50603>
...
006 (8580303.000.000) 11/24 10:21:19 Image size of job updated: 199036
	0  -  MemoryUsage of job (MB)
	0  -  ResidentSetSize of job (KB)
...
005 (8580303.000.000) 11/24 10:21:19 Job terminated.
	(1) Normal termination (return value 0)
		Usr 0 00:00:01, Sys 0 00:00:00  -  Run Remote Usage
		Usr 0 00:00:00, Sys 0 00:00:00  -  Run Local Usage
		Usr 0 00:00:01, Sys 0 00:00:00  -  Total Remote Usage
		Usr 0 00:00:00, Sys 0 00:00:00  -  Total Local Usage
	0  -  Run Bytes Sent By Job
	0  -  Run Bytes Received By Job
	0  -  Total Bytes Sent By Job
	0  -  Total Bytes Received By Job
	Partitionable Resources :    Usage  Request Allocated
	   Cpus                 :                 1         1
	   Disk (KB)            :        1        1  13376787
	   Memory (MB)          :        0        1      6441
...
000 (8581726.000.000) 11/24 20:22:57 Job submitted from host: <10.10.48.31:12542?addrs=10.10.48.31-12542>
...
001 (8581726.000.000) 11/24 20:23:03 Job executing on host: <10.10.48.41:20766?addrs=10.10.48.41-20766>
...
006 (8581726.000.000) 11/24 20:23:03 Image size of job updated: 191892
	0  -  MemoryUsage of job (MB)
	0  -  ResidentSetSize of job (KB)
...
005 (8581726.000.000) 11/24 20:23:03 Job terminated.
	(1) Normal termination (return value 0)
		Usr 0 00:00:00, Sys 0 00:00:00  -  Run Remote Usage
		Usr 0 00:00:00, Sys 0 00:00:00  -  Run Local Usage
		Usr 0 00:00:00, Sys 0 00:00:00  -  Total Remote Usage
		Usr 0 00:00:00, Sys 0 00:00:00  -  Total Local Usage
	0  -  Run Bytes Sent By Job
	0  -  Run Bytes Received By Job
	0  -  Total Bytes Sent By Job
	0  -  Total Bytes Received By Job
	Partitionable Resources :    Usage  Request Allocated
	   Cpus                 :                 1         1
	   Disk (KB)            :        1        1  16725483
	   Memory (MB)          :        0        1      4023
...
000 (8581782.000.000) 11/24 20:31:11 Job submitted from host: <10.10.48.31:12542?addrs=10.10.48.31-12542>
...
001 (8581782.000.000) 11/24 20:31:30 Job executing on host: <10.10.48.35:61041?addrs=10.10.48.35-61041>
...
006 (8581782.000.000) 11/24 20:31:39 Image size of job updated: 181668
	30  -  MemoryUsage of job (MB)
	30652  -  ResidentSetSize of job (KB)
...
006 (8581782.000.000) 11/24 20:36:40 Image size of job updated: 202080
	41  -  MemoryUsage of job (MB)
	41972  -  ResidentSetSize of job (KB)
...
005 (8581782.000.000) 11/24 20:38:17 Job terminated.
	(1) Normal termination (return value 0)
		Usr 0 00:04:33, Sys 0 00:00:06  -  Run Remote Usage
		Usr 0 00:00:00, Sys 0 00:00:00  -  Run Local Usage
		Usr 0 00:04:33, Sys 0 00:00:06  -  Total Remote Usage
		Usr 0 00:00:00, Sys 0 00:00:00  -  Total Local Usage
	0  -  Run Bytes Sent By Job
	0  -  Run Bytes Received By Job
	0  -  Total Bytes Sent By Job
	0  -  Total Bytes Received By Job
	Partitionable Resources :    Usage  Request Allocated
	   Cpus                 :                 1         1
	   Disk (KB)            :        1        1  16722873
	   Memory (MB)          :       41        1      4023
...
000 (8739441.000.000) 11/29 19:23:03 Job submitted from host: <10.10.48.31:12542?addrs=10.10.48.31-12542>
...
001 (8739441.000.000) 11/29 19:23:21 Job executing on host: <10.10.48.145:26377?addrs=10.10.48.145-26377>
...
006 (8739441.000.000) 11/29 19:23:30 Image size of job updated: 170108
	28  -  MemoryUsage of job (MB)
	28168  -  ResidentSetSize of job (KB)
...
006 (8739441.000.000) 11/29 19:23:44 Image size of job updated: 202728
	28  -  MemoryUsage of job (MB)
	28168  -  ResidentSetSize of job (KB)
...
005 (8739441.000.000) 11/29 19:23:44 Job terminated.
	(1) Normal termination (return value 0)
		Usr 0 00:00:05, Sys 0 00:00:00  -  Run Remote Usage
		Usr 0 00:00:00, Sys 0 00:00:00  -  Run Local Usage
		Usr 0 00:00:05, Sys 0 00:00:00  -  Total Remote Usage
		Usr 0 00:00:00, Sys 0 00:00:00  -  Total Local Usage
	0  -  Run Bytes Sent By Job
	0  -  Run Bytes Received By Job
	0  -  Total Bytes Sent By Job
	0  -  Total Bytes Received By Job
	Partitionable Resources :    Usage  Request Allocated
	   Cpus                 :                 1         1
	   Disk (KB)            :        1        1  13384179
	   Memory (MB)          :       28        1      6441
...
000 (8739592.000.000) 11/29 19:34:21 Job submitted from host: <10.10.48.31:12542?addrs=10.10.48.31-12542>
...
001 (8739592.000.000) 11/29 19:34:31 Job executing on host: <10.10.48.139:49429?addrs=10.10.48.139-49429>
...
006 (8739592.000.000) 11/29 19:34:39 Image size of job updated: 1
	2  -  MemoryUsage of job (MB)
	1864  -  ResidentSetSize of job (KB)
...
006 (8739592.000.000) 11/29 19:39:39 Image size of job updated: 203144
	43  -  MemoryUsage of job (MB)
	43176  -  ResidentSetSize of job (KB)
...
006 (8739592.000.000) 11/29 19:43:56 Image size of job updated: 203160
	43  -  MemoryUsage of job (MB)
	43176  -  ResidentSetSize of job (KB)
...
005 (8739592.000.000) 11/29 19:43:56 Job terminated.
	(1) Normal termination (return value 0)
		Usr 0 00:03:14, Sys 0 00:00:04  -  Run Remote Usage
		Usr 0 00:00:00, Sys 0 00:00:00  -  Run Local Usage
		Usr 0 00:03:14, Sys 0 00:00:04  -  Total Remote Usage
		Usr 0 00:00:00, Sys 0 00:00:00  -  Total Local Usage
	0  -  Run Bytes Sent By Job
	0  -  Run Bytes Received By Job
	0  -  Total Bytes Sent By Job
	0  -  Total Bytes Received By Job
	Partitionable Resources :    Usage  Request Allocated
	   Cpus                 :                 1         1
	   Disk (KB)            :        1        1  13385382
	   Memory (MB)          :       43        1      6441
...
000 (8740416.000.000) 11/29 20:51:06 Job submitted from host: <10.10.48.31:12542?addrs=10.10.48.31-12542>
...
001 (8740416.000.000) 11/29 20:51:24 Job executing on host: <10.10.48.139:49429?addrs=10.10.48.139-49429>
...
006 (8740416.000.000) 11/29 20:51:33 Image size of job updated: 170112
	28  -  MemoryUsage of job (MB)
	28064  -  ResidentSetSize of job (KB)
...
006 (8740416.000.000) 11/29 20:51:48 Image size of job updated: 202912
	28  -  MemoryUsage of job (MB)
	28064  -  ResidentSetSize of job (KB)
...
005 (8740416.000.000) 11/29 20:51:48 Job terminated.
	(1) Normal termination (return value 0)
		Usr 0 00:00:04, Sys 0 00:00:00  -  Run Remote Usage
		Usr 0 00:00:00, Sys 0 00:00:00  -  Run Local Usage
		Usr 0 00:00:04, Sys 0 00:00:00  -  Total Remote Usage
		Usr 0 00:00:00, Sys 0 00:00:00  -  Total Local Usage
	0  -  Run Bytes Sent By Job
	0  -  Run Bytes Received By Job
	0  -  Total Bytes Sent By Job
	0  -  Total Bytes Received By Job
	Partitionable Resources :    Usage  Request Allocated
	   Cpus                 :                 1         1
	   Disk (KB)            :        1        1  13385363
	   Memory (MB)          :       28        1      6441
...
000 (8740515.000.000) 11/29 20:52:29 Job submitted from host: <10.10.48.31:12542?addrs=10.10.48.31-12542>
...
001 (8740515.000.000) 11/29 20:52:50 Job executing on host: <10.10.48.145:26377?addrs=10.10.48.145-26377>
...
006 (8740515.000.000) 11/29 20:52:58 Image size of job updated: 183656
	34  -  MemoryUsage of job (MB)
	34420  -  ResidentSetSize of job (KB)
...
006 (8740515.000.000) 11/29 20:57:58 Image size of job updated: 203156
	44  -  MemoryUsage of job (MB)
	44096  -  ResidentSetSize of job (KB)
...
005 (8740515.000.000) 11/29 21:01:15 Job terminated.
	(1) Normal termination (return value 0)
		Usr 0 00:02:56, Sys 0 00:00:04  -  Run Remote Usage
		Usr 0 00:00:00, Sys 0 00:00:00  -  Run Local Usage
		Usr 0 00:02:56, Sys 0 00:00:04  -  Total Remote Usage
		Usr 0 00:00:00, Sys 0 00:00:00  -  Total Local Usage
	0  -  Run Bytes Sent By Job
	0  -  Run Bytes Received By Job
	0  -  Total Bytes Sent By Job
	0  -  Total Bytes Received By Job
	Partitionable Resources :    Usage  Request Allocated
	   Cpus                 :                 1         1
	   Disk (KB)            :        1        1  13384155
	   Memory (MB)          :       44        1      6441
...
