
Processing BiPo_coin.C(24851)...
.54282%
2.31423%
3.08564%
3.85705%
4.62846%
5.39987%
6.17128%
totalEvents: 1472057
0%
0.679322%

10.0283%
10.7997%
2.71729%
3.39661%
13.114%
13.8854%
15.43457%
6.11389%16.1996%
16.971%
178.15186%
8.8311819.2853%
20.0567%
20.8281%
21.5995%

22.3709%
23.1423%
23.9137%
24.6851%
14.9451%
15.6244%26.9994%
27.7708%
28.5422%
29.3136%
30.085%
19.7003%
31.6278%
32.3992%
33.1706%
33.9421%
34.7135%23.7763%

36.2563%
37.0277%
37.7991%
38.5705%
39.3419%
27.1729%
27.8522%
41.6562%
42.4276%
43.199%
43.9704%
44.7418%
45.5132%
46.2846%
47.056%
4732.6074%
33.2868%
33.966150.1417%
50.9131%
51.6845%
52.4559%
537.3627%
38.042%
54.7701%
55.5415%
56.313%
57.0844%
1.4386%
42.1179%
42.7973%
43.4766%
59.3986%
60.17%
60.9414%
61.7128%
62.4842%
6347.5525%
48.2318%
48.911165.5699%
66.3413%
67.1127%
67.8841%
68.6555%
6952.9871%
53.6664%
54.345771.7412%
72.5126%
73.284%
74.0554%
74.8268%

58.4217%
59.101%
59.7803%
677.141%
77.9124%
78.6839%
79.4553%
80.2267%
80.9981%
64.5355%
65.2149%
82.5409%
83.3123%
84.0837%
84.8551%
85.6265%
86.398%
87.1694%
87.9408%

71.3288%
72.0081%
72.6874%
90.255%
91.0264%
91.7978%
92.5692%
93.3406%
94.1121%
7.4427%
78.122%
78.8013%
79.4806%
80.1599%
80.8393%
81.5186%
82.1979%
82.8772%
83.5565%
84.2359%
84.9152%
85.5945%
86.2738%
86.9532%
87.6325%
88.3118%
88.9911%
89.6704%
90.3498%
91.0291%
91.7084%
92.3877%
93.067%
93.7464%
94.4257%
95.105%
95.7843%
96.4637%
97.143%
97.8223%
98.5016%
99.1809%
99.8603%
100%
