000 (8513122.000.000) 11/20 20:04:41 Job submitted from host: <10.10.48.31:12542?addrs=10.10.48.31-12542>
...
001 (8513122.000.000) 11/20 20:04:53 Job executing on host: <10.10.48.146:58220?addrs=10.10.48.146-58220>
...
006 (8513122.000.000) 11/20 20:04:54 Image size of job updated: 49268
	0  -  MemoryUsage of job (MB)
	0  -  ResidentSetSize of job (KB)
...
005 (8513122.000.000) 11/20 20:04:54 Job terminated.
	(1) Normal termination (return value 1)
		Usr 0 00:00:00, Sys 0 00:00:00  -  Run Remote Usage
		Usr 0 00:00:00, Sys 0 00:00:00  -  Run Local Usage
		Usr 0 00:00:00, Sys 0 00:00:00  -  Total Remote Usage
		Usr 0 00:00:00, Sys 0 00:00:00  -  Total Local Usage
	0  -  Run Bytes Sent By Job
	0  -  Run Bytes Received By Job
	0  -  Total Bytes Sent By Job
	0  -  Total Bytes Received By Job
	Partitionable Resources :    Usage  Request Allocated
	   Cpus                 :                 1         1
	   Disk (KB)            :        1        1  12315931
	   Memory (MB)          :        0        1      6441
...
000 (8513188.000.000) 11/20 20:06:16 Job submitted from host: <10.10.48.31:12542?addrs=10.10.48.31-12542>
...
001 (8513188.000.000) 11/20 20:06:33 Job executing on host: <10.10.48.41:20766?addrs=10.10.48.41-20766>
...
006 (8513188.000.000) 11/20 20:06:41 Image size of job updated: 271996
	107  -  MemoryUsage of job (MB)
	109220  -  ResidentSetSize of job (KB)
...
005 (8513188.000.000) 11/20 20:06:47 Job terminated.
	(1) Normal termination (return value 0)
		Usr 0 00:00:06, Sys 0 00:00:00  -  Run Remote Usage
		Usr 0 00:00:00, Sys 0 00:00:00  -  Run Local Usage
		Usr 0 00:00:06, Sys 0 00:00:00  -  Total Remote Usage
		Usr 0 00:00:00, Sys 0 00:00:00  -  Total Local Usage
	0  -  Run Bytes Sent By Job
	0  -  Run Bytes Received By Job
	0  -  Total Bytes Sent By Job
	0  -  Total Bytes Received By Job
	Partitionable Resources :    Usage  Request Allocated
	   Cpus                 :                 1         1
	   Disk (KB)            :        1        1  16405976
	   Memory (MB)          :      107        1      4023
...
000 (8568146.000.000) 11/23 10:24:44 Job submitted from host: <10.10.48.31:12542?addrs=10.10.48.31-12542>
...
001 (8568146.000.000) 11/23 10:24:51 Job executing on host: <10.10.48.41:20766?addrs=10.10.48.41-20766>
...
006 (8568146.000.000) 11/23 10:24:52 Image size of job updated: 191708
	0  -  MemoryUsage of job (MB)
	0  -  ResidentSetSize of job (KB)
...
005 (8568146.000.000) 11/23 10:24:52 Job terminated.
	(1) Normal termination (return value 0)
		Usr 0 00:00:00, Sys 0 00:00:00  -  Run Remote Usage
		Usr 0 00:00:00, Sys 0 00:00:00  -  Run Local Usage
		Usr 0 00:00:00, Sys 0 00:00:00  -  Total Remote Usage
		Usr 0 00:00:00, Sys 0 00:00:00  -  Total Local Usage
	0  -  Run Bytes Sent By Job
	0  -  Run Bytes Received By Job
	0  -  Total Bytes Sent By Job
	0  -  Total Bytes Received By Job
	Partitionable Resources :    Usage  Request Allocated
	   Cpus                 :                 1         1
	   Disk (KB)            :        1        1  16725580
	   Memory (MB)          :        0        1      4023
...
000 (8568994.000.000) 11/23 10:45:22 Job submitted from host: <10.10.48.31:12542?addrs=10.10.48.31-12542>
...
001 (8568994.000.000) 11/23 10:45:35 Job executing on host: <10.10.48.41:20766?addrs=10.10.48.41-20766>
...
006 (8568994.000.000) 11/23 10:45:44 Image size of job updated: 271616
	107  -  MemoryUsage of job (MB)
	108704  -  ResidentSetSize of job (KB)
...
006 (8568994.000.000) 11/23 10:45:56 Image size of job updated: 271996
	107  -  MemoryUsage of job (MB)
	108704  -  ResidentSetSize of job (KB)
...
005 (8568994.000.000) 11/23 10:45:56 Job terminated.
	(1) Normal termination (return value 0)
		Usr 0 00:00:09, Sys 0 00:00:00  -  Run Remote Usage
		Usr 0 00:00:00, Sys 0 00:00:00  -  Run Local Usage
		Usr 0 00:00:09, Sys 0 00:00:00  -  Total Remote Usage
		Usr 0 00:00:00, Sys 0 00:00:00  -  Total Local Usage
	0  -  Run Bytes Sent By Job
	0  -  Run Bytes Received By Job
	0  -  Total Bytes Sent By Job
	0  -  Total Bytes Received By Job
	Partitionable Resources :    Usage  Request Allocated
	   Cpus                 :                 1         1
	   Disk (KB)            :        1        1  16725463
	   Memory (MB)          :      107        1      4023
...
000 (8569548.000.000) 11/23 10:57:28 Job submitted from host: <10.10.48.31:12542?addrs=10.10.48.31-12542>
...
001 (8569548.000.000) 11/23 10:57:30 Job executing on host: <10.10.48.41:20766?addrs=10.10.48.41-20766>
...
006 (8569548.000.000) 11/23 10:57:38 Image size of job updated: 271748
	106  -  MemoryUsage of job (MB)
	108004  -  ResidentSetSize of job (KB)
...
005 (8569548.000.000) 11/23 10:57:38 Job terminated.
	(1) Normal termination (return value 0)
		Usr 0 00:00:07, Sys 0 00:00:00  -  Run Remote Usage
		Usr 0 00:00:00, Sys 0 00:00:00  -  Run Local Usage
		Usr 0 00:00:07, Sys 0 00:00:00  -  Total Remote Usage
		Usr 0 00:00:00, Sys 0 00:00:00  -  Total Local Usage
	0  -  Run Bytes Sent By Job
	0  -  Run Bytes Received By Job
	0  -  Total Bytes Sent By Job
	0  -  Total Bytes Received By Job
	Partitionable Resources :    Usage  Request Allocated
	   Cpus                 :                 1         1
	   Disk (KB)            :        1        1  16725954
	   Memory (MB)          :      106        1      4023
...
000 (8577499.000.000) 11/23 15:06:24 Job submitted from host: <10.10.48.31:12542?addrs=10.10.48.31-12542>
...
001 (8577499.000.000) 11/23 15:06:29 Job executing on host: <10.10.48.41:20766?addrs=10.10.48.41-20766>
...
006 (8577499.000.000) 11/23 15:06:37 Image size of job updated: 272000
	107  -  MemoryUsage of job (MB)
	109424  -  ResidentSetSize of job (KB)
...
005 (8577499.000.000) 11/23 15:06:39 Job terminated.
	(1) Normal termination (return value 0)
		Usr 0 00:00:08, Sys 0 00:00:00  -  Run Remote Usage
		Usr 0 00:00:00, Sys 0 00:00:00  -  Run Local Usage
		Usr 0 00:00:08, Sys 0 00:00:00  -  Total Remote Usage
		Usr 0 00:00:00, Sys 0 00:00:00  -  Total Local Usage
	0  -  Run Bytes Sent By Job
	0  -  Run Bytes Received By Job
	0  -  Total Bytes Sent By Job
	0  -  Total Bytes Received By Job
	Partitionable Resources :    Usage  Request Allocated
	   Cpus                 :                 1         1
	   Disk (KB)            :        1        1  16724561
	   Memory (MB)          :      107        1      4023
...
000 (8580092.000.000) 11/23 16:48:53 Job submitted from host: <10.10.48.31:12542?addrs=10.10.48.31-12542>
...
001 (8580092.000.000) 11/23 16:49:10 Job executing on host: <10.10.48.41:20766?addrs=10.10.48.41-20766>
...
006 (8580092.000.000) 11/23 16:49:11 Image size of job updated: 177384
	0  -  MemoryUsage of job (MB)
	0  -  ResidentSetSize of job (KB)
...
005 (8580092.000.000) 11/23 16:49:11 Job terminated.
	(1) Normal termination (return value 0)
		Usr 0 00:00:00, Sys 0 00:00:00  -  Run Remote Usage
		Usr 0 00:00:00, Sys 0 00:00:00  -  Run Local Usage
		Usr 0 00:00:00, Sys 0 00:00:00  -  Total Remote Usage
		Usr 0 00:00:00, Sys 0 00:00:00  -  Total Local Usage
	0  -  Run Bytes Sent By Job
	0  -  Run Bytes Received By Job
	0  -  Total Bytes Sent By Job
	0  -  Total Bytes Received By Job
	Partitionable Resources :    Usage  Request Allocated
	   Cpus                 :                 1         1
	   Disk (KB)            :        1        1  16725849
	   Memory (MB)          :        0        1      4023
...
000 (8580102.000.000) 11/23 17:22:30 Job submitted from host: <10.10.48.31:12542?addrs=10.10.48.31-12542>
...
001 (8580102.000.000) 11/23 17:22:31 Job executing on host: <10.10.48.41:20766?addrs=10.10.48.41-20766>
...
006 (8580102.000.000) 11/23 17:22:32 Image size of job updated: 190484
	0  -  MemoryUsage of job (MB)
	0  -  ResidentSetSize of job (KB)
...
005 (8580102.000.000) 11/23 17:22:32 Job terminated.
	(1) Normal termination (return value 0)
		Usr 0 00:00:00, Sys 0 00:00:00  -  Run Remote Usage
		Usr 0 00:00:00, Sys 0 00:00:00  -  Run Local Usage
		Usr 0 00:00:00, Sys 0 00:00:00  -  Total Remote Usage
		Usr 0 00:00:00, Sys 0 00:00:00  -  Total Local Usage
	0  -  Run Bytes Sent By Job
	0  -  Run Bytes Received By Job
	0  -  Total Bytes Sent By Job
	0  -  Total Bytes Received By Job
	Partitionable Resources :    Usage  Request Allocated
	   Cpus                 :                 1         1
	   Disk (KB)            :        1        1  16725821
	   Memory (MB)          :        0        1      4023
...
000 (8580251.000.000) 11/24 10:17:55 Job submitted from host: <10.10.48.31:12542?addrs=10.10.48.31-12542>
...
001 (8580251.000.000) 11/24 10:18:09 Job executing on host: <10.10.48.41:20766?addrs=10.10.48.41-20766>
...
006 (8580251.000.000) 11/24 10:18:17 Image size of job updated: 264708
	0  -  MemoryUsage of job (MB)
	0  -  ResidentSetSize of job (KB)
...
005 (8580251.000.000) 11/24 10:18:18 Job terminated.
	(1) Normal termination (return value 0)
		Usr 0 00:00:05, Sys 0 00:00:00  -  Run Remote Usage
		Usr 0 00:00:00, Sys 0 00:00:00  -  Run Local Usage
		Usr 0 00:00:05, Sys 0 00:00:00  -  Total Remote Usage
		Usr 0 00:00:00, Sys 0 00:00:00  -  Total Local Usage
	0  -  Run Bytes Sent By Job
	0  -  Run Bytes Received By Job
	0  -  Total Bytes Sent By Job
	0  -  Total Bytes Received By Job
	Partitionable Resources :    Usage  Request Allocated
	   Cpus                 :                 1         1
	   Disk (KB)            :        1        1  16725725
	   Memory (MB)          :        0        1      4023
...
000 (8580256.000.000) 11/24 10:20:50 Job submitted from host: <10.10.48.31:12542?addrs=10.10.48.31-12542>
...
001 (8580256.000.000) 11/24 10:20:52 Job executing on host: <10.10.48.41:20766?addrs=10.10.48.41-20766>
...
006 (8580256.000.000) 11/24 10:20:55 Image size of job updated: 198904
	0  -  MemoryUsage of job (MB)
	0  -  ResidentSetSize of job (KB)
...
005 (8580256.000.000) 11/24 10:20:55 Job terminated.
	(1) Normal termination (return value 0)
		Usr 0 00:00:03, Sys 0 00:00:00  -  Run Remote Usage
		Usr 0 00:00:00, Sys 0 00:00:00  -  Run Local Usage
		Usr 0 00:00:03, Sys 0 00:00:00  -  Total Remote Usage
		Usr 0 00:00:00, Sys 0 00:00:00  -  Total Local Usage
	0  -  Run Bytes Sent By Job
	0  -  Run Bytes Received By Job
	0  -  Total Bytes Sent By Job
	0  -  Total Bytes Received By Job
	Partitionable Resources :    Usage  Request Allocated
	   Cpus                 :                 1         1
	   Disk (KB)            :        1        1  16725719
	   Memory (MB)          :        0        1      4023
...
000 (8581679.000.000) 11/24 20:22:50 Job submitted from host: <10.10.48.31:12542?addrs=10.10.48.31-12542>
...
001 (8581679.000.000) 11/24 20:22:52 Job executing on host: <10.10.48.41:20766?addrs=10.10.48.41-20766>
...
006 (8581679.000.000) 11/24 20:22:53 Image size of job updated: 191572
	0  -  MemoryUsage of job (MB)
	0  -  ResidentSetSize of job (KB)
...
005 (8581679.000.000) 11/24 20:22:53 Job terminated.
	(1) Normal termination (return value 0)
		Usr 0 00:00:00, Sys 0 00:00:00  -  Run Remote Usage
		Usr 0 00:00:00, Sys 0 00:00:00  -  Run Local Usage
		Usr 0 00:00:00, Sys 0 00:00:00  -  Total Remote Usage
		Usr 0 00:00:00, Sys 0 00:00:00  -  Total Local Usage
	0  -  Run Bytes Sent By Job
	0  -  Run Bytes Received By Job
	0  -  Total Bytes Sent By Job
	0  -  Total Bytes Received By Job
	Partitionable Resources :    Usage  Request Allocated
	   Cpus                 :                 1         1
	   Disk (KB)            :        1        1  16725483
	   Memory (MB)          :        0        1      4023
...
000 (8581735.000.000) 11/24 20:31:05 Job submitted from host: <10.10.48.31:12542?addrs=10.10.48.31-12542>
...
001 (8581735.000.000) 11/24 20:31:06 Job executing on host: <10.10.48.41:20766?addrs=10.10.48.41-20766>
...
006 (8581735.000.000) 11/24 20:31:15 Image size of job updated: 175096
	29  -  MemoryUsage of job (MB)
	29444  -  ResidentSetSize of job (KB)
...
006 (8581735.000.000) 11/24 20:33:59 Image size of job updated: 201736
	29  -  MemoryUsage of job (MB)
	29444  -  ResidentSetSize of job (KB)
...
005 (8581735.000.000) 11/24 20:33:59 Job terminated.
	(1) Normal termination (return value 0)
		Usr 0 00:01:44, Sys 0 00:00:02  -  Run Remote Usage
		Usr 0 00:00:00, Sys 0 00:00:00  -  Run Local Usage
		Usr 0 00:01:44, Sys 0 00:00:02  -  Total Remote Usage
		Usr 0 00:00:00, Sys 0 00:00:00  -  Total Local Usage
	0  -  Run Bytes Sent By Job
	0  -  Run Bytes Received By Job
	0  -  Total Bytes Sent By Job
	0  -  Total Bytes Received By Job
	Partitionable Resources :    Usage  Request Allocated
	   Cpus                 :                 1         1
	   Disk (KB)            :        1        1  16725447
	   Memory (MB)          :       29        1      4023
...
000 (8581791.000.000) 11/24 20:41:16 Job submitted from host: <10.10.48.31:12542?addrs=10.10.48.31-12542>
...
001 (8581791.000.000) 11/24 20:41:17 Job executing on host: <10.10.48.41:20766?addrs=10.10.48.41-20766>
...
006 (8581791.000.000) 11/24 20:41:26 Image size of job updated: 201724
	41  -  MemoryUsage of job (MB)
	41896  -  ResidentSetSize of job (KB)
...
006 (8581791.000.000) 11/24 20:46:03 Image size of job updated: 201916
	41  -  MemoryUsage of job (MB)
	41896  -  ResidentSetSize of job (KB)
...
005 (8581791.000.000) 11/24 20:46:03 Job terminated.
	(1) Normal termination (return value 0)
		Usr 0 00:04:21, Sys 0 00:00:03  -  Run Remote Usage
		Usr 0 00:00:00, Sys 0 00:00:00  -  Run Local Usage
		Usr 0 00:04:21, Sys 0 00:00:03  -  Total Remote Usage
		Usr 0 00:00:00, Sys 0 00:00:00  -  Total Local Usage
	0  -  Run Bytes Sent By Job
	0  -  Run Bytes Received By Job
	0  -  Total Bytes Sent By Job
	0  -  Total Bytes Received By Job
	Partitionable Resources :    Usage  Request Allocated
	   Cpus                 :                 1         1
	   Disk (KB)            :        1        1  16725423
	   Memory (MB)          :       41        1      4023
...
000 (8739394.000.000) 11/29 19:23:00 Job submitted from host: <10.10.48.31:12542?addrs=10.10.48.31-12542>
...
001 (8739394.000.000) 11/29 19:23:00 Job executing on host: <10.10.48.41:20766?addrs=10.10.48.41-20766>
...
006 (8739394.000.000) 11/29 19:23:09 Image size of job updated: 202588
	43  -  MemoryUsage of job (MB)
	43452  -  ResidentSetSize of job (KB)
...
005 (8739394.000.000) 11/29 19:23:10 Job terminated.
	(1) Normal termination (return value 0)
		Usr 0 00:00:00, Sys 0 00:00:00  -  Run Remote Usage
		Usr 0 00:00:00, Sys 0 00:00:00  -  Run Local Usage
		Usr 0 00:00:00, Sys 0 00:00:00  -  Total Remote Usage
		Usr 0 00:00:00, Sys 0 00:00:00  -  Total Local Usage
	0  -  Run Bytes Sent By Job
	0  -  Run Bytes Received By Job
	0  -  Total Bytes Sent By Job
	0  -  Total Bytes Received By Job
	Partitionable Resources :    Usage  Request Allocated
	   Cpus                 :                 1         1
	   Disk (KB)            :        1        1  16724431
	   Memory (MB)          :       43        1      4023
...
000 (8739545.000.000) 11/29 19:34:18 Job submitted from host: <10.10.48.31:12542?addrs=10.10.48.31-12542>
...
001 (8739545.000.000) 11/29 19:34:27 Job executing on host: <10.10.48.41:20766?addrs=10.10.48.41-20766>
...
000 (8739601.000.000) 11/29 19:34:36 Job submitted from host: <10.10.48.31:12542?addrs=10.10.48.31-12542>
...
006 (8739545.000.000) 11/29 19:34:36 Image size of job updated: 183416
	32  -  MemoryUsage of job (MB)
	32516  -  ResidentSetSize of job (KB)
...
001 (8739601.000.000) 11/29 19:34:40 Job executing on host: <10.10.48.145:26377?addrs=10.10.48.145-26377>
...
000 (8739606.000.000) 11/29 19:34:42 Job submitted from host: <10.10.48.31:12542?addrs=10.10.48.31-12542>
...
001 (8739606.000.000) 11/29 19:34:47 Job executing on host: <10.10.48.145:26377?addrs=10.10.48.145-26377>
...
006 (8739601.000.000) 11/29 19:34:49 Image size of job updated: 183156
	32  -  MemoryUsage of job (MB)
	32388  -  ResidentSetSize of job (KB)
...
006 (8739606.000.000) 11/29 19:34:56 Image size of job updated: 183344
	33  -  MemoryUsage of job (MB)
	33672  -  ResidentSetSize of job (KB)
...
006 (8739606.000.000) 11/29 19:37:08 Image size of job updated: 203052
	33  -  MemoryUsage of job (MB)
	33672  -  ResidentSetSize of job (KB)
...
005 (8739606.000.000) 11/29 19:37:08 Job terminated.
	(1) Normal termination (return value 0)
		Usr 0 00:01:07, Sys 0 00:00:01  -  Run Remote Usage
		Usr 0 00:00:00, Sys 0 00:00:00  -  Run Local Usage
		Usr 0 00:01:07, Sys 0 00:00:01  -  Total Remote Usage
		Usr 0 00:00:00, Sys 0 00:00:00  -  Total Local Usage
	0  -  Run Bytes Sent By Job
	0  -  Run Bytes Received By Job
	0  -  Total Bytes Sent By Job
	0  -  Total Bytes Received By Job
	Partitionable Resources :    Usage  Request Allocated
	   Cpus                 :                 1         1
	   Disk (KB)            :        1        1  13384175
	   Memory (MB)          :       33        1      6441
...
006 (8739545.000.000) 11/29 19:37:09 Image size of job updated: 202936
	32  -  MemoryUsage of job (MB)
	32516  -  ResidentSetSize of job (KB)
...
005 (8739545.000.000) 11/29 19:37:09 Job terminated.
	(1) Normal termination (return value 0)
		Usr 0 00:00:50, Sys 0 00:00:01  -  Run Remote Usage
		Usr 0 00:00:00, Sys 0 00:00:00  -  Run Local Usage
		Usr 0 00:00:50, Sys 0 00:00:01  -  Total Remote Usage
		Usr 0 00:00:00, Sys 0 00:00:00  -  Total Local Usage
	0  -  Run Bytes Sent By Job
	0  -  Run Bytes Received By Job
	0  -  Total Bytes Sent By Job
	0  -  Total Bytes Received By Job
	Partitionable Resources :    Usage  Request Allocated
	   Cpus                 :                 1         1
	   Disk (KB)            :        1        1  16724406
	   Memory (MB)          :       32        1      4023
...
006 (8739601.000.000) 11/29 19:37:29 Image size of job updated: 203228
	32  -  MemoryUsage of job (MB)
	32388  -  ResidentSetSize of job (KB)
...
005 (8739601.000.000) 11/29 19:37:29 Job terminated.
	(1) Normal termination (return value 0)
		Usr 0 00:01:02, Sys 0 00:00:01  -  Run Remote Usage
		Usr 0 00:00:00, Sys 0 00:00:00  -  Run Local Usage
		Usr 0 00:01:02, Sys 0 00:00:01  -  Total Remote Usage
		Usr 0 00:00:00, Sys 0 00:00:00  -  Total Local Usage
	0  -  Run Bytes Sent By Job
	0  -  Run Bytes Received By Job
	0  -  Total Bytes Sent By Job
	0  -  Total Bytes Received By Job
	Partitionable Resources :    Usage  Request Allocated
	   Cpus                 :                 1         1
	   Disk (KB)            :        1        1  13384175
	   Memory (MB)          :       32        1      6441
...
000 (8740366.000.000) 11/29 20:51:01 Job submitted from host: <10.10.48.31:12542?addrs=10.10.48.31-12542>
...
001 (8740366.000.000) 11/29 20:51:03 Job executing on host: <10.10.48.41:20766?addrs=10.10.48.41-20766>
...
006 (8740366.000.000) 11/29 20:51:12 Image size of job updated: 201436
	43  -  MemoryUsage of job (MB)
	43152  -  ResidentSetSize of job (KB)
...
006 (8740366.000.000) 11/29 20:51:20 Image size of job updated: 202884
	43  -  MemoryUsage of job (MB)
	43152  -  ResidentSetSize of job (KB)
...
005 (8740366.000.000) 11/29 20:51:20 Job terminated.
	(1) Normal termination (return value 0)
		Usr 0 00:00:08, Sys 0 00:00:00  -  Run Remote Usage
		Usr 0 00:00:00, Sys 0 00:00:00  -  Run Local Usage
		Usr 0 00:00:08, Sys 0 00:00:00  -  Total Remote Usage
		Usr 0 00:00:00, Sys 0 00:00:00  -  Total Local Usage
	0  -  Run Bytes Sent By Job
	0  -  Run Bytes Received By Job
	0  -  Total Bytes Sent By Job
	0  -  Total Bytes Received By Job
	Partitionable Resources :    Usage  Request Allocated
	   Cpus                 :                 1         1
	   Disk (KB)            :        1        1  16724676
	   Memory (MB)          :       43        1      4023
...
000 (8740468.000.000) 11/29 20:52:25 Job submitted from host: <10.10.48.31:12542?addrs=10.10.48.31-12542>
...
001 (8740468.000.000) 11/29 20:52:26 Job executing on host: <10.10.48.41:20766?addrs=10.10.48.41-20766>
...
006 (8740468.000.000) 11/29 20:52:35 Image size of job updated: 1
	2  -  MemoryUsage of job (MB)
	1816  -  ResidentSetSize of job (KB)
...
000 (8740591.000.000) 11/29 20:53:46 Job submitted from host: <10.10.48.31:12542?addrs=10.10.48.31-12542>
...
001 (8740591.000.000) 11/29 20:53:50 Job executing on host: <10.10.48.41:20766?addrs=10.10.48.41-20766>
...
000 (8740596.000.000) 11/29 20:53:56 Job submitted from host: <10.10.48.31:12542?addrs=10.10.48.31-12542>
...
006 (8740591.000.000) 11/29 20:53:58 Image size of job updated: 183424
	34  -  MemoryUsage of job (MB)
	33876  -  ResidentSetSize of job (KB)
...
001 (8740596.000.000) 11/29 20:53:58 Job executing on host: <10.10.48.141:50603?addrs=10.10.48.141-50603>
...
006 (8740596.000.000) 11/29 20:54:07 Image size of job updated: 183156
	33  -  MemoryUsage of job (MB)
	33692  -  ResidentSetSize of job (KB)
...
006 (8740468.000.000) 11/29 20:56:05 Image size of job updated: 202976
	2  -  MemoryUsage of job (MB)
	1816  -  ResidentSetSize of job (KB)
...
005 (8740468.000.000) 11/29 20:56:06 Job terminated.
	(1) Normal termination (return value 0)
		Usr 0 00:01:50, Sys 0 00:00:02  -  Run Remote Usage
		Usr 0 00:00:00, Sys 0 00:00:00  -  Run Local Usage
		Usr 0 00:01:50, Sys 0 00:00:02  -  Total Remote Usage
		Usr 0 00:00:00, Sys 0 00:00:00  -  Total Local Usage
	0  -  Run Bytes Sent By Job
	0  -  Run Bytes Received By Job
	0  -  Total Bytes Sent By Job
	0  -  Total Bytes Received By Job
	Partitionable Resources :    Usage  Request Allocated
	   Cpus                 :                 1         1
	   Disk (KB)            :        1        1  16724691
	   Memory (MB)          :        2        1      4023
...
006 (8740591.000.000) 11/29 20:58:34 Image size of job updated: 203024
	34  -  MemoryUsage of job (MB)
	33876  -  ResidentSetSize of job (KB)
...
005 (8740591.000.000) 11/29 20:58:34 Job terminated.
	(1) Normal termination (return value 0)
		Usr 0 00:01:44, Sys 0 00:00:02  -  Run Remote Usage
		Usr 0 00:00:00, Sys 0 00:00:00  -  Run Local Usage
		Usr 0 00:01:44, Sys 0 00:00:02  -  Total Remote Usage
		Usr 0 00:00:00, Sys 0 00:00:00  -  Total Local Usage
	0  -  Run Bytes Sent By Job
	0  -  Run Bytes Received By Job
	0  -  Total Bytes Sent By Job
	0  -  Total Bytes Received By Job
	Partitionable Resources :    Usage  Request Allocated
	   Cpus                 :                 1         1
	   Disk (KB)            :        1        1  16724684
	   Memory (MB)          :       34        1      4023
...
006 (8740596.000.000) 11/29 20:59:08 Image size of job updated: 203180
	44  -  MemoryUsage of job (MB)
	44264  -  ResidentSetSize of job (KB)
...
005 (8740596.000.000) 11/29 21:00:10 Job terminated.
	(1) Normal termination (return value 0)
		Usr 0 00:01:41, Sys 0 00:00:02  -  Run Remote Usage
		Usr 0 00:00:00, Sys 0 00:00:00  -  Run Local Usage
		Usr 0 00:01:41, Sys 0 00:00:02  -  Total Remote Usage
		Usr 0 00:00:00, Sys 0 00:00:00  -  Total Local Usage
	0  -  Run Bytes Sent By Job
	0  -  Run Bytes Received By Job
	0  -  Total Bytes Sent By Job
	0  -  Total Bytes Received By Job
	Partitionable Resources :    Usage  Request Allocated
	   Cpus                 :                 1         1
	   Disk (KB)            :        1        1  13376527
	   Memory (MB)          :       44        1      6441
...
