000 (8513126.000.000) 11/20 20:04:41 Job submitted from host: <10.10.48.31:12542?addrs=10.10.48.31-12542>
...
001 (8513126.000.000) 11/20 20:04:51 Job executing on host: <10.10.48.141:50603?addrs=10.10.48.141-50603>
...
006 (8513126.000.000) 11/20 20:04:52 Image size of job updated: 175912
	0  -  MemoryUsage of job (MB)
	0  -  ResidentSetSize of job (KB)
...
005 (8513126.000.000) 11/20 20:04:54 Job terminated.
	(1) Normal termination (return value 1)
		Usr 0 00:00:00, Sys 0 00:00:00  -  Run Remote Usage
		Usr 0 00:00:00, Sys 0 00:00:00  -  Run Local Usage
		Usr 0 00:00:00, Sys 0 00:00:00  -  Total Remote Usage
		Usr 0 00:00:00, Sys 0 00:00:00  -  Total Local Usage
	0  -  Run Bytes Sent By Job
	0  -  Run Bytes Received By Job
	0  -  Total Bytes Sent By Job
	0  -  Total Bytes Received By Job
	Partitionable Resources :    Usage  Request Allocated
	   Cpus                 :                 1         1
	   Disk (KB)            :        1        1  13023452
	   Memory (MB)          :        0        1      6441
...
000 (8513192.000.000) 11/20 20:06:17 Job submitted from host: <10.10.48.31:12542?addrs=10.10.48.31-12542>
...
001 (8513192.000.000) 11/20 20:06:35 Job executing on host: <10.10.48.141:50603?addrs=10.10.48.141-50603>
...
006 (8513192.000.000) 11/20 20:06:44 Image size of job updated: 261964
	60  -  MemoryUsage of job (MB)
	60924  -  ResidentSetSize of job (KB)
...
006 (8513192.000.000) 11/20 20:07:12 Image size of job updated: 268744
	60  -  MemoryUsage of job (MB)
	60924  -  ResidentSetSize of job (KB)
...
005 (8513192.000.000) 11/20 20:07:12 Job terminated.
	(1) Normal termination (return value 0)
		Usr 0 00:00:18, Sys 0 00:00:00  -  Run Remote Usage
		Usr 0 00:00:00, Sys 0 00:00:00  -  Run Local Usage
		Usr 0 00:00:18, Sys 0 00:00:00  -  Total Remote Usage
		Usr 0 00:00:00, Sys 0 00:00:00  -  Total Local Usage
	0  -  Run Bytes Sent By Job
	0  -  Run Bytes Received By Job
	0  -  Total Bytes Sent By Job
	0  -  Total Bytes Received By Job
	Partitionable Resources :    Usage  Request Allocated
	   Cpus                 :                 1         1
	   Disk (KB)            :        1        1  13070904
	   Memory (MB)          :       60        1      6441
...
000 (8568150.000.000) 11/23 10:24:45 Job submitted from host: <10.10.48.31:12542?addrs=10.10.48.31-12542>
...
001 (8568150.000.000) 11/23 10:24:51 Job executing on host: <10.10.48.41:20766?addrs=10.10.48.41-20766>
...
006 (8568150.000.000) 11/23 10:24:52 Image size of job updated: 191576
	0  -  MemoryUsage of job (MB)
	0  -  ResidentSetSize of job (KB)
...
005 (8568150.000.000) 11/23 10:24:52 Job terminated.
	(1) Normal termination (return value 0)
		Usr 0 00:00:00, Sys 0 00:00:00  -  Run Remote Usage
		Usr 0 00:00:00, Sys 0 00:00:00  -  Run Local Usage
		Usr 0 00:00:00, Sys 0 00:00:00  -  Total Remote Usage
		Usr 0 00:00:00, Sys 0 00:00:00  -  Total Local Usage
	0  -  Run Bytes Sent By Job
	0  -  Run Bytes Received By Job
	0  -  Total Bytes Sent By Job
	0  -  Total Bytes Received By Job
	Partitionable Resources :    Usage  Request Allocated
	   Cpus                 :                 1         1
	   Disk (KB)            :        1        1  16725580
	   Memory (MB)          :        0        1      4023
...
000 (8568998.000.000) 11/23 10:45:22 Job submitted from host: <10.10.48.31:12542?addrs=10.10.48.31-12542>
...
001 (8568998.000.000) 11/23 10:45:36 Job executing on host: <10.10.48.41:20766?addrs=10.10.48.41-20766>
...
006 (8568998.000.000) 11/23 10:45:45 Image size of job updated: 268408
	99  -  MemoryUsage of job (MB)
	100896  -  ResidentSetSize of job (KB)
...
006 (8568998.000.000) 11/23 10:46:09 Image size of job updated: 268704
	99  -  MemoryUsage of job (MB)
	100896  -  ResidentSetSize of job (KB)
...
005 (8568998.000.000) 11/23 10:46:09 Job terminated.
	(1) Normal termination (return value 0)
		Usr 0 00:00:13, Sys 0 00:00:00  -  Run Remote Usage
		Usr 0 00:00:00, Sys 0 00:00:00  -  Run Local Usage
		Usr 0 00:00:13, Sys 0 00:00:00  -  Total Remote Usage
		Usr 0 00:00:00, Sys 0 00:00:00  -  Total Local Usage
	0  -  Run Bytes Sent By Job
	0  -  Run Bytes Received By Job
	0  -  Total Bytes Sent By Job
	0  -  Total Bytes Received By Job
	Partitionable Resources :    Usage  Request Allocated
	   Cpus                 :                 1         1
	   Disk (KB)            :        1        1  16725459
	   Memory (MB)          :       99        1      4023
...
000 (8569552.000.000) 11/23 10:57:29 Job submitted from host: <10.10.48.31:12542?addrs=10.10.48.31-12542>
...
001 (8569552.000.000) 11/23 10:57:30 Job executing on host: <10.10.48.41:20766?addrs=10.10.48.41-20766>
...
006 (8569552.000.000) 11/23 10:57:38 Image size of job updated: 268884
	103  -  MemoryUsage of job (MB)
	104452  -  ResidentSetSize of job (KB)
...
005 (8569552.000.000) 11/23 10:57:45 Job terminated.
	(1) Normal termination (return value 0)
		Usr 0 00:00:13, Sys 0 00:00:00  -  Run Remote Usage
		Usr 0 00:00:00, Sys 0 00:00:00  -  Run Local Usage
		Usr 0 00:00:13, Sys 0 00:00:00  -  Total Remote Usage
		Usr 0 00:00:00, Sys 0 00:00:00  -  Total Local Usage
	0  -  Run Bytes Sent By Job
	0  -  Run Bytes Received By Job
	0  -  Total Bytes Sent By Job
	0  -  Total Bytes Received By Job
	Partitionable Resources :    Usage  Request Allocated
	   Cpus                 :                 1         1
	   Disk (KB)            :        1        1  16725954
	   Memory (MB)          :      103        1      4023
...
000 (8577503.000.000) 11/23 15:06:24 Job submitted from host: <10.10.48.31:12542?addrs=10.10.48.31-12542>
...
001 (8577503.000.000) 11/23 15:06:29 Job executing on host: <10.10.48.41:20766?addrs=10.10.48.41-20766>
...
006 (8577503.000.000) 11/23 15:06:38 Image size of job updated: 268732
	104  -  MemoryUsage of job (MB)
	106332  -  ResidentSetSize of job (KB)
...
005 (8577503.000.000) 11/23 15:06:47 Job terminated.
	(1) Normal termination (return value 0)
		Usr 0 00:00:14, Sys 0 00:00:00  -  Run Remote Usage
		Usr 0 00:00:00, Sys 0 00:00:00  -  Run Local Usage
		Usr 0 00:00:14, Sys 0 00:00:00  -  Total Remote Usage
		Usr 0 00:00:00, Sys 0 00:00:00  -  Total Local Usage
	0  -  Run Bytes Sent By Job
	0  -  Run Bytes Received By Job
	0  -  Total Bytes Sent By Job
	0  -  Total Bytes Received By Job
	Partitionable Resources :    Usage  Request Allocated
	   Cpus                 :                 1         1
	   Disk (KB)            :        1        1  16724561
	   Memory (MB)          :      104        1      4023
...
000 (8580096.000.000) 11/23 16:48:53 Job submitted from host: <10.10.48.31:12542?addrs=10.10.48.31-12542>
...
001 (8580096.000.000) 11/23 16:49:10 Job executing on host: <10.10.48.41:20766?addrs=10.10.48.41-20766>
...
006 (8580096.000.000) 11/23 16:49:11 Image size of job updated: 192152
	0  -  MemoryUsage of job (MB)
	0  -  ResidentSetSize of job (KB)
...
005 (8580096.000.000) 11/23 16:49:11 Job terminated.
	(1) Normal termination (return value 0)
		Usr 0 00:00:00, Sys 0 00:00:00  -  Run Remote Usage
		Usr 0 00:00:00, Sys 0 00:00:00  -  Run Local Usage
		Usr 0 00:00:00, Sys 0 00:00:00  -  Total Remote Usage
		Usr 0 00:00:00, Sys 0 00:00:00  -  Total Local Usage
	0  -  Run Bytes Sent By Job
	0  -  Run Bytes Received By Job
	0  -  Total Bytes Sent By Job
	0  -  Total Bytes Received By Job
	Partitionable Resources :    Usage  Request Allocated
	   Cpus                 :                 1         1
	   Disk (KB)            :        1        1  16725849
	   Memory (MB)          :        0        1      4023
...
000 (8580106.000.000) 11/23 17:22:31 Job submitted from host: <10.10.48.31:12542?addrs=10.10.48.31-12542>
...
001 (8580106.000.000) 11/23 17:22:32 Job executing on host: <10.10.48.41:20766?addrs=10.10.48.41-20766>
...
006 (8580106.000.000) 11/23 17:22:32 Image size of job updated: 192160
	0  -  MemoryUsage of job (MB)
	0  -  ResidentSetSize of job (KB)
...
005 (8580106.000.000) 11/23 17:22:32 Job terminated.
	(1) Normal termination (return value 0)
		Usr 0 00:00:00, Sys 0 00:00:00  -  Run Remote Usage
		Usr 0 00:00:00, Sys 0 00:00:00  -  Run Local Usage
		Usr 0 00:00:00, Sys 0 00:00:00  -  Total Remote Usage
		Usr 0 00:00:00, Sys 0 00:00:00  -  Total Local Usage
	0  -  Run Bytes Sent By Job
	0  -  Run Bytes Received By Job
	0  -  Total Bytes Sent By Job
	0  -  Total Bytes Received By Job
	Partitionable Resources :    Usage  Request Allocated
	   Cpus                 :                 1         1
	   Disk (KB)            :        1        1  16725821
	   Memory (MB)          :        0        1      4023
...
000 (8580255.000.000) 11/24 10:17:55 Job submitted from host: <10.10.48.31:12542?addrs=10.10.48.31-12542>
...
001 (8580255.000.000) 11/24 10:18:09 Job executing on host: <10.10.48.41:20766?addrs=10.10.48.41-20766>
...
006 (8580255.000.000) 11/24 10:18:16 Image size of job updated: 263496
	0  -  MemoryUsage of job (MB)
	0  -  ResidentSetSize of job (KB)
...
005 (8580255.000.000) 11/24 10:18:16 Job terminated.
	(1) Normal termination (return value 0)
		Usr 0 00:00:05, Sys 0 00:00:00  -  Run Remote Usage
		Usr 0 00:00:00, Sys 0 00:00:00  -  Run Local Usage
		Usr 0 00:00:05, Sys 0 00:00:00  -  Total Remote Usage
		Usr 0 00:00:00, Sys 0 00:00:00  -  Total Local Usage
	0  -  Run Bytes Sent By Job
	0  -  Run Bytes Received By Job
	0  -  Total Bytes Sent By Job
	0  -  Total Bytes Received By Job
	Partitionable Resources :    Usage  Request Allocated
	   Cpus                 :                 1         1
	   Disk (KB)            :        1        1  16725725
	   Memory (MB)          :        0        1      4023
...
000 (8580260.000.000) 11/24 10:20:51 Job submitted from host: <10.10.48.31:12542?addrs=10.10.48.31-12542>
...
001 (8580260.000.000) 11/24 10:20:52 Job executing on host: <10.10.48.41:20766?addrs=10.10.48.41-20766>
...
006 (8580260.000.000) 11/24 10:21:00 Image size of job updated: 268764
	0  -  MemoryUsage of job (MB)
	0  -  ResidentSetSize of job (KB)
...
005 (8580260.000.000) 11/24 10:21:00 Job terminated.
	(1) Normal termination (return value 0)
		Usr 0 00:00:04, Sys 0 00:00:00  -  Run Remote Usage
		Usr 0 00:00:00, Sys 0 00:00:00  -  Run Local Usage
		Usr 0 00:00:04, Sys 0 00:00:00  -  Total Remote Usage
		Usr 0 00:00:00, Sys 0 00:00:00  -  Total Local Usage
	0  -  Run Bytes Sent By Job
	0  -  Run Bytes Received By Job
	0  -  Total Bytes Sent By Job
	0  -  Total Bytes Received By Job
	Partitionable Resources :    Usage  Request Allocated
	   Cpus                 :                 1         1
	   Disk (KB)            :        1        1  16725709
	   Memory (MB)          :        0        1      4023
...
000 (8581683.000.000) 11/24 20:22:51 Job submitted from host: <10.10.48.31:12542?addrs=10.10.48.31-12542>
...
001 (8581683.000.000) 11/24 20:22:52 Job executing on host: <10.10.48.41:20766?addrs=10.10.48.41-20766>
...
006 (8581683.000.000) 11/24 20:22:53 Image size of job updated: 190972
	0  -  MemoryUsage of job (MB)
	0  -  ResidentSetSize of job (KB)
...
005 (8581683.000.000) 11/24 20:22:53 Job terminated.
	(1) Normal termination (return value 0)
		Usr 0 00:00:00, Sys 0 00:00:00  -  Run Remote Usage
		Usr 0 00:00:00, Sys 0 00:00:00  -  Run Local Usage
		Usr 0 00:00:00, Sys 0 00:00:00  -  Total Remote Usage
		Usr 0 00:00:00, Sys 0 00:00:00  -  Total Local Usage
	0  -  Run Bytes Sent By Job
	0  -  Run Bytes Received By Job
	0  -  Total Bytes Sent By Job
	0  -  Total Bytes Received By Job
	Partitionable Resources :    Usage  Request Allocated
	   Cpus                 :                 1         1
	   Disk (KB)            :        1        1  16725484
	   Memory (MB)          :        0        1      4023
...
000 (8581739.000.000) 11/24 20:31:06 Job submitted from host: <10.10.48.31:12542?addrs=10.10.48.31-12542>
...
001 (8581739.000.000) 11/24 20:31:28 Job executing on host: <10.10.48.41:20766?addrs=10.10.48.41-20766>
...
006 (8581739.000.000) 11/24 20:31:36 Image size of job updated: 183512
	32  -  MemoryUsage of job (MB)
	32564  -  ResidentSetSize of job (KB)
...
006 (8581739.000.000) 11/24 20:36:36 Image size of job updated: 201912
	42  -  MemoryUsage of job (MB)
	42268  -  ResidentSetSize of job (KB)
...
005 (8581739.000.000) 11/24 20:36:53 Job terminated.
	(1) Normal termination (return value 0)
		Usr 0 00:03:07, Sys 0 00:00:04  -  Run Remote Usage
		Usr 0 00:00:00, Sys 0 00:00:00  -  Run Local Usage
		Usr 0 00:03:07, Sys 0 00:00:04  -  Total Remote Usage
		Usr 0 00:00:00, Sys 0 00:00:00  -  Total Local Usage
	0  -  Run Bytes Sent By Job
	0  -  Run Bytes Received By Job
	0  -  Total Bytes Sent By Job
	0  -  Total Bytes Received By Job
	Partitionable Resources :    Usage  Request Allocated
	   Cpus                 :                 1         1
	   Disk (KB)            :        1        1  16725427
	   Memory (MB)          :       42        1      4023
...
000 (8581795.000.000) 11/24 20:41:17 Job submitted from host: <10.10.48.31:12542?addrs=10.10.48.31-12542>
...
001 (8581795.000.000) 11/24 20:41:17 Job executing on host: <10.10.48.41:20766?addrs=10.10.48.41-20766>
...
006 (8581795.000.000) 11/24 20:41:21 Image size of job updated: 180392
	0  -  MemoryUsage of job (MB)
	0  -  ResidentSetSize of job (KB)
...
005 (8581795.000.000) 11/24 20:41:21 Job terminated.
	(1) Normal termination (return value 0)
		Usr 0 00:00:00, Sys 0 00:00:00  -  Run Remote Usage
		Usr 0 00:00:00, Sys 0 00:00:00  -  Run Local Usage
		Usr 0 00:00:00, Sys 0 00:00:00  -  Total Remote Usage
		Usr 0 00:00:00, Sys 0 00:00:00  -  Total Local Usage
	0  -  Run Bytes Sent By Job
	0  -  Run Bytes Received By Job
	0  -  Total Bytes Sent By Job
	0  -  Total Bytes Received By Job
	Partitionable Resources :    Usage  Request Allocated
	   Cpus                 :                 1         1
	   Disk (KB)            :        1        1  16725424
	   Memory (MB)          :        0        1      4023
...
000 (8739398.000.000) 11/29 19:23:00 Job submitted from host: <10.10.48.31:12542?addrs=10.10.48.31-12542>
...
001 (8739398.000.000) 11/29 19:23:01 Job executing on host: <10.10.48.41:20766?addrs=10.10.48.41-20766>
...
006 (8739398.000.000) 11/29 19:23:09 Image size of job updated: 183432
	33  -  MemoryUsage of job (MB)
	33672  -  ResidentSetSize of job (KB)
...
006 (8739398.000.000) 11/29 19:26:11 Image size of job updated: 202920
	33  -  MemoryUsage of job (MB)
	33672  -  ResidentSetSize of job (KB)
...
005 (8739398.000.000) 11/29 19:26:11 Job terminated.
	(1) Normal termination (return value 0)
		Usr 0 00:00:43, Sys 0 00:00:01  -  Run Remote Usage
		Usr 0 00:00:00, Sys 0 00:00:00  -  Run Local Usage
		Usr 0 00:00:43, Sys 0 00:00:01  -  Total Remote Usage
		Usr 0 00:00:00, Sys 0 00:00:00  -  Total Local Usage
	0  -  Run Bytes Sent By Job
	0  -  Run Bytes Received By Job
	0  -  Total Bytes Sent By Job
	0  -  Total Bytes Received By Job
	Partitionable Resources :    Usage  Request Allocated
	   Cpus                 :                 1         1
	   Disk (KB)            :        1        1  16724438
	   Memory (MB)          :       33        1      4023
...
000 (8739549.000.000) 11/29 19:34:18 Job submitted from host: <10.10.48.31:12542?addrs=10.10.48.31-12542>
...
001 (8739549.000.000) 11/29 19:34:28 Job executing on host: <10.10.48.41:20766?addrs=10.10.48.41-20766>
...
006 (8739549.000.000) 11/29 19:34:36 Image size of job updated: 183220
	32  -  MemoryUsage of job (MB)
	32552  -  ResidentSetSize of job (KB)
...
000 (8739605.000.000) 11/29 19:34:37 Job submitted from host: <10.10.48.31:12542?addrs=10.10.48.31-12542>
...
000 (8739610.000.000) 11/29 19:34:42 Job submitted from host: <10.10.48.31:12542?addrs=10.10.48.31-12542>
...
001 (8739605.000.000) 11/29 19:34:46 Job executing on host: <10.10.48.141:50603?addrs=10.10.48.141-50603>
...
001 (8739610.000.000) 11/29 19:34:48 Job executing on host: <10.10.48.145:26377?addrs=10.10.48.145-26377>
...
006 (8739605.000.000) 11/29 19:34:55 Image size of job updated: 183408
	34  -  MemoryUsage of job (MB)
	34044  -  ResidentSetSize of job (KB)
...
006 (8739610.000.000) 11/29 19:34:57 Image size of job updated: 202724
	43  -  MemoryUsage of job (MB)
	43672  -  ResidentSetSize of job (KB)
...
005 (8739610.000.000) 11/29 19:34:57 Job terminated.
	(1) Normal termination (return value 0)
		Usr 0 00:00:01, Sys 0 00:00:00  -  Run Remote Usage
		Usr 0 00:00:00, Sys 0 00:00:00  -  Run Local Usage
		Usr 0 00:00:01, Sys 0 00:00:00  -  Total Remote Usage
		Usr 0 00:00:00, Sys 0 00:00:00  -  Total Local Usage
	0  -  Run Bytes Sent By Job
	0  -  Run Bytes Received By Job
	0  -  Total Bytes Sent By Job
	0  -  Total Bytes Received By Job
	Partitionable Resources :    Usage  Request Allocated
	   Cpus                 :                 1         1
	   Disk (KB)            :        1        1  13384175
	   Memory (MB)          :       43        1      6441
...
006 (8739605.000.000) 11/29 19:38:04 Image size of job updated: 203056
	34  -  MemoryUsage of job (MB)
	34044  -  ResidentSetSize of job (KB)
...
005 (8739605.000.000) 11/29 19:38:04 Job terminated.
	(1) Normal termination (return value 0)
		Usr 0 00:01:08, Sys 0 00:00:01  -  Run Remote Usage
		Usr 0 00:00:00, Sys 0 00:00:00  -  Run Local Usage
		Usr 0 00:01:08, Sys 0 00:00:01  -  Total Remote Usage
		Usr 0 00:00:00, Sys 0 00:00:00  -  Total Local Usage
	0  -  Run Bytes Sent By Job
	0  -  Run Bytes Received By Job
	0  -  Total Bytes Sent By Job
	0  -  Total Bytes Received By Job
	Partitionable Resources :    Usage  Request Allocated
	   Cpus                 :                 1         1
	   Disk (KB)            :        1        1  13376597
	   Memory (MB)          :       34        1      6441
...
006 (8739549.000.000) 11/29 19:39:36 Image size of job updated: 203448
	43  -  MemoryUsage of job (MB)
	43392  -  ResidentSetSize of job (KB)
...
005 (8739549.000.000) 11/29 19:39:36 Job terminated.
	(1) Normal termination (return value 0)
		Usr 0 00:01:37, Sys 0 00:00:02  -  Run Remote Usage
		Usr 0 00:00:00, Sys 0 00:00:00  -  Run Local Usage
		Usr 0 00:01:37, Sys 0 00:00:02  -  Total Remote Usage
		Usr 0 00:00:00, Sys 0 00:00:00  -  Total Local Usage
	0  -  Run Bytes Sent By Job
	0  -  Run Bytes Received By Job
	0  -  Total Bytes Sent By Job
	0  -  Total Bytes Received By Job
	Partitionable Resources :    Usage  Request Allocated
	   Cpus                 :                 1         1
	   Disk (KB)            :        1        1  16724406
	   Memory (MB)          :       43        1      4023
...
000 (8740370.000.000) 11/29 20:51:02 Job submitted from host: <10.10.48.31:12542?addrs=10.10.48.31-12542>
...
001 (8740370.000.000) 11/29 20:51:04 Job executing on host: <10.10.48.41:20766?addrs=10.10.48.41-20766>
...
006 (8740370.000.000) 11/29 20:51:12 Image size of job updated: 183428
	34  -  MemoryUsage of job (MB)
	33956  -  ResidentSetSize of job (KB)
...
000 (8740472.000.000) 11/29 20:52:25 Job submitted from host: <10.10.48.31:12542?addrs=10.10.48.31-12542>
...
001 (8740472.000.000) 11/29 20:52:26 Job executing on host: <10.10.48.141:50603?addrs=10.10.48.141-50603>
...
006 (8740472.000.000) 11/29 20:52:34 Image size of job updated: 183208
	34  -  MemoryUsage of job (MB)
	34052  -  ResidentSetSize of job (KB)
...
000 (8740595.000.000) 11/29 20:53:46 Job submitted from host: <10.10.48.31:12542?addrs=10.10.48.31-12542>
...
001 (8740595.000.000) 11/29 20:53:50 Job executing on host: <10.10.48.139:49429?addrs=10.10.48.139-49429>
...
000 (8740600.000.000) 11/29 20:53:57 Job submitted from host: <10.10.48.31:12542?addrs=10.10.48.31-12542>
...
006 (8740595.000.000) 11/29 20:53:59 Image size of job updated: 1
	2  -  MemoryUsage of job (MB)
	1860  -  ResidentSetSize of job (KB)
...
001 (8740600.000.000) 11/29 20:54:11 Job executing on host: <10.10.48.139:49429?addrs=10.10.48.139-49429>
...
006 (8740600.000.000) 11/29 20:54:19 Image size of job updated: 202916
	42  -  MemoryUsage of job (MB)
	42304  -  ResidentSetSize of job (KB)
...
005 (8740600.000.000) 11/29 20:54:21 Job terminated.
	(1) Normal termination (return value 0)
		Usr 0 00:00:01, Sys 0 00:00:00  -  Run Remote Usage
		Usr 0 00:00:00, Sys 0 00:00:00  -  Run Local Usage
		Usr 0 00:00:01, Sys 0 00:00:00  -  Total Remote Usage
		Usr 0 00:00:00, Sys 0 00:00:00  -  Total Local Usage
	0  -  Run Bytes Sent By Job
	0  -  Run Bytes Received By Job
	0  -  Total Bytes Sent By Job
	0  -  Total Bytes Received By Job
	Partitionable Resources :    Usage  Request Allocated
	   Cpus                 :                 1         1
	   Disk (KB)            :        1        1  13385369
	   Memory (MB)          :       42        1      6441
...
006 (8740370.000.000) 11/29 20:56:12 Image size of job updated: 203052
	44  -  MemoryUsage of job (MB)
	44684  -  ResidentSetSize of job (KB)
...
005 (8740370.000.000) 11/29 20:56:20 Job terminated.
	(1) Normal termination (return value 0)
		Usr 0 00:01:39, Sys 0 00:00:02  -  Run Remote Usage
		Usr 0 00:00:00, Sys 0 00:00:00  -  Run Local Usage
		Usr 0 00:01:39, Sys 0 00:00:02  -  Total Remote Usage
		Usr 0 00:00:00, Sys 0 00:00:00  -  Total Local Usage
	0  -  Run Bytes Sent By Job
	0  -  Run Bytes Received By Job
	0  -  Total Bytes Sent By Job
	0  -  Total Bytes Received By Job
	Partitionable Resources :    Usage  Request Allocated
	   Cpus                 :                 1         1
	   Disk (KB)            :        1        1  16724674
	   Memory (MB)          :       44        1      4023
...
006 (8740472.000.000) 11/29 20:57:34 Image size of job updated: 203300
	44  -  MemoryUsage of job (MB)
	44180  -  ResidentSetSize of job (KB)
...
006 (8740595.000.000) 11/29 20:58:01 Image size of job updated: 202984
	2  -  MemoryUsage of job (MB)
	1860  -  ResidentSetSize of job (KB)
...
005 (8740595.000.000) 11/29 20:58:01 Job terminated.
	(1) Normal termination (return value 0)
		Usr 0 00:01:14, Sys 0 00:00:01  -  Run Remote Usage
		Usr 0 00:00:00, Sys 0 00:00:00  -  Run Local Usage
		Usr 0 00:01:14, Sys 0 00:00:01  -  Total Remote Usage
		Usr 0 00:00:00, Sys 0 00:00:00  -  Total Local Usage
	0  -  Run Bytes Sent By Job
	0  -  Run Bytes Received By Job
	0  -  Total Bytes Sent By Job
	0  -  Total Bytes Received By Job
	Partitionable Resources :    Usage  Request Allocated
	   Cpus                 :                 1         1
	   Disk (KB)            :        1        1  13385359
	   Memory (MB)          :        2        1      6441
...
006 (8740472.000.000) 11/29 21:02:34 Image size of job updated: 203300
	44  -  MemoryUsage of job (MB)
	44236  -  ResidentSetSize of job (KB)
...
005 (8740472.000.000) 11/29 21:03:49 Job terminated.
	(1) Normal termination (return value 0)
		Usr 0 00:03:12, Sys 0 00:00:03  -  Run Remote Usage
		Usr 0 00:00:00, Sys 0 00:00:00  -  Run Local Usage
		Usr 0 00:03:12, Sys 0 00:00:03  -  Total Remote Usage
		Usr 0 00:00:00, Sys 0 00:00:00  -  Total Local Usage
	0  -  Run Bytes Sent By Job
	0  -  Run Bytes Received By Job
	0  -  Total Bytes Sent By Job
	0  -  Total Bytes Received By Job
	Partitionable Resources :    Usage  Request Allocated
	   Cpus                 :                 1         1
	   Disk (KB)            :        1        1  13376537
	   Memory (MB)          :       44        1      6441
...
