000 (8513160.000.000) 11/20 20:04:43 Job submitted from host: <10.10.48.31:12542?addrs=10.10.48.31-12542>
...
001 (8513160.000.000) 11/20 20:04:54 Job executing on host: <10.10.48.139:49429?addrs=10.10.48.139-49429>
...
006 (8513160.000.000) 11/20 20:04:55 Image size of job updated: 176044
	0  -  MemoryUsage of job (MB)
	0  -  ResidentSetSize of job (KB)
...
005 (8513160.000.000) 11/20 20:04:55 Job terminated.
	(1) Normal termination (return value 1)
		Usr 0 00:00:00, Sys 0 00:00:00  -  Run Remote Usage
		Usr 0 00:00:00, Sys 0 00:00:00  -  Run Local Usage
		Usr 0 00:00:00, Sys 0 00:00:00  -  Total Remote Usage
		Usr 0 00:00:00, Sys 0 00:00:00  -  Total Local Usage
	0  -  Run Bytes Sent By Job
	0  -  Run Bytes Received By Job
	0  -  Total Bytes Sent By Job
	0  -  Total Bytes Received By Job
	Partitionable Resources :    Usage  Request Allocated
	   Cpus                 :                 1         1
	   Disk (KB)            :        1        1  13382983
	   Memory (MB)          :        0        1      6441
...
000 (8513226.000.000) 11/20 20:06:19 Job submitted from host: <10.10.48.31:12542?addrs=10.10.48.31-12542>
...
001 (8513226.000.000) 11/20 20:06:35 Job executing on host: <10.10.48.139:49429?addrs=10.10.48.139-49429>
...
006 (8513226.000.000) 11/20 20:06:44 Image size of job updated: 175200
	28  -  MemoryUsage of job (MB)
	27836  -  ResidentSetSize of job (KB)
...
006 (8513226.000.000) 11/20 20:07:16 Image size of job updated: 263740
	28  -  MemoryUsage of job (MB)
	27836  -  ResidentSetSize of job (KB)
...
005 (8513226.000.000) 11/20 20:07:16 Job terminated.
	(1) Normal termination (return value 0)
		Usr 0 00:00:09, Sys 0 00:00:00  -  Run Remote Usage
		Usr 0 00:00:00, Sys 0 00:00:00  -  Run Local Usage
		Usr 0 00:00:09, Sys 0 00:00:00  -  Total Remote Usage
		Usr 0 00:00:00, Sys 0 00:00:00  -  Total Local Usage
	0  -  Run Bytes Sent By Job
	0  -  Run Bytes Received By Job
	0  -  Total Bytes Sent By Job
	0  -  Total Bytes Received By Job
	Partitionable Resources :    Usage  Request Allocated
	   Cpus                 :                 1         1
	   Disk (KB)            :        1        1  13383015
	   Memory (MB)          :       28        1      6441
...
000 (8568184.000.000) 11/23 10:24:49 Job submitted from host: <10.10.48.31:12542?addrs=10.10.48.31-12542>
...
001 (8568184.000.000) 11/23 10:24:53 Job executing on host: <10.10.48.141:50603?addrs=10.10.48.141-50603>
...
006 (8568184.000.000) 11/23 10:24:54 Image size of job updated: 192132
	0  -  MemoryUsage of job (MB)
	0  -  ResidentSetSize of job (KB)
...
005 (8568184.000.000) 11/23 10:24:55 Job terminated.
	(1) Normal termination (return value 0)
		Usr 0 00:00:00, Sys 0 00:00:00  -  Run Remote Usage
		Usr 0 00:00:00, Sys 0 00:00:00  -  Run Local Usage
		Usr 0 00:00:00, Sys 0 00:00:00  -  Total Remote Usage
		Usr 0 00:00:00, Sys 0 00:00:00  -  Total Local Usage
	0  -  Run Bytes Sent By Job
	0  -  Run Bytes Received By Job
	0  -  Total Bytes Sent By Job
	0  -  Total Bytes Received By Job
	Partitionable Resources :    Usage  Request Allocated
	   Cpus                 :                 1         1
	   Disk (KB)            :        1        1  13376040
	   Memory (MB)          :        0        1      6441
...
000 (8569032.000.000) 11/23 10:45:26 Job submitted from host: <10.10.48.31:12542?addrs=10.10.48.31-12542>
...
001 (8569032.000.000) 11/23 10:45:36 Job executing on host: <10.10.48.141:50603?addrs=10.10.48.141-50603>
...
006 (8569032.000.000) 11/23 10:45:45 Image size of job updated: 258060
	60  -  MemoryUsage of job (MB)
	60440  -  ResidentSetSize of job (KB)
...
006 (8569032.000.000) 11/23 10:46:09 Image size of job updated: 263744
	60  -  MemoryUsage of job (MB)
	60440  -  ResidentSetSize of job (KB)
...
005 (8569032.000.000) 11/23 10:46:09 Job terminated.
	(1) Normal termination (return value 0)
		Usr 0 00:00:11, Sys 0 00:00:00  -  Run Remote Usage
		Usr 0 00:00:00, Sys 0 00:00:00  -  Run Local Usage
		Usr 0 00:00:11, Sys 0 00:00:00  -  Total Remote Usage
		Usr 0 00:00:00, Sys 0 00:00:00  -  Total Local Usage
	0  -  Run Bytes Sent By Job
	0  -  Run Bytes Received By Job
	0  -  Total Bytes Sent By Job
	0  -  Total Bytes Received By Job
	Partitionable Resources :    Usage  Request Allocated
	   Cpus                 :                 1         1
	   Disk (KB)            :        1        1  13376504
	   Memory (MB)          :       60        1      6441
...
000 (8569586.000.000) 11/23 10:57:33 Job submitted from host: <10.10.48.31:12542?addrs=10.10.48.31-12542>
...
001 (8569586.000.000) 11/23 10:57:52 Job executing on host: <10.10.48.146:58220?addrs=10.10.48.146-58220>
...
006 (8569586.000.000) 11/23 10:58:00 Image size of job updated: 263480
	99  -  MemoryUsage of job (MB)
	101188  -  ResidentSetSize of job (KB)
...
005 (8569586.000.000) 11/23 10:58:02 Job terminated.
	(1) Normal termination (return value 0)
		Usr 0 00:00:07, Sys 0 00:00:00  -  Run Remote Usage
		Usr 0 00:00:00, Sys 0 00:00:00  -  Run Local Usage
		Usr 0 00:00:07, Sys 0 00:00:00  -  Total Remote Usage
		Usr 0 00:00:00, Sys 0 00:00:00  -  Total Local Usage
	0  -  Run Bytes Sent By Job
	0  -  Run Bytes Received By Job
	0  -  Total Bytes Sent By Job
	0  -  Total Bytes Received By Job
	Partitionable Resources :    Usage  Request Allocated
	   Cpus                 :                 1         1
	   Disk (KB)            :        1        1  13348070
	   Memory (MB)          :       99        1      6441
...
000 (8577537.000.000) 11/23 15:06:29 Job submitted from host: <10.10.48.31:12542?addrs=10.10.48.31-12542>
...
001 (8577537.000.000) 11/23 15:06:32 Job executing on host: <10.10.48.41:20766?addrs=10.10.48.41-20766>
...
006 (8577537.000.000) 11/23 15:06:41 Image size of job updated: 263744
	99  -  MemoryUsage of job (MB)
	100780  -  ResidentSetSize of job (KB)
...
005 (8577537.000.000) 11/23 15:06:44 Job terminated.
	(1) Normal termination (return value 0)
		Usr 0 00:00:04, Sys 0 00:00:01  -  Run Remote Usage
		Usr 0 00:00:00, Sys 0 00:00:00  -  Run Local Usage
		Usr 0 00:00:04, Sys 0 00:00:01  -  Total Remote Usage
		Usr 0 00:00:00, Sys 0 00:00:00  -  Total Local Usage
	0  -  Run Bytes Sent By Job
	0  -  Run Bytes Received By Job
	0  -  Total Bytes Sent By Job
	0  -  Total Bytes Received By Job
	Partitionable Resources :    Usage  Request Allocated
	   Cpus                 :                 1         1
	   Disk (KB)            :        1        1  16724553
	   Memory (MB)          :       99        1      4023
...
000 (8580140.000.000) 11/23 17:22:36 Job submitted from host: <10.10.48.31:12542?addrs=10.10.48.31-12542>
...
001 (8580140.000.000) 11/23 17:22:40 Job executing on host: <10.10.48.41:20766?addrs=10.10.48.41-20766>
...
006 (8580140.000.000) 11/23 17:22:40 Image size of job updated: 190352
	0  -  MemoryUsage of job (MB)
	0  -  ResidentSetSize of job (KB)
...
005 (8580140.000.000) 11/23 17:22:40 Job terminated.
	(1) Normal termination (return value 0)
		Usr 0 00:00:00, Sys 0 00:00:00  -  Run Remote Usage
		Usr 0 00:00:00, Sys 0 00:00:00  -  Run Local Usage
		Usr 0 00:00:00, Sys 0 00:00:00  -  Total Remote Usage
		Usr 0 00:00:00, Sys 0 00:00:00  -  Total Local Usage
	0  -  Run Bytes Sent By Job
	0  -  Run Bytes Received By Job
	0  -  Total Bytes Sent By Job
	0  -  Total Bytes Received By Job
	Partitionable Resources :    Usage  Request Allocated
	   Cpus                 :                 1         1
	   Disk (KB)            :        1        1  16725821
	   Memory (MB)          :        0        1      4023
...
000 (8580294.000.000) 11/24 10:20:55 Job submitted from host: <10.10.48.31:12542?addrs=10.10.48.31-12542>
...
001 (8580294.000.000) 11/24 10:21:15 Job executing on host: <10.10.48.141:50603?addrs=10.10.48.141-50603>
...
006 (8580294.000.000) 11/24 10:21:24 Image size of job updated: 258296
	56  -  MemoryUsage of job (MB)
	56880  -  ResidentSetSize of job (KB)
...
006 (8580294.000.000) 11/24 10:21:54 Image size of job updated: 266264
	56  -  MemoryUsage of job (MB)
	56880  -  ResidentSetSize of job (KB)
...
005 (8580294.000.000) 11/24 10:21:54 Job terminated.
	(1) Normal termination (return value 0)
		Usr 0 00:00:30, Sys 0 00:00:01  -  Run Remote Usage
		Usr 0 00:00:00, Sys 0 00:00:00  -  Run Local Usage
		Usr 0 00:00:30, Sys 0 00:00:01  -  Total Remote Usage
		Usr 0 00:00:00, Sys 0 00:00:00  -  Total Local Usage
	0  -  Run Bytes Sent By Job
	0  -  Run Bytes Received By Job
	0  -  Total Bytes Sent By Job
	0  -  Total Bytes Received By Job
	Partitionable Resources :    Usage  Request Allocated
	   Cpus                 :                 1         1
	   Disk (KB)            :        1        1  13376787
	   Memory (MB)          :       56        1      6441
...
000 (8581717.000.000) 11/24 20:22:56 Job submitted from host: <10.10.48.31:12542?addrs=10.10.48.31-12542>
...
001 (8581717.000.000) 11/24 20:23:01 Job executing on host: <10.10.48.41:20766?addrs=10.10.48.41-20766>
...
006 (8581717.000.000) 11/24 20:23:01 Image size of job updated: 177384
	0  -  MemoryUsage of job (MB)
	0  -  ResidentSetSize of job (KB)
...
005 (8581717.000.000) 11/24 20:23:02 Job terminated.
	(1) Normal termination (return value 0)
		Usr 0 00:00:00, Sys 0 00:00:00  -  Run Remote Usage
		Usr 0 00:00:00, Sys 0 00:00:00  -  Run Local Usage
		Usr 0 00:00:00, Sys 0 00:00:00  -  Total Remote Usage
		Usr 0 00:00:00, Sys 0 00:00:00  -  Total Local Usage
	0  -  Run Bytes Sent By Job
	0  -  Run Bytes Received By Job
	0  -  Total Bytes Sent By Job
	0  -  Total Bytes Received By Job
	Partitionable Resources :    Usage  Request Allocated
	   Cpus                 :                 1         1
	   Disk (KB)            :        1        1  16725483
	   Memory (MB)          :        0        1      4023
...
000 (8581773.000.000) 11/24 20:31:10 Job submitted from host: <10.10.48.31:12542?addrs=10.10.48.31-12542>
...
001 (8581773.000.000) 11/24 20:31:29 Job executing on host: <10.10.48.35:61041?addrs=10.10.48.35-61041>
...
006 (8581773.000.000) 11/24 20:31:37 Image size of job updated: 183464
	34  -  MemoryUsage of job (MB)
	33912  -  ResidentSetSize of job (KB)
...
006 (8581773.000.000) 11/24 20:34:10 Image size of job updated: 201944
	34  -  MemoryUsage of job (MB)
	33912  -  ResidentSetSize of job (KB)
...
005 (8581773.000.000) 11/24 20:34:10 Job terminated.
	(1) Normal termination (return value 0)
		Usr 0 00:01:34, Sys 0 00:00:02  -  Run Remote Usage
		Usr 0 00:00:00, Sys 0 00:00:00  -  Run Local Usage
		Usr 0 00:01:34, Sys 0 00:00:02  -  Total Remote Usage
		Usr 0 00:00:00, Sys 0 00:00:00  -  Total Local Usage
	0  -  Run Bytes Sent By Job
	0  -  Run Bytes Received By Job
	0  -  Total Bytes Sent By Job
	0  -  Total Bytes Received By Job
	Partitionable Resources :    Usage  Request Allocated
	   Cpus                 :                 1         1
	   Disk (KB)            :        1        1  16722873
	   Memory (MB)          :       34        1      4023
...
000 (8739432.000.000) 11/29 19:23:03 Job submitted from host: <10.10.48.31:12542?addrs=10.10.48.31-12542>
...
001 (8739432.000.000) 11/29 19:23:23 Job executing on host: <10.10.48.139:49429?addrs=10.10.48.139-49429>
...
006 (8739432.000.000) 11/29 19:23:31 Image size of job updated: 180380
	30  -  MemoryUsage of job (MB)
	30220  -  ResidentSetSize of job (KB)
...
006 (8739432.000.000) 11/29 19:28:31 Image size of job updated: 203232
	44  -  MemoryUsage of job (MB)
	44848  -  ResidentSetSize of job (KB)
...
005 (8739432.000.000) 11/29 19:28:41 Job terminated.
	(1) Normal termination (return value 0)
		Usr 0 00:02:27, Sys 0 00:00:03  -  Run Remote Usage
		Usr 0 00:00:00, Sys 0 00:00:00  -  Run Local Usage
		Usr 0 00:02:27, Sys 0 00:00:03  -  Total Remote Usage
		Usr 0 00:00:00, Sys 0 00:00:00  -  Total Local Usage
	0  -  Run Bytes Sent By Job
	0  -  Run Bytes Received By Job
	0  -  Total Bytes Sent By Job
	0  -  Total Bytes Received By Job
	Partitionable Resources :    Usage  Request Allocated
	   Cpus                 :                 1         1
	   Disk (KB)            :        1        1  13385409
	   Memory (MB)          :       44        1      6441
...
000 (8739583.000.000) 11/29 19:34:21 Job submitted from host: <10.10.48.31:12542?addrs=10.10.48.31-12542>
...
001 (8739583.000.000) 11/29 19:34:29 Job executing on host: <10.10.48.139:49429?addrs=10.10.48.139-49429>
...
006 (8739583.000.000) 11/29 19:34:38 Image size of job updated: 180384
	29  -  MemoryUsage of job (MB)
	28948  -  ResidentSetSize of job (KB)
...
006 (8739583.000.000) 11/29 19:39:04 Image size of job updated: 203108
	29  -  MemoryUsage of job (MB)
	28948  -  ResidentSetSize of job (KB)
...
005 (8739583.000.000) 11/29 19:39:04 Job terminated.
	(1) Normal termination (return value 0)
		Usr 0 00:01:19, Sys 0 00:00:01  -  Run Remote Usage
		Usr 0 00:00:00, Sys 0 00:00:00  -  Run Local Usage
		Usr 0 00:01:19, Sys 0 00:00:01  -  Total Remote Usage
		Usr 0 00:00:00, Sys 0 00:00:00  -  Total Local Usage
	0  -  Run Bytes Sent By Job
	0  -  Run Bytes Received By Job
	0  -  Total Bytes Sent By Job
	0  -  Total Bytes Received By Job
	Partitionable Resources :    Usage  Request Allocated
	   Cpus                 :                 1         1
	   Disk (KB)            :        1        1  13385373
	   Memory (MB)          :       29        1      6441
...
000 (8740407.000.000) 11/29 20:51:06 Job submitted from host: <10.10.48.31:12542?addrs=10.10.48.31-12542>
...
001 (8740407.000.000) 11/29 20:51:25 Job executing on host: <10.10.48.35:61041?addrs=10.10.48.35-61041>
...
006 (8740407.000.000) 11/29 20:51:33 Image size of job updated: 183204
	32  -  MemoryUsage of job (MB)
	32436  -  ResidentSetSize of job (KB)
...
000 (8740506.000.000) 11/29 20:52:28 Job submitted from host: <10.10.48.31:12542?addrs=10.10.48.31-12542>
...
001 (8740506.000.000) 11/29 20:52:49 Job executing on host: <10.10.48.145:26377?addrs=10.10.48.145-26377>
...
006 (8740506.000.000) 11/29 20:52:57 Image size of job updated: 183144
	32  -  MemoryUsage of job (MB)
	32512  -  ResidentSetSize of job (KB)
...
006 (8740407.000.000) 11/29 20:56:33 Image size of job updated: 203084
	43  -  MemoryUsage of job (MB)
	43124  -  ResidentSetSize of job (KB)
...
006 (8740506.000.000) 11/29 20:57:18 Image size of job updated: 203116
	32  -  MemoryUsage of job (MB)
	32512  -  ResidentSetSize of job (KB)
...
005 (8740506.000.000) 11/29 20:57:18 Job terminated.
	(1) Normal termination (return value 0)
		Usr 0 00:01:15, Sys 0 00:00:01  -  Run Remote Usage
		Usr 0 00:00:00, Sys 0 00:00:00  -  Run Local Usage
		Usr 0 00:01:15, Sys 0 00:00:01  -  Total Remote Usage
		Usr 0 00:00:00, Sys 0 00:00:00  -  Total Local Usage
	0  -  Run Bytes Sent By Job
	0  -  Run Bytes Received By Job
	0  -  Total Bytes Sent By Job
	0  -  Total Bytes Received By Job
	Partitionable Resources :    Usage  Request Allocated
	   Cpus                 :                 1         1
	   Disk (KB)            :        1        1  13384155
	   Memory (MB)          :       32        1      6441
...
006 (8740407.000.000) 11/29 20:58:30 Image size of job updated: 203088
	43  -  MemoryUsage of job (MB)
	43124  -  ResidentSetSize of job (KB)
...
005 (8740407.000.000) 11/29 20:58:30 Job terminated.
	(1) Normal termination (return value 0)
		Usr 0 00:02:09, Sys 0 00:00:03  -  Run Remote Usage
		Usr 0 00:00:00, Sys 0 00:00:00  -  Run Local Usage
		Usr 0 00:02:09, Sys 0 00:00:03  -  Total Remote Usage
		Usr 0 00:00:00, Sys 0 00:00:00  -  Total Local Usage
	0  -  Run Bytes Sent By Job
	0  -  Run Bytes Received By Job
	0  -  Total Bytes Sent By Job
	0  -  Total Bytes Received By Job
	Partitionable Resources :    Usage  Request Allocated
	   Cpus                 :                 1         1
	   Disk (KB)            :        1        1  16724909
	   Memory (MB)          :       43        1      4023
...
