
Processing BiPo_coin.C(24833)...
totalEvents: 1186188
0%
0.843037%
1.68607%
2.52911%
3.37215%
4.21518%
5.05822%
5.90126%
6.74429%
7.58733%
5
0%
5.9882%
11.9764%
17.9646%
9.2734%
10.1164%
10.9595%
11.8025%41.9174%
47.9056%
514.3316%
15.174765.8702%
%
16.8607%
17.7038%
18.5468%
19.3898%
20.2329%
21.0759%
21.919%
22.762%

100%
23.605%
24.4481%
25.2911%
26.1341%
26.9772%
27.8202%
28.6632%
29.5063%
30.3493%
31.1924%
32.0354%
32.8784%
33.7215%
34.5645%
35.4075%
36.2506%
37.0936%
37.9367%
38.7797%
39.6227%
40.4658%
41.3088%
42.1518%
42.9949%
43.8379%
44.6809%
45.524%
46.367%
47.2101%
48.0531%
48.8961%
49.7392%
50.5822%
51.4252%
52.2683%
53.1113%
53.9543%
54.7974%
55.6404%
56.4835%
57.3265%
58.1695%
59.0126%
59.8556%
60.6986%
61.5417%
62.3847%
63.2278%
64.0708%
64.9138%
65.7569%
66.5999%
67.4429%
68.286%
69.129%
69.972%
70.8151%
71.6581%
72.5012%
73.3442%
74.1872%
75.0303%
75.8733%
76.7163%
77.5594%
78.4024%
79.2454%
80.0885%
80.9315%
81.7746%
82.6176%
83.4606%
84.3037%
85.1467%
85.9897%
86.8328%
87.6758%
88.5189%
89.3619%
90.2049%
91.048%
91.891%
92.734%
93.5771%
94.4201%
95.2631%
96.1062%
96.9492%
97.7923%
98.6353%
99.4783%
100%
