
Processing BiPo_coin.C(24679)...
totalEvents: 258234
0%
3.87246%
7.74491%
11.6174%
15.4898%
19.3623%
23.2347%
27.1072%
30.9797%
34.8521%
38.7246%
42.597%
46.4695%
50.3419%
54.2144%
totalEvents: 1055302
0%
0.947596%
1.89519%
2.84279%
73.5767%
77.4491%
81.3216%
6.63317%
7.58077%
8.52836%
85.194%
89.0665%
92.939%
%
12.3187%
13.2663%
100%
14.2139%
15.1615%
16.1091%
17.0567%
18.0043%
18.9519%
19.8995%
20.8471%
21.7947%
22.7423%
23.6899%
24.6375%
25.5851%
26.5327%
27.4803%
28.4279%
29.3755%
30.3231%
31.2707%
32.2183%
33.1659%
34.1135%
35.0611%
36.0086%
36.9562%
37.9038%
38.8514%
39.799%
40.7466%
41.6942%
42.6418%
43.5894%
44.537%
45.4846%
46.4322%
47.3798%
48.3274%
49.275%
50.2226%
51.1702%
52.1178%
53.0654%
54.013%
54.9606%
55.9082%
56.8558%
57.8034%
58.751%
59.6986%
60.6461%
61.5937%
62.5413%
63.4889%
64.4365%
65.3841%
66.3317%
67.2793%
68.2269%
69.1745%
70.1221%
71.0697%
72.0173%
72.9649%
73.9125%
74.8601%
75.8077%
76.7553%
77.7029%
78.6505%
79.5981%
80.5457%
81.4933%
82.4409%
83.3885%
84.336%
85.2836%
86.2312%
87.1788%
88.1264%
89.074%
90.0216%
90.9692%
91.9168%
92.8644%
93.812%
94.7596%
95.7072%
96.6548%
97.6024%
98.55%
99.4976%
100%
