 24327 657.000000   422.000000   10.000000    4.000000     18.000000    
 24333 156.000000   97.000000    2.000000     1.000000     1.000000     
 24334 360.000000   228.000000   8.000000     5.000000     6.000000     
 24336 523.000000   342.000000   13.000000    6.000000     8.000000     
 24343 1147.000000  658.000000   31.000000    9.000000     24.000000    
 24348 1051.000000  705.000000   23.000000    15.000000    15.000000    
 24360 1270.000000  788.000000   21.000000    20.000000    32.000000    
 24365 231.000000   148.000000   18.000000    8.000000     9.000000     
 24366 674.000000   388.000000   24.000000    19.000000    14.000000    
 24371 1168.000000  676.000000   46.000000    23.000000    39.000000    
 24376 996.000000   632.000000   39.000000    17.000000    22.000000    
 24381 334.000000   167.000000   14.000000    4.000000     3.000000     
 24382 623.000000   374.000000   31.000000    12.000000    26.000000    
 24388 523.000000   319.000000   20.000000    9.000000     15.000000    
 24389 598.000000   362.000000   17.000000    10.000000    15.000000    
 24394 420.000000   223.000000   10.000000    5.000000     10.000000    
 24395 839.000000   500.000000   40.000000    7.000000     15.000000    
 24400 58.000000    33.000000    0.000000     0.000000     1.000000     
 24418 54.000000    19.000000    1.000000     1.000000     0.000000     
 24419 12.000000    8.000000     0.000000     0.000000     3.000000     
 24424 876.000000   437.000000   204.000000   20.000000    23.000000    
 24429 956.000000   545.000000   37.000000    17.000000    18.000000    
 24430 45.000000    31.000000    1.000000     1.000000     2.000000     
 24435 575.000000   345.000000   30.000000    18.000000    17.000000    
 24436 629.000000   352.000000   36.000000    21.000000    21.000000    
 24441 24.000000    12.000000    0.000000     1.000000     2.000000     
 24442 261.000000   128.000000   18.000000    7.000000     9.000000     
 24443 922.000000   494.000000   52.000000    22.000000    32.000000    
 24449 119.000000   78.000000    6.000000     2.000000     6.000000     
 24450 56.000000    24.000000    3.000000     1.000000     4.000000     
 24452 172.000000   94.000000    13.000000    8.000000     3.000000     
 24454 864.000000   493.000000   57.000000    31.000000    34.000000    
 24459 28.000000    19.000000    0.000000     0.000000     1.000000     
