 21621 1002.000000  635.000000   29.000000    5.000000     33.000000    
 21627 793.000000   472.000000   18.000000    6.000000     23.000000    
 21633 764.000000   414.000000   6.000000     1.000000     18.000000    
 21634 148.000000   95.000000    4.000000     0.000000     4.000000     
 21638 325.000000   184.000000   3.000000     3.000000     8.000000     
 21641 75.000000    48.000000    3.000000     0.000000     1.000000     
 21647 1069.000000  632.000000   27.000000    7.000000     25.000000    
 21652 1042.000000  566.000000   49.000000    17.000000    19.000000    
 21657 924.000000   526.000000   16.000000    5.000000     20.000000    
 21658 38.000000    21.000000    1.000000     0.000000     1.000000     
 21670 706.000000   401.000000   17.000000    3.000000     18.000000    
 21677 437.000000   227.000000   16.000000    5.000000     8.000000     
 21717 1539.000000  934.000000   53.000000    13.000000    48.000000    
 21723 935.000000   567.000000   22.000000    6.000000     24.000000    
 21730 53.000000    36.000000    2.000000     3.000000     0.000000     
 21732 1128.000000  724.000000   18.000000    8.000000     24.000000    
 21736 1213.000000  720.000000   33.000000    11.000000    32.000000    
 21738 100.000000   67.000000    3.000000     0.000000     2.000000     
 21742 1176.000000  717.000000   25.000000    8.000000     28.000000    
 21748 1213.000000  773.000000   41.000000    9.000000     38.000000    
 21754 1036.000000  636.000000   40.000000    10.000000    26.000000    
 21755 86.000000    69.000000    2.000000     0.000000     2.000000     
 21761 1097.000000  641.000000   22.000000    4.000000     25.000000    
 21765 1129.000000  732.000000   16.000000    6.000000     21.000000    
 21770 924.000000   585.000000   16.000000    9.000000     18.000000    
 21774 106.000000   67.000000    3.000000     0.000000     0.000000     
 21778 1122.000000  646.000000   18.000000    6.000000     31.000000    
 21779 64.000000    2442.000000  1654.000000  1091.000000  6.000000     
 21783 1370.000000  961.000000   36.000000    8.000000     247.000000   
 21788 991.000000   645.000000   31.000000    6.000000     64.000000    
 21789 622.000000   391.000000   18.000000    12.000000    22.000000    
 21795 1482.000000  21533.000000 27707.000000 23372.000000 2021.000000  
 21799 1107.000000  22358.000000 14163.000000 8156.000000  2480.000000  
 21803 39.000000    56.000000    12.000000    3.000000     59.000000    
 21804 1235.000000  2782.000000  1281.000000  975.000000   1439.000000  
 21808 17.000000    65.000000    16.000000    8.000000     15.000000    
 21814 793.000000   2094.000000  717.000000   89.000000    972.000000   
 21818 920.000000   77885.000000 58699.000000 1805.000000  2692.000000  
 21822 685.000000   49220.000000 28379.000000 4964.000000  2699.000000  
 21850 966.000000   22639.000000 19619.000000 15856.000000 3756.000000  
 21863 34.000000    649.000000   685.000000   618.000000   110.000000   
 21867 931.000000   17169.000000 16533.000000 14005.000000 2977.000000  
 21871 174.000000   2390.000000  4261.000000  3761.000000  601.000000   
 21873 428.000000   4316.000000  13063.000000 11946.000000 1383.000000  
 21876 479.000000   4228.000000  13542.000000 12485.000000 1528.000000  
 21893 27.000000    395.000000   1361.000000  1269.000000  60.000000    
 21894 115.000000   1876.000000  8523.000000  7873.000000  340.000000   
 21895 71.000000    3002.000000  4875.000000  4300.000000  271.000000   
 21896 131.000000   6469.000000  8395.000000  7190.000000  509.000000   
 21897 142.000000   6800.000000  8348.000000  7197.000000  602.000000   
 21898 801.000000   21476.000000 47512.000000 42387.000000 3334.000000  
 21903 51.000000    752.000000   3244.000000  3086.000000  222.000000   
 21904 254.000000   8702.000000  15625.000000 13809.000000 1124.000000  
 21906 0.000000     0.000000     0.000000     0.000000     0.000000     
 21907 46.000000    1507.000000  1871.000000  1582.000000  158.000000   
 21910 1020.000000  47509.000000 51054.000000 41454.000000 4310.000000  
 21916 25.000000    1792.000000  1203.000000  792.000000   96.000000    
 21917 38.000000    959.000000   1221.000000  987.000000   116.000000   
 21918 1247.000000  67645.000000 54656.000000 40802.000000 5114.000000  
 21926 202.000000   13841.000000 8652.000000  5719.000000  841.000000   
 21928 1271.000000  21661.000000 82619.000000 75257.000000 4878.000000  
 21933 1517.000000  49233.000000 81171.000000 69512.000000 5858.000000  
 21938 1486.000000  62648.000000 65860.000000 52817.000000 5424.000000  
 21943 481.000000   22423.000000 19077.000000 14539.000000 1677.000000  
 21944 948.000000   57875.000000 34690.000000 22580.000000 3624.000000  
 21950 87.000000    4111.000000  3602.000000  2813.000000  338.000000   
 21956 178.000000   7795.000000  8328.000000  6801.000000  698.000000   
 21957 1556.000000  46644.000000 79802.000000 68333.000000 5547.000000  
 21961 1524.000000  90946.000000 61354.000000 40081.000000 5828.000000  
 21965 286.000000   18322.000000 9532.000000  4866.000000  970.000000   
 21967 850.000000   6436.000000  55576.000000 52021.000000 2818.000000  
 21969 20.000000    216.000000   1927.000000  1774.000000  113.000000   
 21982 301.000000   2613.000000  20519.000000 19141.000000 1070.000000  
 21983 1623.000000  12341.000000 103646.000000 97433.000000 5547.000000  
 21987 1729.000000  55131.000000 75406.000000 62968.000000 5594.000000  
 22024 432.000000   11731.000000 21461.000000 18518.000000 1476.000000  
 22025 778.000000   24717.000000 36246.000000 30382.000000 2624.000000  
 22031 1536.000000  121298.000000 59541.000000 15493.000000 5250.000000  
 22036 1437.000000  45350.000000 62679.000000 52242.000000 4646.000000  
 22040 1503.000000  57250.000000 63037.000000 51149.000000 5131.000000  
 22042 55.000000    1352.000000  2111.000000  1676.000000  133.000000   
 22044 19.000000    521.000000   1297.000000  1091.000000  83.000000    
 22046 48.000000    1223.000000  3057.000000  2545.000000  178.000000   
 22048 193.000000   4617.000000  12004.000000 10437.000000 700.000000   
 22052 1709.000000  37305.000000 89162.000000 78112.000000 5619.000000  
 22057 1678.000000  64123.000000 67367.000000 54162.000000 5459.000000  
 22063 1670.000000  32747.000000 96845.000000 86304.000000 5790.000000  
 22068 51.000000    2385.000000  2140.000000  1734.000000  160.000000   
 22070 471.000000   10330.000000 25974.000000 23149.000000 1619.000000  
 22071 1190.000000  27613.000000 61635.000000 53992.000000 3850.000000  
 22075 1484.000000  38092.000000 73237.000000 63077.000000 4931.000000  
 22079 1625.000000  2204.000000  120.000000   31.000000    2290.000000  
 22084 1645.000000  1333.000000  33.000000    16.000000    466.000000   
 22085 255.000000   177.000000   6.000000     2.000000     19.000000    
 22089 1218.000000  776.000000   11.000000    9.000000     93.000000    
 22095 1436.000000  919.000000   13.000000    11.000000    46.000000    
 22099 1548.000000  982.000000   40.000000    21.000000    29.000000    
 22103 290.000000   179.000000   3.000000     0.000000     6.000000     
 22105 1167.000000  814.000000   17.000000    10.000000    24.000000    
 22110 1073.000000  673.000000   19.000000    11.000000    17.000000    
 22111 127.000000   100.000000   2.000000     0.000000     4.000000     
 22115 1572.000000  948.000000   39.000000    24.000000    40.000000    
 22119 174.000000   121.000000   7.000000     1.000000     5.000000     
 22124 294.000000   175.000000   2.000000     0.000000     3.000000     
 22128 292.000000   188.000000   12.000000    5.000000     10.000000    
 22129 849.000000   547.000000   22.000000    15.000000    21.000000    
 22134 1296.000000  809.000000   14.000000    11.000000    18.000000    
 22140 1272.000000  808.000000   25.000000    8.000000     34.000000    
 22141 78.000000    47.000000    0.000000     2.000000     0.000000     
 22155 1316.000000  885.000000   25.000000    15.000000    28.000000    
 22159 207.000000   135.000000   3.000000     2.000000     2.000000     
 22160 1438.000000  914.000000   24.000000    17.000000    33.000000    
 22164 1113.000000  662.000000   37.000000    12.000000    31.000000    
 22169 331.000000   212.000000   11.000000    3.000000     5.000000     
 22171 989.000000   577.000000   22.000000    7.000000     16.000000    
 22172 31.000000    16.000000    1.000000     0.000000     1.000000     
 22176 1426.000000  856.000000   25.000000    16.000000    21.000000    
 22180 372.000000   232.000000   7.000000     3.000000     11.000000    
 22181 1260.000000  697.000000   56.000000    10.000000    23.000000    
 22185 308.000000   197.000000   3.000000     3.000000     5.000000     
 22186 1182.000000  710.000000   18.000000    4.000000     23.000000    
 22193 1294.000000  830.000000   30.000000    19.000000    28.000000    
 22197 1025.000000  664.000000   23.000000    10.000000    19.000000    
 22206 812.000000   483.000000   20.000000    9.000000     17.000000    
 22207 600.000000   345.000000   19.000000    8.000000     11.000000    
 22212 1296.000000  793.000000   45.000000    9.000000     26.000000    
 22252 1120.000000  657.000000   37.000000    11.000000    27.000000    
 22260 157.000000   108.000000   3.000000     1.000000     5.000000     
 22261 154.000000   96.000000    5.000000     2.000000     4.000000     
 22267 777.000000   462.000000   9.000000     7.000000     17.000000    
 22273 1286.000000  740.000000   30.000000    14.000000    27.000000    
 22279 1304.000000  808.000000   30.000000    18.000000    32.000000    
 22283 0.000000     0.000000     0.000000     0.000000     0.000000     
 22290 0.000000     0.000000     0.000000     0.000000     0.000000     
 22292 0.000000     0.000000     0.000000     0.000000     0.000000     
 22296 0.000000     0.000000     0.000000     0.000000     0.000000     
 22298 0.000000     0.000000     0.000000     0.000000     0.000000     
 22301 0.000000     0.000000     0.000000     0.000000     0.000000     
 22304 0.000000     0.000000     0.000000     0.000000     0.000000     
 22305 0.000000     0.000000     0.000000     0.000000     0.000000     
 22316 0.000000     0.000000     0.000000     0.000000     0.000000     
 22317 0.000000     0.000000     0.000000     0.000000     0.000000     
 22318 0.000000     0.000000     0.000000     0.000000     0.000000     
 22320 0.000000     0.000000     0.000000     0.000000     0.000000     
 22322 0.000000     0.000000     0.000000     0.000000     0.000000     
 22329 0.000000     0.000000     0.000000     0.000000     0.000000     
 22331 0.000000     0.000000     0.000000     0.000000     0.000000     
 22332 0.000000     0.000000     0.000000     0.000000     0.000000     
 22335 0.000000     0.000000     0.000000     0.000000     0.000000     
 22336 0.000000     0.000000     0.000000     0.000000     0.000000     
 22337 0.000000     0.000000     0.000000     0.000000     0.000000     
 22340 0.000000     0.000000     0.000000     0.000000     0.000000     
 22344 0.000000     0.000000     0.000000     0.000000     0.000000     
 22358 53.000000    12.000000    7.000000     6.000000     2.000000     
 22362 187.000000   28.000000    11.000000    9.000000     2.000000     
 22368 30.000000    6.000000     1.000000     2.000000     1.000000     
 22369 119.000000   21.000000    8.000000     8.000000     1.000000     
 22370 197.000000   36.000000    26.000000    7.000000     2.000000     
 22378 54.000000    9.000000     7.000000     1.000000     2.000000     
 22379 327.000000   43.000000    27.000000    6.000000     6.000000     
 22381 96.000000    24.000000    4.000000     3.000000     2.000000     
 22382 49.000000    9.000000     2.000000     1.000000     0.000000     
 22386 489.000000   273.000000   27.000000    18.000000    11.000000    
 22390 246.000000   96.000000    24.000000    7.000000     9.000000     
 22391 475.000000   302.000000   26.000000    17.000000    16.000000    