 21621 1364.000000  653.000000   71.000000    11.000000    38.000000    
 21627 1139.000000  535.000000   30.000000    6.000000     26.000000    
 21633 1013.000000  445.000000   38.000000    5.000000     19.000000    
 21634 207.000000   104.000000   7.000000     0.000000     5.000000     
 21638 392.000000   173.000000   27.000000    4.000000     9.000000     
 21641 100.000000   50.000000    5.000000     0.000000     1.000000     
 21647 1347.000000  626.000000   70.000000    9.000000     32.000000    
 21652 1197.000000  520.000000   129.000000   19.000000    21.000000    
 21657 1311.000000  627.000000   31.000000    10.000000    23.000000    
 21658 62.000000    29.000000    2.000000     0.000000     1.000000     
 21670 902.000000   391.000000   52.000000    6.000000     22.000000    
 21677 507.000000   220.000000   33.000000    6.000000     8.000000     
 21717 1886.000000  910.000000   126.000000   16.000000    53.000000    
 21723 1182.000000  568.000000   61.000000    7.000000     28.000000    
 21730 67.000000    36.000000    6.000000     4.000000     0.000000     
 21732 1398.000000  763.000000   57.000000    7.000000     27.000000    
 21736 1473.000000  740.000000   81.000000    14.000000    35.000000    
 21738 137.000000   77.000000    7.000000     0.000000     2.000000     
 21742 1590.000000  881.000000   50.000000    14.000000    36.000000    
 21748 1530.000000  841.000000   88.000000    12.000000    46.000000    
 21754 1293.000000  652.000000   88.000000    18.000000    30.000000    
 21755 105.000000   68.000000    9.000000     0.000000     3.000000     
 21761 1550.000000  825.000000   44.000000    8.000000     33.000000    
 21765 1496.000000  797.000000   66.000000    15.000000    27.000000    
 21770 1221.000000  637.000000   43.000000    11.000000    20.000000    
 21774 152.000000   77.000000    4.000000     1.000000     1.000000     
 21778 1488.000000  745.000000   49.000000    11.000000    39.000000    
 21779 76.000000    951.000000   2860.000000  2727.000000  6.000000     
 21783 1555.000000  937.000000   125.000000   14.000000    261.000000   
 21788 1164.000000  617.000000   102.000000   10.000000    68.000000    
 21789 762.000000   411.000000   49.000000    16.000000    29.000000    
 21795 1749.000000  5986.000000  40318.000000 38448.000000 2079.000000  
 21799 1444.000000  11228.000000 21694.000000 19716.000000 2621.000000  
 21803 44.000000    52.000000    21.000000    13.000000    61.000000    
 21804 1558.000000  1869.000000  2253.000000  1998.000000  1510.000000  
 21808 22.000000    39.000000    47.000000    37.000000    16.000000    
 21814 1249.000000  2087.000000  691.000000   490.000000   1088.000000  
 21818 1253.000000  69538.000000 43201.000000 12199.000000 3098.000000  
 21822 955.000000   34765.000000 27618.000000 20936.000000 3019.000000  
 21850 1243.000000  7933.000000  32226.000000 30638.000000 3875.000000  
 21863 50.000000    189.000000   1088.000000  1065.000000  111.000000   
 21867 1189.000000  5253.000000  27114.000000 26183.000000 3070.000000  
 21871 195.000000   553.000000   5844.000000  5598.000000  608.000000   
 21873 527.000000   1045.000000  15487.000000 14717.000000 1399.000000  
 21876 558.000000   961.000000   15821.000000 15165.000000 1548.000000  
 21893 33.000000    55.000000    1599.000000  1537.000000  61.000000    
 21894 123.000000   338.000000   9401.000000  9046.000000  346.000000   
 21895 89.000000    464.000000   6941.000000  6651.000000  276.000000   
 21896 173.000000   1290.000000  12860.000000 12214.000000 527.000000   
 21897 157.000000   1423.000000  12982.000000 12429.000000 620.000000   
 21898 909.000000   4062.000000  61159.000000 58594.000000 3393.000000  
 21903 60.000000    159.000000   3586.000000  3528.000000  224.000000   
 21904 288.000000   1743.000000  21300.000000 20328.000000 1146.000000  
 21910 1254.000000  11337.000000 82813.000000 79469.000000 4519.000000  
 21918 1546.000000  20350.000000 95690.000000 90755.000000 5471.000000  
 21926 269.000000   4734.000000  16490.000000 15439.000000 926.000000   
 21928 1478.000000  3891.000000  95164.000000 91847.000000 4989.000000  
 21933 1787.000000  8955.000000  115755.000000 111542.000000 6047.000000  
 21938 1821.000000  13788.000000 109400.000000 104494.000000 5727.000000  
 21943 590.000000   5973.000000  33643.000000 31977.000000 1773.000000  
 21944 1216.000000  19935.000000 67470.000000 63161.000000 3951.000000  
 21950 110.000000   927.000000   6492.000000  6223.000000  342.000000   
 21956 220.000000   1652.000000  13810.000000 13167.000000 740.000000   
 21957 1833.000000  8267.000000  112958.000000 108479.000000 5783.000000  
 21961 1956.000000  34643.000000 107336.000000 100519.000000 6319.000000  
 21965 345.000000   8248.000000  17193.000000 15676.000000 1082.000000  
 21967 915.000000   1701.000000  56831.000000 54423.000000 2862.000000  
 21969 24.000000    46.000000    1997.000000  1900.000000  114.000000   
 21982 336.000000   647.000000   21359.000000 20446.000000 1099.000000  
 21983 1755.000000  3076.000000  106044.000000 101682.000000 5628.000000  
 21987 2054.000000  11139.000000 113910.000000 109199.000000 5891.000000  
 22024 524.000000   1845.000000  29964.000000 28747.000000 1524.000000  
 22025 921.000000   4737.000000  53539.000000 51456.000000 2743.000000  
 22031 2151.000000  72654.000000 79338.000000 67477.000000 6000.000000  
 22036 1704.000000  8791.000000  94774.000000 90930.000000 4879.000000  
 22040 1794.000000  13097.000000 102167.000000 97573.000000 5375.000000  
 22048 229.000000   691.000000   15108.000000 14578.000000 726.000000   
 22052 1977.000000  6167.000000  114548.000000 110633.000000 5813.000000  
 22057 2034.000000  14874.000000 110827.000000 105503.000000 5772.000000  
 22063 1895.000000  5760.000000  117516.000000 113403.000000 5978.000000  
 22068 62.000000    535.000000   3770.000000  3596.000000  164.000000   
 22070 558.000000   1988.000000  32573.000000 31320.000000 1681.000000  
 22071 1381.000000  4869.000000  80012.000000 77157.000000 3987.000000  
 22075 1731.000000  6751.000000  99526.000000 95772.000000 5140.000000  
 22079 1879.000000  1995.000000  434.000000   33.000000    2386.000000  
 22084 2051.000000  1369.000000  113.000000   20.000000    496.000000   
 22085 308.000000   174.000000   22.000000    4.000000     21.000000    
 22089 1722.000000  969.000000   23.000000    14.000000    115.000000   
 22095 1776.000000  959.000000   53.000000    17.000000    54.000000    
 22099 1780.000000  923.000000   138.000000   25.000000    37.000000    
 22103 343.000000   176.000000   12.000000    1.000000     6.000000     
 22105 1463.000000  847.000000   41.000000    15.000000    31.000000    
 22110 1273.000000  650.000000   59.000000    15.000000    20.000000    
 22111 166.000000   101.000000   3.000000     1.000000     4.000000     
 22115 1712.000000  821.000000   201.000000   22.000000    45.000000    
 22119 197.000000   101.000000   31.000000    2.000000     6.000000     
 22124 338.000000   177.000000   9.000000     0.000000     3.000000     
 22128 354.000000   177.000000   28.000000    8.000000     11.000000    
 22129 996.000000   523.000000   75.000000    16.000000    27.000000    
 22134 1674.000000  862.000000   40.000000    15.000000    20.000000    
 22140 1542.000000  794.000000   76.000000    16.000000    36.000000    
 22141 92.000000    47.000000    4.000000     2.000000     0.000000     
 22155 1660.000000  897.000000   58.000000    19.000000    32.000000    
 22159 260.000000   133.000000   11.000000    2.000000     6.000000     
 22160 1707.000000  866.000000   110.000000   21.000000    36.000000    
 22164 1313.000000  607.000000   122.000000   13.000000    32.000000    
 22171 1098.000000  514.000000   109.000000   6.000000     16.000000    
 22172 36.000000    15.000000    2.000000     0.000000     1.000000     
 22176 1682.000000  818.000000   95.000000    22.000000    25.000000    
 22180 439.000000   214.000000   36.000000    3.000000     11.000000    
 22181 1334.000000  544.000000   235.000000   11.000000    25.000000    
 22185 389.000000   194.000000   11.000000    6.000000     8.000000     
 22186 1459.000000  676.000000   96.000000    9.000000     29.000000    
 22193 1573.000000  782.000000   112.000000   24.000000    34.000000    
 22197 1287.000000  646.000000   75.000000    12.000000    20.000000    
 22206 953.000000   444.000000   76.000000    12.000000    19.000000    
 22207 682.000000   321.000000   65.000000    7.000000     13.000000    
 22212 1497.000000  707.000000   165.000000   16.000000    33.000000    
 22252 1216.000000  562.000000   152.000000   10.000000    30.000000    
 22260 202.000000   112.000000   4.000000     2.000000     6.000000     
 22261 197.000000   99.000000    10.000000    2.000000     4.000000     
 22267 942.000000   460.000000   35.000000    9.000000     19.000000    
 22273 1511.000000  684.000000   126.000000   15.000000    30.000000    
 22279 1676.000000  842.000000   65.000000    23.000000    34.000000    
 22358 110.000000   15.000000    8.000000     11.000000    2.000000     
 22362 240.000000   29.000000    13.000000    14.000000    2.000000     
 22368 35.000000    5.000000     3.000000     2.000000     1.000000     
 22369 123.000000   14.000000    15.000000    9.000000     1.000000     
 22370 216.000000   39.000000    28.000000    5.000000     2.000000     
 22378 71.000000    13.000000    6.000000     1.000000     2.000000     
 22379 411.000000   60.000000    28.000000    13.000000    9.000000     
 22381 168.000000   48.000000    3.000000     4.000000     5.000000     
 22382 83.000000    18.000000    2.000000     2.000000     0.000000     
 22386 641.000000   351.000000   34.000000    23.000000    13.000000    
 22390 473.000000   166.000000   24.000000    10.000000    9.000000     
 22391 777.000000   465.000000   35.000000    25.000000    18.000000    