000 (8804797.000.000) 12/02 15:23:45 Job submitted from host: <10.10.48.31:12542?addrs=10.10.48.31-12542>
...
001 (8804797.000.000) 12/02 15:23:46 Job executing on host: <10.10.48.139:49429?addrs=10.10.48.139-49429>
...
006 (8804797.000.000) 12/02 15:23:55 Image size of job updated: 184860
	33  -  MemoryUsage of job (MB)
	33156  -  ResidentSetSize of job (KB)
...
006 (8804797.000.000) 12/02 15:26:52 Image size of job updated: 194300
	33  -  MemoryUsage of job (MB)
	33156  -  ResidentSetSize of job (KB)
...
005 (8804797.000.000) 12/02 15:26:52 Job terminated.
	(1) Normal termination (return value 0)
		Usr 0 00:00:56, Sys 0 00:00:01  -  Run Remote Usage
		Usr 0 00:00:00, Sys 0 00:00:00  -  Run Local Usage
		Usr 0 00:00:56, Sys 0 00:00:01  -  Total Remote Usage
		Usr 0 00:00:00, Sys 0 00:00:00  -  Total Local Usage
	0  -  Run Bytes Sent By Job
	0  -  Run Bytes Received By Job
	0  -  Total Bytes Sent By Job
	0  -  Total Bytes Received By Job
	Partitionable Resources :    Usage  Request Allocated
	   Cpus                 :                 1         1
	   Disk (KB)            :        1        1  13383979
	   Memory (MB)          :       33        1      6441
...
