000 (8804666.000.000) 12/02 15:19:04 Job submitted from host: <10.10.48.31:12542?addrs=10.10.48.31-12542>
...
001 (8804666.000.000) 12/02 15:19:20 Job executing on host: <10.10.48.35:61041?addrs=10.10.48.35-61041>
...
006 (8804666.000.000) 12/02 15:19:28 Image size of job updated: 181520
	29  -  MemoryUsage of job (MB)
	29480  -  ResidentSetSize of job (KB)
...
006 (8804666.000.000) 12/02 15:23:52 Image size of job updated: 190896
	29  -  MemoryUsage of job (MB)
	29480  -  ResidentSetSize of job (KB)
...
005 (8804666.000.000) 12/02 15:23:52 Job terminated.
	(1) Normal termination (return value 0)
		Usr 0 00:01:05, Sys 0 00:00:01  -  Run Remote Usage
		Usr 0 00:00:00, Sys 0 00:00:00  -  Run Local Usage
		Usr 0 00:01:05, Sys 0 00:00:01  -  Total Remote Usage
		Usr 0 00:00:00, Sys 0 00:00:00  -  Total Local Usage
	0  -  Run Bytes Sent By Job
	0  -  Run Bytes Received By Job
	0  -  Total Bytes Sent By Job
	0  -  Total Bytes Received By Job
	Partitionable Resources :    Usage  Request Allocated
	   Cpus                 :                 1         1
	   Disk (KB)            :        1        1  16724635
	   Memory (MB)          :       29        1      4023
...
000 (8882887.000.000) 12/04 00:57:26 Job submitted from host: <10.10.48.31:12542?addrs=10.10.48.31-12542>
...
001 (8882887.000.000) 12/04 00:57:38 Job executing on host: <10.10.48.41:20766?addrs=10.10.48.41-20766>
...
006 (8882887.000.000) 12/04 00:57:47 Image size of job updated: 184856
	33  -  MemoryUsage of job (MB)
	33152  -  ResidentSetSize of job (KB)
...
006 (8882887.000.000) 12/04 01:01:22 Image size of job updated: 191428
	33  -  MemoryUsage of job (MB)
	33152  -  ResidentSetSize of job (KB)
...
005 (8882887.000.000) 12/04 01:01:22 Job terminated.
	(1) Normal termination (return value 0)
		Usr 0 00:00:56, Sys 0 00:00:01  -  Run Remote Usage
		Usr 0 00:00:00, Sys 0 00:00:00  -  Run Local Usage
		Usr 0 00:00:56, Sys 0 00:00:01  -  Total Remote Usage
		Usr 0 00:00:00, Sys 0 00:00:00  -  Total Local Usage
	0  -  Run Bytes Sent By Job
	0  -  Run Bytes Received By Job
	0  -  Total Bytes Sent By Job
	0  -  Total Bytes Received By Job
	Partitionable Resources :    Usage  Request Allocated
	   Cpus                 :                 1         1
	   Disk (KB)            :        1        1  16724756
	   Memory (MB)          :       33        1      4023
...
