000 (8804754.000.000) 12/02 15:20:22 Job submitted from host: <10.10.48.31:12542?addrs=10.10.48.31-12542>
...
001 (8804754.000.000) 12/02 15:20:30 Job executing on host: <10.10.48.41:20766?addrs=10.10.48.41-20766>
...
006 (8804754.000.000) 12/02 15:20:38 Image size of job updated: 184972
	33  -  MemoryUsage of job (MB)
	33524  -  ResidentSetSize of job (KB)
...
006 (8804754.000.000) 12/02 15:25:38 Image size of job updated: 190536
	39  -  MemoryUsage of job (MB)
	39244  -  ResidentSetSize of job (KB)
...
005 (8804754.000.000) 12/02 15:30:31 Job terminated.
	(1) Normal termination (return value 0)
		Usr 0 00:03:17, Sys 0 00:00:05  -  Run Remote Usage
		Usr 0 00:00:00, Sys 0 00:00:00  -  Run Local Usage
		Usr 0 00:03:17, Sys 0 00:00:05  -  Total Remote Usage
		Usr 0 00:00:00, Sys 0 00:00:00  -  Total Local Usage
	0  -  Run Bytes Sent By Job
	0  -  Run Bytes Received By Job
	0  -  Total Bytes Sent By Job
	0  -  Total Bytes Received By Job
	Partitionable Resources :    Usage  Request Allocated
	   Cpus                 :                 1         1
	   Disk (KB)            :        1        1  16725587
	   Memory (MB)          :       39        1      4023
...
000 (8883090.000.000) 12/04 00:58:43 Job submitted from host: <10.10.48.31:12542?addrs=10.10.48.31-12542>
...
001 (8883090.000.000) 12/04 00:58:51 Job executing on host: <10.10.48.141:50603?addrs=10.10.48.141-50603>
...
006 (8883090.000.000) 12/04 00:58:57 Image size of job updated: 1
	0  -  MemoryUsage of job (MB)
	0  -  ResidentSetSize of job (KB)
...
005 (8883090.000.000) 12/04 00:58:57 Job terminated.
	(1) Normal termination (return value 0)
		Usr 0 00:00:00, Sys 0 00:00:00  -  Run Remote Usage
		Usr 0 00:00:00, Sys 0 00:00:00  -  Run Local Usage
		Usr 0 00:00:00, Sys 0 00:00:00  -  Total Remote Usage
		Usr 0 00:00:00, Sys 0 00:00:00  -  Total Local Usage
	0  -  Run Bytes Sent By Job
	0  -  Run Bytes Received By Job
	0  -  Total Bytes Sent By Job
	0  -  Total Bytes Received By Job
	Partitionable Resources :    Usage  Request Allocated
	   Cpus                 :                 1         1
	   Disk (KB)            :        1        1  13375290
	   Memory (MB)          :        0        1      6441
...
