000 (8804664.000.000) 12/02 15:19:03 Job submitted from host: <10.10.48.31:12542?addrs=10.10.48.31-12542>
...
001 (8804664.000.000) 12/02 15:19:20 Job executing on host: <10.10.48.35:61041?addrs=10.10.48.35-61041>
...
006 (8804664.000.000) 12/02 15:19:28 Image size of job updated: 181528
	29  -  MemoryUsage of job (MB)
	29336  -  ResidentSetSize of job (KB)
...
006 (8804664.000.000) 12/02 15:22:47 Image size of job updated: 190692
	29  -  MemoryUsage of job (MB)
	29336  -  ResidentSetSize of job (KB)
...
005 (8804664.000.000) 12/02 15:22:47 Job terminated.
	(1) Normal termination (return value 0)
		Usr 0 00:00:49, Sys 0 00:00:01  -  Run Remote Usage
		Usr 0 00:00:00, Sys 0 00:00:00  -  Run Local Usage
		Usr 0 00:00:49, Sys 0 00:00:01  -  Total Remote Usage
		Usr 0 00:00:00, Sys 0 00:00:00  -  Total Local Usage
	0  -  Run Bytes Sent By Job
	0  -  Run Bytes Received By Job
	0  -  Total Bytes Sent By Job
	0  -  Total Bytes Received By Job
	Partitionable Resources :    Usage  Request Allocated
	   Cpus                 :                 1         1
	   Disk (KB)            :        1        1  16724635
	   Memory (MB)          :       29        1      4023
...
000 (8882881.000.000) 12/04 00:57:26 Job submitted from host: <10.10.48.31:12542?addrs=10.10.48.31-12542>
...
001 (8882881.000.000) 12/04 00:57:32 Job executing on host: <10.10.48.41:20766?addrs=10.10.48.41-20766>
...
006 (8882881.000.000) 12/04 00:57:41 Image size of job updated: 190280
	38  -  MemoryUsage of job (MB)
	38644  -  ResidentSetSize of job (KB)
...
006 (8882881.000.000) 12/04 00:59:25 Image size of job updated: 190908
	38  -  MemoryUsage of job (MB)
	38644  -  ResidentSetSize of job (KB)
...
005 (8882881.000.000) 12/04 00:59:25 Job terminated.
	(1) Normal termination (return value 0)
		Usr 0 00:00:34, Sys 0 00:00:01  -  Run Remote Usage
		Usr 0 00:00:00, Sys 0 00:00:00  -  Run Local Usage
		Usr 0 00:00:34, Sys 0 00:00:01  -  Total Remote Usage
		Usr 0 00:00:00, Sys 0 00:00:00  -  Total Local Usage
	0  -  Run Bytes Sent By Job
	0  -  Run Bytes Received By Job
	0  -  Total Bytes Sent By Job
	0  -  Total Bytes Received By Job
	Partitionable Resources :    Usage  Request Allocated
	   Cpus                 :                 1         1
	   Disk (KB)            :        1        1  16724800
	   Memory (MB)          :       38        1      4023
...
