000 (8804737.000.000) 12/02 15:19:51 Job submitted from host: <10.10.48.31:12542?addrs=10.10.48.31-12542>
...
001 (8804737.000.000) 12/02 15:19:53 Job executing on host: <10.10.48.141:50603?addrs=10.10.48.141-50603>
...
006 (8804737.000.000) 12/02 15:20:01 Image size of job updated: 190076
	37  -  MemoryUsage of job (MB)
	37392  -  ResidentSetSize of job (KB)
...
005 (8804737.000.000) 12/02 15:20:09 Job terminated.
	(1) Normal termination (return value 0)
		Usr 0 00:00:01, Sys 0 00:00:00  -  Run Remote Usage
		Usr 0 00:00:00, Sys 0 00:00:00  -  Run Local Usage
		Usr 0 00:00:01, Sys 0 00:00:00  -  Total Remote Usage
		Usr 0 00:00:00, Sys 0 00:00:00  -  Total Local Usage
	0  -  Run Bytes Sent By Job
	0  -  Run Bytes Received By Job
	0  -  Total Bytes Sent By Job
	0  -  Total Bytes Received By Job
	Partitionable Resources :    Usage  Request Allocated
	   Cpus                 :                 1         1
	   Disk (KB)            :        1        1  13377328
	   Memory (MB)          :       37        1      6441
...
000 (8882990.000.000) 12/04 00:57:50 Job submitted from host: <10.10.48.31:12542?addrs=10.10.48.31-12542>
...
001 (8882990.000.000) 12/04 00:58:08 Job executing on host: <10.10.48.43:4900?addrs=10.10.48.43-4900>
...
006 (8882990.000.000) 12/04 00:58:17 Image size of job updated: 184976
	33  -  MemoryUsage of job (MB)
	33304  -  ResidentSetSize of job (KB)
...
006 (8882990.000.000) 12/04 01:03:18 Image size of job updated: 192048
	41  -  MemoryUsage of job (MB)
	41240  -  ResidentSetSize of job (KB)
...
006 (8882990.000.000) 12/04 01:08:18 Image size of job updated: 197496
	46  -  MemoryUsage of job (MB)
	46676  -  ResidentSetSize of job (KB)
...
006 (8882990.000.000) 12/04 01:08:58 Image size of job updated: 198292
	46  -  MemoryUsage of job (MB)
	46676  -  ResidentSetSize of job (KB)
...
005 (8882990.000.000) 12/04 01:08:58 Job terminated.
	(1) Normal termination (return value 0)
		Usr 0 00:03:53, Sys 0 00:00:05  -  Run Remote Usage
		Usr 0 00:00:00, Sys 0 00:00:00  -  Run Local Usage
		Usr 0 00:03:53, Sys 0 00:00:05  -  Total Remote Usage
		Usr 0 00:00:00, Sys 0 00:00:00  -  Total Local Usage
	0  -  Run Bytes Sent By Job
	0  -  Run Bytes Received By Job
	0  -  Total Bytes Sent By Job
	0  -  Total Bytes Received By Job
	Partitionable Resources :    Usage  Request Allocated
	   Cpus                 :                 1         1
	   Disk (KB)            :        1        1  16728447
	   Memory (MB)          :       46        1      4023
...
