000 (8804653.000.000) 12/02 15:19:01 Job submitted from host: <10.10.48.31:12542?addrs=10.10.48.31-12542>
...
001 (8804653.000.000) 12/02 15:19:21 Job executing on host: <10.10.48.141:50603?addrs=10.10.48.141-50603>
...
006 (8804653.000.000) 12/02 15:19:29 Image size of job updated: 184904
	33  -  MemoryUsage of job (MB)
	33228  -  ResidentSetSize of job (KB)
...
006 (8804653.000.000) 12/02 15:24:29 Image size of job updated: 190804
	39  -  MemoryUsage of job (MB)
	39512  -  ResidentSetSize of job (KB)
...
006 (8804653.000.000) 12/02 15:28:27 Image size of job updated: 191768
	39  -  MemoryUsage of job (MB)
	39512  -  ResidentSetSize of job (KB)
...
005 (8804653.000.000) 12/02 15:28:27 Job terminated.
	(1) Normal termination (return value 0)
		Usr 0 00:02:30, Sys 0 00:00:04  -  Run Remote Usage
		Usr 0 00:00:00, Sys 0 00:00:00  -  Run Local Usage
		Usr 0 00:02:30, Sys 0 00:00:04  -  Total Remote Usage
		Usr 0 00:00:00, Sys 0 00:00:00  -  Total Local Usage
	0  -  Run Bytes Sent By Job
	0  -  Run Bytes Received By Job
	0  -  Total Bytes Sent By Job
	0  -  Total Bytes Received By Job
	Partitionable Resources :    Usage  Request Allocated
	   Cpus                 :                 1         1
	   Disk (KB)            :        1        1  13377328
	   Memory (MB)          :       39        1      6441
...
000 (8882855.000.000) 12/04 00:57:23 Job submitted from host: <10.10.48.31:12542?addrs=10.10.48.31-12542>
...
001 (8882855.000.000) 12/04 00:57:26 Job executing on host: <10.10.48.141:50603?addrs=10.10.48.141-50603>
...
006 (8882855.000.000) 12/04 00:57:35 Image size of job updated: 185116
	32  -  MemoryUsage of job (MB)
	32132  -  ResidentSetSize of job (KB)
...
006 (8882855.000.000) 12/04 01:00:02 Image size of job updated: 190244
	32  -  MemoryUsage of job (MB)
	32132  -  ResidentSetSize of job (KB)
...
005 (8882855.000.000) 12/04 01:00:02 Job terminated.
	(1) Normal termination (return value 0)
		Usr 0 00:00:43, Sys 0 00:00:01  -  Run Remote Usage
		Usr 0 00:00:00, Sys 0 00:00:00  -  Run Local Usage
		Usr 0 00:00:43, Sys 0 00:00:01  -  Total Remote Usage
		Usr 0 00:00:00, Sys 0 00:00:00  -  Total Local Usage
	0  -  Run Bytes Sent By Job
	0  -  Run Bytes Received By Job
	0  -  Total Bytes Sent By Job
	0  -  Total Bytes Received By Job
	Partitionable Resources :    Usage  Request Allocated
	   Cpus                 :                 1         1
	   Disk (KB)            :        1        1  13375321
	   Memory (MB)          :       32        1      6441
...
