000 (8804773.000.000) 12/02 15:21:42 Job submitted from host: <10.10.48.31:12542?addrs=10.10.48.31-12542>
...
001 (8804773.000.000) 12/02 15:21:43 Job executing on host: <10.10.48.139:49429?addrs=10.10.48.139-49429>
...
006 (8804773.000.000) 12/02 15:21:52 Image size of job updated: 1
	2  -  MemoryUsage of job (MB)
	1864  -  ResidentSetSize of job (KB)
...
006 (8804773.000.000) 12/02 15:23:28 Image size of job updated: 191540
	2  -  MemoryUsage of job (MB)
	1864  -  ResidentSetSize of job (KB)
...
005 (8804773.000.000) 12/02 15:23:28 Job terminated.
	(1) Normal termination (return value 0)
		Usr 0 00:00:23, Sys 0 00:00:00  -  Run Remote Usage
		Usr 0 00:00:00, Sys 0 00:00:00  -  Run Local Usage
		Usr 0 00:00:23, Sys 0 00:00:00  -  Total Remote Usage
		Usr 0 00:00:00, Sys 0 00:00:00  -  Total Local Usage
	0  -  Run Bytes Sent By Job
	0  -  Run Bytes Received By Job
	0  -  Total Bytes Sent By Job
	0  -  Total Bytes Received By Job
	Partitionable Resources :    Usage  Request Allocated
	   Cpus                 :                 1         1
	   Disk (KB)            :        1        1  13383928
	   Memory (MB)          :        2        1      6441
...
000 (8883243.000.000) 12/04 00:59:55 Job submitted from host: <10.10.48.31:12542?addrs=10.10.48.31-12542>
...
001 (8883243.000.000) 12/04 00:59:58 Job executing on host: <10.10.48.41:20766?addrs=10.10.48.41-20766>
...
006 (8883243.000.000) 12/04 01:00:07 Image size of job updated: 184820
	33  -  MemoryUsage of job (MB)
	33440  -  ResidentSetSize of job (KB)
...
006 (8883243.000.000) 12/04 01:00:23 Image size of job updated: 190236
	33  -  MemoryUsage of job (MB)
	33440  -  ResidentSetSize of job (KB)
...
005 (8883243.000.000) 12/04 01:00:23 Job terminated.
	(1) Normal termination (return value 0)
		Usr 0 00:00:03, Sys 0 00:00:00  -  Run Remote Usage
		Usr 0 00:00:00, Sys 0 00:00:00  -  Run Local Usage
		Usr 0 00:00:03, Sys 0 00:00:00  -  Total Remote Usage
		Usr 0 00:00:00, Sys 0 00:00:00  -  Total Local Usage
	0  -  Run Bytes Sent By Job
	0  -  Run Bytes Received By Job
	0  -  Total Bytes Sent By Job
	0  -  Total Bytes Received By Job
	Partitionable Resources :    Usage  Request Allocated
	   Cpus                 :                 1         1
	   Disk (KB)            :        1        1  16724800
	   Memory (MB)          :       33        1      4023
...
