000 (8804698.000.000) 12/02 15:19:08 Job submitted from host: <10.10.48.31:12542?addrs=10.10.48.31-12542>
...
001 (8804698.000.000) 12/02 15:19:19 Job executing on host: <10.10.48.145:26377?addrs=10.10.48.145-26377>
...
006 (8804698.000.000) 12/02 15:19:28 Image size of job updated: 185124
	32  -  MemoryUsage of job (MB)
	32048  -  ResidentSetSize of job (KB)
...
006 (8804698.000.000) 12/02 15:23:03 Image size of job updated: 190764
	32  -  MemoryUsage of job (MB)
	32048  -  ResidentSetSize of job (KB)
...
005 (8804698.000.000) 12/02 15:23:03 Job terminated.
	(1) Normal termination (return value 0)
		Usr 0 00:00:49, Sys 0 00:00:01  -  Run Remote Usage
		Usr 0 00:00:00, Sys 0 00:00:00  -  Run Local Usage
		Usr 0 00:00:49, Sys 0 00:00:01  -  Total Remote Usage
		Usr 0 00:00:00, Sys 0 00:00:00  -  Total Local Usage
	0  -  Run Bytes Sent By Job
	0  -  Run Bytes Received By Job
	0  -  Total Bytes Sent By Job
	0  -  Total Bytes Received By Job
	Partitionable Resources :    Usage  Request Allocated
	   Cpus                 :                 1         1
	   Disk (KB)            :        1        1  13384545
	   Memory (MB)          :       32        1      6441
...
000 (8882951.000.000) 12/04 00:57:32 Job submitted from host: <10.10.48.31:12542?addrs=10.10.48.31-12542>
...
001 (8882951.000.000) 12/04 00:58:08 Job executing on host: <10.10.48.139:49429?addrs=10.10.48.139-49429>
...
006 (8882951.000.000) 12/04 00:58:17 Image size of job updated: 181552
	29  -  MemoryUsage of job (MB)
	29212  -  ResidentSetSize of job (KB)
...
006 (8882951.000.000) 12/04 01:03:18 Image size of job updated: 193048
	41  -  MemoryUsage of job (MB)
	41780  -  ResidentSetSize of job (KB)
...
006 (8882951.000.000) 12/04 01:07:32 Image size of job updated: 200576
	41  -  MemoryUsage of job (MB)
	41780  -  ResidentSetSize of job (KB)
...
005 (8882951.000.000) 12/04 01:07:32 Job terminated.
	(1) Normal termination (return value 0)
		Usr 0 00:03:03, Sys 0 00:00:04  -  Run Remote Usage
		Usr 0 00:00:00, Sys 0 00:00:00  -  Run Local Usage
		Usr 0 00:03:03, Sys 0 00:00:04  -  Total Remote Usage
		Usr 0 00:00:00, Sys 0 00:00:00  -  Total Local Usage
	0  -  Run Bytes Sent By Job
	0  -  Run Bytes Received By Job
	0  -  Total Bytes Sent By Job
	0  -  Total Bytes Received By Job
	Partitionable Resources :    Usage  Request Allocated
	   Cpus                 :                 1         1
	   Disk (KB)            :        1        1  13383709
	   Memory (MB)          :       41        1      6441
...
