000 (8804720.000.000) 12/02 15:19:11 Job submitted from host: <10.10.48.31:12542?addrs=10.10.48.31-12542>
...
001 (8804720.000.000) 12/02 15:19:21 Job executing on host: <10.10.48.143:50448?addrs=10.10.48.143-50448>
...
006 (8804720.000.000) 12/02 15:19:30 Image size of job updated: 116120
	18  -  MemoryUsage of job (MB)
	17528  -  ResidentSetSize of job (KB)
...
006 (8804720.000.000) 12/02 15:22:18 Image size of job updated: 191216
	18  -  MemoryUsage of job (MB)
	17528  -  ResidentSetSize of job (KB)
...
005 (8804720.000.000) 12/02 15:22:18 Job terminated.
	(1) Normal termination (return value 0)
		Usr 0 00:00:35, Sys 0 00:00:00  -  Run Remote Usage
		Usr 0 00:00:00, Sys 0 00:00:00  -  Run Local Usage
		Usr 0 00:00:35, Sys 0 00:00:00  -  Total Remote Usage
		Usr 0 00:00:00, Sys 0 00:00:00  -  Total Local Usage
	0  -  Run Bytes Sent By Job
	0  -  Run Bytes Received By Job
	0  -  Total Bytes Sent By Job
	0  -  Total Bytes Received By Job
	Partitionable Resources :    Usage  Request Allocated
	   Cpus                 :                 1         1
	   Disk (KB)            :        1        1  13384535
	   Memory (MB)          :       18        1      6441
...
000 (8882973.000.000) 12/04 00:57:35 Job submitted from host: <10.10.48.31:12542?addrs=10.10.48.31-12542>
...
001 (8882973.000.000) 12/04 00:58:09 Job executing on host: <10.10.48.145:26377?addrs=10.10.48.145-26377>
...
006 (8882973.000.000) 12/04 00:58:18 Image size of job updated: 181520
	29  -  MemoryUsage of job (MB)
	29240  -  ResidentSetSize of job (KB)
...
006 (8882973.000.000) 12/04 01:03:19 Image size of job updated: 193236
	41  -  MemoryUsage of job (MB)
	41860  -  ResidentSetSize of job (KB)
...
006 (8882973.000.000) 12/04 01:08:20 Image size of job updated: 203180
	51  -  MemoryUsage of job (MB)
	51944  -  ResidentSetSize of job (KB)
...
006 (8882973.000.000) 12/04 01:09:09 Image size of job updated: 204764
	51  -  MemoryUsage of job (MB)
	51944  -  ResidentSetSize of job (KB)
...
005 (8882973.000.000) 12/04 01:09:09 Job terminated.
	(1) Normal termination (return value 0)
		Usr 0 00:03:46, Sys 0 00:00:05  -  Run Remote Usage
		Usr 0 00:00:00, Sys 0 00:00:00  -  Run Local Usage
		Usr 0 00:03:46, Sys 0 00:00:05  -  Total Remote Usage
		Usr 0 00:00:00, Sys 0 00:00:00  -  Total Local Usage
	0  -  Run Bytes Sent By Job
	0  -  Run Bytes Received By Job
	0  -  Total Bytes Sent By Job
	0  -  Total Bytes Received By Job
	Partitionable Resources :    Usage  Request Allocated
	   Cpus                 :                 1         1
	   Disk (KB)            :        1        1  13384792
	   Memory (MB)          :       51        1      6441
...
