000 (8804759.000.000) 12/02 15:20:35 Job submitted from host: <10.10.48.31:12542?addrs=10.10.48.31-12542>
...
001 (8804759.000.000) 12/02 15:20:40 Job executing on host: <10.10.48.43:4900?addrs=10.10.48.43-4900>
...
006 (8804759.000.000) 12/02 15:20:48 Image size of job updated: 1
	2  -  MemoryUsage of job (MB)
	1816  -  ResidentSetSize of job (KB)
...
006 (8804759.000.000) 12/02 15:24:03 Image size of job updated: 190376
	2  -  MemoryUsage of job (MB)
	1816  -  ResidentSetSize of job (KB)
...
005 (8804759.000.000) 12/02 15:24:03 Job terminated.
	(1) Normal termination (return value 0)
		Usr 0 00:00:46, Sys 0 00:00:01  -  Run Remote Usage
		Usr 0 00:00:00, Sys 0 00:00:00  -  Run Local Usage
		Usr 0 00:00:46, Sys 0 00:00:01  -  Total Remote Usage
		Usr 0 00:00:00, Sys 0 00:00:00  -  Total Local Usage
	0  -  Run Bytes Sent By Job
	0  -  Run Bytes Received By Job
	0  -  Total Bytes Sent By Job
	0  -  Total Bytes Received By Job
	Partitionable Resources :    Usage  Request Allocated
	   Cpus                 :                 1         1
	   Disk (KB)            :        1        1  16728201
	   Memory (MB)          :        2        1      4023
...
000 (8883146.000.000) 12/04 00:58:57 Job submitted from host: <10.10.48.31:12542?addrs=10.10.48.31-12542>
...
001 (8883146.000.000) 12/04 00:59:05 Job executing on host: <10.10.48.139:49429?addrs=10.10.48.139-49429>
...
006 (8883146.000.000) 12/04 00:59:14 Image size of job updated: 184856
	32  -  MemoryUsage of job (MB)
	31864  -  ResidentSetSize of job (KB)
...
006 (8883146.000.000) 12/04 01:02:51 Image size of job updated: 191312
	32  -  MemoryUsage of job (MB)
	31864  -  ResidentSetSize of job (KB)
...
005 (8883146.000.000) 12/04 01:02:51 Job terminated.
	(1) Normal termination (return value 0)
		Usr 0 00:00:54, Sys 0 00:00:01  -  Run Remote Usage
		Usr 0 00:00:00, Sys 0 00:00:00  -  Run Local Usage
		Usr 0 00:00:54, Sys 0 00:00:01  -  Total Remote Usage
		Usr 0 00:00:00, Sys 0 00:00:00  -  Total Local Usage
	0  -  Run Bytes Sent By Job
	0  -  Run Bytes Received By Job
	0  -  Total Bytes Sent By Job
	0  -  Total Bytes Received By Job
	Partitionable Resources :    Usage  Request Allocated
	   Cpus                 :                 1         1
	   Disk (KB)            :        1        1  13383767
	   Memory (MB)          :       32        1      6441
...
