000 (8804675.000.000) 12/02 15:19:05 Job submitted from host: <10.10.48.31:12542?addrs=10.10.48.31-12542>
...
001 (8804675.000.000) 12/02 15:19:22 Job executing on host: <10.10.48.35:61041?addrs=10.10.48.35-61041>
...
006 (8804675.000.000) 12/02 15:19:30 Image size of job updated: 146600
	24  -  MemoryUsage of job (MB)
	24552  -  ResidentSetSize of job (KB)
...
006 (8804675.000.000) 12/02 15:22:13 Image size of job updated: 190620
	24  -  MemoryUsage of job (MB)
	24552  -  ResidentSetSize of job (KB)
...
005 (8804675.000.000) 12/02 15:22:13 Job terminated.
	(1) Normal termination (return value 0)
		Usr 0 00:00:38, Sys 0 00:00:01  -  Run Remote Usage
		Usr 0 00:00:00, Sys 0 00:00:00  -  Run Local Usage
		Usr 0 00:00:38, Sys 0 00:00:01  -  Total Remote Usage
		Usr 0 00:00:00, Sys 0 00:00:00  -  Total Local Usage
	0  -  Run Bytes Sent By Job
	0  -  Run Bytes Received By Job
	0  -  Total Bytes Sent By Job
	0  -  Total Bytes Received By Job
	Partitionable Resources :    Usage  Request Allocated
	   Cpus                 :                 1         1
	   Disk (KB)            :        1        1  16724635
	   Memory (MB)          :       24        1      4023
...
000 (8882914.000.000) 12/04 00:57:28 Job submitted from host: <10.10.48.31:12542?addrs=10.10.48.31-12542>
...
001 (8882914.000.000) 12/04 00:57:46 Job executing on host: <10.10.48.35:61041?addrs=10.10.48.35-61041>
...
006 (8882914.000.000) 12/04 00:57:54 Image size of job updated: 183240
	31  -  MemoryUsage of job (MB)
	31240  -  ResidentSetSize of job (KB)
...
006 (8882914.000.000) 12/04 01:01:49 Image size of job updated: 191340
	31  -  MemoryUsage of job (MB)
	31240  -  ResidentSetSize of job (KB)
...
005 (8882914.000.000) 12/04 01:01:49 Job terminated.
	(1) Normal termination (return value 0)
		Usr 0 00:00:53, Sys 0 00:00:01  -  Run Remote Usage
		Usr 0 00:00:00, Sys 0 00:00:00  -  Run Local Usage
		Usr 0 00:00:53, Sys 0 00:00:01  -  Total Remote Usage
		Usr 0 00:00:00, Sys 0 00:00:00  -  Total Local Usage
	0  -  Run Bytes Sent By Job
	0  -  Run Bytes Received By Job
	0  -  Total Bytes Sent By Job
	0  -  Total Bytes Received By Job
	Partitionable Resources :    Usage  Request Allocated
	   Cpus                 :                 1         1
	   Disk (KB)            :        1        1  16722433
	   Memory (MB)          :       31        1      4023
...
