000 (8804639.000.000) 12/02 15:19:00 Job submitted from host: <10.10.48.31:12542?addrs=10.10.48.31-12542>
...
001 (8804639.000.000) 12/02 15:19:20 Job executing on host: <10.10.48.41:20766?addrs=10.10.48.41-20766>
...
006 (8804639.000.000) 12/02 15:19:28 Image size of job updated: 184832
	33  -  MemoryUsage of job (MB)
	33596  -  ResidentSetSize of job (KB)
...
006 (8804639.000.000) 12/02 15:20:21 Image size of job updated: 190392
	33  -  MemoryUsage of job (MB)
	33596  -  ResidentSetSize of job (KB)
...
005 (8804639.000.000) 12/02 15:20:21 Job terminated.
	(1) Normal termination (return value 0)
		Usr 0 00:00:16, Sys 0 00:00:00  -  Run Remote Usage
		Usr 0 00:00:00, Sys 0 00:00:00  -  Run Local Usage
		Usr 0 00:00:16, Sys 0 00:00:00  -  Total Remote Usage
		Usr 0 00:00:00, Sys 0 00:00:00  -  Total Local Usage
	0  -  Run Bytes Sent By Job
	0  -  Run Bytes Received By Job
	0  -  Total Bytes Sent By Job
	0  -  Total Bytes Received By Job
	Partitionable Resources :    Usage  Request Allocated
	   Cpus                 :                 1         1
	   Disk (KB)            :        1        1  16725587
	   Memory (MB)          :       33        1      4023
...
000 (8880636.000.000) 12/04 00:29:59 Job submitted from host: <10.10.48.31:12542?addrs=10.10.48.31-12542>
...
001 (8880636.000.000) 12/04 00:30:08 Job executing on host: <10.10.48.141:50603?addrs=10.10.48.141-50603>
...
006 (8880636.000.000) 12/04 00:30:14 Image size of job updated: 190600
	0  -  MemoryUsage of job (MB)
	0  -  ResidentSetSize of job (KB)
...
005 (8880636.000.000) 12/04 00:30:14 Job terminated.
	(1) Normal termination (return value 0)
		Usr 0 00:00:03, Sys 0 00:00:00  -  Run Remote Usage
		Usr 0 00:00:00, Sys 0 00:00:00  -  Run Local Usage
		Usr 0 00:00:03, Sys 0 00:00:00  -  Total Remote Usage
		Usr 0 00:00:00, Sys 0 00:00:00  -  Total Local Usage
	0  -  Run Bytes Sent By Job
	0  -  Run Bytes Received By Job
	0  -  Total Bytes Sent By Job
	0  -  Total Bytes Received By Job
	Partitionable Resources :    Usage  Request Allocated
	   Cpus                 :                 1         1
	   Disk (KB)            :        1        1  13375601
	   Memory (MB)          :        0        1      6441
...
000 (8882841.000.000) 12/04 00:57:21 Job submitted from host: <10.10.48.31:12542?addrs=10.10.48.31-12542>
...
001 (8882841.000.000) 12/04 00:57:24 Job executing on host: <10.10.48.141:50603?addrs=10.10.48.141-50603>
...
006 (8882841.000.000) 12/04 00:57:31 Image size of job updated: 190196
	0  -  MemoryUsage of job (MB)
	0  -  ResidentSetSize of job (KB)
...
005 (8882841.000.000) 12/04 00:57:31 Job terminated.
	(1) Normal termination (return value 0)
		Usr 0 00:00:03, Sys 0 00:00:00  -  Run Remote Usage
		Usr 0 00:00:00, Sys 0 00:00:00  -  Run Local Usage
		Usr 0 00:00:03, Sys 0 00:00:00  -  Total Remote Usage
		Usr 0 00:00:00, Sys 0 00:00:00  -  Total Local Usage
	0  -  Run Bytes Sent By Job
	0  -  Run Bytes Received By Job
	0  -  Total Bytes Sent By Job
	0  -  Total Bytes Received By Job
	Partitionable Resources :    Usage  Request Allocated
	   Cpus                 :                 1         1
	   Disk (KB)            :        1        1  13375322
	   Memory (MB)          :        0        1      6441
...
