000 (8804686.000.000) 12/02 15:19:06 Job submitted from host: <10.10.48.31:12542?addrs=10.10.48.31-12542>
...
001 (8804686.000.000) 12/02 15:19:21 Job executing on host: <10.10.48.139:49429?addrs=10.10.48.139-49429>
...
006 (8804686.000.000) 12/02 15:19:29 Image size of job updated: 181560
	29  -  MemoryUsage of job (MB)
	29252  -  ResidentSetSize of job (KB)
...
006 (8804686.000.000) 12/02 15:24:29 Image size of job updated: 190888
	39  -  MemoryUsage of job (MB)
	39508  -  ResidentSetSize of job (KB)
...
006 (8804686.000.000) 12/02 15:29:30 Image size of job updated: 192068
	40  -  MemoryUsage of job (MB)
	40916  -  ResidentSetSize of job (KB)
...
006 (8804686.000.000) 12/02 15:34:30 Image size of job updated: 193588
	42  -  MemoryUsage of job (MB)
	42920  -  ResidentSetSize of job (KB)
...
006 (8804686.000.000) 12/02 15:39:30 Image size of job updated: 195492
	44  -  MemoryUsage of job (MB)
	44708  -  ResidentSetSize of job (KB)
...
006 (8804686.000.000) 12/02 15:39:47 Image size of job updated: 195664
	44  -  MemoryUsage of job (MB)
	44708  -  ResidentSetSize of job (KB)
...
005 (8804686.000.000) 12/02 15:39:47 Job terminated.
	(1) Normal termination (return value 0)
		Usr 0 00:07:10, Sys 0 00:00:11  -  Run Remote Usage
		Usr 0 00:00:00, Sys 0 00:00:00  -  Run Local Usage
		Usr 0 00:07:10, Sys 0 00:00:11  -  Total Remote Usage
		Usr 0 00:00:00, Sys 0 00:00:00  -  Total Local Usage
	0  -  Run Bytes Sent By Job
	0  -  Run Bytes Received By Job
	0  -  Total Bytes Sent By Job
	0  -  Total Bytes Received By Job
	Partitionable Resources :    Usage  Request Allocated
	   Cpus                 :                 1         1
	   Disk (KB)            :        1        1  13383979
	   Memory (MB)          :       44        1      6441
...
000 (8882939.000.000) 12/04 00:57:29 Job submitted from host: <10.10.48.31:12542?addrs=10.10.48.31-12542>
...
001 (8882939.000.000) 12/04 00:57:48 Job executing on host: <10.10.48.35:61041?addrs=10.10.48.35-61041>
...
006 (8882939.000.000) 12/04 00:57:56 Image size of job updated: 184856
	33  -  MemoryUsage of job (MB)
	33212  -  ResidentSetSize of job (KB)
...
006 (8882939.000.000) 12/04 01:02:17 Image size of job updated: 191408
	33  -  MemoryUsage of job (MB)
	33212  -  ResidentSetSize of job (KB)
...
005 (8882939.000.000) 12/04 01:02:17 Job terminated.
	(1) Normal termination (return value 0)
		Usr 0 00:00:58, Sys 0 00:00:01  -  Run Remote Usage
		Usr 0 00:00:00, Sys 0 00:00:00  -  Run Local Usage
		Usr 0 00:00:58, Sys 0 00:00:01  -  Total Remote Usage
		Usr 0 00:00:00, Sys 0 00:00:00  -  Total Local Usage
	0  -  Run Bytes Sent By Job
	0  -  Run Bytes Received By Job
	0  -  Total Bytes Sent By Job
	0  -  Total Bytes Received By Job
	Partitionable Resources :    Usage  Request Allocated
	   Cpus                 :                 1         1
	   Disk (KB)            :        1        1  16722378
	   Memory (MB)          :       33        1      4023
...
