000 (8804791.000.000) 12/02 15:23:07 Job submitted from host: <10.10.48.31:12542?addrs=10.10.48.31-12542>
...
001 (8804791.000.000) 12/02 15:23:11 Job executing on host: <10.10.48.41:20766?addrs=10.10.48.41-20766>
...
006 (8804791.000.000) 12/02 15:23:20 Image size of job updated: 1
	2  -  MemoryUsage of job (MB)
	1812  -  ResidentSetSize of job (KB)
...
006 (8804791.000.000) 12/02 15:28:22 Image size of job updated: 193992
	43  -  MemoryUsage of job (MB)
	43388  -  ResidentSetSize of job (KB)
...
006 (8804791.000.000) 12/02 15:33:22 Image size of job updated: 207388
	56  -  MemoryUsage of job (MB)
	56816  -  ResidentSetSize of job (KB)
...
006 (8804791.000.000) 12/02 15:38:22 Image size of job updated: 220424
	69  -  MemoryUsage of job (MB)
	69832  -  ResidentSetSize of job (KB)
...
006 (8804791.000.000) 12/02 15:41:45 Image size of job updated: 230392
	69  -  MemoryUsage of job (MB)
	69832  -  ResidentSetSize of job (KB)
...
005 (8804791.000.000) 12/02 15:41:45 Job terminated.
	(1) Normal termination (return value 0)
		Usr 0 00:08:47, Sys 0 00:00:14  -  Run Remote Usage
		Usr 0 00:00:00, Sys 0 00:00:00  -  Run Local Usage
		Usr 0 00:08:47, Sys 0 00:00:14  -  Total Remote Usage
		Usr 0 00:00:00, Sys 0 00:00:00  -  Total Local Usage
	0  -  Run Bytes Sent By Job
	0  -  Run Bytes Received By Job
	0  -  Total Bytes Sent By Job
	0  -  Total Bytes Received By Job
	Partitionable Resources :    Usage  Request Allocated
	   Cpus                 :                 1         1
	   Disk (KB)            :        1        1  16725590
	   Memory (MB)          :       69        1      4023
...
