000 (8804714.000.000) 12/02 15:19:10 Job submitted from host: <10.10.48.31:12542?addrs=10.10.48.31-12542>
...
001 (8804714.000.000) 12/02 15:19:23 Job executing on host: <10.10.48.145:26377?addrs=10.10.48.145-26377>
...
006 (8804714.000.000) 12/02 15:19:31 Image size of job updated: 177412
	29  -  MemoryUsage of job (MB)
	29544  -  ResidentSetSize of job (KB)
...
006 (8804714.000.000) 12/02 15:19:38 Image size of job updated: 190440
	29  -  MemoryUsage of job (MB)
	29544  -  ResidentSetSize of job (KB)
...
005 (8804714.000.000) 12/02 15:19:38 Job terminated.
	(1) Normal termination (return value 0)
		Usr 0 00:00:02, Sys 0 00:00:00  -  Run Remote Usage
		Usr 0 00:00:00, Sys 0 00:00:00  -  Run Local Usage
		Usr 0 00:00:02, Sys 0 00:00:00  -  Total Remote Usage
		Usr 0 00:00:00, Sys 0 00:00:00  -  Total Local Usage
	0  -  Run Bytes Sent By Job
	0  -  Run Bytes Received By Job
	0  -  Total Bytes Sent By Job
	0  -  Total Bytes Received By Job
	Partitionable Resources :    Usage  Request Allocated
	   Cpus                 :                 1         1
	   Disk (KB)            :        1        1  13384545
	   Memory (MB)          :       29        1      6441
...
000 (8882967.000.000) 12/04 00:57:34 Job submitted from host: <10.10.48.31:12542?addrs=10.10.48.31-12542>
...
001 (8882967.000.000) 12/04 00:58:08 Job executing on host: <10.10.48.145:26377?addrs=10.10.48.145-26377>
...
006 (8882967.000.000) 12/04 00:58:17 Image size of job updated: 181524
	29  -  MemoryUsage of job (MB)
	29648  -  ResidentSetSize of job (KB)
...
006 (8882967.000.000) 12/04 01:03:18 Image size of job updated: 193656
	42  -  MemoryUsage of job (MB)
	42968  -  ResidentSetSize of job (KB)
...
006 (8882967.000.000) 12/04 01:08:18 Image size of job updated: 204316
	53  -  MemoryUsage of job (MB)
	53748  -  ResidentSetSize of job (KB)
...
005 (8882967.000.000) 12/04 01:08:18 Job terminated.
	(1) Normal termination (return value 0)
		Usr 0 00:03:20, Sys 0 00:00:05  -  Run Remote Usage
		Usr 0 00:00:00, Sys 0 00:00:00  -  Run Local Usage
		Usr 0 00:03:20, Sys 0 00:00:05  -  Total Remote Usage
		Usr 0 00:00:00, Sys 0 00:00:00  -  Total Local Usage
	0  -  Run Bytes Sent By Job
	0  -  Run Bytes Received By Job
	0  -  Total Bytes Sent By Job
	0  -  Total Bytes Received By Job
	Partitionable Resources :    Usage  Request Allocated
	   Cpus                 :                 1         1
	   Disk (KB)            :        1        1  13384792
	   Memory (MB)          :       53        1      6441
...
