000 (8804752.000.000) 12/02 15:20:18 Job submitted from host: <10.10.48.31:12542?addrs=10.10.48.31-12542>
...
001 (8804752.000.000) 12/02 15:20:20 Job executing on host: <10.10.48.145:26377?addrs=10.10.48.145-26377>
...
006 (8804752.000.000) 12/02 15:20:28 Image size of job updated: 184956
	32  -  MemoryUsage of job (MB)
	31912  -  ResidentSetSize of job (KB)
...
006 (8804752.000.000) 12/02 15:22:18 Image size of job updated: 190360
	32  -  MemoryUsage of job (MB)
	31912  -  ResidentSetSize of job (KB)
...
005 (8804752.000.000) 12/02 15:22:18 Job terminated.
	(1) Normal termination (return value 0)
		Usr 0 00:00:22, Sys 0 00:00:00  -  Run Remote Usage
		Usr 0 00:00:00, Sys 0 00:00:00  -  Run Local Usage
		Usr 0 00:00:22, Sys 0 00:00:00  -  Total Remote Usage
		Usr 0 00:00:00, Sys 0 00:00:00  -  Total Local Usage
	0  -  Run Bytes Sent By Job
	0  -  Run Bytes Received By Job
	0  -  Total Bytes Sent By Job
	0  -  Total Bytes Received By Job
	Partitionable Resources :    Usage  Request Allocated
	   Cpus                 :                 1         1
	   Disk (KB)            :        1        1  13384517
	   Memory (MB)          :       32        1      6441
...
000 (8883088.000.000) 12/04 00:58:41 Job submitted from host: <10.10.48.31:12542?addrs=10.10.48.31-12542>
...
001 (8883088.000.000) 12/04 00:58:50 Job executing on host: <10.10.48.41:20766?addrs=10.10.48.41-20766>
...
006 (8883088.000.000) 12/04 00:58:57 Image size of job updated: 190080
	0  -  MemoryUsage of job (MB)
	0  -  ResidentSetSize of job (KB)
...
005 (8883088.000.000) 12/04 00:58:57 Job terminated.
	(1) Normal termination (return value 0)
		Usr 0 00:00:01, Sys 0 00:00:00  -  Run Remote Usage
		Usr 0 00:00:00, Sys 0 00:00:00  -  Run Local Usage
		Usr 0 00:00:01, Sys 0 00:00:00  -  Total Remote Usage
		Usr 0 00:00:00, Sys 0 00:00:00  -  Total Local Usage
	0  -  Run Bytes Sent By Job
	0  -  Run Bytes Received By Job
	0  -  Total Bytes Sent By Job
	0  -  Total Bytes Received By Job
	Partitionable Resources :    Usage  Request Allocated
	   Cpus                 :                 1         1
	   Disk (KB)            :        1        1  16724760
	   Memory (MB)          :        0        1      4023
...
