000 (8804709.000.000) 12/02 15:19:09 Job submitted from host: <10.10.48.31:12542?addrs=10.10.48.31-12542>
...
001 (8804709.000.000) 12/02 15:19:22 Job executing on host: <10.10.48.145:26377?addrs=10.10.48.145-26377>
...
006 (8804709.000.000) 12/02 15:19:30 Image size of job updated: 181552
	29  -  MemoryUsage of job (MB)
	29204  -  ResidentSetSize of job (KB)
...
006 (8804709.000.000) 12/02 15:24:30 Image size of job updated: 192268
	41  -  MemoryUsage of job (MB)
	41016  -  ResidentSetSize of job (KB)
...
006 (8804709.000.000) 12/02 15:24:58 Image size of job updated: 192468
	41  -  MemoryUsage of job (MB)
	41016  -  ResidentSetSize of job (KB)
...
005 (8804709.000.000) 12/02 15:24:58 Job terminated.
	(1) Normal termination (return value 0)
		Usr 0 00:01:08, Sys 0 00:00:01  -  Run Remote Usage
		Usr 0 00:00:00, Sys 0 00:00:00  -  Run Local Usage
		Usr 0 00:01:08, Sys 0 00:00:01  -  Total Remote Usage
		Usr 0 00:00:00, Sys 0 00:00:00  -  Total Local Usage
	0  -  Run Bytes Sent By Job
	0  -  Run Bytes Received By Job
	0  -  Total Bytes Sent By Job
	0  -  Total Bytes Received By Job
	Partitionable Resources :    Usage  Request Allocated
	   Cpus                 :                 1         1
	   Disk (KB)            :        1        1  13384545
	   Memory (MB)          :       41        1      6441
...
000 (8882962.000.000) 12/04 00:57:34 Job submitted from host: <10.10.48.31:12542?addrs=10.10.48.31-12542>
...
001 (8882962.000.000) 12/04 00:58:10 Job executing on host: <10.10.48.139:49429?addrs=10.10.48.139-49429>
...
006 (8882962.000.000) 12/04 00:58:19 Image size of job updated: 177452
	29  -  MemoryUsage of job (MB)
	29228  -  ResidentSetSize of job (KB)
...
006 (8882962.000.000) 12/04 01:03:20 Image size of job updated: 193024
	41  -  MemoryUsage of job (MB)
	41688  -  ResidentSetSize of job (KB)
...
006 (8882962.000.000) 12/04 01:08:21 Image size of job updated: 201636
	50  -  MemoryUsage of job (MB)
	50340  -  ResidentSetSize of job (KB)
...
006 (8882962.000.000) 12/04 01:09:00 Image size of job updated: 202900
	50  -  MemoryUsage of job (MB)
	50340  -  ResidentSetSize of job (KB)
...
005 (8882962.000.000) 12/04 01:09:00 Job terminated.
	(1) Normal termination (return value 0)
		Usr 0 00:03:54, Sys 0 00:00:05  -  Run Remote Usage
		Usr 0 00:00:00, Sys 0 00:00:00  -  Run Local Usage
		Usr 0 00:03:54, Sys 0 00:00:05  -  Total Remote Usage
		Usr 0 00:00:00, Sys 0 00:00:00  -  Total Local Usage
	0  -  Run Bytes Sent By Job
	0  -  Run Bytes Received By Job
	0  -  Total Bytes Sent By Job
	0  -  Total Bytes Received By Job
	Partitionable Resources :    Usage  Request Allocated
	   Cpus                 :                 1         1
	   Disk (KB)            :        1        1  13383767
	   Memory (MB)          :       50        1      6441
...
