000 (8804650.000.000) 12/02 15:19:01 Job submitted from host: <10.10.48.31:12542?addrs=10.10.48.31-12542>
...
001 (8804650.000.000) 12/02 15:19:20 Job executing on host: <10.10.48.141:50603?addrs=10.10.48.141-50603>
...
006 (8804650.000.000) 12/02 15:19:30 Image size of job updated: 190144
	36  -  MemoryUsage of job (MB)
	36724  -  ResidentSetSize of job (KB)
...
006 (8804650.000.000) 12/02 15:19:52 Image size of job updated: 190240
	36  -  MemoryUsage of job (MB)
	36724  -  ResidentSetSize of job (KB)
...
005 (8804650.000.000) 12/02 15:19:52 Job terminated.
	(1) Normal termination (return value 0)
		Usr 0 00:00:05, Sys 0 00:00:00  -  Run Remote Usage
		Usr 0 00:00:00, Sys 0 00:00:00  -  Run Local Usage
		Usr 0 00:00:05, Sys 0 00:00:00  -  Total Remote Usage
		Usr 0 00:00:00, Sys 0 00:00:00  -  Total Local Usage
	0  -  Run Bytes Sent By Job
	0  -  Run Bytes Received By Job
	0  -  Total Bytes Sent By Job
	0  -  Total Bytes Received By Job
	Partitionable Resources :    Usage  Request Allocated
	   Cpus                 :                 1         1
	   Disk (KB)            :        1        1  13377328
	   Memory (MB)          :       36        1      6441
...
000 (8882852.000.000) 12/04 00:57:23 Job submitted from host: <10.10.48.31:12542?addrs=10.10.48.31-12542>
...
001 (8882852.000.000) 12/04 00:57:26 Job executing on host: <10.10.48.141:50603?addrs=10.10.48.141-50603>
...
006 (8882852.000.000) 12/04 00:57:35 Image size of job updated: 185148
	32  -  MemoryUsage of job (MB)
	32008  -  ResidentSetSize of job (KB)
...
006 (8882852.000.000) 12/04 01:00:17 Image size of job updated: 190060
	32  -  MemoryUsage of job (MB)
	32008  -  ResidentSetSize of job (KB)
...
005 (8882852.000.000) 12/04 01:00:17 Job terminated.
	(1) Normal termination (return value 0)
		Usr 0 00:00:36, Sys 0 00:00:01  -  Run Remote Usage
		Usr 0 00:00:00, Sys 0 00:00:00  -  Run Local Usage
		Usr 0 00:00:36, Sys 0 00:00:01  -  Total Remote Usage
		Usr 0 00:00:00, Sys 0 00:00:00  -  Total Local Usage
	0  -  Run Bytes Sent By Job
	0  -  Run Bytes Received By Job
	0  -  Total Bytes Sent By Job
	0  -  Total Bytes Received By Job
	Partitionable Resources :    Usage  Request Allocated
	   Cpus                 :                 1         1
	   Disk (KB)            :        1        1  13375338
	   Memory (MB)          :       32        1      6441
...
