000 (8804657.000.000) 12/02 15:19:02 Job submitted from host: <10.10.48.31:12542?addrs=10.10.48.31-12542>
...
001 (8804657.000.000) 12/02 15:19:21 Job executing on host: <10.10.48.141:50603?addrs=10.10.48.141-50603>
...
006 (8804657.000.000) 12/02 15:19:30 Image size of job updated: 185228
	32  -  MemoryUsage of job (MB)
	32100  -  ResidentSetSize of job (KB)
...
006 (8804657.000.000) 12/02 15:24:30 Image size of job updated: 190652
	38  -  MemoryUsage of job (MB)
	38108  -  ResidentSetSize of job (KB)
...
006 (8804657.000.000) 12/02 15:29:30 Image size of job updated: 191836
	39  -  MemoryUsage of job (MB)
	39704  -  ResidentSetSize of job (KB)
...
006 (8804657.000.000) 12/02 15:31:17 Image size of job updated: 192476
	39  -  MemoryUsage of job (MB)
	39704  -  ResidentSetSize of job (KB)
...
005 (8804657.000.000) 12/02 15:31:17 Job terminated.
	(1) Normal termination (return value 0)
		Usr 0 00:03:46, Sys 0 00:00:05  -  Run Remote Usage
		Usr 0 00:00:00, Sys 0 00:00:00  -  Run Local Usage
		Usr 0 00:03:46, Sys 0 00:00:05  -  Total Remote Usage
		Usr 0 00:00:00, Sys 0 00:00:00  -  Total Local Usage
	0  -  Run Bytes Sent By Job
	0  -  Run Bytes Received By Job
	0  -  Total Bytes Sent By Job
	0  -  Total Bytes Received By Job
	Partitionable Resources :    Usage  Request Allocated
	   Cpus                 :                 1         1
	   Disk (KB)            :        1        1  13377328
	   Memory (MB)          :       39        1      6441
...
000 (8882861.000.000) 12/04 00:57:25 Job submitted from host: <10.10.48.31:12542?addrs=10.10.48.31-12542>
...
001 (8882861.000.000) 12/04 00:57:31 Job executing on host: <10.10.48.141:50603?addrs=10.10.48.141-50603>
...
006 (8882861.000.000) 12/04 00:57:40 Image size of job updated: 184860
	33  -  MemoryUsage of job (MB)
	33192  -  ResidentSetSize of job (KB)
...
006 (8882861.000.000) 12/04 01:01:25 Image size of job updated: 191652
	33  -  MemoryUsage of job (MB)
	33192  -  ResidentSetSize of job (KB)
...
005 (8882861.000.000) 12/04 01:01:25 Job terminated.
	(1) Normal termination (return value 0)
		Usr 0 00:01:03, Sys 0 00:00:01  -  Run Remote Usage
		Usr 0 00:00:00, Sys 0 00:00:00  -  Run Local Usage
		Usr 0 00:01:03, Sys 0 00:00:01  -  Total Remote Usage
		Usr 0 00:00:00, Sys 0 00:00:00  -  Total Local Usage
	0  -  Run Bytes Sent By Job
	0  -  Run Bytes Received By Job
	0  -  Total Bytes Sent By Job
	0  -  Total Bytes Received By Job
	Partitionable Resources :    Usage  Request Allocated
	   Cpus                 :                 1         1
	   Disk (KB)            :        1        1  13375338
	   Memory (MB)          :       33        1      6441
...
