000 (8804751.000.000) 12/02 15:20:18 Job submitted from host: <10.10.48.31:12542?addrs=10.10.48.31-12542>
...
001 (8804751.000.000) 12/02 15:20:20 Job executing on host: <10.10.48.141:50603?addrs=10.10.48.141-50603>
...
006 (8804751.000.000) 12/02 15:20:28 Image size of job updated: 1
	2  -  MemoryUsage of job (MB)
	1864  -  ResidentSetSize of job (KB)
...
006 (8804751.000.000) 12/02 15:22:32 Image size of job updated: 190428
	2  -  MemoryUsage of job (MB)
	1864  -  ResidentSetSize of job (KB)
...
005 (8804751.000.000) 12/02 15:22:32 Job terminated.
	(1) Normal termination (return value 0)
		Usr 0 00:00:28, Sys 0 00:00:00  -  Run Remote Usage
		Usr 0 00:00:00, Sys 0 00:00:00  -  Run Local Usage
		Usr 0 00:00:28, Sys 0 00:00:00  -  Total Remote Usage
		Usr 0 00:00:00, Sys 0 00:00:00  -  Total Local Usage
	0  -  Run Bytes Sent By Job
	0  -  Run Bytes Received By Job
	0  -  Total Bytes Sent By Job
	0  -  Total Bytes Received By Job
	Partitionable Resources :    Usage  Request Allocated
	   Cpus                 :                 1         1
	   Disk (KB)            :        1        1  13377278
	   Memory (MB)          :        2        1      6441
...
000 (8883087.000.000) 12/04 00:58:39 Job submitted from host: <10.10.48.31:12542?addrs=10.10.48.31-12542>
...
001 (8883087.000.000) 12/04 00:58:49 Job executing on host: <10.10.48.139:49429?addrs=10.10.48.139-49429>
...
006 (8883087.000.000) 12/04 00:58:57 Image size of job updated: 184852
	33  -  MemoryUsage of job (MB)
	33428  -  ResidentSetSize of job (KB)
...
006 (8883087.000.000) 12/04 01:03:27 Image size of job updated: 191760
	33  -  MemoryUsage of job (MB)
	33428  -  ResidentSetSize of job (KB)
...
005 (8883087.000.000) 12/04 01:03:27 Job terminated.
	(1) Normal termination (return value 0)
		Usr 0 00:01:00, Sys 0 00:00:01  -  Run Remote Usage
		Usr 0 00:00:00, Sys 0 00:00:00  -  Run Local Usage
		Usr 0 00:01:00, Sys 0 00:00:01  -  Total Remote Usage
		Usr 0 00:00:00, Sys 0 00:00:00  -  Total Local Usage
	0  -  Run Bytes Sent By Job
	0  -  Run Bytes Received By Job
	0  -  Total Bytes Sent By Job
	0  -  Total Bytes Received By Job
	Partitionable Resources :    Usage  Request Allocated
	   Cpus                 :                 1         1
	   Disk (KB)            :        1        1  13383767
	   Memory (MB)          :       33        1      6441
...
