000 (8804656.000.000) 12/02 15:19:02 Job submitted from host: <10.10.48.31:12542?addrs=10.10.48.31-12542>
...
001 (8804656.000.000) 12/02 15:19:21 Job executing on host: <10.10.48.141:50603?addrs=10.10.48.141-50603>
...
006 (8804656.000.000) 12/02 15:19:30 Image size of job updated: 185288
	33  -  MemoryUsage of job (MB)
	33560  -  ResidentSetSize of job (KB)
...
006 (8804656.000.000) 12/02 15:24:31 Image size of job updated: 190716
	39  -  MemoryUsage of job (MB)
	39396  -  ResidentSetSize of job (KB)
...
006 (8804656.000.000) 12/02 15:29:31 Image size of job updated: 191864
	41  -  MemoryUsage of job (MB)
	40980  -  ResidentSetSize of job (KB)
...
006 (8804656.000.000) 12/02 15:33:58 Image size of job updated: 193828
	41  -  MemoryUsage of job (MB)
	40980  -  ResidentSetSize of job (KB)
...
005 (8804656.000.000) 12/02 15:33:58 Job terminated.
	(1) Normal termination (return value 0)
		Usr 0 00:05:12, Sys 0 00:00:07  -  Run Remote Usage
		Usr 0 00:00:00, Sys 0 00:00:00  -  Run Local Usage
		Usr 0 00:05:12, Sys 0 00:00:07  -  Total Remote Usage
		Usr 0 00:00:00, Sys 0 00:00:00  -  Total Local Usage
	0  -  Run Bytes Sent By Job
	0  -  Run Bytes Received By Job
	0  -  Total Bytes Sent By Job
	0  -  Total Bytes Received By Job
	Partitionable Resources :    Usage  Request Allocated
	   Cpus                 :                 1         1
	   Disk (KB)            :        1        1  13377328
	   Memory (MB)          :       41        1      6441
...
000 (8882859.000.000) 12/04 00:57:25 Job submitted from host: <10.10.48.31:12542?addrs=10.10.48.31-12542>
...
001 (8882859.000.000) 12/04 00:57:31 Job executing on host: <10.10.48.141:50603?addrs=10.10.48.141-50603>
...
006 (8882859.000.000) 12/04 00:57:40 Image size of job updated: 185124
	32  -  MemoryUsage of job (MB)
	31868  -  ResidentSetSize of job (KB)
...
006 (8882859.000.000) 12/04 01:01:59 Image size of job updated: 191652
	32  -  MemoryUsage of job (MB)
	31868  -  ResidentSetSize of job (KB)
...
005 (8882859.000.000) 12/04 01:01:59 Job terminated.
	(1) Normal termination (return value 0)
		Usr 0 00:01:10, Sys 0 00:00:01  -  Run Remote Usage
		Usr 0 00:00:00, Sys 0 00:00:00  -  Run Local Usage
		Usr 0 00:01:10, Sys 0 00:00:01  -  Total Remote Usage
		Usr 0 00:00:00, Sys 0 00:00:00  -  Total Local Usage
	0  -  Run Bytes Sent By Job
	0  -  Run Bytes Received By Job
	0  -  Total Bytes Sent By Job
	0  -  Total Bytes Received By Job
	Partitionable Resources :    Usage  Request Allocated
	   Cpus                 :                 1         1
	   Disk (KB)            :        1        1  13375342
	   Memory (MB)          :       32        1      6441
...
