000 (8804755.000.000) 12/02 15:20:31 Job submitted from host: <10.10.48.31:12542?addrs=10.10.48.31-12542>
...
001 (8804755.000.000) 12/02 15:20:34 Job executing on host: <10.10.48.143:50448?addrs=10.10.48.143-50448>
...
006 (8804755.000.000) 12/02 15:20:42 Image size of job updated: 184968
	33  -  MemoryUsage of job (MB)
	33236  -  ResidentSetSize of job (KB)
...
006 (8804755.000.000) 12/02 15:23:25 Image size of job updated: 190340
	33  -  MemoryUsage of job (MB)
	33236  -  ResidentSetSize of job (KB)
...
005 (8804755.000.000) 12/02 15:23:25 Job terminated.
	(1) Normal termination (return value 0)
		Usr 0 00:00:30, Sys 0 00:00:00  -  Run Remote Usage
		Usr 0 00:00:00, Sys 0 00:00:00  -  Run Local Usage
		Usr 0 00:00:30, Sys 0 00:00:00  -  Total Remote Usage
		Usr 0 00:00:00, Sys 0 00:00:00  -  Total Local Usage
	0  -  Run Bytes Sent By Job
	0  -  Run Bytes Received By Job
	0  -  Total Bytes Sent By Job
	0  -  Total Bytes Received By Job
	Partitionable Resources :    Usage  Request Allocated
	   Cpus                 :                 1         1
	   Disk (KB)            :        1        1  13384535
	   Memory (MB)          :       33        1      6441
...
000 (8883091.000.000) 12/04 00:58:43 Job submitted from host: <10.10.48.31:12542?addrs=10.10.48.31-12542>
...
001 (8883091.000.000) 12/04 00:58:51 Job executing on host: <10.10.48.35:61041?addrs=10.10.48.35-61041>
...
006 (8883091.000.000) 12/04 00:58:59 Image size of job updated: 184916
	33  -  MemoryUsage of job (MB)
	33444  -  ResidentSetSize of job (KB)
...
006 (8883091.000.000) 12/04 01:03:59 Image size of job updated: 193152
	42  -  MemoryUsage of job (MB)
	42036  -  ResidentSetSize of job (KB)
...
006 (8883091.000.000) 12/04 01:05:06 Image size of job updated: 194748
	42  -  MemoryUsage of job (MB)
	42036  -  ResidentSetSize of job (KB)
...
005 (8883091.000.000) 12/04 01:05:06 Job terminated.
	(1) Normal termination (return value 0)
		Usr 0 00:01:29, Sys 0 00:00:02  -  Run Remote Usage
		Usr 0 00:00:00, Sys 0 00:00:00  -  Run Local Usage
		Usr 0 00:01:29, Sys 0 00:00:02  -  Total Remote Usage
		Usr 0 00:00:00, Sys 0 00:00:00  -  Total Local Usage
	0  -  Run Bytes Sent By Job
	0  -  Run Bytes Received By Job
	0  -  Total Bytes Sent By Job
	0  -  Total Bytes Received By Job
	Partitionable Resources :    Usage  Request Allocated
	   Cpus                 :                 1         1
	   Disk (KB)            :        1        1  16722391
	   Memory (MB)          :       42        1      4023
...
