000 (8804724.000.000) 12/02 15:19:12 Job submitted from host: <10.10.48.31:12542?addrs=10.10.48.31-12542>
...
001 (8804724.000.000) 12/02 15:19:19 Job executing on host: <10.10.48.43:4900?addrs=10.10.48.43-4900>
...
006 (8804724.000.000) 12/02 15:19:28 Image size of job updated: 182644
	30  -  MemoryUsage of job (MB)
	30640  -  ResidentSetSize of job (KB)
...
006 (8804724.000.000) 12/02 15:20:12 Image size of job updated: 190492
	30  -  MemoryUsage of job (MB)
	30640  -  ResidentSetSize of job (KB)
...
005 (8804724.000.000) 12/02 15:20:12 Job terminated.
	(1) Normal termination (return value 0)
		Usr 0 00:00:12, Sys 0 00:00:00  -  Run Remote Usage
		Usr 0 00:00:00, Sys 0 00:00:00  -  Run Local Usage
		Usr 0 00:00:12, Sys 0 00:00:00  -  Total Remote Usage
		Usr 0 00:00:00, Sys 0 00:00:00  -  Total Local Usage
	0  -  Run Bytes Sent By Job
	0  -  Run Bytes Received By Job
	0  -  Total Bytes Sent By Job
	0  -  Total Bytes Received By Job
	Partitionable Resources :    Usage  Request Allocated
	   Cpus                 :                 1         1
	   Disk (KB)            :        1        1  16728201
	   Memory (MB)          :       30        1      4023
...
000 (8882977.000.000) 12/04 00:57:35 Job submitted from host: <10.10.48.31:12542?addrs=10.10.48.31-12542>
...
001 (8882977.000.000) 12/04 00:58:10 Job executing on host: <10.10.48.145:26377?addrs=10.10.48.145-26377>
...
006 (8882977.000.000) 12/04 00:58:18 Image size of job updated: 177448
	29  -  MemoryUsage of job (MB)
	29528  -  ResidentSetSize of job (KB)
...
006 (8882977.000.000) 12/04 01:03:18 Image size of job updated: 194612
	43  -  MemoryUsage of job (MB)
	43572  -  ResidentSetSize of job (KB)
...
006 (8882977.000.000) 12/04 01:03:37 Image size of job updated: 195224
	43  -  MemoryUsage of job (MB)
	43572  -  ResidentSetSize of job (KB)
...
005 (8882977.000.000) 12/04 01:03:37 Job terminated.
	(1) Normal termination (return value 0)
		Usr 0 00:01:26, Sys 0 00:00:02  -  Run Remote Usage
		Usr 0 00:00:00, Sys 0 00:00:00  -  Run Local Usage
		Usr 0 00:01:26, Sys 0 00:00:02  -  Total Remote Usage
		Usr 0 00:00:00, Sys 0 00:00:00  -  Total Local Usage
	0  -  Run Bytes Sent By Job
	0  -  Run Bytes Received By Job
	0  -  Total Bytes Sent By Job
	0  -  Total Bytes Received By Job
	Partitionable Resources :    Usage  Request Allocated
	   Cpus                 :                 1         1
	   Disk (KB)            :        1        1  13384792
	   Memory (MB)          :       43        1      6441
...
