000 (8804777.000.000) 12/02 15:22:15 Job submitted from host: <10.10.48.31:12542?addrs=10.10.48.31-12542>
...
001 (8804777.000.000) 12/02 15:22:18 Job executing on host: <10.10.48.145:26377?addrs=10.10.48.145-26377>
...
006 (8804777.000.000) 12/02 15:22:27 Image size of job updated: 184824
	32  -  MemoryUsage of job (MB)
	31848  -  ResidentSetSize of job (KB)
...
006 (8804777.000.000) 12/02 15:23:37 Image size of job updated: 190892
	32  -  MemoryUsage of job (MB)
	31848  -  ResidentSetSize of job (KB)
...
005 (8804777.000.000) 12/02 15:23:37 Job terminated.
	(1) Normal termination (return value 0)
		Usr 0 00:00:16, Sys 0 00:00:00  -  Run Remote Usage
		Usr 0 00:00:00, Sys 0 00:00:00  -  Run Local Usage
		Usr 0 00:00:16, Sys 0 00:00:00  -  Total Remote Usage
		Usr 0 00:00:00, Sys 0 00:00:00  -  Total Local Usage
	0  -  Run Bytes Sent By Job
	0  -  Run Bytes Received By Job
	0  -  Total Bytes Sent By Job
	0  -  Total Bytes Received By Job
	Partitionable Resources :    Usage  Request Allocated
	   Cpus                 :                 1         1
	   Disk (KB)            :        1        1  13384517
	   Memory (MB)          :       32        1      6441
...
000 (8883247.000.000) 12/04 01:00:01 Job submitted from host: <10.10.48.31:12542?addrs=10.10.48.31-12542>
...
001 (8883247.000.000) 12/04 01:00:09 Job executing on host: <10.10.48.35:61041?addrs=10.10.48.35-61041>
...
006 (8883247.000.000) 12/04 01:00:17 Image size of job updated: 184844
	33  -  MemoryUsage of job (MB)
	33348  -  ResidentSetSize of job (KB)
...
006 (8883247.000.000) 12/04 01:02:42 Image size of job updated: 191016
	33  -  MemoryUsage of job (MB)
	33348  -  ResidentSetSize of job (KB)
...
005 (8883247.000.000) 12/04 01:02:42 Job terminated.
	(1) Normal termination (return value 0)
		Usr 0 00:00:39, Sys 0 00:00:01  -  Run Remote Usage
		Usr 0 00:00:00, Sys 0 00:00:00  -  Run Local Usage
		Usr 0 00:00:39, Sys 0 00:00:01  -  Total Remote Usage
		Usr 0 00:00:00, Sys 0 00:00:00  -  Total Local Usage
	0  -  Run Bytes Sent By Job
	0  -  Run Bytes Received By Job
	0  -  Total Bytes Sent By Job
	0  -  Total Bytes Received By Job
	Partitionable Resources :    Usage  Request Allocated
	   Cpus                 :                 1         1
	   Disk (KB)            :        1        1  16722477
	   Memory (MB)          :       33        1      4023
...
