000 (8804635.000.000) 12/02 15:18:59 Job submitted from host: <10.10.48.31:12542?addrs=10.10.48.31-12542>
...
001 (8804635.000.000) 12/02 15:19:19 Job executing on host: <10.10.48.41:20766?addrs=10.10.48.41-20766>
...
006 (8804635.000.000) 12/02 15:19:28 Image size of job updated: 190608
	38  -  MemoryUsage of job (MB)
	38904  -  ResidentSetSize of job (KB)
...
005 (8804635.000.000) 12/02 15:19:35 Job terminated.
	(1) Normal termination (return value 0)
		Usr 0 00:00:03, Sys 0 00:00:00  -  Run Remote Usage
		Usr 0 00:00:00, Sys 0 00:00:00  -  Run Local Usage
		Usr 0 00:00:03, Sys 0 00:00:00  -  Total Remote Usage
		Usr 0 00:00:00, Sys 0 00:00:00  -  Total Local Usage
	0  -  Run Bytes Sent By Job
	0  -  Run Bytes Received By Job
	0  -  Total Bytes Sent By Job
	0  -  Total Bytes Received By Job
	Partitionable Resources :    Usage  Request Allocated
	   Cpus                 :                 1         1
	   Disk (KB)            :        1        1  16725587
	   Memory (MB)          :       38        1      4023
...
000 (8804923.000.000) 12/02 16:24:46 Job submitted from host: <10.10.48.31:12542?addrs=10.10.48.31-12542>
...
001 (8804923.000.000) 12/02 16:25:06 Job executing on host: <10.10.48.143:50448?addrs=10.10.48.143-50448>
...
006 (8804923.000.000) 12/02 16:25:15 Image size of job updated: 184832
	33  -  MemoryUsage of job (MB)
	33140  -  ResidentSetSize of job (KB)
...
006 (8804923.000.000) 12/02 16:25:49 Image size of job updated: 190332
	33  -  MemoryUsage of job (MB)
	33140  -  ResidentSetSize of job (KB)
...
005 (8804923.000.000) 12/02 16:25:49 Job terminated.
	(1) Normal termination (return value 0)
		Usr 0 00:00:14, Sys 0 00:00:00  -  Run Remote Usage
		Usr 0 00:00:00, Sys 0 00:00:00  -  Run Local Usage
		Usr 0 00:00:14, Sys 0 00:00:00  -  Total Remote Usage
		Usr 0 00:00:00, Sys 0 00:00:00  -  Total Local Usage
	0  -  Run Bytes Sent By Job
	0  -  Run Bytes Received By Job
	0  -  Total Bytes Sent By Job
	0  -  Total Bytes Received By Job
	Partitionable Resources :    Usage  Request Allocated
	   Cpus                 :                 1         1
	   Disk (KB)            :        1        1  13384538
	   Memory (MB)          :       33        1      6441
...
000 (8880628.000.000) 12/04 00:29:58 Job submitted from host: <10.10.48.31:12542?addrs=10.10.48.31-12542>
...
001 (8880628.000.000) 12/04 00:30:07 Job executing on host: <10.10.48.141:50603?addrs=10.10.48.141-50603>
...
006 (8880628.000.000) 12/04 00:30:16 Image size of job updated: 185112
	33  -  MemoryUsage of job (MB)
	33148  -  ResidentSetSize of job (KB)
...
006 (8880628.000.000) 12/04 00:31:08 Image size of job updated: 195500
	33  -  MemoryUsage of job (MB)
	33148  -  ResidentSetSize of job (KB)
...
005 (8880628.000.000) 12/04 00:31:08 Job terminated.
	(1) Normal termination (return value 0)
		Usr 0 00:00:29, Sys 0 00:00:00  -  Run Remote Usage
		Usr 0 00:00:00, Sys 0 00:00:00  -  Run Local Usage
		Usr 0 00:00:29, Sys 0 00:00:00  -  Total Remote Usage
		Usr 0 00:00:00, Sys 0 00:00:00  -  Total Local Usage
	0  -  Run Bytes Sent By Job
	0  -  Run Bytes Received By Job
	0  -  Total Bytes Sent By Job
	0  -  Total Bytes Received By Job
	Partitionable Resources :    Usage  Request Allocated
	   Cpus                 :                 1         1
	   Disk (KB)            :        1        1  13375619
	   Memory (MB)          :       33        1      6441
...
000 (8882837.000.000) 12/04 00:57:21 Job submitted from host: <10.10.48.31:12542?addrs=10.10.48.31-12542>
...
001 (8882837.000.000) 12/04 00:57:26 Job executing on host: <10.10.48.41:20766?addrs=10.10.48.41-20766>
...
006 (8882837.000.000) 12/04 00:57:29 Image size of job updated: 181528
	0  -  MemoryUsage of job (MB)
	0  -  ResidentSetSize of job (KB)
...
005 (8882837.000.000) 12/04 00:57:31 Job terminated.
	(1) Normal termination (return value 0)
		Usr 0 00:00:00, Sys 0 00:00:00  -  Run Remote Usage
		Usr 0 00:00:00, Sys 0 00:00:00  -  Run Local Usage
		Usr 0 00:00:00, Sys 0 00:00:00  -  Total Remote Usage
		Usr 0 00:00:00, Sys 0 00:00:00  -  Total Local Usage
	0  -  Run Bytes Sent By Job
	0  -  Run Bytes Received By Job
	0  -  Total Bytes Sent By Job
	0  -  Total Bytes Received By Job
	Partitionable Resources :    Usage  Request Allocated
	   Cpus                 :                 1         1
	   Disk (KB)            :        1        1  16724756
	   Memory (MB)          :        0        1      4023
...
