000 (8804789.000.000) 12/02 15:22:58 Job submitted from host: <10.10.48.31:12542?addrs=10.10.48.31-12542>
...
001 (8804789.000.000) 12/02 15:23:04 Job executing on host: <10.10.48.145:26377?addrs=10.10.48.145-26377>
...
006 (8804789.000.000) 12/02 15:23:12 Image size of job updated: 184832
	32  -  MemoryUsage of job (MB)
	31940  -  ResidentSetSize of job (KB)
...
006 (8804789.000.000) 12/02 15:24:52 Image size of job updated: 190308
	32  -  MemoryUsage of job (MB)
	31940  -  ResidentSetSize of job (KB)
...
005 (8804789.000.000) 12/02 15:24:52 Job terminated.
	(1) Normal termination (return value 0)
		Usr 0 00:00:25, Sys 0 00:00:00  -  Run Remote Usage
		Usr 0 00:00:00, Sys 0 00:00:00  -  Run Local Usage
		Usr 0 00:00:25, Sys 0 00:00:00  -  Total Remote Usage
		Usr 0 00:00:00, Sys 0 00:00:00  -  Total Local Usage
	0  -  Run Bytes Sent By Job
	0  -  Run Bytes Received By Job
	0  -  Total Bytes Sent By Job
	0  -  Total Bytes Received By Job
	Partitionable Resources :    Usage  Request Allocated
	   Cpus                 :                 1         1
	   Disk (KB)            :        1        1  13384545
	   Memory (MB)          :       32        1      6441
...
