000 (8804708.000.000) 12/02 15:19:09 Job submitted from host: <10.10.48.31:12542?addrs=10.10.48.31-12542>
...
001 (8804708.000.000) 12/02 15:19:22 Job executing on host: <10.10.48.145:26377?addrs=10.10.48.145-26377>
...
006 (8804708.000.000) 12/02 15:19:30 Image size of job updated: 181552
	29  -  MemoryUsage of job (MB)
	29640  -  ResidentSetSize of job (KB)
...
006 (8804708.000.000) 12/02 15:22:17 Image size of job updated: 191300
	29  -  MemoryUsage of job (MB)
	29640  -  ResidentSetSize of job (KB)
...
005 (8804708.000.000) 12/02 15:22:17 Job terminated.
	(1) Normal termination (return value 0)
		Usr 0 00:00:35, Sys 0 00:00:00  -  Run Remote Usage
		Usr 0 00:00:00, Sys 0 00:00:00  -  Run Local Usage
		Usr 0 00:00:35, Sys 0 00:00:00  -  Total Remote Usage
		Usr 0 00:00:00, Sys 0 00:00:00  -  Total Local Usage
	0  -  Run Bytes Sent By Job
	0  -  Run Bytes Received By Job
	0  -  Total Bytes Sent By Job
	0  -  Total Bytes Received By Job
	Partitionable Resources :    Usage  Request Allocated
	   Cpus                 :                 1         1
	   Disk (KB)            :        1        1  13384545
	   Memory (MB)          :       29        1      6441
...
000 (8882961.000.000) 12/04 00:57:33 Job submitted from host: <10.10.48.31:12542?addrs=10.10.48.31-12542>
...
001 (8882961.000.000) 12/04 00:58:10 Job executing on host: <10.10.48.139:49429?addrs=10.10.48.139-49429>
...
006 (8882961.000.000) 12/04 00:58:18 Image size of job updated: 177448
	28  -  MemoryUsage of job (MB)
	27900  -  ResidentSetSize of job (KB)
...
006 (8882961.000.000) 12/04 01:03:18 Image size of job updated: 192944
	40  -  MemoryUsage of job (MB)
	40344  -  ResidentSetSize of job (KB)
...
006 (8882961.000.000) 12/04 01:08:19 Image size of job updated: 201676
	49  -  MemoryUsage of job (MB)
	49172  -  ResidentSetSize of job (KB)
...
006 (8882961.000.000) 12/04 01:09:55 Image size of job updated: 204680
	49  -  MemoryUsage of job (MB)
	49172  -  ResidentSetSize of job (KB)
...
005 (8882961.000.000) 12/04 01:09:55 Job terminated.
	(1) Normal termination (return value 0)
		Usr 0 00:04:36, Sys 0 00:00:06  -  Run Remote Usage
		Usr 0 00:00:00, Sys 0 00:00:00  -  Run Local Usage
		Usr 0 00:04:36, Sys 0 00:00:06  -  Total Remote Usage
		Usr 0 00:00:00, Sys 0 00:00:00  -  Total Local Usage
	0  -  Run Bytes Sent By Job
	0  -  Run Bytes Received By Job
	0  -  Total Bytes Sent By Job
	0  -  Total Bytes Received By Job
	Partitionable Resources :    Usage  Request Allocated
	   Cpus                 :                 1         1
	   Disk (KB)            :        1        1  13383767
	   Memory (MB)          :       49        1      6441
...
