000 (8804687.000.000) 12/02 15:19:06 Job submitted from host: <10.10.48.31:12542?addrs=10.10.48.31-12542>
...
001 (8804687.000.000) 12/02 15:19:21 Job executing on host: <10.10.48.139:49429?addrs=10.10.48.139-49429>
...
006 (8804687.000.000) 12/02 15:19:30 Image size of job updated: 177420
	28  -  MemoryUsage of job (MB)
	27864  -  ResidentSetSize of job (KB)
...
006 (8804687.000.000) 12/02 15:24:31 Image size of job updated: 190816
	38  -  MemoryUsage of job (MB)
	38224  -  ResidentSetSize of job (KB)
...
006 (8804687.000.000) 12/02 15:29:32 Image size of job updated: 192268
	39  -  MemoryUsage of job (MB)
	39768  -  ResidentSetSize of job (KB)
...
006 (8804687.000.000) 12/02 15:34:32 Image size of job updated: 194076
	42  -  MemoryUsage of job (MB)
	42020  -  ResidentSetSize of job (KB)
...
006 (8804687.000.000) 12/02 15:34:52 Image size of job updated: 194276
	42  -  MemoryUsage of job (MB)
	42020  -  ResidentSetSize of job (KB)
...
005 (8804687.000.000) 12/02 15:34:52 Job terminated.
	(1) Normal termination (return value 0)
		Usr 0 00:05:23, Sys 0 00:00:08  -  Run Remote Usage
		Usr 0 00:00:00, Sys 0 00:00:00  -  Run Local Usage
		Usr 0 00:05:23, Sys 0 00:00:08  -  Total Remote Usage
		Usr 0 00:00:00, Sys 0 00:00:00  -  Total Local Usage
	0  -  Run Bytes Sent By Job
	0  -  Run Bytes Received By Job
	0  -  Total Bytes Sent By Job
	0  -  Total Bytes Received By Job
	Partitionable Resources :    Usage  Request Allocated
	   Cpus                 :                 1         1
	   Disk (KB)            :        1        1  13383979
	   Memory (MB)          :       42        1      6441
...
000 (8882940.000.000) 12/04 00:57:29 Job submitted from host: <10.10.48.31:12542?addrs=10.10.48.31-12542>
...
001 (8882940.000.000) 12/04 00:57:48 Job executing on host: <10.10.48.35:61041?addrs=10.10.48.35-61041>
...
006 (8882940.000.000) 12/04 00:57:57 Image size of job updated: 190268
	39  -  MemoryUsage of job (MB)
	38952  -  ResidentSetSize of job (KB)
...
005 (8882940.000.000) 12/04 00:58:03 Job terminated.
	(1) Normal termination (return value 0)
		Usr 0 00:00:03, Sys 0 00:00:00  -  Run Remote Usage
		Usr 0 00:00:00, Sys 0 00:00:00  -  Run Local Usage
		Usr 0 00:00:03, Sys 0 00:00:00  -  Total Remote Usage
		Usr 0 00:00:00, Sys 0 00:00:00  -  Total Local Usage
	0  -  Run Bytes Sent By Job
	0  -  Run Bytes Received By Job
	0  -  Total Bytes Sent By Job
	0  -  Total Bytes Received By Job
	Partitionable Resources :    Usage  Request Allocated
	   Cpus                 :                 1         1
	   Disk (KB)            :        1        1  16722433
	   Memory (MB)          :       39        1      4023
...
