000 (8804692.000.000) 12/02 15:19:07 Job submitted from host: <10.10.48.31:12542?addrs=10.10.48.31-12542>
...
001 (8804692.000.000) 12/02 15:19:22 Job executing on host: <10.10.48.139:49429?addrs=10.10.48.139-49429>
...
006 (8804692.000.000) 12/02 15:19:30 Image size of job updated: 177444
	29  -  MemoryUsage of job (MB)
	29328  -  ResidentSetSize of job (KB)
...
006 (8804692.000.000) 12/02 15:20:30 Image size of job updated: 190276
	29  -  MemoryUsage of job (MB)
	29328  -  ResidentSetSize of job (KB)
...
005 (8804692.000.000) 12/02 15:20:30 Job terminated.
	(1) Normal termination (return value 0)
		Usr 0 00:00:13, Sys 0 00:00:00  -  Run Remote Usage
		Usr 0 00:00:00, Sys 0 00:00:00  -  Run Local Usage
		Usr 0 00:00:13, Sys 0 00:00:00  -  Total Remote Usage
		Usr 0 00:00:00, Sys 0 00:00:00  -  Total Local Usage
	0  -  Run Bytes Sent By Job
	0  -  Run Bytes Received By Job
	0  -  Total Bytes Sent By Job
	0  -  Total Bytes Received By Job
	Partitionable Resources :    Usage  Request Allocated
	   Cpus                 :                 1         1
	   Disk (KB)            :        1        1  13383979
	   Memory (MB)          :       29        1      6441
...
000 (8882945.000.000) 12/04 00:57:31 Job submitted from host: <10.10.48.31:12542?addrs=10.10.48.31-12542>
...
001 (8882945.000.000) 12/04 00:58:04 Job executing on host: <10.10.48.35:61041?addrs=10.10.48.35-61041>
...
006 (8882945.000.000) 12/04 00:58:12 Image size of job updated: 184860
	32  -  MemoryUsage of job (MB)
	31852  -  ResidentSetSize of job (KB)
...
006 (8882945.000.000) 12/04 01:01:49 Image size of job updated: 191676
	32  -  MemoryUsage of job (MB)
	31852  -  ResidentSetSize of job (KB)
...
005 (8882945.000.000) 12/04 01:01:50 Job terminated.
	(1) Normal termination (return value 0)
		Usr 0 00:01:00, Sys 0 00:00:01  -  Run Remote Usage
		Usr 0 00:00:00, Sys 0 00:00:00  -  Run Local Usage
		Usr 0 00:01:00, Sys 0 00:00:01  -  Total Remote Usage
		Usr 0 00:00:00, Sys 0 00:00:00  -  Total Local Usage
	0  -  Run Bytes Sent By Job
	0  -  Run Bytes Received By Job
	0  -  Total Bytes Sent By Job
	0  -  Total Bytes Received By Job
	Partitionable Resources :    Usage  Request Allocated
	   Cpus                 :                 1         1
	   Disk (KB)            :        1        1  16722433
	   Memory (MB)          :       32        1      4023
...
