000 (8804681.000.000) 12/02 15:19:05 Job submitted from host: <10.10.48.31:12542?addrs=10.10.48.31-12542>
...
001 (8804681.000.000) 12/02 15:19:20 Job executing on host: <10.10.48.139:49429?addrs=10.10.48.139-49429>
...
006 (8804681.000.000) 12/02 15:19:29 Image size of job updated: 185196
	32  -  MemoryUsage of job (MB)
	32116  -  ResidentSetSize of job (KB)
...
006 (8804681.000.000) 12/02 15:24:30 Image size of job updated: 191040
	38  -  MemoryUsage of job (MB)
	38784  -  ResidentSetSize of job (KB)
...
006 (8804681.000.000) 12/02 15:26:07 Image size of job updated: 191196
	38  -  MemoryUsage of job (MB)
	38784  -  ResidentSetSize of job (KB)
...
005 (8804681.000.000) 12/02 15:26:07 Job terminated.
	(1) Normal termination (return value 0)
		Usr 0 00:01:30, Sys 0 00:00:02  -  Run Remote Usage
		Usr 0 00:00:00, Sys 0 00:00:00  -  Run Local Usage
		Usr 0 00:01:30, Sys 0 00:00:02  -  Total Remote Usage
		Usr 0 00:00:00, Sys 0 00:00:00  -  Total Local Usage
	0  -  Run Bytes Sent By Job
	0  -  Run Bytes Received By Job
	0  -  Total Bytes Sent By Job
	0  -  Total Bytes Received By Job
	Partitionable Resources :    Usage  Request Allocated
	   Cpus                 :                 1         1
	   Disk (KB)            :        1        1  13383979
	   Memory (MB)          :       38        1      6441
...
000 (8882932.000.000) 12/04 00:57:28 Job submitted from host: <10.10.48.31:12542?addrs=10.10.48.31-12542>
...
001 (8882932.000.000) 12/04 00:57:47 Job executing on host: <10.10.48.35:61041?addrs=10.10.48.35-61041>
...
006 (8882932.000.000) 12/04 00:57:55 Image size of job updated: 177452
	29  -  MemoryUsage of job (MB)
	29188  -  ResidentSetSize of job (KB)
...
006 (8882932.000.000) 12/04 01:02:16 Image size of job updated: 191636
	29  -  MemoryUsage of job (MB)
	29188  -  ResidentSetSize of job (KB)
...
005 (8882932.000.000) 12/04 01:02:16 Job terminated.
	(1) Normal termination (return value 0)
		Usr 0 00:01:03, Sys 0 00:00:01  -  Run Remote Usage
		Usr 0 00:00:00, Sys 0 00:00:00  -  Run Local Usage
		Usr 0 00:01:03, Sys 0 00:00:01  -  Total Remote Usage
		Usr 0 00:00:00, Sys 0 00:00:00  -  Total Local Usage
	0  -  Run Bytes Sent By Job
	0  -  Run Bytes Received By Job
	0  -  Total Bytes Sent By Job
	0  -  Total Bytes Received By Job
	Partitionable Resources :    Usage  Request Allocated
	   Cpus                 :                 1         1
	   Disk (KB)            :        1        1  16722433
	   Memory (MB)          :       29        1      4023
...
