000 (8804632.000.000) 12/02 15:18:59 Job submitted from host: <10.10.48.31:12542?addrs=10.10.48.31-12542>
...
001 (8804632.000.000) 12/02 15:19:04 Job executing on host: <10.10.48.41:20766?addrs=10.10.48.41-20766>
...
006 (8804632.000.000) 12/02 15:19:12 Image size of job updated: 190236
	38  -  MemoryUsage of job (MB)
	38872  -  ResidentSetSize of job (KB)
...
005 (8804632.000.000) 12/02 15:19:13 Job terminated.
	(1) Normal termination (return value 0)
		Usr 0 00:00:01, Sys 0 00:00:00  -  Run Remote Usage
		Usr 0 00:00:00, Sys 0 00:00:00  -  Run Local Usage
		Usr 0 00:00:01, Sys 0 00:00:00  -  Total Remote Usage
		Usr 0 00:00:00, Sys 0 00:00:00  -  Total Local Usage
	0  -  Run Bytes Sent By Job
	0  -  Run Bytes Received By Job
	0  -  Total Bytes Sent By Job
	0  -  Total Bytes Received By Job
	Partitionable Resources :    Usage  Request Allocated
	   Cpus                 :                 1         1
	   Disk (KB)            :        1        1  16725587
	   Memory (MB)          :       38        1      4023
...
000 (8804920.000.000) 12/02 16:24:45 Job submitted from host: <10.10.48.31:12542?addrs=10.10.48.31-12542>
...
001 (8804920.000.000) 12/02 16:25:05 Job executing on host: <10.10.48.43:4900?addrs=10.10.48.43-4900>
...
006 (8804920.000.000) 12/02 16:25:13 Image size of job updated: 184824
	33  -  MemoryUsage of job (MB)
	33396  -  ResidentSetSize of job (KB)
...
006 (8804920.000.000) 12/02 16:25:30 Image size of job updated: 190272
	33  -  MemoryUsage of job (MB)
	33396  -  ResidentSetSize of job (KB)
...
005 (8804920.000.000) 12/02 16:25:30 Job terminated.
	(1) Normal termination (return value 0)
		Usr 0 00:00:04, Sys 0 00:00:00  -  Run Remote Usage
		Usr 0 00:00:00, Sys 0 00:00:00  -  Run Local Usage
		Usr 0 00:00:04, Sys 0 00:00:00  -  Total Remote Usage
		Usr 0 00:00:00, Sys 0 00:00:00  -  Total Local Usage
	0  -  Run Bytes Sent By Job
	0  -  Run Bytes Received By Job
	0  -  Total Bytes Sent By Job
	0  -  Total Bytes Received By Job
	Partitionable Resources :    Usage  Request Allocated
	   Cpus                 :                 1         1
	   Disk (KB)            :        1        1  16728162
	   Memory (MB)          :       33        1      4023
...
000 (8880624.000.000) 12/04 00:29:58 Job submitted from host: <10.10.48.31:12542?addrs=10.10.48.31-12542>
...
001 (8880624.000.000) 12/04 00:30:07 Job executing on host: <10.10.48.141:50603?addrs=10.10.48.141-50603>
...
006 (8880624.000.000) 12/04 00:30:15 Image size of job updated: 185120
	33  -  MemoryUsage of job (MB)
	33640  -  ResidentSetSize of job (KB)
...
006 (8880624.000.000) 12/04 00:31:46 Image size of job updated: 192916
	33  -  MemoryUsage of job (MB)
	33640  -  ResidentSetSize of job (KB)
...
005 (8880624.000.000) 12/04 00:31:46 Job terminated.
	(1) Normal termination (return value 0)
		Usr 0 00:00:45, Sys 0 00:00:01  -  Run Remote Usage
		Usr 0 00:00:00, Sys 0 00:00:00  -  Run Local Usage
		Usr 0 00:00:45, Sys 0 00:00:01  -  Total Remote Usage
		Usr 0 00:00:00, Sys 0 00:00:00  -  Total Local Usage
	0  -  Run Bytes Sent By Job
	0  -  Run Bytes Received By Job
	0  -  Total Bytes Sent By Job
	0  -  Total Bytes Received By Job
	Partitionable Resources :    Usage  Request Allocated
	   Cpus                 :                 1         1
	   Disk (KB)            :        1        1  13375632
	   Memory (MB)          :       33        1      6441
...
000 (8882834.000.000) 12/04 00:57:20 Job submitted from host: <10.10.48.31:12542?addrs=10.10.48.31-12542>
...
001 (8882834.000.000) 12/04 00:57:26 Job executing on host: <10.10.48.41:20766?addrs=10.10.48.41-20766>
...
006 (8882834.000.000) 12/04 00:57:34 Image size of job updated: 185496
	32  -  MemoryUsage of job (MB)
	32388  -  ResidentSetSize of job (KB)
...
006 (8882834.000.000) 12/04 01:02:34 Image size of job updated: 190524
	38  -  MemoryUsage of job (MB)
	37920  -  ResidentSetSize of job (KB)
...
005 (8882834.000.000) 12/04 01:04:17 Job terminated.
	(1) Normal termination (return value 0)
		Usr 0 00:00:55, Sys 0 00:00:02  -  Run Remote Usage
		Usr 0 00:00:00, Sys 0 00:00:00  -  Run Local Usage
		Usr 0 00:00:55, Sys 0 00:00:02  -  Total Remote Usage
		Usr 0 00:00:00, Sys 0 00:00:00  -  Total Local Usage
	0  -  Run Bytes Sent By Job
	0  -  Run Bytes Received By Job
	0  -  Total Bytes Sent By Job
	0  -  Total Bytes Received By Job
	Partitionable Resources :    Usage  Request Allocated
	   Cpus                 :                 1         1
	   Disk (KB)            :        1        1  16724800
	   Memory (MB)          :       38        1      4023
...
