000 (8804798.000.000) 12/02 15:23:47 Job submitted from host: <10.10.48.31:12542?addrs=10.10.48.31-12542>
...
001 (8804798.000.000) 12/02 15:23:48 Job executing on host: <10.10.48.145:26377?addrs=10.10.48.145-26377>
...
006 (8804798.000.000) 12/02 15:23:57 Image size of job updated: 181680
	28  -  MemoryUsage of job (MB)
	28016  -  ResidentSetSize of job (KB)
...
006 (8804798.000.000) 12/02 15:28:58 Image size of job updated: 194712
	42  -  MemoryUsage of job (MB)
	42556  -  ResidentSetSize of job (KB)
...
006 (8804798.000.000) 12/02 15:33:58 Image size of job updated: 212140
	59  -  MemoryUsage of job (MB)
	60116  -  ResidentSetSize of job (KB)
...
006 (8804798.000.000) 12/02 15:37:08 Image size of job updated: 226124
	59  -  MemoryUsage of job (MB)
	60116  -  ResidentSetSize of job (KB)
...
005 (8804798.000.000) 12/02 15:37:08 Job terminated.
	(1) Normal termination (return value 0)
		Usr 0 00:04:51, Sys 0 00:00:07  -  Run Remote Usage
		Usr 0 00:00:00, Sys 0 00:00:00  -  Run Local Usage
		Usr 0 00:04:51, Sys 0 00:00:07  -  Total Remote Usage
		Usr 0 00:00:00, Sys 0 00:00:00  -  Total Local Usage
	0  -  Run Bytes Sent By Job
	0  -  Run Bytes Received By Job
	0  -  Total Bytes Sent By Job
	0  -  Total Bytes Received By Job
	Partitionable Resources :    Usage  Request Allocated
	   Cpus                 :                 1         1
	   Disk (KB)            :        1        1  13384545
	   Memory (MB)          :       59        1      6441
...
