000 (8804706.000.000) 12/02 15:19:09 Job submitted from host: <10.10.48.31:12542?addrs=10.10.48.31-12542>
...
001 (8804706.000.000) 12/02 15:19:21 Job executing on host: <10.10.48.145:26377?addrs=10.10.48.145-26377>
...
006 (8804706.000.000) 12/02 15:19:30 Image size of job updated: 184812
	32  -  MemoryUsage of job (MB)
	31796  -  ResidentSetSize of job (KB)
...
006 (8804706.000.000) 12/02 15:19:33 Image size of job updated: 190412
	32  -  MemoryUsage of job (MB)
	31796  -  ResidentSetSize of job (KB)
...
005 (8804706.000.000) 12/02 15:19:34 Job terminated.
	(1) Normal termination (return value 0)
		Usr 0 00:00:02, Sys 0 00:00:00  -  Run Remote Usage
		Usr 0 00:00:00, Sys 0 00:00:00  -  Run Local Usage
		Usr 0 00:00:02, Sys 0 00:00:00  -  Total Remote Usage
		Usr 0 00:00:00, Sys 0 00:00:00  -  Total Local Usage
	0  -  Run Bytes Sent By Job
	0  -  Run Bytes Received By Job
	0  -  Total Bytes Sent By Job
	0  -  Total Bytes Received By Job
	Partitionable Resources :    Usage  Request Allocated
	   Cpus                 :                 1         1
	   Disk (KB)            :        1        1  13384545
	   Memory (MB)          :       32        1      6441
...
000 (8882959.000.000) 12/04 00:57:33 Job submitted from host: <10.10.48.31:12542?addrs=10.10.48.31-12542>
...
001 (8882959.000.000) 12/04 00:58:10 Job executing on host: <10.10.48.139:49429?addrs=10.10.48.139-49429>
...
006 (8882959.000.000) 12/04 00:58:18 Image size of job updated: 177456
	28  -  MemoryUsage of job (MB)
	28148  -  ResidentSetSize of job (KB)
...
006 (8882959.000.000) 12/04 01:00:00 Image size of job updated: 190240
	28  -  MemoryUsage of job (MB)
	28148  -  ResidentSetSize of job (KB)
...
005 (8882959.000.000) 12/04 01:00:00 Job terminated.
	(1) Normal termination (return value 0)
		Usr 0 00:00:20, Sys 0 00:00:00  -  Run Remote Usage
		Usr 0 00:00:00, Sys 0 00:00:00  -  Run Local Usage
		Usr 0 00:00:20, Sys 0 00:00:00  -  Total Remote Usage
		Usr 0 00:00:00, Sys 0 00:00:00  -  Total Local Usage
	0  -  Run Bytes Sent By Job
	0  -  Run Bytes Received By Job
	0  -  Total Bytes Sent By Job
	0  -  Total Bytes Received By Job
	Partitionable Resources :    Usage  Request Allocated
	   Cpus                 :                 1         1
	   Disk (KB)            :        1        1  13383709
	   Memory (MB)          :       28        1      6441
...
