000 (8804717.000.000) 12/02 15:19:11 Job submitted from host: <10.10.48.31:12542?addrs=10.10.48.31-12542>
...
001 (8804717.000.000) 12/02 15:19:23 Job executing on host: <10.10.48.145:26377?addrs=10.10.48.145-26377>
...
006 (8804717.000.000) 12/02 15:19:32 Image size of job updated: 185120
	33  -  MemoryUsage of job (MB)
	33776  -  ResidentSetSize of job (KB)
...
006 (8804717.000.000) 12/02 15:23:49 Image size of job updated: 192000
	33  -  MemoryUsage of job (MB)
	33776  -  ResidentSetSize of job (KB)
...
005 (8804717.000.000) 12/02 15:23:49 Job terminated.
	(1) Normal termination (return value 0)
		Usr 0 00:00:49, Sys 0 00:00:01  -  Run Remote Usage
		Usr 0 00:00:00, Sys 0 00:00:00  -  Run Local Usage
		Usr 0 00:00:49, Sys 0 00:00:01  -  Total Remote Usage
		Usr 0 00:00:00, Sys 0 00:00:00  -  Total Local Usage
	0  -  Run Bytes Sent By Job
	0  -  Run Bytes Received By Job
	0  -  Total Bytes Sent By Job
	0  -  Total Bytes Received By Job
	Partitionable Resources :    Usage  Request Allocated
	   Cpus                 :                 1         1
	   Disk (KB)            :        1        1  13384545
	   Memory (MB)          :       33        1      6441
...
000 (8882970.000.000) 12/04 00:57:35 Job submitted from host: <10.10.48.31:12542?addrs=10.10.48.31-12542>
...
001 (8882970.000.000) 12/04 00:58:09 Job executing on host: <10.10.48.145:26377?addrs=10.10.48.145-26377>
...
006 (8882970.000.000) 12/04 00:58:17 Image size of job updated: 181524
	29  -  MemoryUsage of job (MB)
	29640  -  ResidentSetSize of job (KB)
...
006 (8882970.000.000) 12/04 01:03:17 Image size of job updated: 193364
	42  -  MemoryUsage of job (MB)
	42444  -  ResidentSetSize of job (KB)
...
006 (8882970.000.000) 12/04 01:05:47 Image size of job updated: 197580
	42  -  MemoryUsage of job (MB)
	42444  -  ResidentSetSize of job (KB)
...
005 (8882970.000.000) 12/04 01:05:47 Job terminated.
	(1) Normal termination (return value 0)
		Usr 0 00:02:07, Sys 0 00:00:03  -  Run Remote Usage
		Usr 0 00:00:00, Sys 0 00:00:00  -  Run Local Usage
		Usr 0 00:02:07, Sys 0 00:00:03  -  Total Remote Usage
		Usr 0 00:00:00, Sys 0 00:00:00  -  Total Local Usage
	0  -  Run Bytes Sent By Job
	0  -  Run Bytes Received By Job
	0  -  Total Bytes Sent By Job
	0  -  Total Bytes Received By Job
	Partitionable Resources :    Usage  Request Allocated
	   Cpus                 :                 1         1
	   Disk (KB)            :        1        1  13384734
	   Memory (MB)          :       42        1      6441
...
