000 (8804658.000.000) 12/02 15:19:02 Job submitted from host: <10.10.48.31:12542?addrs=10.10.48.31-12542>
...
001 (8804658.000.000) 12/02 15:19:22 Job executing on host: <10.10.48.141:50603?addrs=10.10.48.141-50603>
...
006 (8804658.000.000) 12/02 15:19:30 Image size of job updated: 184860
	32  -  MemoryUsage of job (MB)
	31896  -  ResidentSetSize of job (KB)
...
006 (8804658.000.000) 12/02 15:24:30 Image size of job updated: 190876
	38  -  MemoryUsage of job (MB)
	38192  -  ResidentSetSize of job (KB)
...
006 (8804658.000.000) 12/02 15:25:39 Image size of job updated: 191096
	38  -  MemoryUsage of job (MB)
	38192  -  ResidentSetSize of job (KB)
...
005 (8804658.000.000) 12/02 15:25:39 Job terminated.
	(1) Normal termination (return value 0)
		Usr 0 00:01:33, Sys 0 00:00:02  -  Run Remote Usage
		Usr 0 00:00:00, Sys 0 00:00:00  -  Run Local Usage
		Usr 0 00:01:33, Sys 0 00:00:02  -  Total Remote Usage
		Usr 0 00:00:00, Sys 0 00:00:00  -  Total Local Usage
	0  -  Run Bytes Sent By Job
	0  -  Run Bytes Received By Job
	0  -  Total Bytes Sent By Job
	0  -  Total Bytes Received By Job
	Partitionable Resources :    Usage  Request Allocated
	   Cpus                 :                 1         1
	   Disk (KB)            :        1        1  13377328
	   Memory (MB)          :       38        1      6441
...
000 (8882863.000.000) 12/04 00:57:25 Job submitted from host: <10.10.48.31:12542?addrs=10.10.48.31-12542>
...
001 (8882863.000.000) 12/04 00:57:32 Job executing on host: <10.10.48.141:50603?addrs=10.10.48.141-50603>
...
006 (8882863.000.000) 12/04 00:57:40 Image size of job updated: 185100
	32  -  MemoryUsage of job (MB)
	31908  -  ResidentSetSize of job (KB)
...
006 (8882863.000.000) 12/04 01:00:10 Image size of job updated: 191032
	32  -  MemoryUsage of job (MB)
	31908  -  ResidentSetSize of job (KB)
...
005 (8882863.000.000) 12/04 01:00:10 Job terminated.
	(1) Normal termination (return value 0)
		Usr 0 00:00:36, Sys 0 00:00:01  -  Run Remote Usage
		Usr 0 00:00:00, Sys 0 00:00:00  -  Run Local Usage
		Usr 0 00:00:36, Sys 0 00:00:01  -  Total Remote Usage
		Usr 0 00:00:00, Sys 0 00:00:00  -  Total Local Usage
	0  -  Run Bytes Sent By Job
	0  -  Run Bytes Received By Job
	0  -  Total Bytes Sent By Job
	0  -  Total Bytes Received By Job
	Partitionable Resources :    Usage  Request Allocated
	   Cpus                 :                 1         1
	   Disk (KB)            :        1        1  13375322
	   Memory (MB)          :       32        1      6441
...
