000 (8804715.000.000) 12/02 15:19:10 Job submitted from host: <10.10.48.31:12542?addrs=10.10.48.31-12542>
...
001 (8804715.000.000) 12/02 15:19:23 Job executing on host: <10.10.48.145:26377?addrs=10.10.48.145-26377>
...
006 (8804715.000.000) 12/02 15:19:31 Image size of job updated: 177416
	29  -  MemoryUsage of job (MB)
	29168  -  ResidentSetSize of job (KB)
...
006 (8804715.000.000) 12/02 15:23:34 Image size of job updated: 191884
	29  -  MemoryUsage of job (MB)
	29168  -  ResidentSetSize of job (KB)
...
005 (8804715.000.000) 12/02 15:23:35 Job terminated.
	(1) Normal termination (return value 0)
		Usr 0 00:00:58, Sys 0 00:00:01  -  Run Remote Usage
		Usr 0 00:00:00, Sys 0 00:00:00  -  Run Local Usage
		Usr 0 00:00:58, Sys 0 00:00:01  -  Total Remote Usage
		Usr 0 00:00:00, Sys 0 00:00:00  -  Total Local Usage
	0  -  Run Bytes Sent By Job
	0  -  Run Bytes Received By Job
	0  -  Total Bytes Sent By Job
	0  -  Total Bytes Received By Job
	Partitionable Resources :    Usage  Request Allocated
	   Cpus                 :                 1         1
	   Disk (KB)            :        1        1  13384545
	   Memory (MB)          :       29        1      6441
...
000 (8882968.000.000) 12/04 00:57:34 Job submitted from host: <10.10.48.31:12542?addrs=10.10.48.31-12542>
...
001 (8882968.000.000) 12/04 00:58:08 Job executing on host: <10.10.48.145:26377?addrs=10.10.48.145-26377>
...
006 (8882968.000.000) 12/04 00:58:17 Image size of job updated: 181520
	29  -  MemoryUsage of job (MB)
	29192  -  ResidentSetSize of job (KB)
...
006 (8882968.000.000) 12/04 01:02:35 Image size of job updated: 192912
	29  -  MemoryUsage of job (MB)
	29192  -  ResidentSetSize of job (KB)
...
005 (8882968.000.000) 12/04 01:02:35 Job terminated.
	(1) Normal termination (return value 0)
		Usr 0 00:00:58, Sys 0 00:00:01  -  Run Remote Usage
		Usr 0 00:00:00, Sys 0 00:00:00  -  Run Local Usage
		Usr 0 00:00:58, Sys 0 00:00:01  -  Total Remote Usage
		Usr 0 00:00:00, Sys 0 00:00:00  -  Total Local Usage
	0  -  Run Bytes Sent By Job
	0  -  Run Bytes Received By Job
	0  -  Total Bytes Sent By Job
	0  -  Total Bytes Received By Job
	Partitionable Resources :    Usage  Request Allocated
	   Cpus                 :                 1         1
	   Disk (KB)            :        1        1  13384792
	   Memory (MB)          :       29        1      6441
...
