000 (8804679.000.000) 12/02 15:19:05 Job submitted from host: <10.10.48.31:12542?addrs=10.10.48.31-12542>
...
001 (8804679.000.000) 12/02 15:19:19 Job executing on host: <10.10.48.139:49429?addrs=10.10.48.139-49429>
...
006 (8804679.000.000) 12/02 15:19:28 Image size of job updated: 184836
	33  -  MemoryUsage of job (MB)
	33132  -  ResidentSetSize of job (KB)
...
006 (8804679.000.000) 12/02 15:22:14 Image size of job updated: 190720
	33  -  MemoryUsage of job (MB)
	33132  -  ResidentSetSize of job (KB)
...
005 (8804679.000.000) 12/02 15:22:14 Job terminated.
	(1) Normal termination (return value 0)
		Usr 0 00:00:36, Sys 0 00:00:01  -  Run Remote Usage
		Usr 0 00:00:00, Sys 0 00:00:00  -  Run Local Usage
		Usr 0 00:00:36, Sys 0 00:00:01  -  Total Remote Usage
		Usr 0 00:00:00, Sys 0 00:00:00  -  Total Local Usage
	0  -  Run Bytes Sent By Job
	0  -  Run Bytes Received By Job
	0  -  Total Bytes Sent By Job
	0  -  Total Bytes Received By Job
	Partitionable Resources :    Usage  Request Allocated
	   Cpus                 :                 1         1
	   Disk (KB)            :        1        1  13383979
	   Memory (MB)          :       33        1      6441
...
000 (8882926.000.000) 12/04 00:57:28 Job submitted from host: <10.10.48.31:12542?addrs=10.10.48.31-12542>
...
001 (8882926.000.000) 12/04 00:57:46 Job executing on host: <10.10.48.35:61041?addrs=10.10.48.35-61041>
...
006 (8882926.000.000) 12/04 00:57:55 Image size of job updated: 183632
	31  -  MemoryUsage of job (MB)
	31712  -  ResidentSetSize of job (KB)
...
005 (8882926.000.000) 12/04 00:57:56 Job terminated.
	(1) Normal termination (return value 0)
		Usr 0 00:00:00, Sys 0 00:00:00  -  Run Remote Usage
		Usr 0 00:00:00, Sys 0 00:00:00  -  Run Local Usage
		Usr 0 00:00:00, Sys 0 00:00:00  -  Total Remote Usage
		Usr 0 00:00:00, Sys 0 00:00:00  -  Total Local Usage
	0  -  Run Bytes Sent By Job
	0  -  Run Bytes Received By Job
	0  -  Total Bytes Sent By Job
	0  -  Total Bytes Received By Job
	Partitionable Resources :    Usage  Request Allocated
	   Cpus                 :                 1         1
	   Disk (KB)            :        1        1  16722433
	   Memory (MB)          :       31        1      4023
...
