000 (8804732.000.000) 12/02 15:19:42 Job submitted from host: <10.10.48.31:12542?addrs=10.10.48.31-12542>
...
001 (8804732.000.000) 12/02 15:19:46 Job executing on host: <10.10.48.145:26377?addrs=10.10.48.145-26377>
...
006 (8804732.000.000) 12/02 15:19:49 Image size of job updated: 1
	0  -  MemoryUsage of job (MB)
	0  -  ResidentSetSize of job (KB)
...
005 (8804732.000.000) 12/02 15:19:49 Job terminated.
	(1) Normal termination (return value 0)
		Usr 0 00:00:00, Sys 0 00:00:00  -  Run Remote Usage
		Usr 0 00:00:00, Sys 0 00:00:00  -  Run Local Usage
		Usr 0 00:00:00, Sys 0 00:00:00  -  Total Remote Usage
		Usr 0 00:00:00, Sys 0 00:00:00  -  Total Local Usage
	0  -  Run Bytes Sent By Job
	0  -  Run Bytes Received By Job
	0  -  Total Bytes Sent By Job
	0  -  Total Bytes Received By Job
	Partitionable Resources :    Usage  Request Allocated
	   Cpus                 :                 1         1
	   Disk (KB)            :        1        1  13384545
	   Memory (MB)          :        0        1      6441
...
000 (8882985.000.000) 12/04 00:57:36 Job submitted from host: <10.10.48.31:12542?addrs=10.10.48.31-12542>
...
001 (8882985.000.000) 12/04 00:58:11 Job executing on host: <10.10.48.145:26377?addrs=10.10.48.145-26377>
...
006 (8882985.000.000) 12/04 00:58:19 Image size of job updated: 1
	2  -  MemoryUsage of job (MB)
	1868  -  ResidentSetSize of job (KB)
...
006 (8882985.000.000) 12/04 01:03:19 Image size of job updated: 192656
	41  -  MemoryUsage of job (MB)
	41600  -  ResidentSetSize of job (KB)
...
006 (8882985.000.000) 12/04 01:08:19 Image size of job updated: 201464
	50  -  MemoryUsage of job (MB)
	50396  -  ResidentSetSize of job (KB)
...
006 (8882985.000.000) 12/04 01:08:36 Image size of job updated: 201764
	50  -  MemoryUsage of job (MB)
	50396  -  ResidentSetSize of job (KB)
...
005 (8882985.000.000) 12/04 01:08:36 Job terminated.
	(1) Normal termination (return value 0)
		Usr 0 00:03:42, Sys 0 00:00:05  -  Run Remote Usage
		Usr 0 00:00:00, Sys 0 00:00:00  -  Run Local Usage
		Usr 0 00:03:42, Sys 0 00:00:05  -  Total Remote Usage
		Usr 0 00:00:00, Sys 0 00:00:00  -  Total Local Usage
	0  -  Run Bytes Sent By Job
	0  -  Run Bytes Received By Job
	0  -  Total Bytes Sent By Job
	0  -  Total Bytes Received By Job
	Partitionable Resources :    Usage  Request Allocated
	   Cpus                 :                 1         1
	   Disk (KB)            :        1        1  13384792
	   Memory (MB)          :       50        1      6441
...
