000 (8804694.000.000) 12/02 15:19:07 Job submitted from host: <10.10.48.31:12542?addrs=10.10.48.31-12542>
...
001 (8804694.000.000) 12/02 15:19:22 Job executing on host: <10.10.48.139:49429?addrs=10.10.48.139-49429>
...
006 (8804694.000.000) 12/02 15:19:31 Image size of job updated: 177456
	29  -  MemoryUsage of job (MB)
	29548  -  ResidentSetSize of job (KB)
...
006 (8804694.000.000) 12/02 15:24:32 Image size of job updated: 190608
	39  -  MemoryUsage of job (MB)
	39576  -  ResidentSetSize of job (KB)
...
006 (8804694.000.000) 12/02 15:28:06 Image size of job updated: 191052
	39  -  MemoryUsage of job (MB)
	39576  -  ResidentSetSize of job (KB)
...
005 (8804694.000.000) 12/02 15:28:06 Job terminated.
	(1) Normal termination (return value 0)
		Usr 0 00:02:08, Sys 0 00:00:03  -  Run Remote Usage
		Usr 0 00:00:00, Sys 0 00:00:00  -  Run Local Usage
		Usr 0 00:02:08, Sys 0 00:00:03  -  Total Remote Usage
		Usr 0 00:00:00, Sys 0 00:00:00  -  Total Local Usage
	0  -  Run Bytes Sent By Job
	0  -  Run Bytes Received By Job
	0  -  Total Bytes Sent By Job
	0  -  Total Bytes Received By Job
	Partitionable Resources :    Usage  Request Allocated
	   Cpus                 :                 1         1
	   Disk (KB)            :        1        1  13383979
	   Memory (MB)          :       39        1      6441
...
000 (8882947.000.000) 12/04 00:57:32 Job submitted from host: <10.10.48.31:12542?addrs=10.10.48.31-12542>
...
001 (8882947.000.000) 12/04 00:58:08 Job executing on host: <10.10.48.139:49429?addrs=10.10.48.139-49429>
...
006 (8882947.000.000) 12/04 00:58:16 Image size of job updated: 177456
	28  -  MemoryUsage of job (MB)
	27896  -  ResidentSetSize of job (KB)
...
006 (8882947.000.000) 12/04 00:59:05 Image size of job updated: 190376
	28  -  MemoryUsage of job (MB)
	27896  -  ResidentSetSize of job (KB)
...
005 (8882947.000.000) 12/04 00:59:05 Job terminated.
	(1) Normal termination (return value 0)
		Usr 0 00:00:09, Sys 0 00:00:00  -  Run Remote Usage
		Usr 0 00:00:00, Sys 0 00:00:00  -  Run Local Usage
		Usr 0 00:00:09, Sys 0 00:00:00  -  Total Remote Usage
		Usr 0 00:00:00, Sys 0 00:00:00  -  Total Local Usage
	0  -  Run Bytes Sent By Job
	0  -  Run Bytes Received By Job
	0  -  Total Bytes Sent By Job
	0  -  Total Bytes Received By Job
	Partitionable Resources :    Usage  Request Allocated
	   Cpus                 :                 1         1
	   Disk (KB)            :        1        1  13383767
	   Memory (MB)          :       28        1      6441
...
