000 (8804726.000.000) 12/02 15:19:23 Job submitted from host: <10.10.48.31:12542?addrs=10.10.48.31-12542>
...
001 (8804726.000.000) 12/02 15:19:32 Job executing on host: <10.10.48.145:26377?addrs=10.10.48.145-26377>
...
006 (8804726.000.000) 12/02 15:19:41 Image size of job updated: 185128
	33  -  MemoryUsage of job (MB)
	33268  -  ResidentSetSize of job (KB)
...
006 (8804726.000.000) 12/02 15:23:48 Image size of job updated: 191932
	33  -  MemoryUsage of job (MB)
	33268  -  ResidentSetSize of job (KB)
...
005 (8804726.000.000) 12/02 15:23:48 Job terminated.
	(1) Normal termination (return value 0)
		Usr 0 00:00:50, Sys 0 00:00:01  -  Run Remote Usage
		Usr 0 00:00:00, Sys 0 00:00:00  -  Run Local Usage
		Usr 0 00:00:50, Sys 0 00:00:01  -  Total Remote Usage
		Usr 0 00:00:00, Sys 0 00:00:00  -  Total Local Usage
	0  -  Run Bytes Sent By Job
	0  -  Run Bytes Received By Job
	0  -  Total Bytes Sent By Job
	0  -  Total Bytes Received By Job
	Partitionable Resources :    Usage  Request Allocated
	   Cpus                 :                 1         1
	   Disk (KB)            :        1        1  13384545
	   Memory (MB)          :       33        1      6441
...
000 (8882979.000.000) 12/04 00:57:36 Job submitted from host: <10.10.48.31:12542?addrs=10.10.48.31-12542>
...
001 (8882979.000.000) 12/04 00:58:10 Job executing on host: <10.10.48.145:26377?addrs=10.10.48.145-26377>
...
006 (8882979.000.000) 12/04 00:58:18 Image size of job updated: 177448
	29  -  MemoryUsage of job (MB)
	29168  -  ResidentSetSize of job (KB)
...
006 (8882979.000.000) 12/04 01:03:18 Image size of job updated: 192448
	41  -  MemoryUsage of job (MB)
	41040  -  ResidentSetSize of job (KB)
...
006 (8882979.000.000) 12/04 01:08:19 Image size of job updated: 201928
	50  -  MemoryUsage of job (MB)
	50684  -  ResidentSetSize of job (KB)
...
006 (8882979.000.000) 12/04 01:09:47 Image size of job updated: 205688
	50  -  MemoryUsage of job (MB)
	50684  -  ResidentSetSize of job (KB)
...
005 (8882979.000.000) 12/04 01:09:47 Job terminated.
	(1) Normal termination (return value 0)
		Usr 0 00:03:58, Sys 0 00:00:05  -  Run Remote Usage
		Usr 0 00:00:00, Sys 0 00:00:00  -  Run Local Usage
		Usr 0 00:03:58, Sys 0 00:00:05  -  Total Remote Usage
		Usr 0 00:00:00, Sys 0 00:00:00  -  Total Local Usage
	0  -  Run Bytes Sent By Job
	0  -  Run Bytes Received By Job
	0  -  Total Bytes Sent By Job
	0  -  Total Bytes Received By Job
	Partitionable Resources :    Usage  Request Allocated
	   Cpus                 :                 1         1
	   Disk (KB)            :        1        1  13384734
	   Memory (MB)          :       50        1      6441
...
