000 (8804684.000.000) 12/02 15:19:06 Job submitted from host: <10.10.48.31:12542?addrs=10.10.48.31-12542>
...
001 (8804684.000.000) 12/02 15:19:21 Job executing on host: <10.10.48.139:49429?addrs=10.10.48.139-49429>
...
006 (8804684.000.000) 12/02 15:19:29 Image size of job updated: 181552
	28  -  MemoryUsage of job (MB)
	27924  -  ResidentSetSize of job (KB)
...
006 (8804684.000.000) 12/02 15:24:29 Image size of job updated: 190996
	38  -  MemoryUsage of job (MB)
	38320  -  ResidentSetSize of job (KB)
...
006 (8804684.000.000) 12/02 15:27:24 Image size of job updated: 191552
	38  -  MemoryUsage of job (MB)
	38320  -  ResidentSetSize of job (KB)
...
005 (8804684.000.000) 12/02 15:27:24 Job terminated.
	(1) Normal termination (return value 0)
		Usr 0 00:02:03, Sys 0 00:00:03  -  Run Remote Usage
		Usr 0 00:00:00, Sys 0 00:00:00  -  Run Local Usage
		Usr 0 00:02:03, Sys 0 00:00:03  -  Total Remote Usage
		Usr 0 00:00:00, Sys 0 00:00:00  -  Total Local Usage
	0  -  Run Bytes Sent By Job
	0  -  Run Bytes Received By Job
	0  -  Total Bytes Sent By Job
	0  -  Total Bytes Received By Job
	Partitionable Resources :    Usage  Request Allocated
	   Cpus                 :                 1         1
	   Disk (KB)            :        1        1  13383979
	   Memory (MB)          :       38        1      6441
...
000 (8882937.000.000) 12/04 00:57:29 Job submitted from host: <10.10.48.31:12542?addrs=10.10.48.31-12542>
...
001 (8882937.000.000) 12/04 00:57:47 Job executing on host: <10.10.48.35:61041?addrs=10.10.48.35-61041>
...
006 (8882937.000.000) 12/04 00:57:57 Image size of job updated: 190372
	39  -  MemoryUsage of job (MB)
	39172  -  ResidentSetSize of job (KB)
...
006 (8882937.000.000) 12/04 00:58:17 Image size of job updated: 190380
	39  -  MemoryUsage of job (MB)
	39172  -  ResidentSetSize of job (KB)
...
005 (8882937.000.000) 12/04 00:58:17 Job terminated.
	(1) Normal termination (return value 0)
		Usr 0 00:00:10, Sys 0 00:00:00  -  Run Remote Usage
		Usr 0 00:00:00, Sys 0 00:00:00  -  Run Local Usage
		Usr 0 00:00:10, Sys 0 00:00:00  -  Total Remote Usage
		Usr 0 00:00:00, Sys 0 00:00:00  -  Total Local Usage
	0  -  Run Bytes Sent By Job
	0  -  Run Bytes Received By Job
	0  -  Total Bytes Sent By Job
	0  -  Total Bytes Received By Job
	Partitionable Resources :    Usage  Request Allocated
	   Cpus                 :                 1         1
	   Disk (KB)            :        1        1  16722433
	   Memory (MB)          :       39        1      4023
...
