000 (8804683.000.000) 12/02 15:19:06 Job submitted from host: <10.10.48.31:12542?addrs=10.10.48.31-12542>
...
001 (8804683.000.000) 12/02 15:19:20 Job executing on host: <10.10.48.139:49429?addrs=10.10.48.139-49429>
...
006 (8804683.000.000) 12/02 15:19:29 Image size of job updated: 181556
	28  -  MemoryUsage of job (MB)
	28136  -  ResidentSetSize of job (KB)
...
006 (8804683.000.000) 12/02 15:24:30 Image size of job updated: 190956
	38  -  MemoryUsage of job (MB)
	38448  -  ResidentSetSize of job (KB)
...
006 (8804683.000.000) 12/02 15:29:30 Image size of job updated: 192288
	40  -  MemoryUsage of job (MB)
	39960  -  ResidentSetSize of job (KB)
...
006 (8804683.000.000) 12/02 15:29:49 Image size of job updated: 192608
	40  -  MemoryUsage of job (MB)
	39960  -  ResidentSetSize of job (KB)
...
005 (8804683.000.000) 12/02 15:29:49 Job terminated.
	(1) Normal termination (return value 0)
		Usr 0 00:03:16, Sys 0 00:00:05  -  Run Remote Usage
		Usr 0 00:00:00, Sys 0 00:00:00  -  Run Local Usage
		Usr 0 00:03:16, Sys 0 00:00:05  -  Total Remote Usage
		Usr 0 00:00:00, Sys 0 00:00:00  -  Total Local Usage
	0  -  Run Bytes Sent By Job
	0  -  Run Bytes Received By Job
	0  -  Total Bytes Sent By Job
	0  -  Total Bytes Received By Job
	Partitionable Resources :    Usage  Request Allocated
	   Cpus                 :                 1         1
	   Disk (KB)            :        1        1  13383979
	   Memory (MB)          :       40        1      6441
...
000 (8882936.000.000) 12/04 00:57:29 Job submitted from host: <10.10.48.31:12542?addrs=10.10.48.31-12542>
...
001 (8882936.000.000) 12/04 00:57:47 Job executing on host: <10.10.48.35:61041?addrs=10.10.48.35-61041>
...
006 (8882936.000.000) 12/04 00:57:56 Image size of job updated: 190256
	38  -  MemoryUsage of job (MB)
	38496  -  ResidentSetSize of job (KB)
...
006 (8882936.000.000) 12/04 00:58:33 Image size of job updated: 190388
	38  -  MemoryUsage of job (MB)
	38496  -  ResidentSetSize of job (KB)
...
005 (8882936.000.000) 12/04 00:58:33 Job terminated.
	(1) Normal termination (return value 0)
		Usr 0 00:00:12, Sys 0 00:00:00  -  Run Remote Usage
		Usr 0 00:00:00, Sys 0 00:00:00  -  Run Local Usage
		Usr 0 00:00:12, Sys 0 00:00:00  -  Total Remote Usage
		Usr 0 00:00:00, Sys 0 00:00:00  -  Total Local Usage
	0  -  Run Bytes Sent By Job
	0  -  Run Bytes Received By Job
	0  -  Total Bytes Sent By Job
	0  -  Total Bytes Received By Job
	Partitionable Resources :    Usage  Request Allocated
	   Cpus                 :                 1         1
	   Disk (KB)            :        1        1  16722433
	   Memory (MB)          :       38        1      4023
...
