000 (8804781.000.000) 12/02 15:22:20 Job submitted from host: <10.10.48.31:12542?addrs=10.10.48.31-12542>
...
001 (8804781.000.000) 12/02 15:22:29 Job executing on host: <10.10.48.35:61041?addrs=10.10.48.35-61041>
...
006 (8804781.000.000) 12/02 15:22:38 Image size of job updated: 181840
	30  -  MemoryUsage of job (MB)
	29896  -  ResidentSetSize of job (KB)
...
006 (8804781.000.000) 12/02 15:27:38 Image size of job updated: 185752
	35  -  MemoryUsage of job (MB)
	35120  -  ResidentSetSize of job (KB)
...
006 (8804781.000.000) 12/02 15:32:38 Image size of job updated: 203556
	52  -  MemoryUsage of job (MB)
	53184  -  ResidentSetSize of job (KB)
...
006 (8804781.000.000) 12/02 15:37:39 Image size of job updated: 217804
	66  -  MemoryUsage of job (MB)
	67492  -  ResidentSetSize of job (KB)
...
006 (8804781.000.000) 12/02 15:42:40 Image size of job updated: 231668
	80  -  MemoryUsage of job (MB)
	81336  -  ResidentSetSize of job (KB)
...
006 (8804781.000.000) 12/02 15:47:40 Image size of job updated: 246460
	94  -  MemoryUsage of job (MB)
	95988  -  ResidentSetSize of job (KB)
...
006 (8804781.000.000) 12/02 15:52:35 Image size of job updated: 261664
	94  -  MemoryUsage of job (MB)
	95988  -  ResidentSetSize of job (KB)
...
005 (8804781.000.000) 12/02 15:52:35 Job terminated.
	(1) Normal termination (return value 0)
		Usr 0 00:15:04, Sys 0 00:00:24  -  Run Remote Usage
		Usr 0 00:00:00, Sys 0 00:00:00  -  Run Local Usage
		Usr 0 00:15:04, Sys 0 00:00:24  -  Total Remote Usage
		Usr 0 00:00:00, Sys 0 00:00:00  -  Total Local Usage
	0  -  Run Bytes Sent By Job
	0  -  Run Bytes Received By Job
	0  -  Total Bytes Sent By Job
	0  -  Total Bytes Received By Job
	Partitionable Resources :    Usage  Request Allocated
	   Cpus                 :                 1         1
	   Disk (KB)            :        1        1  16724585
	   Memory (MB)          :       94        1      4023
...
000 (8883251.000.000) 12/04 01:00:11 Job submitted from host: <10.10.48.31:12542?addrs=10.10.48.31-12542>
...
001 (8883251.000.000) 12/04 01:00:14 Job executing on host: <10.10.48.141:50603?addrs=10.10.48.141-50603>
...
006 (8883251.000.000) 12/04 01:00:23 Image size of job updated: 184852
	32  -  MemoryUsage of job (MB)
	31828  -  ResidentSetSize of job (KB)
...
006 (8883251.000.000) 12/04 01:03:57 Image size of job updated: 191364
	32  -  MemoryUsage of job (MB)
	31828  -  ResidentSetSize of job (KB)
...
005 (8883251.000.000) 12/04 01:03:57 Job terminated.
	(1) Normal termination (return value 0)
		Usr 0 00:00:51, Sys 0 00:00:01  -  Run Remote Usage
		Usr 0 00:00:00, Sys 0 00:00:00  -  Run Local Usage
		Usr 0 00:00:51, Sys 0 00:00:01  -  Total Remote Usage
		Usr 0 00:00:00, Sys 0 00:00:00  -  Total Local Usage
	0  -  Run Bytes Sent By Job
	0  -  Run Bytes Received By Job
	0  -  Total Bytes Sent By Job
	0  -  Total Bytes Received By Job
	Partitionable Resources :    Usage  Request Allocated
	   Cpus                 :                 1         1
	   Disk (KB)            :        1        1  13375283
	   Memory (MB)          :       32        1      6441
...
