000 (8804662.000.000) 12/02 15:19:02 Job submitted from host: <10.10.48.31:12542?addrs=10.10.48.31-12542>
...
001 (8804662.000.000) 12/02 15:19:19 Job executing on host: <10.10.48.35:61041?addrs=10.10.48.35-61041>
...
006 (8804662.000.000) 12/02 15:19:28 Image size of job updated: 181528
	29  -  MemoryUsage of job (MB)
	29472  -  ResidentSetSize of job (KB)
...
006 (8804662.000.000) 12/02 15:24:29 Image size of job updated: 190928
	40  -  MemoryUsage of job (MB)
	40076  -  ResidentSetSize of job (KB)
...
006 (8804662.000.000) 12/02 15:29:29 Image size of job updated: 191980
	41  -  MemoryUsage of job (MB)
	41476  -  ResidentSetSize of job (KB)
...
006 (8804662.000.000) 12/02 15:34:30 Image size of job updated: 193712
	43  -  MemoryUsage of job (MB)
	43100  -  ResidentSetSize of job (KB)
...
006 (8804662.000.000) 12/02 15:39:31 Image size of job updated: 194996
	44  -  MemoryUsage of job (MB)
	44532  -  ResidentSetSize of job (KB)
...
006 (8804662.000.000) 12/02 15:44:31 Image size of job updated: 196948
	46  -  MemoryUsage of job (MB)
	46372  -  ResidentSetSize of job (KB)
...
006 (8804662.000.000) 12/02 15:48:27 Image size of job updated: 198156
	46  -  MemoryUsage of job (MB)
	46372  -  ResidentSetSize of job (KB)
...
005 (8804662.000.000) 12/02 15:48:27 Job terminated.
	(1) Normal termination (return value 0)
		Usr 0 00:13:47, Sys 0 00:00:22  -  Run Remote Usage
		Usr 0 00:00:00, Sys 0 00:00:00  -  Run Local Usage
		Usr 0 00:13:47, Sys 0 00:00:22  -  Total Remote Usage
		Usr 0 00:00:00, Sys 0 00:00:00  -  Total Local Usage
	0  -  Run Bytes Sent By Job
	0  -  Run Bytes Received By Job
	0  -  Total Bytes Sent By Job
	0  -  Total Bytes Received By Job
	Partitionable Resources :    Usage  Request Allocated
	   Cpus                 :                 1         1
	   Disk (KB)            :        1        1  16724635
	   Memory (MB)          :       46        1      4023
...
000 (8882875.000.000) 12/04 00:57:26 Job submitted from host: <10.10.48.31:12542?addrs=10.10.48.31-12542>
...
001 (8882875.000.000) 12/04 00:57:32 Job executing on host: <10.10.48.41:20766?addrs=10.10.48.41-20766>
...
006 (8882875.000.000) 12/04 00:57:41 Image size of job updated: 185132
	32  -  MemoryUsage of job (MB)
	32056  -  ResidentSetSize of job (KB)
...
006 (8882875.000.000) 12/04 01:01:31 Image size of job updated: 191512
	32  -  MemoryUsage of job (MB)
	32056  -  ResidentSetSize of job (KB)
...
005 (8882875.000.000) 12/04 01:01:31 Job terminated.
	(1) Normal termination (return value 0)
		Usr 0 00:00:58, Sys 0 00:00:01  -  Run Remote Usage
		Usr 0 00:00:00, Sys 0 00:00:00  -  Run Local Usage
		Usr 0 00:00:58, Sys 0 00:00:01  -  Total Remote Usage
		Usr 0 00:00:00, Sys 0 00:00:00  -  Total Local Usage
	0  -  Run Bytes Sent By Job
	0  -  Run Bytes Received By Job
	0  -  Total Bytes Sent By Job
	0  -  Total Bytes Received By Job
	Partitionable Resources :    Usage  Request Allocated
	   Cpus                 :                 1         1
	   Disk (KB)            :        1        1  16724756
	   Memory (MB)          :       32        1      4023
...
