000 (8804693.000.000) 12/02 15:19:07 Job submitted from host: <10.10.48.31:12542?addrs=10.10.48.31-12542>
...
001 (8804693.000.000) 12/02 15:19:22 Job executing on host: <10.10.48.139:49429?addrs=10.10.48.139-49429>
...
006 (8804693.000.000) 12/02 15:19:31 Image size of job updated: 177452
	29  -  MemoryUsage of job (MB)
	29444  -  ResidentSetSize of job (KB)
...
006 (8804693.000.000) 12/02 15:22:05 Image size of job updated: 190504
	29  -  MemoryUsage of job (MB)
	29444  -  ResidentSetSize of job (KB)
...
005 (8804693.000.000) 12/02 15:22:05 Job terminated.
	(1) Normal termination (return value 0)
		Usr 0 00:00:35, Sys 0 00:00:01  -  Run Remote Usage
		Usr 0 00:00:00, Sys 0 00:00:00  -  Run Local Usage
		Usr 0 00:00:35, Sys 0 00:00:01  -  Total Remote Usage
		Usr 0 00:00:00, Sys 0 00:00:00  -  Total Local Usage
	0  -  Run Bytes Sent By Job
	0  -  Run Bytes Received By Job
	0  -  Total Bytes Sent By Job
	0  -  Total Bytes Received By Job
	Partitionable Resources :    Usage  Request Allocated
	   Cpus                 :                 1         1
	   Disk (KB)            :        1        1  13383979
	   Memory (MB)          :       29        1      6441
...
000 (8882946.000.000) 12/04 00:57:31 Job submitted from host: <10.10.48.31:12542?addrs=10.10.48.31-12542>
...
001 (8882946.000.000) 12/04 00:58:08 Job executing on host: <10.10.48.139:49429?addrs=10.10.48.139-49429>
...
006 (8882946.000.000) 12/04 00:58:16 Image size of job updated: 181556
	28  -  MemoryUsage of job (MB)
	28140  -  ResidentSetSize of job (KB)
...
006 (8882946.000.000) 12/04 01:02:10 Image size of job updated: 191692
	28  -  MemoryUsage of job (MB)
	28140  -  ResidentSetSize of job (KB)
...
005 (8882946.000.000) 12/04 01:02:10 Job terminated.
	(1) Normal termination (return value 0)
		Usr 0 00:00:59, Sys 0 00:00:01  -  Run Remote Usage
		Usr 0 00:00:00, Sys 0 00:00:00  -  Run Local Usage
		Usr 0 00:00:59, Sys 0 00:00:01  -  Total Remote Usage
		Usr 0 00:00:00, Sys 0 00:00:00  -  Total Local Usage
	0  -  Run Bytes Sent By Job
	0  -  Run Bytes Received By Job
	0  -  Total Bytes Sent By Job
	0  -  Total Bytes Received By Job
	Partitionable Resources :    Usage  Request Allocated
	   Cpus                 :                 1         1
	   Disk (KB)            :        1        1  13383767
	   Memory (MB)          :       28        1      6441
...
