000 (8804703.000.000) 12/02 15:19:09 Job submitted from host: <10.10.48.31:12542?addrs=10.10.48.31-12542>
...
001 (8804703.000.000) 12/02 15:19:21 Job executing on host: <10.10.48.145:26377?addrs=10.10.48.145-26377>
...
006 (8804703.000.000) 12/02 15:19:29 Image size of job updated: 183992
	32  -  MemoryUsage of job (MB)
	32456  -  ResidentSetSize of job (KB)
...
006 (8804703.000.000) 12/02 15:24:29 Image size of job updated: 192356
	41  -  MemoryUsage of job (MB)
	41268  -  ResidentSetSize of job (KB)
...
006 (8804703.000.000) 12/02 15:25:06 Image size of job updated: 192732
	41  -  MemoryUsage of job (MB)
	41268  -  ResidentSetSize of job (KB)
...
005 (8804703.000.000) 12/02 15:25:06 Job terminated.
	(1) Normal termination (return value 0)
		Usr 0 00:01:09, Sys 0 00:00:01  -  Run Remote Usage
		Usr 0 00:00:00, Sys 0 00:00:00  -  Run Local Usage
		Usr 0 00:01:09, Sys 0 00:00:01  -  Total Remote Usage
		Usr 0 00:00:00, Sys 0 00:00:00  -  Total Local Usage
	0  -  Run Bytes Sent By Job
	0  -  Run Bytes Received By Job
	0  -  Total Bytes Sent By Job
	0  -  Total Bytes Received By Job
	Partitionable Resources :    Usage  Request Allocated
	   Cpus                 :                 1         1
	   Disk (KB)            :        1        1  13384545
	   Memory (MB)          :       41        1      6441
...
000 (8882956.000.000) 12/04 00:57:33 Job submitted from host: <10.10.48.31:12542?addrs=10.10.48.31-12542>
...
001 (8882956.000.000) 12/04 00:58:09 Job executing on host: <10.10.48.139:49429?addrs=10.10.48.139-49429>
...
006 (8882956.000.000) 12/04 00:58:18 Image size of job updated: 177448
	29  -  MemoryUsage of job (MB)
	29644  -  ResidentSetSize of job (KB)
...
006 (8882956.000.000) 12/04 01:03:19 Image size of job updated: 192776
	41  -  MemoryUsage of job (MB)
	41888  -  ResidentSetSize of job (KB)
...
006 (8882956.000.000) 12/04 01:08:20 Image size of job updated: 201736
	50  -  MemoryUsage of job (MB)
	50948  -  ResidentSetSize of job (KB)
...
006 (8882956.000.000) 12/04 01:09:52 Image size of job updated: 205124
	50  -  MemoryUsage of job (MB)
	50948  -  ResidentSetSize of job (KB)
...
005 (8882956.000.000) 12/04 01:09:52 Job terminated.
	(1) Normal termination (return value 0)
		Usr 0 00:04:37, Sys 0 00:00:06  -  Run Remote Usage
		Usr 0 00:00:00, Sys 0 00:00:00  -  Run Local Usage
		Usr 0 00:04:37, Sys 0 00:00:06  -  Total Remote Usage
		Usr 0 00:00:00, Sys 0 00:00:00  -  Total Local Usage
	0  -  Run Bytes Sent By Job
	0  -  Run Bytes Received By Job
	0  -  Total Bytes Sent By Job
	0  -  Total Bytes Received By Job
	Partitionable Resources :    Usage  Request Allocated
	   Cpus                 :                 1         1
	   Disk (KB)            :        1        1  13383767
	   Memory (MB)          :       50        1      6441
...
