000 (8804718.000.000) 12/02 15:19:11 Job submitted from host: <10.10.48.31:12542?addrs=10.10.48.31-12542>
...
001 (8804718.000.000) 12/02 15:19:21 Job executing on host: <10.10.48.143:50448?addrs=10.10.48.143-50448>
...
006 (8804718.000.000) 12/02 15:19:30 Image size of job updated: 116124
	19  -  MemoryUsage of job (MB)
	19304  -  ResidentSetSize of job (KB)
...
006 (8804718.000.000) 12/02 15:24:31 Image size of job updated: 192436
	41  -  MemoryUsage of job (MB)
	41948  -  ResidentSetSize of job (KB)
...
006 (8804718.000.000) 12/02 15:25:02 Image size of job updated: 192656
	41  -  MemoryUsage of job (MB)
	41948  -  ResidentSetSize of job (KB)
...
005 (8804718.000.000) 12/02 15:25:02 Job terminated.
	(1) Normal termination (return value 0)
		Usr 0 00:01:08, Sys 0 00:00:01  -  Run Remote Usage
		Usr 0 00:00:00, Sys 0 00:00:00  -  Run Local Usage
		Usr 0 00:01:08, Sys 0 00:00:01  -  Total Remote Usage
		Usr 0 00:00:00, Sys 0 00:00:00  -  Total Local Usage
	0  -  Run Bytes Sent By Job
	0  -  Run Bytes Received By Job
	0  -  Total Bytes Sent By Job
	0  -  Total Bytes Received By Job
	Partitionable Resources :    Usage  Request Allocated
	   Cpus                 :                 1         1
	   Disk (KB)            :        1        1  13384535
	   Memory (MB)          :       41        1      6441
...
000 (8882971.000.000) 12/04 00:57:35 Job submitted from host: <10.10.48.31:12542?addrs=10.10.48.31-12542>
...
001 (8882971.000.000) 12/04 00:58:09 Job executing on host: <10.10.48.145:26377?addrs=10.10.48.145-26377>
...
006 (8882971.000.000) 12/04 00:58:17 Image size of job updated: 181524
	29  -  MemoryUsage of job (MB)
	29424  -  ResidentSetSize of job (KB)
...
006 (8882971.000.000) 12/04 01:02:52 Image size of job updated: 193084
	29  -  MemoryUsage of job (MB)
	29424  -  ResidentSetSize of job (KB)
...
005 (8882971.000.000) 12/04 01:02:52 Job terminated.
	(1) Normal termination (return value 0)
		Usr 0 00:00:59, Sys 0 00:00:01  -  Run Remote Usage
		Usr 0 00:00:00, Sys 0 00:00:00  -  Run Local Usage
		Usr 0 00:00:59, Sys 0 00:00:01  -  Total Remote Usage
		Usr 0 00:00:00, Sys 0 00:00:00  -  Total Local Usage
	0  -  Run Bytes Sent By Job
	0  -  Run Bytes Received By Job
	0  -  Total Bytes Sent By Job
	0  -  Total Bytes Received By Job
	Partitionable Resources :    Usage  Request Allocated
	   Cpus                 :                 1         1
	   Disk (KB)            :        1        1  13384734
	   Memory (MB)          :       29        1      6441
...
