000 (8804642.000.000) 12/02 15:19:00 Job submitted from host: <10.10.48.31:12542?addrs=10.10.48.31-12542>
...
001 (8804642.000.000) 12/02 15:19:19 Job executing on host: <10.10.48.141:50603?addrs=10.10.48.141-50603>
...
006 (8804642.000.000) 12/02 15:19:28 Image size of job updated: 185100
	33  -  MemoryUsage of job (MB)
	33140  -  ResidentSetSize of job (KB)
...
006 (8804642.000.000) 12/02 15:20:47 Image size of job updated: 190644
	33  -  MemoryUsage of job (MB)
	33140  -  ResidentSetSize of job (KB)
...
005 (8804642.000.000) 12/02 15:20:47 Job terminated.
	(1) Normal termination (return value 0)
		Usr 0 00:00:20, Sys 0 00:00:00  -  Run Remote Usage
		Usr 0 00:00:00, Sys 0 00:00:00  -  Run Local Usage
		Usr 0 00:00:20, Sys 0 00:00:00  -  Total Remote Usage
		Usr 0 00:00:00, Sys 0 00:00:00  -  Total Local Usage
	0  -  Run Bytes Sent By Job
	0  -  Run Bytes Received By Job
	0  -  Total Bytes Sent By Job
	0  -  Total Bytes Received By Job
	Partitionable Resources :    Usage  Request Allocated
	   Cpus                 :                 1         1
	   Disk (KB)            :        1        1  13377328
	   Memory (MB)          :       33        1      6441
...
000 (8882844.000.000) 12/04 00:57:22 Job submitted from host: <10.10.48.31:12542?addrs=10.10.48.31-12542>
...
001 (8882844.000.000) 12/04 00:57:25 Job executing on host: <10.10.48.141:50603?addrs=10.10.48.141-50603>
...
006 (8882844.000.000) 12/04 00:57:32 Image size of job updated: 190448
	0  -  MemoryUsage of job (MB)
	0  -  ResidentSetSize of job (KB)
...
005 (8882844.000.000) 12/04 00:57:32 Job terminated.
	(1) Normal termination (return value 0)
		Usr 0 00:00:03, Sys 0 00:00:00  -  Run Remote Usage
		Usr 0 00:00:00, Sys 0 00:00:00  -  Run Local Usage
		Usr 0 00:00:03, Sys 0 00:00:00  -  Total Remote Usage
		Usr 0 00:00:00, Sys 0 00:00:00  -  Total Local Usage
	0  -  Run Bytes Sent By Job
	0  -  Run Bytes Received By Job
	0  -  Total Bytes Sent By Job
	0  -  Total Bytes Received By Job
	Partitionable Resources :    Usage  Request Allocated
	   Cpus                 :                 1         1
	   Disk (KB)            :        1        1  13375345
	   Memory (MB)          :        0        1      6441
...
