000 (8804634.000.000) 12/02 15:18:59 Job submitted from host: <10.10.48.31:12542?addrs=10.10.48.31-12542>
...
001 (8804634.000.000) 12/02 15:19:15 Job executing on host: <10.10.48.41:20766?addrs=10.10.48.41-20766>
...
006 (8804634.000.000) 12/02 15:19:23 Image size of job updated: 185168
	33  -  MemoryUsage of job (MB)
	33672  -  ResidentSetSize of job (KB)
...
006 (8804634.000.000) 12/02 15:24:23 Image size of job updated: 191172
	40  -  MemoryUsage of job (MB)
	40348  -  ResidentSetSize of job (KB)
...
006 (8804634.000.000) 12/02 15:28:20 Image size of job updated: 192344
	40  -  MemoryUsage of job (MB)
	40348  -  ResidentSetSize of job (KB)
...
005 (8804634.000.000) 12/02 15:28:21 Job terminated.
	(1) Normal termination (return value 0)
		Usr 0 00:02:41, Sys 0 00:00:04  -  Run Remote Usage
		Usr 0 00:00:00, Sys 0 00:00:00  -  Run Local Usage
		Usr 0 00:02:41, Sys 0 00:00:04  -  Total Remote Usage
		Usr 0 00:00:00, Sys 0 00:00:00  -  Total Local Usage
	0  -  Run Bytes Sent By Job
	0  -  Run Bytes Received By Job
	0  -  Total Bytes Sent By Job
	0  -  Total Bytes Received By Job
	Partitionable Resources :    Usage  Request Allocated
	   Cpus                 :                 1         1
	   Disk (KB)            :        1        1  16725587
	   Memory (MB)          :       40        1      4023
...
000 (8804922.000.000) 12/02 16:24:45 Job submitted from host: <10.10.48.31:12542?addrs=10.10.48.31-12542>
...
001 (8804922.000.000) 12/02 16:25:05 Job executing on host: <10.10.48.43:4900?addrs=10.10.48.43-4900>
...
006 (8804922.000.000) 12/02 16:25:13 Image size of job updated: 181516
	28  -  MemoryUsage of job (MB)
	27928  -  ResidentSetSize of job (KB)
...
006 (8804922.000.000) 12/02 16:30:05 Image size of job updated: 191472
	28  -  MemoryUsage of job (MB)
	27928  -  ResidentSetSize of job (KB)
...
005 (8804922.000.000) 12/02 16:30:05 Job terminated.
	(1) Normal termination (return value 0)
		Usr 0 00:01:42, Sys 0 00:00:02  -  Run Remote Usage
		Usr 0 00:00:00, Sys 0 00:00:00  -  Run Local Usage
		Usr 0 00:01:42, Sys 0 00:00:02  -  Total Remote Usage
		Usr 0 00:00:00, Sys 0 00:00:00  -  Total Local Usage
	0  -  Run Bytes Sent By Job
	0  -  Run Bytes Received By Job
	0  -  Total Bytes Sent By Job
	0  -  Total Bytes Received By Job
	Partitionable Resources :    Usage  Request Allocated
	   Cpus                 :                 1         1
	   Disk (KB)            :        1        1  16728162
	   Memory (MB)          :       28        1      4023
...
000 (8880626.000.000) 12/04 00:29:58 Job submitted from host: <10.10.48.31:12542?addrs=10.10.48.31-12542>
...
001 (8880626.000.000) 12/04 00:30:07 Job executing on host: <10.10.48.141:50603?addrs=10.10.48.141-50603>
...
006 (8880626.000.000) 12/04 00:30:16 Image size of job updated: 184840
	33  -  MemoryUsage of job (MB)
	33208  -  ResidentSetSize of job (KB)
...
006 (8880626.000.000) 12/04 00:31:13 Image size of job updated: 192008
	33  -  MemoryUsage of job (MB)
	33208  -  ResidentSetSize of job (KB)
...
005 (8880626.000.000) 12/04 00:31:13 Job terminated.
	(1) Normal termination (return value 0)
		Usr 0 00:00:31, Sys 0 00:00:00  -  Run Remote Usage
		Usr 0 00:00:00, Sys 0 00:00:00  -  Run Local Usage
		Usr 0 00:00:31, Sys 0 00:00:00  -  Total Remote Usage
		Usr 0 00:00:00, Sys 0 00:00:00  -  Total Local Usage
	0  -  Run Bytes Sent By Job
	0  -  Run Bytes Received By Job
	0  -  Total Bytes Sent By Job
	0  -  Total Bytes Received By Job
	Partitionable Resources :    Usage  Request Allocated
	   Cpus                 :                 1         1
	   Disk (KB)            :        1        1  13375619
	   Memory (MB)          :       33        1      6441
...
000 (8882836.000.000) 12/04 00:57:20 Job submitted from host: <10.10.48.31:12542?addrs=10.10.48.31-12542>
...
001 (8882836.000.000) 12/04 00:57:26 Job executing on host: <10.10.48.41:20766?addrs=10.10.48.41-20766>
...
006 (8882836.000.000) 12/04 00:57:35 Image size of job updated: 184860
	32  -  MemoryUsage of job (MB)
	31872  -  ResidentSetSize of job (KB)
...
006 (8882836.000.000) 12/04 01:01:10 Image size of job updated: 191088
	32  -  MemoryUsage of job (MB)
	31872  -  ResidentSetSize of job (KB)
...
005 (8882836.000.000) 12/04 01:01:10 Job terminated.
	(1) Normal termination (return value 0)
		Usr 0 00:01:08, Sys 0 00:00:01  -  Run Remote Usage
		Usr 0 00:00:00, Sys 0 00:00:00  -  Run Local Usage
		Usr 0 00:01:08, Sys 0 00:00:01  -  Total Remote Usage
		Usr 0 00:00:00, Sys 0 00:00:00  -  Total Local Usage
	0  -  Run Bytes Sent By Job
	0  -  Run Bytes Received By Job
	0  -  Total Bytes Sent By Job
	0  -  Total Bytes Received By Job
	Partitionable Resources :    Usage  Request Allocated
	   Cpus                 :                 1         1
	   Disk (KB)            :        1        1  16724800
	   Memory (MB)          :       32        1      4023
...
