000 (8804787.000.000) 12/02 15:22:52 Job submitted from host: <10.10.48.31:12542?addrs=10.10.48.31-12542>
...
001 (8804787.000.000) 12/02 15:22:54 Job executing on host: <10.10.48.41:20766?addrs=10.10.48.41-20766>
...
006 (8804787.000.000) 12/02 15:23:03 Image size of job updated: 1
	2  -  MemoryUsage of job (MB)
	1808  -  ResidentSetSize of job (KB)
...
006 (8804787.000.000) 12/02 15:25:18 Image size of job updated: 190212
	2  -  MemoryUsage of job (MB)
	1808  -  ResidentSetSize of job (KB)
...
005 (8804787.000.000) 12/02 15:25:18 Job terminated.
	(1) Normal termination (return value 0)
		Usr 0 00:00:40, Sys 0 00:00:01  -  Run Remote Usage
		Usr 0 00:00:00, Sys 0 00:00:00  -  Run Local Usage
		Usr 0 00:00:40, Sys 0 00:00:01  -  Total Remote Usage
		Usr 0 00:00:00, Sys 0 00:00:00  -  Total Local Usage
	0  -  Run Bytes Sent By Job
	0  -  Run Bytes Received By Job
	0  -  Total Bytes Sent By Job
	0  -  Total Bytes Received By Job
	Partitionable Resources :    Usage  Request Allocated
	   Cpus                 :                 1         1
	   Disk (KB)            :        1        1  16725587
	   Memory (MB)          :        2        1      4023
...
000 (8883307.000.000) 12/04 01:00:32 Job submitted from host: <10.10.48.31:12542?addrs=10.10.48.31-12542>
...
001 (8883307.000.000) 12/04 01:00:38 Job executing on host: <10.10.48.35:61041?addrs=10.10.48.35-61041>
...
006 (8883307.000.000) 12/04 01:00:46 Image size of job updated: 184864
	33  -  MemoryUsage of job (MB)
	33232  -  ResidentSetSize of job (KB)
...
006 (8883307.000.000) 12/04 01:03:59 Image size of job updated: 191468
	33  -  MemoryUsage of job (MB)
	33232  -  ResidentSetSize of job (KB)
...
005 (8883307.000.000) 12/04 01:03:59 Job terminated.
	(1) Normal termination (return value 0)
		Usr 0 00:00:46, Sys 0 00:00:01  -  Run Remote Usage
		Usr 0 00:00:00, Sys 0 00:00:00  -  Run Local Usage
		Usr 0 00:00:46, Sys 0 00:00:01  -  Total Remote Usage
		Usr 0 00:00:00, Sys 0 00:00:00  -  Total Local Usage
	0  -  Run Bytes Sent By Job
	0  -  Run Bytes Received By Job
	0  -  Total Bytes Sent By Job
	0  -  Total Bytes Received By Job
	Partitionable Resources :    Usage  Request Allocated
	   Cpus                 :                 1         1
	   Disk (KB)            :        1        1  16722433
	   Memory (MB)          :       33        1      4023
...
