000 (8804749.000.000) 12/02 15:20:13 Job submitted from host: <10.10.48.31:12542?addrs=10.10.48.31-12542>
...
001 (8804749.000.000) 12/02 15:20:18 Job executing on host: <10.10.48.35:61041?addrs=10.10.48.35-61041>
...
006 (8804749.000.000) 12/02 15:20:26 Image size of job updated: 1
	2  -  MemoryUsage of job (MB)
	1816  -  ResidentSetSize of job (KB)
...
005 (8804749.000.000) 12/02 15:20:30 Job terminated.
	(1) Normal termination (return value 0)
		Usr 0 00:00:00, Sys 0 00:00:00  -  Run Remote Usage
		Usr 0 00:00:00, Sys 0 00:00:00  -  Run Local Usage
		Usr 0 00:00:00, Sys 0 00:00:00  -  Total Remote Usage
		Usr 0 00:00:00, Sys 0 00:00:00  -  Total Local Usage
	0  -  Run Bytes Sent By Job
	0  -  Run Bytes Received By Job
	0  -  Total Bytes Sent By Job
	0  -  Total Bytes Received By Job
	Partitionable Resources :    Usage  Request Allocated
	   Cpus                 :                 1         1
	   Disk (KB)            :        1        1  16724635
	   Memory (MB)          :        2        1      4023
...
000 (8883085.000.000) 12/04 00:58:34 Job submitted from host: <10.10.48.31:12542?addrs=10.10.48.31-12542>
...
001 (8883085.000.000) 12/04 00:58:42 Job executing on host: <10.10.48.141:50603?addrs=10.10.48.141-50603>
...
006 (8883085.000.000) 12/04 00:58:51 Image size of job updated: 184932
	32  -  MemoryUsage of job (MB)
	31972  -  ResidentSetSize of job (KB)
...
006 (8883085.000.000) 12/04 01:03:51 Image size of job updated: 193768
	41  -  MemoryUsage of job (MB)
	41136  -  ResidentSetSize of job (KB)
...
006 (8883085.000.000) 12/04 01:06:41 Image size of job updated: 197776
	41  -  MemoryUsage of job (MB)
	41136  -  ResidentSetSize of job (KB)
...
005 (8883085.000.000) 12/04 01:06:41 Job terminated.
	(1) Normal termination (return value 0)
		Usr 0 00:02:37, Sys 0 00:00:03  -  Run Remote Usage
		Usr 0 00:00:00, Sys 0 00:00:00  -  Run Local Usage
		Usr 0 00:02:37, Sys 0 00:00:03  -  Total Remote Usage
		Usr 0 00:00:00, Sys 0 00:00:00  -  Total Local Usage
	0  -  Run Bytes Sent By Job
	0  -  Run Bytes Received By Job
	0  -  Total Bytes Sent By Job
	0  -  Total Bytes Received By Job
	Partitionable Resources :    Usage  Request Allocated
	   Cpus                 :                 1         1
	   Disk (KB)            :        1        1  13375371
	   Memory (MB)          :       41        1      6441
...
