000 (8804630.000.000) 12/02 15:18:58 Job submitted from host: <10.10.48.31:12542?addrs=10.10.48.31-12542>
...
001 (8804630.000.000) 12/02 15:19:00 Job executing on host: <10.10.48.41:20766?addrs=10.10.48.41-20766>
...
006 (8804630.000.000) 12/02 15:19:09 Image size of job updated: 190524
	37  -  MemoryUsage of job (MB)
	37708  -  ResidentSetSize of job (KB)
...
006 (8804630.000.000) 12/02 15:20:30 Image size of job updated: 192452
	37  -  MemoryUsage of job (MB)
	37708  -  ResidentSetSize of job (KB)
...
005 (8804630.000.000) 12/02 15:20:30 Job terminated.
	(1) Normal termination (return value 0)
		Usr 0 00:00:45, Sys 0 00:00:01  -  Run Remote Usage
		Usr 0 00:00:00, Sys 0 00:00:00  -  Run Local Usage
		Usr 0 00:00:45, Sys 0 00:00:01  -  Total Remote Usage
		Usr 0 00:00:00, Sys 0 00:00:00  -  Total Local Usage
	0  -  Run Bytes Sent By Job
	0  -  Run Bytes Received By Job
	0  -  Total Bytes Sent By Job
	0  -  Total Bytes Received By Job
	Partitionable Resources :    Usage  Request Allocated
	   Cpus                 :                 1         1
	   Disk (KB)            :        1        1  16725587
	   Memory (MB)          :       37        1      4023
...
000 (8804918.000.000) 12/02 16:24:44 Job submitted from host: <10.10.48.31:12542?addrs=10.10.48.31-12542>
...
001 (8804918.000.000) 12/02 16:24:52 Job executing on host: <10.10.48.143:50448?addrs=10.10.48.143-50448>
...
006 (8804918.000.000) 12/02 16:25:01 Image size of job updated: 184864
	33  -  MemoryUsage of job (MB)
	33176  -  ResidentSetSize of job (KB)
...
006 (8804918.000.000) 12/02 16:27:20 Image size of job updated: 192364
	33  -  MemoryUsage of job (MB)
	33176  -  ResidentSetSize of job (KB)
...
005 (8804918.000.000) 12/02 16:27:20 Job terminated.
	(1) Normal termination (return value 0)
		Usr 0 00:00:47, Sys 0 00:00:01  -  Run Remote Usage
		Usr 0 00:00:00, Sys 0 00:00:00  -  Run Local Usage
		Usr 0 00:00:47, Sys 0 00:00:01  -  Total Remote Usage
		Usr 0 00:00:00, Sys 0 00:00:00  -  Total Local Usage
	0  -  Run Bytes Sent By Job
	0  -  Run Bytes Received By Job
	0  -  Total Bytes Sent By Job
	0  -  Total Bytes Received By Job
	Partitionable Resources :    Usage  Request Allocated
	   Cpus                 :                 1         1
	   Disk (KB)            :        1        1  13384539
	   Memory (MB)          :       33        1      6441
...
000 (8880622.000.000) 12/04 00:29:57 Job submitted from host: <10.10.48.31:12542?addrs=10.10.48.31-12542>
...
001 (8880622.000.000) 12/04 00:30:06 Job executing on host: <10.10.48.141:50603?addrs=10.10.48.141-50603>
...
006 (8880622.000.000) 12/04 00:30:15 Image size of job updated: 185100
	32  -  MemoryUsage of job (MB)
	31908  -  ResidentSetSize of job (KB)
...
006 (8880622.000.000) 12/04 00:31:02 Image size of job updated: 191824
	32  -  MemoryUsage of job (MB)
	31908  -  ResidentSetSize of job (KB)
...
005 (8880622.000.000) 12/04 00:31:02 Job terminated.
	(1) Normal termination (return value 0)
		Usr 0 00:00:27, Sys 0 00:00:00  -  Run Remote Usage
		Usr 0 00:00:00, Sys 0 00:00:00  -  Run Local Usage
		Usr 0 00:00:27, Sys 0 00:00:00  -  Total Remote Usage
		Usr 0 00:00:00, Sys 0 00:00:00  -  Total Local Usage
	0  -  Run Bytes Sent By Job
	0  -  Run Bytes Received By Job
	0  -  Total Bytes Sent By Job
	0  -  Total Bytes Received By Job
	Partitionable Resources :    Usage  Request Allocated
	   Cpus                 :                 1         1
	   Disk (KB)            :        1        1  13375619
	   Memory (MB)          :       32        1      6441
...
000 (8882832.000.000) 12/04 00:57:20 Job submitted from host: <10.10.48.31:12542?addrs=10.10.48.31-12542>
...
001 (8882832.000.000) 12/04 00:57:25 Job executing on host: <10.10.48.41:20766?addrs=10.10.48.41-20766>
...
006 (8882832.000.000) 12/04 00:57:34 Image size of job updated: 185100
	32  -  MemoryUsage of job (MB)
	31852  -  ResidentSetSize of job (KB)
...
006 (8882832.000.000) 12/04 00:58:56 Image size of job updated: 191192
	32  -  MemoryUsage of job (MB)
	31852  -  ResidentSetSize of job (KB)
...
005 (8882832.000.000) 12/04 00:58:57 Job terminated.
	(1) Normal termination (return value 0)
		Usr 0 00:00:30, Sys 0 00:00:00  -  Run Remote Usage
		Usr 0 00:00:00, Sys 0 00:00:00  -  Run Local Usage
		Usr 0 00:00:30, Sys 0 00:00:00  -  Total Remote Usage
		Usr 0 00:00:00, Sys 0 00:00:00  -  Total Local Usage
	0  -  Run Bytes Sent By Job
	0  -  Run Bytes Received By Job
	0  -  Total Bytes Sent By Job
	0  -  Total Bytes Received By Job
	Partitionable Resources :    Usage  Request Allocated
	   Cpus                 :                 1         1
	   Disk (KB)            :        1        1  16724756
	   Memory (MB)          :       32        1      4023
...
