000 (8804776.000.000) 12/02 15:22:15 Job submitted from host: <10.10.48.31:12542?addrs=10.10.48.31-12542>
...
001 (8804776.000.000) 12/02 15:22:18 Job executing on host: <10.10.48.145:26377?addrs=10.10.48.145-26377>
...
006 (8804776.000.000) 12/02 15:22:26 Image size of job updated: 184836
	33  -  MemoryUsage of job (MB)
	33536  -  ResidentSetSize of job (KB)
...
006 (8804776.000.000) 12/02 15:24:29 Image size of job updated: 191476
	33  -  MemoryUsage of job (MB)
	33536  -  ResidentSetSize of job (KB)
...
005 (8804776.000.000) 12/02 15:24:29 Job terminated.
	(1) Normal termination (return value 0)
		Usr 0 00:00:23, Sys 0 00:00:00  -  Run Remote Usage
		Usr 0 00:00:00, Sys 0 00:00:00  -  Run Local Usage
		Usr 0 00:00:23, Sys 0 00:00:00  -  Total Remote Usage
		Usr 0 00:00:00, Sys 0 00:00:00  -  Total Local Usage
	0  -  Run Bytes Sent By Job
	0  -  Run Bytes Received By Job
	0  -  Total Bytes Sent By Job
	0  -  Total Bytes Received By Job
	Partitionable Resources :    Usage  Request Allocated
	   Cpus                 :                 1         1
	   Disk (KB)            :        1        1  13384545
	   Memory (MB)          :       33        1      6441
...
000 (8883246.000.000) 12/04 00:59:59 Job submitted from host: <10.10.48.31:12542?addrs=10.10.48.31-12542>
...
001 (8883246.000.000) 12/04 01:00:02 Job executing on host: <10.10.48.141:50603?addrs=10.10.48.141-50603>
...
006 (8883246.000.000) 12/04 01:00:11 Image size of job updated: 184828
	32  -  MemoryUsage of job (MB)
	31848  -  ResidentSetSize of job (KB)
...
006 (8883246.000.000) 12/04 01:01:41 Image size of job updated: 190576
	32  -  MemoryUsage of job (MB)
	31848  -  ResidentSetSize of job (KB)
...
005 (8883246.000.000) 12/04 01:01:41 Job terminated.
	(1) Normal termination (return value 0)
		Usr 0 00:00:20, Sys 0 00:00:00  -  Run Remote Usage
		Usr 0 00:00:00, Sys 0 00:00:00  -  Run Local Usage
		Usr 0 00:00:20, Sys 0 00:00:00  -  Total Remote Usage
		Usr 0 00:00:00, Sys 0 00:00:00  -  Total Local Usage
	0  -  Run Bytes Sent By Job
	0  -  Run Bytes Received By Job
	0  -  Total Bytes Sent By Job
	0  -  Total Bytes Received By Job
	Partitionable Resources :    Usage  Request Allocated
	   Cpus                 :                 1         1
	   Disk (KB)            :        1        1  13375321
	   Memory (MB)          :       32        1      6441
...
