000 (8804677.000.000) 12/02 15:19:05 Job submitted from host: <10.10.48.31:12542?addrs=10.10.48.31-12542>
...
001 (8804677.000.000) 12/02 15:19:22 Job executing on host: <10.10.48.35:61041?addrs=10.10.48.35-61041>
...
006 (8804677.000.000) 12/02 15:19:30 Image size of job updated: 185128
	33  -  MemoryUsage of job (MB)
	33740  -  ResidentSetSize of job (KB)
...
006 (8804677.000.000) 12/02 15:22:39 Image size of job updated: 190712
	33  -  MemoryUsage of job (MB)
	33740  -  ResidentSetSize of job (KB)
...
005 (8804677.000.000) 12/02 15:22:39 Job terminated.
	(1) Normal termination (return value 0)
		Usr 0 00:00:46, Sys 0 00:00:01  -  Run Remote Usage
		Usr 0 00:00:00, Sys 0 00:00:00  -  Run Local Usage
		Usr 0 00:00:46, Sys 0 00:00:01  -  Total Remote Usage
		Usr 0 00:00:00, Sys 0 00:00:00  -  Total Local Usage
	0  -  Run Bytes Sent By Job
	0  -  Run Bytes Received By Job
	0  -  Total Bytes Sent By Job
	0  -  Total Bytes Received By Job
	Partitionable Resources :    Usage  Request Allocated
	   Cpus                 :                 1         1
	   Disk (KB)            :        1        1  16724635
	   Memory (MB)          :       33        1      4023
...
000 (8882920.000.000) 12/04 00:57:28 Job submitted from host: <10.10.48.31:12542?addrs=10.10.48.31-12542>
...
001 (8882920.000.000) 12/04 00:57:46 Job executing on host: <10.10.48.35:61041?addrs=10.10.48.35-61041>
...
006 (8882920.000.000) 12/04 00:57:55 Image size of job updated: 185012
	33  -  MemoryUsage of job (MB)
	33104  -  ResidentSetSize of job (KB)
...
006 (8882920.000.000) 12/04 00:58:08 Image size of job updated: 190304
	33  -  MemoryUsage of job (MB)
	33104  -  ResidentSetSize of job (KB)
...
005 (8882920.000.000) 12/04 00:58:08 Job terminated.
	(1) Normal termination (return value 0)
		Usr 0 00:00:06, Sys 0 00:00:00  -  Run Remote Usage
		Usr 0 00:00:00, Sys 0 00:00:00  -  Run Local Usage
		Usr 0 00:00:06, Sys 0 00:00:00  -  Total Remote Usage
		Usr 0 00:00:00, Sys 0 00:00:00  -  Total Local Usage
	0  -  Run Bytes Sent By Job
	0  -  Run Bytes Received By Job
	0  -  Total Bytes Sent By Job
	0  -  Total Bytes Received By Job
	Partitionable Resources :    Usage  Request Allocated
	   Cpus                 :                 1         1
	   Disk (KB)            :        1        1  16722378
	   Memory (MB)          :       33        1      4023
...
