000 (8804638.000.000) 12/02 15:19:00 Job submitted from host: <10.10.48.31:12542?addrs=10.10.48.31-12542>
...
001 (8804638.000.000) 12/02 15:19:19 Job executing on host: <10.10.48.41:20766?addrs=10.10.48.41-20766>
...
006 (8804638.000.000) 12/02 15:19:28 Image size of job updated: 185284
	33  -  MemoryUsage of job (MB)
	33704  -  ResidentSetSize of job (KB)
...
006 (8804638.000.000) 12/02 15:24:28 Image size of job updated: 190520
	39  -  MemoryUsage of job (MB)
	39360  -  ResidentSetSize of job (KB)
...
006 (8804638.000.000) 12/02 15:29:28 Image size of job updated: 191004
	40  -  MemoryUsage of job (MB)
	40388  -  ResidentSetSize of job (KB)
...
006 (8804638.000.000) 12/02 15:34:29 Image size of job updated: 191568
	40  -  MemoryUsage of job (MB)
	40868  -  ResidentSetSize of job (KB)
...
006 (8804638.000.000) 12/02 15:35:39 Image size of job updated: 191776
	40  -  MemoryUsage of job (MB)
	40868  -  ResidentSetSize of job (KB)
...
005 (8804638.000.000) 12/02 15:35:39 Job terminated.
	(1) Normal termination (return value 0)
		Usr 0 00:07:06, Sys 0 00:00:11  -  Run Remote Usage
		Usr 0 00:00:00, Sys 0 00:00:00  -  Run Local Usage
		Usr 0 00:07:06, Sys 0 00:00:11  -  Total Remote Usage
		Usr 0 00:00:00, Sys 0 00:00:00  -  Total Local Usage
	0  -  Run Bytes Sent By Job
	0  -  Run Bytes Received By Job
	0  -  Total Bytes Sent By Job
	0  -  Total Bytes Received By Job
	Partitionable Resources :    Usage  Request Allocated
	   Cpus                 :                 1         1
	   Disk (KB)            :        1        1  16725587
	   Memory (MB)          :       40        1      4023
...
000 (8880634.000.000) 12/04 00:29:58 Job submitted from host: <10.10.48.31:12542?addrs=10.10.48.31-12542>
...
001 (8880634.000.000) 12/04 00:30:08 Job executing on host: <10.10.48.141:50603?addrs=10.10.48.141-50603>
...
006 (8880634.000.000) 12/04 00:30:16 Image size of job updated: 185116
	33  -  MemoryUsage of job (MB)
	33152  -  ResidentSetSize of job (KB)
...
006 (8880634.000.000) 12/04 00:31:34 Image size of job updated: 197728
	33  -  MemoryUsage of job (MB)
	33152  -  ResidentSetSize of job (KB)
...
005 (8880634.000.000) 12/04 00:31:34 Job terminated.
	(1) Normal termination (return value 0)
		Usr 0 00:00:41, Sys 0 00:00:00  -  Run Remote Usage
		Usr 0 00:00:00, Sys 0 00:00:00  -  Run Local Usage
		Usr 0 00:00:41, Sys 0 00:00:00  -  Total Remote Usage
		Usr 0 00:00:00, Sys 0 00:00:00  -  Total Local Usage
	0  -  Run Bytes Sent By Job
	0  -  Run Bytes Received By Job
	0  -  Total Bytes Sent By Job
	0  -  Total Bytes Received By Job
	Partitionable Resources :    Usage  Request Allocated
	   Cpus                 :                 1         1
	   Disk (KB)            :        1        1  13375601
	   Memory (MB)          :       33        1      6441
...
000 (8882840.000.000) 12/04 00:57:21 Job submitted from host: <10.10.48.31:12542?addrs=10.10.48.31-12542>
...
001 (8882840.000.000) 12/04 00:57:27 Job executing on host: <10.10.48.41:20766?addrs=10.10.48.41-20766>
...
006 (8882840.000.000) 12/04 00:57:32 Image size of job updated: 190360
	0  -  MemoryUsage of job (MB)
	0  -  ResidentSetSize of job (KB)
...
005 (8882840.000.000) 12/04 00:57:32 Job terminated.
	(1) Normal termination (return value 0)
		Usr 0 00:00:02, Sys 0 00:00:00  -  Run Remote Usage
		Usr 0 00:00:00, Sys 0 00:00:00  -  Run Local Usage
		Usr 0 00:00:02, Sys 0 00:00:00  -  Total Remote Usage
		Usr 0 00:00:00, Sys 0 00:00:00  -  Total Local Usage
	0  -  Run Bytes Sent By Job
	0  -  Run Bytes Received By Job
	0  -  Total Bytes Sent By Job
	0  -  Total Bytes Received By Job
	Partitionable Resources :    Usage  Request Allocated
	   Cpus                 :                 1         1
	   Disk (KB)            :        1        1  16724800
	   Memory (MB)          :        0        1      4023
...
