000 (8804771.000.000) 12/02 15:21:35 Job submitted from host: <10.10.48.31:12542?addrs=10.10.48.31-12542>
...
001 (8804771.000.000) 12/02 15:21:39 Job executing on host: <10.10.48.41:20766?addrs=10.10.48.41-20766>
...
006 (8804771.000.000) 12/02 15:21:48 Image size of job updated: 181524
	29  -  MemoryUsage of job (MB)
	29204  -  ResidentSetSize of job (KB)
...
006 (8804771.000.000) 12/02 15:26:49 Image size of job updated: 193492
	42  -  MemoryUsage of job (MB)
	42296  -  ResidentSetSize of job (KB)
...
006 (8804771.000.000) 12/02 15:31:49 Image size of job updated: 205036
	53  -  MemoryUsage of job (MB)
	54228  -  ResidentSetSize of job (KB)
...
006 (8804771.000.000) 12/02 15:36:44 Image size of job updated: 216316
	53  -  MemoryUsage of job (MB)
	54228  -  ResidentSetSize of job (KB)
...
005 (8804771.000.000) 12/02 15:36:44 Job terminated.
	(1) Normal termination (return value 0)
		Usr 0 00:06:13, Sys 0 00:00:09  -  Run Remote Usage
		Usr 0 00:00:00, Sys 0 00:00:00  -  Run Local Usage
		Usr 0 00:06:13, Sys 0 00:00:09  -  Total Remote Usage
		Usr 0 00:00:00, Sys 0 00:00:00  -  Total Local Usage
	0  -  Run Bytes Sent By Job
	0  -  Run Bytes Received By Job
	0  -  Total Bytes Sent By Job
	0  -  Total Bytes Received By Job
	Partitionable Resources :    Usage  Request Allocated
	   Cpus                 :                 1         1
	   Disk (KB)            :        1        1  16725587
	   Memory (MB)          :       53        1      4023
...
000 (8883241.000.000) 12/04 00:59:50 Job submitted from host: <10.10.48.31:12542?addrs=10.10.48.31-12542>
...
001 (8883241.000.000) 12/04 00:59:55 Job executing on host: <10.10.48.41:20766?addrs=10.10.48.41-20766>
...
006 (8883241.000.000) 12/04 01:00:04 Image size of job updated: 185048
	32  -  MemoryUsage of job (MB)
	31884  -  ResidentSetSize of job (KB)
...
006 (8883241.000.000) 12/04 01:03:18 Image size of job updated: 191244
	32  -  MemoryUsage of job (MB)
	31884  -  ResidentSetSize of job (KB)
...
005 (8883241.000.000) 12/04 01:03:18 Job terminated.
	(1) Normal termination (return value 0)
		Usr 0 00:00:45, Sys 0 00:00:01  -  Run Remote Usage
		Usr 0 00:00:00, Sys 0 00:00:00  -  Run Local Usage
		Usr 0 00:00:45, Sys 0 00:00:01  -  Total Remote Usage
		Usr 0 00:00:00, Sys 0 00:00:00  -  Total Local Usage
	0  -  Run Bytes Sent By Job
	0  -  Run Bytes Received By Job
	0  -  Total Bytes Sent By Job
	0  -  Total Bytes Received By Job
	Partitionable Resources :    Usage  Request Allocated
	   Cpus                 :                 1         1
	   Disk (KB)            :        1        1  16724800
	   Memory (MB)          :       32        1      4023
...
