000 (8804774.000.000) 12/02 15:22:07 Job submitted from host: <10.10.48.31:12542?addrs=10.10.48.31-12542>
...
001 (8804774.000.000) 12/02 15:22:08 Job executing on host: <10.10.48.145:26377?addrs=10.10.48.145-26377>
...
006 (8804774.000.000) 12/02 15:22:16 Image size of job updated: 177416
	29  -  MemoryUsage of job (MB)
	29204  -  ResidentSetSize of job (KB)
...
006 (8804774.000.000) 12/02 15:24:59 Image size of job updated: 192464
	29  -  MemoryUsage of job (MB)
	29204  -  ResidentSetSize of job (KB)
...
005 (8804774.000.000) 12/02 15:24:59 Job terminated.
	(1) Normal termination (return value 0)
		Usr 0 00:00:37, Sys 0 00:00:01  -  Run Remote Usage
		Usr 0 00:00:00, Sys 0 00:00:00  -  Run Local Usage
		Usr 0 00:00:37, Sys 0 00:00:01  -  Total Remote Usage
		Usr 0 00:00:00, Sys 0 00:00:00  -  Total Local Usage
	0  -  Run Bytes Sent By Job
	0  -  Run Bytes Received By Job
	0  -  Total Bytes Sent By Job
	0  -  Total Bytes Received By Job
	Partitionable Resources :    Usage  Request Allocated
	   Cpus                 :                 1         1
	   Disk (KB)            :        1        1  13384540
	   Memory (MB)          :       29        1      6441
...
000 (8883244.000.000) 12/04 00:59:57 Job submitted from host: <10.10.48.31:12542?addrs=10.10.48.31-12542>
...
001 (8883244.000.000) 12/04 01:00:00 Job executing on host: <10.10.48.139:49429?addrs=10.10.48.139-49429>
...
006 (8883244.000.000) 12/04 01:00:09 Image size of job updated: 1
	2  -  MemoryUsage of job (MB)
	1860  -  ResidentSetSize of job (KB)
...
006 (8883244.000.000) 12/04 01:03:04 Image size of job updated: 191184
	2  -  MemoryUsage of job (MB)
	1860  -  ResidentSetSize of job (KB)
...
005 (8883244.000.000) 12/04 01:03:04 Job terminated.
	(1) Normal termination (return value 0)
		Usr 0 00:00:45, Sys 0 00:00:01  -  Run Remote Usage
		Usr 0 00:00:00, Sys 0 00:00:00  -  Run Local Usage
		Usr 0 00:00:45, Sys 0 00:00:01  -  Total Remote Usage
		Usr 0 00:00:00, Sys 0 00:00:00  -  Total Local Usage
	0  -  Run Bytes Sent By Job
	0  -  Run Bytes Received By Job
	0  -  Total Bytes Sent By Job
	0  -  Total Bytes Received By Job
	Partitionable Resources :    Usage  Request Allocated
	   Cpus                 :                 1         1
	   Disk (KB)            :        1        1  13383709
	   Memory (MB)          :        2        1      6441
...
