000 (8804785.000.000) 12/02 15:22:49 Job submitted from host: <10.10.48.31:12542?addrs=10.10.48.31-12542>
...
001 (8804785.000.000) 12/02 15:22:50 Job executing on host: <10.10.48.141:50603?addrs=10.10.48.141-50603>
...
006 (8804785.000.000) 12/02 15:22:59 Image size of job updated: 1
	2  -  MemoryUsage of job (MB)
	1872  -  ResidentSetSize of job (KB)
...
006 (8804785.000.000) 12/02 15:25:12 Image size of job updated: 190408
	2  -  MemoryUsage of job (MB)
	1872  -  ResidentSetSize of job (KB)
...
005 (8804785.000.000) 12/02 15:25:12 Job terminated.
	(1) Normal termination (return value 0)
		Usr 0 00:00:34, Sys 0 00:00:00  -  Run Remote Usage
		Usr 0 00:00:00, Sys 0 00:00:00  -  Run Local Usage
		Usr 0 00:00:34, Sys 0 00:00:00  -  Total Remote Usage
		Usr 0 00:00:00, Sys 0 00:00:00  -  Total Local Usage
	0  -  Run Bytes Sent By Job
	0  -  Run Bytes Received By Job
	0  -  Total Bytes Sent By Job
	0  -  Total Bytes Received By Job
	Partitionable Resources :    Usage  Request Allocated
	   Cpus                 :                 1         1
	   Disk (KB)            :        1        1  13377270
	   Memory (MB)          :        2        1      6441
...
000 (8883305.000.000) 12/04 01:00:24 Job submitted from host: <10.10.48.31:12542?addrs=10.10.48.31-12542>
...
001 (8883305.000.000) 12/04 01:00:31 Job executing on host: <10.10.48.35:61041?addrs=10.10.48.35-61041>
...
006 (8883305.000.000) 12/04 01:00:40 Image size of job updated: 185120
	32  -  MemoryUsage of job (MB)
	31964  -  ResidentSetSize of job (KB)
...
006 (8883305.000.000) 12/04 01:03:24 Image size of job updated: 191016
	32  -  MemoryUsage of job (MB)
	31964  -  ResidentSetSize of job (KB)
...
005 (8883305.000.000) 12/04 01:03:24 Job terminated.
	(1) Normal termination (return value 0)
		Usr 0 00:00:39, Sys 0 00:00:01  -  Run Remote Usage
		Usr 0 00:00:00, Sys 0 00:00:00  -  Run Local Usage
		Usr 0 00:00:39, Sys 0 00:00:01  -  Total Remote Usage
		Usr 0 00:00:00, Sys 0 00:00:00  -  Total Local Usage
	0  -  Run Bytes Sent By Job
	0  -  Run Bytes Received By Job
	0  -  Total Bytes Sent By Job
	0  -  Total Bytes Received By Job
	Partitionable Resources :    Usage  Request Allocated
	   Cpus                 :                 1         1
	   Disk (KB)            :        1        1  16722373
	   Memory (MB)          :       32        1      4023
...
