000 (8804629.000.000) 12/02 15:18:58 Job submitted from host: <10.10.48.31:12542?addrs=10.10.48.31-12542>
...
001 (8804629.000.000) 12/02 15:19:00 Job executing on host: <10.10.48.41:20766?addrs=10.10.48.41-20766>
...
006 (8804629.000.000) 12/02 15:19:08 Image size of job updated: 190284
	39  -  MemoryUsage of job (MB)
	38992  -  ResidentSetSize of job (KB)
...
006 (8804629.000.000) 12/02 15:20:43 Image size of job updated: 190836
	39  -  MemoryUsage of job (MB)
	38992  -  ResidentSetSize of job (KB)
...
005 (8804629.000.000) 12/02 15:20:43 Job terminated.
	(1) Normal termination (return value 0)
		Usr 0 00:00:32, Sys 0 00:00:00  -  Run Remote Usage
		Usr 0 00:00:00, Sys 0 00:00:00  -  Run Local Usage
		Usr 0 00:00:32, Sys 0 00:00:00  -  Total Remote Usage
		Usr 0 00:00:00, Sys 0 00:00:00  -  Total Local Usage
	0  -  Run Bytes Sent By Job
	0  -  Run Bytes Received By Job
	0  -  Total Bytes Sent By Job
	0  -  Total Bytes Received By Job
	Partitionable Resources :    Usage  Request Allocated
	   Cpus                 :                 1         1
	   Disk (KB)            :        1        1  16725587
	   Memory (MB)          :       39        1      4023
...
000 (8804917.000.000) 12/02 16:24:44 Job submitted from host: <10.10.48.31:12542?addrs=10.10.48.31-12542>
...
001 (8804917.000.000) 12/02 16:24:45 Job executing on host: <10.10.48.43:4900?addrs=10.10.48.43-4900>
...
006 (8804917.000.000) 12/02 16:24:57 Image size of job updated: 1
	2  -  MemoryUsage of job (MB)
	1812  -  ResidentSetSize of job (KB)
...
006 (8804917.000.000) 12/02 16:27:30 Image size of job updated: 192400
	2  -  MemoryUsage of job (MB)
	1812  -  ResidentSetSize of job (KB)
...
005 (8804917.000.000) 12/02 16:27:31 Job terminated.
	(1) Normal termination (return value 0)
		Usr 0 00:00:51, Sys 0 00:00:01  -  Run Remote Usage
		Usr 0 00:00:00, Sys 0 00:00:00  -  Run Local Usage
		Usr 0 00:00:51, Sys 0 00:00:01  -  Total Remote Usage
		Usr 0 00:00:00, Sys 0 00:00:00  -  Total Local Usage
	0  -  Run Bytes Sent By Job
	0  -  Run Bytes Received By Job
	0  -  Total Bytes Sent By Job
	0  -  Total Bytes Received By Job
	Partitionable Resources :    Usage  Request Allocated
	   Cpus                 :                 1         1
	   Disk (KB)            :        1        1  16728160
	   Memory (MB)          :        2        1      4023
...
000 (8880621.000.000) 12/04 00:29:57 Job submitted from host: <10.10.48.31:12542?addrs=10.10.48.31-12542>
...
001 (8880621.000.000) 12/04 00:30:06 Job executing on host: <10.10.48.141:50603?addrs=10.10.48.141-50603>
...
006 (8880621.000.000) 12/04 00:30:15 Image size of job updated: 190216
	37  -  MemoryUsage of job (MB)
	37500  -  ResidentSetSize of job (KB)
...
006 (8880621.000.000) 12/04 00:30:30 Image size of job updated: 190912
	37  -  MemoryUsage of job (MB)
	37500  -  ResidentSetSize of job (KB)
...
005 (8880621.000.000) 12/04 00:30:30 Job terminated.
	(1) Normal termination (return value 0)
		Usr 0 00:00:11, Sys 0 00:00:00  -  Run Remote Usage
		Usr 0 00:00:00, Sys 0 00:00:00  -  Run Local Usage
		Usr 0 00:00:11, Sys 0 00:00:00  -  Total Remote Usage
		Usr 0 00:00:00, Sys 0 00:00:00  -  Total Local Usage
	0  -  Run Bytes Sent By Job
	0  -  Run Bytes Received By Job
	0  -  Total Bytes Sent By Job
	0  -  Total Bytes Received By Job
	Partitionable Resources :    Usage  Request Allocated
	   Cpus                 :                 1         1
	   Disk (KB)            :        1        1  13375632
	   Memory (MB)          :       37        1      6441
...
000 (8882831.000.000) 12/04 00:57:20 Job submitted from host: <10.10.48.31:12542?addrs=10.10.48.31-12542>
...
001 (8882831.000.000) 12/04 00:57:25 Job executing on host: <10.10.48.41:20766?addrs=10.10.48.41-20766>
...
006 (8882831.000.000) 12/04 00:57:34 Image size of job updated: 185568
	34  -  MemoryUsage of job (MB)
	33796  -  ResidentSetSize of job (KB)
...
006 (8882831.000.000) 12/04 01:02:35 Image size of job updated: 190628
	38  -  MemoryUsage of job (MB)
	38292  -  ResidentSetSize of job (KB)
...
006 (8882831.000.000) 12/04 01:05:23 Image size of job updated: 190844
	38  -  MemoryUsage of job (MB)
	38292  -  ResidentSetSize of job (KB)
...
005 (8882831.000.000) 12/04 01:05:23 Job terminated.
	(1) Normal termination (return value 0)
		Usr 0 00:01:04, Sys 0 00:00:02  -  Run Remote Usage
		Usr 0 00:00:00, Sys 0 00:00:00  -  Run Local Usage
		Usr 0 00:01:04, Sys 0 00:00:02  -  Total Remote Usage
		Usr 0 00:00:00, Sys 0 00:00:00  -  Total Local Usage
	0  -  Run Bytes Sent By Job
	0  -  Run Bytes Received By Job
	0  -  Total Bytes Sent By Job
	0  -  Total Bytes Received By Job
	Partitionable Resources :    Usage  Request Allocated
	   Cpus                 :                 1         1
	   Disk (KB)            :        1        1  16724756
	   Memory (MB)          :       38        1      4023
...
