000 (8804731.000.000) 12/02 15:19:40 Job submitted from host: <10.10.48.31:12542?addrs=10.10.48.31-12542>
...
001 (8804731.000.000) 12/02 15:19:43 Job executing on host: <10.10.48.141:50603?addrs=10.10.48.141-50603>
...
006 (8804731.000.000) 12/02 15:19:52 Image size of job updated: 190188
	38  -  MemoryUsage of job (MB)
	37984  -  ResidentSetSize of job (KB)
...
005 (8804731.000.000) 12/02 15:19:53 Job terminated.
	(1) Normal termination (return value 0)
		Usr 0 00:00:01, Sys 0 00:00:00  -  Run Remote Usage
		Usr 0 00:00:00, Sys 0 00:00:00  -  Run Local Usage
		Usr 0 00:00:01, Sys 0 00:00:00  -  Total Remote Usage
		Usr 0 00:00:00, Sys 0 00:00:00  -  Total Local Usage
	0  -  Run Bytes Sent By Job
	0  -  Run Bytes Received By Job
	0  -  Total Bytes Sent By Job
	0  -  Total Bytes Received By Job
	Partitionable Resources :    Usage  Request Allocated
	   Cpus                 :                 1         1
	   Disk (KB)            :        1        1  13377328
	   Memory (MB)          :       38        1      6441
...
000 (8882984.000.000) 12/04 00:57:36 Job submitted from host: <10.10.48.31:12542?addrs=10.10.48.31-12542>
...
001 (8882984.000.000) 12/04 00:58:10 Job executing on host: <10.10.48.145:26377?addrs=10.10.48.145-26377>
...
006 (8882984.000.000) 12/04 00:58:19 Image size of job updated: 116920
	20  -  MemoryUsage of job (MB)
	19768  -  ResidentSetSize of job (KB)
...
006 (8882984.000.000) 12/04 00:58:56 Image size of job updated: 190540
	20  -  MemoryUsage of job (MB)
	19768  -  ResidentSetSize of job (KB)
...
005 (8882984.000.000) 12/04 00:58:56 Job terminated.
	(1) Normal termination (return value 0)
		Usr 0 00:00:09, Sys 0 00:00:00  -  Run Remote Usage
		Usr 0 00:00:00, Sys 0 00:00:00  -  Run Local Usage
		Usr 0 00:00:09, Sys 0 00:00:00  -  Total Remote Usage
		Usr 0 00:00:00, Sys 0 00:00:00  -  Total Local Usage
	0  -  Run Bytes Sent By Job
	0  -  Run Bytes Received By Job
	0  -  Total Bytes Sent By Job
	0  -  Total Bytes Received By Job
	Partitionable Resources :    Usage  Request Allocated
	   Cpus                 :                 1         1
	   Disk (KB)            :        1        1  13384792
	   Memory (MB)          :       20        1      6441
...
