000 (8804690.000.000) 12/02 15:19:07 Job submitted from host: <10.10.48.31:12542?addrs=10.10.48.31-12542>
...
001 (8804690.000.000) 12/02 15:19:21 Job executing on host: <10.10.48.139:49429?addrs=10.10.48.139-49429>
...
006 (8804690.000.000) 12/02 15:19:30 Image size of job updated: 177444
	28  -  MemoryUsage of job (MB)
	27896  -  ResidentSetSize of job (KB)
...
006 (8804690.000.000) 12/02 15:24:30 Image size of job updated: 190864
	38  -  MemoryUsage of job (MB)
	38296  -  ResidentSetSize of job (KB)
...
006 (8804690.000.000) 12/02 15:29:30 Image size of job updated: 191960
	39  -  MemoryUsage of job (MB)
	39452  -  ResidentSetSize of job (KB)
...
006 (8804690.000.000) 12/02 15:29:57 Image size of job updated: 192164
	39  -  MemoryUsage of job (MB)
	39452  -  ResidentSetSize of job (KB)
...
005 (8804690.000.000) 12/02 15:29:57 Job terminated.
	(1) Normal termination (return value 0)
		Usr 0 00:03:07, Sys 0 00:00:05  -  Run Remote Usage
		Usr 0 00:00:00, Sys 0 00:00:00  -  Run Local Usage
		Usr 0 00:03:07, Sys 0 00:00:05  -  Total Remote Usage
		Usr 0 00:00:00, Sys 0 00:00:00  -  Total Local Usage
	0  -  Run Bytes Sent By Job
	0  -  Run Bytes Received By Job
	0  -  Total Bytes Sent By Job
	0  -  Total Bytes Received By Job
	Partitionable Resources :    Usage  Request Allocated
	   Cpus                 :                 1         1
	   Disk (KB)            :        1        1  13383979
	   Memory (MB)          :       39        1      6441
...
000 (8882943.000.000) 12/04 00:57:31 Job submitted from host: <10.10.48.31:12542?addrs=10.10.48.31-12542>
...
001 (8882943.000.000) 12/04 00:57:51 Job executing on host: <10.10.48.141:50603?addrs=10.10.48.141-50603>
...
006 (8882943.000.000) 12/04 00:58:00 Image size of job updated: 188680
	35  -  MemoryUsage of job (MB)
	35196  -  ResidentSetSize of job (KB)
...
006 (8882943.000.000) 12/04 00:58:39 Image size of job updated: 190520
	35  -  MemoryUsage of job (MB)
	35196  -  ResidentSetSize of job (KB)
...
005 (8882943.000.000) 12/04 00:58:39 Job terminated.
	(1) Normal termination (return value 0)
		Usr 0 00:00:11, Sys 0 00:00:00  -  Run Remote Usage
		Usr 0 00:00:00, Sys 0 00:00:00  -  Run Local Usage
		Usr 0 00:00:11, Sys 0 00:00:00  -  Total Remote Usage
		Usr 0 00:00:00, Sys 0 00:00:00  -  Total Local Usage
	0  -  Run Bytes Sent By Job
	0  -  Run Bytes Received By Job
	0  -  Total Bytes Sent By Job
	0  -  Total Bytes Received By Job
	Partitionable Resources :    Usage  Request Allocated
	   Cpus                 :                 1         1
	   Disk (KB)            :        1        1  13375371
	   Memory (MB)          :       35        1      6441
...
