000 (8804743.000.000) 12/02 15:20:06 Job submitted from host: <10.10.48.31:12542?addrs=10.10.48.31-12542>
...
001 (8804743.000.000) 12/02 15:20:10 Job executing on host: <10.10.48.143:50448?addrs=10.10.48.143-50448>
...
006 (8804743.000.000) 12/02 15:20:19 Image size of job updated: 1
	2  -  MemoryUsage of job (MB)
	1864  -  ResidentSetSize of job (KB)
...
006 (8804743.000.000) 12/02 15:24:27 Image size of job updated: 192052
	2  -  MemoryUsage of job (MB)
	1864  -  ResidentSetSize of job (KB)
...
005 (8804743.000.000) 12/02 15:24:27 Job terminated.
	(1) Normal termination (return value 0)
		Usr 0 00:00:52, Sys 0 00:00:01  -  Run Remote Usage
		Usr 0 00:00:00, Sys 0 00:00:00  -  Run Local Usage
		Usr 0 00:00:52, Sys 0 00:00:01  -  Total Remote Usage
		Usr 0 00:00:00, Sys 0 00:00:00  -  Total Local Usage
	0  -  Run Bytes Sent By Job
	0  -  Run Bytes Received By Job
	0  -  Total Bytes Sent By Job
	0  -  Total Bytes Received By Job
	Partitionable Resources :    Usage  Request Allocated
	   Cpus                 :                 1         1
	   Disk (KB)            :        1        1  13384535
	   Memory (MB)          :        2        1      6441
...
000 (8883046.000.000) 12/04 00:58:10 Job submitted from host: <10.10.48.31:12542?addrs=10.10.48.31-12542>
...
001 (8883046.000.000) 12/04 00:58:30 Job executing on host: <10.10.48.41:20766?addrs=10.10.48.41-20766>
...
006 (8883046.000.000) 12/04 00:58:39 Image size of job updated: 181520
	29  -  MemoryUsage of job (MB)
	29464  -  ResidentSetSize of job (KB)
...
006 (8883046.000.000) 12/04 01:03:36 Image size of job updated: 192724
	29  -  MemoryUsage of job (MB)
	29464  -  ResidentSetSize of job (KB)
...
005 (8883046.000.000) 12/04 01:03:36 Job terminated.
	(1) Normal termination (return value 0)
		Usr 0 00:01:00, Sys 0 00:00:01  -  Run Remote Usage
		Usr 0 00:00:00, Sys 0 00:00:00  -  Run Local Usage
		Usr 0 00:01:00, Sys 0 00:00:01  -  Total Remote Usage
		Usr 0 00:00:00, Sys 0 00:00:00  -  Total Local Usage
	0  -  Run Bytes Sent By Job
	0  -  Run Bytes Received By Job
	0  -  Total Bytes Sent By Job
	0  -  Total Bytes Received By Job
	Partitionable Resources :    Usage  Request Allocated
	   Cpus                 :                 1         1
	   Disk (KB)            :        1        1  16724764
	   Memory (MB)          :       29        1      4023
...
