000 (8804723.000.000) 12/02 15:19:11 Job submitted from host: <10.10.48.31:12542?addrs=10.10.48.31-12542>
...
001 (8804723.000.000) 12/02 15:19:21 Job executing on host: <10.10.48.143:50448?addrs=10.10.48.143-50448>
...
006 (8804723.000.000) 12/02 15:19:30 Image size of job updated: 1
	2  -  MemoryUsage of job (MB)
	1872  -  ResidentSetSize of job (KB)
...
006 (8804723.000.000) 12/02 15:19:59 Image size of job updated: 190548
	2  -  MemoryUsage of job (MB)
	1872  -  ResidentSetSize of job (KB)
...
005 (8804723.000.000) 12/02 15:19:59 Job terminated.
	(1) Normal termination (return value 0)
		Usr 0 00:00:08, Sys 0 00:00:00  -  Run Remote Usage
		Usr 0 00:00:00, Sys 0 00:00:00  -  Run Local Usage
		Usr 0 00:00:08, Sys 0 00:00:00  -  Total Remote Usage
		Usr 0 00:00:00, Sys 0 00:00:00  -  Total Local Usage
	0  -  Run Bytes Sent By Job
	0  -  Run Bytes Received By Job
	0  -  Total Bytes Sent By Job
	0  -  Total Bytes Received By Job
	Partitionable Resources :    Usage  Request Allocated
	   Cpus                 :                 1         1
	   Disk (KB)            :        1        1  13384535
	   Memory (MB)          :        2        1      6441
...
000 (8882976.000.000) 12/04 00:57:35 Job submitted from host: <10.10.48.31:12542?addrs=10.10.48.31-12542>
...
001 (8882976.000.000) 12/04 00:58:09 Job executing on host: <10.10.48.145:26377?addrs=10.10.48.145-26377>
...
006 (8882976.000.000) 12/04 00:58:19 Image size of job updated: 181552
	29  -  MemoryUsage of job (MB)
	29428  -  ResidentSetSize of job (KB)
...
006 (8882976.000.000) 12/04 01:03:19 Image size of job updated: 193832
	42  -  MemoryUsage of job (MB)
	42732  -  ResidentSetSize of job (KB)
...
006 (8882976.000.000) 12/04 01:06:43 Image size of job updated: 200356
	42  -  MemoryUsage of job (MB)
	42732  -  ResidentSetSize of job (KB)
...
005 (8882976.000.000) 12/04 01:06:43 Job terminated.
	(1) Normal termination (return value 0)
		Usr 0 00:02:32, Sys 0 00:00:03  -  Run Remote Usage
		Usr 0 00:00:00, Sys 0 00:00:00  -  Run Local Usage
		Usr 0 00:02:32, Sys 0 00:00:03  -  Total Remote Usage
		Usr 0 00:00:00, Sys 0 00:00:00  -  Total Local Usage
	0  -  Run Bytes Sent By Job
	0  -  Run Bytes Received By Job
	0  -  Total Bytes Sent By Job
	0  -  Total Bytes Received By Job
	Partitionable Resources :    Usage  Request Allocated
	   Cpus                 :                 1         1
	   Disk (KB)            :        1        1  13384792
	   Memory (MB)          :       42        1      6441
...
