000 (8804770.000.000) 12/02 15:21:33 Job submitted from host: <10.10.48.31:12542?addrs=10.10.48.31-12542>
...
001 (8804770.000.000) 12/02 15:21:33 Job executing on host: <10.10.48.145:26377?addrs=10.10.48.145-26377>
...
006 (8804770.000.000) 12/02 15:21:42 Image size of job updated: 184916
	33  -  MemoryUsage of job (MB)
	33244  -  ResidentSetSize of job (KB)
...
006 (8804770.000.000) 12/02 15:26:43 Image size of job updated: 194696
	43  -  MemoryUsage of job (MB)
	43368  -  ResidentSetSize of job (KB)
...
006 (8804770.000.000) 12/02 15:28:44 Image size of job updated: 198332
	43  -  MemoryUsage of job (MB)
	43368  -  ResidentSetSize of job (KB)
...
005 (8804770.000.000) 12/02 15:28:44 Job terminated.
	(1) Normal termination (return value 0)
		Usr 0 00:01:53, Sys 0 00:00:03  -  Run Remote Usage
		Usr 0 00:00:00, Sys 0 00:00:00  -  Run Local Usage
		Usr 0 00:01:53, Sys 0 00:00:03  -  Total Remote Usage
		Usr 0 00:00:00, Sys 0 00:00:00  -  Total Local Usage
	0  -  Run Bytes Sent By Job
	0  -  Run Bytes Received By Job
	0  -  Total Bytes Sent By Job
	0  -  Total Bytes Received By Job
	Partitionable Resources :    Usage  Request Allocated
	   Cpus                 :                 1         1
	   Disk (KB)            :        1        1  13384545
	   Memory (MB)          :       43        1      6441
...
000 (8883208.000.000) 12/04 00:59:42 Job submitted from host: <10.10.48.31:12542?addrs=10.10.48.31-12542>
...
001 (8883208.000.000) 12/04 00:59:52 Job executing on host: <10.10.48.143:50448?addrs=10.10.48.143-50448>
...
006 (8883208.000.000) 12/04 01:00:01 Image size of job updated: 190208
	37  -  MemoryUsage of job (MB)
	37176  -  ResidentSetSize of job (KB)
...
006 (8883208.000.000) 12/04 01:00:19 Image size of job updated: 190212
	37  -  MemoryUsage of job (MB)
	37176  -  ResidentSetSize of job (KB)
...
005 (8883208.000.000) 12/04 01:00:19 Job terminated.
	(1) Normal termination (return value 0)
		Usr 0 00:00:03, Sys 0 00:00:00  -  Run Remote Usage
		Usr 0 00:00:00, Sys 0 00:00:00  -  Run Local Usage
		Usr 0 00:00:03, Sys 0 00:00:00  -  Total Remote Usage
		Usr 0 00:00:00, Sys 0 00:00:00  -  Total Local Usage
	0  -  Run Bytes Sent By Job
	0  -  Run Bytes Received By Job
	0  -  Total Bytes Sent By Job
	0  -  Total Bytes Received By Job
	Partitionable Resources :    Usage  Request Allocated
	   Cpus                 :                 1         1
	   Disk (KB)            :        1        1  13384388
	   Memory (MB)          :       37        1      6441
...
