000 (8804742.000.000) 12/02 15:20:00 Job submitted from host: <10.10.48.31:12542?addrs=10.10.48.31-12542>
...
001 (8804742.000.000) 12/02 15:20:09 Job executing on host: <10.10.48.141:50603?addrs=10.10.48.141-50603>
...
006 (8804742.000.000) 12/02 15:20:18 Image size of job updated: 184848
	32  -  MemoryUsage of job (MB)
	32024  -  ResidentSetSize of job (KB)
...
006 (8804742.000.000) 12/02 15:24:23 Image size of job updated: 191620
	32  -  MemoryUsage of job (MB)
	32024  -  ResidentSetSize of job (KB)
...
005 (8804742.000.000) 12/02 15:24:23 Job terminated.
	(1) Normal termination (return value 0)
		Usr 0 00:00:53, Sys 0 00:00:01  -  Run Remote Usage
		Usr 0 00:00:00, Sys 0 00:00:00  -  Run Local Usage
		Usr 0 00:00:53, Sys 0 00:00:01  -  Total Remote Usage
		Usr 0 00:00:00, Sys 0 00:00:00  -  Total Local Usage
	0  -  Run Bytes Sent By Job
	0  -  Run Bytes Received By Job
	0  -  Total Bytes Sent By Job
	0  -  Total Bytes Received By Job
	Partitionable Resources :    Usage  Request Allocated
	   Cpus                 :                 1         1
	   Disk (KB)            :        1        1  13377328
	   Memory (MB)          :       32        1      6441
...
000 (8883045.000.000) 12/04 00:58:10 Job submitted from host: <10.10.48.31:12542?addrs=10.10.48.31-12542>
...
001 (8883045.000.000) 12/04 00:58:17 Job executing on host: <10.10.48.35:61041?addrs=10.10.48.35-61041>
...
006 (8883045.000.000) 12/04 00:58:26 Image size of job updated: 1
	2  -  MemoryUsage of job (MB)
	1812  -  ResidentSetSize of job (KB)
...
006 (8883045.000.000) 12/04 00:58:37 Image size of job updated: 190376
	2  -  MemoryUsage of job (MB)
	1812  -  ResidentSetSize of job (KB)
...
005 (8883045.000.000) 12/04 00:58:37 Job terminated.
	(1) Normal termination (return value 0)
		Usr 0 00:00:04, Sys 0 00:00:00  -  Run Remote Usage
		Usr 0 00:00:00, Sys 0 00:00:00  -  Run Local Usage
		Usr 0 00:00:04, Sys 0 00:00:00  -  Total Remote Usage
		Usr 0 00:00:00, Sys 0 00:00:00  -  Total Local Usage
	0  -  Run Bytes Sent By Job
	0  -  Run Bytes Received By Job
	0  -  Total Bytes Sent By Job
	0  -  Total Bytes Received By Job
	Partitionable Resources :    Usage  Request Allocated
	   Cpus                 :                 1         1
	   Disk (KB)            :        1        1  16722433
	   Memory (MB)          :        2        1      4023
...
