000 (8804790.000.000) 12/02 15:23:05 Job submitted from host: <10.10.48.31:12542?addrs=10.10.48.31-12542>
...
001 (8804790.000.000) 12/02 15:23:05 Job executing on host: <10.10.48.41:20766?addrs=10.10.48.41-20766>
...
006 (8804790.000.000) 12/02 15:23:14 Image size of job updated: 184984
	33  -  MemoryUsage of job (MB)
	33456  -  ResidentSetSize of job (KB)
...
006 (8804790.000.000) 12/02 15:27:23 Image size of job updated: 190524
	33  -  MemoryUsage of job (MB)
	33456  -  ResidentSetSize of job (KB)
...
005 (8804790.000.000) 12/02 15:27:23 Job terminated.
	(1) Normal termination (return value 0)
		Usr 0 00:01:10, Sys 0 00:00:01  -  Run Remote Usage
		Usr 0 00:00:00, Sys 0 00:00:00  -  Run Local Usage
		Usr 0 00:01:10, Sys 0 00:00:01  -  Total Remote Usage
		Usr 0 00:00:00, Sys 0 00:00:00  -  Total Local Usage
	0  -  Run Bytes Sent By Job
	0  -  Run Bytes Received By Job
	0  -  Total Bytes Sent By Job
	0  -  Total Bytes Received By Job
	Partitionable Resources :    Usage  Request Allocated
	   Cpus                 :                 1         1
	   Disk (KB)            :        1        1  16725587
	   Memory (MB)          :       33        1      4023
...
