000 (8804702.000.000) 12/02 15:19:08 Job submitted from host: <10.10.48.31:12542?addrs=10.10.48.31-12542>
...
001 (8804702.000.000) 12/02 15:19:21 Job executing on host: <10.10.48.145:26377?addrs=10.10.48.145-26377>
...
006 (8804702.000.000) 12/02 15:19:29 Image size of job updated: 185252
	33  -  MemoryUsage of job (MB)
	33752  -  ResidentSetSize of job (KB)
...
006 (8804702.000.000) 12/02 15:24:29 Image size of job updated: 192228
	41  -  MemoryUsage of job (MB)
	41220  -  ResidentSetSize of job (KB)
...
005 (8804702.000.000) 12/02 15:24:44 Job terminated.
	(1) Normal termination (return value 0)
		Usr 0 00:01:11, Sys 0 00:00:01  -  Run Remote Usage
		Usr 0 00:00:00, Sys 0 00:00:00  -  Run Local Usage
		Usr 0 00:01:11, Sys 0 00:00:01  -  Total Remote Usage
		Usr 0 00:00:00, Sys 0 00:00:00  -  Total Local Usage
	0  -  Run Bytes Sent By Job
	0  -  Run Bytes Received By Job
	0  -  Total Bytes Sent By Job
	0  -  Total Bytes Received By Job
	Partitionable Resources :    Usage  Request Allocated
	   Cpus                 :                 1         1
	   Disk (KB)            :        1        1  13384545
	   Memory (MB)          :       41        1      6441
...
000 (8882955.000.000) 12/04 00:57:33 Job submitted from host: <10.10.48.31:12542?addrs=10.10.48.31-12542>
...
001 (8882955.000.000) 12/04 00:58:09 Job executing on host: <10.10.48.139:49429?addrs=10.10.48.139-49429>
...
006 (8882955.000.000) 12/04 00:58:18 Image size of job updated: 177444
	29  -  MemoryUsage of job (MB)
	29612  -  ResidentSetSize of job (KB)
...
006 (8882955.000.000) 12/04 01:03:19 Image size of job updated: 192688
	41  -  MemoryUsage of job (MB)
	41772  -  ResidentSetSize of job (KB)
...
006 (8882955.000.000) 12/04 01:08:20 Image size of job updated: 201428
	50  -  MemoryUsage of job (MB)
	50624  -  ResidentSetSize of job (KB)
...
006 (8882955.000.000) 12/04 01:10:03 Image size of job updated: 205224
	50  -  MemoryUsage of job (MB)
	50624  -  ResidentSetSize of job (KB)
...
005 (8882955.000.000) 12/04 01:10:03 Job terminated.
	(1) Normal termination (return value 0)
		Usr 0 00:04:30, Sys 0 00:00:06  -  Run Remote Usage
		Usr 0 00:00:00, Sys 0 00:00:00  -  Run Local Usage
		Usr 0 00:04:30, Sys 0 00:00:06  -  Total Remote Usage
		Usr 0 00:00:00, Sys 0 00:00:00  -  Total Local Usage
	0  -  Run Bytes Sent By Job
	0  -  Run Bytes Received By Job
	0  -  Total Bytes Sent By Job
	0  -  Total Bytes Received By Job
	Partitionable Resources :    Usage  Request Allocated
	   Cpus                 :                 1         1
	   Disk (KB)            :        1        1  13383767
	   Memory (MB)          :       50        1      6441
...
