000 (8804760.000.000) 12/02 15:20:42 Job submitted from host: <10.10.48.31:12542?addrs=10.10.48.31-12542>
...
001 (8804760.000.000) 12/02 15:20:44 Job executing on host: <10.10.48.41:20766?addrs=10.10.48.41-20766>
...
006 (8804760.000.000) 12/02 15:20:52 Image size of job updated: 184968
	33  -  MemoryUsage of job (MB)
	33264  -  ResidentSetSize of job (KB)
...
006 (8804760.000.000) 12/02 15:22:54 Image size of job updated: 190348
	33  -  MemoryUsage of job (MB)
	33264  -  ResidentSetSize of job (KB)
...
005 (8804760.000.000) 12/02 15:22:54 Job terminated.
	(1) Normal termination (return value 0)
		Usr 0 00:00:36, Sys 0 00:00:00  -  Run Remote Usage
		Usr 0 00:00:00, Sys 0 00:00:00  -  Run Local Usage
		Usr 0 00:00:36, Sys 0 00:00:00  -  Total Remote Usage
		Usr 0 00:00:00, Sys 0 00:00:00  -  Total Local Usage
	0  -  Run Bytes Sent By Job
	0  -  Run Bytes Received By Job
	0  -  Total Bytes Sent By Job
	0  -  Total Bytes Received By Job
	Partitionable Resources :    Usage  Request Allocated
	   Cpus                 :                 1         1
	   Disk (KB)            :        1        1  16725587
	   Memory (MB)          :       33        1      4023
...
000 (8883147.000.000) 12/04 00:58:59 Job submitted from host: <10.10.48.31:12542?addrs=10.10.48.31-12542>
...
001 (8883147.000.000) 12/04 00:59:06 Job executing on host: <10.10.48.143:50448?addrs=10.10.48.143-50448>
...
006 (8883147.000.000) 12/04 00:59:15 Image size of job updated: 190232
	37  -  MemoryUsage of job (MB)
	37288  -  ResidentSetSize of job (KB)
...
006 (8883147.000.000) 12/04 00:59:50 Image size of job updated: 190472
	37  -  MemoryUsage of job (MB)
	37288  -  ResidentSetSize of job (KB)
...
005 (8883147.000.000) 12/04 00:59:50 Job terminated.
	(1) Normal termination (return value 0)
		Usr 0 00:00:07, Sys 0 00:00:00  -  Run Remote Usage
		Usr 0 00:00:00, Sys 0 00:00:00  -  Run Local Usage
		Usr 0 00:00:07, Sys 0 00:00:00  -  Total Remote Usage
		Usr 0 00:00:00, Sys 0 00:00:00  -  Total Local Usage
	0  -  Run Bytes Sent By Job
	0  -  Run Bytes Received By Job
	0  -  Total Bytes Sent By Job
	0  -  Total Bytes Received By Job
	Partitionable Resources :    Usage  Request Allocated
	   Cpus                 :                 1         1
	   Disk (KB)            :        1        1  13384409
	   Memory (MB)          :       37        1      6441
...
