000 (8804730.000.000) 12/02 15:19:40 Job submitted from host: <10.10.48.31:12542?addrs=10.10.48.31-12542>
...
001 (8804730.000.000) 12/02 15:19:41 Job executing on host: <10.10.48.139:49429?addrs=10.10.48.139-49429>
...
006 (8804730.000.000) 12/02 15:19:49 Image size of job updated: 1
	2  -  MemoryUsage of job (MB)
	1872  -  ResidentSetSize of job (KB)
...
006 (8804730.000.000) 12/02 15:20:35 Image size of job updated: 190604
	2  -  MemoryUsage of job (MB)
	1872  -  ResidentSetSize of job (KB)
...
005 (8804730.000.000) 12/02 15:20:35 Job terminated.
	(1) Normal termination (return value 0)
		Usr 0 00:00:10, Sys 0 00:00:00  -  Run Remote Usage
		Usr 0 00:00:00, Sys 0 00:00:00  -  Run Local Usage
		Usr 0 00:00:10, Sys 0 00:00:00  -  Total Remote Usage
		Usr 0 00:00:00, Sys 0 00:00:00  -  Total Local Usage
	0  -  Run Bytes Sent By Job
	0  -  Run Bytes Received By Job
	0  -  Total Bytes Sent By Job
	0  -  Total Bytes Received By Job
	Partitionable Resources :    Usage  Request Allocated
	   Cpus                 :                 1         1
	   Disk (KB)            :        1        1  13383979
	   Memory (MB)          :        2        1      6441
...
000 (8882983.000.000) 12/04 00:57:36 Job submitted from host: <10.10.48.31:12542?addrs=10.10.48.31-12542>
...
001 (8882983.000.000) 12/04 00:58:10 Job executing on host: <10.10.48.145:26377?addrs=10.10.48.145-26377>
...
006 (8882983.000.000) 12/04 00:58:19 Image size of job updated: 141268
	25  -  MemoryUsage of job (MB)
	24940  -  ResidentSetSize of job (KB)
...
006 (8882983.000.000) 12/04 00:58:43 Image size of job updated: 190572
	25  -  MemoryUsage of job (MB)
	24940  -  ResidentSetSize of job (KB)
...
005 (8882983.000.000) 12/04 00:58:43 Job terminated.
	(1) Normal termination (return value 0)
		Usr 0 00:00:07, Sys 0 00:00:00  -  Run Remote Usage
		Usr 0 00:00:00, Sys 0 00:00:00  -  Run Local Usage
		Usr 0 00:00:07, Sys 0 00:00:00  -  Total Remote Usage
		Usr 0 00:00:00, Sys 0 00:00:00  -  Total Local Usage
	0  -  Run Bytes Sent By Job
	0  -  Run Bytes Received By Job
	0  -  Total Bytes Sent By Job
	0  -  Total Bytes Received By Job
	Partitionable Resources :    Usage  Request Allocated
	   Cpus                 :                 1         1
	   Disk (KB)            :        1        1  13384792
	   Memory (MB)          :       25        1      6441
...
