000 (8804736.000.000) 12/02 15:19:49 Job submitted from host: <10.10.48.31:12542?addrs=10.10.48.31-12542>
...
001 (8804736.000.000) 12/02 15:19:51 Job executing on host: <10.10.48.41:20766?addrs=10.10.48.41-20766>
...
006 (8804736.000.000) 12/02 15:20:00 Image size of job updated: 1
	2  -  MemoryUsage of job (MB)
	1816  -  ResidentSetSize of job (KB)
...
006 (8804736.000.000) 12/02 15:20:10 Image size of job updated: 190076
	2  -  MemoryUsage of job (MB)
	1816  -  ResidentSetSize of job (KB)
...
005 (8804736.000.000) 12/02 15:20:10 Job terminated.
	(1) Normal termination (return value 0)
		Usr 0 00:00:02, Sys 0 00:00:00  -  Run Remote Usage
		Usr 0 00:00:00, Sys 0 00:00:00  -  Run Local Usage
		Usr 0 00:00:02, Sys 0 00:00:00  -  Total Remote Usage
		Usr 0 00:00:00, Sys 0 00:00:00  -  Total Local Usage
	0  -  Run Bytes Sent By Job
	0  -  Run Bytes Received By Job
	0  -  Total Bytes Sent By Job
	0  -  Total Bytes Received By Job
	Partitionable Resources :    Usage  Request Allocated
	   Cpus                 :                 1         1
	   Disk (KB)            :        1        1  16725587
	   Memory (MB)          :        2        1      4023
...
000 (8882989.000.000) 12/04 00:57:39 Job submitted from host: <10.10.48.31:12542?addrs=10.10.48.31-12542>
...
001 (8882989.000.000) 12/04 00:58:09 Job executing on host: <10.10.48.143:50448?addrs=10.10.48.143-50448>
...
006 (8882989.000.000) 12/04 00:58:18 Image size of job updated: 190116
	38  -  MemoryUsage of job (MB)
	38260  -  ResidentSetSize of job (KB)
...
006 (8882989.000.000) 12/04 00:59:06 Image size of job updated: 190752
	38  -  MemoryUsage of job (MB)
	38260  -  ResidentSetSize of job (KB)
...
005 (8882989.000.000) 12/04 00:59:06 Job terminated.
	(1) Normal termination (return value 0)
		Usr 0 00:00:12, Sys 0 00:00:00  -  Run Remote Usage
		Usr 0 00:00:00, Sys 0 00:00:00  -  Run Local Usage
		Usr 0 00:00:12, Sys 0 00:00:00  -  Total Remote Usage
		Usr 0 00:00:00, Sys 0 00:00:00  -  Total Local Usage
	0  -  Run Bytes Sent By Job
	0  -  Run Bytes Received By Job
	0  -  Total Bytes Sent By Job
	0  -  Total Bytes Received By Job
	Partitionable Resources :    Usage  Request Allocated
	   Cpus                 :                 1         1
	   Disk (KB)            :        1        1  13384409
	   Memory (MB)          :       38        1      6441
...
