000 (8804663.000.000) 12/02 15:19:03 Job submitted from host: <10.10.48.31:12542?addrs=10.10.48.31-12542>
...
001 (8804663.000.000) 12/02 15:19:19 Job executing on host: <10.10.48.35:61041?addrs=10.10.48.35-61041>
...
006 (8804663.000.000) 12/02 15:19:28 Image size of job updated: 181528
	29  -  MemoryUsage of job (MB)
	29184  -  ResidentSetSize of job (KB)
...
006 (8804663.000.000) 12/02 15:24:29 Image size of job updated: 190632
	39  -  MemoryUsage of job (MB)
	39708  -  ResidentSetSize of job (KB)
...
006 (8804663.000.000) 12/02 15:26:09 Image size of job updated: 190984
	39  -  MemoryUsage of job (MB)
	39708  -  ResidentSetSize of job (KB)
...
005 (8804663.000.000) 12/02 15:26:09 Job terminated.
	(1) Normal termination (return value 0)
		Usr 0 00:01:41, Sys 0 00:00:02  -  Run Remote Usage
		Usr 0 00:00:00, Sys 0 00:00:00  -  Run Local Usage
		Usr 0 00:01:41, Sys 0 00:00:02  -  Total Remote Usage
		Usr 0 00:00:00, Sys 0 00:00:00  -  Total Local Usage
	0  -  Run Bytes Sent By Job
	0  -  Run Bytes Received By Job
	0  -  Total Bytes Sent By Job
	0  -  Total Bytes Received By Job
	Partitionable Resources :    Usage  Request Allocated
	   Cpus                 :                 1         1
	   Disk (KB)            :        1        1  16724635
	   Memory (MB)          :       39        1      4023
...
000 (8882878.000.000) 12/04 00:57:26 Job submitted from host: <10.10.48.31:12542?addrs=10.10.48.31-12542>
...
001 (8882878.000.000) 12/04 00:57:33 Job executing on host: <10.10.48.141:50603?addrs=10.10.48.141-50603>
...
006 (8882878.000.000) 12/04 00:57:42 Image size of job updated: 190336
	38  -  MemoryUsage of job (MB)
	38576  -  ResidentSetSize of job (KB)
...
006 (8882878.000.000) 12/04 00:58:35 Image size of job updated: 190724
	38  -  MemoryUsage of job (MB)
	38576  -  ResidentSetSize of job (KB)
...
005 (8882878.000.000) 12/04 00:58:35 Job terminated.
	(1) Normal termination (return value 0)
		Usr 0 00:00:22, Sys 0 00:00:00  -  Run Remote Usage
		Usr 0 00:00:00, Sys 0 00:00:00  -  Run Local Usage
		Usr 0 00:00:22, Sys 0 00:00:00  -  Total Remote Usage
		Usr 0 00:00:00, Sys 0 00:00:00  -  Total Local Usage
	0  -  Run Bytes Sent By Job
	0  -  Run Bytes Received By Job
	0  -  Total Bytes Sent By Job
	0  -  Total Bytes Received By Job
	Partitionable Resources :    Usage  Request Allocated
	   Cpus                 :                 1         1
	   Disk (KB)            :        1        1  13375345
	   Memory (MB)          :       38        1      6441
...
