000 (8804659.000.000) 12/02 15:19:02 Job submitted from host: <10.10.48.31:12542?addrs=10.10.48.31-12542>
...
001 (8804659.000.000) 12/02 15:19:22 Job executing on host: <10.10.48.141:50603?addrs=10.10.48.141-50603>
...
006 (8804659.000.000) 12/02 15:19:30 Image size of job updated: 185188
	32  -  MemoryUsage of job (MB)
	32172  -  ResidentSetSize of job (KB)
...
006 (8804659.000.000) 12/02 15:24:30 Image size of job updated: 190740
	38  -  MemoryUsage of job (MB)
	38272  -  ResidentSetSize of job (KB)
...
006 (8804659.000.000) 12/02 15:29:15 Image size of job updated: 191992
	38  -  MemoryUsage of job (MB)
	38272  -  ResidentSetSize of job (KB)
...
005 (8804659.000.000) 12/02 15:29:15 Job terminated.
	(1) Normal termination (return value 0)
		Usr 0 00:02:52, Sys 0 00:00:04  -  Run Remote Usage
		Usr 0 00:00:00, Sys 0 00:00:00  -  Run Local Usage
		Usr 0 00:02:52, Sys 0 00:00:04  -  Total Remote Usage
		Usr 0 00:00:00, Sys 0 00:00:00  -  Total Local Usage
	0  -  Run Bytes Sent By Job
	0  -  Run Bytes Received By Job
	0  -  Total Bytes Sent By Job
	0  -  Total Bytes Received By Job
	Partitionable Resources :    Usage  Request Allocated
	   Cpus                 :                 1         1
	   Disk (KB)            :        1        1  13377328
	   Memory (MB)          :       38        1      6441
...
000 (8882866.000.000) 12/04 00:57:25 Job submitted from host: <10.10.48.31:12542?addrs=10.10.48.31-12542>
...
001 (8882866.000.000) 12/04 00:57:32 Job executing on host: <10.10.48.141:50603?addrs=10.10.48.141-50603>
...
006 (8882866.000.000) 12/04 00:57:40 Image size of job updated: 184976
	32  -  MemoryUsage of job (MB)
	31912  -  ResidentSetSize of job (KB)
...
006 (8882866.000.000) 12/04 01:00:13 Image size of job updated: 190484
	32  -  MemoryUsage of job (MB)
	31912  -  ResidentSetSize of job (KB)
...
005 (8882866.000.000) 12/04 01:00:13 Job terminated.
	(1) Normal termination (return value 0)
		Usr 0 00:00:46, Sys 0 00:00:01  -  Run Remote Usage
		Usr 0 00:00:00, Sys 0 00:00:00  -  Run Local Usage
		Usr 0 00:00:46, Sys 0 00:00:01  -  Total Remote Usage
		Usr 0 00:00:00, Sys 0 00:00:00  -  Total Local Usage
	0  -  Run Bytes Sent By Job
	0  -  Run Bytes Received By Job
	0  -  Total Bytes Sent By Job
	0  -  Total Bytes Received By Job
	Partitionable Resources :    Usage  Request Allocated
	   Cpus                 :                 1         1
	   Disk (KB)            :        1        1  13375320
	   Memory (MB)          :       32        1      6441
...
