000 (8804765.000.000) 12/02 15:20:55 Job submitted from host: <10.10.48.31:12542?addrs=10.10.48.31-12542>
...
001 (8804765.000.000) 12/02 15:20:57 Job executing on host: <10.10.48.41:20766?addrs=10.10.48.41-20766>
...
006 (8804765.000.000) 12/02 15:21:06 Image size of job updated: 1
	2  -  MemoryUsage of job (MB)
	1816  -  ResidentSetSize of job (KB)
...
006 (8804765.000.000) 12/02 15:23:57 Image size of job updated: 190184
	2  -  MemoryUsage of job (MB)
	1816  -  ResidentSetSize of job (KB)
...
005 (8804765.000.000) 12/02 15:23:57 Job terminated.
	(1) Normal termination (return value 0)
		Usr 0 00:00:33, Sys 0 00:00:00  -  Run Remote Usage
		Usr 0 00:00:00, Sys 0 00:00:00  -  Run Local Usage
		Usr 0 00:00:33, Sys 0 00:00:00  -  Total Remote Usage
		Usr 0 00:00:00, Sys 0 00:00:00  -  Total Local Usage
	0  -  Run Bytes Sent By Job
	0  -  Run Bytes Received By Job
	0  -  Total Bytes Sent By Job
	0  -  Total Bytes Received By Job
	Partitionable Resources :    Usage  Request Allocated
	   Cpus                 :                 1         1
	   Disk (KB)            :        1        1  16725587
	   Memory (MB)          :        2        1      4023
...
000 (8883152.000.000) 12/04 00:59:10 Job submitted from host: <10.10.48.31:12542?addrs=10.10.48.31-12542>
...
001 (8883152.000.000) 12/04 00:59:33 Job executing on host: <10.10.48.41:20766?addrs=10.10.48.41-20766>
...
006 (8883152.000.000) 12/04 00:59:41 Image size of job updated: 184856
	32  -  MemoryUsage of job (MB)
	31876  -  ResidentSetSize of job (KB)
...
006 (8883152.000.000) 12/04 01:03:29 Image size of job updated: 191528
	32  -  MemoryUsage of job (MB)
	31876  -  ResidentSetSize of job (KB)
...
005 (8883152.000.000) 12/04 01:03:29 Job terminated.
	(1) Normal termination (return value 0)
		Usr 0 00:00:46, Sys 0 00:00:01  -  Run Remote Usage
		Usr 0 00:00:00, Sys 0 00:00:00  -  Run Local Usage
		Usr 0 00:00:46, Sys 0 00:00:01  -  Total Remote Usage
		Usr 0 00:00:00, Sys 0 00:00:00  -  Total Local Usage
	0  -  Run Bytes Sent By Job
	0  -  Run Bytes Received By Job
	0  -  Total Bytes Sent By Job
	0  -  Total Bytes Received By Job
	Partitionable Resources :    Usage  Request Allocated
	   Cpus                 :                 1         1
	   Disk (KB)            :        1        1  16724753
	   Memory (MB)          :       32        1      4023
...
