000 (8804637.000.000) 12/02 15:18:59 Job submitted from host: <10.10.48.31:12542?addrs=10.10.48.31-12542>
...
001 (8804637.000.000) 12/02 15:19:19 Job executing on host: <10.10.48.41:20766?addrs=10.10.48.41-20766>
...
006 (8804637.000.000) 12/02 15:19:28 Image size of job updated: 184868
	32  -  MemoryUsage of job (MB)
	31912  -  ResidentSetSize of job (KB)
...
006 (8804637.000.000) 12/02 15:24:29 Image size of job updated: 190588
	37  -  MemoryUsage of job (MB)
	37840  -  ResidentSetSize of job (KB)
...
006 (8804637.000.000) 12/02 15:25:18 Image size of job updated: 190760
	37  -  MemoryUsage of job (MB)
	37840  -  ResidentSetSize of job (KB)
...
005 (8804637.000.000) 12/02 15:25:18 Job terminated.
	(1) Normal termination (return value 0)
		Usr 0 00:01:31, Sys 0 00:00:02  -  Run Remote Usage
		Usr 0 00:00:00, Sys 0 00:00:00  -  Run Local Usage
		Usr 0 00:01:31, Sys 0 00:00:02  -  Total Remote Usage
		Usr 0 00:00:00, Sys 0 00:00:00  -  Total Local Usage
	0  -  Run Bytes Sent By Job
	0  -  Run Bytes Received By Job
	0  -  Total Bytes Sent By Job
	0  -  Total Bytes Received By Job
	Partitionable Resources :    Usage  Request Allocated
	   Cpus                 :                 1         1
	   Disk (KB)            :        1        1  16725587
	   Memory (MB)          :       37        1      4023
...
000 (8880632.000.000) 12/04 00:29:58 Job submitted from host: <10.10.48.31:12542?addrs=10.10.48.31-12542>
...
001 (8880632.000.000) 12/04 00:30:07 Job executing on host: <10.10.48.141:50603?addrs=10.10.48.141-50603>
...
006 (8880632.000.000) 12/04 00:30:16 Image size of job updated: 184832
	33  -  MemoryUsage of job (MB)
	33424  -  ResidentSetSize of job (KB)
...
006 (8880632.000.000) 12/04 00:30:53 Image size of job updated: 194188
	33  -  MemoryUsage of job (MB)
	33424  -  ResidentSetSize of job (KB)
...
005 (8880632.000.000) 12/04 00:30:53 Job terminated.
	(1) Normal termination (return value 0)
		Usr 0 00:00:25, Sys 0 00:00:00  -  Run Remote Usage
		Usr 0 00:00:00, Sys 0 00:00:00  -  Run Local Usage
		Usr 0 00:00:25, Sys 0 00:00:00  -  Total Remote Usage
		Usr 0 00:00:00, Sys 0 00:00:00  -  Total Local Usage
	0  -  Run Bytes Sent By Job
	0  -  Run Bytes Received By Job
	0  -  Total Bytes Sent By Job
	0  -  Total Bytes Received By Job
	Partitionable Resources :    Usage  Request Allocated
	   Cpus                 :                 1         1
	   Disk (KB)            :        1        1  13375639
	   Memory (MB)          :       33        1      6441
...
000 (8882839.000.000) 12/04 00:57:21 Job submitted from host: <10.10.48.31:12542?addrs=10.10.48.31-12542>
...
001 (8882839.000.000) 12/04 00:57:26 Job executing on host: <10.10.48.41:20766?addrs=10.10.48.41-20766>
...
006 (8882839.000.000) 12/04 00:57:32 Image size of job updated: 190176
	0  -  MemoryUsage of job (MB)
	0  -  ResidentSetSize of job (KB)
...
005 (8882839.000.000) 12/04 00:57:32 Job terminated.
	(1) Normal termination (return value 0)
		Usr 0 00:00:02, Sys 0 00:00:00  -  Run Remote Usage
		Usr 0 00:00:00, Sys 0 00:00:00  -  Run Local Usage
		Usr 0 00:00:02, Sys 0 00:00:00  -  Total Remote Usage
		Usr 0 00:00:00, Sys 0 00:00:00  -  Total Local Usage
	0  -  Run Bytes Sent By Job
	0  -  Run Bytes Received By Job
	0  -  Total Bytes Sent By Job
	0  -  Total Bytes Received By Job
	Partitionable Resources :    Usage  Request Allocated
	   Cpus                 :                 1         1
	   Disk (KB)            :        1        1  16724756
	   Memory (MB)          :        0        1      4023
...
