000 (8804628.000.000) 12/02 15:18:58 Job submitted from host: <10.10.48.31:12542?addrs=10.10.48.31-12542>
...
001 (8804628.000.000) 12/02 15:19:00 Job executing on host: <10.10.48.41:20766?addrs=10.10.48.41-20766>
...
006 (8804628.000.000) 12/02 15:19:03 Image size of job updated: 177420
	0  -  MemoryUsage of job (MB)
	0  -  ResidentSetSize of job (KB)
...
005 (8804628.000.000) 12/02 15:19:03 Job terminated.
	(1) Normal termination (return value 0)
		Usr 0 00:00:00, Sys 0 00:00:00  -  Run Remote Usage
		Usr 0 00:00:00, Sys 0 00:00:00  -  Run Local Usage
		Usr 0 00:00:00, Sys 0 00:00:00  -  Total Remote Usage
		Usr 0 00:00:00, Sys 0 00:00:00  -  Total Local Usage
	0  -  Run Bytes Sent By Job
	0  -  Run Bytes Received By Job
	0  -  Total Bytes Sent By Job
	0  -  Total Bytes Received By Job
	Partitionable Resources :    Usage  Request Allocated
	   Cpus                 :                 1         1
	   Disk (KB)            :        1        1  16725587
	   Memory (MB)          :        0        1      4023
...
000 (8804916.000.000) 12/02 16:24:43 Job submitted from host: <10.10.48.31:12542?addrs=10.10.48.31-12542>
...
001 (8804916.000.000) 12/02 16:24:52 Job executing on host: <10.10.48.143:50448?addrs=10.10.48.143-50448>
...
006 (8804916.000.000) 12/02 16:25:01 Image size of job updated: 185080
	33  -  MemoryUsage of job (MB)
	33440  -  ResidentSetSize of job (KB)
...
005 (8804916.000.000) 12/02 16:25:02 Job terminated.
	(1) Normal termination (return value 0)
		Usr 0 00:00:00, Sys 0 00:00:00  -  Run Remote Usage
		Usr 0 00:00:00, Sys 0 00:00:00  -  Run Local Usage
		Usr 0 00:00:00, Sys 0 00:00:00  -  Total Remote Usage
		Usr 0 00:00:00, Sys 0 00:00:00  -  Total Local Usage
	0  -  Run Bytes Sent By Job
	0  -  Run Bytes Received By Job
	0  -  Total Bytes Sent By Job
	0  -  Total Bytes Received By Job
	Partitionable Resources :    Usage  Request Allocated
	   Cpus                 :                 1         1
	   Disk (KB)            :        1        1  13384538
	   Memory (MB)          :       33        1      6441
...
000 (8880620.000.000) 12/04 00:29:57 Job submitted from host: <10.10.48.31:12542?addrs=10.10.48.31-12542>
...
001 (8880620.000.000) 12/04 00:30:06 Job executing on host: <10.10.48.41:20766?addrs=10.10.48.41-20766>
...
006 (8880620.000.000) 12/04 00:30:15 Image size of job updated: 184988
	32  -  MemoryUsage of job (MB)
	31944  -  ResidentSetSize of job (KB)
...
006 (8880620.000.000) 12/04 00:31:04 Image size of job updated: 191900
	32  -  MemoryUsage of job (MB)
	31944  -  ResidentSetSize of job (KB)
...
005 (8880620.000.000) 12/04 00:31:04 Job terminated.
	(1) Normal termination (return value 0)
		Usr 0 00:00:19, Sys 0 00:00:00  -  Run Remote Usage
		Usr 0 00:00:00, Sys 0 00:00:00  -  Run Local Usage
		Usr 0 00:00:19, Sys 0 00:00:00  -  Total Remote Usage
		Usr 0 00:00:00, Sys 0 00:00:00  -  Total Local Usage
	0  -  Run Bytes Sent By Job
	0  -  Run Bytes Received By Job
	0  -  Total Bytes Sent By Job
	0  -  Total Bytes Received By Job
	Partitionable Resources :    Usage  Request Allocated
	   Cpus                 :                 1         1
	   Disk (KB)            :        1        1  16724017
	   Memory (MB)          :       32        1      4023
...
000 (8882830.000.000) 12/04 00:57:20 Job submitted from host: <10.10.48.31:12542?addrs=10.10.48.31-12542>
...
001 (8882830.000.000) 12/04 00:57:25 Job executing on host: <10.10.48.41:20766?addrs=10.10.48.41-20766>
...
006 (8882830.000.000) 12/04 00:57:33 Image size of job updated: 184972
	32  -  MemoryUsage of job (MB)
	31868  -  ResidentSetSize of job (KB)
...
006 (8882830.000.000) 12/04 00:59:53 Image size of job updated: 191972
	32  -  MemoryUsage of job (MB)
	31868  -  ResidentSetSize of job (KB)
...
005 (8882830.000.000) 12/04 00:59:53 Job terminated.
	(1) Normal termination (return value 0)
		Usr 0 00:00:44, Sys 0 00:00:01  -  Run Remote Usage
		Usr 0 00:00:00, Sys 0 00:00:00  -  Run Local Usage
		Usr 0 00:00:44, Sys 0 00:00:01  -  Total Remote Usage
		Usr 0 00:00:00, Sys 0 00:00:00  -  Total Local Usage
	0  -  Run Bytes Sent By Job
	0  -  Run Bytes Received By Job
	0  -  Total Bytes Sent By Job
	0  -  Total Bytes Received By Job
	Partitionable Resources :    Usage  Request Allocated
	   Cpus                 :                 1         1
	   Disk (KB)            :        1        1  16724756
	   Memory (MB)          :       32        1      4023
...
