000 (8804707.000.000) 12/02 15:19:09 Job submitted from host: <10.10.48.31:12542?addrs=10.10.48.31-12542>
...
001 (8804707.000.000) 12/02 15:19:21 Job executing on host: <10.10.48.145:26377?addrs=10.10.48.145-26377>
...
006 (8804707.000.000) 12/02 15:19:30 Image size of job updated: 182656
	30  -  MemoryUsage of job (MB)
	30716  -  ResidentSetSize of job (KB)
...
006 (8804707.000.000) 12/02 15:19:39 Image size of job updated: 190044
	30  -  MemoryUsage of job (MB)
	30716  -  ResidentSetSize of job (KB)
...
005 (8804707.000.000) 12/02 15:19:39 Job terminated.
	(1) Normal termination (return value 0)
		Usr 0 00:00:03, Sys 0 00:00:00  -  Run Remote Usage
		Usr 0 00:00:00, Sys 0 00:00:00  -  Run Local Usage
		Usr 0 00:00:03, Sys 0 00:00:00  -  Total Remote Usage
		Usr 0 00:00:00, Sys 0 00:00:00  -  Total Local Usage
	0  -  Run Bytes Sent By Job
	0  -  Run Bytes Received By Job
	0  -  Total Bytes Sent By Job
	0  -  Total Bytes Received By Job
	Partitionable Resources :    Usage  Request Allocated
	   Cpus                 :                 1         1
	   Disk (KB)            :        1        1  13384545
	   Memory (MB)          :       30        1      6441
...
000 (8882960.000.000) 12/04 00:57:33 Job submitted from host: <10.10.48.31:12542?addrs=10.10.48.31-12542>
...
001 (8882960.000.000) 12/04 00:58:10 Job executing on host: <10.10.48.139:49429?addrs=10.10.48.139-49429>
...
006 (8882960.000.000) 12/04 00:58:18 Image size of job updated: 177448
	28  -  MemoryUsage of job (MB)
	28152  -  ResidentSetSize of job (KB)
...
006 (8882960.000.000) 12/04 01:01:14 Image size of job updated: 190368
	28  -  MemoryUsage of job (MB)
	28152  -  ResidentSetSize of job (KB)
...
005 (8882960.000.000) 12/04 01:01:14 Job terminated.
	(1) Normal termination (return value 0)
		Usr 0 00:00:33, Sys 0 00:00:01  -  Run Remote Usage
		Usr 0 00:00:00, Sys 0 00:00:00  -  Run Local Usage
		Usr 0 00:00:33, Sys 0 00:00:01  -  Total Remote Usage
		Usr 0 00:00:00, Sys 0 00:00:00  -  Total Local Usage
	0  -  Run Bytes Sent By Job
	0  -  Run Bytes Received By Job
	0  -  Total Bytes Sent By Job
	0  -  Total Bytes Received By Job
	Partitionable Resources :    Usage  Request Allocated
	   Cpus                 :                 1         1
	   Disk (KB)            :        1        1  13383709
	   Memory (MB)          :       28        1      6441
...
