000 (8804710.000.000) 12/02 15:19:10 Job submitted from host: <10.10.48.31:12542?addrs=10.10.48.31-12542>
...
001 (8804710.000.000) 12/02 15:19:22 Job executing on host: <10.10.48.145:26377?addrs=10.10.48.145-26377>
...
006 (8804710.000.000) 12/02 15:19:31 Image size of job updated: 177452
	28  -  MemoryUsage of job (MB)
	28088  -  ResidentSetSize of job (KB)
...
006 (8804710.000.000) 12/02 15:20:15 Image size of job updated: 190620
	28  -  MemoryUsage of job (MB)
	28088  -  ResidentSetSize of job (KB)
...
005 (8804710.000.000) 12/02 15:20:15 Job terminated.
	(1) Normal termination (return value 0)
		Usr 0 00:00:12, Sys 0 00:00:00  -  Run Remote Usage
		Usr 0 00:00:00, Sys 0 00:00:00  -  Run Local Usage
		Usr 0 00:00:12, Sys 0 00:00:00  -  Total Remote Usage
		Usr 0 00:00:00, Sys 0 00:00:00  -  Total Local Usage
	0  -  Run Bytes Sent By Job
	0  -  Run Bytes Received By Job
	0  -  Total Bytes Sent By Job
	0  -  Total Bytes Received By Job
	Partitionable Resources :    Usage  Request Allocated
	   Cpus                 :                 1         1
	   Disk (KB)            :        1        1  13384545
	   Memory (MB)          :       28        1      6441
...
000 (8882963.000.000) 12/04 00:57:34 Job submitted from host: <10.10.48.31:12542?addrs=10.10.48.31-12542>
...
001 (8882963.000.000) 12/04 00:58:10 Job executing on host: <10.10.48.139:49429?addrs=10.10.48.139-49429>
...
006 (8882963.000.000) 12/04 00:58:19 Image size of job updated: 177448
	29  -  MemoryUsage of job (MB)
	29168  -  ResidentSetSize of job (KB)
...
006 (8882963.000.000) 12/04 01:03:20 Image size of job updated: 192828
	41  -  MemoryUsage of job (MB)
	41580  -  ResidentSetSize of job (KB)
...
006 (8882963.000.000) 12/04 01:08:20 Image size of job updated: 202864
	51  -  MemoryUsage of job (MB)
	51596  -  ResidentSetSize of job (KB)
...
006 (8882963.000.000) 12/04 01:10:13 Image size of job updated: 207536
	51  -  MemoryUsage of job (MB)
	51596  -  ResidentSetSize of job (KB)
...
005 (8882963.000.000) 12/04 01:10:13 Job terminated.
	(1) Normal termination (return value 0)
		Usr 0 00:04:27, Sys 0 00:00:06  -  Run Remote Usage
		Usr 0 00:00:00, Sys 0 00:00:00  -  Run Local Usage
		Usr 0 00:04:27, Sys 0 00:00:06  -  Total Remote Usage
		Usr 0 00:00:00, Sys 0 00:00:00  -  Total Local Usage
	0  -  Run Bytes Sent By Job
	0  -  Run Bytes Received By Job
	0  -  Total Bytes Sent By Job
	0  -  Total Bytes Received By Job
	Partitionable Resources :    Usage  Request Allocated
	   Cpus                 :                 1         1
	   Disk (KB)            :        1        1  13383767
	   Memory (MB)          :       51        1      6441
...
