000 (8804757.000.000) 12/02 15:20:31 Job submitted from host: <10.10.48.31:12542?addrs=10.10.48.31-12542>
...
001 (8804757.000.000) 12/02 15:20:40 Job executing on host: <10.10.48.35:61041?addrs=10.10.48.35-61041>
...
006 (8804757.000.000) 12/02 15:20:48 Image size of job updated: 184992
	33  -  MemoryUsage of job (MB)
	33524  -  ResidentSetSize of job (KB)
...
006 (8804757.000.000) 12/02 15:24:36 Image size of job updated: 190392
	33  -  MemoryUsage of job (MB)
	33524  -  ResidentSetSize of job (KB)
...
005 (8804757.000.000) 12/02 15:24:36 Job terminated.
	(1) Normal termination (return value 0)
		Usr 0 00:00:53, Sys 0 00:00:01  -  Run Remote Usage
		Usr 0 00:00:00, Sys 0 00:00:00  -  Run Local Usage
		Usr 0 00:00:53, Sys 0 00:00:01  -  Total Remote Usage
		Usr 0 00:00:00, Sys 0 00:00:00  -  Total Local Usage
	0  -  Run Bytes Sent By Job
	0  -  Run Bytes Received By Job
	0  -  Total Bytes Sent By Job
	0  -  Total Bytes Received By Job
	Partitionable Resources :    Usage  Request Allocated
	   Cpus                 :                 1         1
	   Disk (KB)            :        1        1  16724583
	   Memory (MB)          :       33        1      4023
...
000 (8883140.000.000) 12/04 00:58:54 Job submitted from host: <10.10.48.31:12542?addrs=10.10.48.31-12542>
...
001 (8883140.000.000) 12/04 00:58:57 Job executing on host: <10.10.48.145:26377?addrs=10.10.48.145-26377>
...
006 (8883140.000.000) 12/04 00:59:05 Image size of job updated: 1
	2  -  MemoryUsage of job (MB)
	1868  -  ResidentSetSize of job (KB)
...
006 (8883140.000.000) 12/04 01:00:53 Image size of job updated: 190636
	2  -  MemoryUsage of job (MB)
	1868  -  ResidentSetSize of job (KB)
...
005 (8883140.000.000) 12/04 01:00:53 Job terminated.
	(1) Normal termination (return value 0)
		Usr 0 00:00:23, Sys 0 00:00:00  -  Run Remote Usage
		Usr 0 00:00:00, Sys 0 00:00:00  -  Run Local Usage
		Usr 0 00:00:23, Sys 0 00:00:00  -  Total Remote Usage
		Usr 0 00:00:00, Sys 0 00:00:00  -  Total Local Usage
	0  -  Run Bytes Sent By Job
	0  -  Run Bytes Received By Job
	0  -  Total Bytes Sent By Job
	0  -  Total Bytes Received By Job
	Partitionable Resources :    Usage  Request Allocated
	   Cpus                 :                 1         1
	   Disk (KB)            :        1        1  13384792
	   Memory (MB)          :        2        1      6441
...
