000 (8804641.000.000) 12/02 15:19:00 Job submitted from host: <10.10.48.31:12542?addrs=10.10.48.31-12542>
...
001 (8804641.000.000) 12/02 15:19:20 Job executing on host: <10.10.48.41:20766?addrs=10.10.48.41-20766>
...
006 (8804641.000.000) 12/02 15:19:29 Image size of job updated: 184828
	33  -  MemoryUsage of job (MB)
	33128  -  ResidentSetSize of job (KB)
...
006 (8804641.000.000) 12/02 15:20:18 Image size of job updated: 190336
	33  -  MemoryUsage of job (MB)
	33128  -  ResidentSetSize of job (KB)
...
005 (8804641.000.000) 12/02 15:20:18 Job terminated.
	(1) Normal termination (return value 0)
		Usr 0 00:00:12, Sys 0 00:00:00  -  Run Remote Usage
		Usr 0 00:00:00, Sys 0 00:00:00  -  Run Local Usage
		Usr 0 00:00:12, Sys 0 00:00:00  -  Total Remote Usage
		Usr 0 00:00:00, Sys 0 00:00:00  -  Total Local Usage
	0  -  Run Bytes Sent By Job
	0  -  Run Bytes Received By Job
	0  -  Total Bytes Sent By Job
	0  -  Total Bytes Received By Job
	Partitionable Resources :    Usage  Request Allocated
	   Cpus                 :                 1         1
	   Disk (KB)            :        1        1  16725587
	   Memory (MB)          :       33        1      4023
...
000 (8880640.000.000) 12/04 00:29:59 Job submitted from host: <10.10.48.31:12542?addrs=10.10.48.31-12542>
...
001 (8880640.000.000) 12/04 00:30:08 Job executing on host: <10.10.48.141:50603?addrs=10.10.48.141-50603>
...
006 (8880640.000.000) 12/04 00:30:17 Image size of job updated: 184844
	33  -  MemoryUsage of job (MB)
	33152  -  ResidentSetSize of job (KB)
...
006 (8880640.000.000) 12/04 00:31:04 Image size of job updated: 192264
	33  -  MemoryUsage of job (MB)
	33152  -  ResidentSetSize of job (KB)
...
005 (8880640.000.000) 12/04 00:31:04 Job terminated.
	(1) Normal termination (return value 0)
		Usr 0 00:00:30, Sys 0 00:00:00  -  Run Remote Usage
		Usr 0 00:00:00, Sys 0 00:00:00  -  Run Local Usage
		Usr 0 00:00:30, Sys 0 00:00:00  -  Total Remote Usage
		Usr 0 00:00:00, Sys 0 00:00:00  -  Total Local Usage
	0  -  Run Bytes Sent By Job
	0  -  Run Bytes Received By Job
	0  -  Total Bytes Sent By Job
	0  -  Total Bytes Received By Job
	Partitionable Resources :    Usage  Request Allocated
	   Cpus                 :                 1         1
	   Disk (KB)            :        1        1  13375651
	   Memory (MB)          :       33        1      6441
...
000 (8882843.000.000) 12/04 00:57:21 Job submitted from host: <10.10.48.31:12542?addrs=10.10.48.31-12542>
...
001 (8882843.000.000) 12/04 00:57:25 Job executing on host: <10.10.48.141:50603?addrs=10.10.48.141-50603>
...
006 (8882843.000.000) 12/04 00:57:30 Image size of job updated: 190456
	0  -  MemoryUsage of job (MB)
	0  -  ResidentSetSize of job (KB)
...
005 (8882843.000.000) 12/04 00:57:31 Job terminated.
	(1) Normal termination (return value 0)
		Usr 0 00:00:02, Sys 0 00:00:00  -  Run Remote Usage
		Usr 0 00:00:00, Sys 0 00:00:00  -  Run Local Usage
		Usr 0 00:00:02, Sys 0 00:00:00  -  Total Remote Usage
		Usr 0 00:00:00, Sys 0 00:00:00  -  Total Local Usage
	0  -  Run Bytes Sent By Job
	0  -  Run Bytes Received By Job
	0  -  Total Bytes Sent By Job
	0  -  Total Bytes Received By Job
	Partitionable Resources :    Usage  Request Allocated
	   Cpus                 :                 1         1
	   Disk (KB)            :        1        1  13375338
	   Memory (MB)          :        0        1      6441
...
