000 (8804631.000.000) 12/02 15:18:58 Job submitted from host: <10.10.48.31:12542?addrs=10.10.48.31-12542>
...
001 (8804631.000.000) 12/02 15:19:00 Job executing on host: <10.10.48.41:20766?addrs=10.10.48.41-20766>
...
006 (8804631.000.000) 12/02 15:19:09 Image size of job updated: 190300
	38  -  MemoryUsage of job (MB)
	38764  -  ResidentSetSize of job (KB)
...
006 (8804631.000.000) 12/02 15:19:23 Image size of job updated: 190472
	38  -  MemoryUsage of job (MB)
	38764  -  ResidentSetSize of job (KB)
...
005 (8804631.000.000) 12/02 15:19:23 Job terminated.
	(1) Normal termination (return value 0)
		Usr 0 00:00:11, Sys 0 00:00:00  -  Run Remote Usage
		Usr 0 00:00:00, Sys 0 00:00:00  -  Run Local Usage
		Usr 0 00:00:11, Sys 0 00:00:00  -  Total Remote Usage
		Usr 0 00:00:00, Sys 0 00:00:00  -  Total Local Usage
	0  -  Run Bytes Sent By Job
	0  -  Run Bytes Received By Job
	0  -  Total Bytes Sent By Job
	0  -  Total Bytes Received By Job
	Partitionable Resources :    Usage  Request Allocated
	   Cpus                 :                 1         1
	   Disk (KB)            :        1        1  16725587
	   Memory (MB)          :       38        1      4023
...
000 (8804919.000.000) 12/02 16:24:45 Job submitted from host: <10.10.48.31:12542?addrs=10.10.48.31-12542>
...
001 (8804919.000.000) 12/02 16:25:02 Job executing on host: <10.10.48.143:50448?addrs=10.10.48.143-50448>
...
006 (8804919.000.000) 12/02 16:25:11 Image size of job updated: 190348
	38  -  MemoryUsage of job (MB)
	38852  -  ResidentSetSize of job (KB)
...
005 (8804919.000.000) 12/02 16:25:20 Job terminated.
	(1) Normal termination (return value 0)
		Usr 0 00:00:03, Sys 0 00:00:00  -  Run Remote Usage
		Usr 0 00:00:00, Sys 0 00:00:00  -  Run Local Usage
		Usr 0 00:00:03, Sys 0 00:00:00  -  Total Remote Usage
		Usr 0 00:00:00, Sys 0 00:00:00  -  Total Local Usage
	0  -  Run Bytes Sent By Job
	0  -  Run Bytes Received By Job
	0  -  Total Bytes Sent By Job
	0  -  Total Bytes Received By Job
	Partitionable Resources :    Usage  Request Allocated
	   Cpus                 :                 1         1
	   Disk (KB)            :        1        1  13384538
	   Memory (MB)          :       38        1      6441
...
000 (8880623.000.000) 12/04 00:29:58 Job submitted from host: <10.10.48.31:12542?addrs=10.10.48.31-12542>
...
001 (8880623.000.000) 12/04 00:30:06 Job executing on host: <10.10.48.141:50603?addrs=10.10.48.141-50603>
...
006 (8880623.000.000) 12/04 00:30:15 Image size of job updated: 184848
	32  -  MemoryUsage of job (MB)
	31984  -  ResidentSetSize of job (KB)
...
006 (8880623.000.000) 12/04 00:31:37 Image size of job updated: 193316
	32  -  MemoryUsage of job (MB)
	31984  -  ResidentSetSize of job (KB)
...
005 (8880623.000.000) 12/04 00:31:37 Job terminated.
	(1) Normal termination (return value 0)
		Usr 0 00:00:44, Sys 0 00:00:01  -  Run Remote Usage
		Usr 0 00:00:00, Sys 0 00:00:00  -  Run Local Usage
		Usr 0 00:00:44, Sys 0 00:00:01  -  Total Remote Usage
		Usr 0 00:00:00, Sys 0 00:00:00  -  Total Local Usage
	0  -  Run Bytes Sent By Job
	0  -  Run Bytes Received By Job
	0  -  Total Bytes Sent By Job
	0  -  Total Bytes Received By Job
	Partitionable Resources :    Usage  Request Allocated
	   Cpus                 :                 1         1
	   Disk (KB)            :        1        1  13375619
	   Memory (MB)          :       32        1      6441
...
000 (8882833.000.000) 12/04 00:57:20 Job submitted from host: <10.10.48.31:12542?addrs=10.10.48.31-12542>
...
001 (8882833.000.000) 12/04 00:57:25 Job executing on host: <10.10.48.41:20766?addrs=10.10.48.41-20766>
...
006 (8882833.000.000) 12/04 00:57:34 Image size of job updated: 190372
	38  -  MemoryUsage of job (MB)
	38348  -  ResidentSetSize of job (KB)
...
006 (8882833.000.000) 12/04 00:58:31 Image size of job updated: 190844
	38  -  MemoryUsage of job (MB)
	38348  -  ResidentSetSize of job (KB)
...
005 (8882833.000.000) 12/04 00:58:31 Job terminated.
	(1) Normal termination (return value 0)
		Usr 0 00:00:27, Sys 0 00:00:00  -  Run Remote Usage
		Usr 0 00:00:00, Sys 0 00:00:00  -  Run Local Usage
		Usr 0 00:00:27, Sys 0 00:00:00  -  Total Remote Usage
		Usr 0 00:00:00, Sys 0 00:00:00  -  Total Local Usage
	0  -  Run Bytes Sent By Job
	0  -  Run Bytes Received By Job
	0  -  Total Bytes Sent By Job
	0  -  Total Bytes Received By Job
	Partitionable Resources :    Usage  Request Allocated
	   Cpus                 :                 1         1
	   Disk (KB)            :        1        1  16724800
	   Memory (MB)          :       38        1      4023
...
