000 (8804786.000.000) 12/02 15:22:50 Job submitted from host: <10.10.48.31:12542?addrs=10.10.48.31-12542>
...
001 (8804786.000.000) 12/02 15:22:50 Job executing on host: <10.10.48.139:49429?addrs=10.10.48.139-49429>
...
006 (8804786.000.000) 12/02 15:22:59 Image size of job updated: 184960
	33  -  MemoryUsage of job (MB)
	33680  -  ResidentSetSize of job (KB)
...
006 (8804786.000.000) 12/02 15:25:05 Image size of job updated: 190236
	33  -  MemoryUsage of job (MB)
	33680  -  ResidentSetSize of job (KB)
...
005 (8804786.000.000) 12/02 15:25:05 Job terminated.
	(1) Normal termination (return value 0)
		Usr 0 00:00:28, Sys 0 00:00:00  -  Run Remote Usage
		Usr 0 00:00:00, Sys 0 00:00:00  -  Run Local Usage
		Usr 0 00:00:28, Sys 0 00:00:00  -  Total Remote Usage
		Usr 0 00:00:00, Sys 0 00:00:00  -  Total Local Usage
	0  -  Run Bytes Sent By Job
	0  -  Run Bytes Received By Job
	0  -  Total Bytes Sent By Job
	0  -  Total Bytes Received By Job
	Partitionable Resources :    Usage  Request Allocated
	   Cpus                 :                 1         1
	   Disk (KB)            :        1        1  13383931
	   Memory (MB)          :       33        1      6441
...
000 (8883306.000.000) 12/04 01:00:28 Job submitted from host: <10.10.48.31:12542?addrs=10.10.48.31-12542>
...
001 (8883306.000.000) 12/04 01:00:35 Job executing on host: <10.10.48.145:26377?addrs=10.10.48.145-26377>
...
006 (8883306.000.000) 12/04 01:00:44 Image size of job updated: 184856
	32  -  MemoryUsage of job (MB)
	32080  -  ResidentSetSize of job (KB)
...
006 (8883306.000.000) 12/04 01:03:37 Image size of job updated: 191324
	32  -  MemoryUsage of job (MB)
	32080  -  ResidentSetSize of job (KB)
...
005 (8883306.000.000) 12/04 01:03:37 Job terminated.
	(1) Normal termination (return value 0)
		Usr 0 00:00:48, Sys 0 00:00:01  -  Run Remote Usage
		Usr 0 00:00:00, Sys 0 00:00:00  -  Run Local Usage
		Usr 0 00:00:48, Sys 0 00:00:01  -  Total Remote Usage
		Usr 0 00:00:00, Sys 0 00:00:00  -  Total Local Usage
	0  -  Run Bytes Sent By Job
	0  -  Run Bytes Received By Job
	0  -  Total Bytes Sent By Job
	0  -  Total Bytes Received By Job
	Partitionable Resources :    Usage  Request Allocated
	   Cpus                 :                 1         1
	   Disk (KB)            :        1        1  13384750
	   Memory (MB)          :       32        1      6441
...
