000 (8804783.000.000) 12/02 15:22:37 Job submitted from host: <10.10.48.31:12542?addrs=10.10.48.31-12542>
...
001 (8804783.000.000) 12/02 15:22:40 Job executing on host: <10.10.48.35:61041?addrs=10.10.48.35-61041>
...
006 (8804783.000.000) 12/02 15:22:48 Image size of job updated: 184892
	32  -  MemoryUsage of job (MB)
	31876  -  ResidentSetSize of job (KB)
...
006 (8804783.000.000) 12/02 15:27:48 Image size of job updated: 196048
	43  -  MemoryUsage of job (MB)
	43964  -  ResidentSetSize of job (KB)
...
006 (8804783.000.000) 12/02 15:28:32 Image size of job updated: 197728
	43  -  MemoryUsage of job (MB)
	43964  -  ResidentSetSize of job (KB)
...
005 (8804783.000.000) 12/02 15:28:32 Job terminated.
	(1) Normal termination (return value 0)
		Usr 0 00:01:54, Sys 0 00:00:03  -  Run Remote Usage
		Usr 0 00:00:00, Sys 0 00:00:00  -  Run Local Usage
		Usr 0 00:01:54, Sys 0 00:00:03  -  Total Remote Usage
		Usr 0 00:00:00, Sys 0 00:00:00  -  Total Local Usage
	0  -  Run Bytes Sent By Job
	0  -  Run Bytes Received By Job
	0  -  Total Bytes Sent By Job
	0  -  Total Bytes Received By Job
	Partitionable Resources :    Usage  Request Allocated
	   Cpus                 :                 1         1
	   Disk (KB)            :        1        1  16724635
	   Memory (MB)          :       43        1      4023
...
000 (8883287.000.000) 12/04 01:00:19 Job submitted from host: <10.10.48.31:12542?addrs=10.10.48.31-12542>
...
001 (8883287.000.000) 12/04 01:00:24 Job executing on host: <10.10.48.41:20766?addrs=10.10.48.41-20766>
...
006 (8883287.000.000) 12/04 01:00:32 Image size of job updated: 184828
	33  -  MemoryUsage of job (MB)
	33576  -  ResidentSetSize of job (KB)
...
006 (8883287.000.000) 12/04 01:01:38 Image size of job updated: 190488
	33  -  MemoryUsage of job (MB)
	33576  -  ResidentSetSize of job (KB)
...
005 (8883287.000.000) 12/04 01:01:38 Job terminated.
	(1) Normal termination (return value 0)
		Usr 0 00:00:16, Sys 0 00:00:00  -  Run Remote Usage
		Usr 0 00:00:00, Sys 0 00:00:00  -  Run Local Usage
		Usr 0 00:00:16, Sys 0 00:00:00  -  Total Remote Usage
		Usr 0 00:00:00, Sys 0 00:00:00  -  Total Local Usage
	0  -  Run Bytes Sent By Job
	0  -  Run Bytes Received By Job
	0  -  Total Bytes Sent By Job
	0  -  Total Bytes Received By Job
	Partitionable Resources :    Usage  Request Allocated
	   Cpus                 :                 1         1
	   Disk (KB)            :        1        1  16724800
	   Memory (MB)          :       33        1      4023
...
