000 (8804678.000.000) 12/02 15:19:05 Job submitted from host: <10.10.48.31:12542?addrs=10.10.48.31-12542>
...
001 (8804678.000.000) 12/02 15:19:19 Job executing on host: <10.10.48.139:49429?addrs=10.10.48.139-49429>
...
006 (8804678.000.000) 12/02 15:19:28 Image size of job updated: 181552
	29  -  MemoryUsage of job (MB)
	29224  -  ResidentSetSize of job (KB)
...
006 (8804678.000.000) 12/02 15:24:28 Image size of job updated: 191044
	40  -  MemoryUsage of job (MB)
	39976  -  ResidentSetSize of job (KB)
...
006 (8804678.000.000) 12/02 15:29:28 Image size of job updated: 192424
	41  -  MemoryUsage of job (MB)
	41472  -  ResidentSetSize of job (KB)
...
006 (8804678.000.000) 12/02 15:31:04 Image size of job updated: 192868
	41  -  MemoryUsage of job (MB)
	41472  -  ResidentSetSize of job (KB)
...
005 (8804678.000.000) 12/02 15:31:04 Job terminated.
	(1) Normal termination (return value 0)
		Usr 0 00:03:43, Sys 0 00:00:06  -  Run Remote Usage
		Usr 0 00:00:00, Sys 0 00:00:00  -  Run Local Usage
		Usr 0 00:03:43, Sys 0 00:00:06  -  Total Remote Usage
		Usr 0 00:00:00, Sys 0 00:00:00  -  Total Local Usage
	0  -  Run Bytes Sent By Job
	0  -  Run Bytes Received By Job
	0  -  Total Bytes Sent By Job
	0  -  Total Bytes Received By Job
	Partitionable Resources :    Usage  Request Allocated
	   Cpus                 :                 1         1
	   Disk (KB)            :        1        1  13383979
	   Memory (MB)          :       41        1      6441
...
000 (8882923.000.000) 12/04 00:57:28 Job submitted from host: <10.10.48.31:12542?addrs=10.10.48.31-12542>
...
001 (8882923.000.000) 12/04 00:57:46 Job executing on host: <10.10.48.35:61041?addrs=10.10.48.35-61041>
...
006 (8882923.000.000) 12/04 00:57:55 Image size of job updated: 181556
	28  -  MemoryUsage of job (MB)
	28060  -  ResidentSetSize of job (KB)
...
006 (8882923.000.000) 12/04 01:01:25 Image size of job updated: 191296
	28  -  MemoryUsage of job (MB)
	28060  -  ResidentSetSize of job (KB)
...
005 (8882923.000.000) 12/04 01:01:25 Job terminated.
	(1) Normal termination (return value 0)
		Usr 0 00:00:56, Sys 0 00:00:01  -  Run Remote Usage
		Usr 0 00:00:00, Sys 0 00:00:00  -  Run Local Usage
		Usr 0 00:00:56, Sys 0 00:00:01  -  Total Remote Usage
		Usr 0 00:00:00, Sys 0 00:00:00  -  Total Local Usage
	0  -  Run Bytes Sent By Job
	0  -  Run Bytes Received By Job
	0  -  Total Bytes Sent By Job
	0  -  Total Bytes Received By Job
	Partitionable Resources :    Usage  Request Allocated
	   Cpus                 :                 1         1
	   Disk (KB)            :        1        1  16722378
	   Memory (MB)          :       28        1      4023
...
