000 (8804772.000.000) 12/02 15:21:39 Job submitted from host: <10.10.48.31:12542?addrs=10.10.48.31-12542>
...
001 (8804772.000.000) 12/02 15:21:40 Job executing on host: <10.10.48.41:20766?addrs=10.10.48.41-20766>
...
006 (8804772.000.000) 12/02 15:21:49 Image size of job updated: 1
	2  -  MemoryUsage of job (MB)
	1816  -  ResidentSetSize of job (KB)
...
006 (8804772.000.000) 12/02 15:26:50 Image size of job updated: 194136
	42  -  MemoryUsage of job (MB)
	42816  -  ResidentSetSize of job (KB)
...
006 (8804772.000.000) 12/02 15:31:51 Image size of job updated: 206176
	55  -  MemoryUsage of job (MB)
	55348  -  ResidentSetSize of job (KB)
...
006 (8804772.000.000) 12/02 15:32:17 Image size of job updated: 207384
	55  -  MemoryUsage of job (MB)
	55348  -  ResidentSetSize of job (KB)
...
005 (8804772.000.000) 12/02 15:32:17 Job terminated.
	(1) Normal termination (return value 0)
		Usr 0 00:04:08, Sys 0 00:00:06  -  Run Remote Usage
		Usr 0 00:00:00, Sys 0 00:00:00  -  Run Local Usage
		Usr 0 00:04:08, Sys 0 00:00:06  -  Total Remote Usage
		Usr 0 00:00:00, Sys 0 00:00:00  -  Total Local Usage
	0  -  Run Bytes Sent By Job
	0  -  Run Bytes Received By Job
	0  -  Total Bytes Sent By Job
	0  -  Total Bytes Received By Job
	Partitionable Resources :    Usage  Request Allocated
	   Cpus                 :                 1         1
	   Disk (KB)            :        1        1  16725587
	   Memory (MB)          :       55        1      4023
...
000 (8883242.000.000) 12/04 00:59:53 Job submitted from host: <10.10.48.31:12542?addrs=10.10.48.31-12542>
...
001 (8883242.000.000) 12/04 00:59:56 Job executing on host: <10.10.48.41:20766?addrs=10.10.48.41-20766>
...
006 (8883242.000.000) 12/04 01:00:05 Image size of job updated: 185044
	33  -  MemoryUsage of job (MB)
	33152  -  ResidentSetSize of job (KB)
...
006 (8883242.000.000) 12/04 01:03:27 Image size of job updated: 191428
	33  -  MemoryUsage of job (MB)
	33152  -  ResidentSetSize of job (KB)
...
005 (8883242.000.000) 12/04 01:03:27 Job terminated.
	(1) Normal termination (return value 0)
		Usr 0 00:00:43, Sys 0 00:00:01  -  Run Remote Usage
		Usr 0 00:00:00, Sys 0 00:00:00  -  Run Local Usage
		Usr 0 00:00:43, Sys 0 00:00:01  -  Total Remote Usage
		Usr 0 00:00:00, Sys 0 00:00:00  -  Total Local Usage
	0  -  Run Bytes Sent By Job
	0  -  Run Bytes Received By Job
	0  -  Total Bytes Sent By Job
	0  -  Total Bytes Received By Job
	Partitionable Resources :    Usage  Request Allocated
	   Cpus                 :                 1         1
	   Disk (KB)            :        1        1  16724762
	   Memory (MB)          :       33        1      4023
...
