000 (8804764.000.000) 12/02 15:20:53 Job submitted from host: <10.10.48.31:12542?addrs=10.10.48.31-12542>
...
001 (8804764.000.000) 12/02 15:20:53 Job executing on host: <10.10.48.141:50603?addrs=10.10.48.141-50603>
...
006 (8804764.000.000) 12/02 15:21:02 Image size of job updated: 185180
	33  -  MemoryUsage of job (MB)
	33332  -  ResidentSetSize of job (KB)
...
006 (8804764.000.000) 12/02 15:26:03 Image size of job updated: 190580
	39  -  MemoryUsage of job (MB)
	39264  -  ResidentSetSize of job (KB)
...
006 (8804764.000.000) 12/02 15:28:25 Image size of job updated: 190824
	39  -  MemoryUsage of job (MB)
	39264  -  ResidentSetSize of job (KB)
...
005 (8804764.000.000) 12/02 15:28:25 Job terminated.
	(1) Normal termination (return value 0)
		Usr 0 00:01:56, Sys 0 00:00:03  -  Run Remote Usage
		Usr 0 00:00:00, Sys 0 00:00:00  -  Run Local Usage
		Usr 0 00:01:56, Sys 0 00:00:03  -  Total Remote Usage
		Usr 0 00:00:00, Sys 0 00:00:00  -  Total Local Usage
	0  -  Run Bytes Sent By Job
	0  -  Run Bytes Received By Job
	0  -  Total Bytes Sent By Job
	0  -  Total Bytes Received By Job
	Partitionable Resources :    Usage  Request Allocated
	   Cpus                 :                 1         1
	   Disk (KB)            :        1        1  13377328
	   Memory (MB)          :       39        1      6441
...
000 (8883151.000.000) 12/04 00:59:08 Job submitted from host: <10.10.48.31:12542?addrs=10.10.48.31-12542>
...
001 (8883151.000.000) 12/04 00:59:33 Job executing on host: <10.10.48.41:20766?addrs=10.10.48.41-20766>
...
006 (8883151.000.000) 12/04 00:59:41 Image size of job updated: 184852
	33  -  MemoryUsage of job (MB)
	33424  -  ResidentSetSize of job (KB)
...
006 (8883151.000.000) 12/04 01:03:08 Image size of job updated: 191308
	33  -  MemoryUsage of job (MB)
	33424  -  ResidentSetSize of job (KB)
...
005 (8883151.000.000) 12/04 01:03:08 Job terminated.
	(1) Normal termination (return value 0)
		Usr 0 00:00:43, Sys 0 00:00:01  -  Run Remote Usage
		Usr 0 00:00:00, Sys 0 00:00:00  -  Run Local Usage
		Usr 0 00:00:43, Sys 0 00:00:01  -  Total Remote Usage
		Usr 0 00:00:00, Sys 0 00:00:00  -  Total Local Usage
	0  -  Run Bytes Sent By Job
	0  -  Run Bytes Received By Job
	0  -  Total Bytes Sent By Job
	0  -  Total Bytes Received By Job
	Partitionable Resources :    Usage  Request Allocated
	   Cpus                 :                 1         1
	   Disk (KB)            :        1        1  16724762
	   Memory (MB)          :       33        1      4023
...
