000 (8804784.000.000) 12/02 15:22:41 Job submitted from host: <10.10.48.31:12542?addrs=10.10.48.31-12542>
...
001 (8804784.000.000) 12/02 15:22:48 Job executing on host: <10.10.48.35:61041?addrs=10.10.48.35-61041>
...
006 (8804784.000.000) 12/02 15:22:56 Image size of job updated: 184036
	31  -  MemoryUsage of job (MB)
	30828  -  ResidentSetSize of job (KB)
...
006 (8804784.000.000) 12/02 15:27:56 Image size of job updated: 196460
	44  -  MemoryUsage of job (MB)
	44392  -  ResidentSetSize of job (KB)
...
006 (8804784.000.000) 12/02 15:30:19 Image size of job updated: 202396
	44  -  MemoryUsage of job (MB)
	44392  -  ResidentSetSize of job (KB)
...
005 (8804784.000.000) 12/02 15:30:19 Job terminated.
	(1) Normal termination (return value 0)
		Usr 0 00:02:43, Sys 0 00:00:04  -  Run Remote Usage
		Usr 0 00:00:00, Sys 0 00:00:00  -  Run Local Usage
		Usr 0 00:02:43, Sys 0 00:00:04  -  Total Remote Usage
		Usr 0 00:00:00, Sys 0 00:00:00  -  Total Local Usage
	0  -  Run Bytes Sent By Job
	0  -  Run Bytes Received By Job
	0  -  Total Bytes Sent By Job
	0  -  Total Bytes Received By Job
	Partitionable Resources :    Usage  Request Allocated
	   Cpus                 :                 1         1
	   Disk (KB)            :        1        1  16724635
	   Memory (MB)          :       44        1      4023
...
000 (8883290.000.000) 12/04 01:00:20 Job submitted from host: <10.10.48.31:12542?addrs=10.10.48.31-12542>
...
001 (8883290.000.000) 12/04 01:00:27 Job executing on host: <10.10.48.141:50603?addrs=10.10.48.141-50603>
...
006 (8883290.000.000) 12/04 01:00:36 Image size of job updated: 185220
	32  -  MemoryUsage of job (MB)
	32552  -  ResidentSetSize of job (KB)
...
006 (8883290.000.000) 12/04 01:01:23 Image size of job updated: 190428
	32  -  MemoryUsage of job (MB)
	32552  -  ResidentSetSize of job (KB)
...
005 (8883290.000.000) 12/04 01:01:23 Job terminated.
	(1) Normal termination (return value 0)
		Usr 0 00:00:10, Sys 0 00:00:00  -  Run Remote Usage
		Usr 0 00:00:00, Sys 0 00:00:00  -  Run Local Usage
		Usr 0 00:00:10, Sys 0 00:00:00  -  Total Remote Usage
		Usr 0 00:00:00, Sys 0 00:00:00  -  Total Local Usage
	0  -  Run Bytes Sent By Job
	0  -  Run Bytes Received By Job
	0  -  Total Bytes Sent By Job
	0  -  Total Bytes Received By Job
	Partitionable Resources :    Usage  Request Allocated
	   Cpus                 :                 1         1
	   Disk (KB)            :        1        1  13375322
	   Memory (MB)          :       32        1      6441
...
