000 (8804768.000.000) 12/02 15:21:10 Job submitted from host: <10.10.48.31:12542?addrs=10.10.48.31-12542>
...
001 (8804768.000.000) 12/02 15:21:19 Job executing on host: <10.10.48.141:50603?addrs=10.10.48.141-50603>
...
006 (8804768.000.000) 12/02 15:21:28 Image size of job updated: 1
	2  -  MemoryUsage of job (MB)
	1876  -  ResidentSetSize of job (KB)
...
006 (8804768.000.000) 12/02 15:26:28 Image size of job updated: 190580
	2  -  MemoryUsage of job (MB)
	1876  -  ResidentSetSize of job (KB)
...
005 (8804768.000.000) 12/02 15:26:28 Job terminated.
	(1) Normal termination (return value 0)
		Usr 0 00:01:18, Sys 0 00:00:02  -  Run Remote Usage
		Usr 0 00:00:00, Sys 0 00:00:00  -  Run Local Usage
		Usr 0 00:01:18, Sys 0 00:00:02  -  Total Remote Usage
		Usr 0 00:00:00, Sys 0 00:00:00  -  Total Local Usage
	0  -  Run Bytes Sent By Job
	0  -  Run Bytes Received By Job
	0  -  Total Bytes Sent By Job
	0  -  Total Bytes Received By Job
	Partitionable Resources :    Usage  Request Allocated
	   Cpus                 :                 1         1
	   Disk (KB)            :        1        1  13377328
	   Memory (MB)          :        2        1      6441
...
000 (8883206.000.000) 12/04 00:59:35 Job submitted from host: <10.10.48.31:12542?addrs=10.10.48.31-12542>
...
001 (8883206.000.000) 12/04 00:59:41 Job executing on host: <10.10.48.41:20766?addrs=10.10.48.41-20766>
...
006 (8883206.000.000) 12/04 00:59:49 Image size of job updated: 184860
	32  -  MemoryUsage of job (MB)
	31992  -  ResidentSetSize of job (KB)
...
006 (8883206.000.000) 12/04 01:03:19 Image size of job updated: 191492
	32  -  MemoryUsage of job (MB)
	31992  -  ResidentSetSize of job (KB)
...
005 (8883206.000.000) 12/04 01:03:19 Job terminated.
	(1) Normal termination (return value 0)
		Usr 0 00:00:42, Sys 0 00:00:01  -  Run Remote Usage
		Usr 0 00:00:00, Sys 0 00:00:00  -  Run Local Usage
		Usr 0 00:00:42, Sys 0 00:00:01  -  Total Remote Usage
		Usr 0 00:00:00, Sys 0 00:00:00  -  Total Local Usage
	0  -  Run Bytes Sent By Job
	0  -  Run Bytes Received By Job
	0  -  Total Bytes Sent By Job
	0  -  Total Bytes Received By Job
	Partitionable Resources :    Usage  Request Allocated
	   Cpus                 :                 1         1
	   Disk (KB)            :        1        1  16724800
	   Memory (MB)          :       32        1      4023
...
