000 (8804699.000.000) 12/02 15:19:08 Job submitted from host: <10.10.48.31:12542?addrs=10.10.48.31-12542>
...
001 (8804699.000.000) 12/02 15:19:19 Job executing on host: <10.10.48.145:26377?addrs=10.10.48.145-26377>
...
006 (8804699.000.000) 12/02 15:19:28 Image size of job updated: 185124
	33  -  MemoryUsage of job (MB)
	33144  -  ResidentSetSize of job (KB)
...
006 (8804699.000.000) 12/02 15:21:33 Image size of job updated: 190444
	33  -  MemoryUsage of job (MB)
	33144  -  ResidentSetSize of job (KB)
...
005 (8804699.000.000) 12/02 15:21:33 Job terminated.
	(1) Normal termination (return value 0)
		Usr 0 00:00:25, Sys 0 00:00:00  -  Run Remote Usage
		Usr 0 00:00:00, Sys 0 00:00:00  -  Run Local Usage
		Usr 0 00:00:25, Sys 0 00:00:00  -  Total Remote Usage
		Usr 0 00:00:00, Sys 0 00:00:00  -  Total Local Usage
	0  -  Run Bytes Sent By Job
	0  -  Run Bytes Received By Job
	0  -  Total Bytes Sent By Job
	0  -  Total Bytes Received By Job
	Partitionable Resources :    Usage  Request Allocated
	   Cpus                 :                 1         1
	   Disk (KB)            :        1        1  13384545
	   Memory (MB)          :       33        1      6441
...
000 (8882952.000.000) 12/04 00:57:32 Job submitted from host: <10.10.48.31:12542?addrs=10.10.48.31-12542>
...
001 (8882952.000.000) 12/04 00:58:09 Job executing on host: <10.10.48.139:49429?addrs=10.10.48.139-49429>
...
006 (8882952.000.000) 12/04 00:58:17 Image size of job updated: 181552
	29  -  MemoryUsage of job (MB)
	29184  -  ResidentSetSize of job (KB)
...
006 (8882952.000.000) 12/04 01:03:17 Image size of job updated: 193680
	42  -  MemoryUsage of job (MB)
	42264  -  ResidentSetSize of job (KB)
...
006 (8882952.000.000) 12/04 01:03:59 Image size of job updated: 194472
	42  -  MemoryUsage of job (MB)
	42264  -  ResidentSetSize of job (KB)
...
005 (8882952.000.000) 12/04 01:03:59 Job terminated.
	(1) Normal termination (return value 0)
		Usr 0 00:01:27, Sys 0 00:00:02  -  Run Remote Usage
		Usr 0 00:00:00, Sys 0 00:00:00  -  Run Local Usage
		Usr 0 00:01:27, Sys 0 00:00:02  -  Total Remote Usage
		Usr 0 00:00:00, Sys 0 00:00:00  -  Total Local Usage
	0  -  Run Bytes Sent By Job
	0  -  Run Bytes Received By Job
	0  -  Total Bytes Sent By Job
	0  -  Total Bytes Received By Job
	Partitionable Resources :    Usage  Request Allocated
	   Cpus                 :                 1         1
	   Disk (KB)            :        1        1  13383709
	   Memory (MB)          :       42        1      6441
...
