000 (8804758.000.000) 12/02 15:20:35 Job submitted from host: <10.10.48.31:12542?addrs=10.10.48.31-12542>
...
001 (8804758.000.000) 12/02 15:20:40 Job executing on host: <10.10.48.143:50448?addrs=10.10.48.143-50448>
...
006 (8804758.000.000) 12/02 15:20:48 Image size of job updated: 1
	2  -  MemoryUsage of job (MB)
	1872  -  ResidentSetSize of job (KB)
...
006 (8804758.000.000) 12/02 15:25:48 Image size of job updated: 190564
	39  -  MemoryUsage of job (MB)
	39380  -  ResidentSetSize of job (KB)
...
005 (8804758.000.000) 12/02 15:26:18 Job terminated.
	(1) Normal termination (return value 0)
		Usr 0 00:01:15, Sys 0 00:00:01  -  Run Remote Usage
		Usr 0 00:00:00, Sys 0 00:00:00  -  Run Local Usage
		Usr 0 00:01:15, Sys 0 00:00:01  -  Total Remote Usage
		Usr 0 00:00:00, Sys 0 00:00:00  -  Total Local Usage
	0  -  Run Bytes Sent By Job
	0  -  Run Bytes Received By Job
	0  -  Total Bytes Sent By Job
	0  -  Total Bytes Received By Job
	Partitionable Resources :    Usage  Request Allocated
	   Cpus                 :                 1         1
	   Disk (KB)            :        1        1  13384535
	   Memory (MB)          :       39        1      6441
...
000 (8883145.000.000) 12/04 00:58:57 Job submitted from host: <10.10.48.31:12542?addrs=10.10.48.31-12542>
...
001 (8883145.000.000) 12/04 00:59:05 Job executing on host: <10.10.48.143:50448?addrs=10.10.48.143-50448>
...
006 (8883145.000.000) 12/04 00:59:13 Image size of job updated: 184836
	33  -  MemoryUsage of job (MB)
	33336  -  ResidentSetSize of job (KB)
...
006 (8883145.000.000) 12/04 01:02:09 Image size of job updated: 191176
	33  -  MemoryUsage of job (MB)
	33336  -  ResidentSetSize of job (KB)
...
005 (8883145.000.000) 12/04 01:02:09 Job terminated.
	(1) Normal termination (return value 0)
		Usr 0 00:00:36, Sys 0 00:00:00  -  Run Remote Usage
		Usr 0 00:00:00, Sys 0 00:00:00  -  Run Local Usage
		Usr 0 00:00:36, Sys 0 00:00:00  -  Total Remote Usage
		Usr 0 00:00:00, Sys 0 00:00:00  -  Total Local Usage
	0  -  Run Bytes Sent By Job
	0  -  Run Bytes Received By Job
	0  -  Total Bytes Sent By Job
	0  -  Total Bytes Received By Job
	Partitionable Resources :    Usage  Request Allocated
	   Cpus                 :                 1         1
	   Disk (KB)            :        1        1  13384409
	   Memory (MB)          :       33        1      6441
...
