000 (8804705.000.000) 12/02 15:19:09 Job submitted from host: <10.10.48.31:12542?addrs=10.10.48.31-12542>
...
001 (8804705.000.000) 12/02 15:19:21 Job executing on host: <10.10.48.145:26377?addrs=10.10.48.145-26377>
...
006 (8804705.000.000) 12/02 15:19:30 Image size of job updated: 185076
	32  -  MemoryUsage of job (MB)
	32112  -  ResidentSetSize of job (KB)
...
005 (8804705.000.000) 12/02 15:19:32 Job terminated.
	(1) Normal termination (return value 0)
		Usr 0 00:00:00, Sys 0 00:00:00  -  Run Remote Usage
		Usr 0 00:00:00, Sys 0 00:00:00  -  Run Local Usage
		Usr 0 00:00:00, Sys 0 00:00:00  -  Total Remote Usage
		Usr 0 00:00:00, Sys 0 00:00:00  -  Total Local Usage
	0  -  Run Bytes Sent By Job
	0  -  Run Bytes Received By Job
	0  -  Total Bytes Sent By Job
	0  -  Total Bytes Received By Job
	Partitionable Resources :    Usage  Request Allocated
	   Cpus                 :                 1         1
	   Disk (KB)            :        1        1  13384545
	   Memory (MB)          :       32        1      6441
...
000 (8882958.000.000) 12/04 00:57:33 Job submitted from host: <10.10.48.31:12542?addrs=10.10.48.31-12542>
...
001 (8882958.000.000) 12/04 00:58:09 Job executing on host: <10.10.48.139:49429?addrs=10.10.48.139-49429>
...
006 (8882958.000.000) 12/04 00:58:18 Image size of job updated: 177448
	29  -  MemoryUsage of job (MB)
	29192  -  ResidentSetSize of job (KB)
...
006 (8882958.000.000) 12/04 01:01:37 Image size of job updated: 190436
	29  -  MemoryUsage of job (MB)
	29192  -  ResidentSetSize of job (KB)
...
005 (8882958.000.000) 12/04 01:01:37 Job terminated.
	(1) Normal termination (return value 0)
		Usr 0 00:00:44, Sys 0 00:00:01  -  Run Remote Usage
		Usr 0 00:00:00, Sys 0 00:00:00  -  Run Local Usage
		Usr 0 00:00:44, Sys 0 00:00:01  -  Total Remote Usage
		Usr 0 00:00:00, Sys 0 00:00:00  -  Total Local Usage
	0  -  Run Bytes Sent By Job
	0  -  Run Bytes Received By Job
	0  -  Total Bytes Sent By Job
	0  -  Total Bytes Received By Job
	Partitionable Resources :    Usage  Request Allocated
	   Cpus                 :                 1         1
	   Disk (KB)            :        1        1  13383767
	   Memory (MB)          :       29        1      6441
...
