000 (8804667.000.000) 12/02 15:19:04 Job submitted from host: <10.10.48.31:12542?addrs=10.10.48.31-12542>
...
001 (8804667.000.000) 12/02 15:19:20 Job executing on host: <10.10.48.35:61041?addrs=10.10.48.35-61041>
...
006 (8804667.000.000) 12/02 15:19:29 Image size of job updated: 181660
	28  -  MemoryUsage of job (MB)
	27960  -  ResidentSetSize of job (KB)
...
006 (8804667.000.000) 12/02 15:24:30 Image size of job updated: 190856
	38  -  MemoryUsage of job (MB)
	38560  -  ResidentSetSize of job (KB)
...
006 (8804667.000.000) 12/02 15:29:31 Image size of job updated: 192096
	40  -  MemoryUsage of job (MB)
	40064  -  ResidentSetSize of job (KB)
...
006 (8804667.000.000) 12/02 15:32:30 Image size of job updated: 193528
	40  -  MemoryUsage of job (MB)
	40064  -  ResidentSetSize of job (KB)
...
005 (8804667.000.000) 12/02 15:32:30 Job terminated.
	(1) Normal termination (return value 0)
		Usr 0 00:05:03, Sys 0 00:00:08  -  Run Remote Usage
		Usr 0 00:00:00, Sys 0 00:00:00  -  Run Local Usage
		Usr 0 00:05:03, Sys 0 00:00:08  -  Total Remote Usage
		Usr 0 00:00:00, Sys 0 00:00:00  -  Total Local Usage
	0  -  Run Bytes Sent By Job
	0  -  Run Bytes Received By Job
	0  -  Total Bytes Sent By Job
	0  -  Total Bytes Received By Job
	Partitionable Resources :    Usage  Request Allocated
	   Cpus                 :                 1         1
	   Disk (KB)            :        1        1  16724635
	   Memory (MB)          :       40        1      4023
...
000 (8882890.000.000) 12/04 00:57:26 Job submitted from host: <10.10.48.31:12542?addrs=10.10.48.31-12542>
...
001 (8882890.000.000) 12/04 00:57:39 Job executing on host: <10.10.48.141:50603?addrs=10.10.48.141-50603>
...
006 (8882890.000.000) 12/04 00:57:47 Image size of job updated: 184980
	33  -  MemoryUsage of job (MB)
	33140  -  ResidentSetSize of job (KB)
...
006 (8882890.000.000) 12/04 01:01:23 Image size of job updated: 191316
	33  -  MemoryUsage of job (MB)
	33140  -  ResidentSetSize of job (KB)
...
005 (8882890.000.000) 12/04 01:01:23 Job terminated.
	(1) Normal termination (return value 0)
		Usr 0 00:00:52, Sys 0 00:00:01  -  Run Remote Usage
		Usr 0 00:00:00, Sys 0 00:00:00  -  Run Local Usage
		Usr 0 00:00:52, Sys 0 00:00:01  -  Total Remote Usage
		Usr 0 00:00:00, Sys 0 00:00:00  -  Total Local Usage
	0  -  Run Bytes Sent By Job
	0  -  Run Bytes Received By Job
	0  -  Total Bytes Sent By Job
	0  -  Total Bytes Received By Job
	Partitionable Resources :    Usage  Request Allocated
	   Cpus                 :                 1         1
	   Disk (KB)            :        1        1  13375338
	   Memory (MB)          :       33        1      6441
...
