000 (8804665.000.000) 12/02 15:19:03 Job submitted from host: <10.10.48.31:12542?addrs=10.10.48.31-12542>
...
001 (8804665.000.000) 12/02 15:19:20 Job executing on host: <10.10.48.35:61041?addrs=10.10.48.35-61041>
...
006 (8804665.000.000) 12/02 15:19:28 Image size of job updated: 181524
	28  -  MemoryUsage of job (MB)
	27916  -  ResidentSetSize of job (KB)
...
006 (8804665.000.000) 12/02 15:24:28 Image size of job updated: 190848
	38  -  MemoryUsage of job (MB)
	38364  -  ResidentSetSize of job (KB)
...
006 (8804665.000.000) 12/02 15:29:29 Image size of job updated: 192016
	39  -  MemoryUsage of job (MB)
	39796  -  ResidentSetSize of job (KB)
...
006 (8804665.000.000) 12/02 15:34:30 Image size of job updated: 193768
	41  -  MemoryUsage of job (MB)
	41668  -  ResidentSetSize of job (KB)
...
006 (8804665.000.000) 12/02 15:38:48 Image size of job updated: 194948
	41  -  MemoryUsage of job (MB)
	41668  -  ResidentSetSize of job (KB)
...
005 (8804665.000.000) 12/02 15:38:48 Job terminated.
	(1) Normal termination (return value 0)
		Usr 0 00:08:25, Sys 0 00:00:13  -  Run Remote Usage
		Usr 0 00:00:00, Sys 0 00:00:00  -  Run Local Usage
		Usr 0 00:08:25, Sys 0 00:00:13  -  Total Remote Usage
		Usr 0 00:00:00, Sys 0 00:00:00  -  Total Local Usage
	0  -  Run Bytes Sent By Job
	0  -  Run Bytes Received By Job
	0  -  Total Bytes Sent By Job
	0  -  Total Bytes Received By Job
	Partitionable Resources :    Usage  Request Allocated
	   Cpus                 :                 1         1
	   Disk (KB)            :        1        1  16724635
	   Memory (MB)          :       41        1      4023
...
000 (8882884.000.000) 12/04 00:57:26 Job submitted from host: <10.10.48.31:12542?addrs=10.10.48.31-12542>
...
001 (8882884.000.000) 12/04 00:57:34 Job executing on host: <10.10.48.141:50603?addrs=10.10.48.141-50603>
...
006 (8882884.000.000) 12/04 00:57:43 Image size of job updated: 184848
	32  -  MemoryUsage of job (MB)
	31908  -  ResidentSetSize of job (KB)
...
006 (8882884.000.000) 12/04 01:01:19 Image size of job updated: 191272
	32  -  MemoryUsage of job (MB)
	31908  -  ResidentSetSize of job (KB)
...
005 (8882884.000.000) 12/04 01:01:19 Job terminated.
	(1) Normal termination (return value 0)
		Usr 0 00:00:47, Sys 0 00:00:01  -  Run Remote Usage
		Usr 0 00:00:00, Sys 0 00:00:00  -  Run Local Usage
		Usr 0 00:00:47, Sys 0 00:00:01  -  Total Remote Usage
		Usr 0 00:00:00, Sys 0 00:00:00  -  Total Local Usage
	0  -  Run Bytes Sent By Job
	0  -  Run Bytes Received By Job
	0  -  Total Bytes Sent By Job
	0  -  Total Bytes Received By Job
	Partitionable Resources :    Usage  Request Allocated
	   Cpus                 :                 1         1
	   Disk (KB)            :        1        1  13375322
	   Memory (MB)          :       32        1      6441
...
