000 (8804750.000.000) 12/02 15:20:16 Job submitted from host: <10.10.48.31:12542?addrs=10.10.48.31-12542>
...
001 (8804750.000.000) 12/02 15:20:19 Job executing on host: <10.10.48.41:20766?addrs=10.10.48.41-20766>
...
006 (8804750.000.000) 12/02 15:20:27 Image size of job updated: 184960
	32  -  MemoryUsage of job (MB)
	32048  -  ResidentSetSize of job (KB)
...
006 (8804750.000.000) 12/02 15:21:39 Image size of job updated: 190320
	32  -  MemoryUsage of job (MB)
	32048  -  ResidentSetSize of job (KB)
...
005 (8804750.000.000) 12/02 15:21:39 Job terminated.
	(1) Normal termination (return value 0)
		Usr 0 00:00:21, Sys 0 00:00:00  -  Run Remote Usage
		Usr 0 00:00:00, Sys 0 00:00:00  -  Run Local Usage
		Usr 0 00:00:21, Sys 0 00:00:00  -  Total Remote Usage
		Usr 0 00:00:00, Sys 0 00:00:00  -  Total Local Usage
	0  -  Run Bytes Sent By Job
	0  -  Run Bytes Received By Job
	0  -  Total Bytes Sent By Job
	0  -  Total Bytes Received By Job
	Partitionable Resources :    Usage  Request Allocated
	   Cpus                 :                 1         1
	   Disk (KB)            :        1        1  16725587
	   Memory (MB)          :       32        1      4023
...
000 (8883086.000.000) 12/04 00:58:37 Job submitted from host: <10.10.48.31:12542?addrs=10.10.48.31-12542>
...
001 (8883086.000.000) 12/04 00:58:43 Job executing on host: <10.10.48.145:26377?addrs=10.10.48.145-26377>
...
006 (8883086.000.000) 12/04 00:58:52 Image size of job updated: 184924
	33  -  MemoryUsage of job (MB)
	33324  -  ResidentSetSize of job (KB)
...
006 (8883086.000.000) 12/04 01:03:53 Image size of job updated: 194748
	43  -  MemoryUsage of job (MB)
	43552  -  ResidentSetSize of job (KB)
...
006 (8883086.000.000) 12/04 01:06:31 Image size of job updated: 200604
	43  -  MemoryUsage of job (MB)
	43552  -  ResidentSetSize of job (KB)
...
005 (8883086.000.000) 12/04 01:06:31 Job terminated.
	(1) Normal termination (return value 0)
		Usr 0 00:02:26, Sys 0 00:00:04  -  Run Remote Usage
		Usr 0 00:00:00, Sys 0 00:00:00  -  Run Local Usage
		Usr 0 00:02:26, Sys 0 00:00:04  -  Total Remote Usage
		Usr 0 00:00:00, Sys 0 00:00:00  -  Total Local Usage
	0  -  Run Bytes Sent By Job
	0  -  Run Bytes Received By Job
	0  -  Total Bytes Sent By Job
	0  -  Total Bytes Received By Job
	Partitionable Resources :    Usage  Request Allocated
	   Cpus                 :                 1         1
	   Disk (KB)            :        1        1  13384792
	   Memory (MB)          :       43        1      6441
...
