000 (8804763.000.000) 12/02 15:20:48 Job submitted from host: <10.10.48.31:12542?addrs=10.10.48.31-12542>
...
001 (8804763.000.000) 12/02 15:20:52 Job executing on host: <10.10.48.141:50603?addrs=10.10.48.141-50603>
...
006 (8804763.000.000) 12/02 15:21:00 Image size of job updated: 185008
	32  -  MemoryUsage of job (MB)
	32108  -  ResidentSetSize of job (KB)
...
006 (8804763.000.000) 12/02 15:26:00 Image size of job updated: 190396
	37  -  MemoryUsage of job (MB)
	37692  -  ResidentSetSize of job (KB)
...
006 (8804763.000.000) 12/02 15:26:39 Image size of job updated: 190408
	37  -  MemoryUsage of job (MB)
	37692  -  ResidentSetSize of job (KB)
...
005 (8804763.000.000) 12/02 15:26:39 Job terminated.
	(1) Normal termination (return value 0)
		Usr 0 00:01:28, Sys 0 00:00:02  -  Run Remote Usage
		Usr 0 00:00:00, Sys 0 00:00:00  -  Run Local Usage
		Usr 0 00:01:28, Sys 0 00:00:02  -  Total Remote Usage
		Usr 0 00:00:00, Sys 0 00:00:00  -  Total Local Usage
	0  -  Run Bytes Sent By Job
	0  -  Run Bytes Received By Job
	0  -  Total Bytes Sent By Job
	0  -  Total Bytes Received By Job
	Partitionable Resources :    Usage  Request Allocated
	   Cpus                 :                 1         1
	   Disk (KB)            :        1        1  13377328
	   Memory (MB)          :       37        1      6441
...
000 (8883150.000.000) 12/04 00:59:06 Job submitted from host: <10.10.48.31:12542?addrs=10.10.48.31-12542>
...
001 (8883150.000.000) 12/04 00:59:31 Job executing on host: <10.10.48.141:50603?addrs=10.10.48.141-50603>
...
006 (8883150.000.000) 12/04 00:59:39 Image size of job updated: 184884
	32  -  MemoryUsage of job (MB)
	31888  -  ResidentSetSize of job (KB)
...
006 (8883150.000.000) 12/04 01:03:52 Image size of job updated: 191304
	32  -  MemoryUsage of job (MB)
	31888  -  ResidentSetSize of job (KB)
...
005 (8883150.000.000) 12/04 01:03:52 Job terminated.
	(1) Normal termination (return value 0)
		Usr 0 00:01:11, Sys 0 00:00:01  -  Run Remote Usage
		Usr 0 00:00:00, Sys 0 00:00:00  -  Run Local Usage
		Usr 0 00:01:11, Sys 0 00:00:01  -  Total Remote Usage
		Usr 0 00:00:00, Sys 0 00:00:00  -  Total Local Usage
	0  -  Run Bytes Sent By Job
	0  -  Run Bytes Received By Job
	0  -  Total Bytes Sent By Job
	0  -  Total Bytes Received By Job
	Partitionable Resources :    Usage  Request Allocated
	   Cpus                 :                 1         1
	   Disk (KB)            :        1        1  13375338
	   Memory (MB)          :       32        1      6441
...
