000 (8804682.000.000) 12/02 15:19:06 Job submitted from host: <10.10.48.31:12542?addrs=10.10.48.31-12542>
...
001 (8804682.000.000) 12/02 15:19:20 Job executing on host: <10.10.48.139:49429?addrs=10.10.48.139-49429>
...
006 (8804682.000.000) 12/02 15:19:29 Image size of job updated: 184892
	32  -  MemoryUsage of job (MB)
	31948  -  ResidentSetSize of job (KB)
...
006 (8804682.000.000) 12/02 15:24:30 Image size of job updated: 190904
	38  -  MemoryUsage of job (MB)
	38812  -  ResidentSetSize of job (KB)
...
006 (8804682.000.000) 12/02 15:27:44 Image size of job updated: 191528
	38  -  MemoryUsage of job (MB)
	38812  -  ResidentSetSize of job (KB)
...
005 (8804682.000.000) 12/02 15:27:44 Job terminated.
	(1) Normal termination (return value 0)
		Usr 0 00:02:03, Sys 0 00:00:03  -  Run Remote Usage
		Usr 0 00:00:00, Sys 0 00:00:00  -  Run Local Usage
		Usr 0 00:02:03, Sys 0 00:00:03  -  Total Remote Usage
		Usr 0 00:00:00, Sys 0 00:00:00  -  Total Local Usage
	0  -  Run Bytes Sent By Job
	0  -  Run Bytes Received By Job
	0  -  Total Bytes Sent By Job
	0  -  Total Bytes Received By Job
	Partitionable Resources :    Usage  Request Allocated
	   Cpus                 :                 1         1
	   Disk (KB)            :        1        1  13383979
	   Memory (MB)          :       38        1      6441
...
000 (8882935.000.000) 12/04 00:57:28 Job submitted from host: <10.10.48.31:12542?addrs=10.10.48.31-12542>
...
001 (8882935.000.000) 12/04 00:57:47 Job executing on host: <10.10.48.35:61041?addrs=10.10.48.35-61041>
...
006 (8882935.000.000) 12/04 00:57:56 Image size of job updated: 184848
	33  -  MemoryUsage of job (MB)
	33136  -  ResidentSetSize of job (KB)
...
006 (8882935.000.000) 12/04 01:00:02 Image size of job updated: 191012
	33  -  MemoryUsage of job (MB)
	33136  -  ResidentSetSize of job (KB)
...
005 (8882935.000.000) 12/04 01:00:02 Job terminated.
	(1) Normal termination (return value 0)
		Usr 0 00:00:38, Sys 0 00:00:01  -  Run Remote Usage
		Usr 0 00:00:00, Sys 0 00:00:00  -  Run Local Usage
		Usr 0 00:00:38, Sys 0 00:00:01  -  Total Remote Usage
		Usr 0 00:00:00, Sys 0 00:00:00  -  Total Local Usage
	0  -  Run Bytes Sent By Job
	0  -  Run Bytes Received By Job
	0  -  Total Bytes Sent By Job
	0  -  Total Bytes Received By Job
	Partitionable Resources :    Usage  Request Allocated
	   Cpus                 :                 1         1
	   Disk (KB)            :        1        1  16722433
	   Memory (MB)          :       33        1      4023
...
