000 (8804688.000.000) 12/02 15:19:06 Job submitted from host: <10.10.48.31:12542?addrs=10.10.48.31-12542>
...
001 (8804688.000.000) 12/02 15:19:21 Job executing on host: <10.10.48.139:49429?addrs=10.10.48.139-49429>
...
006 (8804688.000.000) 12/02 15:19:30 Image size of job updated: 177448
	29  -  MemoryUsage of job (MB)
	29392  -  ResidentSetSize of job (KB)
...
006 (8804688.000.000) 12/02 15:24:31 Image size of job updated: 190856
	39  -  MemoryUsage of job (MB)
	39852  -  ResidentSetSize of job (KB)
...
006 (8804688.000.000) 12/02 15:28:56 Image size of job updated: 191872
	39  -  MemoryUsage of job (MB)
	39852  -  ResidentSetSize of job (KB)
...
005 (8804688.000.000) 12/02 15:28:56 Job terminated.
	(1) Normal termination (return value 0)
		Usr 0 00:02:44, Sys 0 00:00:04  -  Run Remote Usage
		Usr 0 00:00:00, Sys 0 00:00:00  -  Run Local Usage
		Usr 0 00:02:44, Sys 0 00:00:04  -  Total Remote Usage
		Usr 0 00:00:00, Sys 0 00:00:00  -  Total Local Usage
	0  -  Run Bytes Sent By Job
	0  -  Run Bytes Received By Job
	0  -  Total Bytes Sent By Job
	0  -  Total Bytes Received By Job
	Partitionable Resources :    Usage  Request Allocated
	   Cpus                 :                 1         1
	   Disk (KB)            :        1        1  13383979
	   Memory (MB)          :       39        1      6441
...
000 (8882941.000.000) 12/04 00:57:29 Job submitted from host: <10.10.48.31:12542?addrs=10.10.48.31-12542>
...
001 (8882941.000.000) 12/04 00:57:46 Job executing on host: <10.10.48.35:61041?addrs=10.10.48.35-61041>
...
006 (8882941.000.000) 12/04 00:57:54 Image size of job updated: 181556
	29  -  MemoryUsage of job (MB)
	29236  -  ResidentSetSize of job (KB)
...
006 (8882941.000.000) 12/04 01:00:08 Image size of job updated: 190948
	29  -  MemoryUsage of job (MB)
	29236  -  ResidentSetSize of job (KB)
...
005 (8882941.000.000) 12/04 01:00:08 Job terminated.
	(1) Normal termination (return value 0)
		Usr 0 00:00:39, Sys 0 00:00:01  -  Run Remote Usage
		Usr 0 00:00:00, Sys 0 00:00:00  -  Run Local Usage
		Usr 0 00:00:39, Sys 0 00:00:01  -  Total Remote Usage
		Usr 0 00:00:00, Sys 0 00:00:00  -  Total Local Usage
	0  -  Run Bytes Sent By Job
	0  -  Run Bytes Received By Job
	0  -  Total Bytes Sent By Job
	0  -  Total Bytes Received By Job
	Partitionable Resources :    Usage  Request Allocated
	   Cpus                 :                 1         1
	   Disk (KB)            :        1        1  16722477
	   Memory (MB)          :       29        1      4023
...
