000 (8804727.000.000) 12/02 15:19:33 Job submitted from host: <10.10.48.31:12542?addrs=10.10.48.31-12542>
...
001 (8804727.000.000) 12/02 15:19:35 Job executing on host: <10.10.48.41:20766?addrs=10.10.48.41-20766>
...
006 (8804727.000.000) 12/02 15:19:44 Image size of job updated: 1
	2  -  MemoryUsage of job (MB)
	1816  -  ResidentSetSize of job (KB)
...
006 (8804727.000.000) 12/02 15:21:40 Image size of job updated: 191036
	2  -  MemoryUsage of job (MB)
	1816  -  ResidentSetSize of job (KB)
...
005 (8804727.000.000) 12/02 15:21:40 Job terminated.
	(1) Normal termination (return value 0)
		Usr 0 00:00:27, Sys 0 00:00:00  -  Run Remote Usage
		Usr 0 00:00:00, Sys 0 00:00:00  -  Run Local Usage
		Usr 0 00:00:27, Sys 0 00:00:00  -  Total Remote Usage
		Usr 0 00:00:00, Sys 0 00:00:00  -  Total Local Usage
	0  -  Run Bytes Sent By Job
	0  -  Run Bytes Received By Job
	0  -  Total Bytes Sent By Job
	0  -  Total Bytes Received By Job
	Partitionable Resources :    Usage  Request Allocated
	   Cpus                 :                 1         1
	   Disk (KB)            :        1        1  16725587
	   Memory (MB)          :        2        1      4023
...
000 (8882980.000.000) 12/04 00:57:36 Job submitted from host: <10.10.48.31:12542?addrs=10.10.48.31-12542>
...
001 (8882980.000.000) 12/04 00:58:10 Job executing on host: <10.10.48.145:26377?addrs=10.10.48.145-26377>
...
006 (8882980.000.000) 12/04 00:58:18 Image size of job updated: 177452
	28  -  MemoryUsage of job (MB)
	27856  -  ResidentSetSize of job (KB)
...
006 (8882980.000.000) 12/04 01:03:18 Image size of job updated: 193008
	40  -  MemoryUsage of job (MB)
	40324  -  ResidentSetSize of job (KB)
...
006 (8882980.000.000) 12/04 01:08:19 Image size of job updated: 202092
	49  -  MemoryUsage of job (MB)
	49424  -  ResidentSetSize of job (KB)
...
006 (8882980.000.000) 12/04 01:08:40 Image size of job updated: 202848
	49  -  MemoryUsage of job (MB)
	49424  -  ResidentSetSize of job (KB)
...
005 (8882980.000.000) 12/04 01:08:40 Job terminated.
	(1) Normal termination (return value 0)
		Usr 0 00:03:31, Sys 0 00:00:05  -  Run Remote Usage
		Usr 0 00:00:00, Sys 0 00:00:00  -  Run Local Usage
		Usr 0 00:03:31, Sys 0 00:00:05  -  Total Remote Usage
		Usr 0 00:00:00, Sys 0 00:00:00  -  Total Local Usage
	0  -  Run Bytes Sent By Job
	0  -  Run Bytes Received By Job
	0  -  Total Bytes Sent By Job
	0  -  Total Bytes Received By Job
	Partitionable Resources :    Usage  Request Allocated
	   Cpus                 :                 1         1
	   Disk (KB)            :        1        1  13384734
	   Memory (MB)          :       49        1      6441
...
