000 (8804673.000.000) 12/02 15:19:04 Job submitted from host: <10.10.48.31:12542?addrs=10.10.48.31-12542>
...
001 (8804673.000.000) 12/02 15:19:21 Job executing on host: <10.10.48.35:61041?addrs=10.10.48.35-61041>
...
006 (8804673.000.000) 12/02 15:19:30 Image size of job updated: 189716
	36  -  MemoryUsage of job (MB)
	36172  -  ResidentSetSize of job (KB)
...
006 (8804673.000.000) 12/02 15:20:12 Image size of job updated: 190488
	36  -  MemoryUsage of job (MB)
	36172  -  ResidentSetSize of job (KB)
...
005 (8804673.000.000) 12/02 15:20:12 Job terminated.
	(1) Normal termination (return value 0)
		Usr 0 00:00:10, Sys 0 00:00:00  -  Run Remote Usage
		Usr 0 00:00:00, Sys 0 00:00:00  -  Run Local Usage
		Usr 0 00:00:10, Sys 0 00:00:00  -  Total Remote Usage
		Usr 0 00:00:00, Sys 0 00:00:00  -  Total Local Usage
	0  -  Run Bytes Sent By Job
	0  -  Run Bytes Received By Job
	0  -  Total Bytes Sent By Job
	0  -  Total Bytes Received By Job
	Partitionable Resources :    Usage  Request Allocated
	   Cpus                 :                 1         1
	   Disk (KB)            :        1        1  16724635
	   Memory (MB)          :       36        1      4023
...
000 (8882908.000.000) 12/04 00:57:27 Job submitted from host: <10.10.48.31:12542?addrs=10.10.48.31-12542>
...
001 (8882908.000.000) 12/04 00:57:45 Job executing on host: <10.10.48.35:61041?addrs=10.10.48.35-61041>
...
006 (8882908.000.000) 12/04 00:57:54 Image size of job updated: 182672
	30  -  MemoryUsage of job (MB)
	30280  -  ResidentSetSize of job (KB)
...
006 (8882908.000.000) 12/04 01:00:37 Image size of job updated: 191020
	30  -  MemoryUsage of job (MB)
	30280  -  ResidentSetSize of job (KB)
...
005 (8882908.000.000) 12/04 01:00:37 Job terminated.
	(1) Normal termination (return value 0)
		Usr 0 00:00:42, Sys 0 00:00:01  -  Run Remote Usage
		Usr 0 00:00:00, Sys 0 00:00:00  -  Run Local Usage
		Usr 0 00:00:42, Sys 0 00:00:01  -  Total Remote Usage
		Usr 0 00:00:00, Sys 0 00:00:00  -  Total Local Usage
	0  -  Run Bytes Sent By Job
	0  -  Run Bytes Received By Job
	0  -  Total Bytes Sent By Job
	0  -  Total Bytes Received By Job
	Partitionable Resources :    Usage  Request Allocated
	   Cpus                 :                 1         1
	   Disk (KB)            :        1        1  16722433
	   Memory (MB)          :       30        1      4023
...
