000 (8804739.000.000) 12/02 15:19:54 Job submitted from host: <10.10.48.31:12542?addrs=10.10.48.31-12542>
...
001 (8804739.000.000) 12/02 15:20:00 Job executing on host: <10.10.48.143:50448?addrs=10.10.48.143-50448>
...
006 (8804739.000.000) 12/02 15:20:08 Image size of job updated: 184888
	33  -  MemoryUsage of job (MB)
	33316  -  ResidentSetSize of job (KB)
...
006 (8804739.000.000) 12/02 15:25:08 Image size of job updated: 191952
	40  -  MemoryUsage of job (MB)
	40748  -  ResidentSetSize of job (KB)
...
006 (8804739.000.000) 12/02 15:27:25 Image size of job updated: 193288
	40  -  MemoryUsage of job (MB)
	40748  -  ResidentSetSize of job (KB)
...
005 (8804739.000.000) 12/02 15:27:25 Job terminated.
	(1) Normal termination (return value 0)
		Usr 0 00:01:37, Sys 0 00:00:02  -  Run Remote Usage
		Usr 0 00:00:00, Sys 0 00:00:00  -  Run Local Usage
		Usr 0 00:01:37, Sys 0 00:00:02  -  Total Remote Usage
		Usr 0 00:00:00, Sys 0 00:00:00  -  Total Local Usage
	0  -  Run Bytes Sent By Job
	0  -  Run Bytes Received By Job
	0  -  Total Bytes Sent By Job
	0  -  Total Bytes Received By Job
	Partitionable Resources :    Usage  Request Allocated
	   Cpus                 :                 1         1
	   Disk (KB)            :        1        1  13384535
	   Memory (MB)          :       40        1      6441
...
000 (8882992.000.000) 12/04 00:57:56 Job submitted from host: <10.10.48.31:12542?addrs=10.10.48.31-12542>
...
001 (8882992.000.000) 12/04 00:58:09 Job executing on host: <10.10.48.43:4900?addrs=10.10.48.43-4900>
...
006 (8882992.000.000) 12/04 00:58:18 Image size of job updated: 185160
	33  -  MemoryUsage of job (MB)
	33664  -  ResidentSetSize of job (KB)
...
006 (8882992.000.000) 12/04 01:02:55 Image size of job updated: 191660
	33  -  MemoryUsage of job (MB)
	33664  -  ResidentSetSize of job (KB)
...
005 (8882992.000.000) 12/04 01:02:55 Job terminated.
	(1) Normal termination (return value 0)
		Usr 0 00:00:58, Sys 0 00:00:01  -  Run Remote Usage
		Usr 0 00:00:00, Sys 0 00:00:00  -  Run Local Usage
		Usr 0 00:00:58, Sys 0 00:00:01  -  Total Remote Usage
		Usr 0 00:00:00, Sys 0 00:00:00  -  Total Local Usage
	0  -  Run Bytes Sent By Job
	0  -  Run Bytes Received By Job
	0  -  Total Bytes Sent By Job
	0  -  Total Bytes Received By Job
	Partitionable Resources :    Usage  Request Allocated
	   Cpus                 :                 1         1
	   Disk (KB)            :        1        1  16728447
	   Memory (MB)          :       33        1      4023
...
