000 (8804689.000.000) 12/02 15:19:07 Job submitted from host: <10.10.48.31:12542?addrs=10.10.48.31-12542>
...
001 (8804689.000.000) 12/02 15:19:21 Job executing on host: <10.10.48.139:49429?addrs=10.10.48.139-49429>
...
006 (8804689.000.000) 12/02 15:19:30 Image size of job updated: 177448
	29  -  MemoryUsage of job (MB)
	29544  -  ResidentSetSize of job (KB)
...
006 (8804689.000.000) 12/02 15:24:17 Image size of job updated: 190664
	29  -  MemoryUsage of job (MB)
	29544  -  ResidentSetSize of job (KB)
...
005 (8804689.000.000) 12/02 15:24:17 Job terminated.
	(1) Normal termination (return value 0)
		Usr 0 00:00:55, Sys 0 00:00:01  -  Run Remote Usage
		Usr 0 00:00:00, Sys 0 00:00:00  -  Run Local Usage
		Usr 0 00:00:55, Sys 0 00:00:01  -  Total Remote Usage
		Usr 0 00:00:00, Sys 0 00:00:00  -  Total Local Usage
	0  -  Run Bytes Sent By Job
	0  -  Run Bytes Received By Job
	0  -  Total Bytes Sent By Job
	0  -  Total Bytes Received By Job
	Partitionable Resources :    Usage  Request Allocated
	   Cpus                 :                 1         1
	   Disk (KB)            :        1        1  13383979
	   Memory (MB)          :       29        1      6441
...
000 (8882942.000.000) 12/04 00:57:31 Job submitted from host: <10.10.48.31:12542?addrs=10.10.48.31-12542>
...
001 (8882942.000.000) 12/04 00:57:49 Job executing on host: <10.10.48.141:50603?addrs=10.10.48.141-50603>
...
006 (8882942.000.000) 12/04 00:57:58 Image size of job updated: 184848
	33  -  MemoryUsage of job (MB)
	33216  -  ResidentSetSize of job (KB)
...
006 (8882942.000.000) 12/04 01:01:10 Image size of job updated: 191296
	33  -  MemoryUsage of job (MB)
	33216  -  ResidentSetSize of job (KB)
...
005 (8882942.000.000) 12/04 01:01:10 Job terminated.
	(1) Normal termination (return value 0)
		Usr 0 00:00:45, Sys 0 00:00:01  -  Run Remote Usage
		Usr 0 00:00:00, Sys 0 00:00:00  -  Run Local Usage
		Usr 0 00:00:45, Sys 0 00:00:01  -  Total Remote Usage
		Usr 0 00:00:00, Sys 0 00:00:00  -  Total Local Usage
	0  -  Run Bytes Sent By Job
	0  -  Run Bytes Received By Job
	0  -  Total Bytes Sent By Job
	0  -  Total Bytes Received By Job
	Partitionable Resources :    Usage  Request Allocated
	   Cpus                 :                 1         1
	   Disk (KB)            :        1        1  13375322
	   Memory (MB)          :       33        1      6441
...
