000 (8804747.000.000) 12/02 15:20:11 Job submitted from host: <10.10.48.31:12542?addrs=10.10.48.31-12542>
...
001 (8804747.000.000) 12/02 15:20:15 Job executing on host: <10.10.48.145:26377?addrs=10.10.48.145-26377>
...
006 (8804747.000.000) 12/02 15:20:24 Image size of job updated: 185176
	33  -  MemoryUsage of job (MB)
	33164  -  ResidentSetSize of job (KB)
...
006 (8804747.000.000) 12/02 15:24:31 Image size of job updated: 191972
	33  -  MemoryUsage of job (MB)
	33164  -  ResidentSetSize of job (KB)
...
005 (8804747.000.000) 12/02 15:24:31 Job terminated.
	(1) Normal termination (return value 0)
		Usr 0 00:00:53, Sys 0 00:00:01  -  Run Remote Usage
		Usr 0 00:00:00, Sys 0 00:00:00  -  Run Local Usage
		Usr 0 00:00:53, Sys 0 00:00:01  -  Total Remote Usage
		Usr 0 00:00:00, Sys 0 00:00:00  -  Total Local Usage
	0  -  Run Bytes Sent By Job
	0  -  Run Bytes Received By Job
	0  -  Total Bytes Sent By Job
	0  -  Total Bytes Received By Job
	Partitionable Resources :    Usage  Request Allocated
	   Cpus                 :                 1         1
	   Disk (KB)            :        1        1  13384545
	   Memory (MB)          :       33        1      6441
...
000 (8883083.000.000) 12/04 00:58:32 Job submitted from host: <10.10.48.31:12542?addrs=10.10.48.31-12542>
...
001 (8883083.000.000) 12/04 00:58:40 Job executing on host: <10.10.48.141:50603?addrs=10.10.48.141-50603>
...
006 (8883083.000.000) 12/04 00:58:48 Image size of job updated: 184952
	33  -  MemoryUsage of job (MB)
	33276  -  ResidentSetSize of job (KB)
...
006 (8883083.000.000) 12/04 00:59:09 Image size of job updated: 190116
	33  -  MemoryUsage of job (MB)
	33276  -  ResidentSetSize of job (KB)
...
005 (8883083.000.000) 12/04 00:59:09 Job terminated.
	(1) Normal termination (return value 0)
		Usr 0 00:00:04, Sys 0 00:00:00  -  Run Remote Usage
		Usr 0 00:00:00, Sys 0 00:00:00  -  Run Local Usage
		Usr 0 00:00:04, Sys 0 00:00:00  -  Total Remote Usage
		Usr 0 00:00:00, Sys 0 00:00:00  -  Total Local Usage
	0  -  Run Bytes Sent By Job
	0  -  Run Bytes Received By Job
	0  -  Total Bytes Sent By Job
	0  -  Total Bytes Received By Job
	Partitionable Resources :    Usage  Request Allocated
	   Cpus                 :                 1         1
	   Disk (KB)            :        1        1  13375371
	   Memory (MB)          :       33        1      6441
...
