000 (8804672.000.000) 12/02 15:19:04 Job submitted from host: <10.10.48.31:12542?addrs=10.10.48.31-12542>
...
001 (8804672.000.000) 12/02 15:19:21 Job executing on host: <10.10.48.35:61041?addrs=10.10.48.35-61041>
...
006 (8804672.000.000) 12/02 15:19:30 Image size of job updated: 184872
	33  -  MemoryUsage of job (MB)
	33172  -  ResidentSetSize of job (KB)
...
006 (8804672.000.000) 12/02 15:24:31 Image size of job updated: 191032
	40  -  MemoryUsage of job (MB)
	40124  -  ResidentSetSize of job (KB)
...
006 (8804672.000.000) 12/02 15:25:49 Image size of job updated: 191260
	40  -  MemoryUsage of job (MB)
	40124  -  ResidentSetSize of job (KB)
...
005 (8804672.000.000) 12/02 15:25:49 Job terminated.
	(1) Normal termination (return value 0)
		Usr 0 00:01:36, Sys 0 00:00:02  -  Run Remote Usage
		Usr 0 00:00:00, Sys 0 00:00:00  -  Run Local Usage
		Usr 0 00:01:36, Sys 0 00:00:02  -  Total Remote Usage
		Usr 0 00:00:00, Sys 0 00:00:00  -  Total Local Usage
	0  -  Run Bytes Sent By Job
	0  -  Run Bytes Received By Job
	0  -  Total Bytes Sent By Job
	0  -  Total Bytes Received By Job
	Partitionable Resources :    Usage  Request Allocated
	   Cpus                 :                 1         1
	   Disk (KB)            :        1        1  16724635
	   Memory (MB)          :       40        1      4023
...
000 (8882905.000.000) 12/04 00:57:27 Job submitted from host: <10.10.48.31:12542?addrs=10.10.48.31-12542>
...
001 (8882905.000.000) 12/04 00:57:46 Job executing on host: <10.10.48.141:50603?addrs=10.10.48.141-50603>
...
006 (8882905.000.000) 12/04 00:57:51 Image size of job updated: 190136
	0  -  MemoryUsage of job (MB)
	0  -  ResidentSetSize of job (KB)
...
005 (8882905.000.000) 12/04 00:57:51 Job terminated.
	(1) Normal termination (return value 0)
		Usr 0 00:00:01, Sys 0 00:00:00  -  Run Remote Usage
		Usr 0 00:00:00, Sys 0 00:00:00  -  Run Local Usage
		Usr 0 00:00:01, Sys 0 00:00:00  -  Total Remote Usage
		Usr 0 00:00:00, Sys 0 00:00:00  -  Total Local Usage
	0  -  Run Bytes Sent By Job
	0  -  Run Bytes Received By Job
	0  -  Total Bytes Sent By Job
	0  -  Total Bytes Received By Job
	Partitionable Resources :    Usage  Request Allocated
	   Cpus                 :                 1         1
	   Disk (KB)            :        1        1  13375371
	   Memory (MB)          :        0        1      6441
...
