000 (8804711.000.000) 12/02 15:19:10 Job submitted from host: <10.10.48.31:12542?addrs=10.10.48.31-12542>
...
001 (8804711.000.000) 12/02 15:19:22 Job executing on host: <10.10.48.145:26377?addrs=10.10.48.145-26377>
...
006 (8804711.000.000) 12/02 15:19:31 Image size of job updated: 177448
	29  -  MemoryUsage of job (MB)
	29196  -  ResidentSetSize of job (KB)
...
006 (8804711.000.000) 12/02 15:24:32 Image size of job updated: 191920
	40  -  MemoryUsage of job (MB)
	40576  -  ResidentSetSize of job (KB)
...
006 (8804711.000.000) 12/02 15:28:17 Image size of job updated: 195444
	40  -  MemoryUsage of job (MB)
	40576  -  ResidentSetSize of job (KB)
...
005 (8804711.000.000) 12/02 15:28:17 Job terminated.
	(1) Normal termination (return value 0)
		Usr 0 00:02:13, Sys 0 00:00:03  -  Run Remote Usage
		Usr 0 00:00:00, Sys 0 00:00:00  -  Run Local Usage
		Usr 0 00:02:13, Sys 0 00:00:03  -  Total Remote Usage
		Usr 0 00:00:00, Sys 0 00:00:00  -  Total Local Usage
	0  -  Run Bytes Sent By Job
	0  -  Run Bytes Received By Job
	0  -  Total Bytes Sent By Job
	0  -  Total Bytes Received By Job
	Partitionable Resources :    Usage  Request Allocated
	   Cpus                 :                 1         1
	   Disk (KB)            :        1        1  13384545
	   Memory (MB)          :       40        1      6441
...
000 (8882964.000.000) 12/04 00:57:34 Job submitted from host: <10.10.48.31:12542?addrs=10.10.48.31-12542>
...
001 (8882964.000.000) 12/04 00:58:10 Job executing on host: <10.10.48.139:49429?addrs=10.10.48.139-49429>
...
006 (8882964.000.000) 12/04 00:58:19 Image size of job updated: 115728
	17  -  MemoryUsage of job (MB)
	17396  -  ResidentSetSize of job (KB)
...
006 (8882964.000.000) 12/04 01:03:20 Image size of job updated: 193784
	41  -  MemoryUsage of job (MB)
	41524  -  ResidentSetSize of job (KB)
...
006 (8882964.000.000) 12/04 01:05:26 Image size of job updated: 196932
	41  -  MemoryUsage of job (MB)
	41524  -  ResidentSetSize of job (KB)
...
005 (8882964.000.000) 12/04 01:05:26 Job terminated.
	(1) Normal termination (return value 0)
		Usr 0 00:02:19, Sys 0 00:00:03  -  Run Remote Usage
		Usr 0 00:00:00, Sys 0 00:00:00  -  Run Local Usage
		Usr 0 00:02:19, Sys 0 00:00:03  -  Total Remote Usage
		Usr 0 00:00:00, Sys 0 00:00:00  -  Total Local Usage
	0  -  Run Bytes Sent By Job
	0  -  Run Bytes Received By Job
	0  -  Total Bytes Sent By Job
	0  -  Total Bytes Received By Job
	Partitionable Resources :    Usage  Request Allocated
	   Cpus                 :                 1         1
	   Disk (KB)            :        1        1  13383767
	   Memory (MB)          :       41        1      6441
...
