000 (8804685.000.000) 12/02 15:19:06 Job submitted from host: <10.10.48.31:12542?addrs=10.10.48.31-12542>
...
001 (8804685.000.000) 12/02 15:19:21 Job executing on host: <10.10.48.139:49429?addrs=10.10.48.139-49429>
...
006 (8804685.000.000) 12/02 15:19:29 Image size of job updated: 181556
	29  -  MemoryUsage of job (MB)
	29192  -  ResidentSetSize of job (KB)
...
006 (8804685.000.000) 12/02 15:20:53 Image size of job updated: 190580
	29  -  MemoryUsage of job (MB)
	29192  -  ResidentSetSize of job (KB)
...
005 (8804685.000.000) 12/02 15:20:53 Job terminated.
	(1) Normal termination (return value 0)
		Usr 0 00:00:20, Sys 0 00:00:00  -  Run Remote Usage
		Usr 0 00:00:00, Sys 0 00:00:00  -  Run Local Usage
		Usr 0 00:00:20, Sys 0 00:00:00  -  Total Remote Usage
		Usr 0 00:00:00, Sys 0 00:00:00  -  Total Local Usage
	0  -  Run Bytes Sent By Job
	0  -  Run Bytes Received By Job
	0  -  Total Bytes Sent By Job
	0  -  Total Bytes Received By Job
	Partitionable Resources :    Usage  Request Allocated
	   Cpus                 :                 1         1
	   Disk (KB)            :        1        1  13383979
	   Memory (MB)          :       29        1      6441
...
000 (8882938.000.000) 12/04 00:57:29 Job submitted from host: <10.10.48.31:12542?addrs=10.10.48.31-12542>
...
001 (8882938.000.000) 12/04 00:57:48 Job executing on host: <10.10.48.35:61041?addrs=10.10.48.35-61041>
...
006 (8882938.000.000) 12/04 00:57:56 Image size of job updated: 172732
	28  -  MemoryUsage of job (MB)
	27736  -  ResidentSetSize of job (KB)
...
006 (8882938.000.000) 12/04 00:58:10 Image size of job updated: 190268
	28  -  MemoryUsage of job (MB)
	27736  -  ResidentSetSize of job (KB)
...
005 (8882938.000.000) 12/04 00:58:10 Job terminated.
	(1) Normal termination (return value 0)
		Usr 0 00:00:07, Sys 0 00:00:00  -  Run Remote Usage
		Usr 0 00:00:00, Sys 0 00:00:00  -  Run Local Usage
		Usr 0 00:00:07, Sys 0 00:00:00  -  Total Remote Usage
		Usr 0 00:00:00, Sys 0 00:00:00  -  Total Local Usage
	0  -  Run Bytes Sent By Job
	0  -  Run Bytes Received By Job
	0  -  Total Bytes Sent By Job
	0  -  Total Bytes Received By Job
	Partitionable Resources :    Usage  Request Allocated
	   Cpus                 :                 1         1
	   Disk (KB)            :        1        1  16722378
	   Memory (MB)          :       28        1      4023
...
