000 (8804795.000.000) 12/02 15:23:38 Job submitted from host: <10.10.48.31:12542?addrs=10.10.48.31-12542>
...
001 (8804795.000.000) 12/02 15:23:40 Job executing on host: <10.10.48.41:20766?addrs=10.10.48.41-20766>
...
006 (8804795.000.000) 12/02 15:23:48 Image size of job updated: 1
	2  -  MemoryUsage of job (MB)
	1812  -  ResidentSetSize of job (KB)
...
006 (8804795.000.000) 12/02 15:28:48 Image size of job updated: 197068
	46  -  MemoryUsage of job (MB)
	46240  -  ResidentSetSize of job (KB)
...
006 (8804795.000.000) 12/02 15:29:47 Image size of job updated: 199712
	46  -  MemoryUsage of job (MB)
	46240  -  ResidentSetSize of job (KB)
...
005 (8804795.000.000) 12/02 15:29:47 Job terminated.
	(1) Normal termination (return value 0)
		Usr 0 00:02:18, Sys 0 00:00:03  -  Run Remote Usage
		Usr 0 00:00:00, Sys 0 00:00:00  -  Run Local Usage
		Usr 0 00:02:18, Sys 0 00:00:03  -  Total Remote Usage
		Usr 0 00:00:00, Sys 0 00:00:00  -  Total Local Usage
	0  -  Run Bytes Sent By Job
	0  -  Run Bytes Received By Job
	0  -  Total Bytes Sent By Job
	0  -  Total Bytes Received By Job
	Partitionable Resources :    Usage  Request Allocated
	   Cpus                 :                 1         1
	   Disk (KB)            :        1        1  16725587
	   Memory (MB)          :       46        1      4023
...
