000 (8804741.000.000) 12/02 15:19:54 Job submitted from host: <10.10.48.31:12542?addrs=10.10.48.31-12542>
...
001 (8804741.000.000) 12/02 15:20:05 Job executing on host: <10.10.48.145:26377?addrs=10.10.48.145-26377>
...
006 (8804741.000.000) 12/02 15:20:14 Image size of job updated: 181656
	29  -  MemoryUsage of job (MB)
	29216  -  ResidentSetSize of job (KB)
...
006 (8804741.000.000) 12/02 15:25:15 Image size of job updated: 191872
	40  -  MemoryUsage of job (MB)
	40452  -  ResidentSetSize of job (KB)
...
006 (8804741.000.000) 12/02 15:27:40 Image size of job updated: 193552
	40  -  MemoryUsage of job (MB)
	40452  -  ResidentSetSize of job (KB)
...
005 (8804741.000.000) 12/02 15:27:40 Job terminated.
	(1) Normal termination (return value 0)
		Usr 0 00:01:36, Sys 0 00:00:02  -  Run Remote Usage
		Usr 0 00:00:00, Sys 0 00:00:00  -  Run Local Usage
		Usr 0 00:01:36, Sys 0 00:00:02  -  Total Remote Usage
		Usr 0 00:00:00, Sys 0 00:00:00  -  Total Local Usage
	0  -  Run Bytes Sent By Job
	0  -  Run Bytes Received By Job
	0  -  Total Bytes Sent By Job
	0  -  Total Bytes Received By Job
	Partitionable Resources :    Usage  Request Allocated
	   Cpus                 :                 1         1
	   Disk (KB)            :        1        1  13384545
	   Memory (MB)          :       40        1      6441
...
000 (8883044.000.000) 12/04 00:58:10 Job submitted from host: <10.10.48.31:12542?addrs=10.10.48.31-12542>
...
001 (8883044.000.000) 12/04 00:58:16 Job executing on host: <10.10.48.141:50603?addrs=10.10.48.141-50603>
...
006 (8883044.000.000) 12/04 00:58:24 Image size of job updated: 1
	2  -  MemoryUsage of job (MB)
	1876  -  ResidentSetSize of job (KB)
...
006 (8883044.000.000) 12/04 01:00:43 Image size of job updated: 191248
	2  -  MemoryUsage of job (MB)
	1876  -  ResidentSetSize of job (KB)
...
005 (8883044.000.000) 12/04 01:00:43 Job terminated.
	(1) Normal termination (return value 0)
		Usr 0 00:00:35, Sys 0 00:00:01  -  Run Remote Usage
		Usr 0 00:00:00, Sys 0 00:00:00  -  Run Local Usage
		Usr 0 00:00:35, Sys 0 00:00:01  -  Total Remote Usage
		Usr 0 00:00:00, Sys 0 00:00:00  -  Total Local Usage
	0  -  Run Bytes Sent By Job
	0  -  Run Bytes Received By Job
	0  -  Total Bytes Sent By Job
	0  -  Total Bytes Received By Job
	Partitionable Resources :    Usage  Request Allocated
	   Cpus                 :                 1         1
	   Disk (KB)            :        1        1  13375342
	   Memory (MB)          :        2        1      6441
...
