000 (8804793.000.000) 12/02 15:23:30 Job submitted from host: <10.10.48.31:12542?addrs=10.10.48.31-12542>
...
001 (8804793.000.000) 12/02 15:23:31 Job executing on host: <10.10.48.35:61041?addrs=10.10.48.35-61041>
...
006 (8804793.000.000) 12/02 15:23:40 Image size of job updated: 181808
	31  -  MemoryUsage of job (MB)
	31716  -  ResidentSetSize of job (KB)
...
006 (8804793.000.000) 12/02 15:28:41 Image size of job updated: 186032
	37  -  MemoryUsage of job (MB)
	36984  -  ResidentSetSize of job (KB)
...
006 (8804793.000.000) 12/02 15:33:41 Image size of job updated: 201712
	52  -  MemoryUsage of job (MB)
	53128  -  ResidentSetSize of job (KB)
...
006 (8804793.000.000) 12/02 15:38:42 Image size of job updated: 213820
	64  -  MemoryUsage of job (MB)
	65236  -  ResidentSetSize of job (KB)
...
006 (8804793.000.000) 12/02 15:43:43 Image size of job updated: 227268
	77  -  MemoryUsage of job (MB)
	78636  -  ResidentSetSize of job (KB)
...
006 (8804793.000.000) 12/02 15:48:43 Image size of job updated: 240056
	90  -  MemoryUsage of job (MB)
	91532  -  ResidentSetSize of job (KB)
...
006 (8804793.000.000) 12/02 15:53:43 Image size of job updated: 252536
	102  -  MemoryUsage of job (MB)
	103908  -  ResidentSetSize of job (KB)
...
006 (8804793.000.000) 12/02 15:58:41 Image size of job updated: 263824
	102  -  MemoryUsage of job (MB)
	103908  -  ResidentSetSize of job (KB)
...
005 (8804793.000.000) 12/02 15:58:41 Job terminated.
	(1) Normal termination (return value 0)
		Usr 0 00:17:40, Sys 0 00:00:28  -  Run Remote Usage
		Usr 0 00:00:00, Sys 0 00:00:00  -  Run Local Usage
		Usr 0 00:17:40, Sys 0 00:00:28  -  Total Remote Usage
		Usr 0 00:00:00, Sys 0 00:00:00  -  Total Local Usage
	0  -  Run Bytes Sent By Job
	0  -  Run Bytes Received By Job
	0  -  Total Bytes Sent By Job
	0  -  Total Bytes Received By Job
	Partitionable Resources :    Usage  Request Allocated
	   Cpus                 :                 1         1
	   Disk (KB)            :        1        1  16724576
	   Memory (MB)          :      102        1      4023
...
