000 (8804633.000.000) 12/02 15:18:59 Job submitted from host: <10.10.48.31:12542?addrs=10.10.48.31-12542>
...
001 (8804633.000.000) 12/02 15:19:08 Job executing on host: <10.10.48.41:20766?addrs=10.10.48.41-20766>
...
006 (8804633.000.000) 12/02 15:19:16 Image size of job updated: 190516
	39  -  MemoryUsage of job (MB)
	39448  -  ResidentSetSize of job (KB)
...
006 (8804633.000.000) 12/02 15:19:51 Image size of job updated: 190656
	39  -  MemoryUsage of job (MB)
	39448  -  ResidentSetSize of job (KB)
...
005 (8804633.000.000) 12/02 15:19:51 Job terminated.
	(1) Normal termination (return value 0)
		Usr 0 00:00:17, Sys 0 00:00:00  -  Run Remote Usage
		Usr 0 00:00:00, Sys 0 00:00:00  -  Run Local Usage
		Usr 0 00:00:17, Sys 0 00:00:00  -  Total Remote Usage
		Usr 0 00:00:00, Sys 0 00:00:00  -  Total Local Usage
	0  -  Run Bytes Sent By Job
	0  -  Run Bytes Received By Job
	0  -  Total Bytes Sent By Job
	0  -  Total Bytes Received By Job
	Partitionable Resources :    Usage  Request Allocated
	   Cpus                 :                 1         1
	   Disk (KB)            :        1        1  16725587
	   Memory (MB)          :       39        1      4023
...
000 (8804921.000.000) 12/02 16:24:45 Job submitted from host: <10.10.48.31:12542?addrs=10.10.48.31-12542>
...
001 (8804921.000.000) 12/02 16:25:06 Job executing on host: <10.10.48.143:50448?addrs=10.10.48.143-50448>
...
006 (8804921.000.000) 12/02 16:25:15 Image size of job updated: 185080
	33  -  MemoryUsage of job (MB)
	33552  -  ResidentSetSize of job (KB)
...
006 (8804921.000.000) 12/02 16:25:49 Image size of job updated: 190212
	33  -  MemoryUsage of job (MB)
	33552  -  ResidentSetSize of job (KB)
...
005 (8804921.000.000) 12/02 16:25:49 Job terminated.
	(1) Normal termination (return value 0)
		Usr 0 00:00:10, Sys 0 00:00:00  -  Run Remote Usage
		Usr 0 00:00:00, Sys 0 00:00:00  -  Run Local Usage
		Usr 0 00:00:10, Sys 0 00:00:00  -  Total Remote Usage
		Usr 0 00:00:00, Sys 0 00:00:00  -  Total Local Usage
	0  -  Run Bytes Sent By Job
	0  -  Run Bytes Received By Job
	0  -  Total Bytes Sent By Job
	0  -  Total Bytes Received By Job
	Partitionable Resources :    Usage  Request Allocated
	   Cpus                 :                 1         1
	   Disk (KB)            :        1        1  13384538
	   Memory (MB)          :       33        1      6441
...
000 (8880625.000.000) 12/04 00:29:58 Job submitted from host: <10.10.48.31:12542?addrs=10.10.48.31-12542>
...
001 (8880625.000.000) 12/04 00:30:07 Job executing on host: <10.10.48.141:50603?addrs=10.10.48.141-50603>
...
006 (8880625.000.000) 12/04 00:30:15 Image size of job updated: 190128
	37  -  MemoryUsage of job (MB)
	37256  -  ResidentSetSize of job (KB)
...
006 (8880625.000.000) 12/04 00:30:40 Image size of job updated: 190936
	37  -  MemoryUsage of job (MB)
	37256  -  ResidentSetSize of job (KB)
...
005 (8880625.000.000) 12/04 00:30:40 Job terminated.
	(1) Normal termination (return value 0)
		Usr 0 00:00:16, Sys 0 00:00:00  -  Run Remote Usage
		Usr 0 00:00:00, Sys 0 00:00:00  -  Run Local Usage
		Usr 0 00:00:16, Sys 0 00:00:00  -  Total Remote Usage
		Usr 0 00:00:00, Sys 0 00:00:00  -  Total Local Usage
	0  -  Run Bytes Sent By Job
	0  -  Run Bytes Received By Job
	0  -  Total Bytes Sent By Job
	0  -  Total Bytes Received By Job
	Partitionable Resources :    Usage  Request Allocated
	   Cpus                 :                 1         1
	   Disk (KB)            :        1        1  13375619
	   Memory (MB)          :       37        1      6441
...
000 (8882835.000.000) 12/04 00:57:20 Job submitted from host: <10.10.48.31:12542?addrs=10.10.48.31-12542>
...
001 (8882835.000.000) 12/04 00:57:26 Job executing on host: <10.10.48.41:20766?addrs=10.10.48.41-20766>
...
006 (8882835.000.000) 12/04 00:57:34 Image size of job updated: 185116
	33  -  MemoryUsage of job (MB)
	33512  -  ResidentSetSize of job (KB)
...
006 (8882835.000.000) 12/04 01:00:45 Image size of job updated: 191252
	33  -  MemoryUsage of job (MB)
	33512  -  ResidentSetSize of job (KB)
...
005 (8882835.000.000) 12/04 01:00:45 Job terminated.
	(1) Normal termination (return value 0)
		Usr 0 00:00:55, Sys 0 00:00:01  -  Run Remote Usage
		Usr 0 00:00:00, Sys 0 00:00:00  -  Run Local Usage
		Usr 0 00:00:55, Sys 0 00:00:01  -  Total Remote Usage
		Usr 0 00:00:00, Sys 0 00:00:00  -  Total Local Usage
	0  -  Run Bytes Sent By Job
	0  -  Run Bytes Received By Job
	0  -  Total Bytes Sent By Job
	0  -  Total Bytes Received By Job
	Partitionable Resources :    Usage  Request Allocated
	   Cpus                 :                 1         1
	   Disk (KB)            :        1        1  16724800
	   Memory (MB)          :       33        1      4023
...
