000 (8804735.000.000) 12/02 15:19:49 Job submitted from host: <10.10.48.31:12542?addrs=10.10.48.31-12542>
...
001 (8804735.000.000) 12/02 15:19:50 Job executing on host: <10.10.48.145:26377?addrs=10.10.48.145-26377>
...
006 (8804735.000.000) 12/02 15:19:58 Image size of job updated: 184808
	33  -  MemoryUsage of job (MB)
	33320  -  ResidentSetSize of job (KB)
...
005 (8804735.000.000) 12/02 15:20:05 Job terminated.
	(1) Normal termination (return value 0)
		Usr 0 00:00:00, Sys 0 00:00:00  -  Run Remote Usage
		Usr 0 00:00:00, Sys 0 00:00:00  -  Run Local Usage
		Usr 0 00:00:00, Sys 0 00:00:00  -  Total Remote Usage
		Usr 0 00:00:00, Sys 0 00:00:00  -  Total Local Usage
	0  -  Run Bytes Sent By Job
	0  -  Run Bytes Received By Job
	0  -  Total Bytes Sent By Job
	0  -  Total Bytes Received By Job
	Partitionable Resources :    Usage  Request Allocated
	   Cpus                 :                 1         1
	   Disk (KB)            :        1        1  13384545
	   Memory (MB)          :       33        1      6441
...
000 (8882988.000.000) 12/04 00:57:39 Job submitted from host: <10.10.48.31:12542?addrs=10.10.48.31-12542>
...
001 (8882988.000.000) 12/04 00:58:09 Job executing on host: <10.10.48.143:50448?addrs=10.10.48.143-50448>
...
006 (8882988.000.000) 12/04 00:58:18 Image size of job updated: 184864
	33  -  MemoryUsage of job (MB)
	33160  -  ResidentSetSize of job (KB)
...
006 (8882988.000.000) 12/04 01:02:53 Image size of job updated: 193052
	33  -  MemoryUsage of job (MB)
	33160  -  ResidentSetSize of job (KB)
...
005 (8882988.000.000) 12/04 01:02:53 Job terminated.
	(1) Normal termination (return value 0)
		Usr 0 00:01:07, Sys 0 00:00:01  -  Run Remote Usage
		Usr 0 00:00:00, Sys 0 00:00:00  -  Run Local Usage
		Usr 0 00:01:07, Sys 0 00:00:01  -  Total Remote Usage
		Usr 0 00:00:00, Sys 0 00:00:00  -  Total Local Usage
	0  -  Run Bytes Sent By Job
	0  -  Run Bytes Received By Job
	0  -  Total Bytes Sent By Job
	0  -  Total Bytes Received By Job
	Partitionable Resources :    Usage  Request Allocated
	   Cpus                 :                 1         1
	   Disk (KB)            :        1        1  13384409
	   Memory (MB)          :       33        1      6441
...
