000 (8804728.000.000) 12/02 15:19:36 Job submitted from host: <10.10.48.31:12542?addrs=10.10.48.31-12542>
...
001 (8804728.000.000) 12/02 15:19:39 Job executing on host: <10.10.48.145:26377?addrs=10.10.48.145-26377>
...
006 (8804728.000.000) 12/02 15:19:47 Image size of job updated: 185188
	33  -  MemoryUsage of job (MB)
	33400  -  ResidentSetSize of job (KB)
...
006 (8804728.000.000) 12/02 15:24:47 Image size of job updated: 191644
	40  -  MemoryUsage of job (MB)
	40372  -  ResidentSetSize of job (KB)
...
006 (8804728.000.000) 12/02 15:28:12 Image size of job updated: 193516
	40  -  MemoryUsage of job (MB)
	40372  -  ResidentSetSize of job (KB)
...
005 (8804728.000.000) 12/02 15:28:12 Job terminated.
	(1) Normal termination (return value 0)
		Usr 0 00:01:54, Sys 0 00:00:02  -  Run Remote Usage
		Usr 0 00:00:00, Sys 0 00:00:00  -  Run Local Usage
		Usr 0 00:01:54, Sys 0 00:00:02  -  Total Remote Usage
		Usr 0 00:00:00, Sys 0 00:00:00  -  Total Local Usage
	0  -  Run Bytes Sent By Job
	0  -  Run Bytes Received By Job
	0  -  Total Bytes Sent By Job
	0  -  Total Bytes Received By Job
	Partitionable Resources :    Usage  Request Allocated
	   Cpus                 :                 1         1
	   Disk (KB)            :        1        1  13384545
	   Memory (MB)          :       40        1      6441
...
000 (8882981.000.000) 12/04 00:57:36 Job submitted from host: <10.10.48.31:12542?addrs=10.10.48.31-12542>
...
001 (8882981.000.000) 12/04 00:58:10 Job executing on host: <10.10.48.145:26377?addrs=10.10.48.145-26377>
...
006 (8882981.000.000) 12/04 00:58:19 Image size of job updated: 177448
	29  -  MemoryUsage of job (MB)
	29352  -  ResidentSetSize of job (KB)
...
006 (8882981.000.000) 12/04 01:02:09 Image size of job updated: 192572
	29  -  MemoryUsage of job (MB)
	29352  -  ResidentSetSize of job (KB)
...
005 (8882981.000.000) 12/04 01:02:09 Job terminated.
	(1) Normal termination (return value 0)
		Usr 0 00:00:58, Sys 0 00:00:01  -  Run Remote Usage
		Usr 0 00:00:00, Sys 0 00:00:00  -  Run Local Usage
		Usr 0 00:00:58, Sys 0 00:00:01  -  Total Remote Usage
		Usr 0 00:00:00, Sys 0 00:00:00  -  Total Local Usage
	0  -  Run Bytes Sent By Job
	0  -  Run Bytes Received By Job
	0  -  Total Bytes Sent By Job
	0  -  Total Bytes Received By Job
	Partitionable Resources :    Usage  Request Allocated
	   Cpus                 :                 1         1
	   Disk (KB)            :        1        1  13384792
	   Memory (MB)          :       29        1      6441
...
