000 (8804721.000.000) 12/02 15:19:11 Job submitted from host: <10.10.48.31:12542?addrs=10.10.48.31-12542>
...
001 (8804721.000.000) 12/02 15:19:21 Job executing on host: <10.10.48.143:50448?addrs=10.10.48.143-50448>
...
006 (8804721.000.000) 12/02 15:19:30 Image size of job updated: 115852
	17  -  MemoryUsage of job (MB)
	17160  -  ResidentSetSize of job (KB)
...
006 (8804721.000.000) 12/02 15:20:10 Image size of job updated: 190524
	17  -  MemoryUsage of job (MB)
	17160  -  ResidentSetSize of job (KB)
...
005 (8804721.000.000) 12/02 15:20:10 Job terminated.
	(1) Normal termination (return value 0)
		Usr 0 00:00:12, Sys 0 00:00:00  -  Run Remote Usage
		Usr 0 00:00:00, Sys 0 00:00:00  -  Run Local Usage
		Usr 0 00:00:12, Sys 0 00:00:00  -  Total Remote Usage
		Usr 0 00:00:00, Sys 0 00:00:00  -  Total Local Usage
	0  -  Run Bytes Sent By Job
	0  -  Run Bytes Received By Job
	0  -  Total Bytes Sent By Job
	0  -  Total Bytes Received By Job
	Partitionable Resources :    Usage  Request Allocated
	   Cpus                 :                 1         1
	   Disk (KB)            :        1        1  13384535
	   Memory (MB)          :       17        1      6441
...
000 (8882974.000.000) 12/04 00:57:35 Job submitted from host: <10.10.48.31:12542?addrs=10.10.48.31-12542>
...
001 (8882974.000.000) 12/04 00:58:09 Job executing on host: <10.10.48.145:26377?addrs=10.10.48.145-26377>
...
006 (8882974.000.000) 12/04 00:58:18 Image size of job updated: 181548
	29  -  MemoryUsage of job (MB)
	29232  -  ResidentSetSize of job (KB)
...
006 (8882974.000.000) 12/04 01:02:13 Image size of job updated: 191768
	29  -  MemoryUsage of job (MB)
	29232  -  ResidentSetSize of job (KB)
...
005 (8882974.000.000) 12/04 01:02:13 Job terminated.
	(1) Normal termination (return value 0)
		Usr 0 00:00:56, Sys 0 00:00:01  -  Run Remote Usage
		Usr 0 00:00:00, Sys 0 00:00:00  -  Run Local Usage
		Usr 0 00:00:56, Sys 0 00:00:01  -  Total Remote Usage
		Usr 0 00:00:00, Sys 0 00:00:00  -  Total Local Usage
	0  -  Run Bytes Sent By Job
	0  -  Run Bytes Received By Job
	0  -  Total Bytes Sent By Job
	0  -  Total Bytes Received By Job
	Partitionable Resources :    Usage  Request Allocated
	   Cpus                 :                 1         1
	   Disk (KB)            :        1        1  13384792
	   Memory (MB)          :       29        1      6441
...
