000 (8804627.000.000) 12/02 15:18:58 Job submitted from host: <10.10.48.31:12542?addrs=10.10.48.31-12542>
...
001 (8804627.000.000) 12/02 15:18:59 Job executing on host: <10.10.48.41:20766?addrs=10.10.48.41-20766>
...
006 (8804627.000.000) 12/02 15:19:08 Image size of job updated: 184836
	33  -  MemoryUsage of job (MB)
	33524  -  ResidentSetSize of job (KB)
...
006 (8804627.000.000) 12/02 15:21:08 Image size of job updated: 191748
	33  -  MemoryUsage of job (MB)
	33524  -  ResidentSetSize of job (KB)
...
005 (8804627.000.000) 12/02 15:21:08 Job terminated.
	(1) Normal termination (return value 0)
		Usr 0 00:00:35, Sys 0 00:00:01  -  Run Remote Usage
		Usr 0 00:00:00, Sys 0 00:00:00  -  Run Local Usage
		Usr 0 00:00:35, Sys 0 00:00:01  -  Total Remote Usage
		Usr 0 00:00:00, Sys 0 00:00:00  -  Total Local Usage
	0  -  Run Bytes Sent By Job
	0  -  Run Bytes Received By Job
	0  -  Total Bytes Sent By Job
	0  -  Total Bytes Received By Job
	Partitionable Resources :    Usage  Request Allocated
	   Cpus                 :                 1         1
	   Disk (KB)            :        1        1  16725587
	   Memory (MB)          :       33        1      4023
...
000 (8804915.000.000) 12/02 16:24:43 Job submitted from host: <10.10.48.31:12542?addrs=10.10.48.31-12542>
...
001 (8804915.000.000) 12/02 16:24:45 Job executing on host: <10.10.48.43:4900?addrs=10.10.48.43-4900>
...
006 (8804915.000.000) 12/02 16:24:56 Image size of job updated: 49200
	2  -  MemoryUsage of job (MB)
	1848  -  ResidentSetSize of job (KB)
...
006 (8804915.000.000) 12/02 16:25:07 Image size of job updated: 190488
	2  -  MemoryUsage of job (MB)
	1848  -  ResidentSetSize of job (KB)
...
005 (8804915.000.000) 12/02 16:25:07 Job terminated.
	(1) Normal termination (return value 0)
		Usr 0 00:00:05, Sys 0 00:00:00  -  Run Remote Usage
		Usr 0 00:00:00, Sys 0 00:00:00  -  Run Local Usage
		Usr 0 00:00:05, Sys 0 00:00:00  -  Total Remote Usage
		Usr 0 00:00:00, Sys 0 00:00:00  -  Total Local Usage
	0  -  Run Bytes Sent By Job
	0  -  Run Bytes Received By Job
	0  -  Total Bytes Sent By Job
	0  -  Total Bytes Received By Job
	Partitionable Resources :    Usage  Request Allocated
	   Cpus                 :                 1         1
	   Disk (KB)            :        1        1  16728160
	   Memory (MB)          :        2        1      4023
...
000 (8880619.000.000) 12/04 00:29:57 Job submitted from host: <10.10.48.31:12542?addrs=10.10.48.31-12542>
...
001 (8880619.000.000) 12/04 00:30:06 Job executing on host: <10.10.48.41:20766?addrs=10.10.48.41-20766>
...
006 (8880619.000.000) 12/04 00:30:15 Image size of job updated: 185240
	32  -  MemoryUsage of job (MB)
	32628  -  ResidentSetSize of job (KB)
...
006 (8880619.000.000) 12/04 00:30:54 Image size of job updated: 191728
	32  -  MemoryUsage of job (MB)
	32628  -  ResidentSetSize of job (KB)
...
005 (8880619.000.000) 12/04 00:30:54 Job terminated.
	(1) Normal termination (return value 0)
		Usr 0 00:00:18, Sys 0 00:00:00  -  Run Remote Usage
		Usr 0 00:00:00, Sys 0 00:00:00  -  Run Local Usage
		Usr 0 00:00:18, Sys 0 00:00:00  -  Total Remote Usage
		Usr 0 00:00:00, Sys 0 00:00:00  -  Total Local Usage
	0  -  Run Bytes Sent By Job
	0  -  Run Bytes Received By Job
	0  -  Total Bytes Sent By Job
	0  -  Total Bytes Received By Job
	Partitionable Resources :    Usage  Request Allocated
	   Cpus                 :                 1         1
	   Disk (KB)            :        1        1  16724017
	   Memory (MB)          :       32        1      4023
...
000 (8882829.000.000) 12/04 00:57:20 Job submitted from host: <10.10.48.31:12542?addrs=10.10.48.31-12542>
...
001 (8882829.000.000) 12/04 00:57:25 Job executing on host: <10.10.48.41:20766?addrs=10.10.48.41-20766>
...
006 (8882829.000.000) 12/04 00:57:33 Image size of job updated: 181812
	30  -  MemoryUsage of job (MB)
	29740  -  ResidentSetSize of job (KB)
...
006 (8882829.000.000) 12/04 01:02:33 Image size of job updated: 186060
	34  -  MemoryUsage of job (MB)
	34424  -  ResidentSetSize of job (KB)
...
006 (8882829.000.000) 12/04 01:07:34 Image size of job updated: 191504
	39  -  MemoryUsage of job (MB)
	39652  -  ResidentSetSize of job (KB)
...
006 (8882829.000.000) 12/04 01:08:36 Image size of job updated: 191828
	39  -  MemoryUsage of job (MB)
	39652  -  ResidentSetSize of job (KB)
...
005 (8882829.000.000) 12/04 01:08:36 Job terminated.
	(1) Normal termination (return value 0)
		Usr 0 00:01:22, Sys 0 00:00:03  -  Run Remote Usage
		Usr 0 00:00:00, Sys 0 00:00:00  -  Run Local Usage
		Usr 0 00:01:22, Sys 0 00:00:03  -  Total Remote Usage
		Usr 0 00:00:00, Sys 0 00:00:00  -  Total Local Usage
	0  -  Run Bytes Sent By Job
	0  -  Run Bytes Received By Job
	0  -  Total Bytes Sent By Job
	0  -  Total Bytes Received By Job
	Partitionable Resources :    Usage  Request Allocated
	   Cpus                 :                 1         1
	   Disk (KB)            :        1        1  16724808
	   Memory (MB)          :       39        1      4023
...
