000 (8804625.000.000) 12/02 15:18:58 Job submitted from host: <10.10.48.31:12542?addrs=10.10.48.31-12542>
...
001 (8804625.000.000) 12/02 15:18:59 Job executing on host: <10.10.48.41:20766?addrs=10.10.48.41-20766>
...
006 (8804625.000.000) 12/02 15:19:07 Image size of job updated: 190220
	0  -  MemoryUsage of job (MB)
	0  -  ResidentSetSize of job (KB)
...
005 (8804625.000.000) 12/02 15:19:07 Job terminated.
	(1) Normal termination (return value 0)
		Usr 0 00:00:02, Sys 0 00:00:00  -  Run Remote Usage
		Usr 0 00:00:00, Sys 0 00:00:00  -  Run Local Usage
		Usr 0 00:00:02, Sys 0 00:00:00  -  Total Remote Usage
		Usr 0 00:00:00, Sys 0 00:00:00  -  Total Local Usage
	0  -  Run Bytes Sent By Job
	0  -  Run Bytes Received By Job
	0  -  Total Bytes Sent By Job
	0  -  Total Bytes Received By Job
	Partitionable Resources :    Usage  Request Allocated
	   Cpus                 :                 1         1
	   Disk (KB)            :        1        1  16725587
	   Memory (MB)          :        0        1      4023
...
000 (8804913.000.000) 12/02 16:24:43 Job submitted from host: <10.10.48.31:12542?addrs=10.10.48.31-12542>
...
001 (8804913.000.000) 12/02 16:24:45 Job executing on host: <10.10.48.43:4900?addrs=10.10.48.43-4900>
...
006 (8804913.000.000) 12/02 16:24:55 Image size of job updated: 49200
	2  -  MemoryUsage of job (MB)
	1644  -  ResidentSetSize of job (KB)
...
006 (8804913.000.000) 12/02 16:27:20 Image size of job updated: 194104
	2  -  MemoryUsage of job (MB)
	1644  -  ResidentSetSize of job (KB)
...
005 (8804913.000.000) 12/02 16:27:20 Job terminated.
	(1) Normal termination (return value 0)
		Usr 0 00:00:53, Sys 0 00:00:01  -  Run Remote Usage
		Usr 0 00:00:00, Sys 0 00:00:00  -  Run Local Usage
		Usr 0 00:00:53, Sys 0 00:00:01  -  Total Remote Usage
		Usr 0 00:00:00, Sys 0 00:00:00  -  Total Local Usage
	0  -  Run Bytes Sent By Job
	0  -  Run Bytes Received By Job
	0  -  Total Bytes Sent By Job
	0  -  Total Bytes Received By Job
	Partitionable Resources :    Usage  Request Allocated
	   Cpus                 :                 1         1
	   Disk (KB)            :        1        1  16728160
	   Memory (MB)          :        2        1      4023
...
000 (8880617.000.000) 12/04 00:29:56 Job submitted from host: <10.10.48.31:12542?addrs=10.10.48.31-12542>
...
001 (8880617.000.000) 12/04 00:30:06 Job executing on host: <10.10.48.41:20766?addrs=10.10.48.41-20766>
...
006 (8880617.000.000) 12/04 00:30:15 Image size of job updated: 190300
	39  -  MemoryUsage of job (MB)
	38984  -  ResidentSetSize of job (KB)
...
006 (8880617.000.000) 12/04 00:30:30 Image size of job updated: 190944
	39  -  MemoryUsage of job (MB)
	38984  -  ResidentSetSize of job (KB)
...
005 (8880617.000.000) 12/04 00:30:30 Job terminated.
	(1) Normal termination (return value 0)
		Usr 0 00:00:07, Sys 0 00:00:00  -  Run Remote Usage
		Usr 0 00:00:00, Sys 0 00:00:00  -  Run Local Usage
		Usr 0 00:00:07, Sys 0 00:00:00  -  Total Remote Usage
		Usr 0 00:00:00, Sys 0 00:00:00  -  Total Local Usage
	0  -  Run Bytes Sent By Job
	0  -  Run Bytes Received By Job
	0  -  Total Bytes Sent By Job
	0  -  Total Bytes Received By Job
	Partitionable Resources :    Usage  Request Allocated
	   Cpus                 :                 1         1
	   Disk (KB)            :        1        1  16724021
	   Memory (MB)          :       39        1      4023
...
000 (8882827.000.000) 12/04 00:57:19 Job submitted from host: <10.10.48.31:12542?addrs=10.10.48.31-12542>
...
001 (8882827.000.000) 12/04 00:57:24 Job executing on host: <10.10.48.41:20766?addrs=10.10.48.41-20766>
...
006 (8882827.000.000) 12/04 00:57:33 Image size of job updated: 185104
	33  -  MemoryUsage of job (MB)
	33244  -  ResidentSetSize of job (KB)
...
006 (8882827.000.000) 12/04 00:59:41 Image size of job updated: 191716
	33  -  MemoryUsage of job (MB)
	33244  -  ResidentSetSize of job (KB)
...
005 (8882827.000.000) 12/04 00:59:41 Job terminated.
	(1) Normal termination (return value 0)
		Usr 0 00:00:36, Sys 0 00:00:01  -  Run Remote Usage
		Usr 0 00:00:00, Sys 0 00:00:00  -  Run Local Usage
		Usr 0 00:00:36, Sys 0 00:00:01  -  Total Remote Usage
		Usr 0 00:00:00, Sys 0 00:00:00  -  Total Local Usage
	0  -  Run Bytes Sent By Job
	0  -  Run Bytes Received By Job
	0  -  Total Bytes Sent By Job
	0  -  Total Bytes Received By Job
	Partitionable Resources :    Usage  Request Allocated
	   Cpus                 :                 1         1
	   Disk (KB)            :        1        1  16724800
	   Memory (MB)          :       33        1      4023
...
