000 (8804623.000.000) 12/02 15:18:57 Job submitted from host: <10.10.48.31:12542?addrs=10.10.48.31-12542>
...
001 (8804623.000.000) 12/02 15:18:59 Job executing on host: <10.10.48.41:20766?addrs=10.10.48.41-20766>
...
006 (8804623.000.000) 12/02 15:19:08 Image size of job updated: 184848
	33  -  MemoryUsage of job (MB)
	33136  -  ResidentSetSize of job (KB)
...
006 (8804623.000.000) 12/02 15:22:48 Image size of job updated: 192256
	33  -  MemoryUsage of job (MB)
	33136  -  ResidentSetSize of job (KB)
...
005 (8804623.000.000) 12/02 15:22:48 Job terminated.
	(1) Normal termination (return value 0)
		Usr 0 00:00:49, Sys 0 00:00:01  -  Run Remote Usage
		Usr 0 00:00:00, Sys 0 00:00:00  -  Run Local Usage
		Usr 0 00:00:49, Sys 0 00:00:01  -  Total Remote Usage
		Usr 0 00:00:00, Sys 0 00:00:00  -  Total Local Usage
	0  -  Run Bytes Sent By Job
	0  -  Run Bytes Received By Job
	0  -  Total Bytes Sent By Job
	0  -  Total Bytes Received By Job
	Partitionable Resources :    Usage  Request Allocated
	   Cpus                 :                 1         1
	   Disk (KB)            :        1        1  16725587
	   Memory (MB)          :       33        1      4023
...
000 (8804911.000.000) 12/02 16:24:42 Job submitted from host: <10.10.48.31:12542?addrs=10.10.48.31-12542>
...
001 (8804911.000.000) 12/02 16:24:45 Job executing on host: <10.10.48.43:4900?addrs=10.10.48.43-4900>
...
006 (8804911.000.000) 12/02 16:24:53 Image size of job updated: 49200
	2  -  MemoryUsage of job (MB)
	1656  -  ResidentSetSize of job (KB)
...
006 (8804911.000.000) 12/02 16:25:11 Image size of job updated: 191164
	2  -  MemoryUsage of job (MB)
	1656  -  ResidentSetSize of job (KB)
...
005 (8804911.000.000) 12/02 16:25:11 Job terminated.
	(1) Normal termination (return value 0)
		Usr 0 00:00:06, Sys 0 00:00:00  -  Run Remote Usage
		Usr 0 00:00:00, Sys 0 00:00:00  -  Run Local Usage
		Usr 0 00:00:06, Sys 0 00:00:00  -  Total Remote Usage
		Usr 0 00:00:00, Sys 0 00:00:00  -  Total Local Usage
	0  -  Run Bytes Sent By Job
	0  -  Run Bytes Received By Job
	0  -  Total Bytes Sent By Job
	0  -  Total Bytes Received By Job
	Partitionable Resources :    Usage  Request Allocated
	   Cpus                 :                 1         1
	   Disk (KB)            :        1        1  16728160
	   Memory (MB)          :        2        1      4023
...
000 (8880615.000.000) 12/04 00:29:56 Job submitted from host: <10.10.48.31:12542?addrs=10.10.48.31-12542>
...
001 (8880615.000.000) 12/04 00:30:06 Job executing on host: <10.10.48.41:20766?addrs=10.10.48.41-20766>
...
006 (8880615.000.000) 12/04 00:30:14 Image size of job updated: 190308
	39  -  MemoryUsage of job (MB)
	39008  -  ResidentSetSize of job (KB)
...
005 (8880615.000.000) 12/04 00:30:15 Job terminated.
	(1) Normal termination (return value 0)
		Usr 0 00:00:01, Sys 0 00:00:00  -  Run Remote Usage
		Usr 0 00:00:00, Sys 0 00:00:00  -  Run Local Usage
		Usr 0 00:00:01, Sys 0 00:00:00  -  Total Remote Usage
		Usr 0 00:00:00, Sys 0 00:00:00  -  Total Local Usage
	0  -  Run Bytes Sent By Job
	0  -  Run Bytes Received By Job
	0  -  Total Bytes Sent By Job
	0  -  Total Bytes Received By Job
	Partitionable Resources :    Usage  Request Allocated
	   Cpus                 :                 1         1
	   Disk (KB)            :        1        1  16724017
	   Memory (MB)          :       39        1      4023
...
000 (8882825.000.000) 12/04 00:57:19 Job submitted from host: <10.10.48.31:12542?addrs=10.10.48.31-12542>
...
001 (8882825.000.000) 12/04 00:57:24 Job executing on host: <10.10.48.41:20766?addrs=10.10.48.41-20766>
...
006 (8882825.000.000) 12/04 00:57:33 Image size of job updated: 185032
	33  -  MemoryUsage of job (MB)
	33532  -  ResidentSetSize of job (KB)
...
006 (8882825.000.000) 12/04 00:59:58 Image size of job updated: 192096
	33  -  MemoryUsage of job (MB)
	33532  -  ResidentSetSize of job (KB)
...
005 (8882825.000.000) 12/04 00:59:58 Job terminated.
	(1) Normal termination (return value 0)
		Usr 0 00:00:44, Sys 0 00:00:01  -  Run Remote Usage
		Usr 0 00:00:00, Sys 0 00:00:00  -  Run Local Usage
		Usr 0 00:00:44, Sys 0 00:00:01  -  Total Remote Usage
		Usr 0 00:00:00, Sys 0 00:00:00  -  Total Local Usage
	0  -  Run Bytes Sent By Job
	0  -  Run Bytes Received By Job
	0  -  Total Bytes Sent By Job
	0  -  Total Bytes Received By Job
	Partitionable Resources :    Usage  Request Allocated
	   Cpus                 :                 1         1
	   Disk (KB)            :        1        1  16724800
	   Memory (MB)          :       33        1      4023
...
