000 (8804725.000.000) 12/02 15:19:14 Job submitted from host: <10.10.48.31:12542?addrs=10.10.48.31-12542>
...
001 (8804725.000.000) 12/02 15:19:23 Job executing on host: <10.10.48.41:20766?addrs=10.10.48.41-20766>
...
006 (8804725.000.000) 12/02 15:19:32 Image size of job updated: 1
	2  -  MemoryUsage of job (MB)
	1816  -  ResidentSetSize of job (KB)
...
006 (8804725.000.000) 12/02 15:23:05 Image size of job updated: 191724
	2  -  MemoryUsage of job (MB)
	1816  -  ResidentSetSize of job (KB)
...
005 (8804725.000.000) 12/02 15:23:05 Job terminated.
	(1) Normal termination (return value 0)
		Usr 0 00:00:53, Sys 0 00:00:01  -  Run Remote Usage
		Usr 0 00:00:00, Sys 0 00:00:00  -  Run Local Usage
		Usr 0 00:00:53, Sys 0 00:00:01  -  Total Remote Usage
		Usr 0 00:00:00, Sys 0 00:00:00  -  Total Local Usage
	0  -  Run Bytes Sent By Job
	0  -  Run Bytes Received By Job
	0  -  Total Bytes Sent By Job
	0  -  Total Bytes Received By Job
	Partitionable Resources :    Usage  Request Allocated
	   Cpus                 :                 1         1
	   Disk (KB)            :        1        1  16725587
	   Memory (MB)          :        2        1      4023
...
000 (8882978.000.000) 12/04 00:57:35 Job submitted from host: <10.10.48.31:12542?addrs=10.10.48.31-12542>
...
001 (8882978.000.000) 12/04 00:58:10 Job executing on host: <10.10.48.145:26377?addrs=10.10.48.145-26377>
...
006 (8882978.000.000) 12/04 00:58:18 Image size of job updated: 177452
	28  -  MemoryUsage of job (MB)
	27900  -  ResidentSetSize of job (KB)
...
006 (8882978.000.000) 12/04 01:03:18 Image size of job updated: 193196
	40  -  MemoryUsage of job (MB)
	40524  -  ResidentSetSize of job (KB)
...
006 (8882978.000.000) 12/04 01:08:19 Image size of job updated: 203200
	50  -  MemoryUsage of job (MB)
	50544  -  ResidentSetSize of job (KB)
...
006 (8882978.000.000) 12/04 01:09:13 Image size of job updated: 205344
	50  -  MemoryUsage of job (MB)
	50544  -  ResidentSetSize of job (KB)
...
005 (8882978.000.000) 12/04 01:09:13 Job terminated.
	(1) Normal termination (return value 0)
		Usr 0 00:03:46, Sys 0 00:00:05  -  Run Remote Usage
		Usr 0 00:00:00, Sys 0 00:00:00  -  Run Local Usage
		Usr 0 00:03:46, Sys 0 00:00:05  -  Total Remote Usage
		Usr 0 00:00:00, Sys 0 00:00:00  -  Total Local Usage
	0  -  Run Bytes Sent By Job
	0  -  Run Bytes Received By Job
	0  -  Total Bytes Sent By Job
	0  -  Total Bytes Received By Job
	Partitionable Resources :    Usage  Request Allocated
	   Cpus                 :                 1         1
	   Disk (KB)            :        1        1  13384792
	   Memory (MB)          :       50        1      6441
...
