000 (8804738.000.000) 12/02 15:19:51 Job submitted from host: <10.10.48.31:12542?addrs=10.10.48.31-12542>
...
001 (8804738.000.000) 12/02 15:19:53 Job executing on host: <10.10.48.35:61041?addrs=10.10.48.35-61041>
...
006 (8804738.000.000) 12/02 15:20:01 Image size of job updated: 184856
	32  -  MemoryUsage of job (MB)
	31848  -  ResidentSetSize of job (KB)
...
006 (8804738.000.000) 12/02 15:24:10 Image size of job updated: 191536
	32  -  MemoryUsage of job (MB)
	31848  -  ResidentSetSize of job (KB)
...
005 (8804738.000.000) 12/02 15:24:10 Job terminated.
	(1) Normal termination (return value 0)
		Usr 0 00:00:57, Sys 0 00:00:01  -  Run Remote Usage
		Usr 0 00:00:00, Sys 0 00:00:00  -  Run Local Usage
		Usr 0 00:00:57, Sys 0 00:00:01  -  Total Remote Usage
		Usr 0 00:00:00, Sys 0 00:00:00  -  Total Local Usage
	0  -  Run Bytes Sent By Job
	0  -  Run Bytes Received By Job
	0  -  Total Bytes Sent By Job
	0  -  Total Bytes Received By Job
	Partitionable Resources :    Usage  Request Allocated
	   Cpus                 :                 1         1
	   Disk (KB)            :        1        1  16724635
	   Memory (MB)          :       32        1      4023
...
000 (8882991.000.000) 12/04 00:57:52 Job submitted from host: <10.10.48.31:12542?addrs=10.10.48.31-12542>
...
001 (8882991.000.000) 12/04 00:58:09 Job executing on host: <10.10.48.143:50448?addrs=10.10.48.143-50448>
...
006 (8882991.000.000) 12/04 00:58:18 Image size of job updated: 185112
	33  -  MemoryUsage of job (MB)
	33608  -  ResidentSetSize of job (KB)
...
006 (8882991.000.000) 12/04 01:02:01 Image size of job updated: 191808
	33  -  MemoryUsage of job (MB)
	33608  -  ResidentSetSize of job (KB)
...
005 (8882991.000.000) 12/04 01:02:01 Job terminated.
	(1) Normal termination (return value 0)
		Usr 0 00:00:43, Sys 0 00:00:01  -  Run Remote Usage
		Usr 0 00:00:00, Sys 0 00:00:00  -  Run Local Usage
		Usr 0 00:00:43, Sys 0 00:00:01  -  Total Remote Usage
		Usr 0 00:00:00, Sys 0 00:00:00  -  Total Local Usage
	0  -  Run Bytes Sent By Job
	0  -  Run Bytes Received By Job
	0  -  Total Bytes Sent By Job
	0  -  Total Bytes Received By Job
	Partitionable Resources :    Usage  Request Allocated
	   Cpus                 :                 1         1
	   Disk (KB)            :        1        1  13384409
	   Memory (MB)          :       33        1      6441
...
