000 (8804626.000.000) 12/02 15:18:58 Job submitted from host: <10.10.48.31:12542?addrs=10.10.48.31-12542>
...
001 (8804626.000.000) 12/02 15:18:59 Job executing on host: <10.10.48.41:20766?addrs=10.10.48.41-20766>
...
006 (8804626.000.000) 12/02 15:19:08 Image size of job updated: 190284
	37  -  MemoryUsage of job (MB)
	36908  -  ResidentSetSize of job (KB)
...
006 (8804626.000.000) 12/02 15:20:57 Image size of job updated: 191688
	37  -  MemoryUsage of job (MB)
	36908  -  ResidentSetSize of job (KB)
...
005 (8804626.000.000) 12/02 15:20:57 Job terminated.
	(1) Normal termination (return value 0)
		Usr 0 00:00:27, Sys 0 00:00:00  -  Run Remote Usage
		Usr 0 00:00:00, Sys 0 00:00:00  -  Run Local Usage
		Usr 0 00:00:27, Sys 0 00:00:00  -  Total Remote Usage
		Usr 0 00:00:00, Sys 0 00:00:00  -  Total Local Usage
	0  -  Run Bytes Sent By Job
	0  -  Run Bytes Received By Job
	0  -  Total Bytes Sent By Job
	0  -  Total Bytes Received By Job
	Partitionable Resources :    Usage  Request Allocated
	   Cpus                 :                 1         1
	   Disk (KB)            :        1        1  16725587
	   Memory (MB)          :       37        1      4023
...
000 (8804914.000.000) 12/02 16:24:43 Job submitted from host: <10.10.48.31:12542?addrs=10.10.48.31-12542>
...
001 (8804914.000.000) 12/02 16:24:52 Job executing on host: <10.10.48.143:50448?addrs=10.10.48.143-50448>
...
006 (8804914.000.000) 12/02 16:25:01 Image size of job updated: 184860
	32  -  MemoryUsage of job (MB)
	32096  -  ResidentSetSize of job (KB)
...
006 (8804914.000.000) 12/02 16:27:38 Image size of job updated: 193892
	32  -  MemoryUsage of job (MB)
	32096  -  ResidentSetSize of job (KB)
...
005 (8804914.000.000) 12/02 16:27:38 Job terminated.
	(1) Normal termination (return value 0)
		Usr 0 00:00:56, Sys 0 00:00:01  -  Run Remote Usage
		Usr 0 00:00:00, Sys 0 00:00:00  -  Run Local Usage
		Usr 0 00:00:56, Sys 0 00:00:01  -  Total Remote Usage
		Usr 0 00:00:00, Sys 0 00:00:00  -  Total Local Usage
	0  -  Run Bytes Sent By Job
	0  -  Run Bytes Received By Job
	0  -  Total Bytes Sent By Job
	0  -  Total Bytes Received By Job
	Partitionable Resources :    Usage  Request Allocated
	   Cpus                 :                 1         1
	   Disk (KB)            :        1        1  13384538
	   Memory (MB)          :       32        1      6441
...
000 (8880618.000.000) 12/04 00:29:57 Job submitted from host: <10.10.48.31:12542?addrs=10.10.48.31-12542>
...
001 (8880618.000.000) 12/04 00:30:06 Job executing on host: <10.10.48.41:20766?addrs=10.10.48.41-20766>
...
006 (8880618.000.000) 12/04 00:30:15 Image size of job updated: 190184
	38  -  MemoryUsage of job (MB)
	38580  -  ResidentSetSize of job (KB)
...
006 (8880618.000.000) 12/04 00:30:54 Image size of job updated: 191520
	38  -  MemoryUsage of job (MB)
	38580  -  ResidentSetSize of job (KB)
...
005 (8880618.000.000) 12/04 00:30:54 Job terminated.
	(1) Normal termination (return value 0)
		Usr 0 00:00:16, Sys 0 00:00:00  -  Run Remote Usage
		Usr 0 00:00:00, Sys 0 00:00:00  -  Run Local Usage
		Usr 0 00:00:16, Sys 0 00:00:00  -  Total Remote Usage
		Usr 0 00:00:00, Sys 0 00:00:00  -  Total Local Usage
	0  -  Run Bytes Sent By Job
	0  -  Run Bytes Received By Job
	0  -  Total Bytes Sent By Job
	0  -  Total Bytes Received By Job
	Partitionable Resources :    Usage  Request Allocated
	   Cpus                 :                 1         1
	   Disk (KB)            :        1        1  16724021
	   Memory (MB)          :       38        1      4023
...
000 (8882828.000.000) 12/04 00:57:19 Job submitted from host: <10.10.48.31:12542?addrs=10.10.48.31-12542>
...
001 (8882828.000.000) 12/04 00:57:25 Job executing on host: <10.10.48.41:20766?addrs=10.10.48.41-20766>
...
006 (8882828.000.000) 12/04 00:57:33 Image size of job updated: 190196
	38  -  MemoryUsage of job (MB)
	38692  -  ResidentSetSize of job (KB)
...
005 (8882828.000.000) 12/04 00:57:38 Job terminated.
	(1) Normal termination (return value 0)
		Usr 0 00:00:03, Sys 0 00:00:00  -  Run Remote Usage
		Usr 0 00:00:00, Sys 0 00:00:00  -  Run Local Usage
		Usr 0 00:00:03, Sys 0 00:00:00  -  Total Remote Usage
		Usr 0 00:00:00, Sys 0 00:00:00  -  Total Local Usage
	0  -  Run Bytes Sent By Job
	0  -  Run Bytes Received By Job
	0  -  Total Bytes Sent By Job
	0  -  Total Bytes Received By Job
	Partitionable Resources :    Usage  Request Allocated
	   Cpus                 :                 1         1
	   Disk (KB)            :        1        1  16724756
	   Memory (MB)          :       38        1      4023
...
