000 (8804697.000.000) 12/02 15:19:08 Job submitted from host: <10.10.48.31:12542?addrs=10.10.48.31-12542>
...
001 (8804697.000.000) 12/02 15:19:23 Job executing on host: <10.10.48.139:49429?addrs=10.10.48.139-49429>
...
006 (8804697.000.000) 12/02 15:19:31 Image size of job updated: 1
	2  -  MemoryUsage of job (MB)
	1868  -  ResidentSetSize of job (KB)
...
006 (8804697.000.000) 12/02 15:24:31 Image size of job updated: 191716
	38  -  MemoryUsage of job (MB)
	37984  -  ResidentSetSize of job (KB)
...
005 (8804697.000.000) 12/02 15:28:53 Job terminated.
	(1) Normal termination (return value 0)
		Usr 0 00:02:34, Sys 0 00:00:04  -  Run Remote Usage
		Usr 0 00:00:00, Sys 0 00:00:00  -  Run Local Usage
		Usr 0 00:02:34, Sys 0 00:00:04  -  Total Remote Usage
		Usr 0 00:00:00, Sys 0 00:00:00  -  Total Local Usage
	0  -  Run Bytes Sent By Job
	0  -  Run Bytes Received By Job
	0  -  Total Bytes Sent By Job
	0  -  Total Bytes Received By Job
	Partitionable Resources :    Usage  Request Allocated
	   Cpus                 :                 1         1
	   Disk (KB)            :        1        1  13383979
	   Memory (MB)          :       38        1      6441
...
000 (8882950.000.000) 12/04 00:57:32 Job submitted from host: <10.10.48.31:12542?addrs=10.10.48.31-12542>
...
001 (8882950.000.000) 12/04 00:58:08 Job executing on host: <10.10.48.139:49429?addrs=10.10.48.139-49429>
...
006 (8882950.000.000) 12/04 00:58:17 Image size of job updated: 181552
	28  -  MemoryUsage of job (MB)
	27860  -  ResidentSetSize of job (KB)
...
006 (8882950.000.000) 12/04 01:03:18 Image size of job updated: 193268
	41  -  MemoryUsage of job (MB)
	41200  -  ResidentSetSize of job (KB)
...
006 (8882950.000.000) 12/04 01:08:18 Image size of job updated: 202116
	49  -  MemoryUsage of job (MB)
	49988  -  ResidentSetSize of job (KB)
...
006 (8882950.000.000) 12/04 01:08:55 Image size of job updated: 203136
	49  -  MemoryUsage of job (MB)
	49988  -  ResidentSetSize of job (KB)
...
005 (8882950.000.000) 12/04 01:08:55 Job terminated.
	(1) Normal termination (return value 0)
		Usr 0 00:04:03, Sys 0 00:00:05  -  Run Remote Usage
		Usr 0 00:00:00, Sys 0 00:00:00  -  Run Local Usage
		Usr 0 00:04:03, Sys 0 00:00:05  -  Total Remote Usage
		Usr 0 00:00:00, Sys 0 00:00:00  -  Total Local Usage
	0  -  Run Bytes Sent By Job
	0  -  Run Bytes Received By Job
	0  -  Total Bytes Sent By Job
	0  -  Total Bytes Received By Job
	Partitionable Resources :    Usage  Request Allocated
	   Cpus                 :                 1         1
	   Disk (KB)            :        1        1  13383709
	   Memory (MB)          :       49        1      6441
...
