000 (8804695.000.000) 12/02 15:19:07 Job submitted from host: <10.10.48.31:12542?addrs=10.10.48.31-12542>
...
001 (8804695.000.000) 12/02 15:19:22 Job executing on host: <10.10.48.139:49429?addrs=10.10.48.139-49429>
...
006 (8804695.000.000) 12/02 15:19:31 Image size of job updated: 136108
	23  -  MemoryUsage of job (MB)
	22868  -  ResidentSetSize of job (KB)
...
006 (8804695.000.000) 12/02 15:22:35 Image size of job updated: 190436
	23  -  MemoryUsage of job (MB)
	22868  -  ResidentSetSize of job (KB)
...
005 (8804695.000.000) 12/02 15:22:35 Job terminated.
	(1) Normal termination (return value 0)
		Usr 0 00:00:36, Sys 0 00:00:01  -  Run Remote Usage
		Usr 0 00:00:00, Sys 0 00:00:00  -  Run Local Usage
		Usr 0 00:00:36, Sys 0 00:00:01  -  Total Remote Usage
		Usr 0 00:00:00, Sys 0 00:00:00  -  Total Local Usage
	0  -  Run Bytes Sent By Job
	0  -  Run Bytes Received By Job
	0  -  Total Bytes Sent By Job
	0  -  Total Bytes Received By Job
	Partitionable Resources :    Usage  Request Allocated
	   Cpus                 :                 1         1
	   Disk (KB)            :        1        1  13383979
	   Memory (MB)          :       23        1      6441
...
000 (8882948.000.000) 12/04 00:57:32 Job submitted from host: <10.10.48.31:12542?addrs=10.10.48.31-12542>
...
001 (8882948.000.000) 12/04 00:58:08 Job executing on host: <10.10.48.139:49429?addrs=10.10.48.139-49429>
...
006 (8882948.000.000) 12/04 00:58:16 Image size of job updated: 177448
	28  -  MemoryUsage of job (MB)
	28040  -  ResidentSetSize of job (KB)
...
006 (8882948.000.000) 12/04 01:03:16 Image size of job updated: 191756
	39  -  MemoryUsage of job (MB)
	39772  -  ResidentSetSize of job (KB)
...
006 (8882948.000.000) 12/04 01:03:41 Image size of job updated: 191896
	39  -  MemoryUsage of job (MB)
	39772  -  ResidentSetSize of job (KB)
...
005 (8882948.000.000) 12/04 01:03:41 Job terminated.
	(1) Normal termination (return value 0)
		Usr 0 00:01:19, Sys 0 00:00:02  -  Run Remote Usage
		Usr 0 00:00:00, Sys 0 00:00:00  -  Run Local Usage
		Usr 0 00:01:19, Sys 0 00:00:02  -  Total Remote Usage
		Usr 0 00:00:00, Sys 0 00:00:00  -  Total Local Usage
	0  -  Run Bytes Sent By Job
	0  -  Run Bytes Received By Job
	0  -  Total Bytes Sent By Job
	0  -  Total Bytes Received By Job
	Partitionable Resources :    Usage  Request Allocated
	   Cpus                 :                 1         1
	   Disk (KB)            :        1        1  13383767
	   Memory (MB)          :       39        1      6441
...
