000 (8804744.000.000) 12/02 15:20:07 Job submitted from host: <10.10.48.31:12542?addrs=10.10.48.31-12542>
...
001 (8804744.000.000) 12/02 15:20:11 Job executing on host: <10.10.48.41:20766?addrs=10.10.48.41-20766>
...
006 (8804744.000.000) 12/02 15:20:19 Image size of job updated: 185116
	32  -  MemoryUsage of job (MB)
	32040  -  ResidentSetSize of job (KB)
...
006 (8804744.000.000) 12/02 15:24:42 Image size of job updated: 191916
	32  -  MemoryUsage of job (MB)
	32040  -  ResidentSetSize of job (KB)
...
005 (8804744.000.000) 12/02 15:24:42 Job terminated.
	(1) Normal termination (return value 0)
		Usr 0 00:00:58, Sys 0 00:00:01  -  Run Remote Usage
		Usr 0 00:00:00, Sys 0 00:00:00  -  Run Local Usage
		Usr 0 00:00:58, Sys 0 00:00:01  -  Total Remote Usage
		Usr 0 00:00:00, Sys 0 00:00:00  -  Total Local Usage
	0  -  Run Bytes Sent By Job
	0  -  Run Bytes Received By Job
	0  -  Total Bytes Sent By Job
	0  -  Total Bytes Received By Job
	Partitionable Resources :    Usage  Request Allocated
	   Cpus                 :                 1         1
	   Disk (KB)            :        1        1  16725587
	   Memory (MB)          :       32        1      4023
...
000 (8883047.000.000) 12/04 00:58:17 Job submitted from host: <10.10.48.31:12542?addrs=10.10.48.31-12542>
...
001 (8883047.000.000) 12/04 00:58:30 Job executing on host: <10.10.48.35:61041?addrs=10.10.48.35-61041>
...
006 (8883047.000.000) 12/04 00:58:39 Image size of job updated: 184864
	32  -  MemoryUsage of job (MB)
	31884  -  ResidentSetSize of job (KB)
...
006 (8883047.000.000) 12/04 01:03:35 Image size of job updated: 192532
	32  -  MemoryUsage of job (MB)
	31884  -  ResidentSetSize of job (KB)
...
005 (8883047.000.000) 12/04 01:03:35 Job terminated.
	(1) Normal termination (return value 0)
		Usr 0 00:01:06, Sys 0 00:00:01  -  Run Remote Usage
		Usr 0 00:00:00, Sys 0 00:00:00  -  Run Local Usage
		Usr 0 00:01:06, Sys 0 00:00:01  -  Total Remote Usage
		Usr 0 00:00:00, Sys 0 00:00:00  -  Total Local Usage
	0  -  Run Bytes Sent By Job
	0  -  Run Bytes Received By Job
	0  -  Total Bytes Sent By Job
	0  -  Total Bytes Received By Job
	Partitionable Resources :    Usage  Request Allocated
	   Cpus                 :                 1         1
	   Disk (KB)            :        1        1  16722370
	   Memory (MB)          :       32        1      4023
...
