000 (8804680.000.000) 12/02 15:19:05 Job submitted from host: <10.10.48.31:12542?addrs=10.10.48.31-12542>
...
001 (8804680.000.000) 12/02 15:19:20 Job executing on host: <10.10.48.139:49429?addrs=10.10.48.139-49429>
...
006 (8804680.000.000) 12/02 15:19:28 Image size of job updated: 181552
	29  -  MemoryUsage of job (MB)
	29532  -  ResidentSetSize of job (KB)
...
006 (8804680.000.000) 12/02 15:24:28 Image size of job updated: 190824
	42  -  MemoryUsage of job (MB)
	42068  -  ResidentSetSize of job (KB)
...
006 (8804680.000.000) 12/02 15:29:28 Image size of job updated: 192008
	43  -  MemoryUsage of job (MB)
	43416  -  ResidentSetSize of job (KB)
...
006 (8804680.000.000) 12/02 15:34:29 Image size of job updated: 193728
	44  -  MemoryUsage of job (MB)
	44968  -  ResidentSetSize of job (KB)
...
006 (8804680.000.000) 12/02 15:38:01 Image size of job updated: 194968
	44  -  MemoryUsage of job (MB)
	44968  -  ResidentSetSize of job (KB)
...
005 (8804680.000.000) 12/02 15:38:01 Job terminated.
	(1) Normal termination (return value 0)
		Usr 0 00:06:11, Sys 0 00:00:09  -  Run Remote Usage
		Usr 0 00:00:00, Sys 0 00:00:00  -  Run Local Usage
		Usr 0 00:06:11, Sys 0 00:00:09  -  Total Remote Usage
		Usr 0 00:00:00, Sys 0 00:00:00  -  Total Local Usage
	0  -  Run Bytes Sent By Job
	0  -  Run Bytes Received By Job
	0  -  Total Bytes Sent By Job
	0  -  Total Bytes Received By Job
	Partitionable Resources :    Usage  Request Allocated
	   Cpus                 :                 1         1
	   Disk (KB)            :        1        1  13383979
	   Memory (MB)          :       44        1      6441
...
000 (8882929.000.000) 12/04 00:57:28 Job submitted from host: <10.10.48.31:12542?addrs=10.10.48.31-12542>
...
001 (8882929.000.000) 12/04 00:57:47 Job executing on host: <10.10.48.35:61041?addrs=10.10.48.35-61041>
...
006 (8882929.000.000) 12/04 00:57:55 Image size of job updated: 181520
	29  -  MemoryUsage of job (MB)
	29224  -  ResidentSetSize of job (KB)
...
006 (8882929.000.000) 12/04 01:01:41 Image size of job updated: 191416
	29  -  MemoryUsage of job (MB)
	29224  -  ResidentSetSize of job (KB)
...
005 (8882929.000.000) 12/04 01:01:41 Job terminated.
	(1) Normal termination (return value 0)
		Usr 0 00:00:58, Sys 0 00:00:01  -  Run Remote Usage
		Usr 0 00:00:00, Sys 0 00:00:00  -  Run Local Usage
		Usr 0 00:00:58, Sys 0 00:00:01  -  Total Remote Usage
		Usr 0 00:00:00, Sys 0 00:00:00  -  Total Local Usage
	0  -  Run Bytes Sent By Job
	0  -  Run Bytes Received By Job
	0  -  Total Bytes Sent By Job
	0  -  Total Bytes Received By Job
	Partitionable Resources :    Usage  Request Allocated
	   Cpus                 :                 1         1
	   Disk (KB)            :        1        1  16722433
	   Memory (MB)          :       29        1      4023
...
