000 (8804701.000.000) 12/02 15:19:08 Job submitted from host: <10.10.48.31:12542?addrs=10.10.48.31-12542>
...
001 (8804701.000.000) 12/02 15:19:21 Job executing on host: <10.10.48.145:26377?addrs=10.10.48.145-26377>
...
006 (8804701.000.000) 12/02 15:19:29 Image size of job updated: 185168
	33  -  MemoryUsage of job (MB)
	33404  -  ResidentSetSize of job (KB)
...
006 (8804701.000.000) 12/02 15:21:31 Image size of job updated: 190896
	33  -  MemoryUsage of job (MB)
	33404  -  ResidentSetSize of job (KB)
...
005 (8804701.000.000) 12/02 15:21:31 Job terminated.
	(1) Normal termination (return value 0)
		Usr 0 00:00:25, Sys 0 00:00:00  -  Run Remote Usage
		Usr 0 00:00:00, Sys 0 00:00:00  -  Run Local Usage
		Usr 0 00:00:25, Sys 0 00:00:00  -  Total Remote Usage
		Usr 0 00:00:00, Sys 0 00:00:00  -  Total Local Usage
	0  -  Run Bytes Sent By Job
	0  -  Run Bytes Received By Job
	0  -  Total Bytes Sent By Job
	0  -  Total Bytes Received By Job
	Partitionable Resources :    Usage  Request Allocated
	   Cpus                 :                 1         1
	   Disk (KB)            :        1        1  13384545
	   Memory (MB)          :       33        1      6441
...
000 (8882954.000.000) 12/04 00:57:33 Job submitted from host: <10.10.48.31:12542?addrs=10.10.48.31-12542>
...
001 (8882954.000.000) 12/04 00:58:09 Job executing on host: <10.10.48.139:49429?addrs=10.10.48.139-49429>
...
006 (8882954.000.000) 12/04 00:58:17 Image size of job updated: 177456
	28  -  MemoryUsage of job (MB)
	27888  -  ResidentSetSize of job (KB)
...
006 (8882954.000.000) 12/04 01:03:17 Image size of job updated: 192784
	40  -  MemoryUsage of job (MB)
	40260  -  ResidentSetSize of job (KB)
...
006 (8882954.000.000) 12/04 01:08:18 Image size of job updated: 200768
	48  -  MemoryUsage of job (MB)
	48272  -  ResidentSetSize of job (KB)
...
006 (8882954.000.000) 12/04 01:10:04 Image size of job updated: 205760
	48  -  MemoryUsage of job (MB)
	48272  -  ResidentSetSize of job (KB)
...
005 (8882954.000.000) 12/04 01:10:04 Job terminated.
	(1) Normal termination (return value 0)
		Usr 0 00:04:33, Sys 0 00:00:06  -  Run Remote Usage
		Usr 0 00:00:00, Sys 0 00:00:00  -  Run Local Usage
		Usr 0 00:04:33, Sys 0 00:00:06  -  Total Remote Usage
		Usr 0 00:00:00, Sys 0 00:00:00  -  Total Local Usage
	0  -  Run Bytes Sent By Job
	0  -  Run Bytes Received By Job
	0  -  Total Bytes Sent By Job
	0  -  Total Bytes Received By Job
	Partitionable Resources :    Usage  Request Allocated
	   Cpus                 :                 1         1
	   Disk (KB)            :        1        1  13383767
	   Memory (MB)          :       48        1      6441
...
