000 (8804700.000.000) 12/02 15:19:08 Job submitted from host: <10.10.48.31:12542?addrs=10.10.48.31-12542>
...
001 (8804700.000.000) 12/02 15:19:20 Job executing on host: <10.10.48.145:26377?addrs=10.10.48.145-26377>
...
006 (8804700.000.000) 12/02 15:19:29 Image size of job updated: 184872
	33  -  MemoryUsage of job (MB)
	33628  -  ResidentSetSize of job (KB)
...
006 (8804700.000.000) 12/02 15:24:30 Image size of job updated: 191828
	41  -  MemoryUsage of job (MB)
	41016  -  ResidentSetSize of job (KB)
...
006 (8804700.000.000) 12/02 15:25:29 Image size of job updated: 192236
	41  -  MemoryUsage of job (MB)
	41016  -  ResidentSetSize of job (KB)
...
005 (8804700.000.000) 12/02 15:25:29 Job terminated.
	(1) Normal termination (return value 0)
		Usr 0 00:01:26, Sys 0 00:00:02  -  Run Remote Usage
		Usr 0 00:00:00, Sys 0 00:00:00  -  Run Local Usage
		Usr 0 00:01:26, Sys 0 00:00:02  -  Total Remote Usage
		Usr 0 00:00:00, Sys 0 00:00:00  -  Total Local Usage
	0  -  Run Bytes Sent By Job
	0  -  Run Bytes Received By Job
	0  -  Total Bytes Sent By Job
	0  -  Total Bytes Received By Job
	Partitionable Resources :    Usage  Request Allocated
	   Cpus                 :                 1         1
	   Disk (KB)            :        1        1  13384545
	   Memory (MB)          :       41        1      6441
...
000 (8882953.000.000) 12/04 00:57:32 Job submitted from host: <10.10.48.31:12542?addrs=10.10.48.31-12542>
...
001 (8882953.000.000) 12/04 00:58:09 Job executing on host: <10.10.48.139:49429?addrs=10.10.48.139-49429>
...
006 (8882953.000.000) 12/04 00:58:17 Image size of job updated: 185084
	33  -  MemoryUsage of job (MB)
	33304  -  ResidentSetSize of job (KB)
...
006 (8882953.000.000) 12/04 00:58:48 Image size of job updated: 190552
	33  -  MemoryUsage of job (MB)
	33304  -  ResidentSetSize of job (KB)
...
005 (8882953.000.000) 12/04 00:58:48 Job terminated.
	(1) Normal termination (return value 0)
		Usr 0 00:00:07, Sys 0 00:00:00  -  Run Remote Usage
		Usr 0 00:00:00, Sys 0 00:00:00  -  Run Local Usage
		Usr 0 00:00:07, Sys 0 00:00:00  -  Total Remote Usage
		Usr 0 00:00:00, Sys 0 00:00:00  -  Total Local Usage
	0  -  Run Bytes Sent By Job
	0  -  Run Bytes Received By Job
	0  -  Total Bytes Sent By Job
	0  -  Total Bytes Received By Job
	Partitionable Resources :    Usage  Request Allocated
	   Cpus                 :                 1         1
	   Disk (KB)            :        1        1  13383767
	   Memory (MB)          :       33        1      6441
...
