000 (8804674.000.000) 12/02 15:19:04 Job submitted from host: <10.10.48.31:12542?addrs=10.10.48.31-12542>
...
001 (8804674.000.000) 12/02 15:19:21 Job executing on host: <10.10.48.35:61041?addrs=10.10.48.35-61041>
...
006 (8804674.000.000) 12/02 15:19:30 Image size of job updated: 184868
	32  -  MemoryUsage of job (MB)
	31848  -  ResidentSetSize of job (KB)
...
006 (8804674.000.000) 12/02 15:24:31 Image size of job updated: 190956
	38  -  MemoryUsage of job (MB)
	38816  -  ResidentSetSize of job (KB)
...
006 (8804674.000.000) 12/02 15:25:19 Image size of job updated: 191248
	38  -  MemoryUsage of job (MB)
	38816  -  ResidentSetSize of job (KB)
...
005 (8804674.000.000) 12/02 15:25:19 Job terminated.
	(1) Normal termination (return value 0)
		Usr 0 00:01:22, Sys 0 00:00:02  -  Run Remote Usage
		Usr 0 00:00:00, Sys 0 00:00:00  -  Run Local Usage
		Usr 0 00:01:22, Sys 0 00:00:02  -  Total Remote Usage
		Usr 0 00:00:00, Sys 0 00:00:00  -  Total Local Usage
	0  -  Run Bytes Sent By Job
	0  -  Run Bytes Received By Job
	0  -  Total Bytes Sent By Job
	0  -  Total Bytes Received By Job
	Partitionable Resources :    Usage  Request Allocated
	   Cpus                 :                 1         1
	   Disk (KB)            :        1        1  16724635
	   Memory (MB)          :       38        1      4023
...
000 (8882911.000.000) 12/04 00:57:27 Job submitted from host: <10.10.48.31:12542?addrs=10.10.48.31-12542>
...
001 (8882911.000.000) 12/04 00:57:45 Job executing on host: <10.10.48.35:61041?addrs=10.10.48.35-61041>
...
006 (8882911.000.000) 12/04 00:57:54 Image size of job updated: 185120
	33  -  MemoryUsage of job (MB)
	33636  -  ResidentSetSize of job (KB)
...
006 (8882911.000.000) 12/04 00:59:35 Image size of job updated: 190300
	33  -  MemoryUsage of job (MB)
	33636  -  ResidentSetSize of job (KB)
...
005 (8882911.000.000) 12/04 00:59:35 Job terminated.
	(1) Normal termination (return value 0)
		Usr 0 00:00:25, Sys 0 00:00:00  -  Run Remote Usage
		Usr 0 00:00:00, Sys 0 00:00:00  -  Run Local Usage
		Usr 0 00:00:25, Sys 0 00:00:00  -  Total Remote Usage
		Usr 0 00:00:00, Sys 0 00:00:00  -  Total Local Usage
	0  -  Run Bytes Sent By Job
	0  -  Run Bytes Received By Job
	0  -  Total Bytes Sent By Job
	0  -  Total Bytes Received By Job
	Partitionable Resources :    Usage  Request Allocated
	   Cpus                 :                 1         1
	   Disk (KB)            :        1        1  16722433
	   Memory (MB)          :       33        1      4023
...
