  21621
  21627
  21633
  21634
  21638
  21641
  21647
  21652
  21657
  21658
  21670
  21677
  21717
  21723
  21730
  21732
  21736
  21738
  21742
  21748
  21754
  21755
  21761
  21765
  21770
  21774
  21778
  21779
  21783
  21788
  21789
  21795
  21799
  21803
  21804
  21808
  21814
  21818
  21822
  21850
  21863
  21867
  21871
  21873
  21876
  21893
  21894
  21895
  21896
  21897
  21898
  21903
  21904
  21910
  21918
  21926
  21928
  21933
  21938
  21943
  21944
  21950
  21956
  21957
  21961
  21965
  21967
  21969
  21982
  21983
  21987
  22024
  22025
  22031
  22036
  22040
  22048
  22052
  22057
  22063
  22068
  22070
  22071
  22075
  22079
  22084
  22085
  22089
  22095
  22099
  22103
  22105
  22110
  22111
  22115
  22119
  22124
  22128
  22129
  22134
  22140
  22141
  22155
  22159
  22160
  22164
  22171
  22172
  22176
  22180
  22181
  22185
  22186
  22193
  22197
  22206
  22207
  22212
  22252
  22260
  22261
  22267
  22273
  22279
  22283
  22290
  22292
  22296
  22316
  22317
  22318
  22320
  22322
  22329
  22331
  22332
  22335
  22336
  22337
  22340
  22344
  22358
  22362
  22368
  22369
  22370
  22378
  22379
  22381
  22382
  22386
  22390
  22391