24327
24333
24334
24336
24343
24348
24360
24365
24366
24371
24376
24381
24382
24388
24389
24394
24395
24400
24418
24419
24424
24429
24430
24435
24436
24441
24442
24443
24449
24450
24452
24454
24459
24460
24461
24466
24467
24468
24481
24482
24484
24485
24493
24495
24497
24507
24508
24515
24516
24517
24523
24536
24537
24541
24576
24581
24582
24588
24592
24593
24594
24595
24596
24597
24653
24654
24655
24656
24657
24658
24663
24664
24665
24670
24671
24672
24677
24678
24679
24720
24831
24832
24833
24839
24840
24841
24842
24843
24844
24845
24850
24851
24852
24853
24858
24859
24860
24861
24866
24867
24868
24869
24870
24871
24872
24873
24874
24880
24881
24882
24889
24891
24892
24898
24899
24904
24905
24906
24913
24914
24916
24917
24918
24925
24931
24932
24934
24939
24944
24953
24961
24966
24970
24971
24976
24981
24982
24984
24985
24991
24993
24994
24995
24996
24998
25004
25009
25010
25011
25016
25017
25023
25029
25034
25039
25044
25045
25050
25051
25056
25057
25113
25118
25122
25124
25125
25127
25128
25131
25132
25133
25135
25136
25137
25138
25140
25141
25143
25148
25149
25150
25151
25153
25154
25155
25209
25210
25211
25212
25213
25218
25219
25267
25280
25286
25287
25288
25291
25292
25294
25295
25296
25297
25298
25311
25317
25322
25323
25324
25329
25331