000 (9637332.000.000) 02/27 16:05:10 Job submitted from host: <10.10.48.31:15410?addrs=10.10.48.31-15410>
...
001 (9637332.000.000) 02/27 16:05:13 Job executing on host: <10.10.48.33:19062?addrs=10.10.48.33-19062>
...
006 (9637332.000.000) 02/27 16:05:21 Image size of job updated: 185064
	31  -  MemoryUsage of job (MB)
	31720  -  ResidentSetSize of job (KB)
...
006 (9637332.000.000) 02/27 16:10:21 Image size of job updated: 191092
	41  -  MemoryUsage of job (MB)
	40996  -  ResidentSetSize of job (KB)
...
006 (9637332.000.000) 02/27 16:13:19 Image size of job updated: 191136
	41  -  MemoryUsage of job (MB)
	40996  -  ResidentSetSize of job (KB)
...
005 (9637332.000.000) 02/27 16:13:19 Job terminated.
	(1) Normal termination (return value 0)
		Usr 0 00:01:01, Sys 0 00:00:01  -  Run Remote Usage
		Usr 0 00:00:00, Sys 0 00:00:00  -  Run Local Usage
		Usr 0 00:01:01, Sys 0 00:00:01  -  Total Remote Usage
		Usr 0 00:00:00, Sys 0 00:00:00  -  Total Local Usage
	0  -  Run Bytes Sent By Job
	0  -  Run Bytes Received By Job
	0  -  Total Bytes Sent By Job
	0  -  Total Bytes Received By Job
	Partitionable Resources :    Usage  Request Allocated
	   Cpus                 :                 1         1
	   Disk (KB)            :        1        1  16723728
	   Memory (MB)          :       41        1      4023
...
000 (9643863.000.000) 02/27 20:47:32 Job submitted from host: <10.10.48.31:15410?addrs=10.10.48.31-15410>
...
001 (9643863.000.000) 02/27 20:47:36 Job executing on host: <10.10.48.143:56523?addrs=10.10.48.143-56523>
...
006 (9643863.000.000) 02/27 20:47:38 Image size of job updated: 230884
	0  -  MemoryUsage of job (MB)
	0  -  ResidentSetSize of job (KB)
...
005 (9643863.000.000) 02/27 20:47:39 Job terminated.
	(1) Normal termination (return value 0)
		Usr 0 00:00:00, Sys 0 00:00:00  -  Run Remote Usage
		Usr 0 00:00:00, Sys 0 00:00:00  -  Run Local Usage
		Usr 0 00:00:00, Sys 0 00:00:00  -  Total Remote Usage
		Usr 0 00:00:00, Sys 0 00:00:00  -  Total Local Usage
	0  -  Run Bytes Sent By Job
	0  -  Run Bytes Received By Job
	0  -  Total Bytes Sent By Job
	0  -  Total Bytes Received By Job
	Partitionable Resources :    Usage  Request Allocated
	   Cpus                 :                 1         1
	   Disk (KB)            :        1        1  13384575
	   Memory (MB)          :        0        1      6441
...
