000 (9637424.000.000) 02/27 16:07:50 Job submitted from host: <10.10.48.31:15410?addrs=10.10.48.31-15410>
...
001 (9637424.000.000) 02/27 16:07:59 Job executing on host: <10.10.48.45:40029?addrs=10.10.48.45-40029>
...
006 (9637424.000.000) 02/27 16:08:09 Image size of job updated: 185568
	32  -  MemoryUsage of job (MB)
	32336  -  ResidentSetSize of job (KB)
...
006 (9637424.000.000) 02/27 16:09:19 Image size of job updated: 192592
	32  -  MemoryUsage of job (MB)
	32336  -  ResidentSetSize of job (KB)
...
005 (9637424.000.000) 02/27 16:09:19 Job terminated.
	(1) Normal termination (return value 0)
		Usr 0 00:00:16, Sys 0 00:00:00  -  Run Remote Usage
		Usr 0 00:00:00, Sys 0 00:00:00  -  Run Local Usage
		Usr 0 00:00:16, Sys 0 00:00:00  -  Total Remote Usage
		Usr 0 00:00:00, Sys 0 00:00:00  -  Total Local Usage
	0  -  Run Bytes Sent By Job
	0  -  Run Bytes Received By Job
	0  -  Total Bytes Sent By Job
	0  -  Total Bytes Received By Job
	Partitionable Resources :    Usage  Request Allocated
	   Cpus                 :                 1         1
	   Disk (KB)            :        1        1  16195855
	   Memory (MB)          :       32        1      4023
...
000 (9643912.000.000) 02/27 20:47:40 Job submitted from host: <10.10.48.31:15410?addrs=10.10.48.31-15410>
...
001 (9643912.000.000) 02/27 20:47:41 Job executing on host: <10.10.48.140:16345?addrs=10.10.48.140-16345>
...
006 (9643912.000.000) 02/27 20:47:43 Image size of job updated: 245044
	0  -  MemoryUsage of job (MB)
	0  -  ResidentSetSize of job (KB)
...
005 (9643912.000.000) 02/27 20:47:43 Job terminated.
	(1) Normal termination (return value 0)
		Usr 0 00:00:00, Sys 0 00:00:00  -  Run Remote Usage
		Usr 0 00:00:00, Sys 0 00:00:00  -  Run Local Usage
		Usr 0 00:00:00, Sys 0 00:00:00  -  Total Remote Usage
		Usr 0 00:00:00, Sys 0 00:00:00  -  Total Local Usage
	0  -  Run Bytes Sent By Job
	0  -  Run Bytes Received By Job
	0  -  Total Bytes Sent By Job
	0  -  Total Bytes Received By Job
	Partitionable Resources :    Usage  Request Allocated
	   Cpus                 :                 1         1
	   Disk (KB)            :        1        1  13384692
	   Memory (MB)          :        0        1      6441
...
