000 (8914370.000.000) 12/10 23:43:07 Job submitted from host: <10.10.48.31:12542?addrs=10.10.48.31-12542>
...
001 (8914370.000.000) 12/10 23:43:14 Job executing on host: <10.10.48.35:61041?addrs=10.10.48.35-61041>
...
006 (8914370.000.000) 12/10 23:43:14 Image size of job updated: 176048
	0  -  MemoryUsage of job (MB)
	0  -  ResidentSetSize of job (KB)
...
005 (8914370.000.000) 12/10 23:43:15 Job terminated.
	(1) Normal termination (return value 1)
		Usr 0 00:00:00, Sys 0 00:00:00  -  Run Remote Usage
		Usr 0 00:00:00, Sys 0 00:00:00  -  Run Local Usage
		Usr 0 00:00:00, Sys 0 00:00:00  -  Total Remote Usage
		Usr 0 00:00:00, Sys 0 00:00:00  -  Total Local Usage
	0  -  Run Bytes Sent By Job
	0  -  Run Bytes Received By Job
	0  -  Total Bytes Sent By Job
	0  -  Total Bytes Received By Job
	Partitionable Resources :    Usage  Request Allocated
	   Cpus                 :                 1         1
	   Disk (KB)            :        1        1  16721137
	   Memory (MB)          :        0        1      4023
...
000 (8914532.000.000) 12/10 23:51:02 Job submitted from host: <10.10.48.31:12542?addrs=10.10.48.31-12542>
...
001 (8914532.000.000) 12/10 23:52:03 Job executing on host: <10.10.48.141:50603?addrs=10.10.48.141-50603>
...
006 (8914532.000.000) 12/10 23:52:11 Image size of job updated: 1
	2  -  MemoryUsage of job (MB)
	1864  -  ResidentSetSize of job (KB)
...
006 (8914532.000.000) 12/10 23:52:56 Image size of job updated: 192556
	2  -  MemoryUsage of job (MB)
	1864  -  ResidentSetSize of job (KB)
...
005 (8914532.000.000) 12/10 23:52:57 Job terminated.
	(1) Normal termination (return value 0)
		Usr 0 00:00:26, Sys 0 00:00:00  -  Run Remote Usage
		Usr 0 00:00:00, Sys 0 00:00:00  -  Run Local Usage
		Usr 0 00:00:26, Sys 0 00:00:00  -  Total Remote Usage
		Usr 0 00:00:00, Sys 0 00:00:00  -  Total Local Usage
	0  -  Run Bytes Sent By Job
	0  -  Run Bytes Received By Job
	0  -  Total Bytes Sent By Job
	0  -  Total Bytes Received By Job
	Partitionable Resources :    Usage  Request Allocated
	   Cpus                 :                 1         1
	   Disk (KB)            :        1        1  13376593
	   Memory (MB)          :        2        1      6441
...
000 (8914694.000.000) 12/11 16:50:04 Job submitted from host: <10.10.48.31:12542?addrs=10.10.48.31-12542>
...
001 (8914694.000.000) 12/11 16:50:12 Job executing on host: <10.10.48.41:20766?addrs=10.10.48.41-20766>
...
006 (8914694.000.000) 12/11 16:50:20 Image size of job updated: 192420
	39  -  MemoryUsage of job (MB)
	39716  -  ResidentSetSize of job (KB)
...
006 (8914694.000.000) 12/11 16:51:10 Image size of job updated: 192448
	39  -  MemoryUsage of job (MB)
	39716  -  ResidentSetSize of job (KB)
...
005 (8914694.000.000) 12/11 16:51:10 Job terminated.
	(1) Normal termination (return value 0)
		Usr 0 00:00:22, Sys 0 00:00:00  -  Run Remote Usage
		Usr 0 00:00:00, Sys 0 00:00:00  -  Run Local Usage
		Usr 0 00:00:22, Sys 0 00:00:00  -  Total Remote Usage
		Usr 0 00:00:00, Sys 0 00:00:00  -  Total Local Usage
	0  -  Run Bytes Sent By Job
	0  -  Run Bytes Received By Job
	0  -  Total Bytes Sent By Job
	0  -  Total Bytes Received By Job
	Partitionable Resources :    Usage  Request Allocated
	   Cpus                 :                 1         1
	   Disk (KB)            :        1        1  16725263
	   Memory (MB)          :       39        1      4023
...
000 (8915456.000.000) 12/11 17:19:16 Job submitted from host: <10.10.48.31:12542?addrs=10.10.48.31-12542>
...
001 (8915456.000.000) 12/11 17:19:46 Job executing on host: <10.10.48.33:59750?addrs=10.10.48.33-59750>
...
006 (8915456.000.000) 12/11 17:19:54 Image size of job updated: 192620
	40  -  MemoryUsage of job (MB)
	40256  -  ResidentSetSize of job (KB)
...
006 (8915456.000.000) 12/11 17:20:13 Image size of job updated: 192792
	40  -  MemoryUsage of job (MB)
	40256  -  ResidentSetSize of job (KB)
...
005 (8915456.000.000) 12/11 17:20:13 Job terminated.
	(1) Normal termination (return value 0)
		Usr 0 00:00:24, Sys 0 00:00:00  -  Run Remote Usage
		Usr 0 00:00:00, Sys 0 00:00:00  -  Run Local Usage
		Usr 0 00:00:24, Sys 0 00:00:00  -  Total Remote Usage
		Usr 0 00:00:00, Sys 0 00:00:00  -  Total Local Usage
	0  -  Run Bytes Sent By Job
	0  -  Run Bytes Received By Job
	0  -  Total Bytes Sent By Job
	0  -  Total Bytes Received By Job
	Partitionable Resources :    Usage  Request Allocated
	   Cpus                 :                 1         1
	   Disk (KB)            :        1        1  16723606
	   Memory (MB)          :       40        1      4023
...
000 (8915882.000.000) 12/11 23:10:20 Job submitted from host: <10.10.48.31:12542?addrs=10.10.48.31-12542>
...
001 (8915882.000.000) 12/11 23:10:24 Job executing on host: <10.10.48.143:50448?addrs=10.10.48.143-50448>
...
006 (8915882.000.000) 12/11 23:10:33 Image size of job updated: 1
	2  -  MemoryUsage of job (MB)
	1868  -  ResidentSetSize of job (KB)
...
006 (8915882.000.000) 12/11 23:10:59 Image size of job updated: 192996
	2  -  MemoryUsage of job (MB)
	1868  -  ResidentSetSize of job (KB)
...
005 (8915882.000.000) 12/11 23:10:59 Job terminated.
	(1) Normal termination (return value 1)
		Usr 0 00:00:10, Sys 0 00:00:00  -  Run Remote Usage
		Usr 0 00:00:00, Sys 0 00:00:00  -  Run Local Usage
		Usr 0 00:00:10, Sys 0 00:00:00  -  Total Remote Usage
		Usr 0 00:00:00, Sys 0 00:00:00  -  Total Local Usage
	0  -  Run Bytes Sent By Job
	0  -  Run Bytes Received By Job
	0  -  Total Bytes Sent By Job
	0  -  Total Bytes Received By Job
	Partitionable Resources :    Usage  Request Allocated
	   Cpus                 :                 1         1
	   Disk (KB)            :        1        1  13384446
	   Memory (MB)          :        2        1      6441
...
000 (8916044.000.000) 12/11 23:23:05 Job submitted from host: <10.10.48.31:12542?addrs=10.10.48.31-12542>
...
001 (8916044.000.000) 12/11 23:23:07 Job executing on host: <10.10.48.139:49429?addrs=10.10.48.139-49429>
...
006 (8916044.000.000) 12/11 23:23:16 Image size of job updated: 192752
	36  -  MemoryUsage of job (MB)
	36664  -  ResidentSetSize of job (KB)
...
006 (8916044.000.000) 12/11 23:23:35 Image size of job updated: 192996
	36  -  MemoryUsage of job (MB)
	36664  -  ResidentSetSize of job (KB)
...
005 (8916044.000.000) 12/11 23:23:35 Job terminated.
	(1) Normal termination (return value 0)
		Usr 0 00:00:09, Sys 0 00:00:00  -  Run Remote Usage
		Usr 0 00:00:00, Sys 0 00:00:00  -  Run Local Usage
		Usr 0 00:00:09, Sys 0 00:00:00  -  Total Remote Usage
		Usr 0 00:00:00, Sys 0 00:00:00  -  Total Local Usage
	0  -  Run Bytes Sent By Job
	0  -  Run Bytes Received By Job
	0  -  Total Bytes Sent By Job
	0  -  Total Bytes Received By Job
	Partitionable Resources :    Usage  Request Allocated
	   Cpus                 :                 1         1
	   Disk (KB)            :        1        1  13385070
	   Memory (MB)          :       36        1      6441
...
000 (9637280.000.000) 02/27 16:03:55 Job submitted from host: <10.10.48.31:15410?addrs=10.10.48.31-15410>
...
001 (9637280.000.000) 02/27 16:03:55 Job executing on host: <10.10.48.146:6748?addrs=10.10.48.146-6748>
...
006 (9637280.000.000) 02/27 16:04:03 Image size of job updated: 1
	0  -  MemoryUsage of job (MB)
	0  -  ResidentSetSize of job (KB)
...
005 (9637280.000.000) 02/27 16:04:03 Job terminated.
	(1) Normal termination (return value 255)
		Usr 0 00:00:00, Sys 0 00:00:00  -  Run Remote Usage
		Usr 0 00:00:00, Sys 0 00:00:00  -  Run Local Usage
		Usr 0 00:00:00, Sys 0 00:00:00  -  Total Remote Usage
		Usr 0 00:00:00, Sys 0 00:00:00  -  Total Local Usage
	0  -  Run Bytes Sent By Job
	0  -  Run Bytes Received By Job
	0  -  Total Bytes Sent By Job
	0  -  Total Bytes Received By Job
	Partitionable Resources :    Usage  Request Allocated
	   Cpus                 :                 1         1
	   Disk (KB)            :        1        1  13350362
	   Memory (MB)          :        0        1      6441
...
000 (9643833.000.000) 02/27 20:47:27 Job submitted from host: <10.10.48.31:15410?addrs=10.10.48.31-15410>
...
001 (9643833.000.000) 02/27 20:47:31 Job executing on host: <10.10.48.143:56523?addrs=10.10.48.143-56523>
...
006 (9643833.000.000) 02/27 20:47:31 Image size of job updated: 252972
	0  -  MemoryUsage of job (MB)
	0  -  ResidentSetSize of job (KB)
...
005 (9643833.000.000) 02/27 20:47:32 Job terminated.
	(1) Normal termination (return value 0)
		Usr 0 00:00:00, Sys 0 00:00:00  -  Run Remote Usage
		Usr 0 00:00:00, Sys 0 00:00:00  -  Run Local Usage
		Usr 0 00:00:00, Sys 0 00:00:00  -  Total Remote Usage
		Usr 0 00:00:00, Sys 0 00:00:00  -  Total Local Usage
	0  -  Run Bytes Sent By Job
	0  -  Run Bytes Received By Job
	0  -  Total Bytes Sent By Job
	0  -  Total Bytes Received By Job
	Partitionable Resources :    Usage  Request Allocated
	   Cpus                 :                 1         1
	   Disk (KB)            :        1        1  13384575
	   Memory (MB)          :        0        1      6441
...
