000 (8914367.000.000) 12/10 23:43:06 Job submitted from host: <10.10.48.31:12542?addrs=10.10.48.31-12542>
...
001 (8914367.000.000) 12/10 23:43:14 Job executing on host: <10.10.48.35:61041?addrs=10.10.48.35-61041>
...
006 (8914367.000.000) 12/10 23:43:14 Image size of job updated: 175216
	0  -  MemoryUsage of job (MB)
	0  -  ResidentSetSize of job (KB)
...
005 (8914367.000.000) 12/10 23:43:14 Job terminated.
	(1) Normal termination (return value 1)
		Usr 0 00:00:00, Sys 0 00:00:00  -  Run Remote Usage
		Usr 0 00:00:00, Sys 0 00:00:00  -  Run Local Usage
		Usr 0 00:00:00, Sys 0 00:00:00  -  Total Remote Usage
		Usr 0 00:00:00, Sys 0 00:00:00  -  Total Local Usage
	0  -  Run Bytes Sent By Job
	0  -  Run Bytes Received By Job
	0  -  Total Bytes Sent By Job
	0  -  Total Bytes Received By Job
	Partitionable Resources :    Usage  Request Allocated
	   Cpus                 :                 1         1
	   Disk (KB)            :        1        1  16721131
	   Memory (MB)          :        0        1      4023
...
000 (8914529.000.000) 12/10 23:50:53 Job submitted from host: <10.10.48.31:12542?addrs=10.10.48.31-12542>
...
001 (8914529.000.000) 12/10 23:51:49 Job executing on host: <10.10.48.132:4924?addrs=10.10.48.132-4924>
...
006 (8914529.000.000) 12/10 23:51:58 Image size of job updated: 185876
	32  -  MemoryUsage of job (MB)
	32392  -  ResidentSetSize of job (KB)
...
006 (8914529.000.000) 12/10 23:55:58 Image size of job updated: 192600
	32  -  MemoryUsage of job (MB)
	32392  -  ResidentSetSize of job (KB)
...
005 (8914529.000.000) 12/10 23:55:58 Job terminated.
	(1) Normal termination (return value 0)
		Usr 0 00:02:36, Sys 0 00:00:02  -  Run Remote Usage
		Usr 0 00:00:00, Sys 0 00:00:00  -  Run Local Usage
		Usr 0 00:02:36, Sys 0 00:00:02  -  Total Remote Usage
		Usr 0 00:00:00, Sys 0 00:00:00  -  Total Local Usage
	0  -  Run Bytes Sent By Job
	0  -  Run Bytes Received By Job
	0  -  Total Bytes Sent By Job
	0  -  Total Bytes Received By Job
	Partitionable Resources :    Usage  Request Allocated
	   Cpus                 :                 1         1
	   Disk (KB)            :        1        1  13377964
	   Memory (MB)          :       32        1      6441
...
000 (8914691.000.000) 12/11 16:50:00 Job submitted from host: <10.10.48.31:12542?addrs=10.10.48.31-12542>
...
001 (8914691.000.000) 12/11 16:50:01 Job executing on host: <10.10.48.141:50603?addrs=10.10.48.141-50603>
...
006 (8914691.000.000) 12/11 16:50:09 Image size of job updated: 185612
	34  -  MemoryUsage of job (MB)
	33860  -  ResidentSetSize of job (KB)
...
006 (8914691.000.000) 12/11 16:54:36 Image size of job updated: 192612
	34  -  MemoryUsage of job (MB)
	33860  -  ResidentSetSize of job (KB)
...
005 (8914691.000.000) 12/11 16:54:36 Job terminated.
	(1) Normal termination (return value 0)
		Usr 0 00:02:41, Sys 0 00:00:02  -  Run Remote Usage
		Usr 0 00:00:00, Sys 0 00:00:00  -  Run Local Usage
		Usr 0 00:02:41, Sys 0 00:00:02  -  Total Remote Usage
		Usr 0 00:00:00, Sys 0 00:00:00  -  Total Local Usage
	0  -  Run Bytes Sent By Job
	0  -  Run Bytes Received By Job
	0  -  Total Bytes Sent By Job
	0  -  Total Bytes Received By Job
	Partitionable Resources :    Usage  Request Allocated
	   Cpus                 :                 1         1
	   Disk (KB)            :        1        1  13376623
	   Memory (MB)          :       34        1      6441
...
000 (8915453.000.000) 12/11 17:19:07 Job submitted from host: <10.10.48.31:12542?addrs=10.10.48.31-12542>
...
001 (8915453.000.000) 12/11 17:19:45 Job executing on host: <10.10.48.33:59750?addrs=10.10.48.33-59750>
...
006 (8915453.000.000) 12/11 17:19:54 Image size of job updated: 192608
	38  -  MemoryUsage of job (MB)
	38464  -  ResidentSetSize of job (KB)
...
006 (8915453.000.000) 12/11 17:22:07 Image size of job updated: 194424
	38  -  MemoryUsage of job (MB)
	38464  -  ResidentSetSize of job (KB)
...
005 (8915453.000.000) 12/11 17:22:07 Job terminated.
	(1) Normal termination (return value 0)
		Usr 0 00:01:59, Sys 0 00:00:02  -  Run Remote Usage
		Usr 0 00:00:00, Sys 0 00:00:00  -  Run Local Usage
		Usr 0 00:01:59, Sys 0 00:00:02  -  Total Remote Usage
		Usr 0 00:00:00, Sys 0 00:00:00  -  Total Local Usage
	0  -  Run Bytes Sent By Job
	0  -  Run Bytes Received By Job
	0  -  Total Bytes Sent By Job
	0  -  Total Bytes Received By Job
	Partitionable Resources :    Usage  Request Allocated
	   Cpus                 :                 1         1
	   Disk (KB)            :        1        1  16723660
	   Memory (MB)          :       38        1      4023
...
000 (8915615.000.000) 12/11 22:48:45 Job submitted from host: <10.10.48.31:12542?addrs=10.10.48.31-12542>
...
001 (8915615.000.000) 12/11 22:48:53 Job executing on host: <10.10.48.141:50603?addrs=10.10.48.141-50603>
...
006 (8915615.000.000) 12/11 22:49:01 Image size of job updated: 185612
	34  -  MemoryUsage of job (MB)
	34148  -  ResidentSetSize of job (KB)
...
006 (8915615.000.000) 12/11 22:52:45 Image size of job updated: 192672
	34  -  MemoryUsage of job (MB)
	34148  -  ResidentSetSize of job (KB)
...
005 (8915615.000.000) 12/11 22:52:45 Job terminated.
	(1) Normal termination (return value 0)
		Usr 0 00:02:01, Sys 0 00:00:02  -  Run Remote Usage
		Usr 0 00:00:00, Sys 0 00:00:00  -  Run Local Usage
		Usr 0 00:02:01, Sys 0 00:00:02  -  Total Remote Usage
		Usr 0 00:00:00, Sys 0 00:00:00  -  Total Local Usage
	0  -  Run Bytes Sent By Job
	0  -  Run Bytes Received By Job
	0  -  Total Bytes Sent By Job
	0  -  Total Bytes Received By Job
	Partitionable Resources :    Usage  Request Allocated
	   Cpus                 :                 1         1
	   Disk (KB)            :        1        1  13376525
	   Memory (MB)          :       34        1      6441
...
000 (8915747.000.000) 12/11 22:58:40 Job submitted from host: <10.10.48.31:12542?addrs=10.10.48.31-12542>
...
001 (8915747.000.000) 12/11 22:58:41 Job executing on host: <10.10.48.35:61041?addrs=10.10.48.35-61041>
...
006 (8915747.000.000) 12/11 22:58:50 Image size of job updated: 185616
	32  -  MemoryUsage of job (MB)
	32392  -  ResidentSetSize of job (KB)
...
006 (8915747.000.000) 12/11 23:00:47 Image size of job updated: 192484
	32  -  MemoryUsage of job (MB)
	32392  -  ResidentSetSize of job (KB)
...
005 (8915747.000.000) 12/11 23:00:47 Job terminated.
	(1) Normal termination (return value 0)
		Usr 0 00:01:26, Sys 0 00:00:01  -  Run Remote Usage
		Usr 0 00:00:00, Sys 0 00:00:00  -  Run Local Usage
		Usr 0 00:01:26, Sys 0 00:00:01  -  Total Remote Usage
		Usr 0 00:00:00, Sys 0 00:00:00  -  Total Local Usage
	0  -  Run Bytes Sent By Job
	0  -  Run Bytes Received By Job
	0  -  Total Bytes Sent By Job
	0  -  Total Bytes Received By Job
	Partitionable Resources :    Usage  Request Allocated
	   Cpus                 :                 1         1
	   Disk (KB)            :        1        1  16721023
	   Memory (MB)          :       32        1      4023
...
000 (8915879.000.000) 12/11 23:10:12 Job submitted from host: <10.10.48.31:12542?addrs=10.10.48.31-12542>
...
001 (8915879.000.000) 12/11 23:10:24 Job executing on host: <10.10.48.41:20766?addrs=10.10.48.41-20766>
...
006 (8915879.000.000) 12/11 23:10:33 Image size of job updated: 185340
	32  -  MemoryUsage of job (MB)
	32132  -  ResidentSetSize of job (KB)
...
006 (8915879.000.000) 12/11 23:14:55 Image size of job updated: 193020
	32  -  MemoryUsage of job (MB)
	32132  -  ResidentSetSize of job (KB)
...
005 (8915879.000.000) 12/11 23:14:55 Job terminated.
	(1) Normal termination (return value 1)
		Usr 0 00:01:18, Sys 0 00:00:02  -  Run Remote Usage
		Usr 0 00:00:00, Sys 0 00:00:00  -  Run Local Usage
		Usr 0 00:01:18, Sys 0 00:00:02  -  Total Remote Usage
		Usr 0 00:00:00, Sys 0 00:00:00  -  Total Local Usage
	0  -  Run Bytes Sent By Job
	0  -  Run Bytes Received By Job
	0  -  Total Bytes Sent By Job
	0  -  Total Bytes Received By Job
	Partitionable Resources :    Usage  Request Allocated
	   Cpus                 :                 1         1
	   Disk (KB)            :        1        1  16725151
	   Memory (MB)          :       32        1      4023
...
000 (8916041.000.000) 12/11 23:23:03 Job submitted from host: <10.10.48.31:12542?addrs=10.10.48.31-12542>
...
001 (8916041.000.000) 12/11 23:23:05 Job executing on host: <10.10.48.145:26377?addrs=10.10.48.145-26377>
...
006 (8916041.000.000) 12/11 23:23:14 Image size of job updated: 192912
	39  -  MemoryUsage of job (MB)
	39932  -  ResidentSetSize of job (KB)
...
006 (8916041.000.000) 12/11 23:26:23 Image size of job updated: 193008
	39  -  MemoryUsage of job (MB)
	39932  -  ResidentSetSize of job (KB)
...
005 (8916041.000.000) 12/11 23:26:23 Job terminated.
	(1) Normal termination (return value 0)
		Usr 0 00:00:52, Sys 0 00:00:01  -  Run Remote Usage
		Usr 0 00:00:00, Sys 0 00:00:00  -  Run Local Usage
		Usr 0 00:00:52, Sys 0 00:00:01  -  Total Remote Usage
		Usr 0 00:00:00, Sys 0 00:00:00  -  Total Local Usage
	0  -  Run Bytes Sent By Job
	0  -  Run Bytes Received By Job
	0  -  Total Bytes Sent By Job
	0  -  Total Bytes Received By Job
	Partitionable Resources :    Usage  Request Allocated
	   Cpus                 :                 1         1
	   Disk (KB)            :        1        1  13384457
	   Memory (MB)          :       39        1      6441
...
000 (8916204.000.000) 12/12 14:25:57 Job submitted from host: <10.10.48.31:12542?addrs=10.10.48.31-12542>
...
001 (8916204.000.000) 12/12 14:25:59 Job executing on host: <10.10.48.139:49429?addrs=10.10.48.139-49429>
...
006 (8916204.000.000) 12/12 14:26:08 Image size of job updated: 184940
	33  -  MemoryUsage of job (MB)
	33380  -  ResidentSetSize of job (KB)
...
006 (8916204.000.000) 12/12 14:29:28 Image size of job updated: 192900
	33  -  MemoryUsage of job (MB)
	33380  -  ResidentSetSize of job (KB)
...
005 (8916204.000.000) 12/12 14:29:28 Job terminated.
	(1) Normal termination (return value 0)
		Usr 0 00:01:01, Sys 0 00:00:01  -  Run Remote Usage
		Usr 0 00:00:00, Sys 0 00:00:00  -  Run Local Usage
		Usr 0 00:01:01, Sys 0 00:00:01  -  Total Remote Usage
		Usr 0 00:00:00, Sys 0 00:00:00  -  Total Local Usage
	0  -  Run Bytes Sent By Job
	0  -  Run Bytes Received By Job
	0  -  Total Bytes Sent By Job
	0  -  Total Bytes Received By Job
	Partitionable Resources :    Usage  Request Allocated
	   Cpus                 :                 1         1
	   Disk (KB)            :        1        1  13385059
	   Memory (MB)          :       33        1      6441
...
000 (9637277.000.000) 02/27 16:03:46 Job submitted from host: <10.10.48.31:15410?addrs=10.10.48.31-15410>
...
001 (9637277.000.000) 02/27 16:03:53 Job executing on host: <10.10.48.134:39779?addrs=10.10.48.134-39779>
...
006 (9637277.000.000) 02/27 16:04:02 Image size of job updated: 185592
	32  -  MemoryUsage of job (MB)
	32396  -  ResidentSetSize of job (KB)
...
005 (9637277.000.000) 02/27 16:05:15 Job terminated.
	(1) Normal termination (return value 255)
		Usr 0 00:00:00, Sys 0 00:00:00  -  Run Remote Usage
		Usr 0 00:00:00, Sys 0 00:00:00  -  Run Local Usage
		Usr 0 00:00:00, Sys 0 00:00:00  -  Total Remote Usage
		Usr 0 00:00:00, Sys 0 00:00:00  -  Total Local Usage
	0  -  Run Bytes Sent By Job
	0  -  Run Bytes Received By Job
	0  -  Total Bytes Sent By Job
	0  -  Total Bytes Received By Job
	Partitionable Resources :    Usage  Request Allocated
	   Cpus                 :                 1         1
	   Disk (KB)            :        1        1  13381777
	   Memory (MB)          :       32        1      6441
...
000 (9643830.000.000) 02/27 20:47:27 Job submitted from host: <10.10.48.31:15410?addrs=10.10.48.31-15410>
...
001 (9643830.000.000) 02/27 20:47:29 Job executing on host: <10.10.48.143:56523?addrs=10.10.48.143-56523>
...
006 (9643830.000.000) 02/27 20:47:30 Image size of job updated: 252796
	0  -  MemoryUsage of job (MB)
	0  -  ResidentSetSize of job (KB)
...
005 (9643830.000.000) 02/27 20:47:30 Job terminated.
	(1) Normal termination (return value 1)
		Usr 0 00:00:00, Sys 0 00:00:00  -  Run Remote Usage
		Usr 0 00:00:00, Sys 0 00:00:00  -  Run Local Usage
		Usr 0 00:00:00, Sys 0 00:00:00  -  Total Remote Usage
		Usr 0 00:00:00, Sys 0 00:00:00  -  Total Local Usage
	0  -  Run Bytes Sent By Job
	0  -  Run Bytes Received By Job
	0  -  Total Bytes Sent By Job
	0  -  Total Bytes Received By Job
	Partitionable Resources :    Usage  Request Allocated
	   Cpus                 :                 1         1
	   Disk (KB)            :        1        1  13384575
	   Memory (MB)          :        0        1      6441
...
