000 (8914384.000.000) 12/10 23:43:09 Job submitted from host: <10.10.48.31:12542?addrs=10.10.48.31-12542>
...
001 (8914384.000.000) 12/10 23:44:16 Job executing on host: <10.10.48.35:61041?addrs=10.10.48.35-61041>
...
006 (8914384.000.000) 12/10 23:44:16 Image size of job updated: 175500
	0  -  MemoryUsage of job (MB)
	0  -  ResidentSetSize of job (KB)
...
005 (8914384.000.000) 12/10 23:44:16 Job terminated.
	(1) Normal termination (return value 1)
		Usr 0 00:00:00, Sys 0 00:00:00  -  Run Remote Usage
		Usr 0 00:00:00, Sys 0 00:00:00  -  Run Local Usage
		Usr 0 00:00:00, Sys 0 00:00:00  -  Total Remote Usage
		Usr 0 00:00:00, Sys 0 00:00:00  -  Total Local Usage
	0  -  Run Bytes Sent By Job
	0  -  Run Bytes Received By Job
	0  -  Total Bytes Sent By Job
	0  -  Total Bytes Received By Job
	Partitionable Resources :    Usage  Request Allocated
	   Cpus                 :                 1         1
	   Disk (KB)            :        1        1  16721132
	   Memory (MB)          :        0        1      4023
...
000 (8914546.000.000) 12/10 23:51:46 Job submitted from host: <10.10.48.31:12542?addrs=10.10.48.31-12542>
...
001 (8914546.000.000) 12/10 23:52:45 Job executing on host: <10.10.48.133:42257?addrs=10.10.48.133-42257>
...
006 (8914546.000.000) 12/10 23:52:53 Image size of job updated: 1
	2  -  MemoryUsage of job (MB)
	1864  -  ResidentSetSize of job (KB)
...
006 (8914546.000.000) 12/10 23:52:59 Image size of job updated: 192236
	2  -  MemoryUsage of job (MB)
	1864  -  ResidentSetSize of job (KB)
...
005 (8914546.000.000) 12/10 23:52:59 Job terminated.
	(1) Normal termination (return value 0)
		Usr 0 00:00:05, Sys 0 00:00:00  -  Run Remote Usage
		Usr 0 00:00:00, Sys 0 00:00:00  -  Run Local Usage
		Usr 0 00:00:05, Sys 0 00:00:00  -  Total Remote Usage
		Usr 0 00:00:00, Sys 0 00:00:00  -  Total Local Usage
	0  -  Run Bytes Sent By Job
	0  -  Run Bytes Received By Job
	0  -  Total Bytes Sent By Job
	0  -  Total Bytes Received By Job
	Partitionable Resources :    Usage  Request Allocated
	   Cpus                 :                 1         1
	   Disk (KB)            :        1        1  13386671
	   Memory (MB)          :        2        1      6441
...
000 (8914708.000.000) 12/11 16:51:04 Job submitted from host: <10.10.48.31:12542?addrs=10.10.48.31-12542>
...
001 (8914708.000.000) 12/11 16:51:05 Job executing on host: <10.10.48.141:50603?addrs=10.10.48.141-50603>
...
006 (8914708.000.000) 12/11 16:51:13 Image size of job updated: 192228
	38  -  MemoryUsage of job (MB)
	38424  -  ResidentSetSize of job (KB)
...
006 (8914708.000.000) 12/11 16:51:20 Image size of job updated: 192384
	38  -  MemoryUsage of job (MB)
	38424  -  ResidentSetSize of job (KB)
...
005 (8914708.000.000) 12/11 16:51:20 Job terminated.
	(1) Normal termination (return value 0)
		Usr 0 00:00:05, Sys 0 00:00:00  -  Run Remote Usage
		Usr 0 00:00:00, Sys 0 00:00:00  -  Run Local Usage
		Usr 0 00:00:05, Sys 0 00:00:00  -  Total Remote Usage
		Usr 0 00:00:00, Sys 0 00:00:00  -  Total Local Usage
	0  -  Run Bytes Sent By Job
	0  -  Run Bytes Received By Job
	0  -  Total Bytes Sent By Job
	0  -  Total Bytes Received By Job
	Partitionable Resources :    Usage  Request Allocated
	   Cpus                 :                 1         1
	   Disk (KB)            :        1        1  13376623
	   Memory (MB)          :       38        1      6441
...
000 (8915470.000.000) 12/11 17:19:38 Job submitted from host: <10.10.48.31:12542?addrs=10.10.48.31-12542>
...
001 (8915470.000.000) 12/11 17:20:13 Job executing on host: <10.10.48.33:59750?addrs=10.10.48.33-59750>
...
006 (8915470.000.000) 12/11 17:20:21 Image size of job updated: 192420
	0  -  MemoryUsage of job (MB)
	0  -  ResidentSetSize of job (KB)
...
005 (8915470.000.000) 12/11 17:20:21 Job terminated.
	(1) Normal termination (return value 0)
		Usr 0 00:00:06, Sys 0 00:00:00  -  Run Remote Usage
		Usr 0 00:00:00, Sys 0 00:00:00  -  Run Local Usage
		Usr 0 00:00:06, Sys 0 00:00:00  -  Total Remote Usage
		Usr 0 00:00:00, Sys 0 00:00:00  -  Total Local Usage
	0  -  Run Bytes Sent By Job
	0  -  Run Bytes Received By Job
	0  -  Total Bytes Sent By Job
	0  -  Total Bytes Received By Job
	Partitionable Resources :    Usage  Request Allocated
	   Cpus                 :                 1         1
	   Disk (KB)            :        1        1  16723606
	   Memory (MB)          :        0        1      4023
...
000 (8915896.000.000) 12/11 23:10:57 Job submitted from host: <10.10.48.31:12542?addrs=10.10.48.31-12542>
...
001 (8915896.000.000) 12/11 23:10:59 Job executing on host: <10.10.48.41:20766?addrs=10.10.48.41-20766>
...
006 (8915896.000.000) 12/11 23:11:07 Image size of job updated: 192620
	38  -  MemoryUsage of job (MB)
	38044  -  ResidentSetSize of job (KB)
...
006 (8915896.000.000) 12/11 23:11:14 Image size of job updated: 192764
	38  -  MemoryUsage of job (MB)
	38044  -  ResidentSetSize of job (KB)
...
005 (8915896.000.000) 12/11 23:11:14 Job terminated.
	(1) Normal termination (return value 1)
		Usr 0 00:00:04, Sys 0 00:00:00  -  Run Remote Usage
		Usr 0 00:00:00, Sys 0 00:00:00  -  Run Local Usage
		Usr 0 00:00:04, Sys 0 00:00:00  -  Total Remote Usage
		Usr 0 00:00:00, Sys 0 00:00:00  -  Total Local Usage
	0  -  Run Bytes Sent By Job
	0  -  Run Bytes Received By Job
	0  -  Total Bytes Sent By Job
	0  -  Total Bytes Received By Job
	Partitionable Resources :    Usage  Request Allocated
	   Cpus                 :                 1         1
	   Disk (KB)            :        1        1  16725205
	   Memory (MB)          :       38        1      4023
...
000 (8916058.000.000) 12/11 23:23:13 Job submitted from host: <10.10.48.31:12542?addrs=10.10.48.31-12542>
...
001 (8916058.000.000) 12/11 23:23:22 Job executing on host: <10.10.48.141:50603?addrs=10.10.48.141-50603>
...
006 (8916058.000.000) 12/11 23:23:30 Image size of job updated: 192520
	0  -  MemoryUsage of job (MB)
	0  -  ResidentSetSize of job (KB)
...
005 (8916058.000.000) 12/11 23:23:30 Job terminated.
	(1) Normal termination (return value 0)
		Usr 0 00:00:00, Sys 0 00:00:00  -  Run Remote Usage
		Usr 0 00:00:00, Sys 0 00:00:00  -  Run Local Usage
		Usr 0 00:00:00, Sys 0 00:00:00  -  Total Remote Usage
		Usr 0 00:00:00, Sys 0 00:00:00  -  Total Local Usage
	0  -  Run Bytes Sent By Job
	0  -  Run Bytes Received By Job
	0  -  Total Bytes Sent By Job
	0  -  Total Bytes Received By Job
	Partitionable Resources :    Usage  Request Allocated
	   Cpus                 :                 1         1
	   Disk (KB)            :        1        1  13376493
	   Memory (MB)          :        0        1      6441
...
