000 (8914322.000.000) 12/10 23:42:57 Job submitted from host: <10.10.48.31:12542?addrs=10.10.48.31-12542>
...
001 (8914322.000.000) 12/10 23:43:05 Job executing on host: <10.10.48.133:42257?addrs=10.10.48.133-42257>
...
006 (8914322.000.000) 12/10 23:43:06 Image size of job updated: 170108
	0  -  MemoryUsage of job (MB)
	0  -  ResidentSetSize of job (KB)
...
005 (8914322.000.000) 12/10 23:43:06 Job terminated.
	(1) Normal termination (return value 1)
		Usr 0 00:00:00, Sys 0 00:00:00  -  Run Remote Usage
		Usr 0 00:00:00, Sys 0 00:00:00  -  Run Local Usage
		Usr 0 00:00:00, Sys 0 00:00:00  -  Total Remote Usage
		Usr 0 00:00:00, Sys 0 00:00:00  -  Total Local Usage
	0  -  Run Bytes Sent By Job
	0  -  Run Bytes Received By Job
	0  -  Total Bytes Sent By Job
	0  -  Total Bytes Received By Job
	Partitionable Resources :    Usage  Request Allocated
	   Cpus                 :                 1         1
	   Disk (KB)            :        1        1  13386734
	   Memory (MB)          :        0        1      6441
...
000 (8914484.000.000) 12/10 23:49:06 Job submitted from host: <10.10.48.31:12542?addrs=10.10.48.31-12542>
...
001 (8914484.000.000) 12/10 23:49:20 Job executing on host: <10.10.48.41:20766?addrs=10.10.48.41-20766>
...
006 (8914484.000.000) 12/10 23:49:28 Image size of job updated: 180380
	29  -  MemoryUsage of job (MB)
	28984  -  ResidentSetSize of job (KB)
...
006 (8914484.000.000) 12/10 23:53:52 Image size of job updated: 193060
	29  -  MemoryUsage of job (MB)
	28984  -  ResidentSetSize of job (KB)
...
005 (8914484.000.000) 12/10 23:53:52 Job terminated.
	(1) Normal termination (return value 0)
		Usr 0 00:02:29, Sys 0 00:00:02  -  Run Remote Usage
		Usr 0 00:00:00, Sys 0 00:00:00  -  Run Local Usage
		Usr 0 00:02:29, Sys 0 00:00:02  -  Total Remote Usage
		Usr 0 00:00:00, Sys 0 00:00:00  -  Total Local Usage
	0  -  Run Bytes Sent By Job
	0  -  Run Bytes Received By Job
	0  -  Total Bytes Sent By Job
	0  -  Total Bytes Received By Job
	Partitionable Resources :    Usage  Request Allocated
	   Cpus                 :                 1         1
	   Disk (KB)            :        1        1  16725277
	   Memory (MB)          :       29        1      4023
...
000 (8914646.000.000) 12/11 16:48:24 Job submitted from host: <10.10.48.31:12542?addrs=10.10.48.31-12542>
...
001 (8914646.000.000) 12/11 16:48:39 Job executing on host: <10.10.48.145:26377?addrs=10.10.48.145-26377>
...
006 (8914646.000.000) 12/11 16:48:47 Image size of job updated: 184224
	32  -  MemoryUsage of job (MB)
	32264  -  ResidentSetSize of job (KB)
...
006 (8914646.000.000) 12/11 16:53:47 Image size of job updated: 192704
	40  -  MemoryUsage of job (MB)
	40868  -  ResidentSetSize of job (KB)
...
006 (8914646.000.000) 12/11 16:54:19 Image size of job updated: 193016
	40  -  MemoryUsage of job (MB)
	40868  -  ResidentSetSize of job (KB)
...
005 (8914646.000.000) 12/11 16:54:19 Job terminated.
	(1) Normal termination (return value 0)
		Usr 0 00:02:48, Sys 0 00:00:02  -  Run Remote Usage
		Usr 0 00:00:00, Sys 0 00:00:00  -  Run Local Usage
		Usr 0 00:02:48, Sys 0 00:00:02  -  Total Remote Usage
		Usr 0 00:00:00, Sys 0 00:00:00  -  Total Local Usage
	0  -  Run Bytes Sent By Job
	0  -  Run Bytes Received By Job
	0  -  Total Bytes Sent By Job
	0  -  Total Bytes Received By Job
	Partitionable Resources :    Usage  Request Allocated
	   Cpus                 :                 1         1
	   Disk (KB)            :        1        1  13384492
	   Memory (MB)          :       40        1      6441
...
000 (8915408.000.000) 12/11 17:17:54 Job submitted from host: <10.10.48.31:12542?addrs=10.10.48.31-12542>
...
001 (8915408.000.000) 12/11 17:18:06 Job executing on host: <10.10.48.135:49492?addrs=10.10.48.135-49492>
...
006 (8915408.000.000) 12/11 17:18:14 Image size of job updated: 175220
	29  -  MemoryUsage of job (MB)
	29404  -  ResidentSetSize of job (KB)
...
006 (8915408.000.000) 12/11 17:21:06 Image size of job updated: 199504
	29  -  MemoryUsage of job (MB)
	29404  -  ResidentSetSize of job (KB)
...
005 (8915408.000.000) 12/11 17:21:06 Job terminated.
	(1) Normal termination (return value 0)
		Usr 0 00:02:34, Sys 0 00:00:02  -  Run Remote Usage
		Usr 0 00:00:00, Sys 0 00:00:00  -  Run Local Usage
		Usr 0 00:02:34, Sys 0 00:00:02  -  Total Remote Usage
		Usr 0 00:00:00, Sys 0 00:00:00  -  Total Local Usage
	0  -  Run Bytes Sent By Job
	0  -  Run Bytes Received By Job
	0  -  Total Bytes Sent By Job
	0  -  Total Bytes Received By Job
	Partitionable Resources :    Usage  Request Allocated
	   Cpus                 :                 1         1
	   Disk (KB)            :        1        1  13377146
	   Memory (MB)          :       29        1      6441
...
000 (8915570.000.000) 12/11 22:47:00 Job submitted from host: <10.10.48.31:12542?addrs=10.10.48.31-12542>
...
001 (8915570.000.000) 12/11 22:47:14 Job executing on host: <10.10.48.145:26377?addrs=10.10.48.145-26377>
...
006 (8915570.000.000) 12/11 22:47:22 Image size of job updated: 180384
	29  -  MemoryUsage of job (MB)
	29100  -  ResidentSetSize of job (KB)
...
006 (8915570.000.000) 12/11 22:52:22 Image size of job updated: 192764
	39  -  MemoryUsage of job (MB)
	39220  -  ResidentSetSize of job (KB)
...
006 (8915570.000.000) 12/11 22:57:23 Image size of job updated: 193452
	40  -  MemoryUsage of job (MB)
	40464  -  ResidentSetSize of job (KB)
...
000 (8915702.000.000) 12/11 22:57:26 Job submitted from host: <10.10.48.31:12542?addrs=10.10.48.31-12542>
...
001 (8915702.000.000) 12/11 22:57:30 Job executing on host: <10.10.48.35:61041?addrs=10.10.48.35-61041>
...
006 (8915702.000.000) 12/11 22:57:38 Image size of job updated: 185784
	34  -  MemoryUsage of job (MB)
	33940  -  ResidentSetSize of job (KB)
...
006 (8915570.000.000) 12/11 23:02:24 Image size of job updated: 194700
	41  -  MemoryUsage of job (MB)
	41472  -  ResidentSetSize of job (KB)
...
006 (8915702.000.000) 12/11 23:02:38 Image size of job updated: 200052
	50  -  MemoryUsage of job (MB)
	50648  -  ResidentSetSize of job (KB)
...
006 (8915570.000.000) 12/11 23:04:56 Image size of job updated: 195248
	41  -  MemoryUsage of job (MB)
	41472  -  ResidentSetSize of job (KB)
...
005 (8915570.000.000) 12/11 23:04:57 Job terminated.
	(1) Normal termination (return value 0)
		Usr 0 00:10:39, Sys 0 00:00:10  -  Run Remote Usage
		Usr 0 00:00:00, Sys 0 00:00:00  -  Run Local Usage
		Usr 0 00:10:39, Sys 0 00:00:10  -  Total Remote Usage
		Usr 0 00:00:00, Sys 0 00:00:00  -  Total Local Usage
	0  -  Run Bytes Sent By Job
	0  -  Run Bytes Received By Job
	0  -  Total Bytes Sent By Job
	0  -  Total Bytes Received By Job
	Partitionable Resources :    Usage  Request Allocated
	   Cpus                 :                 1         1
	   Disk (KB)            :        1        1  13384482
	   Memory (MB)          :       41        1      6441
...
006 (8915702.000.000) 12/11 23:06:37 Image size of job updated: 208624
	50  -  MemoryUsage of job (MB)
	50648  -  ResidentSetSize of job (KB)
...
005 (8915702.000.000) 12/11 23:06:37 Job terminated.
	(1) Normal termination (return value 0)
		Usr 0 00:07:39, Sys 0 00:00:08  -  Run Remote Usage
		Usr 0 00:00:00, Sys 0 00:00:00  -  Run Local Usage
		Usr 0 00:07:39, Sys 0 00:00:08  -  Total Remote Usage
		Usr 0 00:00:00, Sys 0 00:00:00  -  Total Local Usage
	0  -  Run Bytes Sent By Job
	0  -  Run Bytes Received By Job
	0  -  Total Bytes Sent By Job
	0  -  Total Bytes Received By Job
	Partitionable Resources :    Usage  Request Allocated
	   Cpus                 :                 1         1
	   Disk (KB)            :        1        1  16721068
	   Memory (MB)          :       50        1      4023
...
000 (8915834.000.000) 12/11 23:09:10 Job submitted from host: <10.10.48.31:12542?addrs=10.10.48.31-12542>
...
001 (8915834.000.000) 12/11 23:09:25 Job executing on host: <10.10.48.145:26377?addrs=10.10.48.145-26377>
...
006 (8915834.000.000) 12/11 23:09:33 Image size of job updated: 179432
	29  -  MemoryUsage of job (MB)
	29180  -  ResidentSetSize of job (KB)
...
006 (8915834.000.000) 12/11 23:14:33 Image size of job updated: 193564
	41  -  MemoryUsage of job (MB)
	41000  -  ResidentSetSize of job (KB)
...
006 (8915834.000.000) 12/11 23:16:11 Image size of job updated: 193704
	41  -  MemoryUsage of job (MB)
	41000  -  ResidentSetSize of job (KB)
...
005 (8915834.000.000) 12/11 23:16:12 Job terminated.
	(1) Normal termination (return value 1)
		Usr 0 00:01:10, Sys 0 00:00:01  -  Run Remote Usage
		Usr 0 00:00:00, Sys 0 00:00:00  -  Run Local Usage
		Usr 0 00:01:10, Sys 0 00:00:01  -  Total Remote Usage
		Usr 0 00:00:00, Sys 0 00:00:00  -  Total Local Usage
	0  -  Run Bytes Sent By Job
	0  -  Run Bytes Received By Job
	0  -  Total Bytes Sent By Job
	0  -  Total Bytes Received By Job
	Partitionable Resources :    Usage  Request Allocated
	   Cpus                 :                 1         1
	   Disk (KB)            :        1        1  13384436
	   Memory (MB)          :       41        1      6441
...
000 (8915996.000.000) 12/11 23:22:29 Job submitted from host: <10.10.48.31:12542?addrs=10.10.48.31-12542>
...
001 (8915996.000.000) 12/11 23:22:45 Job executing on host: <10.10.48.145:26377?addrs=10.10.48.145-26377>
...
006 (8915996.000.000) 12/11 23:22:53 Image size of job updated: 192944
	37  -  MemoryUsage of job (MB)
	37408  -  ResidentSetSize of job (KB)
...
006 (8915996.000.000) 12/11 23:23:48 Image size of job updated: 193696
	37  -  MemoryUsage of job (MB)
	37408  -  ResidentSetSize of job (KB)
...
005 (8915996.000.000) 12/11 23:23:48 Job terminated.
	(1) Normal termination (return value 0)
		Usr 0 00:00:43, Sys 0 00:00:01  -  Run Remote Usage
		Usr 0 00:00:00, Sys 0 00:00:00  -  Run Local Usage
		Usr 0 00:00:43, Sys 0 00:00:01  -  Total Remote Usage
		Usr 0 00:00:00, Sys 0 00:00:00  -  Total Local Usage
	0  -  Run Bytes Sent By Job
	0  -  Run Bytes Received By Job
	0  -  Total Bytes Sent By Job
	0  -  Total Bytes Received By Job
	Partitionable Resources :    Usage  Request Allocated
	   Cpus                 :                 1         1
	   Disk (KB)            :        1        1  13384459
	   Memory (MB)          :       37        1      6441
...
000 (8916159.000.000) 12/12 14:23:38 Job submitted from host: <10.10.48.31:12542?addrs=10.10.48.31-12542>
...
001 (8916159.000.000) 12/12 14:23:51 Job executing on host: <10.10.48.145:26377?addrs=10.10.48.145-26377>
...
006 (8916159.000.000) 12/12 14:23:59 Image size of job updated: 175340
	29  -  MemoryUsage of job (MB)
	29176  -  ResidentSetSize of job (KB)
...
006 (8916159.000.000) 12/12 14:28:59 Image size of job updated: 259688
	96  -  MemoryUsage of job (MB)
	97480  -  ResidentSetSize of job (KB)
...
006 (8916159.000.000) 12/12 14:34:00 Image size of job updated: 528404
	323  -  MemoryUsage of job (MB)
	330696  -  ResidentSetSize of job (KB)
...
006 (8916159.000.000) 12/12 14:34:38 Image size of job updated: 561272
	323  -  MemoryUsage of job (MB)
	330696  -  ResidentSetSize of job (KB)
...
005 (8916159.000.000) 12/12 14:34:38 Job terminated.
	(1) Normal termination (return value 0)
		Usr 0 00:03:51, Sys 0 00:00:05  -  Run Remote Usage
		Usr 0 00:00:00, Sys 0 00:00:00  -  Run Local Usage
		Usr 0 00:03:51, Sys 0 00:00:05  -  Total Remote Usage
		Usr 0 00:00:00, Sys 0 00:00:00  -  Total Local Usage
	0  -  Run Bytes Sent By Job
	0  -  Run Bytes Received By Job
	0  -  Total Bytes Sent By Job
	0  -  Total Bytes Received By Job
	Partitionable Resources :    Usage  Request Allocated
	   Cpus                 :                 1         1
	   Disk (KB)            :        1        1  13384493
	   Memory (MB)          :      323        1      6441
...
