000 (8914267.000.000) 12/10 23:42:46 Job submitted from host: <10.10.48.31:12542?addrs=10.10.48.31-12542>
...
001 (8914267.000.000) 12/10 23:42:55 Job executing on host: <10.10.48.133:42257?addrs=10.10.48.133-42257>
...
006 (8914267.000.000) 12/10 23:42:55 Image size of job updated: 175200
	0  -  MemoryUsage of job (MB)
	0  -  ResidentSetSize of job (KB)
...
005 (8914267.000.000) 12/10 23:42:57 Job terminated.
	(1) Normal termination (return value 1)
		Usr 0 00:00:00, Sys 0 00:00:00  -  Run Remote Usage
		Usr 0 00:00:00, Sys 0 00:00:00  -  Run Local Usage
		Usr 0 00:00:00, Sys 0 00:00:00  -  Total Remote Usage
		Usr 0 00:00:00, Sys 0 00:00:00  -  Total Local Usage
	0  -  Run Bytes Sent By Job
	0  -  Run Bytes Received By Job
	0  -  Total Bytes Sent By Job
	0  -  Total Bytes Received By Job
	Partitionable Resources :    Usage  Request Allocated
	   Cpus                 :                 1         1
	   Disk (KB)            :        1        1  13386734
	   Memory (MB)          :        0        1      6441
...
000 (8914429.000.000) 12/10 23:48:59 Job submitted from host: <10.10.48.31:12542?addrs=10.10.48.31-12542>
...
001 (8914429.000.000) 12/10 23:50:12 Job executing on host: <10.10.48.35:61041?addrs=10.10.48.35-61041>
...
006 (8914429.000.000) 12/10 23:50:20 Image size of job updated: 190620
	37  -  MemoryUsage of job (MB)
	37524  -  ResidentSetSize of job (KB)
...
006 (8914429.000.000) 12/10 23:51:11 Image size of job updated: 190928
	37  -  MemoryUsage of job (MB)
	37524  -  ResidentSetSize of job (KB)
...
005 (8914429.000.000) 12/10 23:51:11 Job terminated.
	(1) Normal termination (return value 0)
		Usr 0 00:00:34, Sys 0 00:00:00  -  Run Remote Usage
		Usr 0 00:00:00, Sys 0 00:00:00  -  Run Local Usage
		Usr 0 00:00:34, Sys 0 00:00:00  -  Total Remote Usage
		Usr 0 00:00:00, Sys 0 00:00:00  -  Total Local Usage
	0  -  Run Bytes Sent By Job
	0  -  Run Bytes Received By Job
	0  -  Total Bytes Sent By Job
	0  -  Total Bytes Received By Job
	Partitionable Resources :    Usage  Request Allocated
	   Cpus                 :                 1         1
	   Disk (KB)            :        1        1  16721129
	   Memory (MB)          :       37        1      4023
...
000 (8914591.000.000) 12/11 16:48:17 Job submitted from host: <10.10.48.31:12542?addrs=10.10.48.31-12542>
...
001 (8914591.000.000) 12/11 16:48:38 Job executing on host: <10.10.48.141:50603?addrs=10.10.48.141-50603>
...
006 (8914591.000.000) 12/11 16:48:47 Image size of job updated: 186740
	34  -  MemoryUsage of job (MB)
	34632  -  ResidentSetSize of job (KB)
...
006 (8914591.000.000) 12/11 16:49:58 Image size of job updated: 190900
	34  -  MemoryUsage of job (MB)
	34632  -  ResidentSetSize of job (KB)
...
005 (8914591.000.000) 12/11 16:49:58 Job terminated.
	(1) Normal termination (return value 0)
		Usr 0 00:00:39, Sys 0 00:00:00  -  Run Remote Usage
		Usr 0 00:00:00, Sys 0 00:00:00  -  Run Local Usage
		Usr 0 00:00:39, Sys 0 00:00:00  -  Total Remote Usage
		Usr 0 00:00:00, Sys 0 00:00:00  -  Total Local Usage
	0  -  Run Bytes Sent By Job
	0  -  Run Bytes Received By Job
	0  -  Total Bytes Sent By Job
	0  -  Total Bytes Received By Job
	Partitionable Resources :    Usage  Request Allocated
	   Cpus                 :                 1         1
	   Disk (KB)            :        1        1  13376623
	   Memory (MB)          :       34        1      6441
...
000 (8915353.000.000) 12/11 17:17:47 Job submitted from host: <10.10.48.31:12542?addrs=10.10.48.31-12542>
...
001 (8915353.000.000) 12/11 17:18:53 Job executing on host: <10.10.48.33:59750?addrs=10.10.48.33-59750>
...
006 (8915353.000.000) 12/11 17:19:01 Image size of job updated: 192564
	38  -  MemoryUsage of job (MB)
	38396  -  ResidentSetSize of job (KB)
...
006 (8915353.000.000) 12/11 17:19:29 Image size of job updated: 192592
	38  -  MemoryUsage of job (MB)
	38396  -  ResidentSetSize of job (KB)
...
005 (8915353.000.000) 12/11 17:19:29 Job terminated.
	(1) Normal termination (return value 0)
		Usr 0 00:00:29, Sys 0 00:00:00  -  Run Remote Usage
		Usr 0 00:00:00, Sys 0 00:00:00  -  Run Local Usage
		Usr 0 00:00:29, Sys 0 00:00:00  -  Total Remote Usage
		Usr 0 00:00:00, Sys 0 00:00:00  -  Total Local Usage
	0  -  Run Bytes Sent By Job
	0  -  Run Bytes Received By Job
	0  -  Total Bytes Sent By Job
	0  -  Total Bytes Received By Job
	Partitionable Resources :    Usage  Request Allocated
	   Cpus                 :                 1         1
	   Disk (KB)            :        1        1  16723661
	   Memory (MB)          :       38        1      4023
...
000 (8915515.000.000) 12/11 22:46:53 Job submitted from host: <10.10.48.31:12542?addrs=10.10.48.31-12542>
...
001 (8915515.000.000) 12/11 22:47:13 Job executing on host: <10.10.48.141:50603?addrs=10.10.48.141-50603>
...
006 (8915515.000.000) 12/11 22:47:22 Image size of job updated: 183800
	32  -  MemoryUsage of job (MB)
	31772  -  ResidentSetSize of job (KB)
...
006 (8915515.000.000) 12/11 22:49:50 Image size of job updated: 192520
	32  -  MemoryUsage of job (MB)
	31772  -  ResidentSetSize of job (KB)
...
005 (8915515.000.000) 12/11 22:49:50 Job terminated.
	(1) Normal termination (return value 0)
		Usr 0 00:01:06, Sys 0 00:00:01  -  Run Remote Usage
		Usr 0 00:00:00, Sys 0 00:00:00  -  Run Local Usage
		Usr 0 00:01:06, Sys 0 00:00:01  -  Total Remote Usage
		Usr 0 00:00:00, Sys 0 00:00:00  -  Total Local Usage
	0  -  Run Bytes Sent By Job
	0  -  Run Bytes Received By Job
	0  -  Total Bytes Sent By Job
	0  -  Total Bytes Received By Job
	Partitionable Resources :    Usage  Request Allocated
	   Cpus                 :                 1         1
	   Disk (KB)            :        1        1  13376574
	   Memory (MB)          :       32        1      6441
...
000 (8915647.000.000) 12/11 22:56:59 Job submitted from host: <10.10.48.31:12542?addrs=10.10.48.31-12542>
...
001 (8915647.000.000) 12/11 22:57:20 Job executing on host: <10.10.48.141:50603?addrs=10.10.48.141-50603>
...
006 (8915647.000.000) 12/11 22:57:28 Image size of job updated: 192444
	40  -  MemoryUsage of job (MB)
	39952  -  ResidentSetSize of job (KB)
...
005 (8915647.000.000) 12/11 22:58:02 Job terminated.
	(1) Normal termination (return value 0)
		Usr 0 00:00:33, Sys 0 00:00:00  -  Run Remote Usage
		Usr 0 00:00:00, Sys 0 00:00:00  -  Run Local Usage
		Usr 0 00:00:33, Sys 0 00:00:00  -  Total Remote Usage
		Usr 0 00:00:00, Sys 0 00:00:00  -  Total Local Usage
	0  -  Run Bytes Sent By Job
	0  -  Run Bytes Received By Job
	0  -  Total Bytes Sent By Job
	0  -  Total Bytes Received By Job
	Partitionable Resources :    Usage  Request Allocated
	   Cpus                 :                 1         1
	   Disk (KB)            :        1        1  13376549
	   Memory (MB)          :       40        1      6441
...
000 (8915779.000.000) 12/11 23:09:00 Job submitted from host: <10.10.48.31:12542?addrs=10.10.48.31-12542>
...
001 (8915779.000.000) 12/11 23:09:05 Job executing on host: <10.10.48.141:50603?addrs=10.10.48.141-50603>
...
006 (8915779.000.000) 12/11 23:09:14 Image size of job updated: 193072
	39  -  MemoryUsage of job (MB)
	39580  -  ResidentSetSize of job (KB)
...
005 (8915779.000.000) 12/11 23:09:42 Job terminated.
	(1) Normal termination (return value 1)
		Usr 0 00:00:15, Sys 0 00:00:00  -  Run Remote Usage
		Usr 0 00:00:00, Sys 0 00:00:00  -  Run Local Usage
		Usr 0 00:00:15, Sys 0 00:00:00  -  Total Remote Usage
		Usr 0 00:00:00, Sys 0 00:00:00  -  Total Local Usage
	0  -  Run Bytes Sent By Job
	0  -  Run Bytes Received By Job
	0  -  Total Bytes Sent By Job
	0  -  Total Bytes Received By Job
	Partitionable Resources :    Usage  Request Allocated
	   Cpus                 :                 1         1
	   Disk (KB)            :        1        1  13376523
	   Memory (MB)          :       39        1      6441
...
000 (8915941.000.000) 12/11 23:22:22 Job submitted from host: <10.10.48.31:12542?addrs=10.10.48.31-12542>
...
001 (8915941.000.000) 12/11 23:22:43 Job executing on host: <10.10.48.141:50603?addrs=10.10.48.141-50603>
...
006 (8915941.000.000) 12/11 23:22:51 Image size of job updated: 193080
	39  -  MemoryUsage of job (MB)
	39640  -  ResidentSetSize of job (KB)
...
005 (8915941.000.000) 12/11 23:22:52 Job terminated.
	(1) Normal termination (return value 0)
		Usr 0 00:00:07, Sys 0 00:00:00  -  Run Remote Usage
		Usr 0 00:00:00, Sys 0 00:00:00  -  Run Local Usage
		Usr 0 00:00:07, Sys 0 00:00:00  -  Total Remote Usage
		Usr 0 00:00:00, Sys 0 00:00:00  -  Total Local Usage
	0  -  Run Bytes Sent By Job
	0  -  Run Bytes Received By Job
	0  -  Total Bytes Sent By Job
	0  -  Total Bytes Received By Job
	Partitionable Resources :    Usage  Request Allocated
	   Cpus                 :                 1         1
	   Disk (KB)            :        1        1  13376493
	   Memory (MB)          :       39        1      6441
...
000 (8916104.000.000) 12/12 14:23:30 Job submitted from host: <10.10.48.31:12542?addrs=10.10.48.31-12542>
...
001 (8916104.000.000) 12/12 14:23:50 Job executing on host: <10.10.48.141:50603?addrs=10.10.48.141-50603>
...
006 (8916104.000.000) 12/12 14:23:58 Image size of job updated: 175336
	29  -  MemoryUsage of job (MB)
	29352  -  ResidentSetSize of job (KB)
...
006 (8916104.000.000) 12/12 14:26:05 Image size of job updated: 192860
	29  -  MemoryUsage of job (MB)
	29352  -  ResidentSetSize of job (KB)
...
005 (8916104.000.000) 12/12 14:26:05 Job terminated.
	(1) Normal termination (return value 0)
		Usr 0 00:00:26, Sys 0 00:00:00  -  Run Remote Usage
		Usr 0 00:00:00, Sys 0 00:00:00  -  Run Local Usage
		Usr 0 00:00:26, Sys 0 00:00:00  -  Total Remote Usage
		Usr 0 00:00:00, Sys 0 00:00:00  -  Total Local Usage
	0  -  Run Bytes Sent By Job
	0  -  Run Bytes Received By Job
	0  -  Total Bytes Sent By Job
	0  -  Total Bytes Received By Job
	Partitionable Resources :    Usage  Request Allocated
	   Cpus                 :                 1         1
	   Disk (KB)            :        1        1  13376559
	   Memory (MB)          :       29        1      6441
...
