000 (8914364.000.000) 12/10 23:43:06 Job submitted from host: <10.10.48.31:12542?addrs=10.10.48.31-12542>
...
001 (8914364.000.000) 12/10 23:43:14 Job executing on host: <10.10.48.41:20766?addrs=10.10.48.41-20766>
...
006 (8914364.000.000) 12/10 23:43:14 Image size of job updated: 170512
	0  -  MemoryUsage of job (MB)
	0  -  ResidentSetSize of job (KB)
...
005 (8914364.000.000) 12/10 23:43:14 Job terminated.
	(1) Normal termination (return value 1)
		Usr 0 00:00:00, Sys 0 00:00:00  -  Run Remote Usage
		Usr 0 00:00:00, Sys 0 00:00:00  -  Run Local Usage
		Usr 0 00:00:00, Sys 0 00:00:00  -  Total Remote Usage
		Usr 0 00:00:00, Sys 0 00:00:00  -  Total Local Usage
	0  -  Run Bytes Sent By Job
	0  -  Run Bytes Received By Job
	0  -  Total Bytes Sent By Job
	0  -  Total Bytes Received By Job
	Partitionable Resources :    Usage  Request Allocated
	   Cpus                 :                 1         1
	   Disk (KB)            :        1        1  16725290
	   Memory (MB)          :        0        1      4023
...
000 (8914526.000.000) 12/10 23:50:43 Job submitted from host: <10.10.48.31:12542?addrs=10.10.48.31-12542>
...
001 (8914526.000.000) 12/10 23:51:48 Job executing on host: <10.10.48.35:61041?addrs=10.10.48.35-61041>
...
006 (8914526.000.000) 12/10 23:51:57 Image size of job updated: 185608
	34  -  MemoryUsage of job (MB)
	34120  -  ResidentSetSize of job (KB)
...
006 (8914526.000.000) 12/10 23:55:34 Image size of job updated: 192616
	34  -  MemoryUsage of job (MB)
	34120  -  ResidentSetSize of job (KB)
...
005 (8914526.000.000) 12/10 23:55:34 Job terminated.
	(1) Normal termination (return value 0)
		Usr 0 00:02:21, Sys 0 00:00:02  -  Run Remote Usage
		Usr 0 00:00:00, Sys 0 00:00:00  -  Run Local Usage
		Usr 0 00:02:21, Sys 0 00:00:02  -  Total Remote Usage
		Usr 0 00:00:00, Sys 0 00:00:00  -  Total Local Usage
	0  -  Run Bytes Sent By Job
	0  -  Run Bytes Received By Job
	0  -  Total Bytes Sent By Job
	0  -  Total Bytes Received By Job
	Partitionable Resources :    Usage  Request Allocated
	   Cpus                 :                 1         1
	   Disk (KB)            :        1        1  16721129
	   Memory (MB)          :       34        1      4023
...
000 (8914688.000.000) 12/11 16:49:49 Job submitted from host: <10.10.48.31:12542?addrs=10.10.48.31-12542>
...
001 (8914688.000.000) 12/11 16:49:58 Job executing on host: <10.10.48.35:61041?addrs=10.10.48.35-61041>
...
006 (8914688.000.000) 12/11 16:50:07 Image size of job updated: 185604
	32  -  MemoryUsage of job (MB)
	32516  -  ResidentSetSize of job (KB)
...
006 (8914688.000.000) 12/11 16:53:58 Image size of job updated: 192636
	32  -  MemoryUsage of job (MB)
	32516  -  ResidentSetSize of job (KB)
...
005 (8914688.000.000) 12/11 16:53:58 Job terminated.
	(1) Normal termination (return value 0)
		Usr 0 00:02:21, Sys 0 00:00:02  -  Run Remote Usage
		Usr 0 00:00:00, Sys 0 00:00:00  -  Run Local Usage
		Usr 0 00:02:21, Sys 0 00:00:02  -  Total Remote Usage
		Usr 0 00:00:00, Sys 0 00:00:00  -  Total Local Usage
	0  -  Run Bytes Sent By Job
	0  -  Run Bytes Received By Job
	0  -  Total Bytes Sent By Job
	0  -  Total Bytes Received By Job
	Partitionable Resources :    Usage  Request Allocated
	   Cpus                 :                 1         1
	   Disk (KB)            :        1        1  16721110
	   Memory (MB)          :       32        1      4023
...
000 (8915450.000.000) 12/11 17:18:54 Job submitted from host: <10.10.48.31:12542?addrs=10.10.48.31-12542>
...
001 (8915450.000.000) 12/11 17:19:04 Job executing on host: <10.10.48.41:20766?addrs=10.10.48.41-20766>
...
006 (8915450.000.000) 12/11 17:19:13 Image size of job updated: 192496
	39  -  MemoryUsage of job (MB)
	39832  -  ResidentSetSize of job (KB)
...
006 (8915450.000.000) 12/11 17:21:33 Image size of job updated: 197836
	39  -  MemoryUsage of job (MB)
	39832  -  ResidentSetSize of job (KB)
...
005 (8915450.000.000) 12/11 17:21:34 Job terminated.
	(1) Normal termination (return value 0)
		Usr 0 00:02:09, Sys 0 00:00:02  -  Run Remote Usage
		Usr 0 00:00:00, Sys 0 00:00:00  -  Run Local Usage
		Usr 0 00:02:09, Sys 0 00:00:02  -  Total Remote Usage
		Usr 0 00:00:00, Sys 0 00:00:00  -  Total Local Usage
	0  -  Run Bytes Sent By Job
	0  -  Run Bytes Received By Job
	0  -  Total Bytes Sent By Job
	0  -  Total Bytes Received By Job
	Partitionable Resources :    Usage  Request Allocated
	   Cpus                 :                 1         1
	   Disk (KB)            :        1        1  16725244
	   Memory (MB)          :       39        1      4023
...
000 (8915612.000.000) 12/11 22:48:34 Job submitted from host: <10.10.48.31:12542?addrs=10.10.48.31-12542>
...
001 (8915612.000.000) 12/11 22:48:38 Job executing on host: <10.10.48.43:4900?addrs=10.10.48.43-4900>
...
006 (8915612.000.000) 12/11 22:48:47 Image size of job updated: 192396
	37  -  MemoryUsage of job (MB)
	37648  -  ResidentSetSize of job (KB)
...
006 (8915612.000.000) 12/11 22:49:29 Image size of job updated: 192528
	37  -  MemoryUsage of job (MB)
	37648  -  ResidentSetSize of job (KB)
...
005 (8915612.000.000) 12/11 22:49:29 Job terminated.
	(1) Normal termination (return value 0)
		Usr 0 00:00:26, Sys 0 00:00:00  -  Run Remote Usage
		Usr 0 00:00:00, Sys 0 00:00:00  -  Run Local Usage
		Usr 0 00:00:26, Sys 0 00:00:00  -  Total Remote Usage
		Usr 0 00:00:00, Sys 0 00:00:00  -  Total Local Usage
	0  -  Run Bytes Sent By Job
	0  -  Run Bytes Received By Job
	0  -  Total Bytes Sent By Job
	0  -  Total Bytes Received By Job
	Partitionable Resources :    Usage  Request Allocated
	   Cpus                 :                 1         1
	   Disk (KB)            :        1        1  16728038
	   Memory (MB)          :       37        1      4023
...
000 (8915744.000.000) 12/11 22:58:38 Job submitted from host: <10.10.48.31:12542?addrs=10.10.48.31-12542>
...
001 (8915744.000.000) 12/11 22:58:39 Job executing on host: <10.10.48.41:20766?addrs=10.10.48.41-20766>
...
006 (8915744.000.000) 12/11 22:58:48 Image size of job updated: 190864
	38  -  MemoryUsage of job (MB)
	37984  -  ResidentSetSize of job (KB)
...
005 (8915744.000.000) 12/11 22:58:56 Job terminated.
	(1) Normal termination (return value 0)
		Usr 0 00:00:02, Sys 0 00:00:00  -  Run Remote Usage
		Usr 0 00:00:00, Sys 0 00:00:00  -  Run Local Usage
		Usr 0 00:00:02, Sys 0 00:00:00  -  Total Remote Usage
		Usr 0 00:00:00, Sys 0 00:00:00  -  Total Local Usage
	0  -  Run Bytes Sent By Job
	0  -  Run Bytes Received By Job
	0  -  Total Bytes Sent By Job
	0  -  Total Bytes Received By Job
	Partitionable Resources :    Usage  Request Allocated
	   Cpus                 :                 1         1
	   Disk (KB)            :        1        1  16725236
	   Memory (MB)          :       38        1      4023
...
000 (8915876.000.000) 12/11 23:10:11 Job submitted from host: <10.10.48.31:12542?addrs=10.10.48.31-12542>
...
001 (8915876.000.000) 12/11 23:10:12 Job executing on host: <10.10.48.35:61041?addrs=10.10.48.35-61041>
...
006 (8915876.000.000) 12/11 23:10:20 Image size of job updated: 1
	2  -  MemoryUsage of job (MB)
	1816  -  ResidentSetSize of job (KB)
...
006 (8915876.000.000) 12/11 23:14:51 Image size of job updated: 195936
	2  -  MemoryUsage of job (MB)
	1816  -  ResidentSetSize of job (KB)
...
005 (8915876.000.000) 12/11 23:14:51 Job terminated.
	(1) Normal termination (return value 1)
		Usr 0 00:01:12, Sys 0 00:00:02  -  Run Remote Usage
		Usr 0 00:00:00, Sys 0 00:00:00  -  Run Local Usage
		Usr 0 00:01:12, Sys 0 00:00:02  -  Total Remote Usage
		Usr 0 00:00:00, Sys 0 00:00:00  -  Total Local Usage
	0  -  Run Bytes Sent By Job
	0  -  Run Bytes Received By Job
	0  -  Total Bytes Sent By Job
	0  -  Total Bytes Received By Job
	Partitionable Resources :    Usage  Request Allocated
	   Cpus                 :                 1         1
	   Disk (KB)            :        1        1  16721110
	   Memory (MB)          :        2        1      4023
...
000 (8916038.000.000) 12/11 23:23:02 Job submitted from host: <10.10.48.31:12542?addrs=10.10.48.31-12542>
...
001 (8916038.000.000) 12/11 23:23:04 Job executing on host: <10.10.48.41:20766?addrs=10.10.48.41-20766>
...
006 (8916038.000.000) 12/11 23:23:12 Image size of job updated: 184936
	31  -  MemoryUsage of job (MB)
	30856  -  ResidentSetSize of job (KB)
...
006 (8916038.000.000) 12/11 23:26:29 Image size of job updated: 195820
	31  -  MemoryUsage of job (MB)
	30856  -  ResidentSetSize of job (KB)
...
005 (8916038.000.000) 12/11 23:26:29 Job terminated.
	(1) Normal termination (return value 0)
		Usr 0 00:00:50, Sys 0 00:00:02  -  Run Remote Usage
		Usr 0 00:00:00, Sys 0 00:00:00  -  Run Local Usage
		Usr 0 00:00:50, Sys 0 00:00:02  -  Total Remote Usage
		Usr 0 00:00:00, Sys 0 00:00:00  -  Total Local Usage
	0  -  Run Bytes Sent By Job
	0  -  Run Bytes Received By Job
	0  -  Total Bytes Sent By Job
	0  -  Total Bytes Received By Job
	Partitionable Resources :    Usage  Request Allocated
	   Cpus                 :                 1         1
	   Disk (KB)            :        1        1  16725172
	   Memory (MB)          :       31        1      4023
...
000 (8916201.000.000) 12/12 14:25:15 Job submitted from host: <10.10.48.31:12542?addrs=10.10.48.31-12542>
...
001 (8916201.000.000) 12/12 14:25:27 Job executing on host: <10.10.48.145:26377?addrs=10.10.48.145-26377>
...
006 (8916201.000.000) 12/12 14:25:36 Image size of job updated: 192848
	38  -  MemoryUsage of job (MB)
	38060  -  ResidentSetSize of job (KB)
...
005 (8916201.000.000) 12/12 14:25:56 Job terminated.
	(1) Normal termination (return value 0)
		Usr 0 00:00:05, Sys 0 00:00:00  -  Run Remote Usage
		Usr 0 00:00:00, Sys 0 00:00:00  -  Run Local Usage
		Usr 0 00:00:05, Sys 0 00:00:00  -  Total Remote Usage
		Usr 0 00:00:00, Sys 0 00:00:00  -  Total Local Usage
	0  -  Run Bytes Sent By Job
	0  -  Run Bytes Received By Job
	0  -  Total Bytes Sent By Job
	0  -  Total Bytes Received By Job
	Partitionable Resources :    Usage  Request Allocated
	   Cpus                 :                 1         1
	   Disk (KB)            :        1        1  13384493
	   Memory (MB)          :       38        1      6441
...
