000 (8914287.000.000) 12/10 23:42:48 Job submitted from host: <10.10.48.31:12542?addrs=10.10.48.31-12542>
...
001 (8914287.000.000) 12/10 23:42:55 Job executing on host: <10.10.48.137:19458?addrs=10.10.48.137-19458>
...
006 (8914287.000.000) 12/10 23:42:55 Image size of job updated: 172796
	0  -  MemoryUsage of job (MB)
	0  -  ResidentSetSize of job (KB)
...
005 (8914287.000.000) 12/10 23:42:56 Job terminated.
	(1) Normal termination (return value 1)
		Usr 0 00:00:00, Sys 0 00:00:00  -  Run Remote Usage
		Usr 0 00:00:00, Sys 0 00:00:00  -  Run Local Usage
		Usr 0 00:00:00, Sys 0 00:00:00  -  Total Remote Usage
		Usr 0 00:00:00, Sys 0 00:00:00  -  Total Local Usage
	0  -  Run Bytes Sent By Job
	0  -  Run Bytes Received By Job
	0  -  Total Bytes Sent By Job
	0  -  Total Bytes Received By Job
	Partitionable Resources :    Usage  Request Allocated
	   Cpus                 :                 1         1
	   Disk (KB)            :        1        1  13377615
	   Memory (MB)          :        0        1      6441
...
000 (8914449.000.000) 12/10 23:49:01 Job submitted from host: <10.10.48.31:12542?addrs=10.10.48.31-12542>
...
001 (8914449.000.000) 12/10 23:49:20 Job executing on host: <10.10.48.133:42257?addrs=10.10.48.133-42257>
...
006 (8914449.000.000) 12/10 23:49:28 Image size of job updated: 162668
	26  -  MemoryUsage of job (MB)
	26208  -  ResidentSetSize of job (KB)
...
006 (8914449.000.000) 12/10 23:50:18 Image size of job updated: 192536
	26  -  MemoryUsage of job (MB)
	26208  -  ResidentSetSize of job (KB)
...
005 (8914449.000.000) 12/10 23:50:18 Job terminated.
	(1) Normal termination (return value 0)
		Usr 0 00:00:28, Sys 0 00:00:00  -  Run Remote Usage
		Usr 0 00:00:00, Sys 0 00:00:00  -  Run Local Usage
		Usr 0 00:00:28, Sys 0 00:00:00  -  Total Remote Usage
		Usr 0 00:00:00, Sys 0 00:00:00  -  Total Local Usage
	0  -  Run Bytes Sent By Job
	0  -  Run Bytes Received By Job
	0  -  Total Bytes Sent By Job
	0  -  Total Bytes Received By Job
	Partitionable Resources :    Usage  Request Allocated
	   Cpus                 :                 1         1
	   Disk (KB)            :        1        1  13386673
	   Memory (MB)          :       26        1      6441
...
000 (8914611.000.000) 12/11 16:48:20 Job submitted from host: <10.10.48.31:12542?addrs=10.10.48.31-12542>
...
001 (8914611.000.000) 12/11 16:48:39 Job executing on host: <10.10.48.35:61041?addrs=10.10.48.35-61041>
...
006 (8914611.000.000) 12/11 16:48:47 Image size of job updated: 170244
	28  -  MemoryUsage of job (MB)
	28428  -  ResidentSetSize of job (KB)
...
006 (8914611.000.000) 12/11 16:50:17 Image size of job updated: 192468
	28  -  MemoryUsage of job (MB)
	28428  -  ResidentSetSize of job (KB)
...
005 (8914611.000.000) 12/11 16:50:17 Job terminated.
	(1) Normal termination (return value 0)
		Usr 0 00:00:30, Sys 0 00:00:00  -  Run Remote Usage
		Usr 0 00:00:00, Sys 0 00:00:00  -  Run Local Usage
		Usr 0 00:00:30, Sys 0 00:00:00  -  Total Remote Usage
		Usr 0 00:00:00, Sys 0 00:00:00  -  Total Local Usage
	0  -  Run Bytes Sent By Job
	0  -  Run Bytes Received By Job
	0  -  Total Bytes Sent By Job
	0  -  Total Bytes Received By Job
	Partitionable Resources :    Usage  Request Allocated
	   Cpus                 :                 1         1
	   Disk (KB)            :        1        1  16721155
	   Memory (MB)          :       28        1      4023
...
000 (8915373.000.000) 12/11 17:17:50 Job submitted from host: <10.10.48.31:12542?addrs=10.10.48.31-12542>
...
001 (8915373.000.000) 12/11 17:18:04 Job executing on host: <10.10.48.37:22739?addrs=10.10.48.37-22739>
...
006 (8915373.000.000) 12/11 17:18:13 Image size of job updated: 116924
	20  -  MemoryUsage of job (MB)
	19716  -  ResidentSetSize of job (KB)
...
006 (8915373.000.000) 12/11 17:18:48 Image size of job updated: 192472
	20  -  MemoryUsage of job (MB)
	19716  -  ResidentSetSize of job (KB)
...
005 (8915373.000.000) 12/11 17:18:48 Job terminated.
	(1) Normal termination (return value 0)
		Usr 0 00:00:24, Sys 0 00:00:00  -  Run Remote Usage
		Usr 0 00:00:00, Sys 0 00:00:00  -  Run Local Usage
		Usr 0 00:00:24, Sys 0 00:00:00  -  Total Remote Usage
		Usr 0 00:00:00, Sys 0 00:00:00  -  Total Local Usage
	0  -  Run Bytes Sent By Job
	0  -  Run Bytes Received By Job
	0  -  Total Bytes Sent By Job
	0  -  Total Bytes Received By Job
	Partitionable Resources :    Usage  Request Allocated
	   Cpus                 :                 1         1
	   Disk (KB)            :        1        1  16727214
	   Memory (MB)          :       20        1      4023
...
000 (8915535.000.000) 12/11 22:46:55 Job submitted from host: <10.10.48.31:12542?addrs=10.10.48.31-12542>
...
001 (8915535.000.000) 12/11 22:47:13 Job executing on host: <10.10.48.35:61041?addrs=10.10.48.35-61041>
...
006 (8915535.000.000) 12/11 22:47:22 Image size of job updated: 170516
	29  -  MemoryUsage of job (MB)
	28696  -  ResidentSetSize of job (KB)
...
006 (8915535.000.000) 12/11 22:52:22 Image size of job updated: 192672
	40  -  MemoryUsage of job (MB)
	40172  -  ResidentSetSize of job (KB)
...
000 (8915667.000.000) 12/11 22:57:02 Job submitted from host: <10.10.48.31:12542?addrs=10.10.48.31-12542>
...
001 (8915667.000.000) 12/11 22:57:20 Job executing on host: <10.10.48.35:61041?addrs=10.10.48.35-61041>
...
006 (8915535.000.000) 12/11 22:57:22 Image size of job updated: 193172
	44  -  MemoryUsage of job (MB)
	44232  -  ResidentSetSize of job (KB)
...
006 (8915667.000.000) 12/11 22:57:28 Image size of job updated: 192572
	40  -  MemoryUsage of job (MB)
	39976  -  ResidentSetSize of job (KB)
...
006 (8915535.000.000) 12/11 22:59:38 Image size of job updated: 193840
	44  -  MemoryUsage of job (MB)
	44232  -  ResidentSetSize of job (KB)
...
005 (8915535.000.000) 12/11 22:59:39 Job terminated.
	(1) Normal termination (return value 0)
		Usr 0 00:06:59, Sys 0 00:00:07  -  Run Remote Usage
		Usr 0 00:00:00, Sys 0 00:00:00  -  Run Local Usage
		Usr 0 00:06:59, Sys 0 00:00:07  -  Total Remote Usage
		Usr 0 00:00:00, Sys 0 00:00:00  -  Total Local Usage
	0  -  Run Bytes Sent By Job
	0  -  Run Bytes Received By Job
	0  -  Total Bytes Sent By Job
	0  -  Total Bytes Received By Job
	Partitionable Resources :    Usage  Request Allocated
	   Cpus                 :                 1         1
	   Disk (KB)            :        1        1  16721100
	   Memory (MB)          :       44        1      4023
...
006 (8915667.000.000) 12/11 23:02:18 Image size of job updated: 200796
	40  -  MemoryUsage of job (MB)
	39976  -  ResidentSetSize of job (KB)
...
005 (8915667.000.000) 12/11 23:02:18 Job terminated.
	(1) Normal termination (return value 0)
		Usr 0 00:04:44, Sys 0 00:00:04  -  Run Remote Usage
		Usr 0 00:00:00, Sys 0 00:00:00  -  Run Local Usage
		Usr 0 00:04:44, Sys 0 00:00:04  -  Total Remote Usage
		Usr 0 00:00:00, Sys 0 00:00:00  -  Total Local Usage
	0  -  Run Bytes Sent By Job
	0  -  Run Bytes Received By Job
	0  -  Total Bytes Sent By Job
	0  -  Total Bytes Received By Job
	Partitionable Resources :    Usage  Request Allocated
	   Cpus                 :                 1         1
	   Disk (KB)            :        1        1  16721068
	   Memory (MB)          :       40        1      4023
...
000 (8915799.000.000) 12/11 23:09:05 Job submitted from host: <10.10.48.31:12542?addrs=10.10.48.31-12542>
...
001 (8915799.000.000) 12/11 23:09:20 Job executing on host: <10.10.48.141:50603?addrs=10.10.48.141-50603>
...
006 (8915799.000.000) 12/11 23:09:28 Image size of job updated: 192920
	38  -  MemoryUsage of job (MB)
	38168  -  ResidentSetSize of job (KB)
...
006 (8915799.000.000) 12/11 23:10:10 Image size of job updated: 192980
	38  -  MemoryUsage of job (MB)
	38168  -  ResidentSetSize of job (KB)
...
005 (8915799.000.000) 12/11 23:10:10 Job terminated.
	(1) Normal termination (return value 1)
		Usr 0 00:00:14, Sys 0 00:00:00  -  Run Remote Usage
		Usr 0 00:00:00, Sys 0 00:00:00  -  Run Local Usage
		Usr 0 00:00:14, Sys 0 00:00:00  -  Total Remote Usage
		Usr 0 00:00:00, Sys 0 00:00:00  -  Total Local Usage
	0  -  Run Bytes Sent By Job
	0  -  Run Bytes Received By Job
	0  -  Total Bytes Sent By Job
	0  -  Total Bytes Received By Job
	Partitionable Resources :    Usage  Request Allocated
	   Cpus                 :                 1         1
	   Disk (KB)            :        1        1  13376523
	   Memory (MB)          :       38        1      6441
...
000 (8915961.000.000) 12/11 23:22:24 Job submitted from host: <10.10.48.31:12542?addrs=10.10.48.31-12542>
...
001 (8915961.000.000) 12/11 23:22:43 Job executing on host: <10.10.48.35:61041?addrs=10.10.48.35-61041>
...
006 (8915961.000.000) 12/11 23:22:52 Image size of job updated: 192860
	37  -  MemoryUsage of job (MB)
	37176  -  ResidentSetSize of job (KB)
...
006 (8915961.000.000) 12/11 23:23:04 Image size of job updated: 192992
	37  -  MemoryUsage of job (MB)
	37176  -  ResidentSetSize of job (KB)
...
005 (8915961.000.000) 12/11 23:23:04 Job terminated.
	(1) Normal termination (return value 0)
		Usr 0 00:00:06, Sys 0 00:00:00  -  Run Remote Usage
		Usr 0 00:00:00, Sys 0 00:00:00  -  Run Local Usage
		Usr 0 00:00:06, Sys 0 00:00:00  -  Total Remote Usage
		Usr 0 00:00:00, Sys 0 00:00:00  -  Total Local Usage
	0  -  Run Bytes Sent By Job
	0  -  Run Bytes Received By Job
	0  -  Total Bytes Sent By Job
	0  -  Total Bytes Received By Job
	Partitionable Resources :    Usage  Request Allocated
	   Cpus                 :                 1         1
	   Disk (KB)            :        1        1  16721084
	   Memory (MB)          :       37        1      4023
...
000 (8916124.000.000) 12/12 14:23:33 Job submitted from host: <10.10.48.31:12542?addrs=10.10.48.31-12542>
...
001 (8916124.000.000) 12/12 14:23:50 Job executing on host: <10.10.48.35:61041?addrs=10.10.48.35-61041>
...
006 (8916124.000.000) 12/12 14:23:59 Image size of job updated: 116128
	19  -  MemoryUsage of job (MB)
	18864  -  ResidentSetSize of job (KB)
...
006 (8916124.000.000) 12/12 14:29:00 Image size of job updated: 260304
	98  -  MemoryUsage of job (MB)
	100304  -  ResidentSetSize of job (KB)
...
006 (8916124.000.000) 12/12 14:34:00 Image size of job updated: 438412
	270  -  MemoryUsage of job (MB)
	275716  -  ResidentSetSize of job (KB)
...
006 (8916124.000.000) 12/12 14:34:31 Image size of job updated: 456276
	270  -  MemoryUsage of job (MB)
	275716  -  ResidentSetSize of job (KB)
...
005 (8916124.000.000) 12/12 14:34:31 Job terminated.
	(1) Normal termination (return value 0)
		Usr 0 00:04:23, Sys 0 00:00:06  -  Run Remote Usage
		Usr 0 00:00:00, Sys 0 00:00:00  -  Run Local Usage
		Usr 0 00:04:23, Sys 0 00:00:06  -  Total Remote Usage
		Usr 0 00:00:00, Sys 0 00:00:00  -  Total Local Usage
	0  -  Run Bytes Sent By Job
	0  -  Run Bytes Received By Job
	0  -  Total Bytes Sent By Job
	0  -  Total Bytes Received By Job
	Partitionable Resources :    Usage  Request Allocated
	   Cpus                 :                 1         1
	   Disk (KB)            :        1        1  16721064
	   Memory (MB)          :      270        1      4023
...
