000 (9637385.000.000) 02/27 16:06:14 Job submitted from host: <10.10.48.31:15410?addrs=10.10.48.31-15410>
...
001 (9637385.000.000) 02/27 16:06:20 Job executing on host: <10.10.48.140:16345?addrs=10.10.48.140-16345>
...
006 (9637385.000.000) 02/27 16:06:28 Image size of job updated: 176156
	30  -  MemoryUsage of job (MB)
	30196  -  ResidentSetSize of job (KB)
...
006 (9637385.000.000) 02/27 16:16:29 Image size of job updated: 192524
	39  -  MemoryUsage of job (MB)
	39904  -  ResidentSetSize of job (KB)
...
005 (9637385.000.000) 02/27 16:17:19 Job terminated.
	(1) Normal termination (return value 0)
		Usr 0 00:01:23, Sys 0 00:00:01  -  Run Remote Usage
		Usr 0 00:00:00, Sys 0 00:00:00  -  Run Local Usage
		Usr 0 00:01:23, Sys 0 00:00:01  -  Total Remote Usage
		Usr 0 00:00:00, Sys 0 00:00:00  -  Total Local Usage
	0  -  Run Bytes Sent By Job
	0  -  Run Bytes Received By Job
	0  -  Total Bytes Sent By Job
	0  -  Total Bytes Received By Job
	Partitionable Resources :    Usage  Request Allocated
	   Cpus                 :                 1         1
	   Disk (KB)            :        1        1  13384816
	   Memory (MB)          :       39        1      6441
...
000 (9643896.000.000) 02/27 20:47:38 Job submitted from host: <10.10.48.31:15410?addrs=10.10.48.31-15410>
...
001 (9643896.000.000) 02/27 20:47:40 Job executing on host: <10.10.48.140:16345?addrs=10.10.48.140-16345>
...
006 (9643896.000.000) 02/27 20:47:41 Image size of job updated: 248460
	0  -  MemoryUsage of job (MB)
	0  -  ResidentSetSize of job (KB)
...
005 (9643896.000.000) 02/27 20:47:41 Job terminated.
	(1) Normal termination (return value 2)
		Usr 0 00:00:00, Sys 0 00:00:00  -  Run Remote Usage
		Usr 0 00:00:00, Sys 0 00:00:00  -  Run Local Usage
		Usr 0 00:00:00, Sys 0 00:00:00  -  Total Remote Usage
		Usr 0 00:00:00, Sys 0 00:00:00  -  Total Local Usage
	0  -  Run Bytes Sent By Job
	0  -  Run Bytes Received By Job
	0  -  Total Bytes Sent By Job
	0  -  Total Bytes Received By Job
	Partitionable Resources :    Usage  Request Allocated
	   Cpus                 :                 1         1
	   Disk (KB)            :        1        1  13384692
	   Memory (MB)          :        0        1      6441
...
