000 (8914345.000.000) 12/10 23:43:02 Job submitted from host: <10.10.48.31:12542?addrs=10.10.48.31-12542>
...
001 (8914345.000.000) 12/10 23:43:11 Job executing on host: <10.10.48.133:42257?addrs=10.10.48.133-42257>
...
006 (8914345.000.000) 12/10 23:43:11 Image size of job updated: 174992
	0  -  MemoryUsage of job (MB)
	0  -  ResidentSetSize of job (KB)
...
005 (8914345.000.000) 12/10 23:43:12 Job terminated.
	(1) Normal termination (return value 1)
		Usr 0 00:00:00, Sys 0 00:00:00  -  Run Remote Usage
		Usr 0 00:00:00, Sys 0 00:00:00  -  Run Local Usage
		Usr 0 00:00:00, Sys 0 00:00:00  -  Total Remote Usage
		Usr 0 00:00:00, Sys 0 00:00:00  -  Total Local Usage
	0  -  Run Bytes Sent By Job
	0  -  Run Bytes Received By Job
	0  -  Total Bytes Sent By Job
	0  -  Total Bytes Received By Job
	Partitionable Resources :    Usage  Request Allocated
	   Cpus                 :                 1         1
	   Disk (KB)            :        1        1  13386734
	   Memory (MB)          :        0        1      6441
...
000 (8914507.000.000) 12/10 23:49:49 Job submitted from host: <10.10.48.31:12542?addrs=10.10.48.31-12542>
...
001 (8914507.000.000) 12/10 23:50:01 Job executing on host: <10.10.48.133:42257?addrs=10.10.48.133-42257>
...
006 (8914507.000.000) 12/10 23:50:09 Image size of job updated: 190584
	38  -  MemoryUsage of job (MB)
	38504  -  ResidentSetSize of job (KB)
...
006 (8914507.000.000) 12/10 23:51:05 Image size of job updated: 192468
	38  -  MemoryUsage of job (MB)
	38504  -  ResidentSetSize of job (KB)
...
005 (8914507.000.000) 12/10 23:51:05 Job terminated.
	(1) Normal termination (return value 0)
		Usr 0 00:00:34, Sys 0 00:00:00  -  Run Remote Usage
		Usr 0 00:00:00, Sys 0 00:00:00  -  Run Local Usage
		Usr 0 00:00:34, Sys 0 00:00:00  -  Total Remote Usage
		Usr 0 00:00:00, Sys 0 00:00:00  -  Total Local Usage
	0  -  Run Bytes Sent By Job
	0  -  Run Bytes Received By Job
	0  -  Total Bytes Sent By Job
	0  -  Total Bytes Received By Job
	Partitionable Resources :    Usage  Request Allocated
	   Cpus                 :                 1         1
	   Disk (KB)            :        1        1  13386671
	   Memory (MB)          :       38        1      6441
...
000 (8914669.000.000) 12/11 16:49:10 Job submitted from host: <10.10.48.31:12542?addrs=10.10.48.31-12542>
...
001 (8914669.000.000) 12/11 16:49:16 Job executing on host: <10.10.48.41:20766?addrs=10.10.48.41-20766>
...
006 (8914669.000.000) 12/11 16:49:26 Image size of job updated: 185836
	33  -  MemoryUsage of job (MB)
	33692  -  ResidentSetSize of job (KB)
...
006 (8914669.000.000) 12/11 16:50:40 Image size of job updated: 192476
	33  -  MemoryUsage of job (MB)
	33692  -  ResidentSetSize of job (KB)
...
005 (8914669.000.000) 12/11 16:50:40 Job terminated.
	(1) Normal termination (return value 0)
		Usr 0 00:00:26, Sys 0 00:00:00  -  Run Remote Usage
		Usr 0 00:00:00, Sys 0 00:00:00  -  Run Local Usage
		Usr 0 00:00:26, Sys 0 00:00:00  -  Total Remote Usage
		Usr 0 00:00:00, Sys 0 00:00:00  -  Total Local Usage
	0  -  Run Bytes Sent By Job
	0  -  Run Bytes Received By Job
	0  -  Total Bytes Sent By Job
	0  -  Total Bytes Received By Job
	Partitionable Resources :    Usage  Request Allocated
	   Cpus                 :                 1         1
	   Disk (KB)            :        1        1  16725245
	   Memory (MB)          :       33        1      4023
...
000 (8915431.000.000) 12/11 17:18:31 Job submitted from host: <10.10.48.31:12542?addrs=10.10.48.31-12542>
...
001 (8915431.000.000) 12/11 17:19:29 Job executing on host: <10.10.48.33:59750?addrs=10.10.48.33-59750>
...
006 (8915431.000.000) 12/11 17:19:38 Image size of job updated: 192476
	38  -  MemoryUsage of job (MB)
	38228  -  ResidentSetSize of job (KB)
...
006 (8915431.000.000) 12/11 17:20:02 Image size of job updated: 192512
	38  -  MemoryUsage of job (MB)
	38228  -  ResidentSetSize of job (KB)
...
005 (8915431.000.000) 12/11 17:20:02 Job terminated.
	(1) Normal termination (return value 0)
		Usr 0 00:00:20, Sys 0 00:00:00  -  Run Remote Usage
		Usr 0 00:00:00, Sys 0 00:00:00  -  Run Local Usage
		Usr 0 00:00:20, Sys 0 00:00:00  -  Total Remote Usage
		Usr 0 00:00:00, Sys 0 00:00:00  -  Total Local Usage
	0  -  Run Bytes Sent By Job
	0  -  Run Bytes Received By Job
	0  -  Total Bytes Sent By Job
	0  -  Total Bytes Received By Job
	Partitionable Resources :    Usage  Request Allocated
	   Cpus                 :                 1         1
	   Disk (KB)            :        1        1  16723661
	   Memory (MB)          :       38        1      4023
...
000 (8915593.000.000) 12/11 22:47:44 Job submitted from host: <10.10.48.31:12542?addrs=10.10.48.31-12542>
...
001 (8915593.000.000) 12/11 22:47:48 Job executing on host: <10.10.48.141:50603?addrs=10.10.48.141-50603>
...
006 (8915593.000.000) 12/11 22:47:57 Image size of job updated: 192500
	39  -  MemoryUsage of job (MB)
	39896  -  ResidentSetSize of job (KB)
...
005 (8915593.000.000) 12/11 22:48:06 Job terminated.
	(1) Normal termination (return value 0)
		Usr 0 00:00:04, Sys 0 00:00:00  -  Run Remote Usage
		Usr 0 00:00:00, Sys 0 00:00:00  -  Run Local Usage
		Usr 0 00:00:04, Sys 0 00:00:00  -  Total Remote Usage
		Usr 0 00:00:00, Sys 0 00:00:00  -  Total Local Usage
	0  -  Run Bytes Sent By Job
	0  -  Run Bytes Received By Job
	0  -  Total Bytes Sent By Job
	0  -  Total Bytes Received By Job
	Partitionable Resources :    Usage  Request Allocated
	   Cpus                 :                 1         1
	   Disk (KB)            :        1        1  13376574
	   Memory (MB)          :       39        1      6441
...
000 (8915725.000.000) 12/11 22:58:16 Job submitted from host: <10.10.48.31:12542?addrs=10.10.48.31-12542>
...
001 (8915725.000.000) 12/11 22:58:18 Job executing on host: <10.10.48.141:50603?addrs=10.10.48.141-50603>
...
006 (8915725.000.000) 12/11 22:58:24 Image size of job updated: 190840
	0  -  MemoryUsage of job (MB)
	0  -  ResidentSetSize of job (KB)
...
005 (8915725.000.000) 12/11 22:58:24 Job terminated.
	(1) Normal termination (return value 0)
		Usr 0 00:00:02, Sys 0 00:00:00  -  Run Remote Usage
		Usr 0 00:00:00, Sys 0 00:00:00  -  Run Local Usage
		Usr 0 00:00:02, Sys 0 00:00:00  -  Total Remote Usage
		Usr 0 00:00:00, Sys 0 00:00:00  -  Total Local Usage
	0  -  Run Bytes Sent By Job
	0  -  Run Bytes Received By Job
	0  -  Total Bytes Sent By Job
	0  -  Total Bytes Received By Job
	Partitionable Resources :    Usage  Request Allocated
	   Cpus                 :                 1         1
	   Disk (KB)            :        1        1  13376548
	   Memory (MB)          :        0        1      6441
...
000 (8915857.000.000) 12/11 23:09:35 Job submitted from host: <10.10.48.31:12542?addrs=10.10.48.31-12542>
...
001 (8915857.000.000) 12/11 23:09:44 Job executing on host: <10.10.48.41:20766?addrs=10.10.48.41-20766>
...
006 (8915857.000.000) 12/11 23:09:52 Image size of job updated: 190408
	37  -  MemoryUsage of job (MB)
	37388  -  ResidentSetSize of job (KB)
...
006 (8915857.000.000) 12/11 23:10:38 Image size of job updated: 192852
	37  -  MemoryUsage of job (MB)
	37388  -  ResidentSetSize of job (KB)
...
005 (8915857.000.000) 12/11 23:10:38 Job terminated.
	(1) Normal termination (return value 1)
		Usr 0 00:00:14, Sys 0 00:00:00  -  Run Remote Usage
		Usr 0 00:00:00, Sys 0 00:00:00  -  Run Local Usage
		Usr 0 00:00:14, Sys 0 00:00:00  -  Total Remote Usage
		Usr 0 00:00:00, Sys 0 00:00:00  -  Total Local Usage
	0  -  Run Bytes Sent By Job
	0  -  Run Bytes Received By Job
	0  -  Total Bytes Sent By Job
	0  -  Total Bytes Received By Job
	Partitionable Resources :    Usage  Request Allocated
	   Cpus                 :                 1         1
	   Disk (KB)            :        1        1  16725163
	   Memory (MB)          :       37        1      4023
...
000 (8916019.000.000) 12/11 23:22:49 Job submitted from host: <10.10.48.31:12542?addrs=10.10.48.31-12542>
...
001 (8916019.000.000) 12/11 23:22:51 Job executing on host: <10.10.48.141:50603?addrs=10.10.48.141-50603>
...
006 (8916019.000.000) 12/11 23:22:59 Image size of job updated: 190416
	39  -  MemoryUsage of job (MB)
	39008  -  ResidentSetSize of job (KB)
...
006 (8916019.000.000) 12/11 23:23:22 Image size of job updated: 192872
	39  -  MemoryUsage of job (MB)
	39008  -  ResidentSetSize of job (KB)
...
005 (8916019.000.000) 12/11 23:23:22 Job terminated.
	(1) Normal termination (return value 0)
		Usr 0 00:00:13, Sys 0 00:00:00  -  Run Remote Usage
		Usr 0 00:00:00, Sys 0 00:00:00  -  Run Local Usage
		Usr 0 00:00:13, Sys 0 00:00:00  -  Total Remote Usage
		Usr 0 00:00:00, Sys 0 00:00:00  -  Total Local Usage
	0  -  Run Bytes Sent By Job
	0  -  Run Bytes Received By Job
	0  -  Total Bytes Sent By Job
	0  -  Total Bytes Received By Job
	Partitionable Resources :    Usage  Request Allocated
	   Cpus                 :                 1         1
	   Disk (KB)            :        1        1  13376493
	   Memory (MB)          :       39        1      6441
...
000 (8916182.000.000) 12/12 14:24:17 Job submitted from host: <10.10.48.31:12542?addrs=10.10.48.31-12542>
...
001 (8916182.000.000) 12/12 14:24:28 Job executing on host: <10.10.48.139:49429?addrs=10.10.48.139-49429>
...
006 (8916182.000.000) 12/12 14:24:37 Image size of job updated: 192840
	38  -  MemoryUsage of job (MB)
	38096  -  ResidentSetSize of job (KB)
...
005 (8916182.000.000) 12/12 14:24:38 Job terminated.
	(1) Normal termination (return value 0)
		Usr 0 00:00:03, Sys 0 00:00:00  -  Run Remote Usage
		Usr 0 00:00:00, Sys 0 00:00:00  -  Run Local Usage
		Usr 0 00:00:03, Sys 0 00:00:00  -  Total Remote Usage
		Usr 0 00:00:00, Sys 0 00:00:00  -  Total Local Usage
	0  -  Run Bytes Sent By Job
	0  -  Run Bytes Received By Job
	0  -  Total Bytes Sent By Job
	0  -  Total Bytes Received By Job
	Partitionable Resources :    Usage  Request Allocated
	   Cpus                 :                 1         1
	   Disk (KB)            :        1        1  13385059
	   Memory (MB)          :       38        1      6441
...
