000 (9637393.000.000) 02/27 16:06:25 Job submitted from host: <10.10.48.31:15410?addrs=10.10.48.31-15410>
...
001 (9637393.000.000) 02/27 16:06:34 Job executing on host: <10.10.48.44:50179?addrs=10.10.48.44-50179>
...
006 (9637393.000.000) 02/27 16:06:42 Image size of job updated: 185580
	33  -  MemoryUsage of job (MB)
	33704  -  ResidentSetSize of job (KB)
...
006 (9637393.000.000) 02/27 16:11:42 Image size of job updated: 192664
	39  -  MemoryUsage of job (MB)
	39816  -  ResidentSetSize of job (KB)
...
005 (9637393.000.000) 02/27 16:12:16 Job terminated.
	(1) Normal termination (return value 0)
		Usr 0 00:00:22, Sys 0 00:00:00  -  Run Remote Usage
		Usr 0 00:00:00, Sys 0 00:00:00  -  Run Local Usage
		Usr 0 00:00:22, Sys 0 00:00:00  -  Total Remote Usage
		Usr 0 00:00:00, Sys 0 00:00:00  -  Total Local Usage
	0  -  Run Bytes Sent By Job
	0  -  Run Bytes Received By Job
	0  -  Total Bytes Sent By Job
	0  -  Total Bytes Received By Job
	Partitionable Resources :    Usage  Request Allocated
	   Cpus                 :                 1         1
	   Disk (KB)            :        1        1  16726900
	   Memory (MB)          :       39        1      4023
...
000 (9643899.000.000) 02/27 20:47:38 Job submitted from host: <10.10.48.31:15410?addrs=10.10.48.31-15410>
...
001 (9643899.000.000) 02/27 20:47:39 Job executing on host: <10.10.48.140:16345?addrs=10.10.48.140-16345>
...
006 (9643899.000.000) 02/27 20:47:40 Image size of job updated: 253028
	0  -  MemoryUsage of job (MB)
	0  -  ResidentSetSize of job (KB)
...
005 (9643899.000.000) 02/27 20:47:40 Job terminated.
	(1) Normal termination (return value 0)
		Usr 0 00:00:00, Sys 0 00:00:00  -  Run Remote Usage
		Usr 0 00:00:00, Sys 0 00:00:00  -  Run Local Usage
		Usr 0 00:00:00, Sys 0 00:00:00  -  Total Remote Usage
		Usr 0 00:00:00, Sys 0 00:00:00  -  Total Local Usage
	0  -  Run Bytes Sent By Job
	0  -  Run Bytes Received By Job
	0  -  Total Bytes Sent By Job
	0  -  Total Bytes Received By Job
	Partitionable Resources :    Usage  Request Allocated
	   Cpus                 :                 1         1
	   Disk (KB)            :        1        1  13384696
	   Memory (MB)          :        0        1      6441
...
