000 (9637397.000.000) 02/27 16:06:34 Job submitted from host: <10.10.48.31:15410?addrs=10.10.48.31-15410>
...
001 (9637397.000.000) 02/27 16:06:40 Job executing on host: <10.10.48.137:1935?addrs=10.10.48.137-1935>
...
006 (9637397.000.000) 02/27 16:06:49 Image size of job updated: 185848
	33  -  MemoryUsage of job (MB)
	32824  -  ResidentSetSize of job (KB)
...
006 (9637397.000.000) 02/27 16:10:49 Image size of job updated: 192480
	33  -  MemoryUsage of job (MB)
	32824  -  ResidentSetSize of job (KB)
...
005 (9637397.000.000) 02/27 16:10:49 Job terminated.
	(1) Normal termination (return value 0)
		Usr 0 00:00:34, Sys 0 00:00:00  -  Run Remote Usage
		Usr 0 00:00:00, Sys 0 00:00:00  -  Run Local Usage
		Usr 0 00:00:34, Sys 0 00:00:00  -  Total Remote Usage
		Usr 0 00:00:00, Sys 0 00:00:00  -  Total Local Usage
	0  -  Run Bytes Sent By Job
	0  -  Run Bytes Received By Job
	0  -  Total Bytes Sent By Job
	0  -  Total Bytes Received By Job
	Partitionable Resources :    Usage  Request Allocated
	   Cpus                 :                 1         1
	   Disk (KB)            :        1        1  13377734
	   Memory (MB)          :       33        1      6441
...
000 (9643901.000.000) 02/27 20:47:38 Job submitted from host: <10.10.48.31:15410?addrs=10.10.48.31-15410>
...
001 (9643901.000.000) 02/27 20:47:40 Job executing on host: <10.10.48.143:56523?addrs=10.10.48.143-56523>
...
006 (9643901.000.000) 02/27 20:47:41 Image size of job updated: 252652
	0  -  MemoryUsage of job (MB)
	0  -  ResidentSetSize of job (KB)
...
005 (9643901.000.000) 02/27 20:47:41 Job terminated.
	(1) Normal termination (return value 0)
		Usr 0 00:00:00, Sys 0 00:00:00  -  Run Remote Usage
		Usr 0 00:00:00, Sys 0 00:00:00  -  Run Local Usage
		Usr 0 00:00:00, Sys 0 00:00:00  -  Total Remote Usage
		Usr 0 00:00:00, Sys 0 00:00:00  -  Total Local Usage
	0  -  Run Bytes Sent By Job
	0  -  Run Bytes Received By Job
	0  -  Total Bytes Sent By Job
	0  -  Total Bytes Received By Job
	Partitionable Resources :    Usage  Request Allocated
	   Cpus                 :                 1         1
	   Disk (KB)            :        1        1  13384526
	   Memory (MB)          :        0        1      6441
...
