000 (9637423.000.000) 02/27 16:07:50 Job submitted from host: <10.10.48.31:15410?addrs=10.10.48.31-15410>
...
001 (9637423.000.000) 02/27 16:07:52 Job executing on host: <10.10.48.40:16453?addrs=10.10.48.40-16453>
...
006 (9637423.000.000) 02/27 16:08:00 Image size of job updated: 1
	2  -  MemoryUsage of job (MB)
	1812  -  ResidentSetSize of job (KB)
...
006 (9637423.000.000) 02/27 16:08:46 Image size of job updated: 192524
	2  -  MemoryUsage of job (MB)
	1812  -  ResidentSetSize of job (KB)
...
005 (9637423.000.000) 02/27 16:08:46 Job terminated.
	(1) Normal termination (return value 0)
		Usr 0 00:00:03, Sys 0 00:00:00  -  Run Remote Usage
		Usr 0 00:00:00, Sys 0 00:00:00  -  Run Local Usage
		Usr 0 00:00:03, Sys 0 00:00:00  -  Total Remote Usage
		Usr 0 00:00:00, Sys 0 00:00:00  -  Total Local Usage
	0  -  Run Bytes Sent By Job
	0  -  Run Bytes Received By Job
	0  -  Total Bytes Sent By Job
	0  -  Total Bytes Received By Job
	Partitionable Resources :    Usage  Request Allocated
	   Cpus                 :                 1         1
	   Disk (KB)            :        1        1  16720868
	   Memory (MB)          :        2        1      4023
...
000 (9643911.000.000) 02/27 20:47:40 Job submitted from host: <10.10.48.31:15410?addrs=10.10.48.31-15410>
...
001 (9643911.000.000) 02/27 20:47:41 Job executing on host: <10.10.48.143:56523?addrs=10.10.48.143-56523>
...
006 (9643911.000.000) 02/27 20:47:42 Image size of job updated: 249284
	0  -  MemoryUsage of job (MB)
	0  -  ResidentSetSize of job (KB)
...
005 (9643911.000.000) 02/27 20:47:43 Job terminated.
	(1) Normal termination (return value 0)
		Usr 0 00:00:00, Sys 0 00:00:00  -  Run Remote Usage
		Usr 0 00:00:00, Sys 0 00:00:00  -  Run Local Usage
		Usr 0 00:00:00, Sys 0 00:00:00  -  Total Remote Usage
		Usr 0 00:00:00, Sys 0 00:00:00  -  Total Local Usage
	0  -  Run Bytes Sent By Job
	0  -  Run Bytes Received By Job
	0  -  Total Bytes Sent By Job
	0  -  Total Bytes Received By Job
	Partitionable Resources :    Usage  Request Allocated
	   Cpus                 :                 1         1
	   Disk (KB)            :        1        1  13384575
	   Memory (MB)          :        0        1      6441
...
