000 (8914240.000.000) 12/10 23:42:42 Job submitted from host: <10.10.48.31:12542?addrs=10.10.48.31-12542>
...
001 (8914240.000.000) 12/10 23:42:59 Job executing on host: <10.10.48.133:42257?addrs=10.10.48.133-42257>
...
006 (8914240.000.000) 12/10 23:42:59 Image size of job updated: 172804
	0  -  MemoryUsage of job (MB)
	0  -  ResidentSetSize of job (KB)
...
005 (8914240.000.000) 12/10 23:43:02 Job terminated.
	(1) Normal termination (return value 1)
		Usr 0 00:00:00, Sys 0 00:00:00  -  Run Remote Usage
		Usr 0 00:00:00, Sys 0 00:00:00  -  Run Local Usage
		Usr 0 00:00:00, Sys 0 00:00:00  -  Total Remote Usage
		Usr 0 00:00:00, Sys 0 00:00:00  -  Total Local Usage
	0  -  Run Bytes Sent By Job
	0  -  Run Bytes Received By Job
	0  -  Total Bytes Sent By Job
	0  -  Total Bytes Received By Job
	Partitionable Resources :    Usage  Request Allocated
	   Cpus                 :                 1         1
	   Disk (KB)            :        1        1  13386734
	   Memory (MB)          :        0        1      6441
...
000 (8914402.000.000) 12/10 23:48:54 Job submitted from host: <10.10.48.31:12542?addrs=10.10.48.31-12542>
...
001 (8914402.000.000) 12/10 23:48:56 Job executing on host: <10.10.48.41:20766?addrs=10.10.48.41-20766>
...
006 (8914402.000.000) 12/10 23:49:05 Image size of job updated: 190908
	39  -  MemoryUsage of job (MB)
	39288  -  ResidentSetSize of job (KB)
...
006 (8914402.000.000) 12/10 23:50:03 Image size of job updated: 192656
	39  -  MemoryUsage of job (MB)
	39288  -  ResidentSetSize of job (KB)
...
005 (8914402.000.000) 12/10 23:50:04 Job terminated.
	(1) Normal termination (return value 0)
		Usr 0 00:00:42, Sys 0 00:00:00  -  Run Remote Usage
		Usr 0 00:00:00, Sys 0 00:00:00  -  Run Local Usage
		Usr 0 00:00:42, Sys 0 00:00:00  -  Total Remote Usage
		Usr 0 00:00:00, Sys 0 00:00:00  -  Total Local Usage
	0  -  Run Bytes Sent By Job
	0  -  Run Bytes Received By Job
	0  -  Total Bytes Sent By Job
	0  -  Total Bytes Received By Job
	Partitionable Resources :    Usage  Request Allocated
	   Cpus                 :                 1         1
	   Disk (KB)            :        1        1  16725276
	   Memory (MB)          :       39        1      4023
...
000 (8914564.000.000) 12/11 16:48:14 Job submitted from host: <10.10.48.31:12542?addrs=10.10.48.31-12542>
...
001 (8914564.000.000) 12/11 16:48:35 Job executing on host: <10.10.48.41:20766?addrs=10.10.48.41-20766>
...
006 (8914564.000.000) 12/11 16:48:44 Image size of job updated: 185844
	32  -  MemoryUsage of job (MB)
	32344  -  ResidentSetSize of job (KB)
...
006 (8914564.000.000) 12/11 16:49:46 Image size of job updated: 192508
	32  -  MemoryUsage of job (MB)
	32344  -  ResidentSetSize of job (KB)
...
005 (8914564.000.000) 12/11 16:49:46 Job terminated.
	(1) Normal termination (return value 0)
		Usr 0 00:00:30, Sys 0 00:00:00  -  Run Remote Usage
		Usr 0 00:00:00, Sys 0 00:00:00  -  Run Local Usage
		Usr 0 00:00:30, Sys 0 00:00:00  -  Total Remote Usage
		Usr 0 00:00:00, Sys 0 00:00:00  -  Total Local Usage
	0  -  Run Bytes Sent By Job
	0  -  Run Bytes Received By Job
	0  -  Total Bytes Sent By Job
	0  -  Total Bytes Received By Job
	Partitionable Resources :    Usage  Request Allocated
	   Cpus                 :                 1         1
	   Disk (KB)            :        1        1  16725316
	   Memory (MB)          :       32        1      4023
...
000 (8915326.000.000) 12/11 17:17:42 Job submitted from host: <10.10.48.31:12542?addrs=10.10.48.31-12542>
...
001 (8915326.000.000) 12/11 17:18:01 Job executing on host: <10.10.48.42:24954?addrs=10.10.48.42-24954>
...
006 (8915326.000.000) 12/11 17:18:10 Image size of job updated: 192352
	39  -  MemoryUsage of job (MB)
	39508  -  ResidentSetSize of job (KB)
...
006 (8915326.000.000) 12/11 17:18:50 Image size of job updated: 192688
	39  -  MemoryUsage of job (MB)
	39508  -  ResidentSetSize of job (KB)
...
005 (8915326.000.000) 12/11 17:18:50 Job terminated.
	(1) Normal termination (return value 0)
		Usr 0 00:00:37, Sys 0 00:00:00  -  Run Remote Usage
		Usr 0 00:00:00, Sys 0 00:00:00  -  Run Local Usage
		Usr 0 00:00:37, Sys 0 00:00:00  -  Total Remote Usage
		Usr 0 00:00:00, Sys 0 00:00:00  -  Total Local Usage
	0  -  Run Bytes Sent By Job
	0  -  Run Bytes Received By Job
	0  -  Total Bytes Sent By Job
	0  -  Total Bytes Received By Job
	Partitionable Resources :    Usage  Request Allocated
	   Cpus                 :                 1         1
	   Disk (KB)            :        1        1  16729390
	   Memory (MB)          :       39        1      4023
...
000 (8915488.000.000) 12/11 22:46:49 Job submitted from host: <10.10.48.31:12542?addrs=10.10.48.31-12542>
...
001 (8915488.000.000) 12/11 22:46:51 Job executing on host: <10.10.48.41:20766?addrs=10.10.48.41-20766>
...
006 (8915488.000.000) 12/11 22:46:59 Image size of job updated: 108728
	16  -  MemoryUsage of job (MB)
	15444  -  ResidentSetSize of job (KB)
...
006 (8915488.000.000) 12/11 22:47:31 Image size of job updated: 192468
	16  -  MemoryUsage of job (MB)
	15444  -  ResidentSetSize of job (KB)
...
005 (8915488.000.000) 12/11 22:47:31 Job terminated.
	(1) Normal termination (return value 0)
		Usr 0 00:00:22, Sys 0 00:00:00  -  Run Remote Usage
		Usr 0 00:00:00, Sys 0 00:00:00  -  Run Local Usage
		Usr 0 00:00:22, Sys 0 00:00:00  -  Total Remote Usage
		Usr 0 00:00:00, Sys 0 00:00:00  -  Total Local Usage
	0  -  Run Bytes Sent By Job
	0  -  Run Bytes Received By Job
	0  -  Total Bytes Sent By Job
	0  -  Total Bytes Received By Job
	Partitionable Resources :    Usage  Request Allocated
	   Cpus                 :                 1         1
	   Disk (KB)            :        1        1  16725261
	   Memory (MB)          :       16        1      4023
...
000 (8915620.000.000) 12/11 22:56:56 Job submitted from host: <10.10.48.31:12542?addrs=10.10.48.31-12542>
...
001 (8915620.000.000) 12/11 22:56:57 Job executing on host: <10.10.48.41:20766?addrs=10.10.48.41-20766>
...
006 (8915620.000.000) 12/11 22:57:06 Image size of job updated: 185564
	32  -  MemoryUsage of job (MB)
	32352  -  ResidentSetSize of job (KB)
...
006 (8915620.000.000) 12/11 22:57:13 Image size of job updated: 192392
	32  -  MemoryUsage of job (MB)
	32352  -  ResidentSetSize of job (KB)
...
005 (8915620.000.000) 12/11 22:57:13 Job terminated.
	(1) Normal termination (return value 0)
		Usr 0 00:00:14, Sys 0 00:00:00  -  Run Remote Usage
		Usr 0 00:00:00, Sys 0 00:00:00  -  Run Local Usage
		Usr 0 00:00:14, Sys 0 00:00:00  -  Total Remote Usage
		Usr 0 00:00:00, Sys 0 00:00:00  -  Total Local Usage
	0  -  Run Bytes Sent By Job
	0  -  Run Bytes Received By Job
	0  -  Total Bytes Sent By Job
	0  -  Total Bytes Received By Job
	Partitionable Resources :    Usage  Request Allocated
	   Cpus                 :                 1         1
	   Disk (KB)            :        1        1  16725236
	   Memory (MB)          :       32        1      4023
...
000 (8915752.000.000) 12/11 23:08:57 Job submitted from host: <10.10.48.31:12542?addrs=10.10.48.31-12542>
...
001 (8915752.000.000) 12/11 23:09:03 Job executing on host: <10.10.48.41:20766?addrs=10.10.48.41-20766>
...
006 (8915752.000.000) 12/11 23:09:12 Image size of job updated: 185176
	32  -  MemoryUsage of job (MB)
	31996  -  ResidentSetSize of job (KB)
...
006 (8915752.000.000) 12/11 23:09:47 Image size of job updated: 193032
	32  -  MemoryUsage of job (MB)
	31996  -  ResidentSetSize of job (KB)
...
005 (8915752.000.000) 12/11 23:09:47 Job terminated.
	(1) Normal termination (return value 1)
		Usr 0 00:00:18, Sys 0 00:00:00  -  Run Remote Usage
		Usr 0 00:00:00, Sys 0 00:00:00  -  Run Local Usage
		Usr 0 00:00:18, Sys 0 00:00:00  -  Total Remote Usage
		Usr 0 00:00:00, Sys 0 00:00:00  -  Total Local Usage
	0  -  Run Bytes Sent By Job
	0  -  Run Bytes Received By Job
	0  -  Total Bytes Sent By Job
	0  -  Total Bytes Received By Job
	Partitionable Resources :    Usage  Request Allocated
	   Cpus                 :                 1         1
	   Disk (KB)            :        1        1  16725205
	   Memory (MB)          :       32        1      4023
...
000 (8915914.000.000) 12/11 23:22:19 Job submitted from host: <10.10.48.31:12542?addrs=10.10.48.31-12542>
...
001 (8915914.000.000) 12/11 23:22:21 Job executing on host: <10.10.48.41:20766?addrs=10.10.48.41-20766>
...
006 (8915914.000.000) 12/11 23:22:30 Image size of job updated: 193040
	40  -  MemoryUsage of job (MB)
	40052  -  ResidentSetSize of job (KB)
...
005 (8915914.000.000) 12/11 23:22:31 Job terminated.
	(1) Normal termination (return value 0)
		Usr 0 00:00:07, Sys 0 00:00:00  -  Run Remote Usage
		Usr 0 00:00:00, Sys 0 00:00:00  -  Run Local Usage
		Usr 0 00:00:07, Sys 0 00:00:00  -  Total Remote Usage
		Usr 0 00:00:00, Sys 0 00:00:00  -  Total Local Usage
	0  -  Run Bytes Sent By Job
	0  -  Run Bytes Received By Job
	0  -  Total Bytes Sent By Job
	0  -  Total Bytes Received By Job
	Partitionable Resources :    Usage  Request Allocated
	   Cpus                 :                 1         1
	   Disk (KB)            :        1        1  16725172
	   Memory (MB)          :       40        1      4023
...
000 (8916077.000.000) 12/12 14:23:27 Job submitted from host: <10.10.48.31:12542?addrs=10.10.48.31-12542>
...
001 (8916077.000.000) 12/12 14:23:48 Job executing on host: <10.10.48.41:20766?addrs=10.10.48.41-20766>
...
006 (8916077.000.000) 12/12 14:23:56 Image size of job updated: 183348
	31  -  MemoryUsage of job (MB)
	31460  -  ResidentSetSize of job (KB)
...
006 (8916077.000.000) 12/12 14:24:34 Image size of job updated: 192800
	31  -  MemoryUsage of job (MB)
	31460  -  ResidentSetSize of job (KB)
...
005 (8916077.000.000) 12/12 14:24:35 Job terminated.
	(1) Normal termination (return value 0)
		Usr 0 00:00:07, Sys 0 00:00:00  -  Run Remote Usage
		Usr 0 00:00:00, Sys 0 00:00:00  -  Run Local Usage
		Usr 0 00:00:07, Sys 0 00:00:00  -  Total Remote Usage
		Usr 0 00:00:00, Sys 0 00:00:00  -  Total Local Usage
	0  -  Run Bytes Sent By Job
	0  -  Run Bytes Received By Job
	0  -  Total Bytes Sent By Job
	0  -  Total Bytes Received By Job
	Partitionable Resources :    Usage  Request Allocated
	   Cpus                 :                 1         1
	   Disk (KB)            :        1        1  16725187
	   Memory (MB)          :       31        1      4023
...
