000 (8914285.000.000) 12/10 23:42:48 Job submitted from host: <10.10.48.31:12542?addrs=10.10.48.31-12542>
...
001 (8914285.000.000) 12/10 23:42:55 Job executing on host: <10.10.48.137:19458?addrs=10.10.48.137-19458>
...
006 (8914285.000.000) 12/10 23:42:55 Image size of job updated: 172800
	0  -  MemoryUsage of job (MB)
	0  -  ResidentSetSize of job (KB)
...
005 (8914285.000.000) 12/10 23:42:56 Job terminated.
	(1) Normal termination (return value 1)
		Usr 0 00:00:00, Sys 0 00:00:00  -  Run Remote Usage
		Usr 0 00:00:00, Sys 0 00:00:00  -  Run Local Usage
		Usr 0 00:00:00, Sys 0 00:00:00  -  Total Remote Usage
		Usr 0 00:00:00, Sys 0 00:00:00  -  Total Local Usage
	0  -  Run Bytes Sent By Job
	0  -  Run Bytes Received By Job
	0  -  Total Bytes Sent By Job
	0  -  Total Bytes Received By Job
	Partitionable Resources :    Usage  Request Allocated
	   Cpus                 :                 1         1
	   Disk (KB)            :        1        1  13377615
	   Memory (MB)          :        0        1      6441
...
000 (8914447.000.000) 12/10 23:49:01 Job submitted from host: <10.10.48.31:12542?addrs=10.10.48.31-12542>
...
001 (8914447.000.000) 12/10 23:49:19 Job executing on host: <10.10.48.133:42257?addrs=10.10.48.133-42257>
...
006 (8914447.000.000) 12/10 23:49:28 Image size of job updated: 180384
	29  -  MemoryUsage of job (MB)
	28920  -  ResidentSetSize of job (KB)
...
006 (8914447.000.000) 12/10 23:54:25 Image size of job updated: 192600
	29  -  MemoryUsage of job (MB)
	28920  -  ResidentSetSize of job (KB)
...
005 (8914447.000.000) 12/10 23:54:25 Job terminated.
	(1) Normal termination (return value 0)
		Usr 0 00:03:06, Sys 0 00:00:02  -  Run Remote Usage
		Usr 0 00:00:00, Sys 0 00:00:00  -  Run Local Usage
		Usr 0 00:03:06, Sys 0 00:00:02  -  Total Remote Usage
		Usr 0 00:00:00, Sys 0 00:00:00  -  Total Local Usage
	0  -  Run Bytes Sent By Job
	0  -  Run Bytes Received By Job
	0  -  Total Bytes Sent By Job
	0  -  Total Bytes Received By Job
	Partitionable Resources :    Usage  Request Allocated
	   Cpus                 :                 1         1
	   Disk (KB)            :        1        1  13386671
	   Memory (MB)          :       29        1      6441
...
000 (8914609.000.000) 12/11 16:48:19 Job submitted from host: <10.10.48.31:12542?addrs=10.10.48.31-12542>
...
001 (8914609.000.000) 12/11 16:48:38 Job executing on host: <10.10.48.35:61041?addrs=10.10.48.35-61041>
...
006 (8914609.000.000) 12/11 16:48:47 Image size of job updated: 180388
	30  -  MemoryUsage of job (MB)
	30528  -  ResidentSetSize of job (KB)
...
006 (8914609.000.000) 12/11 16:53:34 Image size of job updated: 192600
	30  -  MemoryUsage of job (MB)
	30528  -  ResidentSetSize of job (KB)
...
005 (8914609.000.000) 12/11 16:53:34 Job terminated.
	(1) Normal termination (return value 0)
		Usr 0 00:02:21, Sys 0 00:00:02  -  Run Remote Usage
		Usr 0 00:00:00, Sys 0 00:00:00  -  Run Local Usage
		Usr 0 00:02:21, Sys 0 00:00:02  -  Total Remote Usage
		Usr 0 00:00:00, Sys 0 00:00:00  -  Total Local Usage
	0  -  Run Bytes Sent By Job
	0  -  Run Bytes Received By Job
	0  -  Total Bytes Sent By Job
	0  -  Total Bytes Received By Job
	Partitionable Resources :    Usage  Request Allocated
	   Cpus                 :                 1         1
	   Disk (KB)            :        1        1  16721155
	   Memory (MB)          :       30        1      4023
...
000 (8915371.000.000) 12/11 17:17:49 Job submitted from host: <10.10.48.31:12542?addrs=10.10.48.31-12542>
...
001 (8915371.000.000) 12/11 17:18:04 Job executing on host: <10.10.48.37:22739?addrs=10.10.48.37-22739>
...
006 (8915371.000.000) 12/11 17:18:12 Image size of job updated: 184632
	32  -  MemoryUsage of job (MB)
	32548  -  ResidentSetSize of job (KB)
...
006 (8915371.000.000) 12/11 17:20:46 Image size of job updated: 193156
	32  -  MemoryUsage of job (MB)
	32548  -  ResidentSetSize of job (KB)
...
005 (8915371.000.000) 12/11 17:20:46 Job terminated.
	(1) Normal termination (return value 0)
		Usr 0 00:02:17, Sys 0 00:00:02  -  Run Remote Usage
		Usr 0 00:00:00, Sys 0 00:00:00  -  Run Local Usage
		Usr 0 00:02:17, Sys 0 00:00:02  -  Total Remote Usage
		Usr 0 00:00:00, Sys 0 00:00:00  -  Total Local Usage
	0  -  Run Bytes Sent By Job
	0  -  Run Bytes Received By Job
	0  -  Total Bytes Sent By Job
	0  -  Total Bytes Received By Job
	Partitionable Resources :    Usage  Request Allocated
	   Cpus                 :                 1         1
	   Disk (KB)            :        1        1  16727214
	   Memory (MB)          :       32        1      4023
...
000 (8915533.000.000) 12/11 22:46:55 Job submitted from host: <10.10.48.31:12542?addrs=10.10.48.31-12542>
...
001 (8915533.000.000) 12/11 22:47:13 Job executing on host: <10.10.48.35:61041?addrs=10.10.48.35-61041>
...
006 (8915533.000.000) 12/11 22:47:22 Image size of job updated: 180392
	30  -  MemoryUsage of job (MB)
	30660  -  ResidentSetSize of job (KB)
...
006 (8915533.000.000) 12/11 22:51:54 Image size of job updated: 192604
	30  -  MemoryUsage of job (MB)
	30660  -  ResidentSetSize of job (KB)
...
005 (8915533.000.000) 12/11 22:51:54 Job terminated.
	(1) Normal termination (return value 0)
		Usr 0 00:01:54, Sys 0 00:00:02  -  Run Remote Usage
		Usr 0 00:00:00, Sys 0 00:00:00  -  Run Local Usage
		Usr 0 00:01:54, Sys 0 00:00:02  -  Total Remote Usage
		Usr 0 00:00:00, Sys 0 00:00:00  -  Total Local Usage
	0  -  Run Bytes Sent By Job
	0  -  Run Bytes Received By Job
	0  -  Total Bytes Sent By Job
	0  -  Total Bytes Received By Job
	Partitionable Resources :    Usage  Request Allocated
	   Cpus                 :                 1         1
	   Disk (KB)            :        1        1  16721100
	   Memory (MB)          :       30        1      4023
...
000 (8915665.000.000) 12/11 22:57:02 Job submitted from host: <10.10.48.31:12542?addrs=10.10.48.31-12542>
...
001 (8915665.000.000) 12/11 22:57:20 Job executing on host: <10.10.48.35:61041?addrs=10.10.48.35-61041>
...
006 (8915665.000.000) 12/11 22:57:28 Image size of job updated: 192676
	40  -  MemoryUsage of job (MB)
	40320  -  ResidentSetSize of job (KB)
...
006 (8915665.000.000) 12/11 22:58:34 Image size of job updated: 192940
	40  -  MemoryUsage of job (MB)
	40320  -  ResidentSetSize of job (KB)
...
005 (8915665.000.000) 12/11 22:58:34 Job terminated.
	(1) Normal termination (return value 0)
		Usr 0 00:01:09, Sys 0 00:00:01  -  Run Remote Usage
		Usr 0 00:00:00, Sys 0 00:00:00  -  Run Local Usage
		Usr 0 00:01:09, Sys 0 00:00:01  -  Total Remote Usage
		Usr 0 00:00:00, Sys 0 00:00:00  -  Total Local Usage
	0  -  Run Bytes Sent By Job
	0  -  Run Bytes Received By Job
	0  -  Total Bytes Sent By Job
	0  -  Total Bytes Received By Job
	Partitionable Resources :    Usage  Request Allocated
	   Cpus                 :                 1         1
	   Disk (KB)            :        1        1  16721068
	   Memory (MB)          :       40        1      4023
...
000 (8915797.000.000) 12/11 23:09:04 Job submitted from host: <10.10.48.31:12542?addrs=10.10.48.31-12542>
...
001 (8915797.000.000) 12/11 23:09:17 Job executing on host: <10.10.48.41:20766?addrs=10.10.48.41-20766>
...
006 (8915797.000.000) 12/11 23:09:25 Image size of job updated: 184948
	33  -  MemoryUsage of job (MB)
	33304  -  ResidentSetSize of job (KB)
...
006 (8915797.000.000) 12/11 23:13:43 Image size of job updated: 192992
	33  -  MemoryUsage of job (MB)
	33304  -  ResidentSetSize of job (KB)
...
005 (8915797.000.000) 12/11 23:13:43 Job terminated.
	(1) Normal termination (return value 1)
		Usr 0 00:01:31, Sys 0 00:00:02  -  Run Remote Usage
		Usr 0 00:00:00, Sys 0 00:00:00  -  Run Local Usage
		Usr 0 00:01:31, Sys 0 00:00:02  -  Total Remote Usage
		Usr 0 00:00:00, Sys 0 00:00:00  -  Total Local Usage
	0  -  Run Bytes Sent By Job
	0  -  Run Bytes Received By Job
	0  -  Total Bytes Sent By Job
	0  -  Total Bytes Received By Job
	Partitionable Resources :    Usage  Request Allocated
	   Cpus                 :                 1         1
	   Disk (KB)            :        1        1  16725205
	   Memory (MB)          :       33        1      4023
...
000 (8915959.000.000) 12/11 23:22:24 Job submitted from host: <10.10.48.31:12542?addrs=10.10.48.31-12542>
...
001 (8915959.000.000) 12/11 23:22:43 Job executing on host: <10.10.48.35:61041?addrs=10.10.48.35-61041>
...
006 (8915959.000.000) 12/11 23:22:52 Image size of job updated: 190512
	39  -  MemoryUsage of job (MB)
	38964  -  ResidentSetSize of job (KB)
...
006 (8915959.000.000) 12/11 23:25:07 Image size of job updated: 192960
	39  -  MemoryUsage of job (MB)
	38964  -  ResidentSetSize of job (KB)
...
005 (8915959.000.000) 12/11 23:25:07 Job terminated.
	(1) Normal termination (return value 0)
		Usr 0 00:00:44, Sys 0 00:00:01  -  Run Remote Usage
		Usr 0 00:00:00, Sys 0 00:00:00  -  Run Local Usage
		Usr 0 00:00:44, Sys 0 00:00:01  -  Total Remote Usage
		Usr 0 00:00:00, Sys 0 00:00:00  -  Total Local Usage
	0  -  Run Bytes Sent By Job
	0  -  Run Bytes Received By Job
	0  -  Total Bytes Sent By Job
	0  -  Total Bytes Received By Job
	Partitionable Resources :    Usage  Request Allocated
	   Cpus                 :                 1         1
	   Disk (KB)            :        1        1  16721084
	   Memory (MB)          :       39        1      4023
...
000 (8916122.000.000) 12/12 14:23:33 Job submitted from host: <10.10.48.31:12542?addrs=10.10.48.31-12542>
...
001 (8916122.000.000) 12/12 14:23:50 Job executing on host: <10.10.48.35:61041?addrs=10.10.48.35-61041>
...
006 (8916122.000.000) 12/12 14:23:58 Image size of job updated: 175344
	29  -  MemoryUsage of job (MB)
	29176  -  ResidentSetSize of job (KB)
...
006 (8916122.000.000) 12/12 14:28:44 Image size of job updated: 246172
	29  -  MemoryUsage of job (MB)
	29176  -  ResidentSetSize of job (KB)
...
005 (8916122.000.000) 12/12 14:28:44 Job terminated.
	(1) Normal termination (return value 0)
		Usr 0 00:01:16, Sys 0 00:00:02  -  Run Remote Usage
		Usr 0 00:00:00, Sys 0 00:00:00  -  Run Local Usage
		Usr 0 00:01:16, Sys 0 00:00:02  -  Total Remote Usage
		Usr 0 00:00:00, Sys 0 00:00:00  -  Total Local Usage
	0  -  Run Bytes Sent By Job
	0  -  Run Bytes Received By Job
	0  -  Total Bytes Sent By Job
	0  -  Total Bytes Received By Job
	Partitionable Resources :    Usage  Request Allocated
	   Cpus                 :                 1         1
	   Disk (KB)            :        1        1  16721064
	   Memory (MB)          :       29        1      4023
...
