000 (8914359.000.000) 12/10 23:43:04 Job submitted from host: <10.10.48.31:12542?addrs=10.10.48.31-12542>
...
001 (8914359.000.000) 12/10 23:43:14 Job executing on host: <10.10.48.133:42257?addrs=10.10.48.133-42257>
...
006 (8914359.000.000) 12/10 23:43:15 Image size of job updated: 174992
	0  -  MemoryUsage of job (MB)
	0  -  ResidentSetSize of job (KB)
...
005 (8914359.000.000) 12/10 23:43:15 Job terminated.
	(1) Normal termination (return value 1)
		Usr 0 00:00:00, Sys 0 00:00:00  -  Run Remote Usage
		Usr 0 00:00:00, Sys 0 00:00:00  -  Run Local Usage
		Usr 0 00:00:00, Sys 0 00:00:00  -  Total Remote Usage
		Usr 0 00:00:00, Sys 0 00:00:00  -  Total Local Usage
	0  -  Run Bytes Sent By Job
	0  -  Run Bytes Received By Job
	0  -  Total Bytes Sent By Job
	0  -  Total Bytes Received By Job
	Partitionable Resources :    Usage  Request Allocated
	   Cpus                 :                 1         1
	   Disk (KB)            :        1        1  13386734
	   Memory (MB)          :        0        1      6441
...
000 (8914521.000.000) 12/10 23:50:36 Job submitted from host: <10.10.48.31:12542?addrs=10.10.48.31-12542>
...
001 (8914521.000.000) 12/10 23:51:43 Job executing on host: <10.10.48.141:50603?addrs=10.10.48.141-50603>
...
006 (8914521.000.000) 12/10 23:51:51 Image size of job updated: 192252
	39  -  MemoryUsage of job (MB)
	39924  -  ResidentSetSize of job (KB)
...
006 (8914521.000.000) 12/10 23:52:37 Image size of job updated: 192404
	39  -  MemoryUsage of job (MB)
	39924  -  ResidentSetSize of job (KB)
...
005 (8914521.000.000) 12/10 23:52:37 Job terminated.
	(1) Normal termination (return value 0)
		Usr 0 00:00:27, Sys 0 00:00:00  -  Run Remote Usage
		Usr 0 00:00:00, Sys 0 00:00:00  -  Run Local Usage
		Usr 0 00:00:27, Sys 0 00:00:00  -  Total Remote Usage
		Usr 0 00:00:00, Sys 0 00:00:00  -  Total Local Usage
	0  -  Run Bytes Sent By Job
	0  -  Run Bytes Received By Job
	0  -  Total Bytes Sent By Job
	0  -  Total Bytes Received By Job
	Partitionable Resources :    Usage  Request Allocated
	   Cpus                 :                 1         1
	   Disk (KB)            :        1        1  13376593
	   Memory (MB)          :       39        1      6441
...
000 (8914683.000.000) 12/11 16:49:41 Job submitted from host: <10.10.48.31:12542?addrs=10.10.48.31-12542>
...
001 (8914683.000.000) 12/11 16:49:46 Job executing on host: <10.10.48.35:61041?addrs=10.10.48.35-61041>
...
006 (8914683.000.000) 12/11 16:49:55 Image size of job updated: 192396
	39  -  MemoryUsage of job (MB)
	39660  -  ResidentSetSize of job (KB)
...
006 (8914683.000.000) 12/11 16:50:14 Image size of job updated: 192408
	39  -  MemoryUsage of job (MB)
	39660  -  ResidentSetSize of job (KB)
...
005 (8914683.000.000) 12/11 16:50:14 Job terminated.
	(1) Normal termination (return value 0)
		Usr 0 00:00:19, Sys 0 00:00:00  -  Run Remote Usage
		Usr 0 00:00:00, Sys 0 00:00:00  -  Run Local Usage
		Usr 0 00:00:19, Sys 0 00:00:00  -  Total Remote Usage
		Usr 0 00:00:00, Sys 0 00:00:00  -  Total Local Usage
	0  -  Run Bytes Sent By Job
	0  -  Run Bytes Received By Job
	0  -  Total Bytes Sent By Job
	0  -  Total Bytes Received By Job
	Partitionable Resources :    Usage  Request Allocated
	   Cpus                 :                 1         1
	   Disk (KB)            :        1        1  16721155
	   Memory (MB)          :       39        1      4023
...
000 (8915445.000.000) 12/11 17:18:49 Job submitted from host: <10.10.48.31:12542?addrs=10.10.48.31-12542>
...
001 (8915445.000.000) 12/11 17:19:04 Job executing on host: <10.10.48.37:22739?addrs=10.10.48.37-22739>
...
006 (8915445.000.000) 12/11 17:19:13 Image size of job updated: 192444
	39  -  MemoryUsage of job (MB)
	39524  -  ResidentSetSize of job (KB)
...
006 (8915445.000.000) 12/11 17:19:29 Image size of job updated: 192464
	39  -  MemoryUsage of job (MB)
	39524  -  ResidentSetSize of job (KB)
...
005 (8915445.000.000) 12/11 17:19:29 Job terminated.
	(1) Normal termination (return value 0)
		Usr 0 00:00:19, Sys 0 00:00:00  -  Run Remote Usage
		Usr 0 00:00:00, Sys 0 00:00:00  -  Run Local Usage
		Usr 0 00:00:19, Sys 0 00:00:00  -  Total Remote Usage
		Usr 0 00:00:00, Sys 0 00:00:00  -  Total Local Usage
	0  -  Run Bytes Sent By Job
	0  -  Run Bytes Received By Job
	0  -  Total Bytes Sent By Job
	0  -  Total Bytes Received By Job
	Partitionable Resources :    Usage  Request Allocated
	   Cpus                 :                 1         1
	   Disk (KB)            :        1        1  16727170
	   Memory (MB)          :       39        1      4023
...
000 (8915607.000.000) 12/11 22:48:23 Job submitted from host: <10.10.48.31:12542?addrs=10.10.48.31-12542>
...
001 (8915607.000.000) 12/11 22:48:29 Job executing on host: <10.10.48.35:61041?addrs=10.10.48.35-61041>
...
006 (8915607.000.000) 12/11 22:48:37 Image size of job updated: 1
	2  -  MemoryUsage of job (MB)
	1816  -  ResidentSetSize of job (KB)
...
006 (8915607.000.000) 12/11 22:52:05 Image size of job updated: 192748
	2  -  MemoryUsage of job (MB)
	1816  -  ResidentSetSize of job (KB)
...
005 (8915607.000.000) 12/11 22:52:05 Job terminated.
	(1) Normal termination (return value 0)
		Usr 0 00:01:51, Sys 0 00:00:02  -  Run Remote Usage
		Usr 0 00:00:00, Sys 0 00:00:00  -  Run Local Usage
		Usr 0 00:01:51, Sys 0 00:00:02  -  Total Remote Usage
		Usr 0 00:00:00, Sys 0 00:00:00  -  Total Local Usage
	0  -  Run Bytes Sent By Job
	0  -  Run Bytes Received By Job
	0  -  Total Bytes Sent By Job
	0  -  Total Bytes Received By Job
	Partitionable Resources :    Usage  Request Allocated
	   Cpus                 :                 1         1
	   Disk (KB)            :        1        1  16721100
	   Memory (MB)          :        2        1      4023
...
000 (8915739.000.000) 12/11 22:58:29 Job submitted from host: <10.10.48.31:12542?addrs=10.10.48.31-12542>
...
001 (8915739.000.000) 12/11 22:58:32 Job executing on host: <10.10.48.41:20766?addrs=10.10.48.41-20766>
...
006 (8915739.000.000) 12/11 22:58:41 Image size of job updated: 190864
	39  -  MemoryUsage of job (MB)
	39624  -  ResidentSetSize of job (KB)
...
006 (8915739.000.000) 12/11 23:00:10 Image size of job updated: 192504
	39  -  MemoryUsage of job (MB)
	39624  -  ResidentSetSize of job (KB)
...
005 (8915739.000.000) 12/11 23:00:10 Job terminated.
	(1) Normal termination (return value 0)
		Usr 0 00:01:13, Sys 0 00:00:01  -  Run Remote Usage
		Usr 0 00:00:00, Sys 0 00:00:00  -  Run Local Usage
		Usr 0 00:01:13, Sys 0 00:00:01  -  Total Remote Usage
		Usr 0 00:00:00, Sys 0 00:00:00  -  Total Local Usage
	0  -  Run Bytes Sent By Job
	0  -  Run Bytes Received By Job
	0  -  Total Bytes Sent By Job
	0  -  Total Bytes Received By Job
	Partitionable Resources :    Usage  Request Allocated
	   Cpus                 :                 1         1
	   Disk (KB)            :        1        1  16725236
	   Memory (MB)          :       39        1      4023
...
000 (8915871.000.000) 12/11 23:10:06 Job submitted from host: <10.10.48.31:12542?addrs=10.10.48.31-12542>
...
001 (8915871.000.000) 12/11 23:10:08 Job executing on host: <10.10.48.139:49429?addrs=10.10.48.139-49429>
...
006 (8915871.000.000) 12/11 23:10:17 Image size of job updated: 184904
	32  -  MemoryUsage of job (MB)
	31892  -  ResidentSetSize of job (KB)
...
006 (8915871.000.000) 12/11 23:10:53 Image size of job updated: 192936
	32  -  MemoryUsage of job (MB)
	31892  -  ResidentSetSize of job (KB)
...
005 (8915871.000.000) 12/11 23:10:53 Job terminated.
	(1) Normal termination (return value 1)
		Usr 0 00:00:11, Sys 0 00:00:00  -  Run Remote Usage
		Usr 0 00:00:00, Sys 0 00:00:00  -  Run Local Usage
		Usr 0 00:00:11, Sys 0 00:00:00  -  Total Remote Usage
		Usr 0 00:00:00, Sys 0 00:00:00  -  Total Local Usage
	0  -  Run Bytes Sent By Job
	0  -  Run Bytes Received By Job
	0  -  Total Bytes Sent By Job
	0  -  Total Bytes Received By Job
	Partitionable Resources :    Usage  Request Allocated
	   Cpus                 :                 1         1
	   Disk (KB)            :        1        1  13385058
	   Memory (MB)          :       32        1      6441
...
000 (8916033.000.000) 12/11 23:22:55 Job submitted from host: <10.10.48.31:12542?addrs=10.10.48.31-12542>
...
001 (8916033.000.000) 12/11 23:23:02 Job executing on host: <10.10.48.141:50603?addrs=10.10.48.141-50603>
...
006 (8916033.000.000) 12/11 23:23:10 Image size of job updated: 192800
	40  -  MemoryUsage of job (MB)
	40012  -  ResidentSetSize of job (KB)
...
005 (8916033.000.000) 12/11 23:23:21 Job terminated.
	(1) Normal termination (return value 0)
		Usr 0 00:00:09, Sys 0 00:00:00  -  Run Remote Usage
		Usr 0 00:00:00, Sys 0 00:00:00  -  Run Local Usage
		Usr 0 00:00:09, Sys 0 00:00:00  -  Total Remote Usage
		Usr 0 00:00:00, Sys 0 00:00:00  -  Total Local Usage
	0  -  Run Bytes Sent By Job
	0  -  Run Bytes Received By Job
	0  -  Total Bytes Sent By Job
	0  -  Total Bytes Received By Job
	Partitionable Resources :    Usage  Request Allocated
	   Cpus                 :                 1         1
	   Disk (KB)            :        1        1  13376493
	   Memory (MB)          :       40        1      6441
...
000 (8916196.000.000) 12/12 14:24:48 Job submitted from host: <10.10.48.31:12542?addrs=10.10.48.31-12542>
...
001 (8916196.000.000) 12/12 14:24:49 Job executing on host: <10.10.48.35:61041?addrs=10.10.48.35-61041>
...
006 (8916196.000.000) 12/12 14:24:58 Image size of job updated: 184928
	32  -  MemoryUsage of job (MB)
	31944  -  ResidentSetSize of job (KB)
...
006 (8916196.000.000) 12/12 14:28:30 Image size of job updated: 192900
	32  -  MemoryUsage of job (MB)
	31944  -  ResidentSetSize of job (KB)
...
005 (8916196.000.000) 12/12 14:28:30 Job terminated.
	(1) Normal termination (return value 0)
		Usr 0 00:00:50, Sys 0 00:00:01  -  Run Remote Usage
		Usr 0 00:00:00, Sys 0 00:00:00  -  Run Local Usage
		Usr 0 00:00:50, Sys 0 00:00:01  -  Total Remote Usage
		Usr 0 00:00:00, Sys 0 00:00:00  -  Total Local Usage
	0  -  Run Bytes Sent By Job
	0  -  Run Bytes Received By Job
	0  -  Total Bytes Sent By Job
	0  -  Total Bytes Received By Job
	Partitionable Resources :    Usage  Request Allocated
	   Cpus                 :                 1         1
	   Disk (KB)            :        1        1  16721017
	   Memory (MB)          :       32        1      4023
...
000 (9637267.000.000) 02/27 16:03:26 Job submitted from host: <10.10.48.31:15410?addrs=10.10.48.31-15410>
...
001 (9637267.000.000) 02/27 16:03:32 Job executing on host: <10.10.48.44:50179?addrs=10.10.48.44-50179>
...
006 (9637267.000.000) 02/27 16:03:40 Image size of job updated: 1
	2  -  MemoryUsage of job (MB)
	1812  -  ResidentSetSize of job (KB)
...
006 (9637267.000.000) 02/27 16:06:33 Image size of job updated: 185928
	2  -  MemoryUsage of job (MB)
	1812  -  ResidentSetSize of job (KB)
...
005 (9637267.000.000) 02/27 16:06:33 Job terminated.
	(1) Normal termination (return value 255)
		Usr 0 00:00:00, Sys 0 00:00:00  -  Run Remote Usage
		Usr 0 00:00:00, Sys 0 00:00:00  -  Run Local Usage
		Usr 0 00:00:00, Sys 0 00:00:00  -  Total Remote Usage
		Usr 0 00:00:00, Sys 0 00:00:00  -  Total Local Usage
	0  -  Run Bytes Sent By Job
	0  -  Run Bytes Received By Job
	0  -  Total Bytes Sent By Job
	0  -  Total Bytes Received By Job
	Partitionable Resources :    Usage  Request Allocated
	   Cpus                 :                 1         1
	   Disk (KB)            :        1        1  16726900
	   Memory (MB)          :        2        1      4023
...
000 (9643822.000.000) 02/27 20:47:26 Job submitted from host: <10.10.48.31:15410?addrs=10.10.48.31-15410>
...
001 (9643822.000.000) 02/27 20:47:28 Job executing on host: <10.10.48.143:56523?addrs=10.10.48.143-56523>
...
006 (9643822.000.000) 02/27 20:47:29 Image size of job updated: 252780
	0  -  MemoryUsage of job (MB)
	0  -  ResidentSetSize of job (KB)
...
005 (9643822.000.000) 02/27 20:47:29 Job terminated.
	(1) Normal termination (return value 22)
		Usr 0 00:00:00, Sys 0 00:00:00  -  Run Remote Usage
		Usr 0 00:00:00, Sys 0 00:00:00  -  Run Local Usage
		Usr 0 00:00:00, Sys 0 00:00:00  -  Total Remote Usage
		Usr 0 00:00:00, Sys 0 00:00:00  -  Total Local Usage
	0  -  Run Bytes Sent By Job
	0  -  Run Bytes Received By Job
	0  -  Total Bytes Sent By Job
	0  -  Total Bytes Received By Job
	Partitionable Resources :    Usage  Request Allocated
	   Cpus                 :                 1         1
	   Disk (KB)            :        1        1  13384575
	   Memory (MB)          :        0        1      6441
...
