000 (9637360.000.000) 02/27 16:05:46 Job submitted from host: <10.10.48.31:15410?addrs=10.10.48.31-15410>
...
001 (9637360.000.000) 02/27 16:05:50 Job executing on host: <10.10.48.146:6748?addrs=10.10.48.146-6748>
...
006 (9637360.000.000) 02/27 16:05:59 Image size of job updated: 185596
	33  -  MemoryUsage of job (MB)
	33788  -  ResidentSetSize of job (KB)
...
006 (9637360.000.000) 02/27 16:11:00 Image size of job updated: 192536
	39  -  MemoryUsage of job (MB)
	39936  -  ResidentSetSize of job (KB)
...
006 (9637360.000.000) 02/27 16:15:25 Image size of job updated: 192664
	39  -  MemoryUsage of job (MB)
	39936  -  ResidentSetSize of job (KB)
...
005 (9637360.000.000) 02/27 16:15:25 Job terminated.
	(1) Normal termination (return value 0)
		Usr 0 00:01:37, Sys 0 00:00:01  -  Run Remote Usage
		Usr 0 00:00:00, Sys 0 00:00:00  -  Run Local Usage
		Usr 0 00:01:37, Sys 0 00:00:01  -  Total Remote Usage
		Usr 0 00:00:00, Sys 0 00:00:00  -  Total Local Usage
	0  -  Run Bytes Sent By Job
	0  -  Run Bytes Received By Job
	0  -  Total Bytes Sent By Job
	0  -  Total Bytes Received By Job
	Partitionable Resources :    Usage  Request Allocated
	   Cpus                 :                 1         1
	   Disk (KB)            :        1        1  13350362
	   Memory (MB)          :       39        1      6441
...
000 (9643887.000.000) 02/27 20:47:36 Job submitted from host: <10.10.48.31:15410?addrs=10.10.48.31-15410>
...
001 (9643887.000.000) 02/27 20:47:38 Job executing on host: <10.10.48.143:56523?addrs=10.10.48.143-56523>
...
006 (9643887.000.000) 02/27 20:47:39 Image size of job updated: 252768
	0  -  MemoryUsage of job (MB)
	0  -  ResidentSetSize of job (KB)
...
005 (9643887.000.000) 02/27 20:47:40 Job terminated.
	(1) Normal termination (return value 5)
		Usr 0 00:00:00, Sys 0 00:00:00  -  Run Remote Usage
		Usr 0 00:00:00, Sys 0 00:00:00  -  Run Local Usage
		Usr 0 00:00:00, Sys 0 00:00:00  -  Total Remote Usage
		Usr 0 00:00:00, Sys 0 00:00:00  -  Total Local Usage
	0  -  Run Bytes Sent By Job
	0  -  Run Bytes Received By Job
	0  -  Total Bytes Sent By Job
	0  -  Total Bytes Received By Job
	Partitionable Resources :    Usage  Request Allocated
	   Cpus                 :                 1         1
	   Disk (KB)            :        1        1  13384575
	   Memory (MB)          :        0        1      6441
...
