000 (8914246.000.000) 12/10 23:42:43 Job submitted from host: <10.10.48.31:12542?addrs=10.10.48.31-12542>
...
001 (8914246.000.000) 12/10 23:43:00 Job executing on host: <10.10.48.133:42257?addrs=10.10.48.133-42257>
...
006 (8914246.000.000) 12/10 23:43:00 Image size of job updated: 176152
	0  -  MemoryUsage of job (MB)
	0  -  ResidentSetSize of job (KB)
...
005 (8914246.000.000) 12/10 23:43:02 Job terminated.
	(1) Normal termination (return value 1)
		Usr 0 00:00:00, Sys 0 00:00:00  -  Run Remote Usage
		Usr 0 00:00:00, Sys 0 00:00:00  -  Run Local Usage
		Usr 0 00:00:00, Sys 0 00:00:00  -  Total Remote Usage
		Usr 0 00:00:00, Sys 0 00:00:00  -  Total Local Usage
	0  -  Run Bytes Sent By Job
	0  -  Run Bytes Received By Job
	0  -  Total Bytes Sent By Job
	0  -  Total Bytes Received By Job
	Partitionable Resources :    Usage  Request Allocated
	   Cpus                 :                 1         1
	   Disk (KB)            :        1        1  13386734
	   Memory (MB)          :        0        1      6441
...
000 (8914408.000.000) 12/10 23:48:56 Job submitted from host: <10.10.48.31:12542?addrs=10.10.48.31-12542>
...
001 (8914408.000.000) 12/10 23:49:15 Job executing on host: <10.10.48.41:20766?addrs=10.10.48.41-20766>
...
006 (8914408.000.000) 12/10 23:49:24 Image size of job updated: 185740
	32  -  MemoryUsage of job (MB)
	32444  -  ResidentSetSize of job (KB)
...
006 (8914408.000.000) 12/10 23:53:23 Image size of job updated: 192624
	32  -  MemoryUsage of job (MB)
	32444  -  ResidentSetSize of job (KB)
...
005 (8914408.000.000) 12/10 23:53:23 Job terminated.
	(1) Normal termination (return value 0)
		Usr 0 00:02:09, Sys 0 00:00:02  -  Run Remote Usage
		Usr 0 00:00:00, Sys 0 00:00:00  -  Run Local Usage
		Usr 0 00:02:09, Sys 0 00:00:02  -  Total Remote Usage
		Usr 0 00:00:00, Sys 0 00:00:00  -  Total Local Usage
	0  -  Run Bytes Sent By Job
	0  -  Run Bytes Received By Job
	0  -  Total Bytes Sent By Job
	0  -  Total Bytes Received By Job
	Partitionable Resources :    Usage  Request Allocated
	   Cpus                 :                 1         1
	   Disk (KB)            :        1        1  16725277
	   Memory (MB)          :       32        1      4023
...
000 (8914570.000.000) 12/11 16:48:15 Job submitted from host: <10.10.48.31:12542?addrs=10.10.48.31-12542>
...
001 (8914570.000.000) 12/11 16:48:36 Job executing on host: <10.10.48.41:20766?addrs=10.10.48.41-20766>
...
006 (8914570.000.000) 12/11 16:48:45 Image size of job updated: 180388
	30  -  MemoryUsage of job (MB)
	30228  -  ResidentSetSize of job (KB)
...
006 (8914570.000.000) 12/11 16:53:24 Image size of job updated: 192508
	30  -  MemoryUsage of job (MB)
	30228  -  ResidentSetSize of job (KB)
...
005 (8914570.000.000) 12/11 16:53:24 Job terminated.
	(1) Normal termination (return value 0)
		Usr 0 00:01:50, Sys 0 00:00:02  -  Run Remote Usage
		Usr 0 00:00:00, Sys 0 00:00:00  -  Run Local Usage
		Usr 0 00:01:50, Sys 0 00:00:02  -  Total Remote Usage
		Usr 0 00:00:00, Sys 0 00:00:00  -  Total Local Usage
	0  -  Run Bytes Sent By Job
	0  -  Run Bytes Received By Job
	0  -  Total Bytes Sent By Job
	0  -  Total Bytes Received By Job
	Partitionable Resources :    Usage  Request Allocated
	   Cpus                 :                 1         1
	   Disk (KB)            :        1        1  16725316
	   Memory (MB)          :       30        1      4023
...
000 (8915332.000.000) 12/11 17:17:44 Job submitted from host: <10.10.48.31:12542?addrs=10.10.48.31-12542>
...
001 (8915332.000.000) 12/11 17:18:02 Job executing on host: <10.10.48.42:24954?addrs=10.10.48.42-24954>
...
006 (8915332.000.000) 12/11 17:18:11 Image size of job updated: 185796
	32  -  MemoryUsage of job (MB)
	32360  -  ResidentSetSize of job (KB)
...
006 (8915332.000.000) 12/11 17:20:22 Image size of job updated: 192580
	32  -  MemoryUsage of job (MB)
	32360  -  ResidentSetSize of job (KB)
...
005 (8915332.000.000) 12/11 17:20:22 Job terminated.
	(1) Normal termination (return value 0)
		Usr 0 00:01:54, Sys 0 00:00:02  -  Run Remote Usage
		Usr 0 00:00:00, Sys 0 00:00:00  -  Run Local Usage
		Usr 0 00:01:54, Sys 0 00:00:02  -  Total Remote Usage
		Usr 0 00:00:00, Sys 0 00:00:00  -  Total Local Usage
	0  -  Run Bytes Sent By Job
	0  -  Run Bytes Received By Job
	0  -  Total Bytes Sent By Job
	0  -  Total Bytes Received By Job
	Partitionable Resources :    Usage  Request Allocated
	   Cpus                 :                 1         1
	   Disk (KB)            :        1        1  16729390
	   Memory (MB)          :       32        1      4023
...
000 (8915494.000.000) 12/11 22:46:50 Job submitted from host: <10.10.48.31:12542?addrs=10.10.48.31-12542>
...
001 (8915494.000.000) 12/11 22:47:11 Job executing on host: <10.10.48.41:20766?addrs=10.10.48.41-20766>
...
006 (8915494.000.000) 12/11 22:47:19 Image size of job updated: 185880
	32  -  MemoryUsage of job (MB)
	32384  -  ResidentSetSize of job (KB)
...
006 (8915494.000.000) 12/11 22:47:29 Image size of job updated: 192436
	32  -  MemoryUsage of job (MB)
	32384  -  ResidentSetSize of job (KB)
...
005 (8915494.000.000) 12/11 22:47:29 Job terminated.
	(1) Normal termination (return value 0)
		Usr 0 00:00:04, Sys 0 00:00:00  -  Run Remote Usage
		Usr 0 00:00:00, Sys 0 00:00:00  -  Run Local Usage
		Usr 0 00:00:04, Sys 0 00:00:00  -  Total Remote Usage
		Usr 0 00:00:00, Sys 0 00:00:00  -  Total Local Usage
	0  -  Run Bytes Sent By Job
	0  -  Run Bytes Received By Job
	0  -  Total Bytes Sent By Job
	0  -  Total Bytes Received By Job
	Partitionable Resources :    Usage  Request Allocated
	   Cpus                 :                 1         1
	   Disk (KB)            :        1        1  16725261
	   Memory (MB)          :       32        1      4023
...
000 (8915626.000.000) 12/11 22:56:57 Job submitted from host: <10.10.48.31:12542?addrs=10.10.48.31-12542>
...
001 (8915626.000.000) 12/11 22:57:08 Job executing on host: <10.10.48.41:20766?addrs=10.10.48.41-20766>
...
006 (8915626.000.000) 12/11 22:57:13 Image size of job updated: 192468
	0  -  MemoryUsage of job (MB)
	0  -  ResidentSetSize of job (KB)
...
005 (8915626.000.000) 12/11 22:57:13 Job terminated.
	(1) Normal termination (return value 0)
		Usr 0 00:00:03, Sys 0 00:00:00  -  Run Remote Usage
		Usr 0 00:00:00, Sys 0 00:00:00  -  Run Local Usage
		Usr 0 00:00:03, Sys 0 00:00:00  -  Total Remote Usage
		Usr 0 00:00:00, Sys 0 00:00:00  -  Total Local Usage
	0  -  Run Bytes Sent By Job
	0  -  Run Bytes Received By Job
	0  -  Total Bytes Sent By Job
	0  -  Total Bytes Received By Job
	Partitionable Resources :    Usage  Request Allocated
	   Cpus                 :                 1         1
	   Disk (KB)            :        1        1  16725236
	   Memory (MB)          :        0        1      4023
...
000 (8915758.000.000) 12/11 23:08:58 Job submitted from host: <10.10.48.31:12542?addrs=10.10.48.31-12542>
...
001 (8915758.000.000) 12/11 23:09:04 Job executing on host: <10.10.48.41:20766?addrs=10.10.48.41-20766>
...
006 (8915758.000.000) 12/11 23:09:13 Image size of job updated: 179444
	31  -  MemoryUsage of job (MB)
	31660  -  ResidentSetSize of job (KB)
...
006 (8915758.000.000) 12/11 23:13:11 Image size of job updated: 192932
	31  -  MemoryUsage of job (MB)
	31660  -  ResidentSetSize of job (KB)
...
005 (8915758.000.000) 12/11 23:13:11 Job terminated.
	(1) Normal termination (return value 1)
		Usr 0 00:01:05, Sys 0 00:00:01  -  Run Remote Usage
		Usr 0 00:00:00, Sys 0 00:00:00  -  Run Local Usage
		Usr 0 00:01:05, Sys 0 00:00:01  -  Total Remote Usage
		Usr 0 00:00:00, Sys 0 00:00:00  -  Total Local Usage
	0  -  Run Bytes Sent By Job
	0  -  Run Bytes Received By Job
	0  -  Total Bytes Sent By Job
	0  -  Total Bytes Received By Job
	Partitionable Resources :    Usage  Request Allocated
	   Cpus                 :                 1         1
	   Disk (KB)            :        1        1  16725205
	   Memory (MB)          :       31        1      4023
...
000 (8915920.000.000) 12/11 23:22:20 Job submitted from host: <10.10.48.31:12542?addrs=10.10.48.31-12542>
...
001 (8915920.000.000) 12/11 23:22:23 Job executing on host: <10.10.48.41:20766?addrs=10.10.48.41-20766>
...
006 (8915920.000.000) 12/11 23:22:31 Image size of job updated: 192928
	39  -  MemoryUsage of job (MB)
	39740  -  ResidentSetSize of job (KB)
...
006 (8915920.000.000) 12/11 23:23:10 Image size of job updated: 193072
	39  -  MemoryUsage of job (MB)
	39740  -  ResidentSetSize of job (KB)
...
005 (8915920.000.000) 12/11 23:23:10 Job terminated.
	(1) Normal termination (return value 0)
		Usr 0 00:00:32, Sys 0 00:00:00  -  Run Remote Usage
		Usr 0 00:00:00, Sys 0 00:00:00  -  Run Local Usage
		Usr 0 00:00:32, Sys 0 00:00:00  -  Total Remote Usage
		Usr 0 00:00:00, Sys 0 00:00:00  -  Total Local Usage
	0  -  Run Bytes Sent By Job
	0  -  Run Bytes Received By Job
	0  -  Total Bytes Sent By Job
	0  -  Total Bytes Received By Job
	Partitionable Resources :    Usage  Request Allocated
	   Cpus                 :                 1         1
	   Disk (KB)            :        1        1  16725172
	   Memory (MB)          :       39        1      4023
...
000 (8916083.000.000) 12/12 14:23:28 Job submitted from host: <10.10.48.31:12542?addrs=10.10.48.31-12542>
...
001 (8916083.000.000) 12/12 14:23:49 Job executing on host: <10.10.48.41:20766?addrs=10.10.48.41-20766>
...
006 (8916083.000.000) 12/12 14:23:57 Image size of job updated: 175340
	29  -  MemoryUsage of job (MB)
	29404  -  ResidentSetSize of job (KB)
...
006 (8916083.000.000) 12/12 14:24:14 Image size of job updated: 192916
	29  -  MemoryUsage of job (MB)
	29404  -  ResidentSetSize of job (KB)
...
005 (8916083.000.000) 12/12 14:24:14 Job terminated.
	(1) Normal termination (return value 0)
		Usr 0 00:00:03, Sys 0 00:00:00  -  Run Remote Usage
		Usr 0 00:00:00, Sys 0 00:00:00  -  Run Local Usage
		Usr 0 00:00:03, Sys 0 00:00:00  -  Total Remote Usage
		Usr 0 00:00:00, Sys 0 00:00:00  -  Total Local Usage
	0  -  Run Bytes Sent By Job
	0  -  Run Bytes Received By Job
	0  -  Total Bytes Sent By Job
	0  -  Total Bytes Received By Job
	Partitionable Resources :    Usage  Request Allocated
	   Cpus                 :                 1         1
	   Disk (KB)            :        1        1  16725187
	   Memory (MB)          :       29        1      4023
...
000 (9637128.000.000) 02/27 16:01:30 Job submitted from host: <10.10.48.31:15410?addrs=10.10.48.31-15410>
...
001 (9637128.000.000) 02/27 16:01:48 Job executing on host: <10.10.48.37:36098?addrs=10.10.48.37-36098>
...
006 (9637128.000.000) 02/27 16:01:56 Image size of job updated: 176160
	29  -  MemoryUsage of job (MB)
	29084  -  ResidentSetSize of job (KB)
...
006 (9637128.000.000) 02/27 16:06:56 Image size of job updated: 190904
	41  -  MemoryUsage of job (MB)
	41076  -  ResidentSetSize of job (KB)
...
006 (9637128.000.000) 02/27 16:11:56 Image size of job updated: 191064
	41  -  MemoryUsage of job (MB)
	41172  -  ResidentSetSize of job (KB)
...
006 (9637128.000.000) 02/27 16:16:58 Image size of job updated: 192624
	41  -  MemoryUsage of job (MB)
	41592  -  ResidentSetSize of job (KB)
...
005 (9637128.000.000) 02/27 16:18:14 Job terminated.
	(1) Normal termination (return value 0)
		Usr 0 00:02:28, Sys 0 00:00:02  -  Run Remote Usage
		Usr 0 00:00:00, Sys 0 00:00:00  -  Run Local Usage
		Usr 0 00:02:28, Sys 0 00:00:02  -  Total Remote Usage
		Usr 0 00:00:00, Sys 0 00:00:00  -  Total Local Usage
	0  -  Run Bytes Sent By Job
	0  -  Run Bytes Received By Job
	0  -  Total Bytes Sent By Job
	0  -  Total Bytes Received By Job
	Partitionable Resources :    Usage  Request Allocated
	   Cpus                 :                 1         1
	   Disk (KB)            :        1        1  16727063
	   Memory (MB)          :       41        1      4023
...
000 (9643709.000.000) 02/27 20:47:06 Job submitted from host: <10.10.48.31:15410?addrs=10.10.48.31-15410>
...
001 (9643709.000.000) 02/27 20:47:16 Job executing on host: <10.10.48.143:56523?addrs=10.10.48.143-56523>
...
006 (9643709.000.000) 02/27 20:47:18 Image size of job updated: 252856
	0  -  MemoryUsage of job (MB)
	0  -  ResidentSetSize of job (KB)
...
005 (9643709.000.000) 02/27 20:47:18 Job terminated.
	(1) Normal termination (return value 0)
		Usr 0 00:00:00, Sys 0 00:00:00  -  Run Remote Usage
		Usr 0 00:00:00, Sys 0 00:00:00  -  Run Local Usage
		Usr 0 00:00:00, Sys 0 00:00:00  -  Total Remote Usage
		Usr 0 00:00:00, Sys 0 00:00:00  -  Total Local Usage
	0  -  Run Bytes Sent By Job
	0  -  Run Bytes Received By Job
	0  -  Total Bytes Sent By Job
	0  -  Total Bytes Received By Job
	Partitionable Resources :    Usage  Request Allocated
	   Cpus                 :                 1         1
	   Disk (KB)            :        1        1  13384575
	   Memory (MB)          :        0        1      6441
...
000 (9644681.000.000) 02/28 17:23:55 Job submitted from host: <10.10.48.31:15410?addrs=10.10.48.31-15410>
...
001 (9644681.000.000) 02/28 17:24:05 Job executing on host: <10.10.48.133:51182?addrs=10.10.48.133-51182>
...
006 (9644681.000.000) 02/28 17:24:13 Image size of job updated: 185596
	32  -  MemoryUsage of job (MB)
	32360  -  ResidentSetSize of job (KB)
...
006 (9644681.000.000) 02/28 17:26:07 Image size of job updated: 192528
	32  -  MemoryUsage of job (MB)
	32360  -  ResidentSetSize of job (KB)
...
005 (9644681.000.000) 02/28 17:26:07 Job terminated.
	(1) Normal termination (return value 0)
		Usr 0 00:01:27, Sys 0 00:00:01  -  Run Remote Usage
		Usr 0 00:00:00, Sys 0 00:00:00  -  Run Local Usage
		Usr 0 00:01:27, Sys 0 00:00:01  -  Total Remote Usage
		Usr 0 00:00:00, Sys 0 00:00:00  -  Total Local Usage
	0  -  Run Bytes Sent By Job
	0  -  Run Bytes Received By Job
	0  -  Total Bytes Sent By Job
	0  -  Total Bytes Received By Job
	Partitionable Resources :    Usage  Request Allocated
	   Cpus                 :                 1         1
	   Disk (KB)            :        1        1  13385747
	   Memory (MB)          :       32        1      6441
...
000 (9648237.000.000) 03/01 14:17:13 Job submitted from host: <10.10.48.31:15410?addrs=10.10.48.31-15410>
...
001 (9648237.000.000) 03/01 14:17:26 Job executing on host: <10.10.48.145:8370?addrs=10.10.48.145-8370>
...
006 (9648237.000.000) 03/01 14:17:28 Image size of job updated: 1
	0  -  MemoryUsage of job (MB)
	0  -  ResidentSetSize of job (KB)
...
005 (9648237.000.000) 03/01 14:17:28 Job terminated.
	(1) Normal termination (return value 2)
		Usr 0 00:00:00, Sys 0 00:00:00  -  Run Remote Usage
		Usr 0 00:00:00, Sys 0 00:00:00  -  Run Local Usage
		Usr 0 00:00:00, Sys 0 00:00:00  -  Total Remote Usage
		Usr 0 00:00:00, Sys 0 00:00:00  -  Total Local Usage
	0  -  Run Bytes Sent By Job
	0  -  Run Bytes Received By Job
	0  -  Total Bytes Sent By Job
	0  -  Total Bytes Received By Job
	Partitionable Resources :    Usage  Request Allocated
	   Cpus                 :                 1         1
	   Disk (KB)            :        1        1  13385317
	   Memory (MB)          :        0        1      6441
...
