000 (9637358.000.000) 02/27 16:05:42 Job submitted from host: <10.10.48.31:15410?addrs=10.10.48.31-15410>
...
001 (9637358.000.000) 02/27 16:05:45 Job executing on host: <10.10.48.33:19062?addrs=10.10.48.33-19062>
...
006 (9637358.000.000) 02/27 16:05:54 Image size of job updated: 185580
	34  -  MemoryUsage of job (MB)
	33800  -  ResidentSetSize of job (KB)
...
006 (9637358.000.000) 02/27 16:08:42 Image size of job updated: 192332
	34  -  MemoryUsage of job (MB)
	33800  -  ResidentSetSize of job (KB)
...
005 (9637358.000.000) 02/27 16:08:42 Job terminated.
	(1) Normal termination (return value 0)
		Usr 0 00:00:23, Sys 0 00:00:00  -  Run Remote Usage
		Usr 0 00:00:00, Sys 0 00:00:00  -  Run Local Usage
		Usr 0 00:00:23, Sys 0 00:00:00  -  Total Remote Usage
		Usr 0 00:00:00, Sys 0 00:00:00  -  Total Local Usage
	0  -  Run Bytes Sent By Job
	0  -  Run Bytes Received By Job
	0  -  Total Bytes Sent By Job
	0  -  Total Bytes Received By Job
	Partitionable Resources :    Usage  Request Allocated
	   Cpus                 :                 1         1
	   Disk (KB)            :        1        1  16723728
	   Memory (MB)          :       34        1      4023
...
000 (9643885.000.000) 02/27 20:47:36 Job submitted from host: <10.10.48.31:15410?addrs=10.10.48.31-15410>
...
001 (9643885.000.000) 02/27 20:47:38 Job executing on host: <10.10.48.143:56523?addrs=10.10.48.143-56523>
...
006 (9643885.000.000) 02/27 20:47:39 Image size of job updated: 252552
	0  -  MemoryUsage of job (MB)
	0  -  ResidentSetSize of job (KB)
...
005 (9643885.000.000) 02/27 20:47:39 Job terminated.
	(1) Normal termination (return value 2)
		Usr 0 00:00:00, Sys 0 00:00:00  -  Run Remote Usage
		Usr 0 00:00:00, Sys 0 00:00:00  -  Run Local Usage
		Usr 0 00:00:00, Sys 0 00:00:00  -  Total Remote Usage
		Usr 0 00:00:00, Sys 0 00:00:00  -  Total Local Usage
	0  -  Run Bytes Sent By Job
	0  -  Run Bytes Received By Job
	0  -  Total Bytes Sent By Job
	0  -  Total Bytes Received By Job
	Partitionable Resources :    Usage  Request Allocated
	   Cpus                 :                 1         1
	   Disk (KB)            :        1        1  13384575
	   Memory (MB)          :        0        1      6441
...
