000 (9637366.000.000) 02/27 16:05:53 Job submitted from host: <10.10.48.31:15410?addrs=10.10.48.31-15410>
...
001 (9637366.000.000) 02/27 16:05:57 Job executing on host: <10.10.48.44:50179?addrs=10.10.48.44-50179>
...
006 (9637366.000.000) 02/27 16:06:06 Image size of job updated: 185592
	32  -  MemoryUsage of job (MB)
	32384  -  ResidentSetSize of job (KB)
...
006 (9637366.000.000) 02/27 16:11:06 Image size of job updated: 192488
	38  -  MemoryUsage of job (MB)
	38428  -  ResidentSetSize of job (KB)
...
006 (9637366.000.000) 02/27 16:14:01 Image size of job updated: 192504
	38  -  MemoryUsage of job (MB)
	38428  -  ResidentSetSize of job (KB)
...
005 (9637366.000.000) 02/27 16:14:01 Job terminated.
	(1) Normal termination (return value 0)
		Usr 0 00:00:49, Sys 0 00:00:00  -  Run Remote Usage
		Usr 0 00:00:00, Sys 0 00:00:00  -  Run Local Usage
		Usr 0 00:00:49, Sys 0 00:00:00  -  Total Remote Usage
		Usr 0 00:00:00, Sys 0 00:00:00  -  Total Local Usage
	0  -  Run Bytes Sent By Job
	0  -  Run Bytes Received By Job
	0  -  Total Bytes Sent By Job
	0  -  Total Bytes Received By Job
	Partitionable Resources :    Usage  Request Allocated
	   Cpus                 :                 1         1
	   Disk (KB)            :        1        1  16726907
	   Memory (MB)          :       38        1      4023
...
000 (9643891.000.000) 02/27 20:47:37 Job submitted from host: <10.10.48.31:15410?addrs=10.10.48.31-15410>
...
001 (9643891.000.000) 02/27 20:47:39 Job executing on host: <10.10.48.143:56523?addrs=10.10.48.143-56523>
...
006 (9643891.000.000) 02/27 20:47:40 Image size of job updated: 252784
	0  -  MemoryUsage of job (MB)
	0  -  ResidentSetSize of job (KB)
...
005 (9643891.000.000) 02/27 20:47:40 Job terminated.
	(1) Normal termination (return value 1)
		Usr 0 00:00:00, Sys 0 00:00:00  -  Run Remote Usage
		Usr 0 00:00:00, Sys 0 00:00:00  -  Run Local Usage
		Usr 0 00:00:00, Sys 0 00:00:00  -  Total Remote Usage
		Usr 0 00:00:00, Sys 0 00:00:00  -  Total Local Usage
	0  -  Run Bytes Sent By Job
	0  -  Run Bytes Received By Job
	0  -  Total Bytes Sent By Job
	0  -  Total Bytes Received By Job
	Partitionable Resources :    Usage  Request Allocated
	   Cpus                 :                 1         1
	   Disk (KB)            :        1        1  13384575
	   Memory (MB)          :        0        1      6441
...
