000 (9637405.000.000) 02/27 16:06:42 Job submitted from host: <10.10.48.31:15410?addrs=10.10.48.31-15410>
...
001 (9637405.000.000) 02/27 16:06:51 Job executing on host: <10.10.48.144:11515?addrs=10.10.48.144-11515>
...
006 (9637405.000.000) 02/27 16:07:00 Image size of job updated: 185592
	32  -  MemoryUsage of job (MB)
	32352  -  ResidentSetSize of job (KB)
...
006 (9637405.000.000) 02/27 16:12:01 Image size of job updated: 192488
	38  -  MemoryUsage of job (MB)
	38436  -  ResidentSetSize of job (KB)
...
005 (9637405.000.000) 02/27 16:12:51 Job terminated.
	(1) Normal termination (return value 0)
		Usr 0 00:01:07, Sys 0 00:00:01  -  Run Remote Usage
		Usr 0 00:00:00, Sys 0 00:00:00  -  Run Local Usage
		Usr 0 00:01:07, Sys 0 00:00:01  -  Total Remote Usage
		Usr 0 00:00:00, Sys 0 00:00:00  -  Total Local Usage
	0  -  Run Bytes Sent By Job
	0  -  Run Bytes Received By Job
	0  -  Total Bytes Sent By Job
	0  -  Total Bytes Received By Job
	Partitionable Resources :    Usage  Request Allocated
	   Cpus                 :                 1         1
	   Disk (KB)            :        1        1  13384686
	   Memory (MB)          :       38        1      6440
...
000 (9643904.000.000) 02/27 20:47:39 Job submitted from host: <10.10.48.31:15410?addrs=10.10.48.31-15410>
...
001 (9643904.000.000) 02/27 20:47:40 Job executing on host: <10.10.48.143:56523?addrs=10.10.48.143-56523>
...
006 (9643904.000.000) 02/27 20:47:42 Image size of job updated: 253012
	0  -  MemoryUsage of job (MB)
	0  -  ResidentSetSize of job (KB)
...
005 (9643904.000.000) 02/27 20:47:42 Job terminated.
	(1) Normal termination (return value 2)
		Usr 0 00:00:00, Sys 0 00:00:00  -  Run Remote Usage
		Usr 0 00:00:00, Sys 0 00:00:00  -  Run Local Usage
		Usr 0 00:00:00, Sys 0 00:00:00  -  Total Remote Usage
		Usr 0 00:00:00, Sys 0 00:00:00  -  Total Local Usage
	0  -  Run Bytes Sent By Job
	0  -  Run Bytes Received By Job
	0  -  Total Bytes Sent By Job
	0  -  Total Bytes Received By Job
	Partitionable Resources :    Usage  Request Allocated
	   Cpus                 :                 1         1
	   Disk (KB)            :        1        1  13384526
	   Memory (MB)          :        0        1      6441
...
