000 (8914261.000.000) 12/10 23:42:45 Job submitted from host: <10.10.48.31:12542?addrs=10.10.48.31-12542>
...
001 (8914261.000.000) 12/10 23:42:53 Job executing on host: <10.10.48.133:42257?addrs=10.10.48.133-42257>
...
006 (8914261.000.000) 12/10 23:42:54 Image size of job updated: 175228
	0  -  MemoryUsage of job (MB)
	0  -  ResidentSetSize of job (KB)
...
005 (8914261.000.000) 12/10 23:42:57 Job terminated.
	(1) Normal termination (return value 1)
		Usr 0 00:00:00, Sys 0 00:00:00  -  Run Remote Usage
		Usr 0 00:00:00, Sys 0 00:00:00  -  Run Local Usage
		Usr 0 00:00:00, Sys 0 00:00:00  -  Total Remote Usage
		Usr 0 00:00:00, Sys 0 00:00:00  -  Total Local Usage
	0  -  Run Bytes Sent By Job
	0  -  Run Bytes Received By Job
	0  -  Total Bytes Sent By Job
	0  -  Total Bytes Received By Job
	Partitionable Resources :    Usage  Request Allocated
	   Cpus                 :                 1         1
	   Disk (KB)            :        1        1  13386734
	   Memory (MB)          :        0        1      6441
...
000 (8914423.000.000) 12/10 23:48:58 Job submitted from host: <10.10.48.31:12542?addrs=10.10.48.31-12542>
...
001 (8914423.000.000) 12/10 23:50:00 Job executing on host: <10.10.48.35:61041?addrs=10.10.48.35-61041>
...
006 (8914423.000.000) 12/10 23:50:10 Image size of job updated: 185584
	32  -  MemoryUsage of job (MB)
	32376  -  ResidentSetSize of job (KB)
...
006 (8914423.000.000) 12/10 23:52:08 Image size of job updated: 192552
	32  -  MemoryUsage of job (MB)
	32376  -  ResidentSetSize of job (KB)
...
005 (8914423.000.000) 12/10 23:52:08 Job terminated.
	(1) Normal termination (return value 0)
		Usr 0 00:01:09, Sys 0 00:00:01  -  Run Remote Usage
		Usr 0 00:00:00, Sys 0 00:00:00  -  Run Local Usage
		Usr 0 00:01:09, Sys 0 00:00:01  -  Total Remote Usage
		Usr 0 00:00:00, Sys 0 00:00:00  -  Total Local Usage
	0  -  Run Bytes Sent By Job
	0  -  Run Bytes Received By Job
	0  -  Total Bytes Sent By Job
	0  -  Total Bytes Received By Job
	Partitionable Resources :    Usage  Request Allocated
	   Cpus                 :                 1         1
	   Disk (KB)            :        1        1  16721169
	   Memory (MB)          :       32        1      4023
...
000 (8914585.000.000) 12/11 16:48:16 Job submitted from host: <10.10.48.31:12542?addrs=10.10.48.31-12542>
...
001 (8914585.000.000) 12/11 16:48:37 Job executing on host: <10.10.48.141:50603?addrs=10.10.48.141-50603>
...
006 (8914585.000.000) 12/11 16:48:46 Image size of job updated: 185584
	34  -  MemoryUsage of job (MB)
	34164  -  ResidentSetSize of job (KB)
...
006 (8914585.000.000) 12/11 16:51:04 Image size of job updated: 192596
	34  -  MemoryUsage of job (MB)
	34164  -  ResidentSetSize of job (KB)
...
005 (8914585.000.000) 12/11 16:51:04 Job terminated.
	(1) Normal termination (return value 0)
		Usr 0 00:01:14, Sys 0 00:00:01  -  Run Remote Usage
		Usr 0 00:00:00, Sys 0 00:00:00  -  Run Local Usage
		Usr 0 00:01:14, Sys 0 00:00:01  -  Total Remote Usage
		Usr 0 00:00:00, Sys 0 00:00:00  -  Total Local Usage
	0  -  Run Bytes Sent By Job
	0  -  Run Bytes Received By Job
	0  -  Total Bytes Sent By Job
	0  -  Total Bytes Received By Job
	Partitionable Resources :    Usage  Request Allocated
	   Cpus                 :                 1         1
	   Disk (KB)            :        1        1  13376623
	   Memory (MB)          :       34        1      6441
...
000 (8915347.000.000) 12/11 17:17:46 Job submitted from host: <10.10.48.31:12542?addrs=10.10.48.31-12542>
...
001 (8915347.000.000) 12/11 17:18:47 Job executing on host: <10.10.48.135:49492?addrs=10.10.48.135-49492>
...
006 (8915347.000.000) 12/11 17:18:56 Image size of job updated: 185580
	32  -  MemoryUsage of job (MB)
	32408  -  ResidentSetSize of job (KB)
...
006 (8915347.000.000) 12/11 17:20:01 Image size of job updated: 192516
	32  -  MemoryUsage of job (MB)
	32408  -  ResidentSetSize of job (KB)
...
005 (8915347.000.000) 12/11 17:20:01 Job terminated.
	(1) Normal termination (return value 0)
		Usr 0 00:00:56, Sys 0 00:00:00  -  Run Remote Usage
		Usr 0 00:00:00, Sys 0 00:00:00  -  Run Local Usage
		Usr 0 00:00:56, Sys 0 00:00:00  -  Total Remote Usage
		Usr 0 00:00:00, Sys 0 00:00:00  -  Total Local Usage
	0  -  Run Bytes Sent By Job
	0  -  Run Bytes Received By Job
	0  -  Total Bytes Sent By Job
	0  -  Total Bytes Received By Job
	Partitionable Resources :    Usage  Request Allocated
	   Cpus                 :                 1         1
	   Disk (KB)            :        1        1  13377146
	   Memory (MB)          :       32        1      6441
...
000 (8915509.000.000) 12/11 22:46:52 Job submitted from host: <10.10.48.31:12542?addrs=10.10.48.31-12542>
...
001 (8915509.000.000) 12/11 22:47:12 Job executing on host: <10.10.48.141:50603?addrs=10.10.48.141-50603>
...
006 (8915509.000.000) 12/11 22:47:21 Image size of job updated: 185636
	34  -  MemoryUsage of job (MB)
	34156  -  ResidentSetSize of job (KB)
...
006 (8915509.000.000) 12/11 22:52:10 Image size of job updated: 192640
	34  -  MemoryUsage of job (MB)
	34156  -  ResidentSetSize of job (KB)
...
005 (8915509.000.000) 12/11 22:52:10 Job terminated.
	(1) Normal termination (return value 0)
		Usr 0 00:02:23, Sys 0 00:00:02  -  Run Remote Usage
		Usr 0 00:00:00, Sys 0 00:00:00  -  Run Local Usage
		Usr 0 00:02:23, Sys 0 00:00:02  -  Total Remote Usage
		Usr 0 00:00:00, Sys 0 00:00:00  -  Total Local Usage
	0  -  Run Bytes Sent By Job
	0  -  Run Bytes Received By Job
	0  -  Total Bytes Sent By Job
	0  -  Total Bytes Received By Job
	Partitionable Resources :    Usage  Request Allocated
	   Cpus                 :                 1         1
	   Disk (KB)            :        1        1  13376574
	   Memory (MB)          :       34        1      6441
...
000 (8915641.000.000) 12/11 22:56:59 Job submitted from host: <10.10.48.31:12542?addrs=10.10.48.31-12542>
...
001 (8915641.000.000) 12/11 22:57:19 Job executing on host: <10.10.48.141:50603?addrs=10.10.48.141-50603>
...
006 (8915641.000.000) 12/11 22:57:27 Image size of job updated: 191028
	39  -  MemoryUsage of job (MB)
	39224  -  ResidentSetSize of job (KB)
...
006 (8915641.000.000) 12/11 22:58:44 Image size of job updated: 192512
	39  -  MemoryUsage of job (MB)
	39224  -  ResidentSetSize of job (KB)
...
005 (8915641.000.000) 12/11 22:58:44 Job terminated.
	(1) Normal termination (return value 0)
		Usr 0 00:01:22, Sys 0 00:00:01  -  Run Remote Usage
		Usr 0 00:00:00, Sys 0 00:00:00  -  Run Local Usage
		Usr 0 00:01:22, Sys 0 00:00:01  -  Total Remote Usage
		Usr 0 00:00:00, Sys 0 00:00:00  -  Total Local Usage
	0  -  Run Bytes Sent By Job
	0  -  Run Bytes Received By Job
	0  -  Total Bytes Sent By Job
	0  -  Total Bytes Received By Job
	Partitionable Resources :    Usage  Request Allocated
	   Cpus                 :                 1         1
	   Disk (KB)            :        1        1  13376549
	   Memory (MB)          :       39        1      6441
...
000 (8915773.000.000) 12/11 23:09:00 Job submitted from host: <10.10.48.31:12542?addrs=10.10.48.31-12542>
...
001 (8915773.000.000) 12/11 23:09:04 Job executing on host: <10.10.48.141:50603?addrs=10.10.48.141-50603>
...
006 (8915773.000.000) 12/11 23:09:13 Image size of job updated: 192776
	39  -  MemoryUsage of job (MB)
	39612  -  ResidentSetSize of job (KB)
...
006 (8915773.000.000) 12/11 23:10:28 Image size of job updated: 193020
	39  -  MemoryUsage of job (MB)
	39612  -  ResidentSetSize of job (KB)
...
005 (8915773.000.000) 12/11 23:10:28 Job terminated.
	(1) Normal termination (return value 1)
		Usr 0 00:00:31, Sys 0 00:00:00  -  Run Remote Usage
		Usr 0 00:00:00, Sys 0 00:00:00  -  Run Local Usage
		Usr 0 00:00:31, Sys 0 00:00:00  -  Total Remote Usage
		Usr 0 00:00:00, Sys 0 00:00:00  -  Total Local Usage
	0  -  Run Bytes Sent By Job
	0  -  Run Bytes Received By Job
	0  -  Total Bytes Sent By Job
	0  -  Total Bytes Received By Job
	Partitionable Resources :    Usage  Request Allocated
	   Cpus                 :                 1         1
	   Disk (KB)            :        1        1  13376523
	   Memory (MB)          :       39        1      6441
...
000 (8915935.000.000) 12/11 23:22:22 Job submitted from host: <10.10.48.31:12542?addrs=10.10.48.31-12542>
...
001 (8915935.000.000) 12/11 23:22:42 Job executing on host: <10.10.48.41:20766?addrs=10.10.48.41-20766>
...
006 (8915935.000.000) 12/11 23:22:51 Image size of job updated: 192656
	37  -  MemoryUsage of job (MB)
	36892  -  ResidentSetSize of job (KB)
...
006 (8915935.000.000) 12/11 23:25:21 Image size of job updated: 192888
	37  -  MemoryUsage of job (MB)
	36892  -  ResidentSetSize of job (KB)
...
005 (8915935.000.000) 12/11 23:25:21 Job terminated.
	(1) Normal termination (return value 0)
		Usr 0 00:00:29, Sys 0 00:00:00  -  Run Remote Usage
		Usr 0 00:00:00, Sys 0 00:00:00  -  Run Local Usage
		Usr 0 00:00:29, Sys 0 00:00:00  -  Total Remote Usage
		Usr 0 00:00:00, Sys 0 00:00:00  -  Total Local Usage
	0  -  Run Bytes Sent By Job
	0  -  Run Bytes Received By Job
	0  -  Total Bytes Sent By Job
	0  -  Total Bytes Received By Job
	Partitionable Resources :    Usage  Request Allocated
	   Cpus                 :                 1         1
	   Disk (KB)            :        1        1  16725172
	   Memory (MB)          :       37        1      4023
...
000 (8916098.000.000) 12/12 14:23:30 Job submitted from host: <10.10.48.31:12542?addrs=10.10.48.31-12542>
...
001 (8916098.000.000) 12/12 14:23:49 Job executing on host: <10.10.48.141:50603?addrs=10.10.48.141-50603>
...
006 (8916098.000.000) 12/12 14:23:57 Image size of job updated: 175336
	28  -  MemoryUsage of job (MB)
	27808  -  ResidentSetSize of job (KB)
...
006 (8916098.000.000) 12/12 14:28:57 Image size of job updated: 192988
	38  -  MemoryUsage of job (MB)
	38688  -  ResidentSetSize of job (KB)
...
005 (8916098.000.000) 12/12 14:29:09 Job terminated.
	(1) Normal termination (return value 0)
		Usr 0 00:01:11, Sys 0 00:00:01  -  Run Remote Usage
		Usr 0 00:00:00, Sys 0 00:00:00  -  Run Local Usage
		Usr 0 00:01:11, Sys 0 00:00:01  -  Total Remote Usage
		Usr 0 00:00:00, Sys 0 00:00:00  -  Total Local Usage
	0  -  Run Bytes Sent By Job
	0  -  Run Bytes Received By Job
	0  -  Total Bytes Sent By Job
	0  -  Total Bytes Received By Job
	Partitionable Resources :    Usage  Request Allocated
	   Cpus                 :                 1         1
	   Disk (KB)            :        1        1  13376559
	   Memory (MB)          :       38        1      6441
...
