000 (8914244.000.000) 12/10 23:42:43 Job submitted from host: <10.10.48.31:12542?addrs=10.10.48.31-12542>
...
001 (8914244.000.000) 12/10 23:43:00 Job executing on host: <10.10.48.133:42257?addrs=10.10.48.133-42257>
...
006 (8914244.000.000) 12/10 23:43:00 Image size of job updated: 170508
	0  -  MemoryUsage of job (MB)
	0  -  ResidentSetSize of job (KB)
...
005 (8914244.000.000) 12/10 23:43:02 Job terminated.
	(1) Normal termination (return value 1)
		Usr 0 00:00:00, Sys 0 00:00:00  -  Run Remote Usage
		Usr 0 00:00:00, Sys 0 00:00:00  -  Run Local Usage
		Usr 0 00:00:00, Sys 0 00:00:00  -  Total Remote Usage
		Usr 0 00:00:00, Sys 0 00:00:00  -  Total Local Usage
	0  -  Run Bytes Sent By Job
	0  -  Run Bytes Received By Job
	0  -  Total Bytes Sent By Job
	0  -  Total Bytes Received By Job
	Partitionable Resources :    Usage  Request Allocated
	   Cpus                 :                 1         1
	   Disk (KB)            :        1        1  13386734
	   Memory (MB)          :        0        1      6441
...
000 (8914406.000.000) 12/10 23:48:54 Job submitted from host: <10.10.48.31:12542?addrs=10.10.48.31-12542>
...
001 (8914406.000.000) 12/10 23:48:56 Job executing on host: <10.10.48.35:61041?addrs=10.10.48.35-61041>
...
006 (8914406.000.000) 12/10 23:49:05 Image size of job updated: 190828
	39  -  MemoryUsage of job (MB)
	39076  -  ResidentSetSize of job (KB)
...
006 (8914406.000.000) 12/10 23:49:45 Image size of job updated: 192528
	39  -  MemoryUsage of job (MB)
	39076  -  ResidentSetSize of job (KB)
...
005 (8914406.000.000) 12/10 23:49:45 Job terminated.
	(1) Normal termination (return value 0)
		Usr 0 00:00:24, Sys 0 00:00:00  -  Run Remote Usage
		Usr 0 00:00:00, Sys 0 00:00:00  -  Run Local Usage
		Usr 0 00:00:24, Sys 0 00:00:00  -  Total Remote Usage
		Usr 0 00:00:00, Sys 0 00:00:00  -  Total Local Usage
	0  -  Run Bytes Sent By Job
	0  -  Run Bytes Received By Job
	0  -  Total Bytes Sent By Job
	0  -  Total Bytes Received By Job
	Partitionable Resources :    Usage  Request Allocated
	   Cpus                 :                 1         1
	   Disk (KB)            :        1        1  16721129
	   Memory (MB)          :       39        1      4023
...
000 (8914568.000.000) 12/11 16:48:14 Job submitted from host: <10.10.48.31:12542?addrs=10.10.48.31-12542>
...
001 (8914568.000.000) 12/11 16:48:36 Job executing on host: <10.10.48.41:20766?addrs=10.10.48.41-20766>
...
006 (8914568.000.000) 12/11 16:48:45 Image size of job updated: 185840
	34  -  MemoryUsage of job (MB)
	34108  -  ResidentSetSize of job (KB)
...
006 (8914568.000.000) 12/11 16:49:18 Image size of job updated: 192384
	34  -  MemoryUsage of job (MB)
	34108  -  ResidentSetSize of job (KB)
...
005 (8914568.000.000) 12/11 16:49:18 Job terminated.
	(1) Normal termination (return value 0)
		Usr 0 00:00:24, Sys 0 00:00:00  -  Run Remote Usage
		Usr 0 00:00:00, Sys 0 00:00:00  -  Run Local Usage
		Usr 0 00:00:24, Sys 0 00:00:00  -  Total Remote Usage
		Usr 0 00:00:00, Sys 0 00:00:00  -  Total Local Usage
	0  -  Run Bytes Sent By Job
	0  -  Run Bytes Received By Job
	0  -  Total Bytes Sent By Job
	0  -  Total Bytes Received By Job
	Partitionable Resources :    Usage  Request Allocated
	   Cpus                 :                 1         1
	   Disk (KB)            :        1        1  16725316
	   Memory (MB)          :       34        1      4023
...
000 (8915330.000.000) 12/11 17:17:44 Job submitted from host: <10.10.48.31:12542?addrs=10.10.48.31-12542>
...
001 (8915330.000.000) 12/11 17:18:02 Job executing on host: <10.10.48.42:24954?addrs=10.10.48.42-24954>
...
006 (8915330.000.000) 12/11 17:18:11 Image size of job updated: 190776
	37  -  MemoryUsage of job (MB)
	37424  -  ResidentSetSize of job (KB)
...
006 (8915330.000.000) 12/11 17:18:35 Image size of job updated: 192472
	37  -  MemoryUsage of job (MB)
	37424  -  ResidentSetSize of job (KB)
...
005 (8915330.000.000) 12/11 17:18:36 Job terminated.
	(1) Normal termination (return value 0)
		Usr 0 00:00:24, Sys 0 00:00:00  -  Run Remote Usage
		Usr 0 00:00:00, Sys 0 00:00:00  -  Run Local Usage
		Usr 0 00:00:24, Sys 0 00:00:00  -  Total Remote Usage
		Usr 0 00:00:00, Sys 0 00:00:00  -  Total Local Usage
	0  -  Run Bytes Sent By Job
	0  -  Run Bytes Received By Job
	0  -  Total Bytes Sent By Job
	0  -  Total Bytes Received By Job
	Partitionable Resources :    Usage  Request Allocated
	   Cpus                 :                 1         1
	   Disk (KB)            :        1        1  16729390
	   Memory (MB)          :       37        1      4023
...
000 (8915492.000.000) 12/11 22:46:50 Job submitted from host: <10.10.48.31:12542?addrs=10.10.48.31-12542>
...
001 (8915492.000.000) 12/11 22:47:10 Job executing on host: <10.10.48.41:20766?addrs=10.10.48.41-20766>
...
006 (8915492.000.000) 12/11 22:47:18 Image size of job updated: 185796
	32  -  MemoryUsage of job (MB)
	32492  -  ResidentSetSize of job (KB)
...
006 (8915492.000.000) 12/11 22:51:15 Image size of job updated: 192628
	32  -  MemoryUsage of job (MB)
	32492  -  ResidentSetSize of job (KB)
...
005 (8915492.000.000) 12/11 22:51:15 Job terminated.
	(1) Normal termination (return value 0)
		Usr 0 00:01:57, Sys 0 00:00:02  -  Run Remote Usage
		Usr 0 00:00:00, Sys 0 00:00:00  -  Run Local Usage
		Usr 0 00:01:57, Sys 0 00:00:02  -  Total Remote Usage
		Usr 0 00:00:00, Sys 0 00:00:00  -  Total Local Usage
	0  -  Run Bytes Sent By Job
	0  -  Run Bytes Received By Job
	0  -  Total Bytes Sent By Job
	0  -  Total Bytes Received By Job
	Partitionable Resources :    Usage  Request Allocated
	   Cpus                 :                 1         1
	   Disk (KB)            :        1        1  16725261
	   Memory (MB)          :       32        1      4023
...
000 (8915624.000.000) 12/11 22:56:56 Job submitted from host: <10.10.48.31:12542?addrs=10.10.48.31-12542>
...
001 (8915624.000.000) 12/11 22:56:58 Job executing on host: <10.10.48.41:20766?addrs=10.10.48.41-20766>
...
006 (8915624.000.000) 12/11 22:57:07 Image size of job updated: 192460
	39  -  MemoryUsage of job (MB)
	39724  -  ResidentSetSize of job (KB)
...
006 (8915624.000.000) 12/11 22:58:16 Image size of job updated: 192472
	39  -  MemoryUsage of job (MB)
	39724  -  ResidentSetSize of job (KB)
...
005 (8915624.000.000) 12/11 22:58:16 Job terminated.
	(1) Normal termination (return value 0)
		Usr 0 00:01:15, Sys 0 00:00:01  -  Run Remote Usage
		Usr 0 00:00:00, Sys 0 00:00:00  -  Run Local Usage
		Usr 0 00:01:15, Sys 0 00:00:01  -  Total Remote Usage
		Usr 0 00:00:00, Sys 0 00:00:00  -  Total Local Usage
	0  -  Run Bytes Sent By Job
	0  -  Run Bytes Received By Job
	0  -  Total Bytes Sent By Job
	0  -  Total Bytes Received By Job
	Partitionable Resources :    Usage  Request Allocated
	   Cpus                 :                 1         1
	   Disk (KB)            :        1        1  16725236
	   Memory (MB)          :       39        1      4023
...
000 (8915756.000.000) 12/11 23:08:58 Job submitted from host: <10.10.48.31:12542?addrs=10.10.48.31-12542>
...
001 (8915756.000.000) 12/11 23:09:04 Job executing on host: <10.10.48.41:20766?addrs=10.10.48.41-20766>
...
006 (8915756.000.000) 12/11 23:09:13 Image size of job updated: 185176
	33  -  MemoryUsage of job (MB)
	33524  -  ResidentSetSize of job (KB)
...
006 (8915756.000.000) 12/11 23:09:34 Image size of job updated: 192832
	33  -  MemoryUsage of job (MB)
	33524  -  ResidentSetSize of job (KB)
...
005 (8915756.000.000) 12/11 23:09:34 Job terminated.
	(1) Normal termination (return value 1)
		Usr 0 00:00:09, Sys 0 00:00:00  -  Run Remote Usage
		Usr 0 00:00:00, Sys 0 00:00:00  -  Run Local Usage
		Usr 0 00:00:09, Sys 0 00:00:00  -  Total Remote Usage
		Usr 0 00:00:00, Sys 0 00:00:00  -  Total Local Usage
	0  -  Run Bytes Sent By Job
	0  -  Run Bytes Received By Job
	0  -  Total Bytes Sent By Job
	0  -  Total Bytes Received By Job
	Partitionable Resources :    Usage  Request Allocated
	   Cpus                 :                 1         1
	   Disk (KB)            :        1        1  16725205
	   Memory (MB)          :       33        1      4023
...
000 (8915918.000.000) 12/11 23:22:20 Job submitted from host: <10.10.48.31:12542?addrs=10.10.48.31-12542>
...
001 (8915918.000.000) 12/11 23:22:22 Job executing on host: <10.10.48.41:20766?addrs=10.10.48.41-20766>
...
006 (8915918.000.000) 12/11 23:22:30 Image size of job updated: 192832
	0  -  MemoryUsage of job (MB)
	0  -  ResidentSetSize of job (KB)
...
005 (8915918.000.000) 12/11 23:22:30 Job terminated.
	(1) Normal termination (return value 0)
		Usr 0 00:00:05, Sys 0 00:00:00  -  Run Remote Usage
		Usr 0 00:00:00, Sys 0 00:00:00  -  Run Local Usage
		Usr 0 00:00:05, Sys 0 00:00:00  -  Total Remote Usage
		Usr 0 00:00:00, Sys 0 00:00:00  -  Total Local Usage
	0  -  Run Bytes Sent By Job
	0  -  Run Bytes Received By Job
	0  -  Total Bytes Sent By Job
	0  -  Total Bytes Received By Job
	Partitionable Resources :    Usage  Request Allocated
	   Cpus                 :                 1         1
	   Disk (KB)            :        1        1  16725172
	   Memory (MB)          :        0        1      4023
...
000 (8916081.000.000) 12/12 14:23:28 Job submitted from host: <10.10.48.31:12542?addrs=10.10.48.31-12542>
...
001 (8916081.000.000) 12/12 14:23:48 Job executing on host: <10.10.48.41:20766?addrs=10.10.48.41-20766>
...
006 (8916081.000.000) 12/12 14:23:57 Image size of job updated: 175336
	29  -  MemoryUsage of job (MB)
	29372  -  ResidentSetSize of job (KB)
...
006 (8916081.000.000) 12/12 14:27:50 Image size of job updated: 192988
	29  -  MemoryUsage of job (MB)
	29372  -  ResidentSetSize of job (KB)
...
005 (8916081.000.000) 12/12 14:27:50 Job terminated.
	(1) Normal termination (return value 0)
		Usr 0 00:00:56, Sys 0 00:00:01  -  Run Remote Usage
		Usr 0 00:00:00, Sys 0 00:00:00  -  Run Local Usage
		Usr 0 00:00:56, Sys 0 00:00:01  -  Total Remote Usage
		Usr 0 00:00:00, Sys 0 00:00:00  -  Total Local Usage
	0  -  Run Bytes Sent By Job
	0  -  Run Bytes Received By Job
	0  -  Total Bytes Sent By Job
	0  -  Total Bytes Received By Job
	Partitionable Resources :    Usage  Request Allocated
	   Cpus                 :                 1         1
	   Disk (KB)            :        1        1  16725187
	   Memory (MB)          :       29        1      4023
...
000 (9637126.000.000) 02/27 16:01:30 Job submitted from host: <10.10.48.31:15410?addrs=10.10.48.31-15410>
...
001 (9637126.000.000) 02/27 16:01:47 Job executing on host: <10.10.48.37:36098?addrs=10.10.48.37-36098>
...
006 (9637126.000.000) 02/27 16:01:56 Image size of job updated: 176160
	29  -  MemoryUsage of job (MB)
	28900  -  ResidentSetSize of job (KB)
...
006 (9637126.000.000) 02/27 16:06:57 Image size of job updated: 186124
	35  -  MemoryUsage of job (MB)
	35576  -  ResidentSetSize of job (KB)
...
006 (9637126.000.000) 02/27 16:11:57 Image size of job updated: 186124
	35  -  MemoryUsage of job (MB)
	35708  -  ResidentSetSize of job (KB)
...
006 (9637126.000.000) 02/27 16:16:58 Image size of job updated: 191328
	41  -  MemoryUsage of job (MB)
	41124  -  ResidentSetSize of job (KB)
...
006 (9637126.000.000) 02/27 16:21:59 Image size of job updated: 192920
	41  -  MemoryUsage of job (MB)
	41576  -  ResidentSetSize of job (KB)
...
006 (9637126.000.000) 02/27 16:26:59 Image size of job updated: 192944
	41  -  MemoryUsage of job (MB)
	41588  -  ResidentSetSize of job (KB)
...
006 (9637126.000.000) 02/27 16:31:05 Image size of job updated: 192948
	41  -  MemoryUsage of job (MB)
	41588  -  ResidentSetSize of job (KB)
...
005 (9637126.000.000) 02/27 16:31:05 Job terminated.
	(1) Normal termination (return value 0)
		Usr 0 00:09:55, Sys 0 00:00:11  -  Run Remote Usage
		Usr 0 00:00:00, Sys 0 00:00:00  -  Run Local Usage
		Usr 0 00:09:55, Sys 0 00:00:11  -  Total Remote Usage
		Usr 0 00:00:00, Sys 0 00:00:00  -  Total Local Usage
	0  -  Run Bytes Sent By Job
	0  -  Run Bytes Received By Job
	0  -  Total Bytes Sent By Job
	0  -  Total Bytes Received By Job
	Partitionable Resources :    Usage  Request Allocated
	   Cpus                 :                 1         1
	   Disk (KB)            :        1        1  16727064
	   Memory (MB)          :       41        1      4023
...
000 (9643707.000.000) 02/27 20:47:06 Job submitted from host: <10.10.48.31:15410?addrs=10.10.48.31-15410>
...
001 (9643707.000.000) 02/27 20:47:16 Job executing on host: <10.10.48.143:56523?addrs=10.10.48.143-56523>
...
006 (9643707.000.000) 02/27 20:47:18 Image size of job updated: 252784
	0  -  MemoryUsage of job (MB)
	0  -  ResidentSetSize of job (KB)
...
005 (9643707.000.000) 02/27 20:47:18 Job terminated.
	(1) Normal termination (return value 3)
		Usr 0 00:00:01, Sys 0 00:00:00  -  Run Remote Usage
		Usr 0 00:00:00, Sys 0 00:00:00  -  Run Local Usage
		Usr 0 00:00:01, Sys 0 00:00:00  -  Total Remote Usage
		Usr 0 00:00:00, Sys 0 00:00:00  -  Total Local Usage
	0  -  Run Bytes Sent By Job
	0  -  Run Bytes Received By Job
	0  -  Total Bytes Sent By Job
	0  -  Total Bytes Received By Job
	Partitionable Resources :    Usage  Request Allocated
	   Cpus                 :                 1         1
	   Disk (KB)            :        1        1  13384575
	   Memory (MB)          :        0        1      6441
...
000 (9644679.000.000) 02/28 17:23:54 Job submitted from host: <10.10.48.31:15410?addrs=10.10.48.31-15410>
...
001 (9644679.000.000) 02/28 17:24:05 Job executing on host: <10.10.48.133:51182?addrs=10.10.48.133-51182>
...
006 (9644679.000.000) 02/28 17:24:13 Image size of job updated: 190884
	38  -  MemoryUsage of job (MB)
	37996  -  ResidentSetSize of job (KB)
...
006 (9644679.000.000) 02/28 17:24:48 Image size of job updated: 192548
	38  -  MemoryUsage of job (MB)
	37996  -  ResidentSetSize of job (KB)
...
005 (9644679.000.000) 02/28 17:24:48 Job terminated.
	(1) Normal termination (return value 0)
		Usr 0 00:00:22, Sys 0 00:00:00  -  Run Remote Usage
		Usr 0 00:00:00, Sys 0 00:00:00  -  Run Local Usage
		Usr 0 00:00:22, Sys 0 00:00:00  -  Total Remote Usage
		Usr 0 00:00:00, Sys 0 00:00:00  -  Total Local Usage
	0  -  Run Bytes Sent By Job
	0  -  Run Bytes Received By Job
	0  -  Total Bytes Sent By Job
	0  -  Total Bytes Received By Job
	Partitionable Resources :    Usage  Request Allocated
	   Cpus                 :                 1         1
	   Disk (KB)            :        1        1  13385747
	   Memory (MB)          :       38        1      6441
...
000 (9648235.000.000) 03/01 14:17:13 Job submitted from host: <10.10.48.31:15410?addrs=10.10.48.31-15410>
...
001 (9648235.000.000) 03/01 14:17:25 Job executing on host: <10.10.48.145:8370?addrs=10.10.48.145-8370>
...
006 (9648235.000.000) 03/01 14:17:28 Image size of job updated: 250636
	0  -  MemoryUsage of job (MB)
	0  -  ResidentSetSize of job (KB)
...
005 (9648235.000.000) 03/01 14:17:28 Job terminated.
	(1) Normal termination (return value 0)
		Usr 0 00:00:01, Sys 0 00:00:00  -  Run Remote Usage
		Usr 0 00:00:00, Sys 0 00:00:00  -  Run Local Usage
		Usr 0 00:00:01, Sys 0 00:00:00  -  Total Remote Usage
		Usr 0 00:00:00, Sys 0 00:00:00  -  Total Local Usage
	0  -  Run Bytes Sent By Job
	0  -  Run Bytes Received By Job
	0  -  Total Bytes Sent By Job
	0  -  Total Bytes Received By Job
	Partitionable Resources :    Usage  Request Allocated
	   Cpus                 :                 1         1
	   Disk (KB)            :        1        1  13385317
	   Memory (MB)          :        0        1      6441
...
