000 (8914373.000.000) 12/10 23:43:07 Job submitted from host: <10.10.48.31:12542?addrs=10.10.48.31-12542>
...
001 (8914373.000.000) 12/10 23:43:14 Job executing on host: <10.10.48.43:4900?addrs=10.10.48.43-4900>
...
006 (8914373.000.000) 12/10 23:43:14 Image size of job updated: 114936
	0  -  MemoryUsage of job (MB)
	0  -  ResidentSetSize of job (KB)
...
005 (8914373.000.000) 12/10 23:43:14 Job terminated.
	(1) Normal termination (return value 1)
		Usr 0 00:00:00, Sys 0 00:00:00  -  Run Remote Usage
		Usr 0 00:00:00, Sys 0 00:00:00  -  Run Local Usage
		Usr 0 00:00:00, Sys 0 00:00:00  -  Total Remote Usage
		Usr 0 00:00:00, Sys 0 00:00:00  -  Total Local Usage
	0  -  Run Bytes Sent By Job
	0  -  Run Bytes Received By Job
	0  -  Total Bytes Sent By Job
	0  -  Total Bytes Received By Job
	Partitionable Resources :    Usage  Request Allocated
	   Cpus                 :                 1         1
	   Disk (KB)            :        1        1  16728116
	   Memory (MB)          :        0        1      4023
...
000 (8914535.000.000) 12/10 23:51:09 Job submitted from host: <10.10.48.31:12542?addrs=10.10.48.31-12542>
...
001 (8914535.000.000) 12/10 23:52:08 Job executing on host: <10.10.48.35:61041?addrs=10.10.48.35-61041>
...
006 (8914535.000.000) 12/10 23:52:16 Image size of job updated: 185576
	34  -  MemoryUsage of job (MB)
	34084  -  ResidentSetSize of job (KB)
...
006 (8914535.000.000) 12/10 23:52:51 Image size of job updated: 192540
	34  -  MemoryUsage of job (MB)
	34084  -  ResidentSetSize of job (KB)
...
005 (8914535.000.000) 12/10 23:52:51 Job terminated.
	(1) Normal termination (return value 0)
		Usr 0 00:00:17, Sys 0 00:00:00  -  Run Remote Usage
		Usr 0 00:00:00, Sys 0 00:00:00  -  Run Local Usage
		Usr 0 00:00:17, Sys 0 00:00:00  -  Total Remote Usage
		Usr 0 00:00:00, Sys 0 00:00:00  -  Total Local Usage
	0  -  Run Bytes Sent By Job
	0  -  Run Bytes Received By Job
	0  -  Total Bytes Sent By Job
	0  -  Total Bytes Received By Job
	Partitionable Resources :    Usage  Request Allocated
	   Cpus                 :                 1         1
	   Disk (KB)            :        1        1  16721169
	   Memory (MB)          :       34        1      4023
...
000 (8914697.000.000) 12/11 16:50:13 Job submitted from host: <10.10.48.31:12542?addrs=10.10.48.31-12542>
...
001 (8914697.000.000) 12/11 16:50:17 Job executing on host: <10.10.48.35:61041?addrs=10.10.48.35-61041>
...
006 (8914697.000.000) 12/11 16:50:26 Image size of job updated: 189092
	35  -  MemoryUsage of job (MB)
	35464  -  ResidentSetSize of job (KB)
...
006 (8914697.000.000) 12/11 16:51:30 Image size of job updated: 192356
	35  -  MemoryUsage of job (MB)
	35464  -  ResidentSetSize of job (KB)
...
005 (8914697.000.000) 12/11 16:51:30 Job terminated.
	(1) Normal termination (return value 0)
		Usr 0 00:00:19, Sys 0 00:00:00  -  Run Remote Usage
		Usr 0 00:00:00, Sys 0 00:00:00  -  Run Local Usage
		Usr 0 00:00:19, Sys 0 00:00:00  -  Total Remote Usage
		Usr 0 00:00:00, Sys 0 00:00:00  -  Total Local Usage
	0  -  Run Bytes Sent By Job
	0  -  Run Bytes Received By Job
	0  -  Total Bytes Sent By Job
	0  -  Total Bytes Received By Job
	Partitionable Resources :    Usage  Request Allocated
	   Cpus                 :                 1         1
	   Disk (KB)            :        1        1  16721155
	   Memory (MB)          :       35        1      4023
...
000 (8915459.000.000) 12/11 17:19:26 Job submitted from host: <10.10.48.31:12542?addrs=10.10.48.31-12542>
...
001 (8915459.000.000) 12/11 17:19:48 Job executing on host: <10.10.48.33:59750?addrs=10.10.48.33-59750>
...
006 (8915459.000.000) 12/11 17:19:57 Image size of job updated: 192468
	40  -  MemoryUsage of job (MB)
	40152  -  ResidentSetSize of job (KB)
...
006 (8915459.000.000) 12/11 17:20:12 Image size of job updated: 192488
	40  -  MemoryUsage of job (MB)
	40152  -  ResidentSetSize of job (KB)
...
005 (8915459.000.000) 12/11 17:20:12 Job terminated.
	(1) Normal termination (return value 0)
		Usr 0 00:00:20, Sys 0 00:00:00  -  Run Remote Usage
		Usr 0 00:00:00, Sys 0 00:00:00  -  Run Local Usage
		Usr 0 00:00:20, Sys 0 00:00:00  -  Total Remote Usage
		Usr 0 00:00:00, Sys 0 00:00:00  -  Total Local Usage
	0  -  Run Bytes Sent By Job
	0  -  Run Bytes Received By Job
	0  -  Total Bytes Sent By Job
	0  -  Total Bytes Received By Job
	Partitionable Resources :    Usage  Request Allocated
	   Cpus                 :                 1         1
	   Disk (KB)            :        1        1  16723598
	   Memory (MB)          :       40        1      4023
...
000 (8915885.000.000) 12/11 23:10:29 Job submitted from host: <10.10.48.31:12542?addrs=10.10.48.31-12542>
...
001 (8915885.000.000) 12/11 23:10:38 Job executing on host: <10.10.48.139:49429?addrs=10.10.48.139-49429>
...
006 (8915885.000.000) 12/11 23:10:47 Image size of job updated: 185164
	33  -  MemoryUsage of job (MB)
	33324  -  ResidentSetSize of job (KB)
...
006 (8915885.000.000) 12/11 23:11:43 Image size of job updated: 192876
	33  -  MemoryUsage of job (MB)
	33324  -  ResidentSetSize of job (KB)
...
005 (8915885.000.000) 12/11 23:11:43 Job terminated.
	(1) Normal termination (return value 1)
		Usr 0 00:00:13, Sys 0 00:00:00  -  Run Remote Usage
		Usr 0 00:00:00, Sys 0 00:00:00  -  Run Local Usage
		Usr 0 00:00:13, Sys 0 00:00:00  -  Total Remote Usage
		Usr 0 00:00:00, Sys 0 00:00:00  -  Total Local Usage
	0  -  Run Bytes Sent By Job
	0  -  Run Bytes Received By Job
	0  -  Total Bytes Sent By Job
	0  -  Total Bytes Received By Job
	Partitionable Resources :    Usage  Request Allocated
	   Cpus                 :                 1         1
	   Disk (KB)            :        1        1  13385058
	   Memory (MB)          :       33        1      6441
...
000 (8916047.000.000) 12/11 23:23:06 Job submitted from host: <10.10.48.31:12542?addrs=10.10.48.31-12542>
...
001 (8916047.000.000) 12/11 23:23:09 Job executing on host: <10.10.48.141:50603?addrs=10.10.48.141-50603>
...
006 (8916047.000.000) 12/11 23:23:18 Image size of job updated: 192792
	39  -  MemoryUsage of job (MB)
	39884  -  ResidentSetSize of job (KB)
...
006 (8916047.000.000) 12/11 23:23:36 Image size of job updated: 192880
	39  -  MemoryUsage of job (MB)
	39884  -  ResidentSetSize of job (KB)
...
005 (8916047.000.000) 12/11 23:23:36 Job terminated.
	(1) Normal termination (return value 0)
		Usr 0 00:00:11, Sys 0 00:00:00  -  Run Remote Usage
		Usr 0 00:00:00, Sys 0 00:00:00  -  Run Local Usage
		Usr 0 00:00:11, Sys 0 00:00:00  -  Total Remote Usage
		Usr 0 00:00:00, Sys 0 00:00:00  -  Total Local Usage
	0  -  Run Bytes Sent By Job
	0  -  Run Bytes Received By Job
	0  -  Total Bytes Sent By Job
	0  -  Total Bytes Received By Job
	Partitionable Resources :    Usage  Request Allocated
	   Cpus                 :                 1         1
	   Disk (KB)            :        1        1  13376493
	   Memory (MB)          :       39        1      6441
...
000 (9637283.000.000) 02/27 16:03:57 Job submitted from host: <10.10.48.31:15410?addrs=10.10.48.31-15410>
...
001 (9637283.000.000) 02/27 16:04:03 Job executing on host: <10.10.48.146:6748?addrs=10.10.48.146-6748>
...
006 (9637283.000.000) 02/27 16:04:12 Image size of job updated: 185780
	32  -  MemoryUsage of job (MB)
	32664  -  ResidentSetSize of job (KB)
...
005 (9637283.000.000) 02/27 16:04:59 Job terminated.
	(1) Normal termination (return value 255)
		Usr 0 00:00:00, Sys 0 00:00:00  -  Run Remote Usage
		Usr 0 00:00:00, Sys 0 00:00:00  -  Run Local Usage
		Usr 0 00:00:00, Sys 0 00:00:00  -  Total Remote Usage
		Usr 0 00:00:00, Sys 0 00:00:00  -  Total Local Usage
	0  -  Run Bytes Sent By Job
	0  -  Run Bytes Received By Job
	0  -  Total Bytes Sent By Job
	0  -  Total Bytes Received By Job
	Partitionable Resources :    Usage  Request Allocated
	   Cpus                 :                 1         1
	   Disk (KB)            :        1        1  13350362
	   Memory (MB)          :       32        1      6441
...
000 (9643836.000.000) 02/27 20:47:28 Job submitted from host: <10.10.48.31:15410?addrs=10.10.48.31-15410>
...
001 (9643836.000.000) 02/27 20:47:30 Job executing on host: <10.10.48.143:56523?addrs=10.10.48.143-56523>
...
006 (9643836.000.000) 02/27 20:47:31 Image size of job updated: 253028
	0  -  MemoryUsage of job (MB)
	0  -  ResidentSetSize of job (KB)
...
005 (9643836.000.000) 02/27 20:47:31 Job terminated.
	(1) Normal termination (return value 1)
		Usr 0 00:00:00, Sys 0 00:00:00  -  Run Remote Usage
		Usr 0 00:00:00, Sys 0 00:00:00  -  Run Local Usage
		Usr 0 00:00:00, Sys 0 00:00:00  -  Total Remote Usage
		Usr 0 00:00:00, Sys 0 00:00:00  -  Total Local Usage
	0  -  Run Bytes Sent By Job
	0  -  Run Bytes Received By Job
	0  -  Total Bytes Sent By Job
	0  -  Total Bytes Received By Job
	Partitionable Resources :    Usage  Request Allocated
	   Cpus                 :                 1         1
	   Disk (KB)            :        1        1  13384575
	   Memory (MB)          :        0        1      6441
...
