000 (8914268.000.000) 12/10 23:42:46 Job submitted from host: <10.10.48.31:12542?addrs=10.10.48.31-12542>
...
001 (8914268.000.000) 12/10 23:42:55 Job executing on host: <10.10.48.133:42257?addrs=10.10.48.133-42257>
...
006 (8914268.000.000) 12/10 23:42:55 Image size of job updated: 175188
	0  -  MemoryUsage of job (MB)
	0  -  ResidentSetSize of job (KB)
...
005 (8914268.000.000) 12/10 23:42:57 Job terminated.
	(1) Normal termination (return value 1)
		Usr 0 00:00:00, Sys 0 00:00:00  -  Run Remote Usage
		Usr 0 00:00:00, Sys 0 00:00:00  -  Run Local Usage
		Usr 0 00:00:00, Sys 0 00:00:00  -  Total Remote Usage
		Usr 0 00:00:00, Sys 0 00:00:00  -  Total Local Usage
	0  -  Run Bytes Sent By Job
	0  -  Run Bytes Received By Job
	0  -  Total Bytes Sent By Job
	0  -  Total Bytes Received By Job
	Partitionable Resources :    Usage  Request Allocated
	   Cpus                 :                 1         1
	   Disk (KB)            :        1        1  13386734
	   Memory (MB)          :        0        1      6441
...
000 (8914430.000.000) 12/10 23:48:59 Job submitted from host: <10.10.48.31:12542?addrs=10.10.48.31-12542>
...
001 (8914430.000.000) 12/10 23:50:16 Job executing on host: <10.10.48.35:61041?addrs=10.10.48.35-61041>
...
006 (8914430.000.000) 12/10 23:50:25 Image size of job updated: 185652
	34  -  MemoryUsage of job (MB)
	34212  -  ResidentSetSize of job (KB)
...
006 (8914430.000.000) 12/10 23:55:26 Image size of job updated: 192624
	40  -  MemoryUsage of job (MB)
	40244  -  ResidentSetSize of job (KB)
...
006 (8914430.000.000) 12/10 23:58:58 Image size of job updated: 192644
	40  -  MemoryUsage of job (MB)
	40244  -  ResidentSetSize of job (KB)
...
005 (8914430.000.000) 12/10 23:58:58 Job terminated.
	(1) Normal termination (return value 0)
		Usr 0 00:05:51, Sys 0 00:00:06  -  Run Remote Usage
		Usr 0 00:00:00, Sys 0 00:00:00  -  Run Local Usage
		Usr 0 00:05:51, Sys 0 00:00:06  -  Total Remote Usage
		Usr 0 00:00:00, Sys 0 00:00:00  -  Total Local Usage
	0  -  Run Bytes Sent By Job
	0  -  Run Bytes Received By Job
	0  -  Total Bytes Sent By Job
	0  -  Total Bytes Received By Job
	Partitionable Resources :    Usage  Request Allocated
	   Cpus                 :                 1         1
	   Disk (KB)            :        1        1  16721154
	   Memory (MB)          :       40        1      4023
...
000 (8914592.000.000) 12/11 16:48:17 Job submitted from host: <10.10.48.31:12542?addrs=10.10.48.31-12542>
...
001 (8914592.000.000) 12/11 16:48:38 Job executing on host: <10.10.48.141:50603?addrs=10.10.48.141-50603>
...
006 (8914592.000.000) 12/11 16:48:47 Image size of job updated: 185648
	32  -  MemoryUsage of job (MB)
	32456  -  ResidentSetSize of job (KB)
...
006 (8914592.000.000) 12/11 16:53:48 Image size of job updated: 192784
	38  -  MemoryUsage of job (MB)
	38496  -  ResidentSetSize of job (KB)
...
005 (8914592.000.000) 12/11 16:58:14 Job terminated.
	(1) Normal termination (return value 0)
		Usr 0 00:06:49, Sys 0 00:00:05  -  Run Remote Usage
		Usr 0 00:00:00, Sys 0 00:00:00  -  Run Local Usage
		Usr 0 00:06:49, Sys 0 00:00:05  -  Total Remote Usage
		Usr 0 00:00:00, Sys 0 00:00:00  -  Total Local Usage
	0  -  Run Bytes Sent By Job
	0  -  Run Bytes Received By Job
	0  -  Total Bytes Sent By Job
	0  -  Total Bytes Received By Job
	Partitionable Resources :    Usage  Request Allocated
	   Cpus                 :                 1         1
	   Disk (KB)            :        1        1  13376623
	   Memory (MB)          :       38        1      6441
...
000 (8915354.000.000) 12/11 17:17:47 Job submitted from host: <10.10.48.31:12542?addrs=10.10.48.31-12542>
...
001 (8915354.000.000) 12/11 17:18:54 Job executing on host: <10.10.48.37:22739?addrs=10.10.48.37-22739>
...
006 (8915354.000.000) 12/11 17:19:03 Image size of job updated: 1
	2  -  MemoryUsage of job (MB)
	1812  -  ResidentSetSize of job (KB)
...
006 (8915354.000.000) 12/11 17:24:04 Image size of job updated: 192776
	40  -  MemoryUsage of job (MB)
	40284  -  ResidentSetSize of job (KB)
...
005 (8915354.000.000) 12/11 17:25:15 Job terminated.
	(1) Normal termination (return value 0)
		Usr 0 00:05:47, Sys 0 00:00:06  -  Run Remote Usage
		Usr 0 00:00:00, Sys 0 00:00:00  -  Run Local Usage
		Usr 0 00:05:47, Sys 0 00:00:06  -  Total Remote Usage
		Usr 0 00:00:00, Sys 0 00:00:00  -  Total Local Usage
	0  -  Run Bytes Sent By Job
	0  -  Run Bytes Received By Job
	0  -  Total Bytes Sent By Job
	0  -  Total Bytes Received By Job
	Partitionable Resources :    Usage  Request Allocated
	   Cpus                 :                 1         1
	   Disk (KB)            :        1        1  16727215
	   Memory (MB)          :       40        1      4023
...
000 (8915516.000.000) 12/11 22:46:53 Job submitted from host: <10.10.48.31:12542?addrs=10.10.48.31-12542>
...
001 (8915516.000.000) 12/11 22:47:13 Job executing on host: <10.10.48.141:50603?addrs=10.10.48.141-50603>
...
006 (8915516.000.000) 12/11 22:47:22 Image size of job updated: 180388
	29  -  MemoryUsage of job (MB)
	28948  -  ResidentSetSize of job (KB)
...
006 (8915516.000.000) 12/11 22:52:23 Image size of job updated: 192632
	39  -  MemoryUsage of job (MB)
	38968  -  ResidentSetSize of job (KB)
...
006 (8915516.000.000) 12/11 22:55:49 Image size of job updated: 193220
	39  -  MemoryUsage of job (MB)
	38968  -  ResidentSetSize of job (KB)
...
005 (8915516.000.000) 12/11 22:55:49 Job terminated.
	(1) Normal termination (return value 0)
		Usr 0 00:04:57, Sys 0 00:00:04  -  Run Remote Usage
		Usr 0 00:00:00, Sys 0 00:00:00  -  Run Local Usage
		Usr 0 00:04:57, Sys 0 00:00:04  -  Total Remote Usage
		Usr 0 00:00:00, Sys 0 00:00:00  -  Total Local Usage
	0  -  Run Bytes Sent By Job
	0  -  Run Bytes Received By Job
	0  -  Total Bytes Sent By Job
	0  -  Total Bytes Received By Job
	Partitionable Resources :    Usage  Request Allocated
	   Cpus                 :                 1         1
	   Disk (KB)            :        1        1  13376574
	   Memory (MB)          :       39        1      6441
...
000 (8915648.000.000) 12/11 22:57:00 Job submitted from host: <10.10.48.31:12542?addrs=10.10.48.31-12542>
...
001 (8915648.000.000) 12/11 22:57:20 Job executing on host: <10.10.48.141:50603?addrs=10.10.48.141-50603>
...
006 (8915648.000.000) 12/11 22:57:28 Image size of job updated: 192528
	39  -  MemoryUsage of job (MB)
	39796  -  ResidentSetSize of job (KB)
...
006 (8915648.000.000) 12/11 23:00:59 Image size of job updated: 196312
	39  -  MemoryUsage of job (MB)
	39796  -  ResidentSetSize of job (KB)
...
005 (8915648.000.000) 12/11 23:00:59 Job terminated.
	(1) Normal termination (return value 0)
		Usr 0 00:03:33, Sys 0 00:00:03  -  Run Remote Usage
		Usr 0 00:00:00, Sys 0 00:00:00  -  Run Local Usage
		Usr 0 00:03:33, Sys 0 00:00:03  -  Total Remote Usage
		Usr 0 00:00:00, Sys 0 00:00:00  -  Total Local Usage
	0  -  Run Bytes Sent By Job
	0  -  Run Bytes Received By Job
	0  -  Total Bytes Sent By Job
	0  -  Total Bytes Received By Job
	Partitionable Resources :    Usage  Request Allocated
	   Cpus                 :                 1         1
	   Disk (KB)            :        1        1  13376549
	   Memory (MB)          :       39        1      6441
...
000 (8915780.000.000) 12/11 23:09:00 Job submitted from host: <10.10.48.31:12542?addrs=10.10.48.31-12542>
...
001 (8915780.000.000) 12/11 23:09:05 Job executing on host: <10.10.48.141:50603?addrs=10.10.48.141-50603>
...
006 (8915780.000.000) 12/11 23:09:14 Image size of job updated: 185256
	33  -  MemoryUsage of job (MB)
	33216  -  ResidentSetSize of job (KB)
...
006 (8915780.000.000) 12/11 23:13:46 Image size of job updated: 193104
	33  -  MemoryUsage of job (MB)
	33216  -  ResidentSetSize of job (KB)
...
005 (8915780.000.000) 12/11 23:13:46 Job terminated.
	(1) Normal termination (return value 1)
		Usr 0 00:02:00, Sys 0 00:00:02  -  Run Remote Usage
		Usr 0 00:00:00, Sys 0 00:00:00  -  Run Local Usage
		Usr 0 00:02:00, Sys 0 00:00:02  -  Total Remote Usage
		Usr 0 00:00:00, Sys 0 00:00:00  -  Total Local Usage
	0  -  Run Bytes Sent By Job
	0  -  Run Bytes Received By Job
	0  -  Total Bytes Sent By Job
	0  -  Total Bytes Received By Job
	Partitionable Resources :    Usage  Request Allocated
	   Cpus                 :                 1         1
	   Disk (KB)            :        1        1  13376523
	   Memory (MB)          :       33        1      6441
...
000 (8915942.000.000) 12/11 23:22:22 Job submitted from host: <10.10.48.31:12542?addrs=10.10.48.31-12542>
...
001 (8915942.000.000) 12/11 23:22:43 Job executing on host: <10.10.48.141:50603?addrs=10.10.48.141-50603>
...
006 (8915942.000.000) 12/11 23:22:52 Image size of job updated: 193092
	39  -  MemoryUsage of job (MB)
	39596  -  ResidentSetSize of job (KB)
...
006 (8915942.000.000) 12/11 23:23:58 Image size of job updated: 193224
	39  -  MemoryUsage of job (MB)
	39596  -  ResidentSetSize of job (KB)
...
005 (8915942.000.000) 12/11 23:23:58 Job terminated.
	(1) Normal termination (return value 0)
		Usr 0 00:01:08, Sys 0 00:00:01  -  Run Remote Usage
		Usr 0 00:00:00, Sys 0 00:00:00  -  Run Local Usage
		Usr 0 00:01:08, Sys 0 00:00:01  -  Total Remote Usage
		Usr 0 00:00:00, Sys 0 00:00:00  -  Total Local Usage
	0  -  Run Bytes Sent By Job
	0  -  Run Bytes Received By Job
	0  -  Total Bytes Sent By Job
	0  -  Total Bytes Received By Job
	Partitionable Resources :    Usage  Request Allocated
	   Cpus                 :                 1         1
	   Disk (KB)            :        1        1  13376493
	   Memory (MB)          :       39        1      6441
...
000 (8916105.000.000) 12/12 14:23:31 Job submitted from host: <10.10.48.31:12542?addrs=10.10.48.31-12542>
...
001 (8916105.000.000) 12/12 14:23:50 Job executing on host: <10.10.48.141:50603?addrs=10.10.48.141-50603>
...
006 (8916105.000.000) 12/12 14:23:58 Image size of job updated: 175336
	29  -  MemoryUsage of job (MB)
	29132  -  ResidentSetSize of job (KB)
...
006 (8916105.000.000) 12/12 14:28:58 Image size of job updated: 279556
	113  -  MemoryUsage of job (MB)
	115304  -  ResidentSetSize of job (KB)
...
006 (8916105.000.000) 12/12 14:31:15 Image size of job updated: 338524
	113  -  MemoryUsage of job (MB)
	115304  -  ResidentSetSize of job (KB)
...
005 (8916105.000.000) 12/12 14:31:15 Job terminated.
	(1) Normal termination (return value 0)
		Usr 0 00:02:23, Sys 0 00:00:03  -  Run Remote Usage
		Usr 0 00:00:00, Sys 0 00:00:00  -  Run Local Usage
		Usr 0 00:02:23, Sys 0 00:00:03  -  Total Remote Usage
		Usr 0 00:00:00, Sys 0 00:00:00  -  Total Local Usage
	0  -  Run Bytes Sent By Job
	0  -  Run Bytes Received By Job
	0  -  Total Bytes Sent By Job
	0  -  Total Bytes Received By Job
	Partitionable Resources :    Usage  Request Allocated
	   Cpus                 :                 1         1
	   Disk (KB)            :        1        1  13376559
	   Memory (MB)          :      113        1      6441
...
