000 (8914312.000.000) 12/10 23:42:53 Job submitted from host: <10.10.48.31:12542?addrs=10.10.48.31-12542>
...
001 (8914312.000.000) 12/10 23:43:03 Job executing on host: <10.10.48.133:42257?addrs=10.10.48.133-42257>
...
006 (8914312.000.000) 12/10 23:43:03 Image size of job updated: 170508
	0  -  MemoryUsage of job (MB)
	0  -  ResidentSetSize of job (KB)
...
005 (8914312.000.000) 12/10 23:43:05 Job terminated.
	(1) Normal termination (return value 1)
		Usr 0 00:00:00, Sys 0 00:00:00  -  Run Remote Usage
		Usr 0 00:00:00, Sys 0 00:00:00  -  Run Local Usage
		Usr 0 00:00:00, Sys 0 00:00:00  -  Total Remote Usage
		Usr 0 00:00:00, Sys 0 00:00:00  -  Total Local Usage
	0  -  Run Bytes Sent By Job
	0  -  Run Bytes Received By Job
	0  -  Total Bytes Sent By Job
	0  -  Total Bytes Received By Job
	Partitionable Resources :    Usage  Request Allocated
	   Cpus                 :                 1         1
	   Disk (KB)            :        1        1  13386734
	   Memory (MB)          :        0        1      6441
...
000 (8914474.000.000) 12/10 23:49:05 Job submitted from host: <10.10.48.31:12542?addrs=10.10.48.31-12542>
...
001 (8914474.000.000) 12/10 23:49:19 Job executing on host: <10.10.48.41:20766?addrs=10.10.48.41-20766>
...
006 (8914474.000.000) 12/10 23:49:28 Image size of job updated: 180380
	30  -  MemoryUsage of job (MB)
	30204  -  ResidentSetSize of job (KB)
...
006 (8914474.000.000) 12/10 23:51:47 Image size of job updated: 192588
	30  -  MemoryUsage of job (MB)
	30204  -  ResidentSetSize of job (KB)
...
005 (8914474.000.000) 12/10 23:51:47 Job terminated.
	(1) Normal termination (return value 0)
		Usr 0 00:01:18, Sys 0 00:00:01  -  Run Remote Usage
		Usr 0 00:00:00, Sys 0 00:00:00  -  Run Local Usage
		Usr 0 00:01:18, Sys 0 00:00:01  -  Total Remote Usage
		Usr 0 00:00:00, Sys 0 00:00:00  -  Total Local Usage
	0  -  Run Bytes Sent By Job
	0  -  Run Bytes Received By Job
	0  -  Total Bytes Sent By Job
	0  -  Total Bytes Received By Job
	Partitionable Resources :    Usage  Request Allocated
	   Cpus                 :                 1         1
	   Disk (KB)            :        1        1  16725276
	   Memory (MB)          :       30        1      4023
...
000 (8914636.000.000) 12/11 16:48:23 Job submitted from host: <10.10.48.31:12542?addrs=10.10.48.31-12542>
...
001 (8914636.000.000) 12/11 16:48:37 Job executing on host: <10.10.48.145:26377?addrs=10.10.48.145-26377>
...
006 (8914636.000.000) 12/11 16:48:46 Image size of job updated: 185856
	33  -  MemoryUsage of job (MB)
	33680  -  ResidentSetSize of job (KB)
...
006 (8914636.000.000) 12/11 16:52:17 Image size of job updated: 192616
	33  -  MemoryUsage of job (MB)
	33680  -  ResidentSetSize of job (KB)
...
005 (8914636.000.000) 12/11 16:52:17 Job terminated.
	(1) Normal termination (return value 0)
		Usr 0 00:01:30, Sys 0 00:00:01  -  Run Remote Usage
		Usr 0 00:00:00, Sys 0 00:00:00  -  Run Local Usage
		Usr 0 00:01:30, Sys 0 00:00:01  -  Total Remote Usage
		Usr 0 00:00:00, Sys 0 00:00:00  -  Total Local Usage
	0  -  Run Bytes Sent By Job
	0  -  Run Bytes Received By Job
	0  -  Total Bytes Sent By Job
	0  -  Total Bytes Received By Job
	Partitionable Resources :    Usage  Request Allocated
	   Cpus                 :                 1         1
	   Disk (KB)            :        1        1  13384492
	   Memory (MB)          :       33        1      6441
...
000 (8915398.000.000) 12/11 17:17:53 Job submitted from host: <10.10.48.31:12542?addrs=10.10.48.31-12542>
...
001 (8915398.000.000) 12/11 17:18:04 Job executing on host: <10.10.48.135:49492?addrs=10.10.48.135-49492>
...
006 (8915398.000.000) 12/11 17:18:13 Image size of job updated: 185880
	34  -  MemoryUsage of job (MB)
	33816  -  ResidentSetSize of job (KB)
...
006 (8915398.000.000) 12/11 17:19:44 Image size of job updated: 195664
	34  -  MemoryUsage of job (MB)
	33816  -  ResidentSetSize of job (KB)
...
005 (8915398.000.000) 12/11 17:19:44 Job terminated.
	(1) Normal termination (return value 0)
		Usr 0 00:01:12, Sys 0 00:00:01  -  Run Remote Usage
		Usr 0 00:00:00, Sys 0 00:00:00  -  Run Local Usage
		Usr 0 00:01:12, Sys 0 00:00:01  -  Total Remote Usage
		Usr 0 00:00:00, Sys 0 00:00:00  -  Total Local Usage
	0  -  Run Bytes Sent By Job
	0  -  Run Bytes Received By Job
	0  -  Total Bytes Sent By Job
	0  -  Total Bytes Received By Job
	Partitionable Resources :    Usage  Request Allocated
	   Cpus                 :                 1         1
	   Disk (KB)            :        1        1  13377146
	   Memory (MB)          :       34        1      6441
...
000 (8915560.000.000) 12/11 22:46:59 Job submitted from host: <10.10.48.31:12542?addrs=10.10.48.31-12542>
...
001 (8915560.000.000) 12/11 22:47:12 Job executing on host: <10.10.48.145:26377?addrs=10.10.48.145-26377>
...
006 (8915560.000.000) 12/11 22:47:21 Image size of job updated: 185620
	33  -  MemoryUsage of job (MB)
	33708  -  ResidentSetSize of job (KB)
...
006 (8915560.000.000) 12/11 22:52:22 Image size of job updated: 192708
	40  -  MemoryUsage of job (MB)
	40276  -  ResidentSetSize of job (KB)
...
005 (8915560.000.000) 12/11 22:52:35 Job terminated.
	(1) Normal termination (return value 0)
		Usr 0 00:02:43, Sys 0 00:00:02  -  Run Remote Usage
		Usr 0 00:00:00, Sys 0 00:00:00  -  Run Local Usage
		Usr 0 00:02:43, Sys 0 00:00:02  -  Total Remote Usage
		Usr 0 00:00:00, Sys 0 00:00:00  -  Total Local Usage
	0  -  Run Bytes Sent By Job
	0  -  Run Bytes Received By Job
	0  -  Total Bytes Sent By Job
	0  -  Total Bytes Received By Job
	Partitionable Resources :    Usage  Request Allocated
	   Cpus                 :                 1         1
	   Disk (KB)            :        1        1  13384482
	   Memory (MB)          :       40        1      6441
...
000 (8915692.000.000) 12/11 22:57:06 Job submitted from host: <10.10.48.31:12542?addrs=10.10.48.31-12542>
...
001 (8915692.000.000) 12/11 22:57:19 Job executing on host: <10.10.48.143:50448?addrs=10.10.48.143-50448>
...
006 (8915692.000.000) 12/11 22:57:27 Image size of job updated: 185616
	33  -  MemoryUsage of job (MB)
	33700  -  ResidentSetSize of job (KB)
...
006 (8915692.000.000) 12/11 23:00:45 Image size of job updated: 195592
	33  -  MemoryUsage of job (MB)
	33700  -  ResidentSetSize of job (KB)
...
005 (8915692.000.000) 12/11 23:00:45 Job terminated.
	(1) Normal termination (return value 0)
		Usr 0 00:02:26, Sys 0 00:00:02  -  Run Remote Usage
		Usr 0 00:00:00, Sys 0 00:00:00  -  Run Local Usage
		Usr 0 00:02:26, Sys 0 00:00:02  -  Total Remote Usage
		Usr 0 00:00:00, Sys 0 00:00:00  -  Total Local Usage
	0  -  Run Bytes Sent By Job
	0  -  Run Bytes Received By Job
	0  -  Total Bytes Sent By Job
	0  -  Total Bytes Received By Job
	Partitionable Resources :    Usage  Request Allocated
	   Cpus                 :                 1         1
	   Disk (KB)            :        1        1  13384455
	   Memory (MB)          :       33        1      6441
...
000 (8915824.000.000) 12/11 23:09:08 Job submitted from host: <10.10.48.31:12542?addrs=10.10.48.31-12542>
...
001 (8915824.000.000) 12/11 23:09:26 Job executing on host: <10.10.48.139:49429?addrs=10.10.48.139-49429>
...
006 (8915824.000.000) 12/11 23:09:35 Image size of job updated: 179440
	28  -  MemoryUsage of job (MB)
	27808  -  ResidentSetSize of job (KB)
...
006 (8915824.000.000) 12/11 23:12:15 Image size of job updated: 193004
	28  -  MemoryUsage of job (MB)
	27808  -  ResidentSetSize of job (KB)
...
005 (8915824.000.000) 12/11 23:12:15 Job terminated.
	(1) Normal termination (return value 1)
		Usr 0 00:00:44, Sys 0 00:00:01  -  Run Remote Usage
		Usr 0 00:00:00, Sys 0 00:00:00  -  Run Local Usage
		Usr 0 00:00:44, Sys 0 00:00:01  -  Total Remote Usage
		Usr 0 00:00:00, Sys 0 00:00:00  -  Total Local Usage
	0  -  Run Bytes Sent By Job
	0  -  Run Bytes Received By Job
	0  -  Total Bytes Sent By Job
	0  -  Total Bytes Received By Job
	Partitionable Resources :    Usage  Request Allocated
	   Cpus                 :                 1         1
	   Disk (KB)            :        1        1  13385058
	   Memory (MB)          :       28        1      6441
...
000 (8915986.000.000) 12/11 23:22:28 Job submitted from host: <10.10.48.31:12542?addrs=10.10.48.31-12542>
...
001 (8915986.000.000) 12/11 23:22:43 Job executing on host: <10.10.48.145:26377?addrs=10.10.48.145-26377>
...
006 (8915986.000.000) 12/11 23:22:51 Image size of job updated: 193000
	37  -  MemoryUsage of job (MB)
	37240  -  ResidentSetSize of job (KB)
...
006 (8915986.000.000) 12/11 23:24:26 Image size of job updated: 193028
	37  -  MemoryUsage of job (MB)
	37240  -  ResidentSetSize of job (KB)
...
005 (8915986.000.000) 12/11 23:24:26 Job terminated.
	(1) Normal termination (return value 0)
		Usr 0 00:00:33, Sys 0 00:00:00  -  Run Remote Usage
		Usr 0 00:00:00, Sys 0 00:00:00  -  Run Local Usage
		Usr 0 00:00:33, Sys 0 00:00:00  -  Total Remote Usage
		Usr 0 00:00:00, Sys 0 00:00:00  -  Total Local Usage
	0  -  Run Bytes Sent By Job
	0  -  Run Bytes Received By Job
	0  -  Total Bytes Sent By Job
	0  -  Total Bytes Received By Job
	Partitionable Resources :    Usage  Request Allocated
	   Cpus                 :                 1         1
	   Disk (KB)            :        1        1  13384457
	   Memory (MB)          :       37        1      6441
...
000 (8916149.000.000) 12/12 14:23:36 Job submitted from host: <10.10.48.31:12542?addrs=10.10.48.31-12542>
...
001 (8916149.000.000) 12/12 14:23:49 Job executing on host: <10.10.48.145:26377?addrs=10.10.48.145-26377>
...
006 (8916149.000.000) 12/12 14:23:58 Image size of job updated: 182776
	29  -  MemoryUsage of job (MB)
	28936  -  ResidentSetSize of job (KB)
...
006 (8916149.000.000) 12/12 14:28:59 Image size of job updated: 269260
	103  -  MemoryUsage of job (MB)
	105292  -  ResidentSetSize of job (KB)
...
006 (8916149.000.000) 12/12 14:29:19 Image size of job updated: 287308
	103  -  MemoryUsage of job (MB)
	105292  -  ResidentSetSize of job (KB)
...
005 (8916149.000.000) 12/12 14:29:19 Job terminated.
	(1) Normal termination (return value 0)
		Usr 0 00:01:15, Sys 0 00:00:01  -  Run Remote Usage
		Usr 0 00:00:00, Sys 0 00:00:00  -  Run Local Usage
		Usr 0 00:01:15, Sys 0 00:00:01  -  Total Remote Usage
		Usr 0 00:00:00, Sys 0 00:00:00  -  Total Local Usage
	0  -  Run Bytes Sent By Job
	0  -  Run Bytes Received By Job
	0  -  Total Bytes Sent By Job
	0  -  Total Bytes Received By Job
	Partitionable Resources :    Usage  Request Allocated
	   Cpus                 :                 1         1
	   Disk (KB)            :        1        1  13384493
	   Memory (MB)          :      103        1      6441
...
