000 (8914290.000.000) 12/10 23:42:49 Job submitted from host: <10.10.48.31:12542?addrs=10.10.48.31-12542>
...
001 (8914290.000.000) 12/10 23:42:55 Job executing on host: <10.10.48.137:19458?addrs=10.10.48.137-19458>
...
006 (8914290.000.000) 12/10 23:42:56 Image size of job updated: 174988
	0  -  MemoryUsage of job (MB)
	0  -  ResidentSetSize of job (KB)
...
005 (8914290.000.000) 12/10 23:42:56 Job terminated.
	(1) Normal termination (return value 1)
		Usr 0 00:00:00, Sys 0 00:00:00  -  Run Remote Usage
		Usr 0 00:00:00, Sys 0 00:00:00  -  Run Local Usage
		Usr 0 00:00:00, Sys 0 00:00:00  -  Total Remote Usage
		Usr 0 00:00:00, Sys 0 00:00:00  -  Total Local Usage
	0  -  Run Bytes Sent By Job
	0  -  Run Bytes Received By Job
	0  -  Total Bytes Sent By Job
	0  -  Total Bytes Received By Job
	Partitionable Resources :    Usage  Request Allocated
	   Cpus                 :                 1         1
	   Disk (KB)            :        1        1  13377615
	   Memory (MB)          :        0        1      6441
...
000 (8914452.000.000) 12/10 23:49:02 Job submitted from host: <10.10.48.31:12542?addrs=10.10.48.31-12542>
...
001 (8914452.000.000) 12/10 23:49:18 Job executing on host: <10.10.48.39:23238?addrs=10.10.48.39-23238>
...
006 (8914452.000.000) 12/10 23:49:27 Image size of job updated: 176152
	30  -  MemoryUsage of job (MB)
	30476  -  ResidentSetSize of job (KB)
...
006 (8914452.000.000) 12/10 23:50:38 Image size of job updated: 192744
	30  -  MemoryUsage of job (MB)
	30476  -  ResidentSetSize of job (KB)
...
005 (8914452.000.000) 12/10 23:50:38 Job terminated.
	(1) Normal termination (return value 0)
		Usr 0 00:00:37, Sys 0 00:00:00  -  Run Remote Usage
		Usr 0 00:00:00, Sys 0 00:00:00  -  Run Local Usage
		Usr 0 00:00:37, Sys 0 00:00:00  -  Total Remote Usage
		Usr 0 00:00:00, Sys 0 00:00:00  -  Total Local Usage
	0  -  Run Bytes Sent By Job
	0  -  Run Bytes Received By Job
	0  -  Total Bytes Sent By Job
	0  -  Total Bytes Received By Job
	Partitionable Resources :    Usage  Request Allocated
	   Cpus                 :                 1         1
	   Disk (KB)            :        1        1  16725981
	   Memory (MB)          :       30        1      4023
...
000 (8914614.000.000) 12/11 16:48:20 Job submitted from host: <10.10.48.31:12542?addrs=10.10.48.31-12542>
...
001 (8914614.000.000) 12/11 16:48:37 Job executing on host: <10.10.48.139:49429?addrs=10.10.48.139-49429>
...
006 (8914614.000.000) 12/11 16:48:45 Image size of job updated: 185860
	32  -  MemoryUsage of job (MB)
	32516  -  ResidentSetSize of job (KB)
...
006 (8914614.000.000) 12/11 16:50:24 Image size of job updated: 192644
	32  -  MemoryUsage of job (MB)
	32516  -  ResidentSetSize of job (KB)
...
005 (8914614.000.000) 12/11 16:50:24 Job terminated.
	(1) Normal termination (return value 0)
		Usr 0 00:00:50, Sys 0 00:00:00  -  Run Remote Usage
		Usr 0 00:00:00, Sys 0 00:00:00  -  Run Local Usage
		Usr 0 00:00:50, Sys 0 00:00:00  -  Total Remote Usage
		Usr 0 00:00:00, Sys 0 00:00:00  -  Total Local Usage
	0  -  Run Bytes Sent By Job
	0  -  Run Bytes Received By Job
	0  -  Total Bytes Sent By Job
	0  -  Total Bytes Received By Job
	Partitionable Resources :    Usage  Request Allocated
	   Cpus                 :                 1         1
	   Disk (KB)            :        1        1  13385137
	   Memory (MB)          :       32        1      6441
...
000 (8915376.000.000) 12/11 17:17:50 Job submitted from host: <10.10.48.31:12542?addrs=10.10.48.31-12542>
...
001 (8915376.000.000) 12/11 17:18:01 Job executing on host: <10.10.48.33:59750?addrs=10.10.48.33-59750>
...
006 (8915376.000.000) 12/11 17:18:10 Image size of job updated: 192632
	39  -  MemoryUsage of job (MB)
	39320  -  ResidentSetSize of job (KB)
...
006 (8915376.000.000) 12/11 17:18:53 Image size of job updated: 193232
	39  -  MemoryUsage of job (MB)
	39320  -  ResidentSetSize of job (KB)
...
005 (8915376.000.000) 12/11 17:18:53 Job terminated.
	(1) Normal termination (return value 0)
		Usr 0 00:00:37, Sys 0 00:00:00  -  Run Remote Usage
		Usr 0 00:00:00, Sys 0 00:00:00  -  Run Local Usage
		Usr 0 00:00:37, Sys 0 00:00:00  -  Total Remote Usage
		Usr 0 00:00:00, Sys 0 00:00:00  -  Total Local Usage
	0  -  Run Bytes Sent By Job
	0  -  Run Bytes Received By Job
	0  -  Total Bytes Sent By Job
	0  -  Total Bytes Received By Job
	Partitionable Resources :    Usage  Request Allocated
	   Cpus                 :                 1         1
	   Disk (KB)            :        1        1  16723661
	   Memory (MB)          :       39        1      4023
...
000 (8915538.000.000) 12/11 22:46:56 Job submitted from host: <10.10.48.31:12542?addrs=10.10.48.31-12542>
...
001 (8915538.000.000) 12/11 22:47:11 Job executing on host: <10.10.48.139:49429?addrs=10.10.48.139-49429>
...
006 (8915538.000.000) 12/11 22:47:20 Image size of job updated: 191336
	39  -  MemoryUsage of job (MB)
	39200  -  ResidentSetSize of job (KB)
...
006 (8915538.000.000) 12/11 22:48:32 Image size of job updated: 192100
	39  -  MemoryUsage of job (MB)
	39200  -  ResidentSetSize of job (KB)
...
005 (8915538.000.000) 12/11 22:48:32 Job terminated.
	(1) Normal termination (return value 0)
		Usr 0 00:01:04, Sys 0 00:00:00  -  Run Remote Usage
		Usr 0 00:00:00, Sys 0 00:00:00  -  Run Local Usage
		Usr 0 00:01:04, Sys 0 00:00:00  -  Total Remote Usage
		Usr 0 00:00:00, Sys 0 00:00:00  -  Total Local Usage
	0  -  Run Bytes Sent By Job
	0  -  Run Bytes Received By Job
	0  -  Total Bytes Sent By Job
	0  -  Total Bytes Received By Job
	Partitionable Resources :    Usage  Request Allocated
	   Cpus                 :                 1         1
	   Disk (KB)            :        1        1  13385104
	   Memory (MB)          :       39        1      6441
...
000 (8915670.000.000) 12/11 22:57:02 Job submitted from host: <10.10.48.31:12542?addrs=10.10.48.31-12542>
...
001 (8915670.000.000) 12/11 22:57:18 Job executing on host: <10.10.48.139:49429?addrs=10.10.48.139-49429>
...
006 (8915670.000.000) 12/11 22:57:27 Image size of job updated: 191332
	37  -  MemoryUsage of job (MB)
	37624  -  ResidentSetSize of job (KB)
...
006 (8915670.000.000) 12/11 22:58:17 Image size of job updated: 191432
	37  -  MemoryUsage of job (MB)
	37624  -  ResidentSetSize of job (KB)
...
005 (8915670.000.000) 12/11 22:58:17 Job terminated.
	(1) Normal termination (return value 0)
		Usr 0 00:00:42, Sys 0 00:00:00  -  Run Remote Usage
		Usr 0 00:00:00, Sys 0 00:00:00  -  Run Local Usage
		Usr 0 00:00:42, Sys 0 00:00:00  -  Total Remote Usage
		Usr 0 00:00:00, Sys 0 00:00:00  -  Total Local Usage
	0  -  Run Bytes Sent By Job
	0  -  Run Bytes Received By Job
	0  -  Total Bytes Sent By Job
	0  -  Total Bytes Received By Job
	Partitionable Resources :    Usage  Request Allocated
	   Cpus                 :                 1         1
	   Disk (KB)            :        1        1  13385065
	   Memory (MB)          :       37        1      6441
...
000 (8915802.000.000) 12/11 23:09:05 Job submitted from host: <10.10.48.31:12542?addrs=10.10.48.31-12542>
...
001 (8915802.000.000) 12/11 23:09:24 Job executing on host: <10.10.48.35:61041?addrs=10.10.48.35-61041>
...
006 (8915802.000.000) 12/11 23:09:33 Image size of job updated: 185432
	33  -  MemoryUsage of job (MB)
	33236  -  ResidentSetSize of job (KB)
...
006 (8915802.000.000) 12/11 23:10:56 Image size of job updated: 193128
	33  -  MemoryUsage of job (MB)
	33236  -  ResidentSetSize of job (KB)
...
005 (8915802.000.000) 12/11 23:10:56 Job terminated.
	(1) Normal termination (return value 1)
		Usr 0 00:00:22, Sys 0 00:00:00  -  Run Remote Usage
		Usr 0 00:00:00, Sys 0 00:00:00  -  Run Local Usage
		Usr 0 00:00:22, Sys 0 00:00:00  -  Total Remote Usage
		Usr 0 00:00:00, Sys 0 00:00:00  -  Total Local Usage
	0  -  Run Bytes Sent By Job
	0  -  Run Bytes Received By Job
	0  -  Total Bytes Sent By Job
	0  -  Total Bytes Received By Job
	Partitionable Resources :    Usage  Request Allocated
	   Cpus                 :                 1         1
	   Disk (KB)            :        1        1  16721110
	   Memory (MB)          :       33        1      4023
...
000 (8915964.000.000) 12/11 23:22:24 Job submitted from host: <10.10.48.31:12542?addrs=10.10.48.31-12542>
...
001 (8915964.000.000) 12/11 23:22:44 Job executing on host: <10.10.48.35:61041?addrs=10.10.48.35-61041>
...
006 (8915964.000.000) 12/11 23:22:53 Image size of job updated: 193144
	39  -  MemoryUsage of job (MB)
	39700  -  ResidentSetSize of job (KB)
...
005 (8915964.000.000) 12/11 23:22:56 Job terminated.
	(1) Normal termination (return value 0)
		Usr 0 00:00:07, Sys 0 00:00:00  -  Run Remote Usage
		Usr 0 00:00:00, Sys 0 00:00:00  -  Run Local Usage
		Usr 0 00:00:07, Sys 0 00:00:00  -  Total Remote Usage
		Usr 0 00:00:00, Sys 0 00:00:00  -  Total Local Usage
	0  -  Run Bytes Sent By Job
	0  -  Run Bytes Received By Job
	0  -  Total Bytes Sent By Job
	0  -  Total Bytes Received By Job
	Partitionable Resources :    Usage  Request Allocated
	   Cpus                 :                 1         1
	   Disk (KB)            :        1        1  16721084
	   Memory (MB)          :       39        1      4023
...
000 (8916127.000.000) 12/12 14:23:33 Job submitted from host: <10.10.48.31:12542?addrs=10.10.48.31-12542>
...
001 (8916127.000.000) 12/12 14:23:48 Job executing on host: <10.10.48.139:49429?addrs=10.10.48.139-49429>
...
006 (8916127.000.000) 12/12 14:23:56 Image size of job updated: 185076
	32  -  MemoryUsage of job (MB)
	31792  -  ResidentSetSize of job (KB)
...
006 (8916127.000.000) 12/12 14:24:38 Image size of job updated: 191820
	32  -  MemoryUsage of job (MB)
	31792  -  ResidentSetSize of job (KB)
...
005 (8916127.000.000) 12/12 14:24:38 Job terminated.
	(1) Normal termination (return value 0)
		Usr 0 00:00:10, Sys 0 00:00:00  -  Run Remote Usage
		Usr 0 00:00:00, Sys 0 00:00:00  -  Run Local Usage
		Usr 0 00:00:10, Sys 0 00:00:00  -  Total Remote Usage
		Usr 0 00:00:00, Sys 0 00:00:00  -  Total Local Usage
	0  -  Run Bytes Sent By Job
	0  -  Run Bytes Received By Job
	0  -  Total Bytes Sent By Job
	0  -  Total Bytes Received By Job
	Partitionable Resources :    Usage  Request Allocated
	   Cpus                 :                 1         1
	   Disk (KB)            :        1        1  13385059
	   Memory (MB)          :       32        1      6441
...
000 (9637172.000.000) 02/27 16:01:36 Job submitted from host: <10.10.48.31:15410?addrs=10.10.48.31-15410>
...
001 (9637172.000.000) 02/27 16:01:50 Job executing on host: <10.10.48.33:19062?addrs=10.10.48.33-19062>
...
006 (9637172.000.000) 02/27 16:01:58 Image size of job updated: 176156
	29  -  MemoryUsage of job (MB)
	28928  -  ResidentSetSize of job (KB)
...
006 (9637172.000.000) 02/27 16:03:32 Image size of job updated: 185888
	29  -  MemoryUsage of job (MB)
	28928  -  ResidentSetSize of job (KB)
...
005 (9637172.000.000) 02/27 16:03:33 Job terminated.
	(1) Normal termination (return value 255)
		Usr 0 00:00:01, Sys 0 00:00:00  -  Run Remote Usage
		Usr 0 00:00:00, Sys 0 00:00:00  -  Run Local Usage
		Usr 0 00:00:01, Sys 0 00:00:00  -  Total Remote Usage
		Usr 0 00:00:00, Sys 0 00:00:00  -  Total Local Usage
	0  -  Run Bytes Sent By Job
	0  -  Run Bytes Received By Job
	0  -  Total Bytes Sent By Job
	0  -  Total Bytes Received By Job
	Partitionable Resources :    Usage  Request Allocated
	   Cpus                 :                 1         1
	   Disk (KB)            :        1        1  16723728
	   Memory (MB)          :       29        1      4023
...
000 (9643753.000.000) 02/27 20:47:12 Job submitted from host: <10.10.48.31:15410?addrs=10.10.48.31-15410>
...
001 (9643753.000.000) 02/27 20:47:18 Job executing on host: <10.10.48.135:63580?addrs=10.10.48.135-63580>
...
006 (9643753.000.000) 02/27 20:47:19 Image size of job updated: 252788
	0  -  MemoryUsage of job (MB)
	0  -  ResidentSetSize of job (KB)
...
005 (9643753.000.000) 02/27 20:47:20 Job terminated.
	(1) Normal termination (return value 10)
		Usr 0 00:00:00, Sys 0 00:00:00  -  Run Remote Usage
		Usr 0 00:00:00, Sys 0 00:00:00  -  Run Local Usage
		Usr 0 00:00:00, Sys 0 00:00:00  -  Total Remote Usage
		Usr 0 00:00:00, Sys 0 00:00:00  -  Total Local Usage
	0  -  Run Bytes Sent By Job
	0  -  Run Bytes Received By Job
	0  -  Total Bytes Sent By Job
	0  -  Total Bytes Received By Job
	Partitionable Resources :    Usage  Request Allocated
	   Cpus                 :                 1         1
	   Disk (KB)            :        1        1  13375967
	   Memory (MB)          :        0        1      6441
...
