000 (8914388.000.000) 12/10 23:43:10 Job submitted from host: <10.10.48.31:12542?addrs=10.10.48.31-12542>
...
001 (8914388.000.000) 12/10 23:44:16 Job executing on host: <10.10.48.43:4900?addrs=10.10.48.43-4900>
...
006 (8914388.000.000) 12/10 23:44:16 Image size of job updated: 175216
	0  -  MemoryUsage of job (MB)
	0  -  ResidentSetSize of job (KB)
...
005 (8914388.000.000) 12/10 23:44:16 Job terminated.
	(1) Normal termination (return value 1)
		Usr 0 00:00:00, Sys 0 00:00:00  -  Run Remote Usage
		Usr 0 00:00:00, Sys 0 00:00:00  -  Run Local Usage
		Usr 0 00:00:00, Sys 0 00:00:00  -  Total Remote Usage
		Usr 0 00:00:00, Sys 0 00:00:00  -  Total Local Usage
	0  -  Run Bytes Sent By Job
	0  -  Run Bytes Received By Job
	0  -  Total Bytes Sent By Job
	0  -  Total Bytes Received By Job
	Partitionable Resources :    Usage  Request Allocated
	   Cpus                 :                 1         1
	   Disk (KB)            :        1        1  16728115
	   Memory (MB)          :        0        1      4023
...
000 (8914550.000.000) 12/10 23:51:49 Job submitted from host: <10.10.48.31:12542?addrs=10.10.48.31-12542>
...
001 (8914550.000.000) 12/10 23:53:00 Job executing on host: <10.10.48.41:20766?addrs=10.10.48.41-20766>
...
006 (8914550.000.000) 12/10 23:53:08 Image size of job updated: 185648
	32  -  MemoryUsage of job (MB)
	32408  -  ResidentSetSize of job (KB)
...
006 (8914550.000.000) 12/10 23:57:59 Image size of job updated: 192572
	32  -  MemoryUsage of job (MB)
	32408  -  ResidentSetSize of job (KB)
...
005 (8914550.000.000) 12/10 23:57:59 Job terminated.
	(1) Normal termination (return value 0)
		Usr 0 00:02:48, Sys 0 00:00:03  -  Run Remote Usage
		Usr 0 00:00:00, Sys 0 00:00:00  -  Run Local Usage
		Usr 0 00:02:48, Sys 0 00:00:03  -  Total Remote Usage
		Usr 0 00:00:00, Sys 0 00:00:00  -  Total Local Usage
	0  -  Run Bytes Sent By Job
	0  -  Run Bytes Received By Job
	0  -  Total Bytes Sent By Job
	0  -  Total Bytes Received By Job
	Partitionable Resources :    Usage  Request Allocated
	   Cpus                 :                 1         1
	   Disk (KB)            :        1        1  16725276
	   Memory (MB)          :       32        1      4023
...
000 (8914712.000.000) 12/11 16:51:15 Job submitted from host: <10.10.48.31:12542?addrs=10.10.48.31-12542>
...
001 (8914712.000.000) 12/11 16:51:21 Job executing on host: <10.10.48.141:50603?addrs=10.10.48.141-50603>
...
006 (8914712.000.000) 12/11 16:51:29 Image size of job updated: 185904
	34  -  MemoryUsage of job (MB)
	34056  -  ResidentSetSize of job (KB)
...
006 (8914712.000.000) 12/11 16:56:22 Image size of job updated: 192580
	34  -  MemoryUsage of job (MB)
	34056  -  ResidentSetSize of job (KB)
...
005 (8914712.000.000) 12/11 16:56:22 Job terminated.
	(1) Normal termination (return value 0)
		Usr 0 00:03:25, Sys 0 00:00:02  -  Run Remote Usage
		Usr 0 00:00:00, Sys 0 00:00:00  -  Run Local Usage
		Usr 0 00:03:25, Sys 0 00:00:02  -  Total Remote Usage
		Usr 0 00:00:00, Sys 0 00:00:00  -  Total Local Usage
	0  -  Run Bytes Sent By Job
	0  -  Run Bytes Received By Job
	0  -  Total Bytes Sent By Job
	0  -  Total Bytes Received By Job
	Partitionable Resources :    Usage  Request Allocated
	   Cpus                 :                 1         1
	   Disk (KB)            :        1        1  13376623
	   Memory (MB)          :       34        1      6441
...
000 (8915474.000.000) 12/11 17:19:45 Job submitted from host: <10.10.48.31:12542?addrs=10.10.48.31-12542>
...
001 (8915474.000.000) 12/11 17:20:16 Job executing on host: <10.10.48.135:49492?addrs=10.10.48.135-49492>
...
006 (8915474.000.000) 12/11 17:20:25 Image size of job updated: 192392
	39  -  MemoryUsage of job (MB)
	39004  -  ResidentSetSize of job (KB)
...
006 (8915474.000.000) 12/11 17:23:39 Image size of job updated: 194328
	39  -  MemoryUsage of job (MB)
	39004  -  ResidentSetSize of job (KB)
...
005 (8915474.000.000) 12/11 17:23:39 Job terminated.
	(1) Normal termination (return value 0)
		Usr 0 00:03:04, Sys 0 00:00:02  -  Run Remote Usage
		Usr 0 00:00:00, Sys 0 00:00:00  -  Run Local Usage
		Usr 0 00:03:04, Sys 0 00:00:02  -  Total Remote Usage
		Usr 0 00:00:00, Sys 0 00:00:00  -  Total Local Usage
	0  -  Run Bytes Sent By Job
	0  -  Run Bytes Received By Job
	0  -  Total Bytes Sent By Job
	0  -  Total Bytes Received By Job
	Partitionable Resources :    Usage  Request Allocated
	   Cpus                 :                 1         1
	   Disk (KB)            :        1        1  13377146
	   Memory (MB)          :       39        1      6441
...
000 (8915900.000.000) 12/11 23:11:00 Job submitted from host: <10.10.48.31:12542?addrs=10.10.48.31-12542>
...
001 (8915900.000.000) 12/11 23:11:03 Job executing on host: <10.10.48.139:49429?addrs=10.10.48.139-49429>
...
006 (8915900.000.000) 12/11 23:11:12 Image size of job updated: 1
	2  -  MemoryUsage of job (MB)
	1860  -  ResidentSetSize of job (KB)
...
006 (8915900.000.000) 12/11 23:16:13 Image size of job updated: 192996
	40  -  MemoryUsage of job (MB)
	40108  -  ResidentSetSize of job (KB)
...
005 (8915900.000.000) 12/11 23:16:54 Job terminated.
	(1) Normal termination (return value 1)
		Usr 0 00:01:33, Sys 0 00:00:02  -  Run Remote Usage
		Usr 0 00:00:00, Sys 0 00:00:00  -  Run Local Usage
		Usr 0 00:01:33, Sys 0 00:00:02  -  Total Remote Usage
		Usr 0 00:00:00, Sys 0 00:00:00  -  Total Local Usage
	0  -  Run Bytes Sent By Job
	0  -  Run Bytes Received By Job
	0  -  Total Bytes Sent By Job
	0  -  Total Bytes Received By Job
	Partitionable Resources :    Usage  Request Allocated
	   Cpus                 :                 1         1
	   Disk (KB)            :        1        1  13385058
	   Memory (MB)          :       40        1      6441
...
000 (8916062.000.000) 12/11 23:23:14 Job submitted from host: <10.10.48.31:12542?addrs=10.10.48.31-12542>
...
001 (8916062.000.000) 12/11 23:23:24 Job executing on host: <10.10.48.141:50603?addrs=10.10.48.141-50603>
...
006 (8916062.000.000) 12/11 23:23:32 Image size of job updated: 192844
	39  -  MemoryUsage of job (MB)
	39672  -  ResidentSetSize of job (KB)
...
006 (8916062.000.000) 12/11 23:28:32 Image size of job updated: 193008
	40  -  MemoryUsage of job (MB)
	40240  -  ResidentSetSize of job (KB)
...
005 (8916062.000.000) 12/11 23:28:43 Job terminated.
	(1) Normal termination (return value 0)
		Usr 0 00:01:18, Sys 0 00:00:02  -  Run Remote Usage
		Usr 0 00:00:00, Sys 0 00:00:00  -  Run Local Usage
		Usr 0 00:01:18, Sys 0 00:00:02  -  Total Remote Usage
		Usr 0 00:00:00, Sys 0 00:00:00  -  Total Local Usage
	0  -  Run Bytes Sent By Job
	0  -  Run Bytes Received By Job
	0  -  Total Bytes Sent By Job
	0  -  Total Bytes Received By Job
	Partitionable Resources :    Usage  Request Allocated
	   Cpus                 :                 1         1
	   Disk (KB)            :        1        1  13376468
	   Memory (MB)          :       40        1      6441
...
