000 (8914250.000.000) 12/10 23:42:44 Job submitted from host: <10.10.48.31:12542?addrs=10.10.48.31-12542>
...
001 (8914250.000.000) 12/10 23:43:01 Job executing on host: <10.10.48.133:42257?addrs=10.10.48.133-42257>
...
006 (8914250.000.000) 12/10 23:43:01 Image size of job updated: 174992
	0  -  MemoryUsage of job (MB)
	0  -  ResidentSetSize of job (KB)
...
005 (8914250.000.000) 12/10 23:43:02 Job terminated.
	(1) Normal termination (return value 1)
		Usr 0 00:00:00, Sys 0 00:00:00  -  Run Remote Usage
		Usr 0 00:00:00, Sys 0 00:00:00  -  Run Local Usage
		Usr 0 00:00:00, Sys 0 00:00:00  -  Total Remote Usage
		Usr 0 00:00:00, Sys 0 00:00:00  -  Total Local Usage
	0  -  Run Bytes Sent By Job
	0  -  Run Bytes Received By Job
	0  -  Total Bytes Sent By Job
	0  -  Total Bytes Received By Job
	Partitionable Resources :    Usage  Request Allocated
	   Cpus                 :                 1         1
	   Disk (KB)            :        1        1  13386734
	   Memory (MB)          :        0        1      6441
...
000 (8914412.000.000) 12/10 23:48:56 Job submitted from host: <10.10.48.31:12542?addrs=10.10.48.31-12542>
...
001 (8914412.000.000) 12/10 23:49:18 Job executing on host: <10.10.48.43:4900?addrs=10.10.48.43-4900>
...
006 (8914412.000.000) 12/10 23:49:26 Image size of job updated: 185592
	33  -  MemoryUsage of job (MB)
	33664  -  ResidentSetSize of job (KB)
...
006 (8914412.000.000) 12/10 23:52:41 Image size of job updated: 192824
	33  -  MemoryUsage of job (MB)
	33664  -  ResidentSetSize of job (KB)
...
005 (8914412.000.000) 12/10 23:52:41 Job terminated.
	(1) Normal termination (return value 0)
		Usr 0 00:01:53, Sys 0 00:00:01  -  Run Remote Usage
		Usr 0 00:00:00, Sys 0 00:00:00  -  Run Local Usage
		Usr 0 00:01:53, Sys 0 00:00:01  -  Total Remote Usage
		Usr 0 00:00:00, Sys 0 00:00:00  -  Total Local Usage
	0  -  Run Bytes Sent By Job
	0  -  Run Bytes Received By Job
	0  -  Total Bytes Sent By Job
	0  -  Total Bytes Received By Job
	Partitionable Resources :    Usage  Request Allocated
	   Cpus                 :                 1         1
	   Disk (KB)            :        1        1  16728116
	   Memory (MB)          :       33        1      4023
...
000 (8914574.000.000) 12/11 16:48:15 Job submitted from host: <10.10.48.31:12542?addrs=10.10.48.31-12542>
...
001 (8914574.000.000) 12/11 16:48:37 Job executing on host: <10.10.48.41:20766?addrs=10.10.48.41-20766>
...
006 (8914574.000.000) 12/11 16:48:45 Image size of job updated: 167744
	27  -  MemoryUsage of job (MB)
	26656  -  ResidentSetSize of job (KB)
...
006 (8914574.000.000) 12/11 16:51:32 Image size of job updated: 192776
	27  -  MemoryUsage of job (MB)
	26656  -  ResidentSetSize of job (KB)
...
005 (8914574.000.000) 12/11 16:51:32 Job terminated.
	(1) Normal termination (return value 0)
		Usr 0 00:01:49, Sys 0 00:00:01  -  Run Remote Usage
		Usr 0 00:00:00, Sys 0 00:00:00  -  Run Local Usage
		Usr 0 00:01:49, Sys 0 00:00:01  -  Total Remote Usage
		Usr 0 00:00:00, Sys 0 00:00:00  -  Total Local Usage
	0  -  Run Bytes Sent By Job
	0  -  Run Bytes Received By Job
	0  -  Total Bytes Sent By Job
	0  -  Total Bytes Received By Job
	Partitionable Resources :    Usage  Request Allocated
	   Cpus                 :                 1         1
	   Disk (KB)            :        1        1  16725316
	   Memory (MB)          :       27        1      4023
...
000 (8915336.000.000) 12/11 17:17:45 Job submitted from host: <10.10.48.31:12542?addrs=10.10.48.31-12542>
...
001 (8915336.000.000) 12/11 17:18:03 Job executing on host: <10.10.48.42:24954?addrs=10.10.48.42-24954>
...
006 (8915336.000.000) 12/11 17:18:12 Image size of job updated: 167748
	28  -  MemoryUsage of job (MB)
	27740  -  ResidentSetSize of job (KB)
...
006 (8915336.000.000) 12/11 17:20:17 Image size of job updated: 192844
	28  -  MemoryUsage of job (MB)
	27740  -  ResidentSetSize of job (KB)
...
005 (8915336.000.000) 12/11 17:20:17 Job terminated.
	(1) Normal termination (return value 0)
		Usr 0 00:02:01, Sys 0 00:00:02  -  Run Remote Usage
		Usr 0 00:00:00, Sys 0 00:00:00  -  Run Local Usage
		Usr 0 00:02:01, Sys 0 00:00:02  -  Total Remote Usage
		Usr 0 00:00:00, Sys 0 00:00:00  -  Total Local Usage
	0  -  Run Bytes Sent By Job
	0  -  Run Bytes Received By Job
	0  -  Total Bytes Sent By Job
	0  -  Total Bytes Received By Job
	Partitionable Resources :    Usage  Request Allocated
	   Cpus                 :                 1         1
	   Disk (KB)            :        1        1  16729390
	   Memory (MB)          :       28        1      4023
...
000 (8915498.000.000) 12/11 22:46:51 Job submitted from host: <10.10.48.31:12542?addrs=10.10.48.31-12542>
...
001 (8915498.000.000) 12/11 22:47:11 Job executing on host: <10.10.48.41:20766?addrs=10.10.48.41-20766>
...
006 (8915498.000.000) 12/11 22:47:20 Image size of job updated: 185592
	33  -  MemoryUsage of job (MB)
	33788  -  ResidentSetSize of job (KB)
...
006 (8915498.000.000) 12/11 22:51:23 Image size of job updated: 192524
	33  -  MemoryUsage of job (MB)
	33788  -  ResidentSetSize of job (KB)
...
005 (8915498.000.000) 12/11 22:51:23 Job terminated.
	(1) Normal termination (return value 0)
		Usr 0 00:01:49, Sys 0 00:00:02  -  Run Remote Usage
		Usr 0 00:00:00, Sys 0 00:00:00  -  Run Local Usage
		Usr 0 00:01:49, Sys 0 00:00:02  -  Total Remote Usage
		Usr 0 00:00:00, Sys 0 00:00:00  -  Total Local Usage
	0  -  Run Bytes Sent By Job
	0  -  Run Bytes Received By Job
	0  -  Total Bytes Sent By Job
	0  -  Total Bytes Received By Job
	Partitionable Resources :    Usage  Request Allocated
	   Cpus                 :                 1         1
	   Disk (KB)            :        1        1  16725261
	   Memory (MB)          :       33        1      4023
...
000 (8915630.000.000) 12/11 22:56:57 Job submitted from host: <10.10.48.31:12542?addrs=10.10.48.31-12542>
...
001 (8915630.000.000) 12/11 22:57:18 Job executing on host: <10.10.48.41:20766?addrs=10.10.48.41-20766>
...
006 (8915630.000.000) 12/11 22:57:26 Image size of job updated: 192368
	39  -  MemoryUsage of job (MB)
	39708  -  ResidentSetSize of job (KB)
...
006 (8915630.000.000) 12/11 22:58:27 Image size of job updated: 192464
	39  -  MemoryUsage of job (MB)
	39708  -  ResidentSetSize of job (KB)
...
005 (8915630.000.000) 12/11 22:58:27 Job terminated.
	(1) Normal termination (return value 0)
		Usr 0 00:01:06, Sys 0 00:00:01  -  Run Remote Usage
		Usr 0 00:00:00, Sys 0 00:00:00  -  Run Local Usage
		Usr 0 00:01:06, Sys 0 00:00:01  -  Total Remote Usage
		Usr 0 00:00:00, Sys 0 00:00:00  -  Total Local Usage
	0  -  Run Bytes Sent By Job
	0  -  Run Bytes Received By Job
	0  -  Total Bytes Sent By Job
	0  -  Total Bytes Received By Job
	Partitionable Resources :    Usage  Request Allocated
	   Cpus                 :                 1         1
	   Disk (KB)            :        1        1  16725236
	   Memory (MB)          :       39        1      4023
...
000 (8915762.000.000) 12/11 23:08:58 Job submitted from host: <10.10.48.31:12542?addrs=10.10.48.31-12542>
...
001 (8915762.000.000) 12/11 23:09:05 Job executing on host: <10.10.48.41:20766?addrs=10.10.48.41-20766>
...
006 (8915762.000.000) 12/11 23:09:14 Image size of job updated: 144364
	26  -  MemoryUsage of job (MB)
	25724  -  ResidentSetSize of job (KB)
...
006 (8915762.000.000) 12/11 23:11:05 Image size of job updated: 193148
	26  -  MemoryUsage of job (MB)
	25724  -  ResidentSetSize of job (KB)
...
005 (8915762.000.000) 12/11 23:11:05 Job terminated.
	(1) Normal termination (return value 1)
		Usr 0 00:00:47, Sys 0 00:00:01  -  Run Remote Usage
		Usr 0 00:00:00, Sys 0 00:00:00  -  Run Local Usage
		Usr 0 00:00:47, Sys 0 00:00:01  -  Total Remote Usage
		Usr 0 00:00:00, Sys 0 00:00:00  -  Total Local Usage
	0  -  Run Bytes Sent By Job
	0  -  Run Bytes Received By Job
	0  -  Total Bytes Sent By Job
	0  -  Total Bytes Received By Job
	Partitionable Resources :    Usage  Request Allocated
	   Cpus                 :                 1         1
	   Disk (KB)            :        1        1  16725205
	   Memory (MB)          :       26        1      4023
...
000 (8915924.000.000) 12/11 23:22:21 Job submitted from host: <10.10.48.31:12542?addrs=10.10.48.31-12542>
...
001 (8915924.000.000) 12/11 23:22:26 Job executing on host: <10.10.48.41:20766?addrs=10.10.48.41-20766>
...
006 (8915924.000.000) 12/11 23:22:35 Image size of job updated: 193084
	40  -  MemoryUsage of job (MB)
	40044  -  ResidentSetSize of job (KB)
...
006 (8915924.000.000) 12/11 23:22:51 Image size of job updated: 193176
	40  -  MemoryUsage of job (MB)
	40044  -  ResidentSetSize of job (KB)
...
005 (8915924.000.000) 12/11 23:22:51 Job terminated.
	(1) Normal termination (return value 0)
		Usr 0 00:00:20, Sys 0 00:00:00  -  Run Remote Usage
		Usr 0 00:00:00, Sys 0 00:00:00  -  Run Local Usage
		Usr 0 00:00:20, Sys 0 00:00:00  -  Total Remote Usage
		Usr 0 00:00:00, Sys 0 00:00:00  -  Total Local Usage
	0  -  Run Bytes Sent By Job
	0  -  Run Bytes Received By Job
	0  -  Total Bytes Sent By Job
	0  -  Total Bytes Received By Job
	Partitionable Resources :    Usage  Request Allocated
	   Cpus                 :                 1         1
	   Disk (KB)            :        1        1  16725172
	   Memory (MB)          :       40        1      4023
...
000 (8916087.000.000) 12/12 14:23:29 Job submitted from host: <10.10.48.31:12542?addrs=10.10.48.31-12542>
...
001 (8916087.000.000) 12/12 14:23:50 Job executing on host: <10.10.48.41:20766?addrs=10.10.48.41-20766>
...
006 (8916087.000.000) 12/12 14:23:58 Image size of job updated: 174956
	27  -  MemoryUsage of job (MB)
	26952  -  ResidentSetSize of job (KB)
...
006 (8916087.000.000) 12/12 14:28:04 Image size of job updated: 192976
	27  -  MemoryUsage of job (MB)
	26952  -  ResidentSetSize of job (KB)
...
005 (8916087.000.000) 12/12 14:28:04 Job terminated.
	(1) Normal termination (return value 0)
		Usr 0 00:00:49, Sys 0 00:00:01  -  Run Remote Usage
		Usr 0 00:00:00, Sys 0 00:00:00  -  Run Local Usage
		Usr 0 00:00:49, Sys 0 00:00:01  -  Total Remote Usage
		Usr 0 00:00:00, Sys 0 00:00:00  -  Total Local Usage
	0  -  Run Bytes Sent By Job
	0  -  Run Bytes Received By Job
	0  -  Total Bytes Sent By Job
	0  -  Total Bytes Received By Job
	Partitionable Resources :    Usage  Request Allocated
	   Cpus                 :                 1         1
	   Disk (KB)            :        1        1  16725187
	   Memory (MB)          :       27        1      4023
...
000 (9637132.000.000) 02/27 16:01:31 Job submitted from host: <10.10.48.31:15410?addrs=10.10.48.31-15410>
...
001 (9637132.000.000) 02/27 16:01:48 Job executing on host: <10.10.48.35:24288?addrs=10.10.48.35-24288>
...
006 (9637132.000.000) 02/27 16:01:56 Image size of job updated: 176156
	29  -  MemoryUsage of job (MB)
	29088  -  ResidentSetSize of job (KB)
...
006 (9637132.000.000) 02/27 16:06:56 Image size of job updated: 190868
	40  -  MemoryUsage of job (MB)
	40804  -  ResidentSetSize of job (KB)
...
006 (9637132.000.000) 02/27 16:11:10 Image size of job updated: 190908
	40  -  MemoryUsage of job (MB)
	40804  -  ResidentSetSize of job (KB)
...
005 (9637132.000.000) 02/27 16:11:10 Job terminated.
	(1) Normal termination (return value 0)
		Usr 0 00:00:33, Sys 0 00:00:00  -  Run Remote Usage
		Usr 0 00:00:00, Sys 0 00:00:00  -  Run Local Usage
		Usr 0 00:00:33, Sys 0 00:00:00  -  Total Remote Usage
		Usr 0 00:00:00, Sys 0 00:00:00  -  Total Local Usage
	0  -  Run Bytes Sent By Job
	0  -  Run Bytes Received By Job
	0  -  Total Bytes Sent By Job
	0  -  Total Bytes Received By Job
	Partitionable Resources :    Usage  Request Allocated
	   Cpus                 :                 1         1
	   Disk (KB)            :        1        1  16724161
	   Memory (MB)          :       40        1      4023
...
000 (9643713.000.000) 02/27 20:47:07 Job submitted from host: <10.10.48.31:15410?addrs=10.10.48.31-15410>
...
001 (9643713.000.000) 02/27 20:47:17 Job executing on host: <10.10.48.143:56523?addrs=10.10.48.143-56523>
...
006 (9643713.000.000) 02/27 20:47:18 Image size of job updated: 229976
	0  -  MemoryUsage of job (MB)
	0  -  ResidentSetSize of job (KB)
...
005 (9643713.000.000) 02/27 20:47:18 Job terminated.
	(1) Normal termination (return value 0)
		Usr 0 00:00:00, Sys 0 00:00:00  -  Run Remote Usage
		Usr 0 00:00:00, Sys 0 00:00:00  -  Run Local Usage
		Usr 0 00:00:00, Sys 0 00:00:00  -  Total Remote Usage
		Usr 0 00:00:00, Sys 0 00:00:00  -  Total Local Usage
	0  -  Run Bytes Sent By Job
	0  -  Run Bytes Received By Job
	0  -  Total Bytes Sent By Job
	0  -  Total Bytes Received By Job
	Partitionable Resources :    Usage  Request Allocated
	   Cpus                 :                 1         1
	   Disk (KB)            :        1        1  13384575
	   Memory (MB)          :        0        1      6441
...
