000 (8914313.000.000) 12/10 23:42:54 Job submitted from host: <10.10.48.31:12542?addrs=10.10.48.31-12542>
...
001 (8914313.000.000) 12/10 23:43:03 Job executing on host: <10.10.48.133:42257?addrs=10.10.48.133-42257>
...
006 (8914313.000.000) 12/10 23:43:04 Image size of job updated: 175224
	0  -  MemoryUsage of job (MB)
	0  -  ResidentSetSize of job (KB)
...
005 (8914313.000.000) 12/10 23:43:05 Job terminated.
	(1) Normal termination (return value 1)
		Usr 0 00:00:00, Sys 0 00:00:00  -  Run Remote Usage
		Usr 0 00:00:00, Sys 0 00:00:00  -  Run Local Usage
		Usr 0 00:00:00, Sys 0 00:00:00  -  Total Remote Usage
		Usr 0 00:00:00, Sys 0 00:00:00  -  Total Local Usage
	0  -  Run Bytes Sent By Job
	0  -  Run Bytes Received By Job
	0  -  Total Bytes Sent By Job
	0  -  Total Bytes Received By Job
	Partitionable Resources :    Usage  Request Allocated
	   Cpus                 :                 1         1
	   Disk (KB)            :        1        1  13386734
	   Memory (MB)          :        0        1      6441
...
000 (8914475.000.000) 12/10 23:49:05 Job submitted from host: <10.10.48.31:12542?addrs=10.10.48.31-12542>
...
001 (8914475.000.000) 12/10 23:49:20 Job executing on host: <10.10.48.35:61041?addrs=10.10.48.35-61041>
...
006 (8914475.000.000) 12/10 23:49:28 Image size of job updated: 180388
	30  -  MemoryUsage of job (MB)
	30212  -  ResidentSetSize of job (KB)
...
006 (8914475.000.000) 12/10 23:54:28 Image size of job updated: 192852
	40  -  MemoryUsage of job (MB)
	40756  -  ResidentSetSize of job (KB)
...
006 (8914475.000.000) 12/10 23:59:28 Image size of job updated: 193920
	42  -  MemoryUsage of job (MB)
	42300  -  ResidentSetSize of job (KB)
...
006 (8914475.000.000) 12/11 00:04:29 Image size of job updated: 196404
	47  -  MemoryUsage of job (MB)
	47348  -  ResidentSetSize of job (KB)
...
006 (8914475.000.000) 12/11 00:06:52 Image size of job updated: 197612
	47  -  MemoryUsage of job (MB)
	47348  -  ResidentSetSize of job (KB)
...
005 (8914475.000.000) 12/11 00:06:52 Job terminated.
	(1) Normal termination (return value 0)
		Usr 0 00:11:12, Sys 0 00:00:13  -  Run Remote Usage
		Usr 0 00:00:00, Sys 0 00:00:00  -  Run Local Usage
		Usr 0 00:11:12, Sys 0 00:00:13  -  Total Remote Usage
		Usr 0 00:00:00, Sys 0 00:00:00  -  Total Local Usage
	0  -  Run Bytes Sent By Job
	0  -  Run Bytes Received By Job
	0  -  Total Bytes Sent By Job
	0  -  Total Bytes Received By Job
	Partitionable Resources :    Usage  Request Allocated
	   Cpus                 :                 1         1
	   Disk (KB)            :        1        1  16721129
	   Memory (MB)          :       47        1      4023
...
000 (8914637.000.000) 12/11 16:48:23 Job submitted from host: <10.10.48.31:12542?addrs=10.10.48.31-12542>
...
001 (8914637.000.000) 12/11 16:48:37 Job executing on host: <10.10.48.145:26377?addrs=10.10.48.145-26377>
...
006 (8914637.000.000) 12/11 16:48:46 Image size of job updated: 184140
	30  -  MemoryUsage of job (MB)
	30484  -  ResidentSetSize of job (KB)
...
006 (8914637.000.000) 12/11 16:53:46 Image size of job updated: 193084
	42  -  MemoryUsage of job (MB)
	42592  -  ResidentSetSize of job (KB)
...
006 (8914637.000.000) 12/11 16:58:46 Image size of job updated: 194364
	44  -  MemoryUsage of job (MB)
	44052  -  ResidentSetSize of job (KB)
...
006 (8914637.000.000) 12/11 17:03:48 Image size of job updated: 196480
	46  -  MemoryUsage of job (MB)
	46144  -  ResidentSetSize of job (KB)
...
006 (8914637.000.000) 12/11 17:05:51 Image size of job updated: 197576
	46  -  MemoryUsage of job (MB)
	46144  -  ResidentSetSize of job (KB)
...
005 (8914637.000.000) 12/11 17:05:51 Job terminated.
	(1) Normal termination (return value 0)
		Usr 0 00:12:48, Sys 0 00:00:12  -  Run Remote Usage
		Usr 0 00:00:00, Sys 0 00:00:00  -  Run Local Usage
		Usr 0 00:12:48, Sys 0 00:00:12  -  Total Remote Usage
		Usr 0 00:00:00, Sys 0 00:00:00  -  Total Local Usage
	0  -  Run Bytes Sent By Job
	0  -  Run Bytes Received By Job
	0  -  Total Bytes Sent By Job
	0  -  Total Bytes Received By Job
	Partitionable Resources :    Usage  Request Allocated
	   Cpus                 :                 1         1
	   Disk (KB)            :        1        1  13384492
	   Memory (MB)          :       46        1      6441
...
000 (8915399.000.000) 12/11 17:17:53 Job submitted from host: <10.10.48.31:12542?addrs=10.10.48.31-12542>
...
001 (8915399.000.000) 12/11 17:18:04 Job executing on host: <10.10.48.135:49492?addrs=10.10.48.135-49492>
...
006 (8915399.000.000) 12/11 17:18:13 Image size of job updated: 186252
	34  -  MemoryUsage of job (MB)
	34480  -  ResidentSetSize of job (KB)
...
006 (8915399.000.000) 12/11 17:23:14 Image size of job updated: 205344
	53  -  MemoryUsage of job (MB)
	53628  -  ResidentSetSize of job (KB)
...
006 (8915399.000.000) 12/11 17:28:15 Image size of job updated: 220672
	73  -  MemoryUsage of job (MB)
	73856  -  ResidentSetSize of job (KB)
...
006 (8915399.000.000) 12/11 17:31:53 Image size of job updated: 231160
	73  -  MemoryUsage of job (MB)
	73856  -  ResidentSetSize of job (KB)
...
005 (8915399.000.000) 12/11 17:31:53 Job terminated.
	(1) Normal termination (return value 0)
		Usr 0 00:12:16, Sys 0 00:00:11  -  Run Remote Usage
		Usr 0 00:00:00, Sys 0 00:00:00  -  Run Local Usage
		Usr 0 00:12:16, Sys 0 00:00:11  -  Total Remote Usage
		Usr 0 00:00:00, Sys 0 00:00:00  -  Total Local Usage
	0  -  Run Bytes Sent By Job
	0  -  Run Bytes Received By Job
	0  -  Total Bytes Sent By Job
	0  -  Total Bytes Received By Job
	Partitionable Resources :    Usage  Request Allocated
	   Cpus                 :                 1         1
	   Disk (KB)            :        1        1  13377146
	   Memory (MB)          :       73        1      6441
...
000 (8915561.000.000) 12/11 22:46:59 Job submitted from host: <10.10.48.31:12542?addrs=10.10.48.31-12542>
...
001 (8915561.000.000) 12/11 22:47:12 Job executing on host: <10.10.48.145:26377?addrs=10.10.48.145-26377>
...
006 (8915561.000.000) 12/11 22:47:21 Image size of job updated: 180376
	32  -  MemoryUsage of job (MB)
	32584  -  ResidentSetSize of job (KB)
...
006 (8915561.000.000) 12/11 22:52:21 Image size of job updated: 192620
	42  -  MemoryUsage of job (MB)
	42620  -  ResidentSetSize of job (KB)
...
006 (8915561.000.000) 12/11 22:55:32 Image size of job updated: 193136
	42  -  MemoryUsage of job (MB)
	42620  -  ResidentSetSize of job (KB)
...
005 (8915561.000.000) 12/11 22:55:32 Job terminated.
	(1) Normal termination (return value 0)
		Usr 0 00:04:54, Sys 0 00:00:04  -  Run Remote Usage
		Usr 0 00:00:00, Sys 0 00:00:00  -  Run Local Usage
		Usr 0 00:04:54, Sys 0 00:00:04  -  Total Remote Usage
		Usr 0 00:00:00, Sys 0 00:00:00  -  Total Local Usage
	0  -  Run Bytes Sent By Job
	0  -  Run Bytes Received By Job
	0  -  Total Bytes Sent By Job
	0  -  Total Bytes Received By Job
	Partitionable Resources :    Usage  Request Allocated
	   Cpus                 :                 1         1
	   Disk (KB)            :        1        1  13384482
	   Memory (MB)          :       42        1      6441
...
000 (8915693.000.000) 12/11 22:57:06 Job submitted from host: <10.10.48.31:12542?addrs=10.10.48.31-12542>
...
001 (8915693.000.000) 12/11 22:57:19 Job executing on host: <10.10.48.143:50448?addrs=10.10.48.143-50448>
...
006 (8915693.000.000) 12/11 22:57:28 Image size of job updated: 170376
	28  -  MemoryUsage of job (MB)
	28520  -  ResidentSetSize of job (KB)
...
006 (8915693.000.000) 12/11 23:02:28 Image size of job updated: 198704
	45  -  MemoryUsage of job (MB)
	45984  -  ResidentSetSize of job (KB)
...
006 (8915693.000.000) 12/11 23:03:07 Image size of job updated: 199316
	45  -  MemoryUsage of job (MB)
	45984  -  ResidentSetSize of job (KB)
...
005 (8915693.000.000) 12/11 23:03:07 Job terminated.
	(1) Normal termination (return value 0)
		Usr 0 00:04:47, Sys 0 00:00:04  -  Run Remote Usage
		Usr 0 00:00:00, Sys 0 00:00:00  -  Run Local Usage
		Usr 0 00:04:47, Sys 0 00:00:04  -  Total Remote Usage
		Usr 0 00:00:00, Sys 0 00:00:00  -  Total Local Usage
	0  -  Run Bytes Sent By Job
	0  -  Run Bytes Received By Job
	0  -  Total Bytes Sent By Job
	0  -  Total Bytes Received By Job
	Partitionable Resources :    Usage  Request Allocated
	   Cpus                 :                 1         1
	   Disk (KB)            :        1        1  13384455
	   Memory (MB)          :       45        1      6441
...
000 (8915825.000.000) 12/11 23:09:08 Job submitted from host: <10.10.48.31:12542?addrs=10.10.48.31-12542>
...
001 (8915825.000.000) 12/11 23:09:26 Job executing on host: <10.10.48.139:49429?addrs=10.10.48.139-49429>
...
006 (8915825.000.000) 12/11 23:09:35 Image size of job updated: 179436
	29  -  MemoryUsage of job (MB)
	29452  -  ResidentSetSize of job (KB)
...
006 (8915825.000.000) 12/11 23:14:35 Image size of job updated: 193200
	40  -  MemoryUsage of job (MB)
	40884  -  ResidentSetSize of job (KB)
...
006 (8915825.000.000) 12/11 23:19:35 Image size of job updated: 194756
	43  -  MemoryUsage of job (MB)
	43108  -  ResidentSetSize of job (KB)
...
000 (8915987.000.000) 12/11 23:22:28 Job submitted from host: <10.10.48.31:12542?addrs=10.10.48.31-12542>
...
001 (8915987.000.000) 12/11 23:22:43 Job executing on host: <10.10.48.145:26377?addrs=10.10.48.145-26377>
...
006 (8915987.000.000) 12/11 23:22:51 Image size of job updated: 185464
	31  -  MemoryUsage of job (MB)
	31164  -  ResidentSetSize of job (KB)
...
006 (8915825.000.000) 12/11 23:24:36 Image size of job updated: 196996
	44  -  MemoryUsage of job (MB)
	44788  -  ResidentSetSize of job (KB)
...
006 (8915987.000.000) 12/11 23:27:52 Image size of job updated: 193904
	39  -  MemoryUsage of job (MB)
	39520  -  ResidentSetSize of job (KB)
...
006 (8915825.000.000) 12/11 23:29:37 Image size of job updated: 199200
	49  -  MemoryUsage of job (MB)
	49900  -  ResidentSetSize of job (KB)
...
006 (8915825.000.000) 12/11 23:32:08 Image size of job updated: 200164
	49  -  MemoryUsage of job (MB)
	49900  -  ResidentSetSize of job (KB)
...
005 (8915825.000.000) 12/11 23:32:08 Job terminated.
	(1) Normal termination (return value 1)
		Usr 0 00:06:38, Sys 0 00:00:09  -  Run Remote Usage
		Usr 0 00:00:00, Sys 0 00:00:00  -  Run Local Usage
		Usr 0 00:06:38, Sys 0 00:00:09  -  Total Remote Usage
		Usr 0 00:00:00, Sys 0 00:00:00  -  Total Local Usage
	0  -  Run Bytes Sent By Job
	0  -  Run Bytes Received By Job
	0  -  Total Bytes Sent By Job
	0  -  Total Bytes Received By Job
	Partitionable Resources :    Usage  Request Allocated
	   Cpus                 :                 1         1
	   Disk (KB)            :        1        1  13385058
	   Memory (MB)          :       49        1      6441
...
006 (8915987.000.000) 12/11 23:32:53 Image size of job updated: 198532
	48  -  MemoryUsage of job (MB)
	48328  -  ResidentSetSize of job (KB)
...
006 (8915987.000.000) 12/11 23:33:46 Image size of job updated: 200168
	48  -  MemoryUsage of job (MB)
	48328  -  ResidentSetSize of job (KB)
...
005 (8915987.000.000) 12/11 23:33:46 Job terminated.
	(1) Normal termination (return value 0)
		Usr 0 00:05:13, Sys 0 00:00:08  -  Run Remote Usage
		Usr 0 00:00:00, Sys 0 00:00:00  -  Run Local Usage
		Usr 0 00:05:13, Sys 0 00:00:08  -  Total Remote Usage
		Usr 0 00:00:00, Sys 0 00:00:00  -  Total Local Usage
	0  -  Run Bytes Sent By Job
	0  -  Run Bytes Received By Job
	0  -  Total Bytes Sent By Job
	0  -  Total Bytes Received By Job
	Partitionable Resources :    Usage  Request Allocated
	   Cpus                 :                 1         1
	   Disk (KB)            :        1        1  13384457
	   Memory (MB)          :       48        1      6441
...
000 (8916150.000.000) 12/12 14:23:36 Job submitted from host: <10.10.48.31:12542?addrs=10.10.48.31-12542>
...
001 (8916150.000.000) 12/12 14:23:50 Job executing on host: <10.10.48.145:26377?addrs=10.10.48.145-26377>
...
006 (8916150.000.000) 12/12 14:23:58 Image size of job updated: 179436
	29  -  MemoryUsage of job (MB)
	29216  -  ResidentSetSize of job (KB)
...
006 (8916150.000.000) 12/12 14:28:58 Image size of job updated: 279712
	113  -  MemoryUsage of job (MB)
	115308  -  ResidentSetSize of job (KB)
...
006 (8916150.000.000) 12/12 14:30:43 Image size of job updated: 364544
	113  -  MemoryUsage of job (MB)
	115308  -  ResidentSetSize of job (KB)
...
005 (8916150.000.000) 12/12 14:30:43 Job terminated.
	(1) Normal termination (return value 0)
		Usr 0 00:02:06, Sys 0 00:00:03  -  Run Remote Usage
		Usr 0 00:00:00, Sys 0 00:00:00  -  Run Local Usage
		Usr 0 00:02:06, Sys 0 00:00:03  -  Total Remote Usage
		Usr 0 00:00:00, Sys 0 00:00:00  -  Total Local Usage
	0  -  Run Bytes Sent By Job
	0  -  Run Bytes Received By Job
	0  -  Total Bytes Sent By Job
	0  -  Total Bytes Received By Job
	Partitionable Resources :    Usage  Request Allocated
	   Cpus                 :                 1         1
	   Disk (KB)            :        1        1  13384493
	   Memory (MB)          :      113        1      6441
...
