000 (8914302.000.000) 12/10 23:42:50 Job submitted from host: <10.10.48.31:12542?addrs=10.10.48.31-12542>
...
001 (8914302.000.000) 12/10 23:42:55 Job executing on host: <10.10.48.41:20766?addrs=10.10.48.41-20766>
...
006 (8914302.000.000) 12/10 23:42:56 Image size of job updated: 167696
	0  -  MemoryUsage of job (MB)
	0  -  ResidentSetSize of job (KB)
...
005 (8914302.000.000) 12/10 23:42:56 Job terminated.
	(1) Normal termination (return value 1)
		Usr 0 00:00:00, Sys 0 00:00:00  -  Run Remote Usage
		Usr 0 00:00:00, Sys 0 00:00:00  -  Run Local Usage
		Usr 0 00:00:00, Sys 0 00:00:00  -  Total Remote Usage
		Usr 0 00:00:00, Sys 0 00:00:00  -  Total Local Usage
	0  -  Run Bytes Sent By Job
	0  -  Run Bytes Received By Job
	0  -  Total Bytes Sent By Job
	0  -  Total Bytes Received By Job
	Partitionable Resources :    Usage  Request Allocated
	   Cpus                 :                 1         1
	   Disk (KB)            :        1        1  16725294
	   Memory (MB)          :        0        1      4023
...
000 (8914464.000.000) 12/10 23:49:03 Job submitted from host: <10.10.48.31:12542?addrs=10.10.48.31-12542>
...
001 (8914464.000.000) 12/10 23:49:20 Job executing on host: <10.10.48.132:4924?addrs=10.10.48.132-4924>
...
006 (8914464.000.000) 12/10 23:49:29 Image size of job updated: 185580
	34  -  MemoryUsage of job (MB)
	34112  -  ResidentSetSize of job (KB)
...
006 (8914464.000.000) 12/10 23:51:03 Image size of job updated: 192568
	34  -  MemoryUsage of job (MB)
	34112  -  ResidentSetSize of job (KB)
...
005 (8914464.000.000) 12/10 23:51:03 Job terminated.
	(1) Normal termination (return value 0)
		Usr 0 00:00:55, Sys 0 00:00:00  -  Run Remote Usage
		Usr 0 00:00:00, Sys 0 00:00:00  -  Run Local Usage
		Usr 0 00:00:55, Sys 0 00:00:00  -  Total Remote Usage
		Usr 0 00:00:00, Sys 0 00:00:00  -  Total Local Usage
	0  -  Run Bytes Sent By Job
	0  -  Run Bytes Received By Job
	0  -  Total Bytes Sent By Job
	0  -  Total Bytes Received By Job
	Partitionable Resources :    Usage  Request Allocated
	   Cpus                 :                 1         1
	   Disk (KB)            :        1        1  13378013
	   Memory (MB)          :       34        1      6441
...
000 (8914626.000.000) 12/11 16:48:21 Job submitted from host: <10.10.48.31:12542?addrs=10.10.48.31-12542>
...
001 (8914626.000.000) 12/11 16:48:38 Job executing on host: <10.10.48.139:49429?addrs=10.10.48.139-49429>
...
006 (8914626.000.000) 12/11 16:48:47 Image size of job updated: 184184
	30  -  MemoryUsage of job (MB)
	30656  -  ResidentSetSize of job (KB)
...
006 (8914626.000.000) 12/11 16:50:44 Image size of job updated: 192532
	30  -  MemoryUsage of job (MB)
	30656  -  ResidentSetSize of job (KB)
...
005 (8914626.000.000) 12/11 16:50:44 Job terminated.
	(1) Normal termination (return value 0)
		Usr 0 00:00:53, Sys 0 00:00:00  -  Run Remote Usage
		Usr 0 00:00:00, Sys 0 00:00:00  -  Run Local Usage
		Usr 0 00:00:53, Sys 0 00:00:00  -  Total Remote Usage
		Usr 0 00:00:00, Sys 0 00:00:00  -  Total Local Usage
	0  -  Run Bytes Sent By Job
	0  -  Run Bytes Received By Job
	0  -  Total Bytes Sent By Job
	0  -  Total Bytes Received By Job
	Partitionable Resources :    Usage  Request Allocated
	   Cpus                 :                 1         1
	   Disk (KB)            :        1        1  13385137
	   Memory (MB)          :       30        1      6441
...
000 (8915388.000.000) 12/11 17:17:51 Job submitted from host: <10.10.48.31:12542?addrs=10.10.48.31-12542>
...
001 (8915388.000.000) 12/11 17:18:04 Job executing on host: <10.10.48.33:59750?addrs=10.10.48.33-59750>
...
006 (8915388.000.000) 12/11 17:18:14 Image size of job updated: 176156
	30  -  MemoryUsage of job (MB)
	30600  -  ResidentSetSize of job (KB)
...
006 (8915388.000.000) 12/11 17:18:56 Image size of job updated: 194480
	30  -  MemoryUsage of job (MB)
	30600  -  ResidentSetSize of job (KB)
...
005 (8915388.000.000) 12/11 17:18:56 Job terminated.
	(1) Normal termination (return value 0)
		Usr 0 00:00:37, Sys 0 00:00:00  -  Run Remote Usage
		Usr 0 00:00:00, Sys 0 00:00:00  -  Run Local Usage
		Usr 0 00:00:37, Sys 0 00:00:00  -  Total Remote Usage
		Usr 0 00:00:00, Sys 0 00:00:00  -  Total Local Usage
	0  -  Run Bytes Sent By Job
	0  -  Run Bytes Received By Job
	0  -  Total Bytes Sent By Job
	0  -  Total Bytes Received By Job
	Partitionable Resources :    Usage  Request Allocated
	   Cpus                 :                 1         1
	   Disk (KB)            :        1        1  16723660
	   Memory (MB)          :       30        1      4023
...
000 (8915550.000.000) 12/11 22:46:57 Job submitted from host: <10.10.48.31:12542?addrs=10.10.48.31-12542>
...
001 (8915550.000.000) 12/11 22:47:13 Job executing on host: <10.10.48.139:49429?addrs=10.10.48.139-49429>
...
006 (8915550.000.000) 12/11 22:47:22 Image size of job updated: 185768
	32  -  MemoryUsage of job (MB)
	32476  -  ResidentSetSize of job (KB)
...
006 (8915550.000.000) 12/11 22:48:44 Image size of job updated: 192568
	32  -  MemoryUsage of job (MB)
	32476  -  ResidentSetSize of job (KB)
...
005 (8915550.000.000) 12/11 22:48:44 Job terminated.
	(1) Normal termination (return value 0)
		Usr 0 00:00:48, Sys 0 00:00:00  -  Run Remote Usage
		Usr 0 00:00:00, Sys 0 00:00:00  -  Run Local Usage
		Usr 0 00:00:48, Sys 0 00:00:00  -  Total Remote Usage
		Usr 0 00:00:00, Sys 0 00:00:00  -  Total Local Usage
	0  -  Run Bytes Sent By Job
	0  -  Run Bytes Received By Job
	0  -  Total Bytes Sent By Job
	0  -  Total Bytes Received By Job
	Partitionable Resources :    Usage  Request Allocated
	   Cpus                 :                 1         1
	   Disk (KB)            :        1        1  13385104
	   Memory (MB)          :       32        1      6441
...
000 (8915682.000.000) 12/11 22:57:04 Job submitted from host: <10.10.48.31:12542?addrs=10.10.48.31-12542>
...
001 (8915682.000.000) 12/11 22:57:19 Job executing on host: <10.10.48.145:26377?addrs=10.10.48.145-26377>
...
006 (8915682.000.000) 12/11 22:57:27 Image size of job updated: 185836
	33  -  MemoryUsage of job (MB)
	33684  -  ResidentSetSize of job (KB)
...
006 (8915682.000.000) 12/11 22:58:14 Image size of job updated: 192860
	33  -  MemoryUsage of job (MB)
	33684  -  ResidentSetSize of job (KB)
...
005 (8915682.000.000) 12/11 22:58:14 Job terminated.
	(1) Normal termination (return value 0)
		Usr 0 00:00:36, Sys 0 00:00:00  -  Run Remote Usage
		Usr 0 00:00:00, Sys 0 00:00:00  -  Run Local Usage
		Usr 0 00:00:36, Sys 0 00:00:00  -  Total Remote Usage
		Usr 0 00:00:00, Sys 0 00:00:00  -  Total Local Usage
	0  -  Run Bytes Sent By Job
	0  -  Run Bytes Received By Job
	0  -  Total Bytes Sent By Job
	0  -  Total Bytes Received By Job
	Partitionable Resources :    Usage  Request Allocated
	   Cpus                 :                 1         1
	   Disk (KB)            :        1        1  13384440
	   Memory (MB)          :       33        1      6441
...
000 (8915814.000.000) 12/11 23:09:06 Job submitted from host: <10.10.48.31:12542?addrs=10.10.48.31-12542>
...
001 (8915814.000.000) 12/11 23:09:25 Job executing on host: <10.10.48.139:49429?addrs=10.10.48.139-49429>
...
006 (8915814.000.000) 12/11 23:09:33 Image size of job updated: 184908
	32  -  MemoryUsage of job (MB)
	31816  -  ResidentSetSize of job (KB)
...
006 (8915814.000.000) 12/11 23:11:21 Image size of job updated: 193004
	32  -  MemoryUsage of job (MB)
	31816  -  ResidentSetSize of job (KB)
...
005 (8915814.000.000) 12/11 23:11:21 Job terminated.
	(1) Normal termination (return value 1)
		Usr 0 00:00:20, Sys 0 00:00:00  -  Run Remote Usage
		Usr 0 00:00:00, Sys 0 00:00:00  -  Run Local Usage
		Usr 0 00:00:20, Sys 0 00:00:00  -  Total Remote Usage
		Usr 0 00:00:00, Sys 0 00:00:00  -  Total Local Usage
	0  -  Run Bytes Sent By Job
	0  -  Run Bytes Received By Job
	0  -  Total Bytes Sent By Job
	0  -  Total Bytes Received By Job
	Partitionable Resources :    Usage  Request Allocated
	   Cpus                 :                 1         1
	   Disk (KB)            :        1        1  13385058
	   Memory (MB)          :       32        1      6441
...
000 (8915976.000.000) 12/11 23:22:26 Job submitted from host: <10.10.48.31:12542?addrs=10.10.48.31-12542>
...
001 (8915976.000.000) 12/11 23:22:44 Job executing on host: <10.10.48.139:49429?addrs=10.10.48.139-49429>
...
006 (8915976.000.000) 12/11 23:22:52 Image size of job updated: 192700
	37  -  MemoryUsage of job (MB)
	37180  -  ResidentSetSize of job (KB)
...
006 (8915976.000.000) 12/11 23:23:11 Image size of job updated: 193008
	37  -  MemoryUsage of job (MB)
	37180  -  ResidentSetSize of job (KB)
...
005 (8915976.000.000) 12/11 23:23:11 Job terminated.
	(1) Normal termination (return value 0)
		Usr 0 00:00:16, Sys 0 00:00:00  -  Run Remote Usage
		Usr 0 00:00:00, Sys 0 00:00:00  -  Run Local Usage
		Usr 0 00:00:16, Sys 0 00:00:00  -  Total Remote Usage
		Usr 0 00:00:00, Sys 0 00:00:00  -  Total Local Usage
	0  -  Run Bytes Sent By Job
	0  -  Run Bytes Received By Job
	0  -  Total Bytes Sent By Job
	0  -  Total Bytes Received By Job
	Partitionable Resources :    Usage  Request Allocated
	   Cpus                 :                 1         1
	   Disk (KB)            :        1        1  13385070
	   Memory (MB)          :       37        1      6441
...
000 (8916139.000.000) 12/12 14:23:35 Job submitted from host: <10.10.48.31:12542?addrs=10.10.48.31-12542>
...
001 (8916139.000.000) 12/12 14:23:50 Job executing on host: <10.10.48.139:49429?addrs=10.10.48.139-49429>
...
006 (8916139.000.000) 12/12 14:23:59 Image size of job updated: 182668
	30  -  MemoryUsage of job (MB)
	30488  -  ResidentSetSize of job (KB)
...
006 (8916139.000.000) 12/12 14:25:57 Image size of job updated: 213272
	30  -  MemoryUsage of job (MB)
	30488  -  ResidentSetSize of job (KB)
...
005 (8916139.000.000) 12/12 14:25:57 Job terminated.
	(1) Normal termination (return value 0)
		Usr 0 00:00:18, Sys 0 00:00:00  -  Run Remote Usage
		Usr 0 00:00:00, Sys 0 00:00:00  -  Run Local Usage
		Usr 0 00:00:18, Sys 0 00:00:00  -  Total Remote Usage
		Usr 0 00:00:00, Sys 0 00:00:00  -  Total Local Usage
	0  -  Run Bytes Sent By Job
	0  -  Run Bytes Received By Job
	0  -  Total Bytes Sent By Job
	0  -  Total Bytes Received By Job
	Partitionable Resources :    Usage  Request Allocated
	   Cpus                 :                 1         1
	   Disk (KB)            :        1        1  13385059
	   Memory (MB)          :       30        1      6441
...
