000 (9637426.000.000) 02/27 16:08:00 Job submitted from host: <10.10.48.31:15410?addrs=10.10.48.31-15410>
...
001 (9637426.000.000) 02/27 16:08:07 Job executing on host: <10.10.48.39:38682?addrs=10.10.48.39-38682>
...
006 (9637426.000.000) 02/27 16:08:15 Image size of job updated: 167748
	26  -  MemoryUsage of job (MB)
	26376  -  ResidentSetSize of job (KB)
...
006 (9637426.000.000) 02/27 16:08:16 Image size of job updated: 190880
	26  -  MemoryUsage of job (MB)
	26376  -  ResidentSetSize of job (KB)
...
005 (9637426.000.000) 02/27 16:08:16 Job terminated.
	(1) Normal termination (return value 0)
		Usr 0 00:00:06, Sys 0 00:00:00  -  Run Remote Usage
		Usr 0 00:00:00, Sys 0 00:00:00  -  Run Local Usage
		Usr 0 00:00:06, Sys 0 00:00:00  -  Total Remote Usage
		Usr 0 00:00:00, Sys 0 00:00:00  -  Total Local Usage
	0  -  Run Bytes Sent By Job
	0  -  Run Bytes Received By Job
	0  -  Total Bytes Sent By Job
	0  -  Total Bytes Received By Job
	Partitionable Resources :    Usage  Request Allocated
	   Cpus                 :                 1         1
	   Disk (KB)            :        1        1  16725693
	   Memory (MB)          :       26        1      4023
...
000 (9643914.000.000) 02/27 20:47:41 Job submitted from host: <10.10.48.31:15410?addrs=10.10.48.31-15410>
...
001 (9643914.000.000) 02/27 20:47:42 Job executing on host: <10.10.48.143:56523?addrs=10.10.48.143-56523>
...
006 (9643914.000.000) 02/27 20:47:43 Image size of job updated: 230888
	0  -  MemoryUsage of job (MB)
	0  -  ResidentSetSize of job (KB)
...
005 (9643914.000.000) 02/27 20:47:43 Job terminated.
	(1) Normal termination (return value 0)
		Usr 0 00:00:00, Sys 0 00:00:00  -  Run Remote Usage
		Usr 0 00:00:00, Sys 0 00:00:00  -  Run Local Usage
		Usr 0 00:00:00, Sys 0 00:00:00  -  Total Remote Usage
		Usr 0 00:00:00, Sys 0 00:00:00  -  Total Local Usage
	0  -  Run Bytes Sent By Job
	0  -  Run Bytes Received By Job
	0  -  Total Bytes Sent By Job
	0  -  Total Bytes Received By Job
	Partitionable Resources :    Usage  Request Allocated
	   Cpus                 :                 1         1
	   Disk (KB)            :        1        1  13384575
	   Memory (MB)          :        0        1      6441
...
