000 (8914343.000.000) 12/10 23:43:01 Job submitted from host: <10.10.48.31:12542?addrs=10.10.48.31-12542>
...
001 (8914343.000.000) 12/10 23:43:10 Job executing on host: <10.10.48.133:42257?addrs=10.10.48.133-42257>
...
006 (8914343.000.000) 12/10 23:43:11 Image size of job updated: 167740
	0  -  MemoryUsage of job (MB)
	0  -  ResidentSetSize of job (KB)
...
005 (8914343.000.000) 12/10 23:43:12 Job terminated.
	(1) Normal termination (return value 1)
		Usr 0 00:00:00, Sys 0 00:00:00  -  Run Remote Usage
		Usr 0 00:00:00, Sys 0 00:00:00  -  Run Local Usage
		Usr 0 00:00:00, Sys 0 00:00:00  -  Total Remote Usage
		Usr 0 00:00:00, Sys 0 00:00:00  -  Total Local Usage
	0  -  Run Bytes Sent By Job
	0  -  Run Bytes Received By Job
	0  -  Total Bytes Sent By Job
	0  -  Total Bytes Received By Job
	Partitionable Resources :    Usage  Request Allocated
	   Cpus                 :                 1         1
	   Disk (KB)            :        1        1  13386734
	   Memory (MB)          :        0        1      6441
...
000 (8914505.000.000) 12/10 23:49:47 Job submitted from host: <10.10.48.31:12542?addrs=10.10.48.31-12542>
...
001 (8914505.000.000) 12/10 23:50:52 Job executing on host: <10.10.48.39:23238?addrs=10.10.48.39-23238>
...
006 (8914505.000.000) 12/10 23:51:01 Image size of job updated: 1
	2  -  MemoryUsage of job (MB)
	1812  -  ResidentSetSize of job (KB)
...
006 (8914505.000.000) 12/10 23:56:02 Image size of job updated: 192592
	38  -  MemoryUsage of job (MB)
	38812  -  ResidentSetSize of job (KB)
...
005 (8914505.000.000) 12/10 23:56:53 Job terminated.
	(1) Normal termination (return value 0)
		Usr 0 00:03:08, Sys 0 00:00:03  -  Run Remote Usage
		Usr 0 00:00:00, Sys 0 00:00:00  -  Run Local Usage
		Usr 0 00:03:08, Sys 0 00:00:03  -  Total Remote Usage
		Usr 0 00:00:00, Sys 0 00:00:00  -  Total Local Usage
	0  -  Run Bytes Sent By Job
	0  -  Run Bytes Received By Job
	0  -  Total Bytes Sent By Job
	0  -  Total Bytes Received By Job
	Partitionable Resources :    Usage  Request Allocated
	   Cpus                 :                 1         1
	   Disk (KB)            :        1        1  16725981
	   Memory (MB)          :       38        1      4023
...
000 (8914667.000.000) 12/11 16:49:06 Job submitted from host: <10.10.48.31:12542?addrs=10.10.48.31-12542>
...
001 (8914667.000.000) 12/11 16:49:11 Job executing on host: <10.10.48.139:49429?addrs=10.10.48.139-49429>
...
006 (8914667.000.000) 12/11 16:49:20 Image size of job updated: 185916
	32  -  MemoryUsage of job (MB)
	32564  -  ResidentSetSize of job (KB)
...
006 (8914667.000.000) 12/11 16:54:21 Image size of job updated: 192604
	38  -  MemoryUsage of job (MB)
	38744  -  ResidentSetSize of job (KB)
...
005 (8914667.000.000) 12/11 16:55:55 Job terminated.
	(1) Normal termination (return value 0)
		Usr 0 00:03:58, Sys 0 00:00:04  -  Run Remote Usage
		Usr 0 00:00:00, Sys 0 00:00:00  -  Run Local Usage
		Usr 0 00:03:58, Sys 0 00:00:04  -  Total Remote Usage
		Usr 0 00:00:00, Sys 0 00:00:00  -  Total Local Usage
	0  -  Run Bytes Sent By Job
	0  -  Run Bytes Received By Job
	0  -  Total Bytes Sent By Job
	0  -  Total Bytes Received By Job
	Partitionable Resources :    Usage  Request Allocated
	   Cpus                 :                 1         1
	   Disk (KB)            :        1        1  13385137
	   Memory (MB)          :       38        1      6441
...
000 (8915429.000.000) 12/11 17:18:26 Job submitted from host: <10.10.48.31:12542?addrs=10.10.48.31-12542>
...
001 (8915429.000.000) 12/11 17:19:28 Job executing on host: <10.10.48.146:51717?addrs=10.10.48.146-51717>
...
006 (8915429.000.000) 12/11 17:19:37 Image size of job updated: 192396
	40  -  MemoryUsage of job (MB)
	40224  -  ResidentSetSize of job (KB)
...
006 (8915429.000.000) 12/11 17:23:21 Image size of job updated: 192608
	40  -  MemoryUsage of job (MB)
	40224  -  ResidentSetSize of job (KB)
...
005 (8915429.000.000) 12/11 17:23:21 Job terminated.
	(1) Normal termination (return value 0)
		Usr 0 00:03:17, Sys 0 00:00:03  -  Run Remote Usage
		Usr 0 00:00:00, Sys 0 00:00:00  -  Run Local Usage
		Usr 0 00:03:17, Sys 0 00:00:03  -  Total Remote Usage
		Usr 0 00:00:00, Sys 0 00:00:00  -  Total Local Usage
	0  -  Run Bytes Sent By Job
	0  -  Run Bytes Received By Job
	0  -  Total Bytes Sent By Job
	0  -  Total Bytes Received By Job
	Partitionable Resources :    Usage  Request Allocated
	   Cpus                 :                 1         1
	   Disk (KB)            :        1        1  13347858
	   Memory (MB)          :       40        1      6441
...
000 (8915591.000.000) 12/11 22:47:35 Job submitted from host: <10.10.48.31:12542?addrs=10.10.48.31-12542>
...
001 (8915591.000.000) 12/11 22:47:42 Job executing on host: <10.10.48.35:61041?addrs=10.10.48.35-61041>
...
006 (8915591.000.000) 12/11 22:47:51 Image size of job updated: 180388
	30  -  MemoryUsage of job (MB)
	30664  -  ResidentSetSize of job (KB)
...
006 (8915591.000.000) 12/11 22:51:53 Image size of job updated: 193076
	30  -  MemoryUsage of job (MB)
	30664  -  ResidentSetSize of job (KB)
...
005 (8915591.000.000) 12/11 22:51:53 Job terminated.
	(1) Normal termination (return value 0)
		Usr 0 00:02:04, Sys 0 00:00:02  -  Run Remote Usage
		Usr 0 00:00:00, Sys 0 00:00:00  -  Run Local Usage
		Usr 0 00:02:04, Sys 0 00:00:02  -  Total Remote Usage
		Usr 0 00:00:00, Sys 0 00:00:00  -  Total Local Usage
	0  -  Run Bytes Sent By Job
	0  -  Run Bytes Received By Job
	0  -  Total Bytes Sent By Job
	0  -  Total Bytes Received By Job
	Partitionable Resources :    Usage  Request Allocated
	   Cpus                 :                 1         1
	   Disk (KB)            :        1        1  16721100
	   Memory (MB)          :       30        1      4023
...
000 (8915723.000.000) 12/11 22:58:14 Job submitted from host: <10.10.48.31:12542?addrs=10.10.48.31-12542>
...
001 (8915723.000.000) 12/11 22:58:15 Job executing on host: <10.10.48.41:20766?addrs=10.10.48.41-20766>
...
006 (8915723.000.000) 12/11 22:58:24 Image size of job updated: 190892
	37  -  MemoryUsage of job (MB)
	37620  -  ResidentSetSize of job (KB)
...
006 (8915723.000.000) 12/11 23:00:23 Image size of job updated: 192512
	37  -  MemoryUsage of job (MB)
	37620  -  ResidentSetSize of job (KB)
...
005 (8915723.000.000) 12/11 23:00:23 Job terminated.
	(1) Normal termination (return value 0)
		Usr 0 00:01:27, Sys 0 00:00:01  -  Run Remote Usage
		Usr 0 00:00:00, Sys 0 00:00:00  -  Run Local Usage
		Usr 0 00:01:27, Sys 0 00:00:01  -  Total Remote Usage
		Usr 0 00:00:00, Sys 0 00:00:00  -  Total Local Usage
	0  -  Run Bytes Sent By Job
	0  -  Run Bytes Received By Job
	0  -  Total Bytes Sent By Job
	0  -  Total Bytes Received By Job
	Partitionable Resources :    Usage  Request Allocated
	   Cpus                 :                 1         1
	   Disk (KB)            :        1        1  16725236
	   Memory (MB)          :       37        1      4023
...
000 (8915855.000.000) 12/11 23:09:31 Job submitted from host: <10.10.48.31:12542?addrs=10.10.48.31-12542>
...
001 (8915855.000.000) 12/11 23:09:39 Job executing on host: <10.10.48.43:4900?addrs=10.10.48.43-4900>
...
006 (8915855.000.000) 12/11 23:09:47 Image size of job updated: 179448
	29  -  MemoryUsage of job (MB)
	29220  -  ResidentSetSize of job (KB)
...
006 (8915855.000.000) 12/11 23:14:37 Image size of job updated: 193044
	29  -  MemoryUsage of job (MB)
	29220  -  ResidentSetSize of job (KB)
...
005 (8915855.000.000) 12/11 23:14:37 Job terminated.
	(1) Normal termination (return value 1)
		Usr 0 00:02:13, Sys 0 00:00:03  -  Run Remote Usage
		Usr 0 00:00:00, Sys 0 00:00:00  -  Run Local Usage
		Usr 0 00:02:13, Sys 0 00:00:03  -  Total Remote Usage
		Usr 0 00:00:00, Sys 0 00:00:00  -  Total Local Usage
	0  -  Run Bytes Sent By Job
	0  -  Run Bytes Received By Job
	0  -  Total Bytes Sent By Job
	0  -  Total Bytes Received By Job
	Partitionable Resources :    Usage  Request Allocated
	   Cpus                 :                 1         1
	   Disk (KB)            :        1        1  16728029
	   Memory (MB)          :       29        1      4023
...
000 (8916017.000.000) 12/11 23:22:49 Job submitted from host: <10.10.48.31:12542?addrs=10.10.48.31-12542>
...
001 (8916017.000.000) 12/11 23:22:50 Job executing on host: <10.10.48.141:50603?addrs=10.10.48.141-50603>
...
006 (8916017.000.000) 12/11 23:22:59 Image size of job updated: 185392
	32  -  MemoryUsage of job (MB)
	31868  -  ResidentSetSize of job (KB)
...
006 (8916017.000.000) 12/11 23:27:59 Image size of job updated: 193020
	38  -  MemoryUsage of job (MB)
	38332  -  ResidentSetSize of job (KB)
...
005 (8916017.000.000) 12/11 23:29:52 Job terminated.
	(1) Normal termination (return value 0)
		Usr 0 00:01:43, Sys 0 00:00:02  -  Run Remote Usage
		Usr 0 00:00:00, Sys 0 00:00:00  -  Run Local Usage
		Usr 0 00:01:43, Sys 0 00:00:02  -  Total Remote Usage
		Usr 0 00:00:00, Sys 0 00:00:00  -  Total Local Usage
	0  -  Run Bytes Sent By Job
	0  -  Run Bytes Received By Job
	0  -  Total Bytes Sent By Job
	0  -  Total Bytes Received By Job
	Partitionable Resources :    Usage  Request Allocated
	   Cpus                 :                 1         1
	   Disk (KB)            :        1        1  13376493
	   Memory (MB)          :       38        1      6441
...
000 (8916180.000.000) 12/12 14:24:15 Job submitted from host: <10.10.48.31:12542?addrs=10.10.48.31-12542>
...
001 (8916180.000.000) 12/12 14:24:18 Job executing on host: <10.10.48.141:50603?addrs=10.10.48.141-50603>
...
006 (8916180.000.000) 12/12 14:24:26 Image size of job updated: 1
	2  -  MemoryUsage of job (MB)
	1868  -  ResidentSetSize of job (KB)
...
006 (8916180.000.000) 12/12 14:28:50 Image size of job updated: 192912
	2  -  MemoryUsage of job (MB)
	1868  -  ResidentSetSize of job (KB)
...
005 (8916180.000.000) 12/12 14:28:50 Job terminated.
	(1) Normal termination (return value 0)
		Usr 0 00:00:53, Sys 0 00:00:01  -  Run Remote Usage
		Usr 0 00:00:00, Sys 0 00:00:00  -  Run Local Usage
		Usr 0 00:00:53, Sys 0 00:00:01  -  Total Remote Usage
		Usr 0 00:00:00, Sys 0 00:00:00  -  Total Local Usage
	0  -  Run Bytes Sent By Job
	0  -  Run Bytes Received By Job
	0  -  Total Bytes Sent By Job
	0  -  Total Bytes Received By Job
	Partitionable Resources :    Usage  Request Allocated
	   Cpus                 :                 1         1
	   Disk (KB)            :        1        1  13376559
	   Memory (MB)          :        2        1      6441
...
000 (9637236.000.000) 02/27 16:02:36 Job submitted from host: <10.10.48.31:15410?addrs=10.10.48.31-15410>
...
001 (9637236.000.000) 02/27 16:02:38 Job executing on host: <10.10.48.40:16453?addrs=10.10.48.40-16453>
...
006 (9637236.000.000) 02/27 16:02:47 Image size of job updated: 185872
	34  -  MemoryUsage of job (MB)
	33868  -  ResidentSetSize of job (KB)
...
006 (9637236.000.000) 02/27 16:07:47 Image size of job updated: 192632
	39  -  MemoryUsage of job (MB)
	39708  -  ResidentSetSize of job (KB)
...
006 (9637236.000.000) 02/27 16:10:42 Image size of job updated: 192636
	39  -  MemoryUsage of job (MB)
	39708  -  ResidentSetSize of job (KB)
...
005 (9637236.000.000) 02/27 16:10:42 Job terminated.
	(1) Normal termination (return value 0)
		Usr 0 00:00:33, Sys 0 00:00:00  -  Run Remote Usage
		Usr 0 00:00:00, Sys 0 00:00:00  -  Run Local Usage
		Usr 0 00:00:33, Sys 0 00:00:00  -  Total Remote Usage
		Usr 0 00:00:00, Sys 0 00:00:00  -  Total Local Usage
	0  -  Run Bytes Sent By Job
	0  -  Run Bytes Received By Job
	0  -  Total Bytes Sent By Job
	0  -  Total Bytes Received By Job
	Partitionable Resources :    Usage  Request Allocated
	   Cpus                 :                 1         1
	   Disk (KB)            :        1        1  16720868
	   Memory (MB)          :       39        1      4023
...
000 (9643806.000.000) 02/27 20:47:23 Job submitted from host: <10.10.48.31:15410?addrs=10.10.48.31-15410>
...
001 (9643806.000.000) 02/27 20:47:24 Job executing on host: <10.10.48.140:16345?addrs=10.10.48.140-16345>
...
006 (9643806.000.000) 02/27 20:47:26 Image size of job updated: 1
	0  -  MemoryUsage of job (MB)
	0  -  ResidentSetSize of job (KB)
...
005 (9643806.000.000) 02/27 20:47:26 Job terminated.
	(1) Normal termination (return value 2)
		Usr 0 00:00:00, Sys 0 00:00:00  -  Run Remote Usage
		Usr 0 00:00:00, Sys 0 00:00:00  -  Run Local Usage
		Usr 0 00:00:00, Sys 0 00:00:00  -  Total Remote Usage
		Usr 0 00:00:00, Sys 0 00:00:00  -  Total Local Usage
	0  -  Run Bytes Sent By Job
	0  -  Run Bytes Received By Job
	0  -  Total Bytes Sent By Job
	0  -  Total Bytes Received By Job
	Partitionable Resources :    Usage  Request Allocated
	   Cpus                 :                 1         1
	   Disk (KB)            :        1        1  13384715
	   Memory (MB)          :        0        1      6441
...
