000 (9637403.000.000) 02/27 16:06:40 Job submitted from host: <10.10.48.31:15410?addrs=10.10.48.31-15410>
...
001 (9637403.000.000) 02/27 16:06:42 Job executing on host: <10.10.48.44:50179?addrs=10.10.48.44-50179>
...
006 (9637403.000.000) 02/27 16:06:50 Image size of job updated: 185604
	32  -  MemoryUsage of job (MB)
	32592  -  ResidentSetSize of job (KB)
...
006 (9637403.000.000) 02/27 16:11:50 Image size of job updated: 192616
	38  -  MemoryUsage of job (MB)
	38680  -  ResidentSetSize of job (KB)
...
006 (9637403.000.000) 02/27 16:13:56 Image size of job updated: 192624
	38  -  MemoryUsage of job (MB)
	38680  -  ResidentSetSize of job (KB)
...
005 (9637403.000.000) 02/27 16:13:56 Job terminated.
	(1) Normal termination (return value 0)
		Usr 0 00:01:10, Sys 0 00:00:01  -  Run Remote Usage
		Usr 0 00:00:00, Sys 0 00:00:00  -  Run Local Usage
		Usr 0 00:01:10, Sys 0 00:00:01  -  Total Remote Usage
		Usr 0 00:00:00, Sys 0 00:00:00  -  Total Local Usage
	0  -  Run Bytes Sent By Job
	0  -  Run Bytes Received By Job
	0  -  Total Bytes Sent By Job
	0  -  Total Bytes Received By Job
	Partitionable Resources :    Usage  Request Allocated
	   Cpus                 :                 1         1
	   Disk (KB)            :        1        1  16726966
	   Memory (MB)          :       38        1      4023
...
000 (9643903.000.000) 02/27 20:47:39 Job submitted from host: <10.10.48.31:15410?addrs=10.10.48.31-15410>
...
001 (9643903.000.000) 02/27 20:47:40 Job executing on host: <10.10.48.143:56523?addrs=10.10.48.143-56523>
...
006 (9643903.000.000) 02/27 20:47:41 Image size of job updated: 252252
	0  -  MemoryUsage of job (MB)
	0  -  ResidentSetSize of job (KB)
...
005 (9643903.000.000) 02/27 20:47:41 Job terminated.
	(1) Normal termination (return value 3)
		Usr 0 00:00:00, Sys 0 00:00:00  -  Run Remote Usage
		Usr 0 00:00:00, Sys 0 00:00:00  -  Run Local Usage
		Usr 0 00:00:00, Sys 0 00:00:00  -  Total Remote Usage
		Usr 0 00:00:00, Sys 0 00:00:00  -  Total Local Usage
	0  -  Run Bytes Sent By Job
	0  -  Run Bytes Received By Job
	0  -  Total Bytes Sent By Job
	0  -  Total Bytes Received By Job
	Partitionable Resources :    Usage  Request Allocated
	   Cpus                 :                 1         1
	   Disk (KB)            :        1        1  13384526
	   Memory (MB)          :        0        1      6441
...
