000 (8914382.000.000) 12/10 23:43:08 Job submitted from host: <10.10.48.31:12542?addrs=10.10.48.31-12542>
...
001 (8914382.000.000) 12/10 23:44:16 Job executing on host: <10.10.48.35:61041?addrs=10.10.48.35-61041>
...
006 (8914382.000.000) 12/10 23:44:16 Image size of job updated: 167744
	0  -  MemoryUsage of job (MB)
	0  -  ResidentSetSize of job (KB)
...
005 (8914382.000.000) 12/10 23:44:16 Job terminated.
	(1) Normal termination (return value 1)
		Usr 0 00:00:00, Sys 0 00:00:00  -  Run Remote Usage
		Usr 0 00:00:00, Sys 0 00:00:00  -  Run Local Usage
		Usr 0 00:00:00, Sys 0 00:00:00  -  Total Remote Usage
		Usr 0 00:00:00, Sys 0 00:00:00  -  Total Local Usage
	0  -  Run Bytes Sent By Job
	0  -  Run Bytes Received By Job
	0  -  Total Bytes Sent By Job
	0  -  Total Bytes Received By Job
	Partitionable Resources :    Usage  Request Allocated
	   Cpus                 :                 1         1
	   Disk (KB)            :        1        1  16721124
	   Memory (MB)          :        0        1      4023
...
000 (8914544.000.000) 12/10 23:51:42 Job submitted from host: <10.10.48.31:12542?addrs=10.10.48.31-12542>
...
001 (8914544.000.000) 12/10 23:52:41 Job executing on host: <10.10.48.43:4900?addrs=10.10.48.43-4900>
...
006 (8914544.000.000) 12/10 23:52:49 Image size of job updated: 1
	2  -  MemoryUsage of job (MB)
	1812  -  ResidentSetSize of job (KB)
...
006 (8914544.000.000) 12/10 23:54:13 Image size of job updated: 192428
	2  -  MemoryUsage of job (MB)
	1812  -  ResidentSetSize of job (KB)
...
005 (8914544.000.000) 12/10 23:54:13 Job terminated.
	(1) Normal termination (return value 0)
		Usr 0 00:00:36, Sys 0 00:00:00  -  Run Remote Usage
		Usr 0 00:00:00, Sys 0 00:00:00  -  Run Local Usage
		Usr 0 00:00:36, Sys 0 00:00:00  -  Total Remote Usage
		Usr 0 00:00:00, Sys 0 00:00:00  -  Total Local Usage
	0  -  Run Bytes Sent By Job
	0  -  Run Bytes Received By Job
	0  -  Total Bytes Sent By Job
	0  -  Total Bytes Received By Job
	Partitionable Resources :    Usage  Request Allocated
	   Cpus                 :                 1         1
	   Disk (KB)            :        1        1  16728116
	   Memory (MB)          :        2        1      4023
...
000 (8914706.000.000) 12/11 16:50:51 Job submitted from host: <10.10.48.31:12542?addrs=10.10.48.31-12542>
...
001 (8914706.000.000) 12/11 16:51:00 Job executing on host: <10.10.48.41:20766?addrs=10.10.48.41-20766>
...
006 (8914706.000.000) 12/11 16:51:08 Image size of job updated: 185580
	32  -  MemoryUsage of job (MB)
	32400  -  ResidentSetSize of job (KB)
...
006 (8914706.000.000) 12/11 16:52:38 Image size of job updated: 192432
	32  -  MemoryUsage of job (MB)
	32400  -  ResidentSetSize of job (KB)
...
005 (8914706.000.000) 12/11 16:52:38 Job terminated.
	(1) Normal termination (return value 0)
		Usr 0 00:00:38, Sys 0 00:00:00  -  Run Remote Usage
		Usr 0 00:00:00, Sys 0 00:00:00  -  Run Local Usage
		Usr 0 00:00:38, Sys 0 00:00:00  -  Total Remote Usage
		Usr 0 00:00:00, Sys 0 00:00:00  -  Total Local Usage
	0  -  Run Bytes Sent By Job
	0  -  Run Bytes Received By Job
	0  -  Total Bytes Sent By Job
	0  -  Total Bytes Received By Job
	Partitionable Resources :    Usage  Request Allocated
	   Cpus                 :                 1         1
	   Disk (KB)            :        1        1  16725265
	   Memory (MB)          :       32        1      4023
...
000 (8915468.000.000) 12/11 17:19:36 Job submitted from host: <10.10.48.31:12542?addrs=10.10.48.31-12542>
...
001 (8915468.000.000) 12/11 17:20:11 Job executing on host: <10.10.48.33:59750?addrs=10.10.48.33-59750>
...
006 (8915468.000.000) 12/11 17:20:19 Image size of job updated: 192452
	38  -  MemoryUsage of job (MB)
	38296  -  ResidentSetSize of job (KB)
...
006 (8915468.000.000) 12/11 17:20:52 Image size of job updated: 192476
	38  -  MemoryUsage of job (MB)
	38296  -  ResidentSetSize of job (KB)
...
005 (8915468.000.000) 12/11 17:20:52 Job terminated.
	(1) Normal termination (return value 0)
		Usr 0 00:00:25, Sys 0 00:00:00  -  Run Remote Usage
		Usr 0 00:00:00, Sys 0 00:00:00  -  Run Local Usage
		Usr 0 00:00:25, Sys 0 00:00:00  -  Total Remote Usage
		Usr 0 00:00:00, Sys 0 00:00:00  -  Total Local Usage
	0  -  Run Bytes Sent By Job
	0  -  Run Bytes Received By Job
	0  -  Total Bytes Sent By Job
	0  -  Total Bytes Received By Job
	Partitionable Resources :    Usage  Request Allocated
	   Cpus                 :                 1         1
	   Disk (KB)            :        1        1  16723661
	   Memory (MB)          :       38        1      4023
...
000 (8915894.000.000) 12/11 23:10:55 Job submitted from host: <10.10.48.31:12542?addrs=10.10.48.31-12542>
...
001 (8915894.000.000) 12/11 23:10:56 Job executing on host: <10.10.48.41:20766?addrs=10.10.48.41-20766>
...
006 (8915894.000.000) 12/11 23:11:04 Image size of job updated: 184908
	33  -  MemoryUsage of job (MB)
	33284  -  ResidentSetSize of job (KB)
...
006 (8915894.000.000) 12/11 23:13:04 Image size of job updated: 192828
	33  -  MemoryUsage of job (MB)
	33284  -  ResidentSetSize of job (KB)
...
005 (8915894.000.000) 12/11 23:13:04 Job terminated.
	(1) Normal termination (return value 1)
		Usr 0 00:00:25, Sys 0 00:00:00  -  Run Remote Usage
		Usr 0 00:00:00, Sys 0 00:00:00  -  Run Local Usage
		Usr 0 00:00:25, Sys 0 00:00:00  -  Total Remote Usage
		Usr 0 00:00:00, Sys 0 00:00:00  -  Total Local Usage
	0  -  Run Bytes Sent By Job
	0  -  Run Bytes Received By Job
	0  -  Total Bytes Sent By Job
	0  -  Total Bytes Received By Job
	Partitionable Resources :    Usage  Request Allocated
	   Cpus                 :                 1         1
	   Disk (KB)            :        1        1  16725205
	   Memory (MB)          :       33        1      4023
...
000 (8916056.000.000) 12/11 23:23:11 Job submitted from host: <10.10.48.31:12542?addrs=10.10.48.31-12542>
...
001 (8916056.000.000) 12/11 23:23:21 Job executing on host: <10.10.48.141:50603?addrs=10.10.48.141-50603>
...
006 (8916056.000.000) 12/11 23:23:30 Image size of job updated: 192796
	38  -  MemoryUsage of job (MB)
	37932  -  ResidentSetSize of job (KB)
...
006 (8916056.000.000) 12/11 23:24:38 Image size of job updated: 192952
	38  -  MemoryUsage of job (MB)
	37932  -  ResidentSetSize of job (KB)
...
005 (8916056.000.000) 12/11 23:24:38 Job terminated.
	(1) Normal termination (return value 0)
		Usr 0 00:00:20, Sys 0 00:00:00  -  Run Remote Usage
		Usr 0 00:00:00, Sys 0 00:00:00  -  Run Local Usage
		Usr 0 00:00:20, Sys 0 00:00:00  -  Total Remote Usage
		Usr 0 00:00:00, Sys 0 00:00:00  -  Total Local Usage
	0  -  Run Bytes Sent By Job
	0  -  Run Bytes Received By Job
	0  -  Total Bytes Sent By Job
	0  -  Total Bytes Received By Job
	Partitionable Resources :    Usage  Request Allocated
	   Cpus                 :                 1         1
	   Disk (KB)            :        1        1  13376493
	   Memory (MB)          :       38        1      6441
...
