000 (9637427.000.000) 02/27 16:08:17 Job submitted from host: <10.10.48.31:15410?addrs=10.10.48.31-15410>
...
001 (9637427.000.000) 02/27 16:08:28 Job executing on host: <10.10.48.140:16345?addrs=10.10.48.140-16345>
...
006 (9637427.000.000) 02/27 16:08:38 Image size of job updated: 1
	2  -  MemoryUsage of job (MB)
	1872  -  ResidentSetSize of job (KB)
...
006 (9637427.000.000) 02/27 16:13:38 Image size of job updated: 190924
	38  -  MemoryUsage of job (MB)
	38016  -  ResidentSetSize of job (KB)
...
005 (9637427.000.000) 02/27 16:13:52 Job terminated.
	(1) Normal termination (return value 0)
		Usr 0 00:00:06, Sys 0 00:00:00  -  Run Remote Usage
		Usr 0 00:00:00, Sys 0 00:00:00  -  Run Local Usage
		Usr 0 00:00:06, Sys 0 00:00:00  -  Total Remote Usage
		Usr 0 00:00:00, Sys 0 00:00:00  -  Total Local Usage
	0  -  Run Bytes Sent By Job
	0  -  Run Bytes Received By Job
	0  -  Total Bytes Sent By Job
	0  -  Total Bytes Received By Job
	Partitionable Resources :    Usage  Request Allocated
	   Cpus                 :                 1         1
	   Disk (KB)            :        1        1  13384818
	   Memory (MB)          :       38        1      6441
...
000 (9643915.000.000) 02/27 20:47:41 Job submitted from host: <10.10.48.31:15410?addrs=10.10.48.31-15410>
...
001 (9643915.000.000) 02/27 20:47:42 Job executing on host: <10.10.48.143:56523?addrs=10.10.48.143-56523>
...
006 (9643915.000.000) 02/27 20:47:43 Image size of job updated: 230828
	0  -  MemoryUsage of job (MB)
	0  -  ResidentSetSize of job (KB)
...
005 (9643915.000.000) 02/27 20:47:43 Job terminated.
	(1) Normal termination (return value 0)
		Usr 0 00:00:00, Sys 0 00:00:00  -  Run Remote Usage
		Usr 0 00:00:00, Sys 0 00:00:00  -  Run Local Usage
		Usr 0 00:00:00, Sys 0 00:00:00  -  Total Remote Usage
		Usr 0 00:00:00, Sys 0 00:00:00  -  Total Local Usage
	0  -  Run Bytes Sent By Job
	0  -  Run Bytes Received By Job
	0  -  Total Bytes Sent By Job
	0  -  Total Bytes Received By Job
	Partitionable Resources :    Usage  Request Allocated
	   Cpus                 :                 1         1
	   Disk (KB)            :        1        1  13384575
	   Memory (MB)          :        0        1      6441
...
