000 (8914298.000.000) 12/10 23:42:50 Job submitted from host: <10.10.48.31:12542?addrs=10.10.48.31-12542>
...
001 (8914298.000.000) 12/10 23:42:55 Job executing on host: <10.10.48.35:61041?addrs=10.10.48.35-61041>
...
006 (8914298.000.000) 12/10 23:42:56 Image size of job updated: 113628
	0  -  MemoryUsage of job (MB)
	0  -  ResidentSetSize of job (KB)
...
005 (8914298.000.000) 12/10 23:42:56 Job terminated.
	(1) Normal termination (return value 1)
		Usr 0 00:00:00, Sys 0 00:00:00  -  Run Remote Usage
		Usr 0 00:00:00, Sys 0 00:00:00  -  Run Local Usage
		Usr 0 00:00:00, Sys 0 00:00:00  -  Total Remote Usage
		Usr 0 00:00:00, Sys 0 00:00:00  -  Total Local Usage
	0  -  Run Bytes Sent By Job
	0  -  Run Bytes Received By Job
	0  -  Total Bytes Sent By Job
	0  -  Total Bytes Received By Job
	Partitionable Resources :    Usage  Request Allocated
	   Cpus                 :                 1         1
	   Disk (KB)            :        1        1  16721137
	   Memory (MB)          :        0        1      4023
...
000 (8914460.000.000) 12/10 23:49:03 Job submitted from host: <10.10.48.31:12542?addrs=10.10.48.31-12542>
...
001 (8914460.000.000) 12/10 23:49:20 Job executing on host: <10.10.48.132:4924?addrs=10.10.48.132-4924>
...
006 (8914460.000.000) 12/10 23:49:28 Image size of job updated: 192264
	39  -  MemoryUsage of job (MB)
	39068  -  ResidentSetSize of job (KB)
...
006 (8914460.000.000) 12/10 23:49:50 Image size of job updated: 192520
	39  -  MemoryUsage of job (MB)
	39068  -  ResidentSetSize of job (KB)
...
005 (8914460.000.000) 12/10 23:49:50 Job terminated.
	(1) Normal termination (return value 0)
		Usr 0 00:00:11, Sys 0 00:00:00  -  Run Remote Usage
		Usr 0 00:00:00, Sys 0 00:00:00  -  Run Local Usage
		Usr 0 00:00:11, Sys 0 00:00:00  -  Total Remote Usage
		Usr 0 00:00:00, Sys 0 00:00:00  -  Total Local Usage
	0  -  Run Bytes Sent By Job
	0  -  Run Bytes Received By Job
	0  -  Total Bytes Sent By Job
	0  -  Total Bytes Received By Job
	Partitionable Resources :    Usage  Request Allocated
	   Cpus                 :                 1         1
	   Disk (KB)            :        1        1  13378013
	   Memory (MB)          :       39        1      6441
...
000 (8914622.000.000) 12/11 16:48:21 Job submitted from host: <10.10.48.31:12542?addrs=10.10.48.31-12542>
...
001 (8914622.000.000) 12/11 16:48:38 Job executing on host: <10.10.48.139:49429?addrs=10.10.48.139-49429>
...
006 (8914622.000.000) 12/11 16:48:46 Image size of job updated: 185848
	34  -  MemoryUsage of job (MB)
	34012  -  ResidentSetSize of job (KB)
...
006 (8914622.000.000) 12/11 16:49:29 Image size of job updated: 192572
	34  -  MemoryUsage of job (MB)
	34012  -  ResidentSetSize of job (KB)
...
005 (8914622.000.000) 12/11 16:49:29 Job terminated.
	(1) Normal termination (return value 0)
		Usr 0 00:00:16, Sys 0 00:00:00  -  Run Remote Usage
		Usr 0 00:00:00, Sys 0 00:00:00  -  Run Local Usage
		Usr 0 00:00:16, Sys 0 00:00:00  -  Total Remote Usage
		Usr 0 00:00:00, Sys 0 00:00:00  -  Total Local Usage
	0  -  Run Bytes Sent By Job
	0  -  Run Bytes Received By Job
	0  -  Total Bytes Sent By Job
	0  -  Total Bytes Received By Job
	Partitionable Resources :    Usage  Request Allocated
	   Cpus                 :                 1         1
	   Disk (KB)            :        1        1  13385137
	   Memory (MB)          :       34        1      6441
...
000 (8915384.000.000) 12/11 17:17:51 Job submitted from host: <10.10.48.31:12542?addrs=10.10.48.31-12542>
...
001 (8915384.000.000) 12/11 17:18:04 Job executing on host: <10.10.48.33:59750?addrs=10.10.48.33-59750>
...
006 (8915384.000.000) 12/11 17:18:12 Image size of job updated: 185764
	33  -  MemoryUsage of job (MB)
	33632  -  ResidentSetSize of job (KB)
...
006 (8915384.000.000) 12/11 17:18:27 Image size of job updated: 192480
	33  -  MemoryUsage of job (MB)
	33632  -  ResidentSetSize of job (KB)
...
005 (8915384.000.000) 12/11 17:18:27 Job terminated.
	(1) Normal termination (return value 0)
		Usr 0 00:00:08, Sys 0 00:00:00  -  Run Remote Usage
		Usr 0 00:00:00, Sys 0 00:00:00  -  Run Local Usage
		Usr 0 00:00:08, Sys 0 00:00:00  -  Total Remote Usage
		Usr 0 00:00:00, Sys 0 00:00:00  -  Total Local Usage
	0  -  Run Bytes Sent By Job
	0  -  Run Bytes Received By Job
	0  -  Total Bytes Sent By Job
	0  -  Total Bytes Received By Job
	Partitionable Resources :    Usage  Request Allocated
	   Cpus                 :                 1         1
	   Disk (KB)            :        1        1  16723661
	   Memory (MB)          :       33        1      4023
...
000 (8915546.000.000) 12/11 22:46:57 Job submitted from host: <10.10.48.31:12542?addrs=10.10.48.31-12542>
...
001 (8915546.000.000) 12/11 22:47:13 Job executing on host: <10.10.48.139:49429?addrs=10.10.48.139-49429>
...
006 (8915546.000.000) 12/11 22:47:21 Image size of job updated: 180392
	30  -  MemoryUsage of job (MB)
	30692  -  ResidentSetSize of job (KB)
...
006 (8915546.000.000) 12/11 22:52:21 Image size of job updated: 192736
	40  -  MemoryUsage of job (MB)
	40648  -  ResidentSetSize of job (KB)
...
000 (8915678.000.000) 12/11 22:57:03 Job submitted from host: <10.10.48.31:12542?addrs=10.10.48.31-12542>
...
001 (8915678.000.000) 12/11 22:57:20 Job executing on host: <10.10.48.139:49429?addrs=10.10.48.139-49429>
...
006 (8915546.000.000) 12/11 22:57:22 Image size of job updated: 193412
	41  -  MemoryUsage of job (MB)
	41704  -  ResidentSetSize of job (KB)
...
006 (8915678.000.000) 12/11 22:57:28 Image size of job updated: 180384
	29  -  MemoryUsage of job (MB)
	29004  -  ResidentSetSize of job (KB)
...
006 (8915546.000.000) 12/11 23:02:23 Image size of job updated: 194736
	48  -  MemoryUsage of job (MB)
	48380  -  ResidentSetSize of job (KB)
...
006 (8915678.000.000) 12/11 23:02:28 Image size of job updated: 200744
	46  -  MemoryUsage of job (MB)
	46792  -  ResidentSetSize of job (KB)
...
006 (8915546.000.000) 12/11 23:04:04 Image size of job updated: 194868
	48  -  MemoryUsage of job (MB)
	48380  -  ResidentSetSize of job (KB)
...
005 (8915546.000.000) 12/11 23:04:04 Job terminated.
	(1) Normal termination (return value 0)
		Usr 0 00:11:04, Sys 0 00:00:11  -  Run Remote Usage
		Usr 0 00:00:00, Sys 0 00:00:00  -  Run Local Usage
		Usr 0 00:11:04, Sys 0 00:00:11  -  Total Remote Usage
		Usr 0 00:00:00, Sys 0 00:00:00  -  Total Local Usage
	0  -  Run Bytes Sent By Job
	0  -  Run Bytes Received By Job
	0  -  Total Bytes Sent By Job
	0  -  Total Bytes Received By Job
	Partitionable Resources :    Usage  Request Allocated
	   Cpus                 :                 1         1
	   Disk (KB)            :        1        1  13385104
	   Memory (MB)          :       48        1      6441
...
006 (8915678.000.000) 12/11 23:06:05 Image size of job updated: 209240
	46  -  MemoryUsage of job (MB)
	46792  -  ResidentSetSize of job (KB)
...
005 (8915678.000.000) 12/11 23:06:05 Job terminated.
	(1) Normal termination (return value 0)
		Usr 0 00:08:34, Sys 0 00:00:06  -  Run Remote Usage
		Usr 0 00:00:00, Sys 0 00:00:00  -  Run Local Usage
		Usr 0 00:08:34, Sys 0 00:00:06  -  Total Remote Usage
		Usr 0 00:00:00, Sys 0 00:00:00  -  Total Local Usage
	0  -  Run Bytes Sent By Job
	0  -  Run Bytes Received By Job
	0  -  Total Bytes Sent By Job
	0  -  Total Bytes Received By Job
	Partitionable Resources :    Usage  Request Allocated
	   Cpus                 :                 1         1
	   Disk (KB)            :        1        1  13385065
	   Memory (MB)          :       46        1      6441
...
000 (8915810.000.000) 12/11 23:09:06 Job submitted from host: <10.10.48.31:12542?addrs=10.10.48.31-12542>
...
001 (8915810.000.000) 12/11 23:09:24 Job executing on host: <10.10.48.139:49429?addrs=10.10.48.139-49429>
...
006 (8915810.000.000) 12/11 23:09:33 Image size of job updated: 186784
	33  -  MemoryUsage of job (MB)
	33436  -  ResidentSetSize of job (KB)
...
006 (8915810.000.000) 12/11 23:10:07 Image size of job updated: 192828
	33  -  MemoryUsage of job (MB)
	33436  -  ResidentSetSize of job (KB)
...
005 (8915810.000.000) 12/11 23:10:07 Job terminated.
	(1) Normal termination (return value 1)
		Usr 0 00:00:06, Sys 0 00:00:00  -  Run Remote Usage
		Usr 0 00:00:00, Sys 0 00:00:00  -  Run Local Usage
		Usr 0 00:00:06, Sys 0 00:00:00  -  Total Remote Usage
		Usr 0 00:00:00, Sys 0 00:00:00  -  Total Local Usage
	0  -  Run Bytes Sent By Job
	0  -  Run Bytes Received By Job
	0  -  Total Bytes Sent By Job
	0  -  Total Bytes Received By Job
	Partitionable Resources :    Usage  Request Allocated
	   Cpus                 :                 1         1
	   Disk (KB)            :        1        1  13385058
	   Memory (MB)          :       33        1      6441
...
000 (8915972.000.000) 12/11 23:22:25 Job submitted from host: <10.10.48.31:12542?addrs=10.10.48.31-12542>
...
001 (8915972.000.000) 12/11 23:22:43 Job executing on host: <10.10.48.139:49429?addrs=10.10.48.139-49429>
...
006 (8915972.000.000) 12/11 23:22:51 Image size of job updated: 192644
	37  -  MemoryUsage of job (MB)
	37312  -  ResidentSetSize of job (KB)
...
006 (8915972.000.000) 12/11 23:22:52 Image size of job updated: 192688
	37  -  MemoryUsage of job (MB)
	37312  -  ResidentSetSize of job (KB)
...
005 (8915972.000.000) 12/11 23:22:52 Job terminated.
	(1) Normal termination (return value 0)
		Usr 0 00:00:05, Sys 0 00:00:00  -  Run Remote Usage
		Usr 0 00:00:00, Sys 0 00:00:00  -  Run Local Usage
		Usr 0 00:00:05, Sys 0 00:00:00  -  Total Remote Usage
		Usr 0 00:00:00, Sys 0 00:00:00  -  Total Local Usage
	0  -  Run Bytes Sent By Job
	0  -  Run Bytes Received By Job
	0  -  Total Bytes Sent By Job
	0  -  Total Bytes Received By Job
	Partitionable Resources :    Usage  Request Allocated
	   Cpus                 :                 1         1
	   Disk (KB)            :        1        1  13385070
	   Memory (MB)          :       37        1      6441
...
000 (8916135.000.000) 12/12 14:23:34 Job submitted from host: <10.10.48.31:12542?addrs=10.10.48.31-12542>
...
001 (8916135.000.000) 12/12 14:23:50 Job executing on host: <10.10.48.139:49429?addrs=10.10.48.139-49429>
...
006 (8916135.000.000) 12/12 14:23:58 Image size of job updated: 179440
	28  -  MemoryUsage of job (MB)
	27852  -  ResidentSetSize of job (KB)
...
006 (8916135.000.000) 12/12 14:28:58 Image size of job updated: 257572
	93  -  MemoryUsage of job (MB)
	95112  -  ResidentSetSize of job (KB)
...
006 (8916135.000.000) 12/12 14:33:58 Image size of job updated: 480520
	283  -  MemoryUsage of job (MB)
	289024  -  ResidentSetSize of job (KB)
...
006 (8916135.000.000) 12/12 14:35:38 Image size of job updated: 573016
	283  -  MemoryUsage of job (MB)
	289024  -  ResidentSetSize of job (KB)
...
005 (8916135.000.000) 12/12 14:35:38 Job terminated.
	(1) Normal termination (return value 0)
		Usr 0 00:04:48, Sys 0 00:00:06  -  Run Remote Usage
		Usr 0 00:00:00, Sys 0 00:00:00  -  Run Local Usage
		Usr 0 00:04:48, Sys 0 00:00:06  -  Total Remote Usage
		Usr 0 00:00:00, Sys 0 00:00:00  -  Total Local Usage
	0  -  Run Bytes Sent By Job
	0  -  Run Bytes Received By Job
	0  -  Total Bytes Sent By Job
	0  -  Total Bytes Received By Job
	Partitionable Resources :    Usage  Request Allocated
	   Cpus                 :                 1         1
	   Disk (KB)            :        1        1  13385059
	   Memory (MB)          :      283        1      6441
...
000 (9637180.000.000) 02/27 16:01:36 Job submitted from host: <10.10.48.31:15410?addrs=10.10.48.31-15410>
...
001 (9637180.000.000) 02/27 16:01:49 Job executing on host: <10.10.48.39:38682?addrs=10.10.48.39-38682>
...
006 (9637180.000.000) 02/27 16:01:57 Image size of job updated: 176160
	30  -  MemoryUsage of job (MB)
	30208  -  ResidentSetSize of job (KB)
...
006 (9637180.000.000) 02/27 16:04:18 Image size of job updated: 185884
	30  -  MemoryUsage of job (MB)
	30208  -  ResidentSetSize of job (KB)
...
005 (9637180.000.000) 02/27 16:04:18 Job terminated.
	(1) Normal termination (return value 255)
		Usr 0 00:00:01, Sys 0 00:00:00  -  Run Remote Usage
		Usr 0 00:00:00, Sys 0 00:00:00  -  Run Local Usage
		Usr 0 00:00:01, Sys 0 00:00:00  -  Total Remote Usage
		Usr 0 00:00:00, Sys 0 00:00:00  -  Total Local Usage
	0  -  Run Bytes Sent By Job
	0  -  Run Bytes Received By Job
	0  -  Total Bytes Sent By Job
	0  -  Total Bytes Received By Job
	Partitionable Resources :    Usage  Request Allocated
	   Cpus                 :                 1         1
	   Disk (KB)            :        1        1  16725766
	   Memory (MB)          :       30        1      4023
...
000 (9643761.000.000) 02/27 20:47:13 Job submitted from host: <10.10.48.31:15410?addrs=10.10.48.31-15410>
...
001 (9643761.000.000) 02/27 20:47:16 Job executing on host: <10.10.48.134:39779?addrs=10.10.48.134-39779>
...
006 (9643761.000.000) 02/27 20:47:18 Image size of job updated: 252800
	0  -  MemoryUsage of job (MB)
	0  -  ResidentSetSize of job (KB)
...
005 (9643761.000.000) 02/27 20:47:19 Job terminated.
	(1) Normal termination (return value 1)
		Usr 0 00:00:01, Sys 0 00:00:00  -  Run Remote Usage
		Usr 0 00:00:00, Sys 0 00:00:00  -  Run Local Usage
		Usr 0 00:00:01, Sys 0 00:00:00  -  Total Remote Usage
		Usr 0 00:00:00, Sys 0 00:00:00  -  Total Local Usage
	0  -  Run Bytes Sent By Job
	0  -  Run Bytes Received By Job
	0  -  Total Bytes Sent By Job
	0  -  Total Bytes Received By Job
	Partitionable Resources :    Usage  Request Allocated
	   Cpus                 :                 1         1
	   Disk (KB)            :        1        1  13381656
	   Memory (MB)          :        0        1      6441
...
