000 (8914340.000.000) 12/10 23:43:01 Job submitted from host: <10.10.48.31:12542?addrs=10.10.48.31-12542>
...
001 (8914340.000.000) 12/10 23:43:10 Job executing on host: <10.10.48.133:42257?addrs=10.10.48.133-42257>
...
006 (8914340.000.000) 12/10 23:43:10 Image size of job updated: 172932
	0  -  MemoryUsage of job (MB)
	0  -  ResidentSetSize of job (KB)
...
005 (8914340.000.000) 12/10 23:43:11 Job terminated.
	(1) Normal termination (return value 1)
		Usr 0 00:00:00, Sys 0 00:00:00  -  Run Remote Usage
		Usr 0 00:00:00, Sys 0 00:00:00  -  Run Local Usage
		Usr 0 00:00:00, Sys 0 00:00:00  -  Total Remote Usage
		Usr 0 00:00:00, Sys 0 00:00:00  -  Total Local Usage
	0  -  Run Bytes Sent By Job
	0  -  Run Bytes Received By Job
	0  -  Total Bytes Sent By Job
	0  -  Total Bytes Received By Job
	Partitionable Resources :    Usage  Request Allocated
	   Cpus                 :                 1         1
	   Disk (KB)            :        1        1  13386734
	   Memory (MB)          :        0        1      6441
...
000 (8914502.000.000) 12/10 23:49:42 Job submitted from host: <10.10.48.31:12542?addrs=10.10.48.31-12542>
...
001 (8914502.000.000) 12/10 23:50:42 Job executing on host: <10.10.48.41:20766?addrs=10.10.48.41-20766>
...
006 (8914502.000.000) 12/10 23:50:50 Image size of job updated: 192440
	38  -  MemoryUsage of job (MB)
	38432  -  ResidentSetSize of job (KB)
...
006 (8914502.000.000) 12/10 23:51:49 Image size of job updated: 192560
	38  -  MemoryUsage of job (MB)
	38432  -  ResidentSetSize of job (KB)
...
005 (8914502.000.000) 12/10 23:51:49 Job terminated.
	(1) Normal termination (return value 0)
		Usr 0 00:00:30, Sys 0 00:00:00  -  Run Remote Usage
		Usr 0 00:00:00, Sys 0 00:00:00  -  Run Local Usage
		Usr 0 00:00:30, Sys 0 00:00:00  -  Total Remote Usage
		Usr 0 00:00:00, Sys 0 00:00:00  -  Total Local Usage
	0  -  Run Bytes Sent By Job
	0  -  Run Bytes Received By Job
	0  -  Total Bytes Sent By Job
	0  -  Total Bytes Received By Job
	Partitionable Resources :    Usage  Request Allocated
	   Cpus                 :                 1         1
	   Disk (KB)            :        1        1  16725277
	   Memory (MB)          :       38        1      4023
...
000 (8914664.000.000) 12/11 16:48:55 Job submitted from host: <10.10.48.31:12542?addrs=10.10.48.31-12542>
...
001 (8914664.000.000) 12/11 16:49:03 Job executing on host: <10.10.48.141:50603?addrs=10.10.48.141-50603>
...
006 (8914664.000.000) 12/11 16:49:11 Image size of job updated: 192448
	39  -  MemoryUsage of job (MB)
	39908  -  ResidentSetSize of job (KB)
...
006 (8914664.000.000) 12/11 16:50:03 Image size of job updated: 192460
	39  -  MemoryUsage of job (MB)
	39908  -  ResidentSetSize of job (KB)
...
005 (8914664.000.000) 12/11 16:50:03 Job terminated.
	(1) Normal termination (return value 0)
		Usr 0 00:00:29, Sys 0 00:00:00  -  Run Remote Usage
		Usr 0 00:00:00, Sys 0 00:00:00  -  Run Local Usage
		Usr 0 00:00:29, Sys 0 00:00:00  -  Total Remote Usage
		Usr 0 00:00:00, Sys 0 00:00:00  -  Total Local Usage
	0  -  Run Bytes Sent By Job
	0  -  Run Bytes Received By Job
	0  -  Total Bytes Sent By Job
	0  -  Total Bytes Received By Job
	Partitionable Resources :    Usage  Request Allocated
	   Cpus                 :                 1         1
	   Disk (KB)            :        1        1  13376623
	   Memory (MB)          :       39        1      6441
...
000 (8915426.000.000) 12/11 17:18:24 Job submitted from host: <10.10.48.31:12542?addrs=10.10.48.31-12542>
...
001 (8915426.000.000) 12/11 17:19:25 Job executing on host: <10.10.48.42:24954?addrs=10.10.48.42-24954>
...
006 (8915426.000.000) 12/11 17:19:34 Image size of job updated: 192580
	40  -  MemoryUsage of job (MB)
	40012  -  ResidentSetSize of job (KB)
...
006 (8915426.000.000) 12/11 17:19:52 Image size of job updated: 192636
	40  -  MemoryUsage of job (MB)
	40012  -  ResidentSetSize of job (KB)
...
005 (8915426.000.000) 12/11 17:19:52 Job terminated.
	(1) Normal termination (return value 0)
		Usr 0 00:00:23, Sys 0 00:00:00  -  Run Remote Usage
		Usr 0 00:00:00, Sys 0 00:00:00  -  Run Local Usage
		Usr 0 00:00:23, Sys 0 00:00:00  -  Total Remote Usage
		Usr 0 00:00:00, Sys 0 00:00:00  -  Total Local Usage
	0  -  Run Bytes Sent By Job
	0  -  Run Bytes Received By Job
	0  -  Total Bytes Sent By Job
	0  -  Total Bytes Received By Job
	Partitionable Resources :    Usage  Request Allocated
	   Cpus                 :                 1         1
	   Disk (KB)            :        1        1  16729344
	   Memory (MB)          :       40        1      4023
...
000 (8915588.000.000) 12/11 22:47:31 Job submitted from host: <10.10.48.31:12542?addrs=10.10.48.31-12542>
...
001 (8915588.000.000) 12/11 22:47:35 Job executing on host: <10.10.48.141:50603?addrs=10.10.48.141-50603>
...
006 (8915588.000.000) 12/11 22:47:43 Image size of job updated: 192360
	38  -  MemoryUsage of job (MB)
	38396  -  ResidentSetSize of job (KB)
...
006 (8915588.000.000) 12/11 22:48:24 Image size of job updated: 192528
	38  -  MemoryUsage of job (MB)
	38396  -  ResidentSetSize of job (KB)
...
005 (8915588.000.000) 12/11 22:48:24 Job terminated.
	(1) Normal termination (return value 0)
		Usr 0 00:00:18, Sys 0 00:00:00  -  Run Remote Usage
		Usr 0 00:00:00, Sys 0 00:00:00  -  Run Local Usage
		Usr 0 00:00:18, Sys 0 00:00:00  -  Total Remote Usage
		Usr 0 00:00:00, Sys 0 00:00:00  -  Total Local Usage
	0  -  Run Bytes Sent By Job
	0  -  Run Bytes Received By Job
	0  -  Total Bytes Sent By Job
	0  -  Total Bytes Received By Job
	Partitionable Resources :    Usage  Request Allocated
	   Cpus                 :                 1         1
	   Disk (KB)            :        1        1  13376574
	   Memory (MB)          :       38        1      6441
...
000 (8915720.000.000) 12/11 22:58:03 Job submitted from host: <10.10.48.31:12542?addrs=10.10.48.31-12542>
...
001 (8915720.000.000) 12/11 22:58:05 Job executing on host: <10.10.48.35:61041?addrs=10.10.48.35-61041>
...
006 (8915720.000.000) 12/11 22:58:14 Image size of job updated: 192368
	39  -  MemoryUsage of job (MB)
	39692  -  ResidentSetSize of job (KB)
...
006 (8915720.000.000) 12/11 22:58:30 Image size of job updated: 192572
	39  -  MemoryUsage of job (MB)
	39692  -  ResidentSetSize of job (KB)
...
005 (8915720.000.000) 12/11 22:58:30 Job terminated.
	(1) Normal termination (return value 0)
		Usr 0 00:00:12, Sys 0 00:00:00  -  Run Remote Usage
		Usr 0 00:00:00, Sys 0 00:00:00  -  Run Local Usage
		Usr 0 00:00:12, Sys 0 00:00:00  -  Total Remote Usage
		Usr 0 00:00:00, Sys 0 00:00:00  -  Total Local Usage
	0  -  Run Bytes Sent By Job
	0  -  Run Bytes Received By Job
	0  -  Total Bytes Sent By Job
	0  -  Total Bytes Received By Job
	Partitionable Resources :    Usage  Request Allocated
	   Cpus                 :                 1         1
	   Disk (KB)            :        1        1  16721068
	   Memory (MB)          :       39        1      4023
...
000 (8915852.000.000) 12/11 23:09:18 Job submitted from host: <10.10.48.31:12542?addrs=10.10.48.31-12542>
...
001 (8915852.000.000) 12/11 23:09:25 Job executing on host: <10.10.48.143:50448?addrs=10.10.48.143-50448>
...
006 (8915852.000.000) 12/11 23:09:34 Image size of job updated: 1
	2  -  MemoryUsage of job (MB)
	1872  -  ResidentSetSize of job (KB)
...
006 (8915852.000.000) 12/11 23:10:08 Image size of job updated: 192996
	2  -  MemoryUsage of job (MB)
	1872  -  ResidentSetSize of job (KB)
...
005 (8915852.000.000) 12/11 23:10:08 Job terminated.
	(1) Normal termination (return value 1)
		Usr 0 00:00:11, Sys 0 00:00:00  -  Run Remote Usage
		Usr 0 00:00:00, Sys 0 00:00:00  -  Run Local Usage
		Usr 0 00:00:11, Sys 0 00:00:00  -  Total Remote Usage
		Usr 0 00:00:00, Sys 0 00:00:00  -  Total Local Usage
	0  -  Run Bytes Sent By Job
	0  -  Run Bytes Received By Job
	0  -  Total Bytes Sent By Job
	0  -  Total Bytes Received By Job
	Partitionable Resources :    Usage  Request Allocated
	   Cpus                 :                 1         1
	   Disk (KB)            :        1        1  13384446
	   Memory (MB)          :        2        1      6441
...
000 (8916014.000.000) 12/11 23:22:46 Job submitted from host: <10.10.48.31:12542?addrs=10.10.48.31-12542>
...
001 (8916014.000.000) 12/11 23:22:49 Job executing on host: <10.10.48.35:61041?addrs=10.10.48.35-61041>
...
006 (8916014.000.000) 12/11 23:22:58 Image size of job updated: 192828
	38  -  MemoryUsage of job (MB)
	38232  -  ResidentSetSize of job (KB)
...
006 (8916014.000.000) 12/11 23:23:12 Image size of job updated: 192912
	38  -  MemoryUsage of job (MB)
	38232  -  ResidentSetSize of job (KB)
...
005 (8916014.000.000) 12/11 23:23:12 Job terminated.
	(1) Normal termination (return value 0)
		Usr 0 00:00:06, Sys 0 00:00:00  -  Run Remote Usage
		Usr 0 00:00:00, Sys 0 00:00:00  -  Run Local Usage
		Usr 0 00:00:06, Sys 0 00:00:00  -  Total Remote Usage
		Usr 0 00:00:00, Sys 0 00:00:00  -  Total Local Usage
	0  -  Run Bytes Sent By Job
	0  -  Run Bytes Received By Job
	0  -  Total Bytes Sent By Job
	0  -  Total Bytes Received By Job
	Partitionable Resources :    Usage  Request Allocated
	   Cpus                 :                 1         1
	   Disk (KB)            :        1        1  16721084
	   Memory (MB)          :       38        1      4023
...
000 (8916177.000.000) 12/12 14:24:08 Job submitted from host: <10.10.48.31:12542?addrs=10.10.48.31-12542>
...
001 (8916177.000.000) 12/12 14:24:15 Job executing on host: <10.10.48.41:20766?addrs=10.10.48.41-20766>
...
006 (8916177.000.000) 12/12 14:24:23 Image size of job updated: 184904
	32  -  MemoryUsage of job (MB)
	31800  -  ResidentSetSize of job (KB)
...
006 (8916177.000.000) 12/12 14:24:48 Image size of job updated: 192800
	32  -  MemoryUsage of job (MB)
	31800  -  ResidentSetSize of job (KB)
...
005 (8916177.000.000) 12/12 14:24:48 Job terminated.
	(1) Normal termination (return value 0)
		Usr 0 00:00:08, Sys 0 00:00:00  -  Run Remote Usage
		Usr 0 00:00:00, Sys 0 00:00:00  -  Run Local Usage
		Usr 0 00:00:08, Sys 0 00:00:00  -  Total Remote Usage
		Usr 0 00:00:00, Sys 0 00:00:00  -  Total Local Usage
	0  -  Run Bytes Sent By Job
	0  -  Run Bytes Received By Job
	0  -  Total Bytes Sent By Job
	0  -  Total Bytes Received By Job
	Partitionable Resources :    Usage  Request Allocated
	   Cpus                 :                 1         1
	   Disk (KB)            :        1        1  16725187
	   Memory (MB)          :       32        1      4023
...
