000 (8914365.000.000) 12/10 23:43:06 Job submitted from host: <10.10.48.31:12542?addrs=10.10.48.31-12542>
...
001 (8914365.000.000) 12/10 23:43:14 Job executing on host: <10.10.48.41:20766?addrs=10.10.48.41-20766>
...
006 (8914365.000.000) 12/10 23:43:14 Image size of job updated: 175224
	0  -  MemoryUsage of job (MB)
	0  -  ResidentSetSize of job (KB)
...
005 (8914365.000.000) 12/10 23:43:14 Job terminated.
	(1) Normal termination (return value 1)
		Usr 0 00:00:00, Sys 0 00:00:00  -  Run Remote Usage
		Usr 0 00:00:00, Sys 0 00:00:00  -  Run Local Usage
		Usr 0 00:00:00, Sys 0 00:00:00  -  Total Remote Usage
		Usr 0 00:00:00, Sys 0 00:00:00  -  Total Local Usage
	0  -  Run Bytes Sent By Job
	0  -  Run Bytes Received By Job
	0  -  Total Bytes Sent By Job
	0  -  Total Bytes Received By Job
	Partitionable Resources :    Usage  Request Allocated
	   Cpus                 :                 1         1
	   Disk (KB)            :        1        1  16725290
	   Memory (MB)          :        0        1      4023
...
000 (8914527.000.000) 12/10 23:50:47 Job submitted from host: <10.10.48.31:12542?addrs=10.10.48.31-12542>
...
001 (8914527.000.000) 12/10 23:51:06 Job executing on host: <10.10.48.133:42257?addrs=10.10.48.133-42257>
...
006 (8914527.000.000) 12/10 23:51:14 Image size of job updated: 185640
	34  -  MemoryUsage of job (MB)
	34164  -  ResidentSetSize of job (KB)
...
006 (8914527.000.000) 12/10 23:56:14 Image size of job updated: 192584
	40  -  MemoryUsage of job (MB)
	40300  -  ResidentSetSize of job (KB)
...
006 (8914527.000.000) 12/10 23:57:42 Image size of job updated: 192604
	40  -  MemoryUsage of job (MB)
	40300  -  ResidentSetSize of job (KB)
...
005 (8914527.000.000) 12/10 23:57:42 Job terminated.
	(1) Normal termination (return value 0)
		Usr 0 00:04:09, Sys 0 00:00:03  -  Run Remote Usage
		Usr 0 00:00:00, Sys 0 00:00:00  -  Run Local Usage
		Usr 0 00:04:09, Sys 0 00:00:03  -  Total Remote Usage
		Usr 0 00:00:00, Sys 0 00:00:00  -  Total Local Usage
	0  -  Run Bytes Sent By Job
	0  -  Run Bytes Received By Job
	0  -  Total Bytes Sent By Job
	0  -  Total Bytes Received By Job
	Partitionable Resources :    Usage  Request Allocated
	   Cpus                 :                 1         1
	   Disk (KB)            :        1        1  13386671
	   Memory (MB)          :       40        1      6441
...
000 (8914689.000.000) 12/11 16:49:49 Job submitted from host: <10.10.48.31:12542?addrs=10.10.48.31-12542>
...
001 (8914689.000.000) 12/11 16:49:58 Job executing on host: <10.10.48.139:49429?addrs=10.10.48.139-49429>
...
006 (8914689.000.000) 12/11 16:50:07 Image size of job updated: 1
	2  -  MemoryUsage of job (MB)
	1868  -  ResidentSetSize of job (KB)
...
006 (8914689.000.000) 12/11 16:55:08 Image size of job updated: 192576
	40  -  MemoryUsage of job (MB)
	40032  -  ResidentSetSize of job (KB)
...
005 (8914689.000.000) 12/11 16:56:07 Job terminated.
	(1) Normal termination (return value 0)
		Usr 0 00:04:11, Sys 0 00:00:03  -  Run Remote Usage
		Usr 0 00:00:00, Sys 0 00:00:00  -  Run Local Usage
		Usr 0 00:04:11, Sys 0 00:00:03  -  Total Remote Usage
		Usr 0 00:00:00, Sys 0 00:00:00  -  Total Local Usage
	0  -  Run Bytes Sent By Job
	0  -  Run Bytes Received By Job
	0  -  Total Bytes Sent By Job
	0  -  Total Bytes Received By Job
	Partitionable Resources :    Usage  Request Allocated
	   Cpus                 :                 1         1
	   Disk (KB)            :        1        1  13385084
	   Memory (MB)          :       40        1      6441
...
000 (8915451.000.000) 12/11 17:18:57 Job submitted from host: <10.10.48.31:12542?addrs=10.10.48.31-12542>
...
001 (8915451.000.000) 12/11 17:19:04 Job executing on host: <10.10.48.41:20766?addrs=10.10.48.41-20766>
...
006 (8915451.000.000) 12/11 17:19:13 Image size of job updated: 192516
	39  -  MemoryUsage of job (MB)
	39780  -  ResidentSetSize of job (KB)
...
006 (8915451.000.000) 12/11 17:22:39 Image size of job updated: 196472
	39  -  MemoryUsage of job (MB)
	39780  -  ResidentSetSize of job (KB)
...
005 (8915451.000.000) 12/11 17:22:39 Job terminated.
	(1) Normal termination (return value 0)
		Usr 0 00:03:17, Sys 0 00:00:03  -  Run Remote Usage
		Usr 0 00:00:00, Sys 0 00:00:00  -  Run Local Usage
		Usr 0 00:03:17, Sys 0 00:00:03  -  Total Remote Usage
		Usr 0 00:00:00, Sys 0 00:00:00  -  Total Local Usage
	0  -  Run Bytes Sent By Job
	0  -  Run Bytes Received By Job
	0  -  Total Bytes Sent By Job
	0  -  Total Bytes Received By Job
	Partitionable Resources :    Usage  Request Allocated
	   Cpus                 :                 1         1
	   Disk (KB)            :        1        1  16725254
	   Memory (MB)          :       39        1      4023
...
000 (8915613.000.000) 12/11 22:48:38 Job submitted from host: <10.10.48.31:12542?addrs=10.10.48.31-12542>
...
001 (8915613.000.000) 12/11 22:48:42 Job executing on host: <10.10.48.145:26377?addrs=10.10.48.145-26377>
...
006 (8915613.000.000) 12/11 22:48:50 Image size of job updated: 185716
	32  -  MemoryUsage of job (MB)
	32540  -  ResidentSetSize of job (KB)
...
006 (8915613.000.000) 12/11 22:52:20 Image size of job updated: 192760
	32  -  MemoryUsage of job (MB)
	32540  -  ResidentSetSize of job (KB)
...
005 (8915613.000.000) 12/11 22:52:20 Job terminated.
	(1) Normal termination (return value 0)
		Usr 0 00:02:08, Sys 0 00:00:01  -  Run Remote Usage
		Usr 0 00:00:00, Sys 0 00:00:00  -  Run Local Usage
		Usr 0 00:02:08, Sys 0 00:00:01  -  Total Remote Usage
		Usr 0 00:00:00, Sys 0 00:00:00  -  Total Local Usage
	0  -  Run Bytes Sent By Job
	0  -  Run Bytes Received By Job
	0  -  Total Bytes Sent By Job
	0  -  Total Bytes Received By Job
	Partitionable Resources :    Usage  Request Allocated
	   Cpus                 :                 1         1
	   Disk (KB)            :        1        1  13384482
	   Memory (MB)          :       32        1      6441
...
000 (8915745.000.000) 12/11 22:58:38 Job submitted from host: <10.10.48.31:12542?addrs=10.10.48.31-12542>
...
001 (8915745.000.000) 12/11 22:58:40 Job executing on host: <10.10.48.141:50603?addrs=10.10.48.141-50603>
...
006 (8915745.000.000) 12/11 22:58:48 Image size of job updated: 190844
	38  -  MemoryUsage of job (MB)
	37972  -  ResidentSetSize of job (KB)
...
006 (8915745.000.000) 12/11 23:01:11 Image size of job updated: 192604
	38  -  MemoryUsage of job (MB)
	37972  -  ResidentSetSize of job (KB)
...
005 (8915745.000.000) 12/11 23:01:11 Job terminated.
	(1) Normal termination (return value 0)
		Usr 0 00:01:59, Sys 0 00:00:01  -  Run Remote Usage
		Usr 0 00:00:00, Sys 0 00:00:00  -  Run Local Usage
		Usr 0 00:01:59, Sys 0 00:00:01  -  Total Remote Usage
		Usr 0 00:00:00, Sys 0 00:00:00  -  Total Local Usage
	0  -  Run Bytes Sent By Job
	0  -  Run Bytes Received By Job
	0  -  Total Bytes Sent By Job
	0  -  Total Bytes Received By Job
	Partitionable Resources :    Usage  Request Allocated
	   Cpus                 :                 1         1
	   Disk (KB)            :        1        1  13376549
	   Memory (MB)          :       38        1      6441
...
000 (8915877.000.000) 12/11 23:10:11 Job submitted from host: <10.10.48.31:12542?addrs=10.10.48.31-12542>
...
001 (8915877.000.000) 12/11 23:10:17 Job executing on host: <10.10.48.141:50603?addrs=10.10.48.141-50603>
...
006 (8915877.000.000) 12/11 23:10:26 Image size of job updated: 1
	2  -  MemoryUsage of job (MB)
	1872  -  ResidentSetSize of job (KB)
...
006 (8915877.000.000) 12/11 23:14:36 Image size of job updated: 193772
	2  -  MemoryUsage of job (MB)
	1872  -  ResidentSetSize of job (KB)
...
005 (8915877.000.000) 12/11 23:14:36 Job terminated.
	(1) Normal termination (return value 1)
		Usr 0 00:01:42, Sys 0 00:00:02  -  Run Remote Usage
		Usr 0 00:00:00, Sys 0 00:00:00  -  Run Local Usage
		Usr 0 00:01:42, Sys 0 00:00:02  -  Total Remote Usage
		Usr 0 00:00:00, Sys 0 00:00:00  -  Total Local Usage
	0  -  Run Bytes Sent By Job
	0  -  Run Bytes Received By Job
	0  -  Total Bytes Sent By Job
	0  -  Total Bytes Received By Job
	Partitionable Resources :    Usage  Request Allocated
	   Cpus                 :                 1         1
	   Disk (KB)            :        1        1  13376523
	   Memory (MB)          :        2        1      6441
...
000 (8916039.000.000) 12/11 23:23:02 Job submitted from host: <10.10.48.31:12542?addrs=10.10.48.31-12542>
...
001 (8916039.000.000) 12/11 23:23:04 Job executing on host: <10.10.48.35:61041?addrs=10.10.48.35-61041>
...
006 (8916039.000.000) 12/11 23:23:13 Image size of job updated: 192900
	39  -  MemoryUsage of job (MB)
	39532  -  ResidentSetSize of job (KB)
...
006 (8916039.000.000) 12/11 23:26:42 Image size of job updated: 193772
	39  -  MemoryUsage of job (MB)
	39532  -  ResidentSetSize of job (KB)
...
005 (8916039.000.000) 12/11 23:26:42 Job terminated.
	(1) Normal termination (return value 0)
		Usr 0 00:01:17, Sys 0 00:00:02  -  Run Remote Usage
		Usr 0 00:00:00, Sys 0 00:00:00  -  Run Local Usage
		Usr 0 00:01:17, Sys 0 00:00:02  -  Total Remote Usage
		Usr 0 00:00:00, Sys 0 00:00:00  -  Total Local Usage
	0  -  Run Bytes Sent By Job
	0  -  Run Bytes Received By Job
	0  -  Total Bytes Sent By Job
	0  -  Total Bytes Received By Job
	Partitionable Resources :    Usage  Request Allocated
	   Cpus                 :                 1         1
	   Disk (KB)            :        1        1  16721084
	   Memory (MB)          :       39        1      4023
...
000 (8916202.000.000) 12/12 14:25:28 Job submitted from host: <10.10.48.31:12542?addrs=10.10.48.31-12542>
...
001 (8916202.000.000) 12/12 14:25:31 Job executing on host: <10.10.48.139:49429?addrs=10.10.48.139-49429>
...
006 (8916202.000.000) 12/12 14:25:40 Image size of job updated: 185048
	33  -  MemoryUsage of job (MB)
	33240  -  ResidentSetSize of job (KB)
...
006 (8916202.000.000) 12/12 14:28:14 Image size of job updated: 193032
	33  -  MemoryUsage of job (MB)
	33240  -  ResidentSetSize of job (KB)
...
005 (8916202.000.000) 12/12 14:28:14 Job terminated.
	(1) Normal termination (return value 0)
		Usr 0 00:00:44, Sys 0 00:00:01  -  Run Remote Usage
		Usr 0 00:00:00, Sys 0 00:00:00  -  Run Local Usage
		Usr 0 00:00:44, Sys 0 00:00:01  -  Total Remote Usage
		Usr 0 00:00:00, Sys 0 00:00:00  -  Total Local Usage
	0  -  Run Bytes Sent By Job
	0  -  Run Bytes Received By Job
	0  -  Total Bytes Sent By Job
	0  -  Total Bytes Received By Job
	Partitionable Resources :    Usage  Request Allocated
	   Cpus                 :                 1         1
	   Disk (KB)            :        1        1  13385007
	   Memory (MB)          :       33        1      6441
...
000 (9637275.000.000) 02/27 16:03:42 Job submitted from host: <10.10.48.31:15410?addrs=10.10.48.31-15410>
...
001 (9637275.000.000) 02/27 16:03:47 Job executing on host: <10.10.48.33:19062?addrs=10.10.48.33-19062>
...
006 (9637275.000.000) 02/27 16:03:56 Image size of job updated: 185624
	32  -  MemoryUsage of job (MB)
	32404  -  ResidentSetSize of job (KB)
...
006 (9637275.000.000) 02/27 16:05:45 Image size of job updated: 186060
	32  -  MemoryUsage of job (MB)
	32404  -  ResidentSetSize of job (KB)
...
005 (9637275.000.000) 02/27 16:05:45 Job terminated.
	(1) Normal termination (return value 255)
		Usr 0 00:00:00, Sys 0 00:00:00  -  Run Remote Usage
		Usr 0 00:00:00, Sys 0 00:00:00  -  Run Local Usage
		Usr 0 00:00:00, Sys 0 00:00:00  -  Total Remote Usage
		Usr 0 00:00:00, Sys 0 00:00:00  -  Total Local Usage
	0  -  Run Bytes Sent By Job
	0  -  Run Bytes Received By Job
	0  -  Total Bytes Sent By Job
	0  -  Total Bytes Received By Job
	Partitionable Resources :    Usage  Request Allocated
	   Cpus                 :                 1         1
	   Disk (KB)            :        1        1  16723728
	   Memory (MB)          :       32        1      4023
...
000 (9643828.000.000) 02/27 20:47:27 Job submitted from host: <10.10.48.31:15410?addrs=10.10.48.31-15410>
...
001 (9643828.000.000) 02/27 20:47:29 Job executing on host: <10.10.48.143:56523?addrs=10.10.48.143-56523>
...
006 (9643828.000.000) 02/27 20:47:30 Image size of job updated: 252324
	0  -  MemoryUsage of job (MB)
	0  -  ResidentSetSize of job (KB)
...
005 (9643828.000.000) 02/27 20:47:30 Job terminated.
	(1) Normal termination (return value 1)
		Usr 0 00:00:00, Sys 0 00:00:00  -  Run Remote Usage
		Usr 0 00:00:00, Sys 0 00:00:00  -  Run Local Usage
		Usr 0 00:00:00, Sys 0 00:00:00  -  Total Remote Usage
		Usr 0 00:00:00, Sys 0 00:00:00  -  Total Local Usage
	0  -  Run Bytes Sent By Job
	0  -  Run Bytes Received By Job
	0  -  Total Bytes Sent By Job
	0  -  Total Bytes Received By Job
	Partitionable Resources :    Usage  Request Allocated
	   Cpus                 :                 1         1
	   Disk (KB)            :        1        1  13384575
	   Memory (MB)          :        0        1      6441
...
