000 (8914377.000.000) 12/10 23:43:08 Job submitted from host: <10.10.48.31:12542?addrs=10.10.48.31-12542>
...
001 (8914377.000.000) 12/10 23:44:16 Job executing on host: <10.10.48.41:20766?addrs=10.10.48.41-20766>
...
006 (8914377.000.000) 12/10 23:44:16 Image size of job updated: 176156
	0  -  MemoryUsage of job (MB)
	0  -  ResidentSetSize of job (KB)
...
005 (8914377.000.000) 12/10 23:44:16 Job terminated.
	(1) Normal termination (return value 1)
		Usr 0 00:00:00, Sys 0 00:00:00  -  Run Remote Usage
		Usr 0 00:00:00, Sys 0 00:00:00  -  Run Local Usage
		Usr 0 00:00:00, Sys 0 00:00:00  -  Total Remote Usage
		Usr 0 00:00:00, Sys 0 00:00:00  -  Total Local Usage
	0  -  Run Bytes Sent By Job
	0  -  Run Bytes Received By Job
	0  -  Total Bytes Sent By Job
	0  -  Total Bytes Received By Job
	Partitionable Resources :    Usage  Request Allocated
	   Cpus                 :                 1         1
	   Disk (KB)            :        1        1  16725285
	   Memory (MB)          :        0        1      4023
...
000 (8914539.000.000) 12/10 23:51:24 Job submitted from host: <10.10.48.31:12542?addrs=10.10.48.31-12542>
...
001 (8914539.000.000) 12/10 23:51:27 Job executing on host: <10.10.48.44:53822?addrs=10.10.48.44-53822>
...
006 (8914539.000.000) 12/10 23:51:36 Image size of job updated: 180388
	29  -  MemoryUsage of job (MB)
	28908  -  ResidentSetSize of job (KB)
...
006 (8914539.000.000) 12/10 23:56:37 Image size of job updated: 192684
	38  -  MemoryUsage of job (MB)
	38560  -  ResidentSetSize of job (KB)
...
005 (8914539.000.000) 12/10 23:57:26 Job terminated.
	(1) Normal termination (return value 0)
		Usr 0 00:02:54, Sys 0 00:00:03  -  Run Remote Usage
		Usr 0 00:00:00, Sys 0 00:00:00  -  Run Local Usage
		Usr 0 00:02:54, Sys 0 00:00:03  -  Total Remote Usage
		Usr 0 00:00:00, Sys 0 00:00:00  -  Total Local Usage
	0  -  Run Bytes Sent By Job
	0  -  Run Bytes Received By Job
	0  -  Total Bytes Sent By Job
	0  -  Total Bytes Received By Job
	Partitionable Resources :    Usage  Request Allocated
	   Cpus                 :                 1         1
	   Disk (KB)            :        1        1  16726481
	   Memory (MB)          :       38        1      4023
...
000 (8914701.000.000) 12/11 16:50:24 Job submitted from host: <10.10.48.31:12542?addrs=10.10.48.31-12542>
...
001 (8914701.000.000) 12/11 16:50:40 Job executing on host: <10.10.48.145:26377?addrs=10.10.48.145-26377>
...
006 (8914701.000.000) 12/11 16:50:48 Image size of job updated: 1
	2  -  MemoryUsage of job (MB)
	1868  -  ResidentSetSize of job (KB)
...
006 (8914701.000.000) 12/11 16:55:48 Image size of job updated: 192852
	40  -  MemoryUsage of job (MB)
	40272  -  ResidentSetSize of job (KB)
...
005 (8914701.000.000) 12/11 16:56:17 Job terminated.
	(1) Normal termination (return value 0)
		Usr 0 00:03:39, Sys 0 00:00:03  -  Run Remote Usage
		Usr 0 00:00:00, Sys 0 00:00:00  -  Run Local Usage
		Usr 0 00:03:39, Sys 0 00:00:03  -  Total Remote Usage
		Usr 0 00:00:00, Sys 0 00:00:00  -  Total Local Usage
	0  -  Run Bytes Sent By Job
	0  -  Run Bytes Received By Job
	0  -  Total Bytes Sent By Job
	0  -  Total Bytes Received By Job
	Partitionable Resources :    Usage  Request Allocated
	   Cpus                 :                 1         1
	   Disk (KB)            :        1        1  13384496
	   Memory (MB)          :       40        1      6441
...
000 (8915463.000.000) 12/11 17:19:29 Job submitted from host: <10.10.48.31:12542?addrs=10.10.48.31-12542>
...
001 (8915463.000.000) 12/11 17:19:53 Job executing on host: <10.10.48.33:59750?addrs=10.10.48.33-59750>
...
006 (8915463.000.000) 12/11 17:20:02 Image size of job updated: 192548
	40  -  MemoryUsage of job (MB)
	40296  -  ResidentSetSize of job (KB)
...
006 (8915463.000.000) 12/11 17:23:18 Image size of job updated: 194512
	40  -  MemoryUsage of job (MB)
	40296  -  ResidentSetSize of job (KB)
...
005 (8915463.000.000) 12/11 17:23:18 Job terminated.
	(1) Normal termination (return value 0)
		Usr 0 00:03:00, Sys 0 00:00:03  -  Run Remote Usage
		Usr 0 00:00:00, Sys 0 00:00:00  -  Run Local Usage
		Usr 0 00:03:00, Sys 0 00:00:03  -  Total Remote Usage
		Usr 0 00:00:00, Sys 0 00:00:00  -  Total Local Usage
	0  -  Run Bytes Sent By Job
	0  -  Run Bytes Received By Job
	0  -  Total Bytes Sent By Job
	0  -  Total Bytes Received By Job
	Partitionable Resources :    Usage  Request Allocated
	   Cpus                 :                 1         1
	   Disk (KB)            :        1        1  16723661
	   Memory (MB)          :       40        1      4023
...
000 (8915889.000.000) 12/11 23:10:40 Job submitted from host: <10.10.48.31:12542?addrs=10.10.48.31-12542>
...
001 (8915889.000.000) 12/11 23:10:45 Job executing on host: <10.10.48.41:20766?addrs=10.10.48.41-20766>
...
006 (8915889.000.000) 12/11 23:10:54 Image size of job updated: 185272
	33  -  MemoryUsage of job (MB)
	33456  -  ResidentSetSize of job (KB)
...
006 (8915889.000.000) 12/11 23:15:55 Image size of job updated: 193064
	43  -  MemoryUsage of job (MB)
	43152  -  ResidentSetSize of job (KB)
...
005 (8915889.000.000) 12/11 23:16:46 Job terminated.
	(1) Normal termination (return value 1)
		Usr 0 00:02:05, Sys 0 00:00:03  -  Run Remote Usage
		Usr 0 00:00:00, Sys 0 00:00:00  -  Run Local Usage
		Usr 0 00:02:05, Sys 0 00:00:03  -  Total Remote Usage
		Usr 0 00:00:00, Sys 0 00:00:00  -  Total Local Usage
	0  -  Run Bytes Sent By Job
	0  -  Run Bytes Received By Job
	0  -  Total Bytes Sent By Job
	0  -  Total Bytes Received By Job
	Partitionable Resources :    Usage  Request Allocated
	   Cpus                 :                 1         1
	   Disk (KB)            :        1        1  16725151
	   Memory (MB)          :       43        1      4023
...
000 (8916051.000.000) 12/11 23:23:10 Job submitted from host: <10.10.48.31:12542?addrs=10.10.48.31-12542>
...
001 (8916051.000.000) 12/11 23:23:12 Job executing on host: <10.10.48.35:61041?addrs=10.10.48.35-61041>
...
006 (8916051.000.000) 12/11 23:23:21 Image size of job updated: 185280
	33  -  MemoryUsage of job (MB)
	33548  -  ResidentSetSize of job (KB)
...
006 (8916051.000.000) 12/11 23:26:24 Image size of job updated: 193024
	33  -  MemoryUsage of job (MB)
	33548  -  ResidentSetSize of job (KB)
...
005 (8916051.000.000) 12/11 23:26:24 Job terminated.
	(1) Normal termination (return value 0)
		Usr 0 00:01:14, Sys 0 00:00:02  -  Run Remote Usage
		Usr 0 00:00:00, Sys 0 00:00:00  -  Run Local Usage
		Usr 0 00:01:14, Sys 0 00:00:02  -  Total Remote Usage
		Usr 0 00:00:00, Sys 0 00:00:00  -  Total Local Usage
	0  -  Run Bytes Sent By Job
	0  -  Run Bytes Received By Job
	0  -  Total Bytes Sent By Job
	0  -  Total Bytes Received By Job
	Partitionable Resources :    Usage  Request Allocated
	   Cpus                 :                 1         1
	   Disk (KB)            :        1        1  16721084
	   Memory (MB)          :       33        1      4023
...
000 (9637287.000.000) 02/27 16:04:06 Job submitted from host: <10.10.48.31:15410?addrs=10.10.48.31-15410>
...
001 (9637287.000.000) 02/27 16:04:14 Job executing on host: <10.10.48.33:19062?addrs=10.10.48.33-19062>
...
006 (9637287.000.000) 02/27 16:04:22 Image size of job updated: 1
	2  -  MemoryUsage of job (MB)
	1812  -  ResidentSetSize of job (KB)
...
006 (9637287.000.000) 02/27 16:05:32 Image size of job updated: 185596
	2  -  MemoryUsage of job (MB)
	1812  -  ResidentSetSize of job (KB)
...
005 (9637287.000.000) 02/27 16:05:32 Job terminated.
	(1) Normal termination (return value 255)
		Usr 0 00:00:00, Sys 0 00:00:00  -  Run Remote Usage
		Usr 0 00:00:00, Sys 0 00:00:00  -  Run Local Usage
		Usr 0 00:00:00, Sys 0 00:00:00  -  Total Remote Usage
		Usr 0 00:00:00, Sys 0 00:00:00  -  Total Local Usage
	0  -  Run Bytes Sent By Job
	0  -  Run Bytes Received By Job
	0  -  Total Bytes Sent By Job
	0  -  Total Bytes Received By Job
	Partitionable Resources :    Usage  Request Allocated
	   Cpus                 :                 1         1
	   Disk (KB)            :        1        1  16723728
	   Memory (MB)          :        2        1      4023
...
000 (9643840.000.000) 02/27 20:47:29 Job submitted from host: <10.10.48.31:15410?addrs=10.10.48.31-15410>
...
001 (9643840.000.000) 02/27 20:47:30 Job executing on host: <10.10.48.143:56523?addrs=10.10.48.143-56523>
...
006 (9643840.000.000) 02/27 20:47:31 Image size of job updated: 252484
	0  -  MemoryUsage of job (MB)
	0  -  ResidentSetSize of job (KB)
...
005 (9643840.000.000) 02/27 20:47:32 Job terminated.
	(1) Normal termination (return value 0)
		Usr 0 00:00:00, Sys 0 00:00:00  -  Run Remote Usage
		Usr 0 00:00:00, Sys 0 00:00:00  -  Run Local Usage
		Usr 0 00:00:00, Sys 0 00:00:00  -  Total Remote Usage
		Usr 0 00:00:00, Sys 0 00:00:00  -  Total Local Usage
	0  -  Run Bytes Sent By Job
	0  -  Run Bytes Received By Job
	0  -  Total Bytes Sent By Job
	0  -  Total Bytes Received By Job
	Partitionable Resources :    Usage  Request Allocated
	   Cpus                 :                 1         1
	   Disk (KB)            :        1        1  13384575
	   Memory (MB)          :        0        1      6441
...
