000 (9637402.000.000) 02/27 16:06:40 Job submitted from host: <10.10.48.31:15410?addrs=10.10.48.31-15410>
...
001 (9637402.000.000) 02/27 16:06:42 Job executing on host: <10.10.48.133:51182?addrs=10.10.48.133-51182>
...
006 (9637402.000.000) 02/27 16:06:50 Image size of job updated: 1
	2  -  MemoryUsage of job (MB)
	1864  -  ResidentSetSize of job (KB)
...
006 (9637402.000.000) 02/27 16:11:50 Image size of job updated: 176152
	30  -  MemoryUsage of job (MB)
	30660  -  ResidentSetSize of job (KB)
...
006 (9637402.000.000) 02/27 16:14:00 Image size of job updated: 190936
	30  -  MemoryUsage of job (MB)
	30660  -  ResidentSetSize of job (KB)
...
005 (9637402.000.000) 02/27 16:14:00 Job terminated.
	(1) Normal termination (return value 0)
		Usr 0 00:00:10, Sys 0 00:00:00  -  Run Remote Usage
		Usr 0 00:00:00, Sys 0 00:00:00  -  Run Local Usage
		Usr 0 00:00:10, Sys 0 00:00:00  -  Total Remote Usage
		Usr 0 00:00:00, Sys 0 00:00:00  -  Total Local Usage
	0  -  Run Bytes Sent By Job
	0  -  Run Bytes Received By Job
	0  -  Total Bytes Sent By Job
	0  -  Total Bytes Received By Job
	Partitionable Resources :    Usage  Request Allocated
	   Cpus                 :                 1         1
	   Disk (KB)            :        1        1  13385898
	   Memory (MB)          :       30        1      6441
...
000 (9643902.000.000) 02/27 20:47:39 Job submitted from host: <10.10.48.31:15410?addrs=10.10.48.31-15410>
...
001 (9643902.000.000) 02/27 20:47:40 Job executing on host: <10.10.48.143:56523?addrs=10.10.48.143-56523>
...
006 (9643902.000.000) 02/27 20:47:41 Image size of job updated: 251588
	0  -  MemoryUsage of job (MB)
	0  -  ResidentSetSize of job (KB)
...
005 (9643902.000.000) 02/27 20:47:41 Job terminated.
	(1) Normal termination (return value 0)
		Usr 0 00:00:00, Sys 0 00:00:00  -  Run Remote Usage
		Usr 0 00:00:00, Sys 0 00:00:00  -  Run Local Usage
		Usr 0 00:00:00, Sys 0 00:00:00  -  Total Remote Usage
		Usr 0 00:00:00, Sys 0 00:00:00  -  Total Local Usage
	0  -  Run Bytes Sent By Job
	0  -  Run Bytes Received By Job
	0  -  Total Bytes Sent By Job
	0  -  Total Bytes Received By Job
	Partitionable Resources :    Usage  Request Allocated
	   Cpus                 :                 1         1
	   Disk (KB)            :        1        1  13384527
	   Memory (MB)          :        0        1      6441
...
