000 (8914262.000.000) 12/10 23:42:45 Job submitted from host: <10.10.48.31:12542?addrs=10.10.48.31-12542>
...
001 (8914262.000.000) 12/10 23:42:54 Job executing on host: <10.10.48.133:42257?addrs=10.10.48.133-42257>
...
006 (8914262.000.000) 12/10 23:42:54 Image size of job updated: 175232
	0  -  MemoryUsage of job (MB)
	0  -  ResidentSetSize of job (KB)
...
005 (8914262.000.000) 12/10 23:42:57 Job terminated.
	(1) Normal termination (return value 1)
		Usr 0 00:00:00, Sys 0 00:00:00  -  Run Remote Usage
		Usr 0 00:00:00, Sys 0 00:00:00  -  Run Local Usage
		Usr 0 00:00:00, Sys 0 00:00:00  -  Total Remote Usage
		Usr 0 00:00:00, Sys 0 00:00:00  -  Total Local Usage
	0  -  Run Bytes Sent By Job
	0  -  Run Bytes Received By Job
	0  -  Total Bytes Sent By Job
	0  -  Total Bytes Received By Job
	Partitionable Resources :    Usage  Request Allocated
	   Cpus                 :                 1         1
	   Disk (KB)            :        1        1  13386734
	   Memory (MB)          :        0        1      6441
...
000 (8914424.000.000) 12/10 23:48:58 Job submitted from host: <10.10.48.31:12542?addrs=10.10.48.31-12542>
...
001 (8914424.000.000) 12/10 23:50:00 Job executing on host: <10.10.48.43:4900?addrs=10.10.48.43-4900>
...
006 (8914424.000.000) 12/10 23:50:04 Image size of job updated: 185764
	0  -  MemoryUsage of job (MB)
	0  -  ResidentSetSize of job (KB)
...
005 (8914424.000.000) 12/10 23:50:04 Job terminated.
	(1) Normal termination (return value 0)
		Usr 0 00:00:00, Sys 0 00:00:00  -  Run Remote Usage
		Usr 0 00:00:00, Sys 0 00:00:00  -  Run Local Usage
		Usr 0 00:00:00, Sys 0 00:00:00  -  Total Remote Usage
		Usr 0 00:00:00, Sys 0 00:00:00  -  Total Local Usage
	0  -  Run Bytes Sent By Job
	0  -  Run Bytes Received By Job
	0  -  Total Bytes Sent By Job
	0  -  Total Bytes Received By Job
	Partitionable Resources :    Usage  Request Allocated
	   Cpus                 :                 1         1
	   Disk (KB)            :        1        1  16728142
	   Memory (MB)          :        0        1      4023
...
000 (8914586.000.000) 12/11 16:48:16 Job submitted from host: <10.10.48.31:12542?addrs=10.10.48.31-12542>
...
001 (8914586.000.000) 12/11 16:48:37 Job executing on host: <10.10.48.141:50603?addrs=10.10.48.141-50603>
...
006 (8914586.000.000) 12/11 16:48:42 Image size of job updated: 190868
	0  -  MemoryUsage of job (MB)
	0  -  ResidentSetSize of job (KB)
...
005 (8914586.000.000) 12/11 16:48:42 Job terminated.
	(1) Normal termination (return value 0)
		Usr 0 00:00:01, Sys 0 00:00:00  -  Run Remote Usage
		Usr 0 00:00:00, Sys 0 00:00:00  -  Run Local Usage
		Usr 0 00:00:01, Sys 0 00:00:00  -  Total Remote Usage
		Usr 0 00:00:00, Sys 0 00:00:00  -  Total Local Usage
	0  -  Run Bytes Sent By Job
	0  -  Run Bytes Received By Job
	0  -  Total Bytes Sent By Job
	0  -  Total Bytes Received By Job
	Partitionable Resources :    Usage  Request Allocated
	   Cpus                 :                 1         1
	   Disk (KB)            :        1        1  13376623
	   Memory (MB)          :        0        1      6441
...
000 (8915348.000.000) 12/11 17:17:46 Job submitted from host: <10.10.48.31:12542?addrs=10.10.48.31-12542>
...
001 (8915348.000.000) 12/11 17:18:48 Job executing on host: <10.10.48.37:22739?addrs=10.10.48.37-22739>
...
006 (8915348.000.000) 12/11 17:18:50 Image size of job updated: 192472
	0  -  MemoryUsage of job (MB)
	0  -  ResidentSetSize of job (KB)
...
005 (8915348.000.000) 12/11 17:18:51 Job terminated.
	(1) Normal termination (return value 0)
		Usr 0 00:00:00, Sys 0 00:00:00  -  Run Remote Usage
		Usr 0 00:00:00, Sys 0 00:00:00  -  Run Local Usage
		Usr 0 00:00:00, Sys 0 00:00:00  -  Total Remote Usage
		Usr 0 00:00:00, Sys 0 00:00:00  -  Total Local Usage
	0  -  Run Bytes Sent By Job
	0  -  Run Bytes Received By Job
	0  -  Total Bytes Sent By Job
	0  -  Total Bytes Received By Job
	Partitionable Resources :    Usage  Request Allocated
	   Cpus                 :                 1         1
	   Disk (KB)            :        1        1  16727214
	   Memory (MB)          :        0        1      4023
...
000 (8915510.000.000) 12/11 22:46:52 Job submitted from host: <10.10.48.31:12542?addrs=10.10.48.31-12542>
...
001 (8915510.000.000) 12/11 22:47:12 Job executing on host: <10.10.48.141:50603?addrs=10.10.48.141-50603>
...
006 (8915510.000.000) 12/11 22:47:21 Image size of job updated: 185764
	33  -  MemoryUsage of job (MB)
	33660  -  ResidentSetSize of job (KB)
...
006 (8915510.000.000) 12/11 22:47:48 Image size of job updated: 192472
	33  -  MemoryUsage of job (MB)
	33660  -  ResidentSetSize of job (KB)
...
005 (8915510.000.000) 12/11 22:47:48 Job terminated.
	(1) Normal termination (return value 0)
		Usr 0 00:00:14, Sys 0 00:00:00  -  Run Remote Usage
		Usr 0 00:00:00, Sys 0 00:00:00  -  Run Local Usage
		Usr 0 00:00:14, Sys 0 00:00:00  -  Total Remote Usage
		Usr 0 00:00:00, Sys 0 00:00:00  -  Total Local Usage
	0  -  Run Bytes Sent By Job
	0  -  Run Bytes Received By Job
	0  -  Total Bytes Sent By Job
	0  -  Total Bytes Received By Job
	Partitionable Resources :    Usage  Request Allocated
	   Cpus                 :                 1         1
	   Disk (KB)            :        1        1  13376574
	   Memory (MB)          :       33        1      6441
...
000 (8915642.000.000) 12/11 22:56:59 Job submitted from host: <10.10.48.31:12542?addrs=10.10.48.31-12542>
...
001 (8915642.000.000) 12/11 22:57:19 Job executing on host: <10.10.48.141:50603?addrs=10.10.48.141-50603>
...
006 (8915642.000.000) 12/11 22:57:28 Image size of job updated: 190832
	39  -  MemoryUsage of job (MB)
	39224  -  ResidentSetSize of job (KB)
...
005 (8915642.000.000) 12/11 22:57:28 Job terminated.
	(1) Normal termination (return value 0)
		Usr 0 00:00:07, Sys 0 00:00:00  -  Run Remote Usage
		Usr 0 00:00:00, Sys 0 00:00:00  -  Run Local Usage
		Usr 0 00:00:07, Sys 0 00:00:00  -  Total Remote Usage
		Usr 0 00:00:00, Sys 0 00:00:00  -  Total Local Usage
	0  -  Run Bytes Sent By Job
	0  -  Run Bytes Received By Job
	0  -  Total Bytes Sent By Job
	0  -  Total Bytes Received By Job
	Partitionable Resources :    Usage  Request Allocated
	   Cpus                 :                 1         1
	   Disk (KB)            :        1        1  13376549
	   Memory (MB)          :       39        1      6441
...
000 (8915774.000.000) 12/11 23:09:00 Job submitted from host: <10.10.48.31:12542?addrs=10.10.48.31-12542>
...
001 (8915774.000.000) 12/11 23:09:04 Job executing on host: <10.10.48.141:50603?addrs=10.10.48.141-50603>
...
006 (8915774.000.000) 12/11 23:09:08 Image size of job updated: 192748
	0  -  MemoryUsage of job (MB)
	0  -  ResidentSetSize of job (KB)
...
005 (8915774.000.000) 12/11 23:09:08 Job terminated.
	(1) Normal termination (return value 1)
		Usr 0 00:00:00, Sys 0 00:00:00  -  Run Remote Usage
		Usr 0 00:00:00, Sys 0 00:00:00  -  Run Local Usage
		Usr 0 00:00:00, Sys 0 00:00:00  -  Total Remote Usage
		Usr 0 00:00:00, Sys 0 00:00:00  -  Total Local Usage
	0  -  Run Bytes Sent By Job
	0  -  Run Bytes Received By Job
	0  -  Total Bytes Sent By Job
	0  -  Total Bytes Received By Job
	Partitionable Resources :    Usage  Request Allocated
	   Cpus                 :                 1         1
	   Disk (KB)            :        1        1  13376523
	   Memory (MB)          :        0        1      6441
...
000 (8915936.000.000) 12/11 23:22:22 Job submitted from host: <10.10.48.31:12542?addrs=10.10.48.31-12542>
...
001 (8915936.000.000) 12/11 23:22:42 Job executing on host: <10.10.48.141:50603?addrs=10.10.48.141-50603>
...
006 (8915936.000.000) 12/11 23:22:44 Image size of job updated: 192940
	0  -  MemoryUsage of job (MB)
	0  -  ResidentSetSize of job (KB)
...
005 (8915936.000.000) 12/11 23:22:45 Job terminated.
	(1) Normal termination (return value 0)
		Usr 0 00:00:01, Sys 0 00:00:00  -  Run Remote Usage
		Usr 0 00:00:00, Sys 0 00:00:00  -  Run Local Usage
		Usr 0 00:00:01, Sys 0 00:00:00  -  Total Remote Usage
		Usr 0 00:00:00, Sys 0 00:00:00  -  Total Local Usage
	0  -  Run Bytes Sent By Job
	0  -  Run Bytes Received By Job
	0  -  Total Bytes Sent By Job
	0  -  Total Bytes Received By Job
	Partitionable Resources :    Usage  Request Allocated
	   Cpus                 :                 1         1
	   Disk (KB)            :        1        1  13376493
	   Memory (MB)          :        0        1      6441
...
000 (8916099.000.000) 12/12 14:23:30 Job submitted from host: <10.10.48.31:12542?addrs=10.10.48.31-12542>
...
001 (8916099.000.000) 12/12 14:23:49 Job executing on host: <10.10.48.141:50603?addrs=10.10.48.141-50603>
...
006 (8916099.000.000) 12/12 14:23:57 Image size of job updated: 175336
	29  -  MemoryUsage of job (MB)
	29112  -  ResidentSetSize of job (KB)
...
006 (8916099.000.000) 12/12 14:24:16 Image size of job updated: 192832
	29  -  MemoryUsage of job (MB)
	29112  -  ResidentSetSize of job (KB)
...
005 (8916099.000.000) 12/12 14:24:16 Job terminated.
	(1) Normal termination (return value 0)
		Usr 0 00:00:05, Sys 0 00:00:00  -  Run Remote Usage
		Usr 0 00:00:00, Sys 0 00:00:00  -  Run Local Usage
		Usr 0 00:00:05, Sys 0 00:00:00  -  Total Remote Usage
		Usr 0 00:00:00, Sys 0 00:00:00  -  Total Local Usage
	0  -  Run Bytes Sent By Job
	0  -  Run Bytes Received By Job
	0  -  Total Bytes Sent By Job
	0  -  Total Bytes Received By Job
	Partitionable Resources :    Usage  Request Allocated
	   Cpus                 :                 1         1
	   Disk (KB)            :        1        1  13376559
	   Memory (MB)          :       29        1      6441
...
000 (9637144.000.000) 02/27 16:01:32 Job submitted from host: <10.10.48.31:15410?addrs=10.10.48.31-15410>
...
001 (9637144.000.000) 02/27 16:01:50 Job executing on host: <10.10.48.35:24288?addrs=10.10.48.35-24288>
...
006 (9637144.000.000) 02/27 16:01:59 Image size of job updated: 115604
	18  -  MemoryUsage of job (MB)
	18312  -  ResidentSetSize of job (KB)
...
006 (9637144.000.000) 02/27 16:02:18 Image size of job updated: 183796
	18  -  MemoryUsage of job (MB)
	18312  -  ResidentSetSize of job (KB)
...
005 (9637144.000.000) 02/27 16:02:18 Job terminated.
	(1) Normal termination (return value 255)
		Usr 0 00:00:00, Sys 0 00:00:00  -  Run Remote Usage
		Usr 0 00:00:00, Sys 0 00:00:00  -  Run Local Usage
		Usr 0 00:00:00, Sys 0 00:00:00  -  Total Remote Usage
		Usr 0 00:00:00, Sys 0 00:00:00  -  Total Local Usage
	0  -  Run Bytes Sent By Job
	0  -  Run Bytes Received By Job
	0  -  Total Bytes Sent By Job
	0  -  Total Bytes Received By Job
	Partitionable Resources :    Usage  Request Allocated
	   Cpus                 :                 1         1
	   Disk (KB)            :        1        1  16724161
	   Memory (MB)          :       18        1      4023
...
000 (9643725.000.000) 02/27 20:47:08 Job submitted from host: <10.10.48.31:15410?addrs=10.10.48.31-15410>
...
001 (9643725.000.000) 02/27 20:47:16 Job executing on host: <10.10.48.140:16345?addrs=10.10.48.140-16345>
...
006 (9643725.000.000) 02/27 20:47:18 Image size of job updated: 252988
	0  -  MemoryUsage of job (MB)
	0  -  ResidentSetSize of job (KB)
...
005 (9643725.000.000) 02/27 20:47:19 Job terminated.
	(1) Normal termination (return value 0)
		Usr 0 00:00:00, Sys 0 00:00:00  -  Run Remote Usage
		Usr 0 00:00:00, Sys 0 00:00:00  -  Run Local Usage
		Usr 0 00:00:00, Sys 0 00:00:00  -  Total Remote Usage
		Usr 0 00:00:00, Sys 0 00:00:00  -  Total Local Usage
	0  -  Run Bytes Sent By Job
	0  -  Run Bytes Received By Job
	0  -  Total Bytes Sent By Job
	0  -  Total Bytes Received By Job
	Partitionable Resources :    Usage  Request Allocated
	   Cpus                 :                 1         1
	   Disk (KB)            :        1        1  13384715
	   Memory (MB)          :        0        1      6441
...
