000 (8914274.000.000) 12/10 23:42:47 Job submitted from host: <10.10.48.31:12542?addrs=10.10.48.31-12542>
...
001 (8914274.000.000) 12/10 23:42:56 Job executing on host: <10.10.48.133:42257?addrs=10.10.48.133-42257>
...
006 (8914274.000.000) 12/10 23:42:56 Image size of job updated: 163064
	0  -  MemoryUsage of job (MB)
	0  -  ResidentSetSize of job (KB)
...
005 (8914274.000.000) 12/10 23:42:58 Job terminated.
	(1) Normal termination (return value 1)
		Usr 0 00:00:00, Sys 0 00:00:00  -  Run Remote Usage
		Usr 0 00:00:00, Sys 0 00:00:00  -  Run Local Usage
		Usr 0 00:00:00, Sys 0 00:00:00  -  Total Remote Usage
		Usr 0 00:00:00, Sys 0 00:00:00  -  Total Local Usage
	0  -  Run Bytes Sent By Job
	0  -  Run Bytes Received By Job
	0  -  Total Bytes Sent By Job
	0  -  Total Bytes Received By Job
	Partitionable Resources :    Usage  Request Allocated
	   Cpus                 :                 1         1
	   Disk (KB)            :        1        1  13386734
	   Memory (MB)          :        0        1      6441
...
000 (8914436.000.000) 12/10 23:49:00 Job submitted from host: <10.10.48.31:12542?addrs=10.10.48.31-12542>
...
001 (8914436.000.000) 12/10 23:49:18 Job executing on host: <10.10.48.138:10254?addrs=10.10.48.138-10254>
...
006 (8914436.000.000) 12/10 23:49:26 Image size of job updated: 185620
	32  -  MemoryUsage of job (MB)
	32400  -  ResidentSetSize of job (KB)
...
006 (8914436.000.000) 12/10 23:54:26 Image size of job updated: 194380
	43  -  MemoryUsage of job (MB)
	43968  -  ResidentSetSize of job (KB)
...
006 (8914436.000.000) 12/10 23:55:40 Image size of job updated: 194968
	43  -  MemoryUsage of job (MB)
	43968  -  ResidentSetSize of job (KB)
...
005 (8914436.000.000) 12/10 23:55:40 Job terminated.
	(1) Normal termination (return value 0)
		Usr 0 00:04:05, Sys 0 00:00:03  -  Run Remote Usage
		Usr 0 00:00:00, Sys 0 00:00:00  -  Run Local Usage
		Usr 0 00:04:05, Sys 0 00:00:03  -  Total Remote Usage
		Usr 0 00:00:00, Sys 0 00:00:00  -  Total Local Usage
	0  -  Run Bytes Sent By Job
	0  -  Run Bytes Received By Job
	0  -  Total Bytes Sent By Job
	0  -  Total Bytes Received By Job
	Partitionable Resources :    Usage  Request Allocated
	   Cpus                 :                 1         1
	   Disk (KB)            :        1        1  13380600
	   Memory (MB)          :       43        1      6441
...
000 (8914598.000.000) 12/11 16:48:18 Job submitted from host: <10.10.48.31:12542?addrs=10.10.48.31-12542>
...
001 (8914598.000.000) 12/11 16:48:36 Job executing on host: <10.10.48.35:61041?addrs=10.10.48.35-61041>
...
006 (8914598.000.000) 12/11 16:48:45 Image size of job updated: 185620
	33  -  MemoryUsage of job (MB)
	33704  -  ResidentSetSize of job (KB)
...
006 (8914598.000.000) 12/11 16:53:45 Image size of job updated: 194480
	44  -  MemoryUsage of job (MB)
	44956  -  ResidentSetSize of job (KB)
...
006 (8914598.000.000) 12/11 16:54:27 Image size of job updated: 195052
	44  -  MemoryUsage of job (MB)
	44956  -  ResidentSetSize of job (KB)
...
005 (8914598.000.000) 12/11 16:54:27 Job terminated.
	(1) Normal termination (return value 0)
		Usr 0 00:03:32, Sys 0 00:00:04  -  Run Remote Usage
		Usr 0 00:00:00, Sys 0 00:00:00  -  Run Local Usage
		Usr 0 00:03:32, Sys 0 00:00:04  -  Total Remote Usage
		Usr 0 00:00:00, Sys 0 00:00:00  -  Total Local Usage
	0  -  Run Bytes Sent By Job
	0  -  Run Bytes Received By Job
	0  -  Total Bytes Sent By Job
	0  -  Total Bytes Received By Job
	Partitionable Resources :    Usage  Request Allocated
	   Cpus                 :                 1         1
	   Disk (KB)            :        1        1  16721155
	   Memory (MB)          :       44        1      4023
...
000 (8915360.000.000) 12/11 17:17:48 Job submitted from host: <10.10.48.31:12542?addrs=10.10.48.31-12542>
...
001 (8915360.000.000) 12/11 17:18:02 Job executing on host: <10.10.48.37:22739?addrs=10.10.48.37-22739>
...
006 (8915360.000.000) 12/11 17:18:10 Image size of job updated: 185896
	33  -  MemoryUsage of job (MB)
	32932  -  ResidentSetSize of job (KB)
...
006 (8915360.000.000) 12/11 17:22:16 Image size of job updated: 193044
	33  -  MemoryUsage of job (MB)
	32932  -  ResidentSetSize of job (KB)
...
005 (8915360.000.000) 12/11 17:22:16 Job terminated.
	(1) Normal termination (return value 0)
		Usr 0 00:03:51, Sys 0 00:00:04  -  Run Remote Usage
		Usr 0 00:00:00, Sys 0 00:00:00  -  Run Local Usage
		Usr 0 00:03:51, Sys 0 00:00:04  -  Total Remote Usage
		Usr 0 00:00:00, Sys 0 00:00:00  -  Total Local Usage
	0  -  Run Bytes Sent By Job
	0  -  Run Bytes Received By Job
	0  -  Total Bytes Sent By Job
	0  -  Total Bytes Received By Job
	Partitionable Resources :    Usage  Request Allocated
	   Cpus                 :                 1         1
	   Disk (KB)            :        1        1  16727215
	   Memory (MB)          :       33        1      4023
...
000 (8915522.000.000) 12/11 22:46:54 Job submitted from host: <10.10.48.31:12542?addrs=10.10.48.31-12542>
...
001 (8915522.000.000) 12/11 22:47:11 Job executing on host: <10.10.48.35:61041?addrs=10.10.48.35-61041>
...
006 (8915522.000.000) 12/11 22:47:20 Image size of job updated: 185804
	32  -  MemoryUsage of job (MB)
	32552  -  ResidentSetSize of job (KB)
...
006 (8915522.000.000) 12/11 22:52:21 Image size of job updated: 192572
	41  -  MemoryUsage of job (MB)
	41712  -  ResidentSetSize of job (KB)
...
000 (8915654.000.000) 12/11 22:57:00 Job submitted from host: <10.10.48.31:12542?addrs=10.10.48.31-12542>
...
006 (8915522.000.000) 12/11 22:57:09 Image size of job updated: 193932
	41  -  MemoryUsage of job (MB)
	41712  -  ResidentSetSize of job (KB)
...
005 (8915522.000.000) 12/11 22:57:09 Job terminated.
	(1) Normal termination (return value 0)
		Usr 0 00:06:17, Sys 0 00:00:07  -  Run Remote Usage
		Usr 0 00:00:00, Sys 0 00:00:00  -  Run Local Usage
		Usr 0 00:06:17, Sys 0 00:00:07  -  Total Remote Usage
		Usr 0 00:00:00, Sys 0 00:00:00  -  Total Local Usage
	0  -  Run Bytes Sent By Job
	0  -  Run Bytes Received By Job
	0  -  Total Bytes Sent By Job
	0  -  Total Bytes Received By Job
	Partitionable Resources :    Usage  Request Allocated
	   Cpus                 :                 1         1
	   Disk (KB)            :        1        1  16721100
	   Memory (MB)          :       41        1      4023
...
001 (8915654.000.000) 12/11 22:57:20 Job executing on host: <10.10.48.141:50603?addrs=10.10.48.141-50603>
...
006 (8915654.000.000) 12/11 22:57:29 Image size of job updated: 192492
	38  -  MemoryUsage of job (MB)
	38500  -  ResidentSetSize of job (KB)
...
006 (8915654.000.000) 12/11 23:02:29 Image size of job updated: 197960
	44  -  MemoryUsage of job (MB)
	44428  -  ResidentSetSize of job (KB)
...
006 (8915654.000.000) 12/11 23:04:16 Image size of job updated: 201748
	44  -  MemoryUsage of job (MB)
	44428  -  ResidentSetSize of job (KB)
...
005 (8915654.000.000) 12/11 23:04:16 Job terminated.
	(1) Normal termination (return value 0)
		Usr 0 00:05:50, Sys 0 00:00:05  -  Run Remote Usage
		Usr 0 00:00:00, Sys 0 00:00:00  -  Run Local Usage
		Usr 0 00:05:50, Sys 0 00:00:05  -  Total Remote Usage
		Usr 0 00:00:00, Sys 0 00:00:00  -  Total Local Usage
	0  -  Run Bytes Sent By Job
	0  -  Run Bytes Received By Job
	0  -  Total Bytes Sent By Job
	0  -  Total Bytes Received By Job
	Partitionable Resources :    Usage  Request Allocated
	   Cpus                 :                 1         1
	   Disk (KB)            :        1        1  13376548
	   Memory (MB)          :       44        1      6441
...
000 (8915786.000.000) 12/11 23:09:01 Job submitted from host: <10.10.48.31:12542?addrs=10.10.48.31-12542>
...
001 (8915786.000.000) 12/11 23:09:04 Job executing on host: <10.10.48.35:61041?addrs=10.10.48.35-61041>
...
006 (8915786.000.000) 12/11 23:09:13 Image size of job updated: 179440
	28  -  MemoryUsage of job (MB)
	28112  -  ResidentSetSize of job (KB)
...
006 (8915786.000.000) 12/11 23:14:14 Image size of job updated: 231316
	72  -  MemoryUsage of job (MB)
	73056  -  ResidentSetSize of job (KB)
...
006 (8915786.000.000) 12/11 23:15:02 Image size of job updated: 240228
	72  -  MemoryUsage of job (MB)
	73056  -  ResidentSetSize of job (KB)
...
005 (8915786.000.000) 12/11 23:15:02 Job terminated.
	(1) Normal termination (return value 1)
		Usr 0 00:01:48, Sys 0 00:00:03  -  Run Remote Usage
		Usr 0 00:00:00, Sys 0 00:00:00  -  Run Local Usage
		Usr 0 00:01:48, Sys 0 00:00:03  -  Total Remote Usage
		Usr 0 00:00:00, Sys 0 00:00:00  -  Total Local Usage
	0  -  Run Bytes Sent By Job
	0  -  Run Bytes Received By Job
	0  -  Total Bytes Sent By Job
	0  -  Total Bytes Received By Job
	Partitionable Resources :    Usage  Request Allocated
	   Cpus                 :                 1         1
	   Disk (KB)            :        1        1  16721113
	   Memory (MB)          :       72        1      4023
...
000 (8915948.000.000) 12/11 23:22:23 Job submitted from host: <10.10.48.31:12542?addrs=10.10.48.31-12542>
...
001 (8915948.000.000) 12/11 23:22:44 Job executing on host: <10.10.48.141:50603?addrs=10.10.48.141-50603>
...
006 (8915948.000.000) 12/11 23:22:53 Image size of job updated: 194992
	42  -  MemoryUsage of job (MB)
	42160  -  ResidentSetSize of job (KB)
...
006 (8915948.000.000) 12/11 23:27:51 Image size of job updated: 238036
	42  -  MemoryUsage of job (MB)
	42160  -  ResidentSetSize of job (KB)
...
005 (8915948.000.000) 12/11 23:27:51 Job terminated.
	(1) Normal termination (return value 0)
		Usr 0 00:01:10, Sys 0 00:00:01  -  Run Remote Usage
		Usr 0 00:00:00, Sys 0 00:00:00  -  Run Local Usage
		Usr 0 00:01:10, Sys 0 00:00:01  -  Total Remote Usage
		Usr 0 00:00:00, Sys 0 00:00:00  -  Total Local Usage
	0  -  Run Bytes Sent By Job
	0  -  Run Bytes Received By Job
	0  -  Total Bytes Sent By Job
	0  -  Total Bytes Received By Job
	Partitionable Resources :    Usage  Request Allocated
	   Cpus                 :                 1         1
	   Disk (KB)            :        1        1  13376493
	   Memory (MB)          :       42        1      6441
...
000 (8916111.000.000) 12/12 14:23:31 Job submitted from host: <10.10.48.31:12542?addrs=10.10.48.31-12542>
...
001 (8916111.000.000) 12/12 14:23:48 Job executing on host: <10.10.48.35:61041?addrs=10.10.48.35-61041>
...
006 (8916111.000.000) 12/12 14:23:56 Image size of job updated: 179440
	29  -  MemoryUsage of job (MB)
	29324  -  ResidentSetSize of job (KB)
...
006 (8916111.000.000) 12/12 14:28:56 Image size of job updated: 343188
	178  -  MemoryUsage of job (MB)
	182220  -  ResidentSetSize of job (KB)
...
006 (8916111.000.000) 12/12 14:32:40 Image size of job updated: 547116
	178  -  MemoryUsage of job (MB)
	182220  -  ResidentSetSize of job (KB)
...
005 (8916111.000.000) 12/12 14:32:40 Job terminated.
	(1) Normal termination (return value 0)
		Usr 0 00:03:33, Sys 0 00:00:05  -  Run Remote Usage
		Usr 0 00:00:00, Sys 0 00:00:00  -  Run Local Usage
		Usr 0 00:03:33, Sys 0 00:00:05  -  Total Remote Usage
		Usr 0 00:00:00, Sys 0 00:00:00  -  Total Local Usage
	0  -  Run Bytes Sent By Job
	0  -  Run Bytes Received By Job
	0  -  Total Bytes Sent By Job
	0  -  Total Bytes Received By Job
	Partitionable Resources :    Usage  Request Allocated
	   Cpus                 :                 1         1
	   Disk (KB)            :        1        1  16721064
	   Memory (MB)          :      178        1      4023
...
