000 (8914391.000.000) 12/10 23:43:10 Job submitted from host: <10.10.48.31:12542?addrs=10.10.48.31-12542>
...
001 (8914391.000.000) 12/10 23:44:16 Job executing on host: <10.10.48.44:53822?addrs=10.10.48.44-53822>
...
006 (8914391.000.000) 12/10 23:44:16 Image size of job updated: 1
	0  -  MemoryUsage of job (MB)
	0  -  ResidentSetSize of job (KB)
...
005 (8914391.000.000) 12/10 23:44:16 Job terminated.
	(1) Normal termination (return value 1)
		Usr 0 00:00:00, Sys 0 00:00:00  -  Run Remote Usage
		Usr 0 00:00:00, Sys 0 00:00:00  -  Run Local Usage
		Usr 0 00:00:00, Sys 0 00:00:00  -  Total Remote Usage
		Usr 0 00:00:00, Sys 0 00:00:00  -  Total Local Usage
	0  -  Run Bytes Sent By Job
	0  -  Run Bytes Received By Job
	0  -  Total Bytes Sent By Job
	0  -  Total Bytes Received By Job
	Partitionable Resources :    Usage  Request Allocated
	   Cpus                 :                 1         1
	   Disk (KB)            :        1        1  16726519
	   Memory (MB)          :        0        1      4023
...
000 (8914553.000.000) 12/10 23:51:57 Job submitted from host: <10.10.48.31:12542?addrs=10.10.48.31-12542>
...
001 (8914553.000.000) 12/10 23:53:00 Job executing on host: <10.10.48.41:20766?addrs=10.10.48.41-20766>
...
006 (8914553.000.000) 12/10 23:53:09 Image size of job updated: 185600
	32  -  MemoryUsage of job (MB)
	32388  -  ResidentSetSize of job (KB)
...
006 (8914553.000.000) 12/10 23:56:01 Image size of job updated: 192736
	32  -  MemoryUsage of job (MB)
	32388  -  ResidentSetSize of job (KB)
...
005 (8914553.000.000) 12/10 23:56:01 Job terminated.
	(1) Normal termination (return value 0)
		Usr 0 00:01:38, Sys 0 00:00:01  -  Run Remote Usage
		Usr 0 00:00:00, Sys 0 00:00:00  -  Run Local Usage
		Usr 0 00:01:38, Sys 0 00:00:01  -  Total Remote Usage
		Usr 0 00:00:00, Sys 0 00:00:00  -  Total Local Usage
	0  -  Run Bytes Sent By Job
	0  -  Run Bytes Received By Job
	0  -  Total Bytes Sent By Job
	0  -  Total Bytes Received By Job
	Partitionable Resources :    Usage  Request Allocated
	   Cpus                 :                 1         1
	   Disk (KB)            :        1        1  16725276
	   Memory (MB)          :       32        1      4023
...
000 (8914715.000.000) 12/11 16:51:24 Job submitted from host: <10.10.48.31:12542?addrs=10.10.48.31-12542>
...
001 (8914715.000.000) 12/11 16:51:25 Job executing on host: <10.10.48.141:50603?addrs=10.10.48.141-50603>
...
006 (8914715.000.000) 12/11 16:51:34 Image size of job updated: 185596
	34  -  MemoryUsage of job (MB)
	33824  -  ResidentSetSize of job (KB)
...
006 (8914715.000.000) 12/11 16:54:37 Image size of job updated: 192636
	34  -  MemoryUsage of job (MB)
	33824  -  ResidentSetSize of job (KB)
...
005 (8914715.000.000) 12/11 16:54:37 Job terminated.
	(1) Normal termination (return value 0)
		Usr 0 00:02:07, Sys 0 00:00:01  -  Run Remote Usage
		Usr 0 00:00:00, Sys 0 00:00:00  -  Run Local Usage
		Usr 0 00:02:07, Sys 0 00:00:01  -  Total Remote Usage
		Usr 0 00:00:00, Sys 0 00:00:00  -  Total Local Usage
	0  -  Run Bytes Sent By Job
	0  -  Run Bytes Received By Job
	0  -  Total Bytes Sent By Job
	0  -  Total Bytes Received By Job
	Partitionable Resources :    Usage  Request Allocated
	   Cpus                 :                 1         1
	   Disk (KB)            :        1        1  13376623
	   Memory (MB)          :       34        1      6441
...
000 (8915477.000.000) 12/11 17:19:46 Job submitted from host: <10.10.48.31:12542?addrs=10.10.48.31-12542>
...
001 (8915477.000.000) 12/11 17:20:18 Job executing on host: <10.10.48.135:49492?addrs=10.10.48.135-49492>
...
006 (8915477.000.000) 12/11 17:20:26 Image size of job updated: 185596
	34  -  MemoryUsage of job (MB)
	33836  -  ResidentSetSize of job (KB)
...
006 (8915477.000.000) 12/11 17:22:19 Image size of job updated: 193968
	34  -  MemoryUsage of job (MB)
	33836  -  ResidentSetSize of job (KB)
...
005 (8915477.000.000) 12/11 17:22:19 Job terminated.
	(1) Normal termination (return value 0)
		Usr 0 00:01:51, Sys 0 00:00:01  -  Run Remote Usage
		Usr 0 00:00:00, Sys 0 00:00:00  -  Run Local Usage
		Usr 0 00:01:51, Sys 0 00:00:01  -  Total Remote Usage
		Usr 0 00:00:00, Sys 0 00:00:00  -  Total Local Usage
	0  -  Run Bytes Sent By Job
	0  -  Run Bytes Received By Job
	0  -  Total Bytes Sent By Job
	0  -  Total Bytes Received By Job
	Partitionable Resources :    Usage  Request Allocated
	   Cpus                 :                 1         1
	   Disk (KB)            :        1        1  13377146
	   Memory (MB)          :       34        1      6441
...
000 (8915903.000.000) 12/11 23:11:04 Job submitted from host: <10.10.48.31:12542?addrs=10.10.48.31-12542>
...
001 (8915903.000.000) 12/11 23:11:06 Job executing on host: <10.10.48.35:61041?addrs=10.10.48.35-61041>
...
006 (8915903.000.000) 12/11 23:11:14 Image size of job updated: 179444
	29  -  MemoryUsage of job (MB)
	29116  -  ResidentSetSize of job (KB)
...
006 (8915903.000.000) 12/11 23:14:57 Image size of job updated: 193060
	29  -  MemoryUsage of job (MB)
	29116  -  ResidentSetSize of job (KB)
...
005 (8915903.000.000) 12/11 23:14:57 Job terminated.
	(1) Normal termination (return value 1)
		Usr 0 00:00:56, Sys 0 00:00:01  -  Run Remote Usage
		Usr 0 00:00:00, Sys 0 00:00:00  -  Run Local Usage
		Usr 0 00:00:56, Sys 0 00:00:01  -  Total Remote Usage
		Usr 0 00:00:00, Sys 0 00:00:00  -  Total Local Usage
	0  -  Run Bytes Sent By Job
	0  -  Run Bytes Received By Job
	0  -  Total Bytes Sent By Job
	0  -  Total Bytes Received By Job
	Partitionable Resources :    Usage  Request Allocated
	   Cpus                 :                 1         1
	   Disk (KB)            :        1        1  16721065
	   Memory (MB)          :       29        1      4023
...
000 (8916065.000.000) 12/11 23:23:23 Job submitted from host: <10.10.48.31:12542?addrs=10.10.48.31-12542>
...
001 (8916065.000.000) 12/11 23:23:30 Job executing on host: <10.10.48.141:50603?addrs=10.10.48.141-50603>
...
006 (8916065.000.000) 12/11 23:23:39 Image size of job updated: 192928
	39  -  MemoryUsage of job (MB)
	39744  -  ResidentSetSize of job (KB)
...
006 (8916065.000.000) 12/11 23:27:08 Image size of job updated: 193076
	39  -  MemoryUsage of job (MB)
	39744  -  ResidentSetSize of job (KB)
...
005 (8916065.000.000) 12/11 23:27:08 Job terminated.
	(1) Normal termination (return value 0)
		Usr 0 00:00:41, Sys 0 00:00:01  -  Run Remote Usage
		Usr 0 00:00:00, Sys 0 00:00:00  -  Run Local Usage
		Usr 0 00:00:41, Sys 0 00:00:01  -  Total Remote Usage
		Usr 0 00:00:00, Sys 0 00:00:00  -  Total Local Usage
	0  -  Run Bytes Sent By Job
	0  -  Run Bytes Received By Job
	0  -  Total Bytes Sent By Job
	0  -  Total Bytes Received By Job
	Partitionable Resources :    Usage  Request Allocated
	   Cpus                 :                 1         1
	   Disk (KB)            :        1        1  13376493
	   Memory (MB)          :       39        1      6441
...
