000 (9637420.000.000) 02/27 16:07:41 Job submitted from host: <10.10.48.31:15410?addrs=10.10.48.31-15410>
...
001 (9637420.000.000) 02/27 16:07:43 Job executing on host: <10.10.48.137:1935?addrs=10.10.48.137-1935>
...
006 (9637420.000.000) 02/27 16:07:52 Image size of job updated: 185580
	34  -  MemoryUsage of job (MB)
	33812  -  ResidentSetSize of job (KB)
...
006 (9637420.000.000) 02/27 16:12:53 Image size of job updated: 192492
	43  -  MemoryUsage of job (MB)
	43404  -  ResidentSetSize of job (KB)
...
005 (9637420.000.000) 02/27 16:14:18 Job terminated.
	(1) Normal termination (return value 0)
		Usr 0 00:00:55, Sys 0 00:00:00  -  Run Remote Usage
		Usr 0 00:00:00, Sys 0 00:00:00  -  Run Local Usage
		Usr 0 00:00:55, Sys 0 00:00:00  -  Total Remote Usage
		Usr 0 00:00:00, Sys 0 00:00:00  -  Total Local Usage
	0  -  Run Bytes Sent By Job
	0  -  Run Bytes Received By Job
	0  -  Total Bytes Sent By Job
	0  -  Total Bytes Received By Job
	Partitionable Resources :    Usage  Request Allocated
	   Cpus                 :                 1         1
	   Disk (KB)            :        1        1  13377734
	   Memory (MB)          :       43        1      6441
...
000 (9643909.000.000) 02/27 20:47:40 Job submitted from host: <10.10.48.31:15410?addrs=10.10.48.31-15410>
...
001 (9643909.000.000) 02/27 20:47:41 Job executing on host: <10.10.48.143:56523?addrs=10.10.48.143-56523>
...
006 (9643909.000.000) 02/27 20:47:42 Image size of job updated: 252128
	0  -  MemoryUsage of job (MB)
	0  -  ResidentSetSize of job (KB)
...
005 (9643909.000.000) 02/27 20:47:42 Job terminated.
	(1) Normal termination (return value 2)
		Usr 0 00:00:00, Sys 0 00:00:00  -  Run Remote Usage
		Usr 0 00:00:00, Sys 0 00:00:00  -  Run Local Usage
		Usr 0 00:00:00, Sys 0 00:00:00  -  Total Remote Usage
		Usr 0 00:00:00, Sys 0 00:00:00  -  Total Local Usage
	0  -  Run Bytes Sent By Job
	0  -  Run Bytes Received By Job
	0  -  Total Bytes Sent By Job
	0  -  Total Bytes Received By Job
	Partitionable Resources :    Usage  Request Allocated
	   Cpus                 :                 1         1
	   Disk (KB)            :        1        1  13384575
	   Memory (MB)          :        0        1      6441
...
