000 (8914368.000.000) 12/10 23:43:06 Job submitted from host: <10.10.48.31:12542?addrs=10.10.48.31-12542>
...
001 (8914368.000.000) 12/10 23:43:14 Job executing on host: <10.10.48.35:61041?addrs=10.10.48.35-61041>
...
006 (8914368.000.000) 12/10 23:43:14 Image size of job updated: 170516
	0  -  MemoryUsage of job (MB)
	0  -  ResidentSetSize of job (KB)
...
005 (8914368.000.000) 12/10 23:43:14 Job terminated.
	(1) Normal termination (return value 1)
		Usr 0 00:00:00, Sys 0 00:00:00  -  Run Remote Usage
		Usr 0 00:00:00, Sys 0 00:00:00  -  Run Local Usage
		Usr 0 00:00:00, Sys 0 00:00:00  -  Total Remote Usage
		Usr 0 00:00:00, Sys 0 00:00:00  -  Total Local Usage
	0  -  Run Bytes Sent By Job
	0  -  Run Bytes Received By Job
	0  -  Total Bytes Sent By Job
	0  -  Total Bytes Received By Job
	Partitionable Resources :    Usage  Request Allocated
	   Cpus                 :                 1         1
	   Disk (KB)            :        1        1  16721137
	   Memory (MB)          :        0        1      4023
...
000 (8914530.000.000) 12/10 23:50:54 Job submitted from host: <10.10.48.31:12542?addrs=10.10.48.31-12542>
...
001 (8914530.000.000) 12/10 23:51:57 Job executing on host: <10.10.48.43:4900?addrs=10.10.48.43-4900>
...
006 (8914530.000.000) 12/10 23:52:06 Image size of job updated: 190860
	38  -  MemoryUsage of job (MB)
	38752  -  ResidentSetSize of job (KB)
...
006 (8914530.000.000) 12/10 23:52:49 Image size of job updated: 192612
	38  -  MemoryUsage of job (MB)
	38752  -  ResidentSetSize of job (KB)
...
005 (8914530.000.000) 12/10 23:52:49 Job terminated.
	(1) Normal termination (return value 0)
		Usr 0 00:00:26, Sys 0 00:00:00  -  Run Remote Usage
		Usr 0 00:00:00, Sys 0 00:00:00  -  Run Local Usage
		Usr 0 00:00:26, Sys 0 00:00:00  -  Total Remote Usage
		Usr 0 00:00:00, Sys 0 00:00:00  -  Total Local Usage
	0  -  Run Bytes Sent By Job
	0  -  Run Bytes Received By Job
	0  -  Total Bytes Sent By Job
	0  -  Total Bytes Received By Job
	Partitionable Resources :    Usage  Request Allocated
	   Cpus                 :                 1         1
	   Disk (KB)            :        1        1  16728142
	   Memory (MB)          :       38        1      4023
...
000 (8914692.000.000) 12/11 16:50:02 Job submitted from host: <10.10.48.31:12542?addrs=10.10.48.31-12542>
...
001 (8914692.000.000) 12/11 16:50:03 Job executing on host: <10.10.48.141:50603?addrs=10.10.48.141-50603>
...
006 (8914692.000.000) 12/11 16:50:12 Image size of job updated: 180376
	30  -  MemoryUsage of job (MB)
	30552  -  ResidentSetSize of job (KB)
...
006 (8914692.000.000) 12/11 16:51:26 Image size of job updated: 192568
	30  -  MemoryUsage of job (MB)
	30552  -  ResidentSetSize of job (KB)
...
005 (8914692.000.000) 12/11 16:51:26 Job terminated.
	(1) Normal termination (return value 0)
		Usr 0 00:00:36, Sys 0 00:00:00  -  Run Remote Usage
		Usr 0 00:00:00, Sys 0 00:00:00  -  Run Local Usage
		Usr 0 00:00:36, Sys 0 00:00:00  -  Total Remote Usage
		Usr 0 00:00:00, Sys 0 00:00:00  -  Total Local Usage
	0  -  Run Bytes Sent By Job
	0  -  Run Bytes Received By Job
	0  -  Total Bytes Sent By Job
	0  -  Total Bytes Received By Job
	Partitionable Resources :    Usage  Request Allocated
	   Cpus                 :                 1         1
	   Disk (KB)            :        1        1  13376623
	   Memory (MB)          :       30        1      6441
...
000 (8915454.000.000) 12/11 17:19:07 Job submitted from host: <10.10.48.31:12542?addrs=10.10.48.31-12542>
...
001 (8915454.000.000) 12/11 17:19:45 Job executing on host: <10.10.48.42:24954?addrs=10.10.48.42-24954>
...
006 (8915454.000.000) 12/11 17:19:54 Image size of job updated: 192488
	38  -  MemoryUsage of job (MB)
	38508  -  ResidentSetSize of job (KB)
...
005 (8915454.000.000) 12/11 17:20:16 Job terminated.
	(1) Normal termination (return value 0)
		Usr 0 00:00:26, Sys 0 00:00:00  -  Run Remote Usage
		Usr 0 00:00:00, Sys 0 00:00:00  -  Run Local Usage
		Usr 0 00:00:26, Sys 0 00:00:00  -  Total Remote Usage
		Usr 0 00:00:00, Sys 0 00:00:00  -  Total Local Usage
	0  -  Run Bytes Sent By Job
	0  -  Run Bytes Received By Job
	0  -  Total Bytes Sent By Job
	0  -  Total Bytes Received By Job
	Partitionable Resources :    Usage  Request Allocated
	   Cpus                 :                 1         1
	   Disk (KB)            :        1        1  16729327
	   Memory (MB)          :       38        1      4023
...
000 (8915616.000.000) 12/11 22:49:12 Job submitted from host: <10.10.48.31:12542?addrs=10.10.48.31-12542>
...
001 (8915616.000.000) 12/11 22:49:14 Job executing on host: <10.10.48.43:4900?addrs=10.10.48.43-4900>
...
006 (8915616.000.000) 12/11 22:49:23 Image size of job updated: 1
	2  -  MemoryUsage of job (MB)
	1816  -  ResidentSetSize of job (KB)
...
006 (8915616.000.000) 12/11 22:54:21 Image size of job updated: 193132
	2  -  MemoryUsage of job (MB)
	1816  -  ResidentSetSize of job (KB)
...
005 (8915616.000.000) 12/11 22:54:21 Job terminated.
	(1) Normal termination (return value 0)
		Usr 0 00:03:30, Sys 0 00:00:03  -  Run Remote Usage
		Usr 0 00:00:00, Sys 0 00:00:00  -  Run Local Usage
		Usr 0 00:03:30, Sys 0 00:00:03  -  Total Remote Usage
		Usr 0 00:00:00, Sys 0 00:00:00  -  Total Local Usage
	0  -  Run Bytes Sent By Job
	0  -  Run Bytes Received By Job
	0  -  Total Bytes Sent By Job
	0  -  Total Bytes Received By Job
	Partitionable Resources :    Usage  Request Allocated
	   Cpus                 :                 1         1
	   Disk (KB)            :        1        1  16728038
	   Memory (MB)          :        2        1      4023
...
000 (8915748.000.000) 12/11 22:58:40 Job submitted from host: <10.10.48.31:12542?addrs=10.10.48.31-12542>
...
001 (8915748.000.000) 12/11 22:58:41 Job executing on host: <10.10.48.139:49429?addrs=10.10.48.139-49429>
...
006 (8915748.000.000) 12/11 22:58:50 Image size of job updated: 190988
	38  -  MemoryUsage of job (MB)
	37996  -  ResidentSetSize of job (KB)
...
006 (8915748.000.000) 12/11 23:01:05 Image size of job updated: 192632
	38  -  MemoryUsage of job (MB)
	37996  -  ResidentSetSize of job (KB)
...
005 (8915748.000.000) 12/11 23:01:05 Job terminated.
	(1) Normal termination (return value 0)
		Usr 0 00:01:58, Sys 0 00:00:01  -  Run Remote Usage
		Usr 0 00:00:00, Sys 0 00:00:00  -  Run Local Usage
		Usr 0 00:01:58, Sys 0 00:00:01  -  Total Remote Usage
		Usr 0 00:00:00, Sys 0 00:00:00  -  Total Local Usage
	0  -  Run Bytes Sent By Job
	0  -  Run Bytes Received By Job
	0  -  Total Bytes Sent By Job
	0  -  Total Bytes Received By Job
	Partitionable Resources :    Usage  Request Allocated
	   Cpus                 :                 1         1
	   Disk (KB)            :        1        1  13385019
	   Memory (MB)          :       38        1      6441
...
000 (8915880.000.000) 12/11 23:10:12 Job submitted from host: <10.10.48.31:12542?addrs=10.10.48.31-12542>
...
001 (8915880.000.000) 12/11 23:10:24 Job executing on host: <10.10.48.139:49429?addrs=10.10.48.139-49429>
...
006 (8915880.000.000) 12/11 23:10:33 Image size of job updated: 182664
	29  -  MemoryUsage of job (MB)
	29132  -  ResidentSetSize of job (KB)
...
006 (8915880.000.000) 12/11 23:11:35 Image size of job updated: 192948
	29  -  MemoryUsage of job (MB)
	29132  -  ResidentSetSize of job (KB)
...
005 (8915880.000.000) 12/11 23:11:35 Job terminated.
	(1) Normal termination (return value 1)
		Usr 0 00:00:13, Sys 0 00:00:00  -  Run Remote Usage
		Usr 0 00:00:00, Sys 0 00:00:00  -  Run Local Usage
		Usr 0 00:00:13, Sys 0 00:00:00  -  Total Remote Usage
		Usr 0 00:00:00, Sys 0 00:00:00  -  Total Local Usage
	0  -  Run Bytes Sent By Job
	0  -  Run Bytes Received By Job
	0  -  Total Bytes Sent By Job
	0  -  Total Bytes Received By Job
	Partitionable Resources :    Usage  Request Allocated
	   Cpus                 :                 1         1
	   Disk (KB)            :        1        1  13385060
	   Memory (MB)          :       29        1      6441
...
000 (8916042.000.000) 12/11 23:23:03 Job submitted from host: <10.10.48.31:12542?addrs=10.10.48.31-12542>
...
001 (8916042.000.000) 12/11 23:23:05 Job executing on host: <10.10.48.139:49429?addrs=10.10.48.139-49429>
...
006 (8916042.000.000) 12/11 23:23:14 Image size of job updated: 192964
	37  -  MemoryUsage of job (MB)
	37332  -  ResidentSetSize of job (KB)
...
005 (8916042.000.000) 12/11 23:23:20 Job terminated.
	(1) Normal termination (return value 0)
		Usr 0 00:00:09, Sys 0 00:00:00  -  Run Remote Usage
		Usr 0 00:00:00, Sys 0 00:00:00  -  Run Local Usage
		Usr 0 00:00:09, Sys 0 00:00:00  -  Total Remote Usage
		Usr 0 00:00:00, Sys 0 00:00:00  -  Total Local Usage
	0  -  Run Bytes Sent By Job
	0  -  Run Bytes Received By Job
	0  -  Total Bytes Sent By Job
	0  -  Total Bytes Received By Job
	Partitionable Resources :    Usage  Request Allocated
	   Cpus                 :                 1         1
	   Disk (KB)            :        1        1  13385070
	   Memory (MB)          :       37        1      6441
...
000 (8916205.000.000) 12/12 14:25:57 Job submitted from host: <10.10.48.31:12542?addrs=10.10.48.31-12542>
...
001 (8916205.000.000) 12/12 14:26:05 Job executing on host: <10.10.48.141:50603?addrs=10.10.48.141-50603>
...
006 (8916205.000.000) 12/12 14:26:13 Image size of job updated: 1
	2  -  MemoryUsage of job (MB)
	1872  -  ResidentSetSize of job (KB)
...
006 (8916205.000.000) 12/12 14:29:37 Image size of job updated: 193016
	2  -  MemoryUsage of job (MB)
	1872  -  ResidentSetSize of job (KB)
...
005 (8916205.000.000) 12/12 14:29:37 Job terminated.
	(1) Normal termination (return value 0)
		Usr 0 00:01:01, Sys 0 00:00:01  -  Run Remote Usage
		Usr 0 00:00:00, Sys 0 00:00:00  -  Run Local Usage
		Usr 0 00:01:01, Sys 0 00:00:01  -  Total Remote Usage
		Usr 0 00:00:00, Sys 0 00:00:00  -  Total Local Usage
	0  -  Run Bytes Sent By Job
	0  -  Run Bytes Received By Job
	0  -  Total Bytes Sent By Job
	0  -  Total Bytes Received By Job
	Partitionable Resources :    Usage  Request Allocated
	   Cpus                 :                 1         1
	   Disk (KB)            :        1        1  13376559
	   Memory (MB)          :        2        1      6441
...
000 (9637278.000.000) 02/27 16:03:48 Job submitted from host: <10.10.48.31:15410?addrs=10.10.48.31-15410>
...
001 (9637278.000.000) 02/27 16:03:53 Job executing on host: <10.10.48.146:6748?addrs=10.10.48.146-6748>
...
006 (9637278.000.000) 02/27 16:04:02 Image size of job updated: 186052
	34  -  MemoryUsage of job (MB)
	34528  -  ResidentSetSize of job (KB)
...
005 (9637278.000.000) 02/27 16:06:42 Job terminated.
	(1) Normal termination (return value 255)
		Usr 0 00:00:01, Sys 0 00:00:00  -  Run Remote Usage
		Usr 0 00:00:00, Sys 0 00:00:00  -  Run Local Usage
		Usr 0 00:00:01, Sys 0 00:00:00  -  Total Remote Usage
		Usr 0 00:00:00, Sys 0 00:00:00  -  Total Local Usage
	0  -  Run Bytes Sent By Job
	0  -  Run Bytes Received By Job
	0  -  Total Bytes Sent By Job
	0  -  Total Bytes Received By Job
	Partitionable Resources :    Usage  Request Allocated
	   Cpus                 :                 1         1
	   Disk (KB)            :        1        1  13350363
	   Memory (MB)          :       34        1      6441
...
000 (9643831.000.000) 02/27 20:47:27 Job submitted from host: <10.10.48.31:15410?addrs=10.10.48.31-15410>
...
001 (9643831.000.000) 02/27 20:47:29 Job executing on host: <10.10.48.143:56523?addrs=10.10.48.143-56523>
...
006 (9643831.000.000) 02/27 20:47:30 Image size of job updated: 252784
	0  -  MemoryUsage of job (MB)
	0  -  ResidentSetSize of job (KB)
...
005 (9643831.000.000) 02/27 20:47:30 Job terminated.
	(1) Normal termination (return value 8)
		Usr 0 00:00:00, Sys 0 00:00:00  -  Run Remote Usage
		Usr 0 00:00:00, Sys 0 00:00:00  -  Run Local Usage
		Usr 0 00:00:00, Sys 0 00:00:00  -  Total Remote Usage
		Usr 0 00:00:00, Sys 0 00:00:00  -  Total Local Usage
	0  -  Run Bytes Sent By Job
	0  -  Run Bytes Received By Job
	0  -  Total Bytes Sent By Job
	0  -  Total Bytes Received By Job
	Partitionable Resources :    Usage  Request Allocated
	   Cpus                 :                 1         1
	   Disk (KB)            :        1        1  13384575
	   Memory (MB)          :        0        1      6441
...
