000 (8914315.000.000) 12/10 23:42:55 Job submitted from host: <10.10.48.31:12542?addrs=10.10.48.31-12542>
...
001 (8914315.000.000) 12/10 23:43:03 Job executing on host: <10.10.48.133:42257?addrs=10.10.48.133-42257>
...
006 (8914315.000.000) 12/10 23:43:04 Image size of job updated: 175224
	0  -  MemoryUsage of job (MB)
	0  -  ResidentSetSize of job (KB)
...
005 (8914315.000.000) 12/10 23:43:05 Job terminated.
	(1) Normal termination (return value 1)
		Usr 0 00:00:00, Sys 0 00:00:00  -  Run Remote Usage
		Usr 0 00:00:00, Sys 0 00:00:00  -  Run Local Usage
		Usr 0 00:00:00, Sys 0 00:00:00  -  Total Remote Usage
		Usr 0 00:00:00, Sys 0 00:00:00  -  Total Local Usage
	0  -  Run Bytes Sent By Job
	0  -  Run Bytes Received By Job
	0  -  Total Bytes Sent By Job
	0  -  Total Bytes Received By Job
	Partitionable Resources :    Usage  Request Allocated
	   Cpus                 :                 1         1
	   Disk (KB)            :        1        1  13386734
	   Memory (MB)          :        0        1      6441
...
000 (8914477.000.000) 12/10 23:49:05 Job submitted from host: <10.10.48.31:12542?addrs=10.10.48.31-12542>
...
001 (8914477.000.000) 12/10 23:49:19 Job executing on host: <10.10.48.35:61041?addrs=10.10.48.35-61041>
...
006 (8914477.000.000) 12/10 23:49:28 Image size of job updated: 180388
	29  -  MemoryUsage of job (MB)
	28900  -  ResidentSetSize of job (KB)
...
006 (8914477.000.000) 12/10 23:54:29 Image size of job updated: 192688
	39  -  MemoryUsage of job (MB)
	39240  -  ResidentSetSize of job (KB)
...
006 (8914477.000.000) 12/10 23:59:29 Image size of job updated: 193944
	40  -  MemoryUsage of job (MB)
	40768  -  ResidentSetSize of job (KB)
...
006 (8914477.000.000) 12/11 00:01:43 Image size of job updated: 195280
	40  -  MemoryUsage of job (MB)
	40768  -  ResidentSetSize of job (KB)
...
005 (8914477.000.000) 12/11 00:01:43 Job terminated.
	(1) Normal termination (return value 0)
		Usr 0 00:07:32, Sys 0 00:00:08  -  Run Remote Usage
		Usr 0 00:00:00, Sys 0 00:00:00  -  Run Local Usage
		Usr 0 00:07:32, Sys 0 00:00:08  -  Total Remote Usage
		Usr 0 00:00:00, Sys 0 00:00:00  -  Total Local Usage
	0  -  Run Bytes Sent By Job
	0  -  Run Bytes Received By Job
	0  -  Total Bytes Sent By Job
	0  -  Total Bytes Received By Job
	Partitionable Resources :    Usage  Request Allocated
	   Cpus                 :                 1         1
	   Disk (KB)            :        1        1  16721129
	   Memory (MB)          :       40        1      4023
...
000 (8914639.000.000) 12/11 16:48:23 Job submitted from host: <10.10.48.31:12542?addrs=10.10.48.31-12542>
...
001 (8914639.000.000) 12/11 16:48:38 Job executing on host: <10.10.48.145:26377?addrs=10.10.48.145-26377>
...
006 (8914639.000.000) 12/11 16:48:46 Image size of job updated: 185744
	34  -  MemoryUsage of job (MB)
	33908  -  ResidentSetSize of job (KB)
...
006 (8914639.000.000) 12/11 16:53:46 Image size of job updated: 193016
	40  -  MemoryUsage of job (MB)
	40792  -  ResidentSetSize of job (KB)
...
006 (8914639.000.000) 12/11 16:58:48 Image size of job updated: 194604
	45  -  MemoryUsage of job (MB)
	45396  -  ResidentSetSize of job (KB)
...
006 (8914639.000.000) 12/11 17:00:53 Image size of job updated: 195128
	45  -  MemoryUsage of job (MB)
	45396  -  ResidentSetSize of job (KB)
...
005 (8914639.000.000) 12/11 17:00:53 Job terminated.
	(1) Normal termination (return value 0)
		Usr 0 00:08:42, Sys 0 00:00:08  -  Run Remote Usage
		Usr 0 00:00:00, Sys 0 00:00:00  -  Run Local Usage
		Usr 0 00:08:42, Sys 0 00:00:08  -  Total Remote Usage
		Usr 0 00:00:00, Sys 0 00:00:00  -  Total Local Usage
	0  -  Run Bytes Sent By Job
	0  -  Run Bytes Received By Job
	0  -  Total Bytes Sent By Job
	0  -  Total Bytes Received By Job
	Partitionable Resources :    Usage  Request Allocated
	   Cpus                 :                 1         1
	   Disk (KB)            :        1        1  13384492
	   Memory (MB)          :       45        1      6441
...
000 (8915401.000.000) 12/11 17:17:53 Job submitted from host: <10.10.48.31:12542?addrs=10.10.48.31-12542>
...
001 (8915401.000.000) 12/11 17:18:04 Job executing on host: <10.10.48.135:49492?addrs=10.10.48.135-49492>
...
006 (8915401.000.000) 12/11 17:18:13 Image size of job updated: 186012
	34  -  MemoryUsage of job (MB)
	34548  -  ResidentSetSize of job (KB)
...
006 (8915401.000.000) 12/11 17:23:13 Image size of job updated: 204020
	51  -  MemoryUsage of job (MB)
	52128  -  ResidentSetSize of job (KB)
...
006 (8915401.000.000) 12/11 17:27:29 Image size of job updated: 215680
	51  -  MemoryUsage of job (MB)
	52128  -  ResidentSetSize of job (KB)
...
005 (8915401.000.000) 12/11 17:27:29 Job terminated.
	(1) Normal termination (return value 0)
		Usr 0 00:08:26, Sys 0 00:00:07  -  Run Remote Usage
		Usr 0 00:00:00, Sys 0 00:00:00  -  Run Local Usage
		Usr 0 00:08:26, Sys 0 00:00:07  -  Total Remote Usage
		Usr 0 00:00:00, Sys 0 00:00:00  -  Total Local Usage
	0  -  Run Bytes Sent By Job
	0  -  Run Bytes Received By Job
	0  -  Total Bytes Sent By Job
	0  -  Total Bytes Received By Job
	Partitionable Resources :    Usage  Request Allocated
	   Cpus                 :                 1         1
	   Disk (KB)            :        1        1  13377146
	   Memory (MB)          :       51        1      6441
...
000 (8915563.000.000) 12/11 22:46:59 Job submitted from host: <10.10.48.31:12542?addrs=10.10.48.31-12542>
...
001 (8915563.000.000) 12/11 22:47:13 Job executing on host: <10.10.48.145:26377?addrs=10.10.48.145-26377>
...
006 (8915563.000.000) 12/11 22:47:21 Image size of job updated: 180388
	29  -  MemoryUsage of job (MB)
	28932  -  ResidentSetSize of job (KB)
...
006 (8915563.000.000) 12/11 22:52:21 Image size of job updated: 192724
	39  -  MemoryUsage of job (MB)
	38980  -  ResidentSetSize of job (KB)
...
000 (8915695.000.000) 12/11 22:57:06 Job submitted from host: <10.10.48.31:12542?addrs=10.10.48.31-12542>
...
001 (8915695.000.000) 12/11 22:57:20 Job executing on host: <10.10.48.143:50448?addrs=10.10.48.143-50448>
...
006 (8915563.000.000) 12/11 22:57:22 Image size of job updated: 193432
	40  -  MemoryUsage of job (MB)
	40252  -  ResidentSetSize of job (KB)
...
006 (8915695.000.000) 12/11 22:57:28 Image size of job updated: 1
	2  -  MemoryUsage of job (MB)
	1864  -  ResidentSetSize of job (KB)
...
006 (8915563.000.000) 12/11 23:02:19 Image size of job updated: 194616
	40  -  MemoryUsage of job (MB)
	40252  -  ResidentSetSize of job (KB)
...
005 (8915563.000.000) 12/11 23:02:19 Job terminated.
	(1) Normal termination (return value 0)
		Usr 0 00:08:59, Sys 0 00:00:08  -  Run Remote Usage
		Usr 0 00:00:00, Sys 0 00:00:00  -  Run Local Usage
		Usr 0 00:08:59, Sys 0 00:00:08  -  Total Remote Usage
		Usr 0 00:00:00, Sys 0 00:00:00  -  Total Local Usage
	0  -  Run Bytes Sent By Job
	0  -  Run Bytes Received By Job
	0  -  Total Bytes Sent By Job
	0  -  Total Bytes Received By Job
	Partitionable Resources :    Usage  Request Allocated
	   Cpus                 :                 1         1
	   Disk (KB)            :        1        1  13384482
	   Memory (MB)          :       40        1      6441
...
006 (8915695.000.000) 12/11 23:02:28 Image size of job updated: 198900
	46  -  MemoryUsage of job (MB)
	46768  -  ResidentSetSize of job (KB)
...
006 (8915695.000.000) 12/11 23:06:49 Image size of job updated: 205932
	46  -  MemoryUsage of job (MB)
	46768  -  ResidentSetSize of job (KB)
...
005 (8915695.000.000) 12/11 23:06:49 Job terminated.
	(1) Normal termination (return value 0)
		Usr 0 00:08:10, Sys 0 00:00:07  -  Run Remote Usage
		Usr 0 00:00:00, Sys 0 00:00:00  -  Run Local Usage
		Usr 0 00:08:10, Sys 0 00:00:07  -  Total Remote Usage
		Usr 0 00:00:00, Sys 0 00:00:00  -  Total Local Usage
	0  -  Run Bytes Sent By Job
	0  -  Run Bytes Received By Job
	0  -  Total Bytes Sent By Job
	0  -  Total Bytes Received By Job
	Partitionable Resources :    Usage  Request Allocated
	   Cpus                 :                 1         1
	   Disk (KB)            :        1        1  13384455
	   Memory (MB)          :       46        1      6441
...
000 (8915827.000.000) 12/11 23:09:08 Job submitted from host: <10.10.48.31:12542?addrs=10.10.48.31-12542>
...
001 (8915827.000.000) 12/11 23:09:27 Job executing on host: <10.10.48.139:49429?addrs=10.10.48.139-49429>
...
006 (8915827.000.000) 12/11 23:09:35 Image size of job updated: 139044
	23  -  MemoryUsage of job (MB)
	23392  -  ResidentSetSize of job (KB)
...
006 (8915827.000.000) 12/11 23:14:35 Image size of job updated: 193216
	39  -  MemoryUsage of job (MB)
	39456  -  ResidentSetSize of job (KB)
...
006 (8915827.000.000) 12/11 23:19:36 Image size of job updated: 195904
	41  -  MemoryUsage of job (MB)
	41868  -  ResidentSetSize of job (KB)
...
000 (8915989.000.000) 12/11 23:22:28 Job submitted from host: <10.10.48.31:12542?addrs=10.10.48.31-12542>
...
001 (8915989.000.000) 12/11 23:22:44 Job executing on host: <10.10.48.145:26377?addrs=10.10.48.145-26377>
...
006 (8915989.000.000) 12/11 23:22:52 Image size of job updated: 185344
	31  -  MemoryUsage of job (MB)
	31044  -  ResidentSetSize of job (KB)
...
006 (8915827.000.000) 12/11 23:24:25 Image size of job updated: 196712
	41  -  MemoryUsage of job (MB)
	41868  -  ResidentSetSize of job (KB)
...
005 (8915827.000.000) 12/11 23:24:25 Job terminated.
	(1) Normal termination (return value 1)
		Usr 0 00:04:05, Sys 0 00:00:06  -  Run Remote Usage
		Usr 0 00:00:00, Sys 0 00:00:00  -  Run Local Usage
		Usr 0 00:04:05, Sys 0 00:00:06  -  Total Remote Usage
		Usr 0 00:00:00, Sys 0 00:00:00  -  Total Local Usage
	0  -  Run Bytes Sent By Job
	0  -  Run Bytes Received By Job
	0  -  Total Bytes Sent By Job
	0  -  Total Bytes Received By Job
	Partitionable Resources :    Usage  Request Allocated
	   Cpus                 :                 1         1
	   Disk (KB)            :        1        1  13385058
	   Memory (MB)          :       41        1      6441
...
006 (8915989.000.000) 12/11 23:27:52 Image size of job updated: 193712
	39  -  MemoryUsage of job (MB)
	39368  -  ResidentSetSize of job (KB)
...
006 (8915989.000.000) 12/11 23:30:20 Image size of job updated: 196576
	39  -  MemoryUsage of job (MB)
	39368  -  ResidentSetSize of job (KB)
...
005 (8915989.000.000) 12/11 23:30:20 Job terminated.
	(1) Normal termination (return value 0)
		Usr 0 00:03:06, Sys 0 00:00:04  -  Run Remote Usage
		Usr 0 00:00:00, Sys 0 00:00:00  -  Run Local Usage
		Usr 0 00:03:06, Sys 0 00:00:04  -  Total Remote Usage
		Usr 0 00:00:00, Sys 0 00:00:00  -  Total Local Usage
	0  -  Run Bytes Sent By Job
	0  -  Run Bytes Received By Job
	0  -  Total Bytes Sent By Job
	0  -  Total Bytes Received By Job
	Partitionable Resources :    Usage  Request Allocated
	   Cpus                 :                 1         1
	   Disk (KB)            :        1        1  13384457
	   Memory (MB)          :       39        1      6441
...
000 (8916152.000.000) 12/12 14:23:37 Job submitted from host: <10.10.48.31:12542?addrs=10.10.48.31-12542>
...
001 (8916152.000.000) 12/12 14:23:50 Job executing on host: <10.10.48.145:26377?addrs=10.10.48.145-26377>
...
006 (8916152.000.000) 12/12 14:23:58 Image size of job updated: 179436
	28  -  MemoryUsage of job (MB)
	28108  -  ResidentSetSize of job (KB)
...
006 (8916152.000.000) 12/12 14:28:58 Image size of job updated: 260068
	95  -  MemoryUsage of job (MB)
	96976  -  ResidentSetSize of job (KB)
...
006 (8916152.000.000) 12/12 14:33:55 Image size of job updated: 513708
	95  -  MemoryUsage of job (MB)
	96976  -  ResidentSetSize of job (KB)
...
005 (8916152.000.000) 12/12 14:33:55 Job terminated.
	(1) Normal termination (return value 0)
		Usr 0 00:03:26, Sys 0 00:00:04  -  Run Remote Usage
		Usr 0 00:00:00, Sys 0 00:00:00  -  Run Local Usage
		Usr 0 00:03:26, Sys 0 00:00:04  -  Total Remote Usage
		Usr 0 00:00:00, Sys 0 00:00:00  -  Total Local Usage
	0  -  Run Bytes Sent By Job
	0  -  Run Bytes Received By Job
	0  -  Total Bytes Sent By Job
	0  -  Total Bytes Received By Job
	Partitionable Resources :    Usage  Request Allocated
	   Cpus                 :                 1         1
	   Disk (KB)            :        1        1  13384493
	   Memory (MB)          :       95        1      6441
...
