000 (9637342.000.000) 02/27 16:05:23 Job submitted from host: <10.10.48.31:15410?addrs=10.10.48.31-15410>
...
001 (9637342.000.000) 02/27 16:05:24 Job executing on host: <10.10.48.39:38682?addrs=10.10.48.39-38682>
...
006 (9637342.000.000) 02/27 16:05:33 Image size of job updated: 185752
	34  -  MemoryUsage of job (MB)
	33808  -  ResidentSetSize of job (KB)
...
006 (9637342.000.000) 02/27 16:10:34 Image size of job updated: 191000
	42  -  MemoryUsage of job (MB)
	42272  -  ResidentSetSize of job (KB)
...
006 (9637342.000.000) 02/27 16:15:35 Image size of job updated: 191032
	42  -  MemoryUsage of job (MB)
	42344  -  ResidentSetSize of job (KB)
...
006 (9637342.000.000) 02/27 16:18:08 Image size of job updated: 192676
	42  -  MemoryUsage of job (MB)
	42344  -  ResidentSetSize of job (KB)
...
005 (9637342.000.000) 02/27 16:18:08 Job terminated.
	(1) Normal termination (return value 0)
		Usr 0 00:02:33, Sys 0 00:00:02  -  Run Remote Usage
		Usr 0 00:00:00, Sys 0 00:00:00  -  Run Local Usage
		Usr 0 00:02:33, Sys 0 00:00:02  -  Total Remote Usage
		Usr 0 00:00:00, Sys 0 00:00:00  -  Total Local Usage
	0  -  Run Bytes Sent By Job
	0  -  Run Bytes Received By Job
	0  -  Total Bytes Sent By Job
	0  -  Total Bytes Received By Job
	Partitionable Resources :    Usage  Request Allocated
	   Cpus                 :                 1         1
	   Disk (KB)            :        1        1  16725766
	   Memory (MB)          :       42        1      4023
...
000 (9643870.000.000) 02/27 20:47:33 Job submitted from host: <10.10.48.31:15410?addrs=10.10.48.31-15410>
...
001 (9643870.000.000) 02/27 20:47:35 Job executing on host: <10.10.48.143:56523?addrs=10.10.48.143-56523>
...
006 (9643870.000.000) 02/27 20:47:36 Image size of job updated: 251636
	0  -  MemoryUsage of job (MB)
	0  -  ResidentSetSize of job (KB)
...
005 (9643870.000.000) 02/27 20:47:38 Job terminated.
	(1) Normal termination (return value 0)
		Usr 0 00:00:00, Sys 0 00:00:00  -  Run Remote Usage
		Usr 0 00:00:00, Sys 0 00:00:00  -  Run Local Usage
		Usr 0 00:00:00, Sys 0 00:00:00  -  Total Remote Usage
		Usr 0 00:00:00, Sys 0 00:00:00  -  Total Local Usage
	0  -  Run Bytes Sent By Job
	0  -  Run Bytes Received By Job
	0  -  Total Bytes Sent By Job
	0  -  Total Bytes Received By Job
	Partitionable Resources :    Usage  Request Allocated
	   Cpus                 :                 1         1
	   Disk (KB)            :        1        1  13384575
	   Memory (MB)          :        0        1      6441
...
