000 (9637445.000.000) 02/27 16:08:47 Job submitted from host: <10.10.48.31:15410?addrs=10.10.48.31-15410>
...
001 (9637445.000.000) 02/27 16:08:49 Job executing on host: <10.10.48.134:39779?addrs=10.10.48.134-39779>
...
006 (9637445.000.000) 02/27 16:08:58 Image size of job updated: 176152
	30  -  MemoryUsage of job (MB)
	30204  -  ResidentSetSize of job (KB)
...
006 (9637445.000.000) 02/27 16:12:18 Image size of job updated: 192464
	30  -  MemoryUsage of job (MB)
	30204  -  ResidentSetSize of job (KB)
...
005 (9637445.000.000) 02/27 16:12:18 Job terminated.
	(1) Normal termination (return value 0)
		Usr 0 00:00:40, Sys 0 00:00:00  -  Run Remote Usage
		Usr 0 00:00:00, Sys 0 00:00:00  -  Run Local Usage
		Usr 0 00:00:40, Sys 0 00:00:00  -  Total Remote Usage
		Usr 0 00:00:00, Sys 0 00:00:00  -  Total Local Usage
	0  -  Run Bytes Sent By Job
	0  -  Run Bytes Received By Job
	0  -  Total Bytes Sent By Job
	0  -  Total Bytes Received By Job
	Partitionable Resources :    Usage  Request Allocated
	   Cpus                 :                 1         1
	   Disk (KB)            :        1        1  13381773
	   Memory (MB)          :       30        1      6441
...
000 (9643922.000.000) 02/27 20:47:42 Job submitted from host: <10.10.48.31:15410?addrs=10.10.48.31-15410>
...
001 (9643922.000.000) 02/27 20:47:44 Job executing on host: <10.10.48.143:56523?addrs=10.10.48.143-56523>
...
006 (9643922.000.000) 02/27 20:47:45 Image size of job updated: 155936
	0  -  MemoryUsage of job (MB)
	0  -  ResidentSetSize of job (KB)
...
005 (9643922.000.000) 02/27 20:47:45 Job terminated.
	(1) Normal termination (return value 4)
		Usr 0 00:00:00, Sys 0 00:00:00  -  Run Remote Usage
		Usr 0 00:00:00, Sys 0 00:00:00  -  Run Local Usage
		Usr 0 00:00:00, Sys 0 00:00:00  -  Total Remote Usage
		Usr 0 00:00:00, Sys 0 00:00:00  -  Total Local Usage
	0  -  Run Bytes Sent By Job
	0  -  Run Bytes Received By Job
	0  -  Total Bytes Sent By Job
	0  -  Total Bytes Received By Job
	Partitionable Resources :    Usage  Request Allocated
	   Cpus                 :                 1         1
	   Disk (KB)            :        1        1  13384575
	   Memory (MB)          :        0        1      6441
...
