000 (8914387.000.000) 12/10 23:43:09 Job submitted from host: <10.10.48.31:12542?addrs=10.10.48.31-12542>
...
001 (8914387.000.000) 12/10 23:44:16 Job executing on host: <10.10.48.35:61041?addrs=10.10.48.35-61041>
...
006 (8914387.000.000) 12/10 23:44:16 Image size of job updated: 175204
	0  -  MemoryUsage of job (MB)
	0  -  ResidentSetSize of job (KB)
...
005 (8914387.000.000) 12/10 23:44:16 Job terminated.
	(1) Normal termination (return value 1)
		Usr 0 00:00:00, Sys 0 00:00:00  -  Run Remote Usage
		Usr 0 00:00:00, Sys 0 00:00:00  -  Run Local Usage
		Usr 0 00:00:00, Sys 0 00:00:00  -  Total Remote Usage
		Usr 0 00:00:00, Sys 0 00:00:00  -  Total Local Usage
	0  -  Run Bytes Sent By Job
	0  -  Run Bytes Received By Job
	0  -  Total Bytes Sent By Job
	0  -  Total Bytes Received By Job
	Partitionable Resources :    Usage  Request Allocated
	   Cpus                 :                 1         1
	   Disk (KB)            :        1        1  16721132
	   Memory (MB)          :        0        1      4023
...
000 (8914549.000.000) 12/10 23:51:49 Job submitted from host: <10.10.48.31:12542?addrs=10.10.48.31-12542>
...
001 (8914549.000.000) 12/10 23:52:51 Job executing on host: <10.10.48.35:61041?addrs=10.10.48.35-61041>
...
006 (8914549.000.000) 12/10 23:53:00 Image size of job updated: 185604
	33  -  MemoryUsage of job (MB)
	33684  -  ResidentSetSize of job (KB)
...
006 (8914549.000.000) 12/10 23:55:43 Image size of job updated: 192660
	33  -  MemoryUsage of job (MB)
	33684  -  ResidentSetSize of job (KB)
...
005 (8914549.000.000) 12/10 23:55:43 Job terminated.
	(1) Normal termination (return value 0)
		Usr 0 00:01:33, Sys 0 00:00:01  -  Run Remote Usage
		Usr 0 00:00:00, Sys 0 00:00:00  -  Run Local Usage
		Usr 0 00:01:33, Sys 0 00:00:01  -  Total Remote Usage
		Usr 0 00:00:00, Sys 0 00:00:00  -  Total Local Usage
	0  -  Run Bytes Sent By Job
	0  -  Run Bytes Received By Job
	0  -  Total Bytes Sent By Job
	0  -  Total Bytes Received By Job
	Partitionable Resources :    Usage  Request Allocated
	   Cpus                 :                 1         1
	   Disk (KB)            :        1        1  16721169
	   Memory (MB)          :       33        1      4023
...
000 (8914711.000.000) 12/11 16:51:11 Job submitted from host: <10.10.48.31:12542?addrs=10.10.48.31-12542>
...
001 (8914711.000.000) 12/11 16:51:14 Job executing on host: <10.10.48.41:20766?addrs=10.10.48.41-20766>
...
006 (8914711.000.000) 12/11 16:51:23 Image size of job updated: 185604
	33  -  MemoryUsage of job (MB)
	33736  -  ResidentSetSize of job (KB)
...
006 (8914711.000.000) 12/11 16:53:54 Image size of job updated: 192676
	33  -  MemoryUsage of job (MB)
	33736  -  ResidentSetSize of job (KB)
...
005 (8914711.000.000) 12/11 16:53:54 Job terminated.
	(1) Normal termination (return value 0)
		Usr 0 00:01:29, Sys 0 00:00:01  -  Run Remote Usage
		Usr 0 00:00:00, Sys 0 00:00:00  -  Run Local Usage
		Usr 0 00:01:29, Sys 0 00:00:01  -  Total Remote Usage
		Usr 0 00:00:00, Sys 0 00:00:00  -  Total Local Usage
	0  -  Run Bytes Sent By Job
	0  -  Run Bytes Received By Job
	0  -  Total Bytes Sent By Job
	0  -  Total Bytes Received By Job
	Partitionable Resources :    Usage  Request Allocated
	   Cpus                 :                 1         1
	   Disk (KB)            :        1        1  16725316
	   Memory (MB)          :       33        1      4023
...
000 (8915473.000.000) 12/11 17:19:45 Job submitted from host: <10.10.48.31:12542?addrs=10.10.48.31-12542>
...
001 (8915473.000.000) 12/11 17:20:16 Job executing on host: <10.10.48.42:24954?addrs=10.10.48.42-24954>
...
006 (8915473.000.000) 12/11 17:20:25 Image size of job updated: 192596
	40  -  MemoryUsage of job (MB)
	40264  -  ResidentSetSize of job (KB)
...
006 (8915473.000.000) 12/11 17:21:56 Image size of job updated: 194392
	40  -  MemoryUsage of job (MB)
	40264  -  ResidentSetSize of job (KB)
...
005 (8915473.000.000) 12/11 17:21:56 Job terminated.
	(1) Normal termination (return value 0)
		Usr 0 00:01:31, Sys 0 00:00:01  -  Run Remote Usage
		Usr 0 00:00:00, Sys 0 00:00:00  -  Run Local Usage
		Usr 0 00:01:31, Sys 0 00:00:01  -  Total Remote Usage
		Usr 0 00:00:00, Sys 0 00:00:00  -  Total Local Usage
	0  -  Run Bytes Sent By Job
	0  -  Run Bytes Received By Job
	0  -  Total Bytes Sent By Job
	0  -  Total Bytes Received By Job
	Partitionable Resources :    Usage  Request Allocated
	   Cpus                 :                 1         1
	   Disk (KB)            :        1        1  16729327
	   Memory (MB)          :       40        1      4023
...
000 (8915899.000.000) 12/11 23:11:00 Job submitted from host: <10.10.48.31:12542?addrs=10.10.48.31-12542>
...
001 (8915899.000.000) 12/11 23:11:03 Job executing on host: <10.10.48.141:50603?addrs=10.10.48.141-50603>
...
006 (8915899.000.000) 12/11 23:11:11 Image size of job updated: 185188
	32  -  MemoryUsage of job (MB)
	31956  -  ResidentSetSize of job (KB)
...
006 (8915899.000.000) 12/11 23:13:20 Image size of job updated: 192956
	32  -  MemoryUsage of job (MB)
	31956  -  ResidentSetSize of job (KB)
...
005 (8915899.000.000) 12/11 23:13:20 Job terminated.
	(1) Normal termination (return value 1)
		Usr 0 00:00:47, Sys 0 00:00:01  -  Run Remote Usage
		Usr 0 00:00:00, Sys 0 00:00:00  -  Run Local Usage
		Usr 0 00:00:47, Sys 0 00:00:01  -  Total Remote Usage
		Usr 0 00:00:00, Sys 0 00:00:00  -  Total Local Usage
	0  -  Run Bytes Sent By Job
	0  -  Run Bytes Received By Job
	0  -  Total Bytes Sent By Job
	0  -  Total Bytes Received By Job
	Partitionable Resources :    Usage  Request Allocated
	   Cpus                 :                 1         1
	   Disk (KB)            :        1        1  13376523
	   Memory (MB)          :       32        1      6441
...
000 (8916061.000.000) 12/11 23:23:14 Job submitted from host: <10.10.48.31:12542?addrs=10.10.48.31-12542>
...
001 (8916061.000.000) 12/11 23:23:24 Job executing on host: <10.10.48.141:50603?addrs=10.10.48.141-50603>
...
006 (8916061.000.000) 12/11 23:23:32 Image size of job updated: 192980
	40  -  MemoryUsage of job (MB)
	40144  -  ResidentSetSize of job (KB)
...
005 (8916061.000.000) 12/11 23:23:52 Job terminated.
	(1) Normal termination (return value 0)
		Usr 0 00:00:26, Sys 0 00:00:00  -  Run Remote Usage
		Usr 0 00:00:00, Sys 0 00:00:00  -  Run Local Usage
		Usr 0 00:00:26, Sys 0 00:00:00  -  Total Remote Usage
		Usr 0 00:00:00, Sys 0 00:00:00  -  Total Local Usage
	0  -  Run Bytes Sent By Job
	0  -  Run Bytes Received By Job
	0  -  Total Bytes Sent By Job
	0  -  Total Bytes Received By Job
	Partitionable Resources :    Usage  Request Allocated
	   Cpus                 :                 1         1
	   Disk (KB)            :        1        1  13376463
	   Memory (MB)          :       40        1      6441
...
