000 (8914374.000.000) 12/10 23:43:07 Job submitted from host: <10.10.48.31:12542?addrs=10.10.48.31-12542>
...
001 (8914374.000.000) 12/10 23:43:14 Job executing on host: <10.10.48.43:4900?addrs=10.10.48.43-4900>
...
006 (8914374.000.000) 12/10 23:43:14 Image size of job updated: 167740
	0  -  MemoryUsage of job (MB)
	0  -  ResidentSetSize of job (KB)
...
005 (8914374.000.000) 12/10 23:43:15 Job terminated.
	(1) Normal termination (return value 1)
		Usr 0 00:00:00, Sys 0 00:00:00  -  Run Remote Usage
		Usr 0 00:00:00, Sys 0 00:00:00  -  Run Local Usage
		Usr 0 00:00:00, Sys 0 00:00:00  -  Total Remote Usage
		Usr 0 00:00:00, Sys 0 00:00:00  -  Total Local Usage
	0  -  Run Bytes Sent By Job
	0  -  Run Bytes Received By Job
	0  -  Total Bytes Sent By Job
	0  -  Total Bytes Received By Job
	Partitionable Resources :    Usage  Request Allocated
	   Cpus                 :                 1         1
	   Disk (KB)            :        1        1  16728116
	   Memory (MB)          :        0        1      4023
...
000 (8914536.000.000) 12/10 23:51:12 Job submitted from host: <10.10.48.31:12542?addrs=10.10.48.31-12542>
...
001 (8914536.000.000) 12/10 23:52:12 Job executing on host: <10.10.48.41:20766?addrs=10.10.48.41-20766>
...
006 (8914536.000.000) 12/10 23:52:20 Image size of job updated: 185872
	32  -  MemoryUsage of job (MB)
	32472  -  ResidentSetSize of job (KB)
...
006 (8914536.000.000) 12/10 23:55:01 Image size of job updated: 192552
	32  -  MemoryUsage of job (MB)
	32472  -  ResidentSetSize of job (KB)
...
005 (8914536.000.000) 12/10 23:55:01 Job terminated.
	(1) Normal termination (return value 0)
		Usr 0 00:01:28, Sys 0 00:00:01  -  Run Remote Usage
		Usr 0 00:00:00, Sys 0 00:00:00  -  Run Local Usage
		Usr 0 00:01:28, Sys 0 00:00:01  -  Total Remote Usage
		Usr 0 00:00:00, Sys 0 00:00:00  -  Total Local Usage
	0  -  Run Bytes Sent By Job
	0  -  Run Bytes Received By Job
	0  -  Total Bytes Sent By Job
	0  -  Total Bytes Received By Job
	Partitionable Resources :    Usage  Request Allocated
	   Cpus                 :                 1         1
	   Disk (KB)            :        1        1  16725239
	   Memory (MB)          :       32        1      4023
...
000 (8914698.000.000) 12/11 16:50:15 Job submitted from host: <10.10.48.31:12542?addrs=10.10.48.31-12542>
...
001 (8914698.000.000) 12/11 16:50:17 Job executing on host: <10.10.48.35:61041?addrs=10.10.48.35-61041>
...
006 (8914698.000.000) 12/11 16:50:27 Image size of job updated: 185864
	34  -  MemoryUsage of job (MB)
	34264  -  ResidentSetSize of job (KB)
...
006 (8914698.000.000) 12/11 16:53:04 Image size of job updated: 192540
	34  -  MemoryUsage of job (MB)
	34264  -  ResidentSetSize of job (KB)
...
005 (8914698.000.000) 12/11 16:53:04 Job terminated.
	(1) Normal termination (return value 0)
		Usr 0 00:01:17, Sys 0 00:00:01  -  Run Remote Usage
		Usr 0 00:00:00, Sys 0 00:00:00  -  Run Local Usage
		Usr 0 00:01:17, Sys 0 00:00:01  -  Total Remote Usage
		Usr 0 00:00:00, Sys 0 00:00:00  -  Total Local Usage
	0  -  Run Bytes Sent By Job
	0  -  Run Bytes Received By Job
	0  -  Total Bytes Sent By Job
	0  -  Total Bytes Received By Job
	Partitionable Resources :    Usage  Request Allocated
	   Cpus                 :                 1         1
	   Disk (KB)            :        1        1  16721155
	   Memory (MB)          :       34        1      4023
...
000 (8915460.000.000) 12/11 17:19:29 Job submitted from host: <10.10.48.31:12542?addrs=10.10.48.31-12542>
...
001 (8915460.000.000) 12/11 17:19:51 Job executing on host: <10.10.48.135:49492?addrs=10.10.48.135-49492>
...
006 (8915460.000.000) 12/11 17:20:00 Image size of job updated: 1
	2  -  MemoryUsage of job (MB)
	1872  -  ResidentSetSize of job (KB)
...
006 (8915460.000.000) 12/11 17:21:32 Image size of job updated: 193028
	2  -  MemoryUsage of job (MB)
	1872  -  ResidentSetSize of job (KB)
...
005 (8915460.000.000) 12/11 17:21:32 Job terminated.
	(1) Normal termination (return value 0)
		Usr 0 00:01:26, Sys 0 00:00:01  -  Run Remote Usage
		Usr 0 00:00:00, Sys 0 00:00:00  -  Run Local Usage
		Usr 0 00:01:26, Sys 0 00:00:01  -  Total Remote Usage
		Usr 0 00:00:00, Sys 0 00:00:00  -  Total Local Usage
	0  -  Run Bytes Sent By Job
	0  -  Run Bytes Received By Job
	0  -  Total Bytes Sent By Job
	0  -  Total Bytes Received By Job
	Partitionable Resources :    Usage  Request Allocated
	   Cpus                 :                 1         1
	   Disk (KB)            :        1        1  13377146
	   Memory (MB)          :        2        1      6441
...
000 (8915886.000.000) 12/11 23:10:31 Job submitted from host: <10.10.48.31:12542?addrs=10.10.48.31-12542>
...
001 (8915886.000.000) 12/11 23:10:38 Job executing on host: <10.10.48.41:20766?addrs=10.10.48.41-20766>
...
006 (8915886.000.000) 12/11 23:10:47 Image size of job updated: 185216
	33  -  MemoryUsage of job (MB)
	33208  -  ResidentSetSize of job (KB)
...
006 (8915886.000.000) 12/11 23:13:43 Image size of job updated: 193012
	33  -  MemoryUsage of job (MB)
	33208  -  ResidentSetSize of job (KB)
...
005 (8915886.000.000) 12/11 23:13:43 Job terminated.
	(1) Normal termination (return value 1)
		Usr 0 00:00:56, Sys 0 00:00:01  -  Run Remote Usage
		Usr 0 00:00:00, Sys 0 00:00:00  -  Run Local Usage
		Usr 0 00:00:56, Sys 0 00:00:01  -  Total Remote Usage
		Usr 0 00:00:00, Sys 0 00:00:00  -  Total Local Usage
	0  -  Run Bytes Sent By Job
	0  -  Run Bytes Received By Job
	0  -  Total Bytes Sent By Job
	0  -  Total Bytes Received By Job
	Partitionable Resources :    Usage  Request Allocated
	   Cpus                 :                 1         1
	   Disk (KB)            :        1        1  16725163
	   Memory (MB)          :       33        1      4023
...
000 (8916048.000.000) 12/11 23:23:08 Job submitted from host: <10.10.48.31:12542?addrs=10.10.48.31-12542>
...
001 (8916048.000.000) 12/11 23:23:10 Job executing on host: <10.10.48.139:49429?addrs=10.10.48.139-49429>
...
006 (8916048.000.000) 12/11 23:23:18 Image size of job updated: 184924
	31  -  MemoryUsage of job (MB)
	30868  -  ResidentSetSize of job (KB)
...
006 (8916048.000.000) 12/11 23:26:07 Image size of job updated: 193012
	31  -  MemoryUsage of job (MB)
	30868  -  ResidentSetSize of job (KB)
...
005 (8916048.000.000) 12/11 23:26:07 Job terminated.
	(1) Normal termination (return value 0)
		Usr 0 00:00:36, Sys 0 00:00:00  -  Run Remote Usage
		Usr 0 00:00:00, Sys 0 00:00:00  -  Run Local Usage
		Usr 0 00:00:36, Sys 0 00:00:00  -  Total Remote Usage
		Usr 0 00:00:00, Sys 0 00:00:00  -  Total Local Usage
	0  -  Run Bytes Sent By Job
	0  -  Run Bytes Received By Job
	0  -  Total Bytes Sent By Job
	0  -  Total Bytes Received By Job
	Partitionable Resources :    Usage  Request Allocated
	   Cpus                 :                 1         1
	   Disk (KB)            :        1        1  13385070
	   Memory (MB)          :       31        1      6441
...
000 (9637284.000.000) 02/27 16:04:04 Job submitted from host: <10.10.48.31:15410?addrs=10.10.48.31-15410>
...
001 (9637284.000.000) 02/27 16:04:05 Job executing on host: <10.10.48.40:16453?addrs=10.10.48.40-16453>
...
006 (9637284.000.000) 02/27 16:04:15 Image size of job updated: 185588
	33  -  MemoryUsage of job (MB)
	33640  -  ResidentSetSize of job (KB)
...
005 (9637284.000.000) 02/27 16:05:00 Job terminated.
	(1) Normal termination (return value 255)
		Usr 0 00:00:00, Sys 0 00:00:00  -  Run Remote Usage
		Usr 0 00:00:00, Sys 0 00:00:00  -  Run Local Usage
		Usr 0 00:00:00, Sys 0 00:00:00  -  Total Remote Usage
		Usr 0 00:00:00, Sys 0 00:00:00  -  Total Local Usage
	0  -  Run Bytes Sent By Job
	0  -  Run Bytes Received By Job
	0  -  Total Bytes Sent By Job
	0  -  Total Bytes Received By Job
	Partitionable Resources :    Usage  Request Allocated
	   Cpus                 :                 1         1
	   Disk (KB)            :        1        1  16720868
	   Memory (MB)          :       33        1      4023
...
000 (9643837.000.000) 02/27 20:47:28 Job submitted from host: <10.10.48.31:15410?addrs=10.10.48.31-15410>
...
001 (9643837.000.000) 02/27 20:47:30 Job executing on host: <10.10.48.143:56523?addrs=10.10.48.143-56523>
...
006 (9643837.000.000) 02/27 20:47:31 Image size of job updated: 252636
	0  -  MemoryUsage of job (MB)
	0  -  ResidentSetSize of job (KB)
...
005 (9643837.000.000) 02/27 20:47:31 Job terminated.
	(1) Normal termination (return value 1)
		Usr 0 00:00:00, Sys 0 00:00:00  -  Run Remote Usage
		Usr 0 00:00:00, Sys 0 00:00:00  -  Run Local Usage
		Usr 0 00:00:00, Sys 0 00:00:00  -  Total Remote Usage
		Usr 0 00:00:00, Sys 0 00:00:00  -  Total Local Usage
	0  -  Run Bytes Sent By Job
	0  -  Run Bytes Received By Job
	0  -  Total Bytes Sent By Job
	0  -  Total Bytes Received By Job
	Partitionable Resources :    Usage  Request Allocated
	   Cpus                 :                 1         1
	   Disk (KB)            :        1        1  13384575
	   Memory (MB)          :        0        1      6441
...
