000 (9637338.000.000) 02/27 16:05:19 Job submitted from host: <10.10.48.31:15410?addrs=10.10.48.31-15410>
...
001 (9637338.000.000) 02/27 16:05:21 Job executing on host: <10.10.48.45:40029?addrs=10.10.48.45-40029>
...
006 (9637338.000.000) 02/27 16:05:31 Image size of job updated: 185820
	32  -  MemoryUsage of job (MB)
	32604  -  ResidentSetSize of job (KB)
...
006 (9637338.000.000) 02/27 16:10:31 Image size of job updated: 191080
	40  -  MemoryUsage of job (MB)
	40848  -  ResidentSetSize of job (KB)
...
006 (9637338.000.000) 02/27 16:15:31 Image size of job updated: 191108
	40  -  MemoryUsage of job (MB)
	40920  -  ResidentSetSize of job (KB)
...
006 (9637338.000.000) 02/27 16:20:32 Image size of job updated: 192572
	41  -  MemoryUsage of job (MB)
	41300  -  ResidentSetSize of job (KB)
...
006 (9637338.000.000) 02/27 16:23:20 Image size of job updated: 192724
	41  -  MemoryUsage of job (MB)
	41300  -  ResidentSetSize of job (KB)
...
005 (9637338.000.000) 02/27 16:23:20 Job terminated.
	(1) Normal termination (return value 0)
		Usr 0 00:05:34, Sys 0 00:00:05  -  Run Remote Usage
		Usr 0 00:00:00, Sys 0 00:00:00  -  Run Local Usage
		Usr 0 00:05:34, Sys 0 00:00:05  -  Total Remote Usage
		Usr 0 00:00:00, Sys 0 00:00:00  -  Total Local Usage
	0  -  Run Bytes Sent By Job
	0  -  Run Bytes Received By Job
	0  -  Total Bytes Sent By Job
	0  -  Total Bytes Received By Job
	Partitionable Resources :    Usage  Request Allocated
	   Cpus                 :                 1         1
	   Disk (KB)            :        1        1  16195855
	   Memory (MB)          :       41        1      4023
...
000 (9643869.000.000) 02/27 20:47:33 Job submitted from host: <10.10.48.31:15410?addrs=10.10.48.31-15410>
...
001 (9643869.000.000) 02/27 20:47:35 Job executing on host: <10.10.48.143:56523?addrs=10.10.48.143-56523>
...
006 (9643869.000.000) 02/27 20:47:36 Image size of job updated: 251568
	0  -  MemoryUsage of job (MB)
	0  -  ResidentSetSize of job (KB)
...
005 (9643869.000.000) 02/27 20:47:37 Job terminated.
	(1) Normal termination (return value 0)
		Usr 0 00:00:00, Sys 0 00:00:00  -  Run Remote Usage
		Usr 0 00:00:00, Sys 0 00:00:00  -  Run Local Usage
		Usr 0 00:00:00, Sys 0 00:00:00  -  Total Remote Usage
		Usr 0 00:00:00, Sys 0 00:00:00  -  Total Local Usage
	0  -  Run Bytes Sent By Job
	0  -  Run Bytes Received By Job
	0  -  Total Bytes Sent By Job
	0  -  Total Bytes Received By Job
	Partitionable Resources :    Usage  Request Allocated
	   Cpus                 :                 1         1
	   Disk (KB)            :        1        1  13384575
	   Memory (MB)          :        0        1      6441
...
