000 (8914294.000.000) 12/10 23:42:49 Job submitted from host: <10.10.48.31:12542?addrs=10.10.48.31-12542>
...
001 (8914294.000.000) 12/10 23:42:54 Job executing on host: <10.10.48.39:23238?addrs=10.10.48.39-23238>
...
006 (8914294.000.000) 12/10 23:42:54 Image size of job updated: 49200
	0  -  MemoryUsage of job (MB)
	0  -  ResidentSetSize of job (KB)
...
005 (8914294.000.000) 12/10 23:42:55 Job terminated.
	(1) Normal termination (return value 1)
		Usr 0 00:00:00, Sys 0 00:00:00  -  Run Remote Usage
		Usr 0 00:00:00, Sys 0 00:00:00  -  Run Local Usage
		Usr 0 00:00:00, Sys 0 00:00:00  -  Total Remote Usage
		Usr 0 00:00:00, Sys 0 00:00:00  -  Total Local Usage
	0  -  Run Bytes Sent By Job
	0  -  Run Bytes Received By Job
	0  -  Total Bytes Sent By Job
	0  -  Total Bytes Received By Job
	Partitionable Resources :    Usage  Request Allocated
	   Cpus                 :                 1         1
	   Disk (KB)            :        1        1  16725992
	   Memory (MB)          :        0        1      4023
...
000 (8914456.000.000) 12/10 23:49:02 Job submitted from host: <10.10.48.31:12542?addrs=10.10.48.31-12542>
...
001 (8914456.000.000) 12/10 23:49:20 Job executing on host: <10.10.48.35:61041?addrs=10.10.48.35-61041>
...
006 (8914456.000.000) 12/10 23:49:29 Image size of job updated: 115604
	18  -  MemoryUsage of job (MB)
	18364  -  ResidentSetSize of job (KB)
...
006 (8914456.000.000) 12/10 23:54:30 Image size of job updated: 192744
	40  -  MemoryUsage of job (MB)
	40544  -  ResidentSetSize of job (KB)
...
006 (8914456.000.000) 12/10 23:57:40 Image size of job updated: 193636
	40  -  MemoryUsage of job (MB)
	40544  -  ResidentSetSize of job (KB)
...
005 (8914456.000.000) 12/10 23:57:40 Job terminated.
	(1) Normal termination (return value 0)
		Usr 0 00:04:36, Sys 0 00:00:05  -  Run Remote Usage
		Usr 0 00:00:00, Sys 0 00:00:00  -  Run Local Usage
		Usr 0 00:04:36, Sys 0 00:00:05  -  Total Remote Usage
		Usr 0 00:00:00, Sys 0 00:00:00  -  Total Local Usage
	0  -  Run Bytes Sent By Job
	0  -  Run Bytes Received By Job
	0  -  Total Bytes Sent By Job
	0  -  Total Bytes Received By Job
	Partitionable Resources :    Usage  Request Allocated
	   Cpus                 :                 1         1
	   Disk (KB)            :        1        1  16721129
	   Memory (MB)          :       40        1      4023
...
000 (8914618.000.000) 12/11 16:48:20 Job submitted from host: <10.10.48.31:12542?addrs=10.10.48.31-12542>
...
001 (8914618.000.000) 12/11 16:48:37 Job executing on host: <10.10.48.139:49429?addrs=10.10.48.139-49429>
...
006 (8914618.000.000) 12/11 16:48:46 Image size of job updated: 186004
	34  -  MemoryUsage of job (MB)
	34192  -  ResidentSetSize of job (KB)
...
006 (8914618.000.000) 12/11 16:53:47 Image size of job updated: 192696
	43  -  MemoryUsage of job (MB)
	43872  -  ResidentSetSize of job (KB)
...
006 (8914618.000.000) 12/11 16:56:47 Image size of job updated: 193712
	43  -  MemoryUsage of job (MB)
	43872  -  ResidentSetSize of job (KB)
...
005 (8914618.000.000) 12/11 16:56:47 Job terminated.
	(1) Normal termination (return value 0)
		Usr 0 00:05:13, Sys 0 00:00:04  -  Run Remote Usage
		Usr 0 00:00:00, Sys 0 00:00:00  -  Run Local Usage
		Usr 0 00:05:13, Sys 0 00:00:04  -  Total Remote Usage
		Usr 0 00:00:00, Sys 0 00:00:00  -  Total Local Usage
	0  -  Run Bytes Sent By Job
	0  -  Run Bytes Received By Job
	0  -  Total Bytes Sent By Job
	0  -  Total Bytes Received By Job
	Partitionable Resources :    Usage  Request Allocated
	   Cpus                 :                 1         1
	   Disk (KB)            :        1        1  13385137
	   Memory (MB)          :       43        1      6441
...
000 (8915380.000.000) 12/11 17:17:50 Job submitted from host: <10.10.48.31:12542?addrs=10.10.48.31-12542>
...
001 (8915380.000.000) 12/11 17:18:03 Job executing on host: <10.10.48.33:59750?addrs=10.10.48.33-59750>
...
006 (8915380.000.000) 12/11 17:18:12 Image size of job updated: 185940
	34  -  MemoryUsage of job (MB)
	34040  -  ResidentSetSize of job (KB)
...
006 (8915380.000.000) 12/11 17:23:02 Image size of job updated: 207512
	34  -  MemoryUsage of job (MB)
	34040  -  ResidentSetSize of job (KB)
...
005 (8915380.000.000) 12/11 17:23:02 Job terminated.
	(1) Normal termination (return value 0)
		Usr 0 00:04:17, Sys 0 00:00:04  -  Run Remote Usage
		Usr 0 00:00:00, Sys 0 00:00:00  -  Run Local Usage
		Usr 0 00:04:17, Sys 0 00:00:04  -  Total Remote Usage
		Usr 0 00:00:00, Sys 0 00:00:00  -  Total Local Usage
	0  -  Run Bytes Sent By Job
	0  -  Run Bytes Received By Job
	0  -  Total Bytes Sent By Job
	0  -  Total Bytes Received By Job
	Partitionable Resources :    Usage  Request Allocated
	   Cpus                 :                 1         1
	   Disk (KB)            :        1        1  16723660
	   Memory (MB)          :       34        1      4023
...
000 (8915542.000.000) 12/11 22:46:56 Job submitted from host: <10.10.48.31:12542?addrs=10.10.48.31-12542>
...
001 (8915542.000.000) 12/11 22:47:12 Job executing on host: <10.10.48.139:49429?addrs=10.10.48.139-49429>
...
006 (8915542.000.000) 12/11 22:47:21 Image size of job updated: 185836
	34  -  MemoryUsage of job (MB)
	34044  -  ResidentSetSize of job (KB)
...
006 (8915542.000.000) 12/11 22:47:58 Image size of job updated: 192624
	34  -  MemoryUsage of job (MB)
	34044  -  ResidentSetSize of job (KB)
...
005 (8915542.000.000) 12/11 22:47:58 Job terminated.
	(1) Normal termination (return value 0)
		Usr 0 00:00:22, Sys 0 00:00:00  -  Run Remote Usage
		Usr 0 00:00:00, Sys 0 00:00:00  -  Run Local Usage
		Usr 0 00:00:22, Sys 0 00:00:00  -  Total Remote Usage
		Usr 0 00:00:00, Sys 0 00:00:00  -  Total Local Usage
	0  -  Run Bytes Sent By Job
	0  -  Run Bytes Received By Job
	0  -  Total Bytes Sent By Job
	0  -  Total Bytes Received By Job
	Partitionable Resources :    Usage  Request Allocated
	   Cpus                 :                 1         1
	   Disk (KB)            :        1        1  13385104
	   Memory (MB)          :       34        1      6441
...
000 (8915674.000.000) 12/11 22:57:03 Job submitted from host: <10.10.48.31:12542?addrs=10.10.48.31-12542>
...
001 (8915674.000.000) 12/11 22:57:19 Job executing on host: <10.10.48.139:49429?addrs=10.10.48.139-49429>
...
006 (8915674.000.000) 12/11 22:57:27 Image size of job updated: 192536
	39  -  MemoryUsage of job (MB)
	39228  -  ResidentSetSize of job (KB)
...
005 (8915674.000.000) 12/11 22:57:32 Job terminated.
	(1) Normal termination (return value 0)
		Usr 0 00:00:01, Sys 0 00:00:00  -  Run Remote Usage
		Usr 0 00:00:00, Sys 0 00:00:00  -  Run Local Usage
		Usr 0 00:00:01, Sys 0 00:00:00  -  Total Remote Usage
		Usr 0 00:00:00, Sys 0 00:00:00  -  Total Local Usage
	0  -  Run Bytes Sent By Job
	0  -  Run Bytes Received By Job
	0  -  Total Bytes Sent By Job
	0  -  Total Bytes Received By Job
	Partitionable Resources :    Usage  Request Allocated
	   Cpus                 :                 1         1
	   Disk (KB)            :        1        1  13385065
	   Memory (MB)          :       39        1      6441
...
000 (8915806.000.000) 12/11 23:09:05 Job submitted from host: <10.10.48.31:12542?addrs=10.10.48.31-12542>
...
001 (8915806.000.000) 12/11 23:09:25 Job executing on host: <10.10.48.35:61041?addrs=10.10.48.35-61041>
...
006 (8915806.000.000) 12/11 23:09:34 Image size of job updated: 185004
	33  -  MemoryUsage of job (MB)
	33668  -  ResidentSetSize of job (KB)
...
006 (8915806.000.000) 12/11 23:14:35 Image size of job updated: 193148
	40  -  MemoryUsage of job (MB)
	40960  -  ResidentSetSize of job (KB)
...
006 (8915806.000.000) 12/11 23:17:59 Image size of job updated: 195180
	40  -  MemoryUsage of job (MB)
	40960  -  ResidentSetSize of job (KB)
...
005 (8915806.000.000) 12/11 23:17:59 Job terminated.
	(1) Normal termination (return value 1)
		Usr 0 00:02:57, Sys 0 00:00:05  -  Run Remote Usage
		Usr 0 00:00:00, Sys 0 00:00:00  -  Run Local Usage
		Usr 0 00:02:57, Sys 0 00:00:05  -  Total Remote Usage
		Usr 0 00:00:00, Sys 0 00:00:00  -  Total Local Usage
	0  -  Run Bytes Sent By Job
	0  -  Run Bytes Received By Job
	0  -  Total Bytes Sent By Job
	0  -  Total Bytes Received By Job
	Partitionable Resources :    Usage  Request Allocated
	   Cpus                 :                 1         1
	   Disk (KB)            :        1        1  16721110
	   Memory (MB)          :       40        1      4023
...
000 (8915968.000.000) 12/11 23:22:25 Job submitted from host: <10.10.48.31:12542?addrs=10.10.48.31-12542>
...
001 (8915968.000.000) 12/11 23:22:45 Job executing on host: <10.10.48.35:61041?addrs=10.10.48.35-61041>
...
006 (8915968.000.000) 12/11 23:22:53 Image size of job updated: 192972
	38  -  MemoryUsage of job (MB)
	38484  -  ResidentSetSize of job (KB)
...
006 (8915968.000.000) 12/11 23:24:11 Image size of job updated: 195172
	38  -  MemoryUsage of job (MB)
	38484  -  ResidentSetSize of job (KB)
...
005 (8915968.000.000) 12/11 23:24:11 Job terminated.
	(1) Normal termination (return value 0)
		Usr 0 00:01:12, Sys 0 00:00:01  -  Run Remote Usage
		Usr 0 00:00:00, Sys 0 00:00:00  -  Run Local Usage
		Usr 0 00:01:12, Sys 0 00:00:01  -  Total Remote Usage
		Usr 0 00:00:00, Sys 0 00:00:00  -  Total Local Usage
	0  -  Run Bytes Sent By Job
	0  -  Run Bytes Received By Job
	0  -  Total Bytes Sent By Job
	0  -  Total Bytes Received By Job
	Partitionable Resources :    Usage  Request Allocated
	   Cpus                 :                 1         1
	   Disk (KB)            :        1        1  16721084
	   Memory (MB)          :       38        1      4023
...
000 (8916131.000.000) 12/12 14:23:34 Job submitted from host: <10.10.48.31:12542?addrs=10.10.48.31-12542>
...
001 (8916131.000.000) 12/12 14:23:49 Job executing on host: <10.10.48.139:49429?addrs=10.10.48.139-49429>
...
006 (8916131.000.000) 12/12 14:23:58 Image size of job updated: 185092
	33  -  MemoryUsage of job (MB)
	33680  -  ResidentSetSize of job (KB)
...
006 (8916131.000.000) 12/12 14:24:31 Image size of job updated: 196376
	33  -  MemoryUsage of job (MB)
	33680  -  ResidentSetSize of job (KB)
...
005 (8916131.000.000) 12/12 14:24:31 Job terminated.
	(1) Normal termination (return value 0)
		Usr 0 00:00:06, Sys 0 00:00:00  -  Run Remote Usage
		Usr 0 00:00:00, Sys 0 00:00:00  -  Run Local Usage
		Usr 0 00:00:06, Sys 0 00:00:00  -  Total Remote Usage
		Usr 0 00:00:00, Sys 0 00:00:00  -  Total Local Usage
	0  -  Run Bytes Sent By Job
	0  -  Run Bytes Received By Job
	0  -  Total Bytes Sent By Job
	0  -  Total Bytes Received By Job
	Partitionable Resources :    Usage  Request Allocated
	   Cpus                 :                 1         1
	   Disk (KB)            :        1        1  13385059
	   Memory (MB)          :       33        1      6441
...
