000 (8914341.000.000) 12/10 23:43:01 Job submitted from host: <10.10.48.31:12542?addrs=10.10.48.31-12542>
...
001 (8914341.000.000) 12/10 23:43:10 Job executing on host: <10.10.48.133:42257?addrs=10.10.48.133-42257>
...
006 (8914341.000.000) 12/10 23:43:10 Image size of job updated: 175356
	0  -  MemoryUsage of job (MB)
	0  -  ResidentSetSize of job (KB)
...
005 (8914341.000.000) 12/10 23:43:11 Job terminated.
	(1) Normal termination (return value 1)
		Usr 0 00:00:00, Sys 0 00:00:00  -  Run Remote Usage
		Usr 0 00:00:00, Sys 0 00:00:00  -  Run Local Usage
		Usr 0 00:00:00, Sys 0 00:00:00  -  Total Remote Usage
		Usr 0 00:00:00, Sys 0 00:00:00  -  Total Local Usage
	0  -  Run Bytes Sent By Job
	0  -  Run Bytes Received By Job
	0  -  Total Bytes Sent By Job
	0  -  Total Bytes Received By Job
	Partitionable Resources :    Usage  Request Allocated
	   Cpus                 :                 1         1
	   Disk (KB)            :        1        1  13386734
	   Memory (MB)          :        0        1      6441
...
000 (8914503.000.000) 12/10 23:49:42 Job submitted from host: <10.10.48.31:12542?addrs=10.10.48.31-12542>
...
001 (8914503.000.000) 12/10 23:50:42 Job executing on host: <10.10.48.133:42257?addrs=10.10.48.133-42257>
...
006 (8914503.000.000) 12/10 23:50:50 Image size of job updated: 185860
	32  -  MemoryUsage of job (MB)
	32400  -  ResidentSetSize of job (KB)
...
006 (8914503.000.000) 12/10 23:53:07 Image size of job updated: 192560
	32  -  MemoryUsage of job (MB)
	32400  -  ResidentSetSize of job (KB)
...
005 (8914503.000.000) 12/10 23:53:07 Job terminated.
	(1) Normal termination (return value 0)
		Usr 0 00:01:21, Sys 0 00:00:01  -  Run Remote Usage
		Usr 0 00:00:00, Sys 0 00:00:00  -  Run Local Usage
		Usr 0 00:01:21, Sys 0 00:00:01  -  Total Remote Usage
		Usr 0 00:00:00, Sys 0 00:00:00  -  Total Local Usage
	0  -  Run Bytes Sent By Job
	0  -  Run Bytes Received By Job
	0  -  Total Bytes Sent By Job
	0  -  Total Bytes Received By Job
	Partitionable Resources :    Usage  Request Allocated
	   Cpus                 :                 1         1
	   Disk (KB)            :        1        1  13386673
	   Memory (MB)          :       32        1      6441
...
000 (8914665.000.000) 12/11 16:49:03 Job submitted from host: <10.10.48.31:12542?addrs=10.10.48.31-12542>
...
001 (8914665.000.000) 12/11 16:49:06 Job executing on host: <10.10.48.141:50603?addrs=10.10.48.141-50603>
...
006 (8914665.000.000) 12/11 16:49:15 Image size of job updated: 185584
	34  -  MemoryUsage of job (MB)
	33920  -  ResidentSetSize of job (KB)
...
006 (8914665.000.000) 12/11 16:52:08 Image size of job updated: 192428
	34  -  MemoryUsage of job (MB)
	33920  -  ResidentSetSize of job (KB)
...
005 (8914665.000.000) 12/11 16:52:08 Job terminated.
	(1) Normal termination (return value 0)
		Usr 0 00:01:20, Sys 0 00:00:01  -  Run Remote Usage
		Usr 0 00:00:00, Sys 0 00:00:00  -  Run Local Usage
		Usr 0 00:01:20, Sys 0 00:00:01  -  Total Remote Usage
		Usr 0 00:00:00, Sys 0 00:00:00  -  Total Local Usage
	0  -  Run Bytes Sent By Job
	0  -  Run Bytes Received By Job
	0  -  Total Bytes Sent By Job
	0  -  Total Bytes Received By Job
	Partitionable Resources :    Usage  Request Allocated
	   Cpus                 :                 1         1
	   Disk (KB)            :        1        1  13376623
	   Memory (MB)          :       34        1      6441
...
000 (8915427.000.000) 12/11 17:18:24 Job submitted from host: <10.10.48.31:12542?addrs=10.10.48.31-12542>
...
001 (8915427.000.000) 12/11 17:19:28 Job executing on host: <10.10.48.42:24954?addrs=10.10.48.42-24954>
...
006 (8915427.000.000) 12/11 17:19:36 Image size of job updated: 192492
	40  -  MemoryUsage of job (MB)
	39956  -  ResidentSetSize of job (KB)
...
006 (8915427.000.000) 12/11 17:20:37 Image size of job updated: 192648
	40  -  MemoryUsage of job (MB)
	39956  -  ResidentSetSize of job (KB)
...
005 (8915427.000.000) 12/11 17:20:37 Job terminated.
	(1) Normal termination (return value 0)
		Usr 0 00:01:01, Sys 0 00:00:01  -  Run Remote Usage
		Usr 0 00:00:00, Sys 0 00:00:00  -  Run Local Usage
		Usr 0 00:01:01, Sys 0 00:00:01  -  Total Remote Usage
		Usr 0 00:00:00, Sys 0 00:00:00  -  Total Local Usage
	0  -  Run Bytes Sent By Job
	0  -  Run Bytes Received By Job
	0  -  Total Bytes Sent By Job
	0  -  Total Bytes Received By Job
	Partitionable Resources :    Usage  Request Allocated
	   Cpus                 :                 1         1
	   Disk (KB)            :        1        1  16729390
	   Memory (MB)          :       40        1      4023
...
000 (8915589.000.000) 12/11 22:47:33 Job submitted from host: <10.10.48.31:12542?addrs=10.10.48.31-12542>
...
001 (8915589.000.000) 12/11 22:47:35 Job executing on host: <10.10.48.41:20766?addrs=10.10.48.41-20766>
...
006 (8915589.000.000) 12/11 22:47:44 Image size of job updated: 1
	2  -  MemoryUsage of job (MB)
	1816  -  ResidentSetSize of job (KB)
...
006 (8915589.000.000) 12/11 22:48:32 Image size of job updated: 192512
	2  -  MemoryUsage of job (MB)
	1816  -  ResidentSetSize of job (KB)
...
005 (8915589.000.000) 12/11 22:48:32 Job terminated.
	(1) Normal termination (return value 0)
		Usr 0 00:00:25, Sys 0 00:00:00  -  Run Remote Usage
		Usr 0 00:00:00, Sys 0 00:00:00  -  Run Local Usage
		Usr 0 00:00:25, Sys 0 00:00:00  -  Total Remote Usage
		Usr 0 00:00:00, Sys 0 00:00:00  -  Total Local Usage
	0  -  Run Bytes Sent By Job
	0  -  Run Bytes Received By Job
	0  -  Total Bytes Sent By Job
	0  -  Total Bytes Received By Job
	Partitionable Resources :    Usage  Request Allocated
	   Cpus                 :                 1         1
	   Disk (KB)            :        1        1  16725261
	   Memory (MB)          :        2        1      4023
...
000 (8915721.000.000) 12/11 22:58:06 Job submitted from host: <10.10.48.31:12542?addrs=10.10.48.31-12542>
...
001 (8915721.000.000) 12/11 22:58:13 Job executing on host: <10.10.48.35:61041?addrs=10.10.48.35-61041>
...
006 (8915721.000.000) 12/11 22:58:22 Image size of job updated: 192416
	40  -  MemoryUsage of job (MB)
	39964  -  ResidentSetSize of job (KB)
...
006 (8915721.000.000) 12/11 22:58:42 Image size of job updated: 192440
	40  -  MemoryUsage of job (MB)
	39964  -  ResidentSetSize of job (KB)
...
005 (8915721.000.000) 12/11 22:58:42 Job terminated.
	(1) Normal termination (return value 0)
		Usr 0 00:00:18, Sys 0 00:00:00  -  Run Remote Usage
		Usr 0 00:00:00, Sys 0 00:00:00  -  Run Local Usage
		Usr 0 00:00:18, Sys 0 00:00:00  -  Total Remote Usage
		Usr 0 00:00:00, Sys 0 00:00:00  -  Total Local Usage
	0  -  Run Bytes Sent By Job
	0  -  Run Bytes Received By Job
	0  -  Total Bytes Sent By Job
	0  -  Total Bytes Received By Job
	Partitionable Resources :    Usage  Request Allocated
	   Cpus                 :                 1         1
	   Disk (KB)            :        1        1  16721005
	   Memory (MB)          :       40        1      4023
...
000 (8915853.000.000) 12/11 23:09:20 Job submitted from host: <10.10.48.31:12542?addrs=10.10.48.31-12542>
...
001 (8915853.000.000) 12/11 23:09:31 Job executing on host: <10.10.48.141:50603?addrs=10.10.48.141-50603>
...
006 (8915853.000.000) 12/11 23:09:40 Image size of job updated: 185180
	33  -  MemoryUsage of job (MB)
	33620  -  ResidentSetSize of job (KB)
...
006 (8915853.000.000) 12/11 23:11:26 Image size of job updated: 190500
	33  -  MemoryUsage of job (MB)
	33620  -  ResidentSetSize of job (KB)
...
005 (8915853.000.000) 12/11 23:11:26 Job terminated.
	(1) Normal termination (return value 1)
		Usr 0 00:00:33, Sys 0 00:00:00  -  Run Remote Usage
		Usr 0 00:00:00, Sys 0 00:00:00  -  Run Local Usage
		Usr 0 00:00:33, Sys 0 00:00:00  -  Total Remote Usage
		Usr 0 00:00:00, Sys 0 00:00:00  -  Total Local Usage
	0  -  Run Bytes Sent By Job
	0  -  Run Bytes Received By Job
	0  -  Total Bytes Sent By Job
	0  -  Total Bytes Received By Job
	Partitionable Resources :    Usage  Request Allocated
	   Cpus                 :                 1         1
	   Disk (KB)            :        1        1  13376523
	   Memory (MB)          :       33        1      6441
...
000 (8916015.000.000) 12/11 23:22:46 Job submitted from host: <10.10.48.31:12542?addrs=10.10.48.31-12542>
...
001 (8916015.000.000) 12/11 23:22:50 Job executing on host: <10.10.48.41:20766?addrs=10.10.48.41-20766>
...
006 (8916015.000.000) 12/11 23:22:58 Image size of job updated: 185184
	32  -  MemoryUsage of job (MB)
	31980  -  ResidentSetSize of job (KB)
...
006 (8916015.000.000) 12/11 23:25:42 Image size of job updated: 190572
	32  -  MemoryUsage of job (MB)
	31980  -  ResidentSetSize of job (KB)
...
005 (8916015.000.000) 12/11 23:25:42 Job terminated.
	(1) Normal termination (return value 0)
		Usr 0 00:00:31, Sys 0 00:00:01  -  Run Remote Usage
		Usr 0 00:00:00, Sys 0 00:00:00  -  Run Local Usage
		Usr 0 00:00:31, Sys 0 00:00:01  -  Total Remote Usage
		Usr 0 00:00:00, Sys 0 00:00:00  -  Total Local Usage
	0  -  Run Bytes Sent By Job
	0  -  Run Bytes Received By Job
	0  -  Total Bytes Sent By Job
	0  -  Total Bytes Received By Job
	Partitionable Resources :    Usage  Request Allocated
	   Cpus                 :                 1         1
	   Disk (KB)            :        1        1  16725172
	   Memory (MB)          :       32        1      4023
...
000 (8916178.000.000) 12/12 14:24:10 Job submitted from host: <10.10.48.31:12542?addrs=10.10.48.31-12542>
...
001 (8916178.000.000) 12/12 14:24:15 Job executing on host: <10.10.48.141:50603?addrs=10.10.48.141-50603>
...
006 (8916178.000.000) 12/12 14:24:24 Image size of job updated: 184904
	33  -  MemoryUsage of job (MB)
	33072  -  ResidentSetSize of job (KB)
...
006 (8916178.000.000) 12/12 14:25:02 Image size of job updated: 192856
	33  -  MemoryUsage of job (MB)
	33072  -  ResidentSetSize of job (KB)
...
005 (8916178.000.000) 12/12 14:25:02 Job terminated.
	(1) Normal termination (return value 0)
		Usr 0 00:00:09, Sys 0 00:00:00  -  Run Remote Usage
		Usr 0 00:00:00, Sys 0 00:00:00  -  Run Local Usage
		Usr 0 00:00:09, Sys 0 00:00:00  -  Total Remote Usage
		Usr 0 00:00:00, Sys 0 00:00:00  -  Total Local Usage
	0  -  Run Bytes Sent By Job
	0  -  Run Bytes Received By Job
	0  -  Total Bytes Sent By Job
	0  -  Total Bytes Received By Job
	Partitionable Resources :    Usage  Request Allocated
	   Cpus                 :                 1         1
	   Disk (KB)            :        1        1  13376559
	   Memory (MB)          :       33        1      6441
...
