000 (8914310.000.000) 12/10 23:42:51 Job submitted from host: <10.10.48.31:12542?addrs=10.10.48.31-12542>
...
001 (8914310.000.000) 12/10 23:42:55 Job executing on host: <10.10.48.132:4924?addrs=10.10.48.132-4924>
...
006 (8914310.000.000) 12/10 23:42:56 Image size of job updated: 116920
	0  -  MemoryUsage of job (MB)
	0  -  ResidentSetSize of job (KB)
...
005 (8914310.000.000) 12/10 23:42:56 Job terminated.
	(1) Normal termination (return value 1)
		Usr 0 00:00:00, Sys 0 00:00:00  -  Run Remote Usage
		Usr 0 00:00:00, Sys 0 00:00:00  -  Run Local Usage
		Usr 0 00:00:00, Sys 0 00:00:00  -  Total Remote Usage
		Usr 0 00:00:00, Sys 0 00:00:00  -  Total Local Usage
	0  -  Run Bytes Sent By Job
	0  -  Run Bytes Received By Job
	0  -  Total Bytes Sent By Job
	0  -  Total Bytes Received By Job
	Partitionable Resources :    Usage  Request Allocated
	   Cpus                 :                 1         1
	   Disk (KB)            :        1        1  13378024
	   Memory (MB)          :        0        1      6441
...
000 (8914472.000.000) 12/10 23:49:04 Job submitted from host: <10.10.48.31:12542?addrs=10.10.48.31-12542>
...
001 (8914472.000.000) 12/10 23:49:19 Job executing on host: <10.10.48.46:7572?addrs=10.10.48.46-7572>
...
006 (8914472.000.000) 12/10 23:49:28 Image size of job updated: 180388
	30  -  MemoryUsage of job (MB)
	30332  -  ResidentSetSize of job (KB)
...
006 (8914472.000.000) 12/10 23:54:29 Image size of job updated: 193200
	43  -  MemoryUsage of job (MB)
	43388  -  ResidentSetSize of job (KB)
...
006 (8914472.000.000) 12/10 23:59:30 Image size of job updated: 194100
	44  -  MemoryUsage of job (MB)
	44916  -  ResidentSetSize of job (KB)
...
006 (8914472.000.000) 12/11 00:04:30 Image size of job updated: 196156
	46  -  MemoryUsage of job (MB)
	46744  -  ResidentSetSize of job (KB)
...
006 (8914472.000.000) 12/11 00:09:31 Image size of job updated: 198376
	49  -  MemoryUsage of job (MB)
	49268  -  ResidentSetSize of job (KB)
...
006 (8914472.000.000) 12/11 00:14:32 Image size of job updated: 200324
	50  -  MemoryUsage of job (MB)
	51188  -  ResidentSetSize of job (KB)
...
005 (8914472.000.000) 12/11 00:15:06 Job terminated.
	(1) Normal termination (return value 0)
		Usr 0 00:16:58, Sys 0 00:00:20  -  Run Remote Usage
		Usr 0 00:00:00, Sys 0 00:00:00  -  Run Local Usage
		Usr 0 00:16:58, Sys 0 00:00:20  -  Total Remote Usage
		Usr 0 00:00:00, Sys 0 00:00:00  -  Total Local Usage
	0  -  Run Bytes Sent By Job
	0  -  Run Bytes Received By Job
	0  -  Total Bytes Sent By Job
	0  -  Total Bytes Received By Job
	Partitionable Resources :    Usage  Request Allocated
	   Cpus                 :                 1         1
	   Disk (KB)            :        1        1  16628798
	   Memory (MB)          :       50        1      4023
...
000 (8914634.000.000) 12/11 16:48:22 Job submitted from host: <10.10.48.31:12542?addrs=10.10.48.31-12542>
...
001 (8914634.000.000) 12/11 16:48:37 Job executing on host: <10.10.48.145:26377?addrs=10.10.48.145-26377>
...
006 (8914634.000.000) 12/11 16:48:45 Image size of job updated: 180520
	29  -  MemoryUsage of job (MB)
	29140  -  ResidentSetSize of job (KB)
...
006 (8914634.000.000) 12/11 16:53:45 Image size of job updated: 193132
	42  -  MemoryUsage of job (MB)
	42664  -  ResidentSetSize of job (KB)
...
006 (8914634.000.000) 12/11 16:58:46 Image size of job updated: 194164
	44  -  MemoryUsage of job (MB)
	44056  -  ResidentSetSize of job (KB)
...
006 (8914634.000.000) 12/11 17:03:46 Image size of job updated: 196016
	45  -  MemoryUsage of job (MB)
	45796  -  ResidentSetSize of job (KB)
...
006 (8914634.000.000) 12/11 17:08:46 Image size of job updated: 197948
	47  -  MemoryUsage of job (MB)
	47468  -  ResidentSetSize of job (KB)
...
006 (8914634.000.000) 12/11 17:13:47 Image size of job updated: 199084
	48  -  MemoryUsage of job (MB)
	48800  -  ResidentSetSize of job (KB)
...
006 (8914634.000.000) 12/11 17:16:11 Image size of job updated: 200300
	48  -  MemoryUsage of job (MB)
	48800  -  ResidentSetSize of job (KB)
...
005 (8914634.000.000) 12/11 17:16:11 Job terminated.
	(1) Normal termination (return value 0)
		Usr 0 00:20:48, Sys 0 00:00:20  -  Run Remote Usage
		Usr 0 00:00:00, Sys 0 00:00:00  -  Run Local Usage
		Usr 0 00:20:48, Sys 0 00:00:20  -  Total Remote Usage
		Usr 0 00:00:00, Sys 0 00:00:00  -  Total Local Usage
	0  -  Run Bytes Sent By Job
	0  -  Run Bytes Received By Job
	0  -  Total Bytes Sent By Job
	0  -  Total Bytes Received By Job
	Partitionable Resources :    Usage  Request Allocated
	   Cpus                 :                 1         1
	   Disk (KB)            :        1        1  13384492
	   Memory (MB)          :       48        1      6441
...
000 (8915396.000.000) 12/11 17:17:52 Job submitted from host: <10.10.48.31:12542?addrs=10.10.48.31-12542>
...
001 (8915396.000.000) 12/11 17:18:04 Job executing on host: <10.10.48.135:49492?addrs=10.10.48.135-49492>
...
006 (8915396.000.000) 12/11 17:18:12 Image size of job updated: 186296
	34  -  MemoryUsage of job (MB)
	34700  -  ResidentSetSize of job (KB)
...
006 (8915396.000.000) 12/11 17:23:12 Image size of job updated: 205492
	53  -  MemoryUsage of job (MB)
	53512  -  ResidentSetSize of job (KB)
...
006 (8915396.000.000) 12/11 17:28:12 Image size of job updated: 220416
	70  -  MemoryUsage of job (MB)
	71452  -  ResidentSetSize of job (KB)
...
006 (8915396.000.000) 12/11 17:33:13 Image size of job updated: 235144
	84  -  MemoryUsage of job (MB)
	85972  -  ResidentSetSize of job (KB)
...
006 (8915396.000.000) 12/11 17:38:13 Image size of job updated: 250724
	100  -  MemoryUsage of job (MB)
	101628  -  ResidentSetSize of job (KB)
...
006 (8915396.000.000) 12/11 17:39:57 Image size of job updated: 255844
	100  -  MemoryUsage of job (MB)
	101628  -  ResidentSetSize of job (KB)
...
005 (8915396.000.000) 12/11 17:39:57 Job terminated.
	(1) Normal termination (return value 0)
		Usr 0 00:19:48, Sys 0 00:00:17  -  Run Remote Usage
		Usr 0 00:00:00, Sys 0 00:00:00  -  Run Local Usage
		Usr 0 00:19:48, Sys 0 00:00:17  -  Total Remote Usage
		Usr 0 00:00:00, Sys 0 00:00:00  -  Total Local Usage
	0  -  Run Bytes Sent By Job
	0  -  Run Bytes Received By Job
	0  -  Total Bytes Sent By Job
	0  -  Total Bytes Received By Job
	Partitionable Resources :    Usage  Request Allocated
	   Cpus                 :                 1         1
	   Disk (KB)            :        1        1  13377146
	   Memory (MB)          :      100        1      6441
...
000 (8915558.000.000) 12/11 22:46:58 Job submitted from host: <10.10.48.31:12542?addrs=10.10.48.31-12542>
...
001 (8915558.000.000) 12/11 22:47:11 Job executing on host: <10.10.48.145:26377?addrs=10.10.48.145-26377>
...
006 (8915558.000.000) 12/11 22:47:20 Image size of job updated: 184016
	31  -  MemoryUsage of job (MB)
	31516  -  ResidentSetSize of job (KB)
...
006 (8915558.000.000) 12/11 22:52:21 Image size of job updated: 192724
	40  -  MemoryUsage of job (MB)
	40280  -  ResidentSetSize of job (KB)
...
000 (8915690.000.000) 12/11 22:57:05 Job submitted from host: <10.10.48.31:12542?addrs=10.10.48.31-12542>
...
001 (8915690.000.000) 12/11 22:57:20 Job executing on host: <10.10.48.145:26377?addrs=10.10.48.145-26377>
...
006 (8915558.000.000) 12/11 22:57:21 Image size of job updated: 194168
	44  -  MemoryUsage of job (MB)
	44848  -  ResidentSetSize of job (KB)
...
006 (8915690.000.000) 12/11 22:57:29 Image size of job updated: 192504
	38  -  MemoryUsage of job (MB)
	38576  -  ResidentSetSize of job (KB)
...
006 (8915558.000.000) 12/11 23:02:21 Image size of job updated: 194812
	45  -  MemoryUsage of job (MB)
	45440  -  ResidentSetSize of job (KB)
...
005 (8915558.000.000) 12/11 23:02:21 Job terminated.
	(1) Normal termination (return value 0)
		Usr 0 00:09:18, Sys 0 00:00:08  -  Run Remote Usage
		Usr 0 00:00:00, Sys 0 00:00:00  -  Run Local Usage
		Usr 0 00:09:18, Sys 0 00:00:08  -  Total Remote Usage
		Usr 0 00:00:00, Sys 0 00:00:00  -  Total Local Usage
	0  -  Run Bytes Sent By Job
	0  -  Run Bytes Received By Job
	0  -  Total Bytes Sent By Job
	0  -  Total Bytes Received By Job
	Partitionable Resources :    Usage  Request Allocated
	   Cpus                 :                 1         1
	   Disk (KB)            :        1        1  13384482
	   Memory (MB)          :       45        1      6441
...
006 (8915690.000.000) 12/11 23:02:30 Image size of job updated: 200696
	46  -  MemoryUsage of job (MB)
	46712  -  ResidentSetSize of job (KB)
...
006 (8915690.000.000) 12/11 23:06:27 Image size of job updated: 207292
	46  -  MemoryUsage of job (MB)
	46712  -  ResidentSetSize of job (KB)
...
005 (8915690.000.000) 12/11 23:06:27 Job terminated.
	(1) Normal termination (return value 0)
		Usr 0 00:07:49, Sys 0 00:00:05  -  Run Remote Usage
		Usr 0 00:00:00, Sys 0 00:00:00  -  Run Local Usage
		Usr 0 00:07:49, Sys 0 00:00:05  -  Total Remote Usage
		Usr 0 00:00:00, Sys 0 00:00:00  -  Total Local Usage
	0  -  Run Bytes Sent By Job
	0  -  Run Bytes Received By Job
	0  -  Total Bytes Sent By Job
	0  -  Total Bytes Received By Job
	Partitionable Resources :    Usage  Request Allocated
	   Cpus                 :                 1         1
	   Disk (KB)            :        1        1  13384441
	   Memory (MB)          :       46        1      6441
...
000 (8915822.000.000) 12/11 23:09:07 Job submitted from host: <10.10.48.31:12542?addrs=10.10.48.31-12542>
...
001 (8915822.000.000) 12/11 23:09:26 Job executing on host: <10.10.48.139:49429?addrs=10.10.48.139-49429>
...
006 (8915822.000.000) 12/11 23:09:34 Image size of job updated: 179568
	28  -  MemoryUsage of job (MB)
	27892  -  ResidentSetSize of job (KB)
...
006 (8915822.000.000) 12/11 23:14:34 Image size of job updated: 193528
	39  -  MemoryUsage of job (MB)
	39468  -  ResidentSetSize of job (KB)
...
006 (8915822.000.000) 12/11 23:19:35 Image size of job updated: 194420
	41  -  MemoryUsage of job (MB)
	41028  -  ResidentSetSize of job (KB)
...
000 (8915984.000.000) 12/11 23:22:27 Job submitted from host: <10.10.48.31:12542?addrs=10.10.48.31-12542>
...
001 (8915984.000.000) 12/11 23:22:45 Job executing on host: <10.10.48.139:49429?addrs=10.10.48.139-49429>
...
006 (8915984.000.000) 12/11 23:22:54 Image size of job updated: 185648
	33  -  MemoryUsage of job (MB)
	33772  -  ResidentSetSize of job (KB)
...
006 (8915822.000.000) 12/11 23:24:35 Image size of job updated: 197292
	43  -  MemoryUsage of job (MB)
	43152  -  ResidentSetSize of job (KB)
...
006 (8915984.000.000) 12/11 23:27:55 Image size of job updated: 197576
	45  -  MemoryUsage of job (MB)
	45252  -  ResidentSetSize of job (KB)
...
006 (8915822.000.000) 12/11 23:29:35 Image size of job updated: 198244
	46  -  MemoryUsage of job (MB)
	46244  -  ResidentSetSize of job (KB)
...
006 (8915984.000.000) 12/11 23:32:56 Image size of job updated: 200736
	51  -  MemoryUsage of job (MB)
	51264  -  ResidentSetSize of job (KB)
...
006 (8915822.000.000) 12/11 23:34:36 Image size of job updated: 201796
	49  -  MemoryUsage of job (MB)
	49504  -  ResidentSetSize of job (KB)
...
006 (8915984.000.000) 12/11 23:37:56 Image size of job updated: 204372
	54  -  MemoryUsage of job (MB)
	54788  -  ResidentSetSize of job (KB)
...
006 (8915822.000.000) 12/11 23:38:45 Image size of job updated: 204768
	49  -  MemoryUsage of job (MB)
	49504  -  ResidentSetSize of job (KB)
...
006 (8915984.000.000) 12/11 23:38:45 Image size of job updated: 204740
	54  -  MemoryUsage of job (MB)
	54788  -  ResidentSetSize of job (KB)
...
005 (8915822.000.000) 12/11 23:38:45 Job terminated.
	(1) Normal termination (return value 1)
		Usr 0 00:09:53, Sys 0 00:00:14  -  Run Remote Usage
		Usr 0 00:00:00, Sys 0 00:00:00  -  Run Local Usage
		Usr 0 00:09:53, Sys 0 00:00:14  -  Total Remote Usage
		Usr 0 00:00:00, Sys 0 00:00:00  -  Total Local Usage
	0  -  Run Bytes Sent By Job
	0  -  Run Bytes Received By Job
	0  -  Total Bytes Sent By Job
	0  -  Total Bytes Received By Job
	Partitionable Resources :    Usage  Request Allocated
	   Cpus                 :                 1         1
	   Disk (KB)            :        1        1  13385058
	   Memory (MB)          :       49        1      6441
...
005 (8915984.000.000) 12/11 23:38:45 Job terminated.
	(1) Normal termination (return value 0)
		Usr 0 00:08:47, Sys 0 00:00:11  -  Run Remote Usage
		Usr 0 00:00:00, Sys 0 00:00:00  -  Run Local Usage
		Usr 0 00:08:47, Sys 0 00:00:11  -  Total Remote Usage
		Usr 0 00:00:00, Sys 0 00:00:00  -  Total Local Usage
	0  -  Run Bytes Sent By Job
	0  -  Run Bytes Received By Job
	0  -  Total Bytes Sent By Job
	0  -  Total Bytes Received By Job
	Partitionable Resources :    Usage  Request Allocated
	   Cpus                 :                 1         1
	   Disk (KB)            :        1        1  13385070
	   Memory (MB)          :       54        1      6441
...
000 (8916147.000.000) 12/12 14:23:36 Job submitted from host: <10.10.48.31:12542?addrs=10.10.48.31-12542>
...
001 (8916147.000.000) 12/12 14:23:49 Job executing on host: <10.10.48.145:26377?addrs=10.10.48.145-26377>
...
006 (8916147.000.000) 12/12 14:23:58 Image size of job updated: 179436
	28  -  MemoryUsage of job (MB)
	27856  -  ResidentSetSize of job (KB)
...
006 (8916147.000.000) 12/12 14:28:59 Image size of job updated: 273172
	106  -  MemoryUsage of job (MB)
	107788  -  ResidentSetSize of job (KB)
...
006 (8916147.000.000) 12/12 14:33:54 Image size of job updated: 548556
	106  -  MemoryUsage of job (MB)
	107788  -  ResidentSetSize of job (KB)
...
005 (8916147.000.000) 12/12 14:33:54 Job terminated.
	(1) Normal termination (return value 0)
		Usr 0 00:03:35, Sys 0 00:00:05  -  Run Remote Usage
		Usr 0 00:00:00, Sys 0 00:00:00  -  Run Local Usage
		Usr 0 00:03:35, Sys 0 00:00:05  -  Total Remote Usage
		Usr 0 00:00:00, Sys 0 00:00:00  -  Total Local Usage
	0  -  Run Bytes Sent By Job
	0  -  Run Bytes Received By Job
	0  -  Total Bytes Sent By Job
	0  -  Total Bytes Received By Job
	Partitionable Resources :    Usage  Request Allocated
	   Cpus                 :                 1         1
	   Disk (KB)            :        1        1  13384493
	   Memory (MB)          :      106        1      6441
...
000 (9637192.000.000) 02/27 16:01:38 Job submitted from host: <10.10.48.31:15410?addrs=10.10.48.31-15410>
...
001 (9637192.000.000) 02/27 16:01:51 Job executing on host: <10.10.48.39:38682?addrs=10.10.48.39-38682>
...
006 (9637192.000.000) 02/27 16:01:59 Image size of job updated: 115600
	18  -  MemoryUsage of job (MB)
	18272  -  ResidentSetSize of job (KB)
...
006 (9637192.000.000) 02/27 16:06:23 Image size of job updated: 186100
	18  -  MemoryUsage of job (MB)
	18272  -  ResidentSetSize of job (KB)
...
005 (9637192.000.000) 02/27 16:06:23 Job terminated.
	(1) Normal termination (return value 255)
		Usr 0 00:00:01, Sys 0 00:00:00  -  Run Remote Usage
		Usr 0 00:00:00, Sys 0 00:00:00  -  Run Local Usage
		Usr 0 00:00:01, Sys 0 00:00:00  -  Total Remote Usage
		Usr 0 00:00:00, Sys 0 00:00:00  -  Total Local Usage
	0  -  Run Bytes Sent By Job
	0  -  Run Bytes Received By Job
	0  -  Total Bytes Sent By Job
	0  -  Total Bytes Received By Job
	Partitionable Resources :    Usage  Request Allocated
	   Cpus                 :                 1         1
	   Disk (KB)            :        1        1  16725766
	   Memory (MB)          :       18        1      4023
...
000 (9643773.000.000) 02/27 20:47:14 Job submitted from host: <10.10.48.31:15410?addrs=10.10.48.31-15410>
...
001 (9643773.000.000) 02/27 20:47:16 Job executing on host: <10.10.48.134:39779?addrs=10.10.48.134-39779>
...
006 (9643773.000.000) 02/27 20:47:18 Image size of job updated: 252812
	0  -  MemoryUsage of job (MB)
	0  -  ResidentSetSize of job (KB)
...
005 (9643773.000.000) 02/27 20:47:19 Job terminated.
	(1) Normal termination (return value 51)
		Usr 0 00:00:00, Sys 0 00:00:00  -  Run Remote Usage
		Usr 0 00:00:00, Sys 0 00:00:00  -  Run Local Usage
		Usr 0 00:00:00, Sys 0 00:00:00  -  Total Remote Usage
		Usr 0 00:00:00, Sys 0 00:00:00  -  Total Local Usage
	0  -  Run Bytes Sent By Job
	0  -  Run Bytes Received By Job
	0  -  Total Bytes Sent By Job
	0  -  Total Bytes Received By Job
	Partitionable Resources :    Usage  Request Allocated
	   Cpus                 :                 1         1
	   Disk (KB)            :        1        1  13381656
	   Memory (MB)          :        0        1      6441
...
