000 (8914277.000.000) 12/10 23:42:47 Job submitted from host: <10.10.48.31:12542?addrs=10.10.48.31-12542>
...
001 (8914277.000.000) 12/10 23:42:56 Job executing on host: <10.10.48.133:42257?addrs=10.10.48.133-42257>
...
006 (8914277.000.000) 12/10 23:42:57 Image size of job updated: 172800
	0  -  MemoryUsage of job (MB)
	0  -  ResidentSetSize of job (KB)
...
005 (8914277.000.000) 12/10 23:42:58 Job terminated.
	(1) Normal termination (return value 1)
		Usr 0 00:00:00, Sys 0 00:00:00  -  Run Remote Usage
		Usr 0 00:00:00, Sys 0 00:00:00  -  Run Local Usage
		Usr 0 00:00:00, Sys 0 00:00:00  -  Total Remote Usage
		Usr 0 00:00:00, Sys 0 00:00:00  -  Total Local Usage
	0  -  Run Bytes Sent By Job
	0  -  Run Bytes Received By Job
	0  -  Total Bytes Sent By Job
	0  -  Total Bytes Received By Job
	Partitionable Resources :    Usage  Request Allocated
	   Cpus                 :                 1         1
	   Disk (KB)            :        1        1  13386734
	   Memory (MB)          :        0        1      6441
...
000 (8914439.000.000) 12/10 23:49:00 Job submitted from host: <10.10.48.31:12542?addrs=10.10.48.31-12542>
...
001 (8914439.000.000) 12/10 23:49:18 Job executing on host: <10.10.48.133:42257?addrs=10.10.48.133-42257>
...
006 (8914439.000.000) 12/10 23:49:27 Image size of job updated: 185628
	32  -  MemoryUsage of job (MB)
	32396  -  ResidentSetSize of job (KB)
...
006 (8914439.000.000) 12/10 23:54:28 Image size of job updated: 195096
	44  -  MemoryUsage of job (MB)
	44488  -  ResidentSetSize of job (KB)
...
006 (8914439.000.000) 12/10 23:56:23 Image size of job updated: 197468
	44  -  MemoryUsage of job (MB)
	44488  -  ResidentSetSize of job (KB)
...
005 (8914439.000.000) 12/10 23:56:23 Job terminated.
	(1) Normal termination (return value 0)
		Usr 0 00:04:08, Sys 0 00:00:03  -  Run Remote Usage
		Usr 0 00:00:00, Sys 0 00:00:00  -  Run Local Usage
		Usr 0 00:04:08, Sys 0 00:00:03  -  Total Remote Usage
		Usr 0 00:00:00, Sys 0 00:00:00  -  Total Local Usage
	0  -  Run Bytes Sent By Job
	0  -  Run Bytes Received By Job
	0  -  Total Bytes Sent By Job
	0  -  Total Bytes Received By Job
	Partitionable Resources :    Usage  Request Allocated
	   Cpus                 :                 1         1
	   Disk (KB)            :        1        1  13386671
	   Memory (MB)          :       44        1      6441
...
000 (8914601.000.000) 12/11 16:48:18 Job submitted from host: <10.10.48.31:12542?addrs=10.10.48.31-12542>
...
001 (8914601.000.000) 12/11 16:48:37 Job executing on host: <10.10.48.35:61041?addrs=10.10.48.35-61041>
...
006 (8914601.000.000) 12/11 16:48:45 Image size of job updated: 185908
	34  -  MemoryUsage of job (MB)
	34144  -  ResidentSetSize of job (KB)
...
006 (8914601.000.000) 12/11 16:53:45 Image size of job updated: 196372
	47  -  MemoryUsage of job (MB)
	47312  -  ResidentSetSize of job (KB)
...
006 (8914601.000.000) 12/11 16:54:32 Image size of job updated: 197180
	47  -  MemoryUsage of job (MB)
	47312  -  ResidentSetSize of job (KB)
...
005 (8914601.000.000) 12/11 16:54:32 Job terminated.
	(1) Normal termination (return value 0)
		Usr 0 00:02:58, Sys 0 00:00:03  -  Run Remote Usage
		Usr 0 00:00:00, Sys 0 00:00:00  -  Run Local Usage
		Usr 0 00:02:58, Sys 0 00:00:03  -  Total Remote Usage
		Usr 0 00:00:00, Sys 0 00:00:00  -  Total Local Usage
	0  -  Run Bytes Sent By Job
	0  -  Run Bytes Received By Job
	0  -  Total Bytes Sent By Job
	0  -  Total Bytes Received By Job
	Partitionable Resources :    Usage  Request Allocated
	   Cpus                 :                 1         1
	   Disk (KB)            :        1        1  16721155
	   Memory (MB)          :       47        1      4023
...
000 (8915363.000.000) 12/11 17:17:48 Job submitted from host: <10.10.48.31:12542?addrs=10.10.48.31-12542>
...
001 (8915363.000.000) 12/11 17:18:02 Job executing on host: <10.10.48.37:22739?addrs=10.10.48.37-22739>
...
006 (8915363.000.000) 12/11 17:18:11 Image size of job updated: 185920
	33  -  MemoryUsage of job (MB)
	33716  -  ResidentSetSize of job (KB)
...
006 (8915363.000.000) 12/11 17:21:39 Image size of job updated: 193136
	33  -  MemoryUsage of job (MB)
	33716  -  ResidentSetSize of job (KB)
...
005 (8915363.000.000) 12/11 17:21:39 Job terminated.
	(1) Normal termination (return value 0)
		Usr 0 00:03:08, Sys 0 00:00:03  -  Run Remote Usage
		Usr 0 00:00:00, Sys 0 00:00:00  -  Run Local Usage
		Usr 0 00:03:08, Sys 0 00:00:03  -  Total Remote Usage
		Usr 0 00:00:00, Sys 0 00:00:00  -  Total Local Usage
	0  -  Run Bytes Sent By Job
	0  -  Run Bytes Received By Job
	0  -  Total Bytes Sent By Job
	0  -  Total Bytes Received By Job
	Partitionable Resources :    Usage  Request Allocated
	   Cpus                 :                 1         1
	   Disk (KB)            :        1        1  16727214
	   Memory (MB)          :       33        1      4023
...
000 (8915525.000.000) 12/11 22:46:54 Job submitted from host: <10.10.48.31:12542?addrs=10.10.48.31-12542>
...
001 (8915525.000.000) 12/11 22:47:12 Job executing on host: <10.10.48.35:61041?addrs=10.10.48.35-61041>
...
006 (8915525.000.000) 12/11 22:47:20 Image size of job updated: 185760
	32  -  MemoryUsage of job (MB)
	32324  -  ResidentSetSize of job (KB)
...
006 (8915525.000.000) 12/11 22:47:53 Image size of job updated: 192356
	32  -  MemoryUsage of job (MB)
	32324  -  ResidentSetSize of job (KB)
...
005 (8915525.000.000) 12/11 22:47:53 Job terminated.
	(1) Normal termination (return value 0)
		Usr 0 00:00:18, Sys 0 00:00:00  -  Run Remote Usage
		Usr 0 00:00:00, Sys 0 00:00:00  -  Run Local Usage
		Usr 0 00:00:18, Sys 0 00:00:00  -  Total Remote Usage
		Usr 0 00:00:00, Sys 0 00:00:00  -  Total Local Usage
	0  -  Run Bytes Sent By Job
	0  -  Run Bytes Received By Job
	0  -  Total Bytes Sent By Job
	0  -  Total Bytes Received By Job
	Partitionable Resources :    Usage  Request Allocated
	   Cpus                 :                 1         1
	   Disk (KB)            :        1        1  16721100
	   Memory (MB)          :       32        1      4023
...
000 (8915657.000.000) 12/11 22:57:01 Job submitted from host: <10.10.48.31:12542?addrs=10.10.48.31-12542>
...
001 (8915657.000.000) 12/11 22:57:18 Job executing on host: <10.10.48.35:61041?addrs=10.10.48.35-61041>
...
006 (8915657.000.000) 12/11 22:57:27 Image size of job updated: 192416
	39  -  MemoryUsage of job (MB)
	39920  -  ResidentSetSize of job (KB)
...
005 (8915657.000.000) 12/11 22:57:29 Job terminated.
	(1) Normal termination (return value 0)
		Usr 0 00:00:08, Sys 0 00:00:00  -  Run Remote Usage
		Usr 0 00:00:00, Sys 0 00:00:00  -  Run Local Usage
		Usr 0 00:00:08, Sys 0 00:00:00  -  Total Remote Usage
		Usr 0 00:00:00, Sys 0 00:00:00  -  Total Local Usage
	0  -  Run Bytes Sent By Job
	0  -  Run Bytes Received By Job
	0  -  Total Bytes Sent By Job
	0  -  Total Bytes Received By Job
	Partitionable Resources :    Usage  Request Allocated
	   Cpus                 :                 1         1
	   Disk (KB)            :        1        1  16721068
	   Memory (MB)          :       39        1      4023
...
000 (8915789.000.000) 12/11 23:09:02 Job submitted from host: <10.10.48.31:12542?addrs=10.10.48.31-12542>
...
001 (8915789.000.000) 12/11 23:09:05 Job executing on host: <10.10.48.35:61041?addrs=10.10.48.35-61041>
...
006 (8915789.000.000) 12/11 23:09:13 Image size of job updated: 1
	2  -  MemoryUsage of job (MB)
	1816  -  ResidentSetSize of job (KB)
...
006 (8915789.000.000) 12/11 23:14:13 Image size of job updated: 193636
	39  -  MemoryUsage of job (MB)
	39736  -  ResidentSetSize of job (KB)
...
006 (8915789.000.000) 12/11 23:15:37 Image size of job updated: 194408
	39  -  MemoryUsage of job (MB)
	39736  -  ResidentSetSize of job (KB)
...
005 (8915789.000.000) 12/11 23:15:37 Job terminated.
	(1) Normal termination (return value 1)
		Usr 0 00:01:49, Sys 0 00:00:03  -  Run Remote Usage
		Usr 0 00:00:00, Sys 0 00:00:00  -  Run Local Usage
		Usr 0 00:01:49, Sys 0 00:00:03  -  Total Remote Usage
		Usr 0 00:00:00, Sys 0 00:00:00  -  Total Local Usage
	0  -  Run Bytes Sent By Job
	0  -  Run Bytes Received By Job
	0  -  Total Bytes Sent By Job
	0  -  Total Bytes Received By Job
	Partitionable Resources :    Usage  Request Allocated
	   Cpus                 :                 1         1
	   Disk (KB)            :        1        1  16721110
	   Memory (MB)          :       39        1      4023
...
000 (8915951.000.000) 12/11 23:22:23 Job submitted from host: <10.10.48.31:12542?addrs=10.10.48.31-12542>
...
001 (8915951.000.000) 12/11 23:22:45 Job executing on host: <10.10.48.141:50603?addrs=10.10.48.141-50603>
...
006 (8915951.000.000) 12/11 23:22:53 Image size of job updated: 193084
	38  -  MemoryUsage of job (MB)
	38364  -  ResidentSetSize of job (KB)
...
006 (8915951.000.000) 12/11 23:27:53 Image size of job updated: 193736
	40  -  MemoryUsage of job (MB)
	40256  -  ResidentSetSize of job (KB)
...
005 (8915951.000.000) 12/11 23:28:03 Job terminated.
	(1) Normal termination (return value 0)
		Usr 0 00:01:15, Sys 0 00:00:01  -  Run Remote Usage
		Usr 0 00:00:00, Sys 0 00:00:00  -  Run Local Usage
		Usr 0 00:01:15, Sys 0 00:00:01  -  Total Remote Usage
		Usr 0 00:00:00, Sys 0 00:00:00  -  Total Local Usage
	0  -  Run Bytes Sent By Job
	0  -  Run Bytes Received By Job
	0  -  Total Bytes Sent By Job
	0  -  Total Bytes Received By Job
	Partitionable Resources :    Usage  Request Allocated
	   Cpus                 :                 1         1
	   Disk (KB)            :        1        1  13376493
	   Memory (MB)          :       40        1      6441
...
000 (8916114.000.000) 12/12 14:23:32 Job submitted from host: <10.10.48.31:12542?addrs=10.10.48.31-12542>
...
001 (8916114.000.000) 12/12 14:23:48 Job executing on host: <10.10.48.35:61041?addrs=10.10.48.35-61041>
...
006 (8916114.000.000) 12/12 14:23:57 Image size of job updated: 185088
	32  -  MemoryUsage of job (MB)
	32020  -  ResidentSetSize of job (KB)
...
006 (8916114.000.000) 12/12 14:24:36 Image size of job updated: 194920
	32  -  MemoryUsage of job (MB)
	32020  -  ResidentSetSize of job (KB)
...
005 (8916114.000.000) 12/12 14:24:36 Job terminated.
	(1) Normal termination (return value 0)
		Usr 0 00:00:06, Sys 0 00:00:00  -  Run Remote Usage
		Usr 0 00:00:00, Sys 0 00:00:00  -  Run Local Usage
		Usr 0 00:00:06, Sys 0 00:00:00  -  Total Remote Usage
		Usr 0 00:00:00, Sys 0 00:00:00  -  Total Local Usage
	0  -  Run Bytes Sent By Job
	0  -  Run Bytes Received By Job
	0  -  Total Bytes Sent By Job
	0  -  Total Bytes Received By Job
	Partitionable Resources :    Usage  Request Allocated
	   Cpus                 :                 1         1
	   Disk (KB)            :        1        1  16721064
	   Memory (MB)          :       32        1      4023
...
