000 (8914260.000.000) 12/10 23:42:45 Job submitted from host: <10.10.48.31:12542?addrs=10.10.48.31-12542>
...
001 (8914260.000.000) 12/10 23:42:54 Job executing on host: <10.10.48.138:10254?addrs=10.10.48.138-10254>
...
006 (8914260.000.000) 12/10 23:42:54 Image size of job updated: 175192
	0  -  MemoryUsage of job (MB)
	0  -  ResidentSetSize of job (KB)
...
005 (8914260.000.000) 12/10 23:42:54 Job terminated.
	(1) Normal termination (return value 1)
		Usr 0 00:00:00, Sys 0 00:00:00  -  Run Remote Usage
		Usr 0 00:00:00, Sys 0 00:00:00  -  Run Local Usage
		Usr 0 00:00:00, Sys 0 00:00:00  -  Total Remote Usage
		Usr 0 00:00:00, Sys 0 00:00:00  -  Total Local Usage
	0  -  Run Bytes Sent By Job
	0  -  Run Bytes Received By Job
	0  -  Total Bytes Sent By Job
	0  -  Total Bytes Received By Job
	Partitionable Resources :    Usage  Request Allocated
	   Cpus                 :                 1         1
	   Disk (KB)            :        1        1  13380621
	   Memory (MB)          :        0        1      6441
...
000 (8914422.000.000) 12/10 23:48:58 Job submitted from host: <10.10.48.31:12542?addrs=10.10.48.31-12542>
...
001 (8914422.000.000) 12/10 23:50:00 Job executing on host: <10.10.48.35:61041?addrs=10.10.48.35-61041>
...
006 (8914422.000.000) 12/10 23:50:09 Image size of job updated: 185584
	33  -  MemoryUsage of job (MB)
	33680  -  ResidentSetSize of job (KB)
...
006 (8914422.000.000) 12/10 23:52:07 Image size of job updated: 192452
	33  -  MemoryUsage of job (MB)
	33680  -  ResidentSetSize of job (KB)
...
005 (8914422.000.000) 12/10 23:52:07 Job terminated.
	(1) Normal termination (return value 0)
		Usr 0 00:01:03, Sys 0 00:00:01  -  Run Remote Usage
		Usr 0 00:00:00, Sys 0 00:00:00  -  Run Local Usage
		Usr 0 00:01:03, Sys 0 00:00:01  -  Total Remote Usage
		Usr 0 00:00:00, Sys 0 00:00:00  -  Total Local Usage
	0  -  Run Bytes Sent By Job
	0  -  Run Bytes Received By Job
	0  -  Total Bytes Sent By Job
	0  -  Total Bytes Received By Job
	Partitionable Resources :    Usage  Request Allocated
	   Cpus                 :                 1         1
	   Disk (KB)            :        1        1  16721154
	   Memory (MB)          :       33        1      4023
...
000 (8914584.000.000) 12/11 16:48:16 Job submitted from host: <10.10.48.31:12542?addrs=10.10.48.31-12542>
...
001 (8914584.000.000) 12/11 16:48:37 Job executing on host: <10.10.48.141:50603?addrs=10.10.48.141-50603>
...
006 (8914584.000.000) 12/11 16:48:46 Image size of job updated: 185772
	33  -  MemoryUsage of job (MB)
	33708  -  ResidentSetSize of job (KB)
...
006 (8914584.000.000) 12/11 16:51:14 Image size of job updated: 192572
	33  -  MemoryUsage of job (MB)
	33708  -  ResidentSetSize of job (KB)
...
005 (8914584.000.000) 12/11 16:51:14 Job terminated.
	(1) Normal termination (return value 0)
		Usr 0 00:01:14, Sys 0 00:00:01  -  Run Remote Usage
		Usr 0 00:00:00, Sys 0 00:00:00  -  Run Local Usage
		Usr 0 00:01:14, Sys 0 00:00:01  -  Total Remote Usage
		Usr 0 00:00:00, Sys 0 00:00:00  -  Total Local Usage
	0  -  Run Bytes Sent By Job
	0  -  Run Bytes Received By Job
	0  -  Total Bytes Sent By Job
	0  -  Total Bytes Received By Job
	Partitionable Resources :    Usage  Request Allocated
	   Cpus                 :                 1         1
	   Disk (KB)            :        1        1  13376623
	   Memory (MB)          :       33        1      6441
...
000 (8915346.000.000) 12/11 17:17:46 Job submitted from host: <10.10.48.31:12542?addrs=10.10.48.31-12542>
...
001 (8915346.000.000) 12/11 17:18:43 Job executing on host: <10.10.48.42:24954?addrs=10.10.48.42-24954>
...
006 (8915346.000.000) 12/11 17:18:52 Image size of job updated: 192544
	38  -  MemoryUsage of job (MB)
	38456  -  ResidentSetSize of job (KB)
...
005 (8915346.000.000) 12/11 17:19:45 Job terminated.
	(1) Normal termination (return value 0)
		Usr 0 00:00:54, Sys 0 00:00:01  -  Run Remote Usage
		Usr 0 00:00:00, Sys 0 00:00:00  -  Run Local Usage
		Usr 0 00:00:54, Sys 0 00:00:01  -  Total Remote Usage
		Usr 0 00:00:00, Sys 0 00:00:00  -  Total Local Usage
	0  -  Run Bytes Sent By Job
	0  -  Run Bytes Received By Job
	0  -  Total Bytes Sent By Job
	0  -  Total Bytes Received By Job
	Partitionable Resources :    Usage  Request Allocated
	   Cpus                 :                 1         1
	   Disk (KB)            :        1        1  16729327
	   Memory (MB)          :       38        1      4023
...
000 (8915508.000.000) 12/11 22:46:52 Job submitted from host: <10.10.48.31:12542?addrs=10.10.48.31-12542>
...
001 (8915508.000.000) 12/11 22:47:12 Job executing on host: <10.10.48.141:50603?addrs=10.10.48.141-50603>
...
006 (8915508.000.000) 12/11 22:47:20 Image size of job updated: 185600
	33  -  MemoryUsage of job (MB)
	33752  -  ResidentSetSize of job (KB)
...
006 (8915508.000.000) 12/11 22:51:35 Image size of job updated: 192908
	33  -  MemoryUsage of job (MB)
	33752  -  ResidentSetSize of job (KB)
...
005 (8915508.000.000) 12/11 22:51:35 Job terminated.
	(1) Normal termination (return value 0)
		Usr 0 00:02:09, Sys 0 00:00:01  -  Run Remote Usage
		Usr 0 00:00:00, Sys 0 00:00:00  -  Run Local Usage
		Usr 0 00:02:09, Sys 0 00:00:01  -  Total Remote Usage
		Usr 0 00:00:00, Sys 0 00:00:00  -  Total Local Usage
	0  -  Run Bytes Sent By Job
	0  -  Run Bytes Received By Job
	0  -  Total Bytes Sent By Job
	0  -  Total Bytes Received By Job
	Partitionable Resources :    Usage  Request Allocated
	   Cpus                 :                 1         1
	   Disk (KB)            :        1        1  13376574
	   Memory (MB)          :       33        1      6441
...
000 (8915640.000.000) 12/11 22:56:59 Job submitted from host: <10.10.48.31:12542?addrs=10.10.48.31-12542>
...
001 (8915640.000.000) 12/11 22:57:19 Job executing on host: <10.10.48.141:50603?addrs=10.10.48.141-50603>
...
006 (8915640.000.000) 12/11 22:57:27 Image size of job updated: 190960
	39  -  MemoryUsage of job (MB)
	39560  -  ResidentSetSize of job (KB)
...
006 (8915640.000.000) 12/11 22:58:39 Image size of job updated: 192496
	39  -  MemoryUsage of job (MB)
	39560  -  ResidentSetSize of job (KB)
...
005 (8915640.000.000) 12/11 22:58:39 Job terminated.
	(1) Normal termination (return value 0)
		Usr 0 00:01:04, Sys 0 00:00:00  -  Run Remote Usage
		Usr 0 00:00:00, Sys 0 00:00:00  -  Run Local Usage
		Usr 0 00:01:04, Sys 0 00:00:00  -  Total Remote Usage
		Usr 0 00:00:00, Sys 0 00:00:00  -  Total Local Usage
	0  -  Run Bytes Sent By Job
	0  -  Run Bytes Received By Job
	0  -  Total Bytes Sent By Job
	0  -  Total Bytes Received By Job
	Partitionable Resources :    Usage  Request Allocated
	   Cpus                 :                 1         1
	   Disk (KB)            :        1        1  13376549
	   Memory (MB)          :       39        1      6441
...
000 (8915772.000.000) 12/11 23:08:59 Job submitted from host: <10.10.48.31:12542?addrs=10.10.48.31-12542>
...
001 (8915772.000.000) 12/11 23:09:04 Job executing on host: <10.10.48.141:50603?addrs=10.10.48.141-50603>
...
006 (8915772.000.000) 12/11 23:09:13 Image size of job updated: 192820
	39  -  MemoryUsage of job (MB)
	39396  -  ResidentSetSize of job (KB)
...
006 (8915772.000.000) 12/11 23:10:28 Image size of job updated: 192992
	39  -  MemoryUsage of job (MB)
	39396  -  ResidentSetSize of job (KB)
...
005 (8915772.000.000) 12/11 23:10:28 Job terminated.
	(1) Normal termination (return value 1)
		Usr 0 00:00:29, Sys 0 00:00:00  -  Run Remote Usage
		Usr 0 00:00:00, Sys 0 00:00:00  -  Run Local Usage
		Usr 0 00:00:29, Sys 0 00:00:00  -  Total Remote Usage
		Usr 0 00:00:00, Sys 0 00:00:00  -  Total Local Usage
	0  -  Run Bytes Sent By Job
	0  -  Run Bytes Received By Job
	0  -  Total Bytes Sent By Job
	0  -  Total Bytes Received By Job
	Partitionable Resources :    Usage  Request Allocated
	   Cpus                 :                 1         1
	   Disk (KB)            :        1        1  13376523
	   Memory (MB)          :       39        1      6441
...
000 (8915934.000.000) 12/11 23:22:22 Job submitted from host: <10.10.48.31:12542?addrs=10.10.48.31-12542>
...
001 (8915934.000.000) 12/11 23:22:42 Job executing on host: <10.10.48.41:20766?addrs=10.10.48.41-20766>
...
006 (8915934.000.000) 12/11 23:22:51 Image size of job updated: 192876
	37  -  MemoryUsage of job (MB)
	37252  -  ResidentSetSize of job (KB)
...
006 (8915934.000.000) 12/11 23:25:10 Image size of job updated: 192996
	37  -  MemoryUsage of job (MB)
	37252  -  ResidentSetSize of job (KB)
...
005 (8915934.000.000) 12/11 23:25:10 Job terminated.
	(1) Normal termination (return value 0)
		Usr 0 00:00:24, Sys 0 00:00:00  -  Run Remote Usage
		Usr 0 00:00:00, Sys 0 00:00:00  -  Run Local Usage
		Usr 0 00:00:24, Sys 0 00:00:00  -  Total Remote Usage
		Usr 0 00:00:00, Sys 0 00:00:00  -  Total Local Usage
	0  -  Run Bytes Sent By Job
	0  -  Run Bytes Received By Job
	0  -  Total Bytes Sent By Job
	0  -  Total Bytes Received By Job
	Partitionable Resources :    Usage  Request Allocated
	   Cpus                 :                 1         1
	   Disk (KB)            :        1        1  16725172
	   Memory (MB)          :       37        1      4023
...
000 (8916097.000.000) 12/12 14:23:30 Job submitted from host: <10.10.48.31:12542?addrs=10.10.48.31-12542>
...
001 (8916097.000.000) 12/12 14:23:49 Job executing on host: <10.10.48.141:50603?addrs=10.10.48.141-50603>
...
006 (8916097.000.000) 12/12 14:23:57 Image size of job updated: 175332
	29  -  MemoryUsage of job (MB)
	29572  -  ResidentSetSize of job (KB)
...
006 (8916097.000.000) 12/12 14:28:14 Image size of job updated: 192892
	29  -  MemoryUsage of job (MB)
	29572  -  ResidentSetSize of job (KB)
...
005 (8916097.000.000) 12/12 14:28:14 Job terminated.
	(1) Normal termination (return value 0)
		Usr 0 00:00:53, Sys 0 00:00:01  -  Run Remote Usage
		Usr 0 00:00:00, Sys 0 00:00:00  -  Run Local Usage
		Usr 0 00:00:53, Sys 0 00:00:01  -  Total Remote Usage
		Usr 0 00:00:00, Sys 0 00:00:00  -  Total Local Usage
	0  -  Run Bytes Sent By Job
	0  -  Run Bytes Received By Job
	0  -  Total Bytes Sent By Job
	0  -  Total Bytes Received By Job
	Partitionable Resources :    Usage  Request Allocated
	   Cpus                 :                 1         1
	   Disk (KB)            :        1        1  13376559
	   Memory (MB)          :       29        1      6441
...
