000 (8914354.000.000) 12/10 23:43:03 Job submitted from host: <10.10.48.31:12542?addrs=10.10.48.31-12542>
...
001 (8914354.000.000) 12/10 23:43:13 Job executing on host: <10.10.48.133:42257?addrs=10.10.48.133-42257>
...
006 (8914354.000.000) 12/10 23:43:14 Image size of job updated: 175912
	0  -  MemoryUsage of job (MB)
	0  -  ResidentSetSize of job (KB)
...
005 (8914354.000.000) 12/10 23:43:14 Job terminated.
	(1) Normal termination (return value 1)
		Usr 0 00:00:00, Sys 0 00:00:00  -  Run Remote Usage
		Usr 0 00:00:00, Sys 0 00:00:00  -  Run Local Usage
		Usr 0 00:00:00, Sys 0 00:00:00  -  Total Remote Usage
		Usr 0 00:00:00, Sys 0 00:00:00  -  Total Local Usage
	0  -  Run Bytes Sent By Job
	0  -  Run Bytes Received By Job
	0  -  Total Bytes Sent By Job
	0  -  Total Bytes Received By Job
	Partitionable Resources :    Usage  Request Allocated
	   Cpus                 :                 1         1
	   Disk (KB)            :        1        1  13386734
	   Memory (MB)          :        0        1      6441
...
000 (8914516.000.000) 12/10 23:50:12 Job submitted from host: <10.10.48.31:12542?addrs=10.10.48.31-12542>
...
001 (8914516.000.000) 12/10 23:51:24 Job executing on host: <10.10.48.35:61041?addrs=10.10.48.35-61041>
...
006 (8914516.000.000) 12/10 23:51:32 Image size of job updated: 1
	0  -  MemoryUsage of job (MB)
	0  -  ResidentSetSize of job (KB)
...
005 (8914516.000.000) 12/10 23:51:32 Job terminated.
	(1) Normal termination (return value 0)
		Usr 0 00:00:00, Sys 0 00:00:00  -  Run Remote Usage
		Usr 0 00:00:00, Sys 0 00:00:00  -  Run Local Usage
		Usr 0 00:00:00, Sys 0 00:00:00  -  Total Remote Usage
		Usr 0 00:00:00, Sys 0 00:00:00  -  Total Local Usage
	0  -  Run Bytes Sent By Job
	0  -  Run Bytes Received By Job
	0  -  Total Bytes Sent By Job
	0  -  Total Bytes Received By Job
	Partitionable Resources :    Usage  Request Allocated
	   Cpus                 :                 1         1
	   Disk (KB)            :        1        1  16721129
	   Memory (MB)          :        0        1      4023
...
000 (8914678.000.000) 12/11 16:49:28 Job submitted from host: <10.10.48.31:12542?addrs=10.10.48.31-12542>
...
001 (8914678.000.000) 12/11 16:49:37 Job executing on host: <10.10.48.35:61041?addrs=10.10.48.35-61041>
...
006 (8914678.000.000) 12/11 16:49:46 Image size of job updated: 192460
	39  -  MemoryUsage of job (MB)
	39468  -  ResidentSetSize of job (KB)
...
005 (8914678.000.000) 12/11 16:49:46 Job terminated.
	(1) Normal termination (return value 0)
		Usr 0 00:00:00, Sys 0 00:00:00  -  Run Remote Usage
		Usr 0 00:00:00, Sys 0 00:00:00  -  Run Local Usage
		Usr 0 00:00:00, Sys 0 00:00:00  -  Total Remote Usage
		Usr 0 00:00:00, Sys 0 00:00:00  -  Total Local Usage
	0  -  Run Bytes Sent By Job
	0  -  Run Bytes Received By Job
	0  -  Total Bytes Sent By Job
	0  -  Total Bytes Received By Job
	Partitionable Resources :    Usage  Request Allocated
	   Cpus                 :                 1         1
	   Disk (KB)            :        1        1  16721111
	   Memory (MB)          :       39        1      4023
...
000 (8915440.000.000) 12/11 17:18:44 Job submitted from host: <10.10.48.31:12542?addrs=10.10.48.31-12542>
...
001 (8915440.000.000) 12/11 17:19:38 Job executing on host: <10.10.48.33:59750?addrs=10.10.48.33-59750>
...
006 (8915440.000.000) 12/11 17:19:41 Image size of job updated: 192500
	0  -  MemoryUsage of job (MB)
	0  -  ResidentSetSize of job (KB)
...
005 (8915440.000.000) 12/11 17:19:41 Job terminated.
	(1) Normal termination (return value 0)
		Usr 0 00:00:02, Sys 0 00:00:00  -  Run Remote Usage
		Usr 0 00:00:00, Sys 0 00:00:00  -  Run Local Usage
		Usr 0 00:00:02, Sys 0 00:00:00  -  Total Remote Usage
		Usr 0 00:00:00, Sys 0 00:00:00  -  Total Local Usage
	0  -  Run Bytes Sent By Job
	0  -  Run Bytes Received By Job
	0  -  Total Bytes Sent By Job
	0  -  Total Bytes Received By Job
	Partitionable Resources :    Usage  Request Allocated
	   Cpus                 :                 1         1
	   Disk (KB)            :        1        1  16723598
	   Memory (MB)          :        0        1      4023
...
000 (8915602.000.000) 12/11 22:48:10 Job submitted from host: <10.10.48.31:12542?addrs=10.10.48.31-12542>
...
001 (8915602.000.000) 12/11 22:48:11 Job executing on host: <10.10.48.139:49429?addrs=10.10.48.139-49429>
...
006 (8915602.000.000) 12/11 22:48:20 Image size of job updated: 185756
	32  -  MemoryUsage of job (MB)
	32472  -  ResidentSetSize of job (KB)
...
006 (8915602.000.000) 12/11 22:49:44 Image size of job updated: 192512
	32  -  MemoryUsage of job (MB)
	32472  -  ResidentSetSize of job (KB)
...
005 (8915602.000.000) 12/11 22:49:44 Job terminated.
	(1) Normal termination (return value 0)
		Usr 0 00:00:43, Sys 0 00:00:00  -  Run Remote Usage
		Usr 0 00:00:00, Sys 0 00:00:00  -  Run Local Usage
		Usr 0 00:00:43, Sys 0 00:00:00  -  Total Remote Usage
		Usr 0 00:00:00, Sys 0 00:00:00  -  Total Local Usage
	0  -  Run Bytes Sent By Job
	0  -  Run Bytes Received By Job
	0  -  Total Bytes Sent By Job
	0  -  Total Bytes Received By Job
	Partitionable Resources :    Usage  Request Allocated
	   Cpus                 :                 1         1
	   Disk (KB)            :        1        1  13385104
	   Memory (MB)          :       32        1      6441
...
000 (8915734.000.000) 12/11 22:58:24 Job submitted from host: <10.10.48.31:12542?addrs=10.10.48.31-12542>
...
001 (8915734.000.000) 12/11 22:58:26 Job executing on host: <10.10.48.41:20766?addrs=10.10.48.41-20766>
...
006 (8915734.000.000) 12/11 22:58:34 Image size of job updated: 190788
	37  -  MemoryUsage of job (MB)
	37856  -  ResidentSetSize of job (KB)
...
006 (8915734.000.000) 12/11 22:59:04 Image size of job updated: 192516
	37  -  MemoryUsage of job (MB)
	37856  -  ResidentSetSize of job (KB)
...
005 (8915734.000.000) 12/11 22:59:04 Job terminated.
	(1) Normal termination (return value 0)
		Usr 0 00:00:21, Sys 0 00:00:00  -  Run Remote Usage
		Usr 0 00:00:00, Sys 0 00:00:00  -  Run Local Usage
		Usr 0 00:00:21, Sys 0 00:00:00  -  Total Remote Usage
		Usr 0 00:00:00, Sys 0 00:00:00  -  Total Local Usage
	0  -  Run Bytes Sent By Job
	0  -  Run Bytes Received By Job
	0  -  Total Bytes Sent By Job
	0  -  Total Bytes Received By Job
	Partitionable Resources :    Usage  Request Allocated
	   Cpus                 :                 1         1
	   Disk (KB)            :        1        1  16725236
	   Memory (MB)          :       37        1      4023
...
000 (8915866.000.000) 12/11 23:09:55 Job submitted from host: <10.10.48.31:12542?addrs=10.10.48.31-12542>
...
001 (8915866.000.000) 12/11 23:10:03 Job executing on host: <10.10.48.141:50603?addrs=10.10.48.141-50603>
...
006 (8915866.000.000) 12/11 23:10:09 Image size of job updated: 1
	0  -  MemoryUsage of job (MB)
	0  -  ResidentSetSize of job (KB)
...
005 (8915866.000.000) 12/11 23:10:09 Job terminated.
	(1) Normal termination (return value 1)
		Usr 0 00:00:00, Sys 0 00:00:00  -  Run Remote Usage
		Usr 0 00:00:00, Sys 0 00:00:00  -  Run Local Usage
		Usr 0 00:00:00, Sys 0 00:00:00  -  Total Remote Usage
		Usr 0 00:00:00, Sys 0 00:00:00  -  Total Local Usage
	0  -  Run Bytes Sent By Job
	0  -  Run Bytes Received By Job
	0  -  Total Bytes Sent By Job
	0  -  Total Bytes Received By Job
	Partitionable Resources :    Usage  Request Allocated
	   Cpus                 :                 1         1
	   Disk (KB)            :        1        1  13376523
	   Memory (MB)          :        0        1      6441
...
000 (8916028.000.000) 12/11 23:22:54 Job submitted from host: <10.10.48.31:12542?addrs=10.10.48.31-12542>
...
001 (8916028.000.000) 12/11 23:22:56 Job executing on host: <10.10.48.35:61041?addrs=10.10.48.35-61041>
...
006 (8916028.000.000) 12/11 23:23:00 Image size of job updated: 192684
	0  -  MemoryUsage of job (MB)
	0  -  ResidentSetSize of job (KB)
...
005 (8916028.000.000) 12/11 23:23:00 Job terminated.
	(1) Normal termination (return value 0)
		Usr 0 00:00:00, Sys 0 00:00:00  -  Run Remote Usage
		Usr 0 00:00:00, Sys 0 00:00:00  -  Run Local Usage
		Usr 0 00:00:00, Sys 0 00:00:00  -  Total Remote Usage
		Usr 0 00:00:00, Sys 0 00:00:00  -  Total Local Usage
	0  -  Run Bytes Sent By Job
	0  -  Run Bytes Received By Job
	0  -  Total Bytes Sent By Job
	0  -  Total Bytes Received By Job
	Partitionable Resources :    Usage  Request Allocated
	   Cpus                 :                 1         1
	   Disk (KB)            :        1        1  16721084
	   Memory (MB)          :        0        1      4023
...
000 (8916191.000.000) 12/12 14:24:37 Job submitted from host: <10.10.48.31:12542?addrs=10.10.48.31-12542>
...
001 (8916191.000.000) 12/12 14:24:43 Job executing on host: <10.10.48.139:49429?addrs=10.10.48.139-49429>
...
006 (8916191.000.000) 12/12 14:24:51 Image size of job updated: 1
	2  -  MemoryUsage of job (MB)
	1868  -  ResidentSetSize of job (KB)
...
006 (8916191.000.000) 12/12 14:25:59 Image size of job updated: 192856
	2  -  MemoryUsage of job (MB)
	1868  -  ResidentSetSize of job (KB)
...
005 (8916191.000.000) 12/12 14:25:59 Job terminated.
	(1) Normal termination (return value 0)
		Usr 0 00:00:13, Sys 0 00:00:00  -  Run Remote Usage
		Usr 0 00:00:00, Sys 0 00:00:00  -  Run Local Usage
		Usr 0 00:00:13, Sys 0 00:00:00  -  Total Remote Usage
		Usr 0 00:00:00, Sys 0 00:00:00  -  Total Local Usage
	0  -  Run Bytes Sent By Job
	0  -  Run Bytes Received By Job
	0  -  Total Bytes Sent By Job
	0  -  Total Bytes Received By Job
	Partitionable Resources :    Usage  Request Allocated
	   Cpus                 :                 1         1
	   Disk (KB)            :        1        1  13385059
	   Memory (MB)          :        2        1      6441
...
000 (9637255.000.000) 02/27 16:03:15 Job submitted from host: <10.10.48.31:15410?addrs=10.10.48.31-15410>
...
001 (9637255.000.000) 02/27 16:03:19 Job executing on host: <10.10.48.35:24288?addrs=10.10.48.35-24288>
...
006 (9637255.000.000) 02/27 16:03:27 Image size of job updated: 1
	2  -  MemoryUsage of job (MB)
	1816  -  ResidentSetSize of job (KB)
...
006 (9637255.000.000) 02/27 16:08:27 Image size of job updated: 192788
	40  -  MemoryUsage of job (MB)
	40000  -  ResidentSetSize of job (KB)
...
006 (9637255.000.000) 02/27 16:13:28 Image size of job updated: 192900
	43  -  MemoryUsage of job (MB)
	43428  -  ResidentSetSize of job (KB)
...
006 (9637255.000.000) 02/27 16:18:28 Image size of job updated: 192900
	43  -  MemoryUsage of job (MB)
	43544  -  ResidentSetSize of job (KB)
...
005 (9637255.000.000) 02/27 16:23:07 Job terminated.
	(1) Normal termination (return value 0)
		Usr 0 00:06:26, Sys 0 00:00:07  -  Run Remote Usage
		Usr 0 00:00:00, Sys 0 00:00:00  -  Run Local Usage
		Usr 0 00:06:26, Sys 0 00:00:07  -  Total Remote Usage
		Usr 0 00:00:00, Sys 0 00:00:00  -  Total Local Usage
	0  -  Run Bytes Sent By Job
	0  -  Run Bytes Received By Job
	0  -  Total Bytes Sent By Job
	0  -  Total Bytes Received By Job
	Partitionable Resources :    Usage  Request Allocated
	   Cpus                 :                 1         1
	   Disk (KB)            :        1        1  16724161
	   Memory (MB)          :       43        1      4023
...
000 (9643817.000.000) 02/27 20:47:25 Job submitted from host: <10.10.48.31:15410?addrs=10.10.48.31-15410>
...
001 (9643817.000.000) 02/27 20:47:26 Job executing on host: <10.10.48.143:56523?addrs=10.10.48.143-56523>
...
006 (9643817.000.000) 02/27 20:47:27 Image size of job updated: 252796
	0  -  MemoryUsage of job (MB)
	0  -  ResidentSetSize of job (KB)
...
005 (9643817.000.000) 02/27 20:47:27 Job terminated.
	(1) Normal termination (return value 22)
		Usr 0 00:00:00, Sys 0 00:00:00  -  Run Remote Usage
		Usr 0 00:00:00, Sys 0 00:00:00  -  Run Local Usage
		Usr 0 00:00:00, Sys 0 00:00:00  -  Total Remote Usage
		Usr 0 00:00:00, Sys 0 00:00:00  -  Total Local Usage
	0  -  Run Bytes Sent By Job
	0  -  Run Bytes Received By Job
	0  -  Total Bytes Sent By Job
	0  -  Total Bytes Received By Job
	Partitionable Resources :    Usage  Request Allocated
	   Cpus                 :                 1         1
	   Disk (KB)            :        1        1  13384575
	   Memory (MB)          :        0        1      6441
...
