000 (8914258.000.000) 12/10 23:42:45 Job submitted from host: <10.10.48.31:12542?addrs=10.10.48.31-12542>
...
001 (8914258.000.000) 12/10 23:42:53 Job executing on host: <10.10.48.138:10254?addrs=10.10.48.138-10254>
...
006 (8914258.000.000) 12/10 23:42:54 Image size of job updated: 122172
	0  -  MemoryUsage of job (MB)
	0  -  ResidentSetSize of job (KB)
...
005 (8914258.000.000) 12/10 23:42:54 Job terminated.
	(1) Normal termination (return value 1)
		Usr 0 00:00:00, Sys 0 00:00:00  -  Run Remote Usage
		Usr 0 00:00:00, Sys 0 00:00:00  -  Run Local Usage
		Usr 0 00:00:00, Sys 0 00:00:00  -  Total Remote Usage
		Usr 0 00:00:00, Sys 0 00:00:00  -  Total Local Usage
	0  -  Run Bytes Sent By Job
	0  -  Run Bytes Received By Job
	0  -  Total Bytes Sent By Job
	0  -  Total Bytes Received By Job
	Partitionable Resources :    Usage  Request Allocated
	   Cpus                 :                 1         1
	   Disk (KB)            :        1        1  13380614
	   Memory (MB)          :        0        1      6441
...
000 (8914420.000.000) 12/10 23:48:57 Job submitted from host: <10.10.48.31:12542?addrs=10.10.48.31-12542>
...
001 (8914420.000.000) 12/10 23:50:00 Job executing on host: <10.10.48.41:20766?addrs=10.10.48.41-20766>
...
006 (8914420.000.000) 12/10 23:50:09 Image size of job updated: 185612
	34  -  MemoryUsage of job (MB)
	33900  -  ResidentSetSize of job (KB)
...
006 (8914420.000.000) 12/10 23:54:06 Image size of job updated: 192512
	34  -  MemoryUsage of job (MB)
	33900  -  ResidentSetSize of job (KB)
...
005 (8914420.000.000) 12/10 23:54:06 Job terminated.
	(1) Normal termination (return value 0)
		Usr 0 00:01:56, Sys 0 00:00:02  -  Run Remote Usage
		Usr 0 00:00:00, Sys 0 00:00:00  -  Run Local Usage
		Usr 0 00:01:56, Sys 0 00:00:02  -  Total Remote Usage
		Usr 0 00:00:00, Sys 0 00:00:00  -  Total Local Usage
	0  -  Run Bytes Sent By Job
	0  -  Run Bytes Received By Job
	0  -  Total Bytes Sent By Job
	0  -  Total Bytes Received By Job
	Partitionable Resources :    Usage  Request Allocated
	   Cpus                 :                 1         1
	   Disk (KB)            :        1        1  16725232
	   Memory (MB)          :       34        1      4023
...
000 (8914582.000.000) 12/11 16:48:16 Job submitted from host: <10.10.48.31:12542?addrs=10.10.48.31-12542>
...
001 (8914582.000.000) 12/11 16:48:37 Job executing on host: <10.10.48.141:50603?addrs=10.10.48.141-50603>
...
006 (8914582.000.000) 12/11 16:48:45 Image size of job updated: 185608
	32  -  MemoryUsage of job (MB)
	32516  -  ResidentSetSize of job (KB)
...
006 (8914582.000.000) 12/11 16:53:38 Image size of job updated: 192492
	32  -  MemoryUsage of job (MB)
	32516  -  ResidentSetSize of job (KB)
...
005 (8914582.000.000) 12/11 16:53:38 Job terminated.
	(1) Normal termination (return value 0)
		Usr 0 00:02:29, Sys 0 00:00:02  -  Run Remote Usage
		Usr 0 00:00:00, Sys 0 00:00:00  -  Run Local Usage
		Usr 0 00:02:29, Sys 0 00:00:02  -  Total Remote Usage
		Usr 0 00:00:00, Sys 0 00:00:00  -  Total Local Usage
	0  -  Run Bytes Sent By Job
	0  -  Run Bytes Received By Job
	0  -  Total Bytes Sent By Job
	0  -  Total Bytes Received By Job
	Partitionable Resources :    Usage  Request Allocated
	   Cpus                 :                 1         1
	   Disk (KB)            :        1        1  13376623
	   Memory (MB)          :       32        1      6441
...
000 (8915344.000.000) 12/11 17:17:46 Job submitted from host: <10.10.48.31:12542?addrs=10.10.48.31-12542>
...
001 (8915344.000.000) 12/11 17:18:41 Job executing on host: <10.10.48.135:49492?addrs=10.10.48.135-49492>
...
006 (8915344.000.000) 12/11 17:18:50 Image size of job updated: 192576
	38  -  MemoryUsage of job (MB)
	38456  -  ResidentSetSize of job (KB)
...
006 (8915344.000.000) 12/11 17:21:08 Image size of job updated: 192588
	38  -  MemoryUsage of job (MB)
	38456  -  ResidentSetSize of job (KB)
...
005 (8915344.000.000) 12/11 17:21:08 Job terminated.
	(1) Normal termination (return value 0)
		Usr 0 00:02:09, Sys 0 00:00:02  -  Run Remote Usage
		Usr 0 00:00:00, Sys 0 00:00:00  -  Run Local Usage
		Usr 0 00:02:09, Sys 0 00:00:02  -  Total Remote Usage
		Usr 0 00:00:00, Sys 0 00:00:00  -  Total Local Usage
	0  -  Run Bytes Sent By Job
	0  -  Run Bytes Received By Job
	0  -  Total Bytes Sent By Job
	0  -  Total Bytes Received By Job
	Partitionable Resources :    Usage  Request Allocated
	   Cpus                 :                 1         1
	   Disk (KB)            :        1        1  13377146
	   Memory (MB)          :       38        1      6441
...
000 (8915506.000.000) 12/11 22:46:52 Job submitted from host: <10.10.48.31:12542?addrs=10.10.48.31-12542>
...
001 (8915506.000.000) 12/11 22:47:12 Job executing on host: <10.10.48.141:50603?addrs=10.10.48.141-50603>
...
006 (8915506.000.000) 12/11 22:47:20 Image size of job updated: 192512
	39  -  MemoryUsage of job (MB)
	39016  -  ResidentSetSize of job (KB)
...
005 (8915506.000.000) 12/11 22:47:35 Job terminated.
	(1) Normal termination (return value 0)
		Usr 0 00:00:09, Sys 0 00:00:00  -  Run Remote Usage
		Usr 0 00:00:00, Sys 0 00:00:00  -  Run Local Usage
		Usr 0 00:00:09, Sys 0 00:00:00  -  Total Remote Usage
		Usr 0 00:00:00, Sys 0 00:00:00  -  Total Local Usage
	0  -  Run Bytes Sent By Job
	0  -  Run Bytes Received By Job
	0  -  Total Bytes Sent By Job
	0  -  Total Bytes Received By Job
	Partitionable Resources :    Usage  Request Allocated
	   Cpus                 :                 1         1
	   Disk (KB)            :        1        1  13376574
	   Memory (MB)          :       39        1      6441
...
000 (8915638.000.000) 12/11 22:56:58 Job submitted from host: <10.10.48.31:12542?addrs=10.10.48.31-12542>
...
001 (8915638.000.000) 12/11 22:57:18 Job executing on host: <10.10.48.141:50603?addrs=10.10.48.141-50603>
...
006 (8915638.000.000) 12/11 22:57:26 Image size of job updated: 190932
	0  -  MemoryUsage of job (MB)
	0  -  ResidentSetSize of job (KB)
...
005 (8915638.000.000) 12/11 22:57:26 Job terminated.
	(1) Normal termination (return value 0)
		Usr 0 00:00:05, Sys 0 00:00:00  -  Run Remote Usage
		Usr 0 00:00:00, Sys 0 00:00:00  -  Run Local Usage
		Usr 0 00:00:05, Sys 0 00:00:00  -  Total Remote Usage
		Usr 0 00:00:00, Sys 0 00:00:00  -  Total Local Usage
	0  -  Run Bytes Sent By Job
	0  -  Run Bytes Received By Job
	0  -  Total Bytes Sent By Job
	0  -  Total Bytes Received By Job
	Partitionable Resources :    Usage  Request Allocated
	   Cpus                 :                 1         1
	   Disk (KB)            :        1        1  13376548
	   Memory (MB)          :        0        1      6441
...
000 (8915770.000.000) 12/11 23:08:59 Job submitted from host: <10.10.48.31:12542?addrs=10.10.48.31-12542>
...
001 (8915770.000.000) 12/11 23:09:04 Job executing on host: <10.10.48.141:50603?addrs=10.10.48.141-50603>
...
006 (8915770.000.000) 12/11 23:09:12 Image size of job updated: 185196
	33  -  MemoryUsage of job (MB)
	33548  -  ResidentSetSize of job (KB)
...
006 (8915770.000.000) 12/11 23:12:16 Image size of job updated: 192928
	33  -  MemoryUsage of job (MB)
	33548  -  ResidentSetSize of job (KB)
...
005 (8915770.000.000) 12/11 23:12:16 Job terminated.
	(1) Normal termination (return value 1)
		Usr 0 00:01:01, Sys 0 00:00:01  -  Run Remote Usage
		Usr 0 00:00:00, Sys 0 00:00:00  -  Run Local Usage
		Usr 0 00:01:01, Sys 0 00:00:01  -  Total Remote Usage
		Usr 0 00:00:00, Sys 0 00:00:00  -  Total Local Usage
	0  -  Run Bytes Sent By Job
	0  -  Run Bytes Received By Job
	0  -  Total Bytes Sent By Job
	0  -  Total Bytes Received By Job
	Partitionable Resources :    Usage  Request Allocated
	   Cpus                 :                 1         1
	   Disk (KB)            :        1        1  13376524
	   Memory (MB)          :       33        1      6441
...
000 (8915932.000.000) 12/11 23:22:22 Job submitted from host: <10.10.48.31:12542?addrs=10.10.48.31-12542>
...
001 (8915932.000.000) 12/11 23:22:41 Job executing on host: <10.10.48.41:20766?addrs=10.10.48.41-20766>
...
006 (8915932.000.000) 12/11 23:22:49 Image size of job updated: 184940
	31  -  MemoryUsage of job (MB)
	30888  -  ResidentSetSize of job (KB)
...
006 (8915932.000.000) 12/11 23:26:58 Image size of job updated: 192932
	31  -  MemoryUsage of job (MB)
	30888  -  ResidentSetSize of job (KB)
...
005 (8915932.000.000) 12/11 23:26:58 Job terminated.
	(1) Normal termination (return value 0)
		Usr 0 00:00:53, Sys 0 00:00:01  -  Run Remote Usage
		Usr 0 00:00:00, Sys 0 00:00:00  -  Run Local Usage
		Usr 0 00:00:53, Sys 0 00:00:01  -  Total Remote Usage
		Usr 0 00:00:00, Sys 0 00:00:00  -  Total Local Usage
	0  -  Run Bytes Sent By Job
	0  -  Run Bytes Received By Job
	0  -  Total Bytes Sent By Job
	0  -  Total Bytes Received By Job
	Partitionable Resources :    Usage  Request Allocated
	   Cpus                 :                 1         1
	   Disk (KB)            :        1        1  16725172
	   Memory (MB)          :       31        1      4023
...
000 (8916095.000.000) 12/12 14:23:29 Job submitted from host: <10.10.48.31:12542?addrs=10.10.48.31-12542>
...
001 (8916095.000.000) 12/12 14:23:48 Job executing on host: <10.10.48.141:50603?addrs=10.10.48.141-50603>
...
006 (8916095.000.000) 12/12 14:23:57 Image size of job updated: 185080
	32  -  MemoryUsage of job (MB)
	31860  -  ResidentSetSize of job (KB)
...
006 (8916095.000.000) 12/12 14:24:15 Image size of job updated: 192860
	32  -  MemoryUsage of job (MB)
	31860  -  ResidentSetSize of job (KB)
...
005 (8916095.000.000) 12/12 14:24:15 Job terminated.
	(1) Normal termination (return value 0)
		Usr 0 00:00:03, Sys 0 00:00:00  -  Run Remote Usage
		Usr 0 00:00:00, Sys 0 00:00:00  -  Run Local Usage
		Usr 0 00:00:03, Sys 0 00:00:00  -  Total Remote Usage
		Usr 0 00:00:00, Sys 0 00:00:00  -  Total Local Usage
	0  -  Run Bytes Sent By Job
	0  -  Run Bytes Received By Job
	0  -  Total Bytes Sent By Job
	0  -  Total Bytes Received By Job
	Partitionable Resources :    Usage  Request Allocated
	   Cpus                 :                 1         1
	   Disk (KB)            :        1        1  13376559
	   Memory (MB)          :       32        1      6441
...
000 (9637140.000.000) 02/27 16:01:32 Job submitted from host: <10.10.48.31:15410?addrs=10.10.48.31-15410>
...
001 (9637140.000.000) 02/27 16:01:49 Job executing on host: <10.10.48.35:24288?addrs=10.10.48.35-24288>
...
006 (9637140.000.000) 02/27 16:01:58 Image size of job updated: 176152
	30  -  MemoryUsage of job (MB)
	30196  -  ResidentSetSize of job (KB)
...
006 (9637140.000.000) 02/27 16:06:59 Image size of job updated: 190796
	39  -  MemoryUsage of job (MB)
	39124  -  ResidentSetSize of job (KB)
...
006 (9637140.000.000) 02/27 16:11:59 Image size of job updated: 190956
	42  -  MemoryUsage of job (MB)
	42020  -  ResidentSetSize of job (KB)
...
005 (9637140.000.000) 02/27 16:16:58 Job terminated.
	(1) Normal termination (return value 0)
		Usr 0 00:02:01, Sys 0 00:00:02  -  Run Remote Usage
		Usr 0 00:00:00, Sys 0 00:00:00  -  Run Local Usage
		Usr 0 00:02:01, Sys 0 00:00:02  -  Total Remote Usage
		Usr 0 00:00:00, Sys 0 00:00:00  -  Total Local Usage
	0  -  Run Bytes Sent By Job
	0  -  Run Bytes Received By Job
	0  -  Total Bytes Sent By Job
	0  -  Total Bytes Received By Job
	Partitionable Resources :    Usage  Request Allocated
	   Cpus                 :                 1         1
	   Disk (KB)            :        1        1  16724161
	   Memory (MB)          :       42        1      4023
...
000 (9643721.000.000) 02/27 20:47:08 Job submitted from host: <10.10.48.31:15410?addrs=10.10.48.31-15410>
...
001 (9643721.000.000) 02/27 20:47:16 Job executing on host: <10.10.48.140:16345?addrs=10.10.48.140-16345>
...
006 (9643721.000.000) 02/27 20:47:18 Image size of job updated: 230884
	0  -  MemoryUsage of job (MB)
	0  -  ResidentSetSize of job (KB)
...
005 (9643721.000.000) 02/27 20:47:19 Job terminated.
	(1) Normal termination (return value 0)
		Usr 0 00:00:00, Sys 0 00:00:00  -  Run Remote Usage
		Usr 0 00:00:00, Sys 0 00:00:00  -  Run Local Usage
		Usr 0 00:00:00, Sys 0 00:00:00  -  Total Remote Usage
		Usr 0 00:00:00, Sys 0 00:00:00  -  Total Local Usage
	0  -  Run Bytes Sent By Job
	0  -  Run Bytes Received By Job
	0  -  Total Bytes Sent By Job
	0  -  Total Bytes Received By Job
	Partitionable Resources :    Usage  Request Allocated
	   Cpus                 :                 1         1
	   Disk (KB)            :        1        1  13384715
	   Memory (MB)          :        0        1      6441
...
