000 (8914350.000.000) 12/10 23:43:03 Job submitted from host: <10.10.48.31:12542?addrs=10.10.48.31-12542>
...
001 (8914350.000.000) 12/10 23:43:12 Job executing on host: <10.10.48.133:42257?addrs=10.10.48.133-42257>
...
006 (8914350.000.000) 12/10 23:43:12 Image size of job updated: 172776
	0  -  MemoryUsage of job (MB)
	0  -  ResidentSetSize of job (KB)
...
005 (8914350.000.000) 12/10 23:43:14 Job terminated.
	(1) Normal termination (return value 1)
		Usr 0 00:00:00, Sys 0 00:00:00  -  Run Remote Usage
		Usr 0 00:00:00, Sys 0 00:00:00  -  Run Local Usage
		Usr 0 00:00:00, Sys 0 00:00:00  -  Total Remote Usage
		Usr 0 00:00:00, Sys 0 00:00:00  -  Total Local Usage
	0  -  Run Bytes Sent By Job
	0  -  Run Bytes Received By Job
	0  -  Total Bytes Sent By Job
	0  -  Total Bytes Received By Job
	Partitionable Resources :    Usage  Request Allocated
	   Cpus                 :                 1         1
	   Disk (KB)            :        1        1  13386734
	   Memory (MB)          :        0        1      6441
...
000 (8914512.000.000) 12/10 23:50:05 Job submitted from host: <10.10.48.31:12542?addrs=10.10.48.31-12542>
...
001 (8914512.000.000) 12/10 23:51:09 Job executing on host: <10.10.48.41:20766?addrs=10.10.48.41-20766>
...
006 (8914512.000.000) 12/10 23:51:18 Image size of job updated: 1
	2  -  MemoryUsage of job (MB)
	1808  -  ResidentSetSize of job (KB)
...
006 (8914512.000.000) 12/10 23:52:59 Image size of job updated: 192916
	2  -  MemoryUsage of job (MB)
	1808  -  ResidentSetSize of job (KB)
...
005 (8914512.000.000) 12/10 23:52:59 Job terminated.
	(1) Normal termination (return value 0)
		Usr 0 00:00:57, Sys 0 00:00:01  -  Run Remote Usage
		Usr 0 00:00:00, Sys 0 00:00:00  -  Run Local Usage
		Usr 0 00:00:57, Sys 0 00:00:01  -  Total Remote Usage
		Usr 0 00:00:00, Sys 0 00:00:00  -  Total Local Usage
	0  -  Run Bytes Sent By Job
	0  -  Run Bytes Received By Job
	0  -  Total Bytes Sent By Job
	0  -  Total Bytes Received By Job
	Partitionable Resources :    Usage  Request Allocated
	   Cpus                 :                 1         1
	   Disk (KB)            :        1        1  16725276
	   Memory (MB)          :        2        1      4023
...
000 (8914674.000.000) 12/11 16:49:21 Job submitted from host: <10.10.48.31:12542?addrs=10.10.48.31-12542>
...
001 (8914674.000.000) 12/11 16:49:22 Job executing on host: <10.10.48.145:26377?addrs=10.10.48.145-26377>
...
006 (8914674.000.000) 12/11 16:49:30 Image size of job updated: 1
	2  -  MemoryUsage of job (MB)
	1872  -  ResidentSetSize of job (KB)
...
006 (8914674.000.000) 12/11 16:51:49 Image size of job updated: 192936
	2  -  MemoryUsage of job (MB)
	1872  -  ResidentSetSize of job (KB)
...
005 (8914674.000.000) 12/11 16:51:49 Job terminated.
	(1) Normal termination (return value 0)
		Usr 0 00:01:07, Sys 0 00:00:01  -  Run Remote Usage
		Usr 0 00:00:00, Sys 0 00:00:00  -  Run Local Usage
		Usr 0 00:01:07, Sys 0 00:00:01  -  Total Remote Usage
		Usr 0 00:00:00, Sys 0 00:00:00  -  Total Local Usage
	0  -  Run Bytes Sent By Job
	0  -  Run Bytes Received By Job
	0  -  Total Bytes Sent By Job
	0  -  Total Bytes Received By Job
	Partitionable Resources :    Usage  Request Allocated
	   Cpus                 :                 1         1
	   Disk (KB)            :        1        1  13384492
	   Memory (MB)          :        2        1      6441
...
000 (8915436.000.000) 12/11 17:18:38 Job submitted from host: <10.10.48.31:12542?addrs=10.10.48.31-12542>
...
001 (8915436.000.000) 12/11 17:19:30 Job executing on host: <10.10.48.135:49492?addrs=10.10.48.135-49492>
...
006 (8915436.000.000) 12/11 17:19:39 Image size of job updated: 192600
	38  -  MemoryUsage of job (MB)
	38360  -  ResidentSetSize of job (KB)
...
006 (8915436.000.000) 12/11 17:20:41 Image size of job updated: 194352
	38  -  MemoryUsage of job (MB)
	38360  -  ResidentSetSize of job (KB)
...
005 (8915436.000.000) 12/11 17:20:41 Job terminated.
	(1) Normal termination (return value 0)
		Usr 0 00:00:58, Sys 0 00:00:01  -  Run Remote Usage
		Usr 0 00:00:00, Sys 0 00:00:00  -  Run Local Usage
		Usr 0 00:00:58, Sys 0 00:00:01  -  Total Remote Usage
		Usr 0 00:00:00, Sys 0 00:00:00  -  Total Local Usage
	0  -  Run Bytes Sent By Job
	0  -  Run Bytes Received By Job
	0  -  Total Bytes Sent By Job
	0  -  Total Bytes Received By Job
	Partitionable Resources :    Usage  Request Allocated
	   Cpus                 :                 1         1
	   Disk (KB)            :        1        1  13377146
	   Memory (MB)          :       38        1      6441
...
000 (8915598.000.000) 12/11 22:47:55 Job submitted from host: <10.10.48.31:12542?addrs=10.10.48.31-12542>
...
001 (8915598.000.000) 12/11 22:47:58 Job executing on host: <10.10.48.139:49429?addrs=10.10.48.139-49429>
...
006 (8915598.000.000) 12/11 22:48:07 Image size of job updated: 1
	2  -  MemoryUsage of job (MB)
	1864  -  ResidentSetSize of job (KB)
...
006 (8915598.000.000) 12/11 22:50:05 Image size of job updated: 192588
	2  -  MemoryUsage of job (MB)
	1864  -  ResidentSetSize of job (KB)
...
005 (8915598.000.000) 12/11 22:50:05 Job terminated.
	(1) Normal termination (return value 0)
		Usr 0 00:00:51, Sys 0 00:00:00  -  Run Remote Usage
		Usr 0 00:00:00, Sys 0 00:00:00  -  Run Local Usage
		Usr 0 00:00:51, Sys 0 00:00:00  -  Total Remote Usage
		Usr 0 00:00:00, Sys 0 00:00:00  -  Total Local Usage
	0  -  Run Bytes Sent By Job
	0  -  Run Bytes Received By Job
	0  -  Total Bytes Sent By Job
	0  -  Total Bytes Received By Job
	Partitionable Resources :    Usage  Request Allocated
	   Cpus                 :                 1         1
	   Disk (KB)            :        1        1  13385104
	   Memory (MB)          :        2        1      6441
...
000 (8915730.000.000) 12/11 22:58:21 Job submitted from host: <10.10.48.31:12542?addrs=10.10.48.31-12542>
...
001 (8915730.000.000) 12/11 22:58:22 Job executing on host: <10.10.48.43:4900?addrs=10.10.48.43-4900>
...
006 (8915730.000.000) 12/11 22:58:30 Image size of job updated: 185588
	33  -  MemoryUsage of job (MB)
	33688  -  ResidentSetSize of job (KB)
...
006 (8915730.000.000) 12/11 22:59:33 Image size of job updated: 192320
	33  -  MemoryUsage of job (MB)
	33688  -  ResidentSetSize of job (KB)
...
005 (8915730.000.000) 12/11 22:59:33 Job terminated.
	(1) Normal termination (return value 0)
		Usr 0 00:00:48, Sys 0 00:00:00  -  Run Remote Usage
		Usr 0 00:00:00, Sys 0 00:00:00  -  Run Local Usage
		Usr 0 00:00:48, Sys 0 00:00:00  -  Total Remote Usage
		Usr 0 00:00:00, Sys 0 00:00:00  -  Total Local Usage
	0  -  Run Bytes Sent By Job
	0  -  Run Bytes Received By Job
	0  -  Total Bytes Sent By Job
	0  -  Total Bytes Received By Job
	Partitionable Resources :    Usage  Request Allocated
	   Cpus                 :                 1         1
	   Disk (KB)            :        1        1  16728032
	   Memory (MB)          :       33        1      4023
...
000 (8915862.000.000) 12/11 23:09:49 Job submitted from host: <10.10.48.31:12542?addrs=10.10.48.31-12542>
...
001 (8915862.000.000) 12/11 23:09:49 Job executing on host: <10.10.48.35:61041?addrs=10.10.48.35-61041>
...
006 (8915862.000.000) 12/11 23:09:58 Image size of job updated: 184920
	33  -  MemoryUsage of job (MB)
	33100  -  ResidentSetSize of job (KB)
...
006 (8915862.000.000) 12/11 23:11:59 Image size of job updated: 195864
	33  -  MemoryUsage of job (MB)
	33100  -  ResidentSetSize of job (KB)
...
005 (8915862.000.000) 12/11 23:11:59 Job terminated.
	(1) Normal termination (return value 1)
		Usr 0 00:00:28, Sys 0 00:00:00  -  Run Remote Usage
		Usr 0 00:00:00, Sys 0 00:00:00  -  Run Local Usage
		Usr 0 00:00:28, Sys 0 00:00:00  -  Total Remote Usage
		Usr 0 00:00:00, Sys 0 00:00:00  -  Total Local Usage
	0  -  Run Bytes Sent By Job
	0  -  Run Bytes Received By Job
	0  -  Total Bytes Sent By Job
	0  -  Total Bytes Received By Job
	Partitionable Resources :    Usage  Request Allocated
	   Cpus                 :                 1         1
	   Disk (KB)            :        1        1  16721110
	   Memory (MB)          :       33        1      4023
...
000 (8916024.000.000) 12/11 23:22:52 Job submitted from host: <10.10.48.31:12542?addrs=10.10.48.31-12542>
...
001 (8916024.000.000) 12/11 23:22:53 Job executing on host: <10.10.48.145:26377?addrs=10.10.48.145-26377>
...
006 (8916024.000.000) 12/11 23:23:02 Image size of job updated: 192892
	38  -  MemoryUsage of job (MB)
	38564  -  ResidentSetSize of job (KB)
...
006 (8916024.000.000) 12/11 23:24:17 Image size of job updated: 195808
	38  -  MemoryUsage of job (MB)
	38564  -  ResidentSetSize of job (KB)
...
005 (8916024.000.000) 12/11 23:24:17 Job terminated.
	(1) Normal termination (return value 0)
		Usr 0 00:00:17, Sys 0 00:00:00  -  Run Remote Usage
		Usr 0 00:00:00, Sys 0 00:00:00  -  Run Local Usage
		Usr 0 00:00:17, Sys 0 00:00:00  -  Total Remote Usage
		Usr 0 00:00:00, Sys 0 00:00:00  -  Total Local Usage
	0  -  Run Bytes Sent By Job
	0  -  Run Bytes Received By Job
	0  -  Total Bytes Sent By Job
	0  -  Total Bytes Received By Job
	Partitionable Resources :    Usage  Request Allocated
	   Cpus                 :                 1         1
	   Disk (KB)            :        1        1  13384457
	   Memory (MB)          :       38        1      6441
...
000 (8916187.000.000) 12/12 14:24:34 Job submitted from host: <10.10.48.31:12542?addrs=10.10.48.31-12542>
...
001 (8916187.000.000) 12/12 14:24:35 Job executing on host: <10.10.48.139:49429?addrs=10.10.48.139-49429>
...
006 (8916187.000.000) 12/12 14:24:44 Image size of job updated: 185180
	33  -  MemoryUsage of job (MB)
	33680  -  ResidentSetSize of job (KB)
...
006 (8916187.000.000) 12/12 14:26:20 Image size of job updated: 192804
	33  -  MemoryUsage of job (MB)
	33680  -  ResidentSetSize of job (KB)
...
005 (8916187.000.000) 12/12 14:26:20 Job terminated.
	(1) Normal termination (return value 0)
		Usr 0 00:00:21, Sys 0 00:00:00  -  Run Remote Usage
		Usr 0 00:00:00, Sys 0 00:00:00  -  Run Local Usage
		Usr 0 00:00:21, Sys 0 00:00:00  -  Total Remote Usage
		Usr 0 00:00:00, Sys 0 00:00:00  -  Total Local Usage
	0  -  Run Bytes Sent By Job
	0  -  Run Bytes Received By Job
	0  -  Total Bytes Sent By Job
	0  -  Total Bytes Received By Job
	Partitionable Resources :    Usage  Request Allocated
	   Cpus                 :                 1         1
	   Disk (KB)            :        1        1  13385059
	   Memory (MB)          :       33        1      6441
...
