000 (8914329.000.000) 12/10 23:42:59 Job submitted from host: <10.10.48.31:12542?addrs=10.10.48.31-12542>
...
001 (8914329.000.000) 12/10 23:43:07 Job executing on host: <10.10.48.133:42257?addrs=10.10.48.133-42257>
...
006 (8914329.000.000) 12/10 23:43:08 Image size of job updated: 174992
	0  -  MemoryUsage of job (MB)
	0  -  ResidentSetSize of job (KB)
...
005 (8914329.000.000) 12/10 23:43:09 Job terminated.
	(1) Normal termination (return value 1)
		Usr 0 00:00:00, Sys 0 00:00:00  -  Run Remote Usage
		Usr 0 00:00:00, Sys 0 00:00:00  -  Run Local Usage
		Usr 0 00:00:00, Sys 0 00:00:00  -  Total Remote Usage
		Usr 0 00:00:00, Sys 0 00:00:00  -  Total Local Usage
	0  -  Run Bytes Sent By Job
	0  -  Run Bytes Received By Job
	0  -  Total Bytes Sent By Job
	0  -  Total Bytes Received By Job
	Partitionable Resources :    Usage  Request Allocated
	   Cpus                 :                 1         1
	   Disk (KB)            :        1        1  13386734
	   Memory (MB)          :        0        1      6441
...
000 (8914491.000.000) 12/10 23:49:07 Job submitted from host: <10.10.48.31:12542?addrs=10.10.48.31-12542>
...
001 (8914491.000.000) 12/10 23:49:20 Job executing on host: <10.10.48.141:50603?addrs=10.10.48.141-50603>
...
006 (8914491.000.000) 12/10 23:49:28 Image size of job updated: 185912
	34  -  MemoryUsage of job (MB)
	34244  -  ResidentSetSize of job (KB)
...
006 (8914491.000.000) 12/10 23:54:28 Image size of job updated: 193020
	46  -  MemoryUsage of job (MB)
	46552  -  ResidentSetSize of job (KB)
...
005 (8914491.000.000) 12/10 23:55:13 Job terminated.
	(1) Normal termination (return value 0)
		Usr 0 00:03:11, Sys 0 00:00:02  -  Run Remote Usage
		Usr 0 00:00:00, Sys 0 00:00:00  -  Run Local Usage
		Usr 0 00:03:11, Sys 0 00:00:02  -  Total Remote Usage
		Usr 0 00:00:00, Sys 0 00:00:00  -  Total Local Usage
	0  -  Run Bytes Sent By Job
	0  -  Run Bytes Received By Job
	0  -  Total Bytes Sent By Job
	0  -  Total Bytes Received By Job
	Partitionable Resources :    Usage  Request Allocated
	   Cpus                 :                 1         1
	   Disk (KB)            :        1        1  13376593
	   Memory (MB)          :       46        1      6441
...
000 (8914653.000.000) 12/11 16:48:25 Job submitted from host: <10.10.48.31:12542?addrs=10.10.48.31-12542>
...
001 (8914653.000.000) 12/11 16:48:40 Job executing on host: <10.10.48.145:26377?addrs=10.10.48.145-26377>
...
006 (8914653.000.000) 12/11 16:48:48 Image size of job updated: 185620
	32  -  MemoryUsage of job (MB)
	32464  -  ResidentSetSize of job (KB)
...
006 (8914653.000.000) 12/11 16:53:48 Image size of job updated: 193012
	39  -  MemoryUsage of job (MB)
	39556  -  ResidentSetSize of job (KB)
...
005 (8914653.000.000) 12/11 16:54:13 Job terminated.
	(1) Normal termination (return value 0)
		Usr 0 00:02:56, Sys 0 00:00:03  -  Run Remote Usage
		Usr 0 00:00:00, Sys 0 00:00:00  -  Run Local Usage
		Usr 0 00:02:56, Sys 0 00:00:03  -  Total Remote Usage
		Usr 0 00:00:00, Sys 0 00:00:00  -  Total Local Usage
	0  -  Run Bytes Sent By Job
	0  -  Run Bytes Received By Job
	0  -  Total Bytes Sent By Job
	0  -  Total Bytes Received By Job
	Partitionable Resources :    Usage  Request Allocated
	   Cpus                 :                 1         1
	   Disk (KB)            :        1        1  13384492
	   Memory (MB)          :       39        1      6441
...
000 (8915415.000.000) 12/11 17:17:55 Job submitted from host: <10.10.48.31:12542?addrs=10.10.48.31-12542>
...
001 (8915415.000.000) 12/11 17:18:04 Job executing on host: <10.10.48.146:51717?addrs=10.10.48.146-51717>
...
006 (8915415.000.000) 12/11 17:18:12 Image size of job updated: 186172
	34  -  MemoryUsage of job (MB)
	34280  -  ResidentSetSize of job (KB)
...
006 (8915415.000.000) 12/11 17:21:12 Image size of job updated: 199496
	34  -  MemoryUsage of job (MB)
	34280  -  ResidentSetSize of job (KB)
...
005 (8915415.000.000) 12/11 17:21:12 Job terminated.
	(1) Normal termination (return value 0)
		Usr 0 00:02:40, Sys 0 00:00:02  -  Run Remote Usage
		Usr 0 00:00:00, Sys 0 00:00:00  -  Run Local Usage
		Usr 0 00:02:40, Sys 0 00:00:02  -  Total Remote Usage
		Usr 0 00:00:00, Sys 0 00:00:00  -  Total Local Usage
	0  -  Run Bytes Sent By Job
	0  -  Run Bytes Received By Job
	0  -  Total Bytes Sent By Job
	0  -  Total Bytes Received By Job
	Partitionable Resources :    Usage  Request Allocated
	   Cpus                 :                 1         1
	   Disk (KB)            :        1        1  13347858
	   Memory (MB)          :       34        1      6441
...
000 (8915577.000.000) 12/11 22:47:01 Job submitted from host: <10.10.48.31:12542?addrs=10.10.48.31-12542>
...
001 (8915577.000.000) 12/11 22:47:14 Job executing on host: <10.10.48.145:26377?addrs=10.10.48.145-26377>
...
006 (8915577.000.000) 12/11 22:47:23 Image size of job updated: 1
	2  -  MemoryUsage of job (MB)
	1868  -  ResidentSetSize of job (KB)
...
006 (8915577.000.000) 12/11 22:52:23 Image size of job updated: 193096
	39  -  MemoryUsage of job (MB)
	39884  -  ResidentSetSize of job (KB)
...
005 (8915577.000.000) 12/11 22:52:36 Job terminated.
	(1) Normal termination (return value 0)
		Usr 0 00:02:47, Sys 0 00:00:02  -  Run Remote Usage
		Usr 0 00:00:00, Sys 0 00:00:00  -  Run Local Usage
		Usr 0 00:02:47, Sys 0 00:00:02  -  Total Remote Usage
		Usr 0 00:00:00, Sys 0 00:00:00  -  Total Local Usage
	0  -  Run Bytes Sent By Job
	0  -  Run Bytes Received By Job
	0  -  Total Bytes Sent By Job
	0  -  Total Bytes Received By Job
	Partitionable Resources :    Usage  Request Allocated
	   Cpus                 :                 1         1
	   Disk (KB)            :        1        1  13384482
	   Memory (MB)          :       39        1      6441
...
000 (8915709.000.000) 12/11 22:57:31 Job submitted from host: <10.10.48.31:12542?addrs=10.10.48.31-12542>
...
001 (8915709.000.000) 12/11 22:57:39 Job executing on host: <10.10.48.35:61041?addrs=10.10.48.35-61041>
...
006 (8915709.000.000) 12/11 22:57:47 Image size of job updated: 185624
	34  -  MemoryUsage of job (MB)
	34144  -  ResidentSetSize of job (KB)
...
006 (8915709.000.000) 12/11 23:00:34 Image size of job updated: 193188
	34  -  MemoryUsage of job (MB)
	34144  -  ResidentSetSize of job (KB)
...
005 (8915709.000.000) 12/11 23:00:34 Job terminated.
	(1) Normal termination (return value 0)
		Usr 0 00:01:54, Sys 0 00:00:02  -  Run Remote Usage
		Usr 0 00:00:00, Sys 0 00:00:00  -  Run Local Usage
		Usr 0 00:01:54, Sys 0 00:00:02  -  Total Remote Usage
		Usr 0 00:00:00, Sys 0 00:00:00  -  Total Local Usage
	0  -  Run Bytes Sent By Job
	0  -  Run Bytes Received By Job
	0  -  Total Bytes Sent By Job
	0  -  Total Bytes Received By Job
	Partitionable Resources :    Usage  Request Allocated
	   Cpus                 :                 1         1
	   Disk (KB)            :        1        1  16721008
	   Memory (MB)          :       34        1      4023
...
000 (8915841.000.000) 12/11 23:09:10 Job submitted from host: <10.10.48.31:12542?addrs=10.10.48.31-12542>
...
001 (8915841.000.000) 12/11 23:09:25 Job executing on host: <10.10.48.145:26377?addrs=10.10.48.145-26377>
...
006 (8915841.000.000) 12/11 23:09:34 Image size of job updated: 175340
	28  -  MemoryUsage of job (MB)
	27808  -  ResidentSetSize of job (KB)
...
006 (8915841.000.000) 12/11 23:14:35 Image size of job updated: 193084
	39  -  MemoryUsage of job (MB)
	39100  -  ResidentSetSize of job (KB)
...
006 (8915841.000.000) 12/11 23:16:34 Image size of job updated: 193752
	39  -  MemoryUsage of job (MB)
	39100  -  ResidentSetSize of job (KB)
...
005 (8915841.000.000) 12/11 23:16:34 Job terminated.
	(1) Normal termination (return value 1)
		Usr 0 00:01:15, Sys 0 00:00:01  -  Run Remote Usage
		Usr 0 00:00:00, Sys 0 00:00:00  -  Run Local Usage
		Usr 0 00:01:15, Sys 0 00:00:01  -  Total Remote Usage
		Usr 0 00:00:00, Sys 0 00:00:00  -  Total Local Usage
	0  -  Run Bytes Sent By Job
	0  -  Run Bytes Received By Job
	0  -  Total Bytes Sent By Job
	0  -  Total Bytes Received By Job
	Partitionable Resources :    Usage  Request Allocated
	   Cpus                 :                 1         1
	   Disk (KB)            :        1        1  13384436
	   Memory (MB)          :       39        1      6441
...
000 (8916003.000.000) 12/11 23:22:30 Job submitted from host: <10.10.48.31:12542?addrs=10.10.48.31-12542>
...
001 (8916003.000.000) 12/11 23:22:43 Job executing on host: <10.10.48.143:50448?addrs=10.10.48.143-50448>
...
006 (8916003.000.000) 12/11 23:22:51 Image size of job updated: 185496
	33  -  MemoryUsage of job (MB)
	33600  -  ResidentSetSize of job (KB)
...
006 (8916003.000.000) 12/11 23:24:02 Image size of job updated: 193468
	33  -  MemoryUsage of job (MB)
	33600  -  ResidentSetSize of job (KB)
...
005 (8916003.000.000) 12/11 23:24:02 Job terminated.
	(1) Normal termination (return value 0)
		Usr 0 00:00:50, Sys 0 00:00:01  -  Run Remote Usage
		Usr 0 00:00:00, Sys 0 00:00:00  -  Run Local Usage
		Usr 0 00:00:50, Sys 0 00:00:01  -  Total Remote Usage
		Usr 0 00:00:00, Sys 0 00:00:00  -  Total Local Usage
	0  -  Run Bytes Sent By Job
	0  -  Run Bytes Received By Job
	0  -  Total Bytes Sent By Job
	0  -  Total Bytes Received By Job
	Partitionable Resources :    Usage  Request Allocated
	   Cpus                 :                 1         1
	   Disk (KB)            :        1        1  13384441
	   Memory (MB)          :       33        1      6441
...
000 (8916166.000.000) 12/12 14:23:39 Job submitted from host: <10.10.48.31:12542?addrs=10.10.48.31-12542>
...
001 (8916166.000.000) 12/12 14:23:50 Job executing on host: <10.10.48.143:50448?addrs=10.10.48.143-50448>
...
006 (8916166.000.000) 12/12 14:23:58 Image size of job updated: 175344
	29  -  MemoryUsage of job (MB)
	29160  -  ResidentSetSize of job (KB)
...
006 (8916166.000.000) 12/12 14:28:58 Image size of job updated: 193292
	40  -  MemoryUsage of job (MB)
	40860  -  ResidentSetSize of job (KB)
...
006 (8916166.000.000) 12/12 14:29:15 Image size of job updated: 193444
	40  -  MemoryUsage of job (MB)
	40860  -  ResidentSetSize of job (KB)
...
005 (8916166.000.000) 12/12 14:29:15 Job terminated.
	(1) Normal termination (return value 0)
		Usr 0 00:01:13, Sys 0 00:00:01  -  Run Remote Usage
		Usr 0 00:00:00, Sys 0 00:00:00  -  Run Local Usage
		Usr 0 00:01:13, Sys 0 00:00:01  -  Total Remote Usage
		Usr 0 00:00:00, Sys 0 00:00:00  -  Total Local Usage
	0  -  Run Bytes Sent By Job
	0  -  Run Bytes Received By Job
	0  -  Total Bytes Sent By Job
	0  -  Total Bytes Received By Job
	Partitionable Resources :    Usage  Request Allocated
	   Cpus                 :                 1         1
	   Disk (KB)            :        1        1  13384441
	   Memory (MB)          :       40        1      6441
...
000 (9637211.000.000) 02/27 16:01:40 Job submitted from host: <10.10.48.31:15410?addrs=10.10.48.31-15410>
...
001 (9637211.000.000) 02/27 16:01:49 Job executing on host: <10.10.48.137:1935?addrs=10.10.48.137-1935>
...
006 (9637211.000.000) 02/27 16:01:58 Image size of job updated: 176148
	30  -  MemoryUsage of job (MB)
	30220  -  ResidentSetSize of job (KB)
...
006 (9637211.000.000) 02/27 16:04:03 Image size of job updated: 186000
	30  -  MemoryUsage of job (MB)
	30220  -  ResidentSetSize of job (KB)
...
005 (9637211.000.000) 02/27 16:04:03 Job terminated.
	(1) Normal termination (return value 255)
		Usr 0 00:00:00, Sys 0 00:00:00  -  Run Remote Usage
		Usr 0 00:00:00, Sys 0 00:00:00  -  Run Local Usage
		Usr 0 00:00:00, Sys 0 00:00:00  -  Total Remote Usage
		Usr 0 00:00:00, Sys 0 00:00:00  -  Total Local Usage
	0  -  Run Bytes Sent By Job
	0  -  Run Bytes Received By Job
	0  -  Total Bytes Sent By Job
	0  -  Total Bytes Received By Job
	Partitionable Resources :    Usage  Request Allocated
	   Cpus                 :                 1         1
	   Disk (KB)            :        1        1  13377734
	   Memory (MB)          :       30        1      6441
...
000 (9643792.000.000) 02/27 20:47:21 Job submitted from host: <10.10.48.31:15410?addrs=10.10.48.31-15410>
...
001 (9643792.000.000) 02/27 20:47:22 Job executing on host: <10.10.48.143:56523?addrs=10.10.48.143-56523>
...
006 (9643792.000.000) 02/27 20:47:23 Image size of job updated: 252264
	0  -  MemoryUsage of job (MB)
	0  -  ResidentSetSize of job (KB)
...
005 (9643792.000.000) 02/27 20:47:24 Job terminated.
	(1) Normal termination (return value 10)
		Usr 0 00:00:00, Sys 0 00:00:00  -  Run Remote Usage
		Usr 0 00:00:00, Sys 0 00:00:00  -  Run Local Usage
		Usr 0 00:00:00, Sys 0 00:00:00  -  Total Remote Usage
		Usr 0 00:00:00, Sys 0 00:00:00  -  Total Local Usage
	0  -  Run Bytes Sent By Job
	0  -  Run Bytes Received By Job
	0  -  Total Bytes Sent By Job
	0  -  Total Bytes Received By Job
	Partitionable Resources :    Usage  Request Allocated
	   Cpus                 :                 1         1
	   Disk (KB)            :        1        1  13384575
	   Memory (MB)          :        0        1      6441
...
