000 (8914355.000.000) 12/10 23:43:04 Job submitted from host: <10.10.48.31:12542?addrs=10.10.48.31-12542>
...
001 (8914355.000.000) 12/10 23:43:13 Job executing on host: <10.10.48.133:42257?addrs=10.10.48.133-42257>
...
006 (8914355.000.000) 12/10 23:43:14 Image size of job updated: 175000
	0  -  MemoryUsage of job (MB)
	0  -  ResidentSetSize of job (KB)
...
005 (8914355.000.000) 12/10 23:43:14 Job terminated.
	(1) Normal termination (return value 1)
		Usr 0 00:00:00, Sys 0 00:00:00  -  Run Remote Usage
		Usr 0 00:00:00, Sys 0 00:00:00  -  Run Local Usage
		Usr 0 00:00:00, Sys 0 00:00:00  -  Total Remote Usage
		Usr 0 00:00:00, Sys 0 00:00:00  -  Total Local Usage
	0  -  Run Bytes Sent By Job
	0  -  Run Bytes Received By Job
	0  -  Total Bytes Sent By Job
	0  -  Total Bytes Received By Job
	Partitionable Resources :    Usage  Request Allocated
	   Cpus                 :                 1         1
	   Disk (KB)            :        1        1  13386734
	   Memory (MB)          :        0        1      6441
...
000 (8914517.000.000) 12/10 23:50:16 Job submitted from host: <10.10.48.31:12542?addrs=10.10.48.31-12542>
...
001 (8914517.000.000) 12/10 23:51:35 Job executing on host: <10.10.48.41:20766?addrs=10.10.48.41-20766>
...
006 (8914517.000.000) 12/10 23:51:44 Image size of job updated: 1
	2  -  MemoryUsage of job (MB)
	1816  -  ResidentSetSize of job (KB)
...
005 (8914517.000.000) 12/10 23:51:45 Job terminated.
	(1) Normal termination (return value 0)
		Usr 0 00:00:00, Sys 0 00:00:00  -  Run Remote Usage
		Usr 0 00:00:00, Sys 0 00:00:00  -  Run Local Usage
		Usr 0 00:00:00, Sys 0 00:00:00  -  Total Remote Usage
		Usr 0 00:00:00, Sys 0 00:00:00  -  Total Local Usage
	0  -  Run Bytes Sent By Job
	0  -  Run Bytes Received By Job
	0  -  Total Bytes Sent By Job
	0  -  Total Bytes Received By Job
	Partitionable Resources :    Usage  Request Allocated
	   Cpus                 :                 1         1
	   Disk (KB)            :        1        1  16725276
	   Memory (MB)          :        2        1      4023
...
000 (8914679.000.000) 12/11 16:49:30 Job submitted from host: <10.10.48.31:12542?addrs=10.10.48.31-12542>
...
001 (8914679.000.000) 12/11 16:49:37 Job executing on host: <10.10.48.143:50448?addrs=10.10.48.143-50448>
...
006 (8914679.000.000) 12/11 16:49:46 Image size of job updated: 176144
	29  -  MemoryUsage of job (MB)
	29016  -  ResidentSetSize of job (KB)
...
006 (8914679.000.000) 12/11 16:51:33 Image size of job updated: 192340
	29  -  MemoryUsage of job (MB)
	29016  -  ResidentSetSize of job (KB)
...
005 (8914679.000.000) 12/11 16:51:33 Job terminated.
	(1) Normal termination (return value 0)
		Usr 0 00:00:01, Sys 0 00:00:00  -  Run Remote Usage
		Usr 0 00:00:00, Sys 0 00:00:00  -  Run Local Usage
		Usr 0 00:00:01, Sys 0 00:00:00  -  Total Remote Usage
		Usr 0 00:00:00, Sys 0 00:00:00  -  Total Local Usage
	0  -  Run Bytes Sent By Job
	0  -  Run Bytes Received By Job
	0  -  Total Bytes Sent By Job
	0  -  Total Bytes Received By Job
	Partitionable Resources :    Usage  Request Allocated
	   Cpus                 :                 1         1
	   Disk (KB)            :        1        1  13384504
	   Memory (MB)          :       29        1      6441
...
000 (8915441.000.000) 12/11 17:18:47 Job submitted from host: <10.10.48.31:12542?addrs=10.10.48.31-12542>
...
001 (8915441.000.000) 12/11 17:19:41 Job executing on host: <10.10.48.33:59750?addrs=10.10.48.33-59750>
...
006 (8915441.000.000) 12/11 17:19:46 Image size of job updated: 193308
	0  -  MemoryUsage of job (MB)
	0  -  ResidentSetSize of job (KB)
...
005 (8915441.000.000) 12/11 17:19:46 Job terminated.
	(1) Normal termination (return value 0)
		Usr 0 00:00:03, Sys 0 00:00:00  -  Run Remote Usage
		Usr 0 00:00:00, Sys 0 00:00:00  -  Run Local Usage
		Usr 0 00:00:03, Sys 0 00:00:00  -  Total Remote Usage
		Usr 0 00:00:00, Sys 0 00:00:00  -  Total Local Usage
	0  -  Run Bytes Sent By Job
	0  -  Run Bytes Received By Job
	0  -  Total Bytes Sent By Job
	0  -  Total Bytes Received By Job
	Partitionable Resources :    Usage  Request Allocated
	   Cpus                 :                 1         1
	   Disk (KB)            :        1        1  16723606
	   Memory (MB)          :        0        1      4023
...
000 (8915603.000.000) 12/11 22:48:12 Job submitted from host: <10.10.48.31:12542?addrs=10.10.48.31-12542>
...
001 (8915603.000.000) 12/11 22:48:14 Job executing on host: <10.10.48.139:49429?addrs=10.10.48.139-49429>
...
006 (8915603.000.000) 12/11 22:48:23 Image size of job updated: 1
	2  -  MemoryUsage of job (MB)
	1860  -  ResidentSetSize of job (KB)
...
006 (8915603.000.000) 12/11 22:52:00 Image size of job updated: 192572
	2  -  MemoryUsage of job (MB)
	1860  -  ResidentSetSize of job (KB)
...
005 (8915603.000.000) 12/11 22:52:00 Job terminated.
	(1) Normal termination (return value 0)
		Usr 0 00:01:55, Sys 0 00:00:01  -  Run Remote Usage
		Usr 0 00:00:00, Sys 0 00:00:00  -  Run Local Usage
		Usr 0 00:01:55, Sys 0 00:00:01  -  Total Remote Usage
		Usr 0 00:00:00, Sys 0 00:00:00  -  Total Local Usage
	0  -  Run Bytes Sent By Job
	0  -  Run Bytes Received By Job
	0  -  Total Bytes Sent By Job
	0  -  Total Bytes Received By Job
	Partitionable Resources :    Usage  Request Allocated
	   Cpus                 :                 1         1
	   Disk (KB)            :        1        1  13385104
	   Memory (MB)          :        2        1      6441
...
000 (8915735.000.000) 12/11 22:58:24 Job submitted from host: <10.10.48.31:12542?addrs=10.10.48.31-12542>
...
001 (8915735.000.000) 12/11 22:58:27 Job executing on host: <10.10.48.41:20766?addrs=10.10.48.41-20766>
...
006 (8915735.000.000) 12/11 22:58:36 Image size of job updated: 192496
	38  -  MemoryUsage of job (MB)
	38532  -  ResidentSetSize of job (KB)
...
006 (8915735.000.000) 12/11 23:00:19 Image size of job updated: 192508
	38  -  MemoryUsage of job (MB)
	38532  -  ResidentSetSize of job (KB)
...
005 (8915735.000.000) 12/11 23:00:19 Job terminated.
	(1) Normal termination (return value 0)
		Usr 0 00:01:13, Sys 0 00:00:01  -  Run Remote Usage
		Usr 0 00:00:00, Sys 0 00:00:00  -  Run Local Usage
		Usr 0 00:01:13, Sys 0 00:00:01  -  Total Remote Usage
		Usr 0 00:00:00, Sys 0 00:00:00  -  Total Local Usage
	0  -  Run Bytes Sent By Job
	0  -  Run Bytes Received By Job
	0  -  Total Bytes Sent By Job
	0  -  Total Bytes Received By Job
	Partitionable Resources :    Usage  Request Allocated
	   Cpus                 :                 1         1
	   Disk (KB)            :        1        1  16725236
	   Memory (MB)          :       38        1      4023
...
000 (8915867.000.000) 12/11 23:09:55 Job submitted from host: <10.10.48.31:12542?addrs=10.10.48.31-12542>
...
001 (8915867.000.000) 12/11 23:10:03 Job executing on host: <10.10.48.43:4900?addrs=10.10.48.43-4900>
...
006 (8915867.000.000) 12/11 23:10:09 Image size of job updated: 1
	0  -  MemoryUsage of job (MB)
	0  -  ResidentSetSize of job (KB)
...
005 (8915867.000.000) 12/11 23:10:10 Job terminated.
	(1) Normal termination (return value 1)
		Usr 0 00:00:00, Sys 0 00:00:00  -  Run Remote Usage
		Usr 0 00:00:00, Sys 0 00:00:00  -  Run Local Usage
		Usr 0 00:00:00, Sys 0 00:00:00  -  Total Remote Usage
		Usr 0 00:00:00, Sys 0 00:00:00  -  Total Local Usage
	0  -  Run Bytes Sent By Job
	0  -  Run Bytes Received By Job
	0  -  Total Bytes Sent By Job
	0  -  Total Bytes Received By Job
	Partitionable Resources :    Usage  Request Allocated
	   Cpus                 :                 1         1
	   Disk (KB)            :        1        1  16728023
	   Memory (MB)          :        0        1      4023
...
000 (8916029.000.000) 12/11 23:22:54 Job submitted from host: <10.10.48.31:12542?addrs=10.10.48.31-12542>
...
001 (8916029.000.000) 12/11 23:22:58 Job executing on host: <10.10.48.145:26377?addrs=10.10.48.145-26377>
...
006 (8916029.000.000) 12/11 23:23:01 Image size of job updated: 192816
	0  -  MemoryUsage of job (MB)
	0  -  ResidentSetSize of job (KB)
...
005 (8916029.000.000) 12/11 23:23:01 Job terminated.
	(1) Normal termination (return value 0)
		Usr 0 00:00:01, Sys 0 00:00:00  -  Run Remote Usage
		Usr 0 00:00:00, Sys 0 00:00:00  -  Run Local Usage
		Usr 0 00:00:01, Sys 0 00:00:00  -  Total Remote Usage
		Usr 0 00:00:00, Sys 0 00:00:00  -  Total Local Usage
	0  -  Run Bytes Sent By Job
	0  -  Run Bytes Received By Job
	0  -  Total Bytes Sent By Job
	0  -  Total Bytes Received By Job
	Partitionable Resources :    Usage  Request Allocated
	   Cpus                 :                 1         1
	   Disk (KB)            :        1        1  13384457
	   Memory (MB)          :        0        1      6441
...
000 (8916192.000.000) 12/12 14:24:39 Job submitted from host: <10.10.48.31:12542?addrs=10.10.48.31-12542>
...
001 (8916192.000.000) 12/12 14:24:43 Job executing on host: <10.10.48.41:20766?addrs=10.10.48.41-20766>
...
006 (8916192.000.000) 12/12 14:24:51 Image size of job updated: 184924
	32  -  MemoryUsage of job (MB)
	31760  -  ResidentSetSize of job (KB)
...
006 (8916192.000.000) 12/12 14:28:41 Image size of job updated: 193036
	32  -  MemoryUsage of job (MB)
	31760  -  ResidentSetSize of job (KB)
...
005 (8916192.000.000) 12/12 14:28:41 Job terminated.
	(1) Normal termination (return value 0)
		Usr 0 00:00:52, Sys 0 00:00:01  -  Run Remote Usage
		Usr 0 00:00:00, Sys 0 00:00:00  -  Run Local Usage
		Usr 0 00:00:52, Sys 0 00:00:01  -  Total Remote Usage
		Usr 0 00:00:00, Sys 0 00:00:00  -  Total Local Usage
	0  -  Run Bytes Sent By Job
	0  -  Run Bytes Received By Job
	0  -  Total Bytes Sent By Job
	0  -  Total Bytes Received By Job
	Partitionable Resources :    Usage  Request Allocated
	   Cpus                 :                 1         1
	   Disk (KB)            :        1        1  16725187
	   Memory (MB)          :       32        1      4023
...
000 (9637256.000.000) 02/27 16:03:15 Job submitted from host: <10.10.48.31:15410?addrs=10.10.48.31-15410>
...
001 (9637256.000.000) 02/27 16:03:26 Job executing on host: <10.10.48.45:40029?addrs=10.10.48.45-40029>
...
006 (9637256.000.000) 02/27 16:03:35 Image size of job updated: 185764
	32  -  MemoryUsage of job (MB)
	32704  -  ResidentSetSize of job (KB)
...
006 (9637256.000.000) 02/27 16:08:36 Image size of job updated: 186048
	35  -  MemoryUsage of job (MB)
	35500  -  ResidentSetSize of job (KB)
...
005 (9637256.000.000) 02/27 16:09:05 Job terminated.
	(1) Normal termination (return value 255)
		Usr 0 00:00:02, Sys 0 00:00:00  -  Run Remote Usage
		Usr 0 00:00:00, Sys 0 00:00:00  -  Run Local Usage
		Usr 0 00:00:02, Sys 0 00:00:00  -  Total Remote Usage
		Usr 0 00:00:00, Sys 0 00:00:00  -  Total Local Usage
	0  -  Run Bytes Sent By Job
	0  -  Run Bytes Received By Job
	0  -  Total Bytes Sent By Job
	0  -  Total Bytes Received By Job
	Partitionable Resources :    Usage  Request Allocated
	   Cpus                 :                 1         1
	   Disk (KB)            :        1        1  16195855
	   Memory (MB)          :       35        1      4023
...
000 (9643818.000.000) 02/27 20:47:25 Job submitted from host: <10.10.48.31:15410?addrs=10.10.48.31-15410>
...
001 (9643818.000.000) 02/27 20:47:26 Job executing on host: <10.10.48.143:56523?addrs=10.10.48.143-56523>
...
006 (9643818.000.000) 02/27 20:47:28 Image size of job updated: 252796
	0  -  MemoryUsage of job (MB)
	0  -  ResidentSetSize of job (KB)
...
005 (9643818.000.000) 02/27 20:47:28 Job terminated.
	(1) Normal termination (return value 38)
		Usr 0 00:00:00, Sys 0 00:00:00  -  Run Remote Usage
		Usr 0 00:00:00, Sys 0 00:00:00  -  Run Local Usage
		Usr 0 00:00:00, Sys 0 00:00:00  -  Total Remote Usage
		Usr 0 00:00:00, Sys 0 00:00:00  -  Total Local Usage
	0  -  Run Bytes Sent By Job
	0  -  Run Bytes Received By Job
	0  -  Total Bytes Sent By Job
	0  -  Total Bytes Received By Job
	Partitionable Resources :    Usage  Request Allocated
	   Cpus                 :                 1         1
	   Disk (KB)            :        1        1  13384575
	   Memory (MB)          :        0        1      6441
...
