000 (8914299.000.000) 12/10 23:42:50 Job submitted from host: <10.10.48.31:12542?addrs=10.10.48.31-12542>
...
001 (8914299.000.000) 12/10 23:42:55 Job executing on host: <10.10.48.35:61041?addrs=10.10.48.35-61041>
...
006 (8914299.000.000) 12/10 23:42:56 Image size of job updated: 113624
	0  -  MemoryUsage of job (MB)
	0  -  ResidentSetSize of job (KB)
...
005 (8914299.000.000) 12/10 23:42:56 Job terminated.
	(1) Normal termination (return value 1)
		Usr 0 00:00:00, Sys 0 00:00:00  -  Run Remote Usage
		Usr 0 00:00:00, Sys 0 00:00:00  -  Run Local Usage
		Usr 0 00:00:00, Sys 0 00:00:00  -  Total Remote Usage
		Usr 0 00:00:00, Sys 0 00:00:00  -  Total Local Usage
	0  -  Run Bytes Sent By Job
	0  -  Run Bytes Received By Job
	0  -  Total Bytes Sent By Job
	0  -  Total Bytes Received By Job
	Partitionable Resources :    Usage  Request Allocated
	   Cpus                 :                 1         1
	   Disk (KB)            :        1        1  16721137
	   Memory (MB)          :        0        1      4023
...
000 (8914461.000.000) 12/10 23:49:03 Job submitted from host: <10.10.48.31:12542?addrs=10.10.48.31-12542>
...
001 (8914461.000.000) 12/10 23:49:20 Job executing on host: <10.10.48.132:4924?addrs=10.10.48.132-4924>
...
006 (8914461.000.000) 12/10 23:49:28 Image size of job updated: 185572
	32  -  MemoryUsage of job (MB)
	32496  -  ResidentSetSize of job (KB)
...
006 (8914461.000.000) 12/10 23:50:47 Image size of job updated: 192672
	32  -  MemoryUsage of job (MB)
	32496  -  ResidentSetSize of job (KB)
...
005 (8914461.000.000) 12/10 23:50:47 Job terminated.
	(1) Normal termination (return value 0)
		Usr 0 00:00:44, Sys 0 00:00:00  -  Run Remote Usage
		Usr 0 00:00:00, Sys 0 00:00:00  -  Run Local Usage
		Usr 0 00:00:44, Sys 0 00:00:00  -  Total Remote Usage
		Usr 0 00:00:00, Sys 0 00:00:00  -  Total Local Usage
	0  -  Run Bytes Sent By Job
	0  -  Run Bytes Received By Job
	0  -  Total Bytes Sent By Job
	0  -  Total Bytes Received By Job
	Partitionable Resources :    Usage  Request Allocated
	   Cpus                 :                 1         1
	   Disk (KB)            :        1        1  13378013
	   Memory (MB)          :       32        1      6441
...
000 (8914623.000.000) 12/11 16:48:21 Job submitted from host: <10.10.48.31:12542?addrs=10.10.48.31-12542>
...
001 (8914623.000.000) 12/11 16:48:38 Job executing on host: <10.10.48.139:49429?addrs=10.10.48.139-49429>
...
006 (8914623.000.000) 12/11 16:48:47 Image size of job updated: 185972
	32  -  MemoryUsage of job (MB)
	32552  -  ResidentSetSize of job (KB)
...
006 (8914623.000.000) 12/11 16:50:12 Image size of job updated: 192580
	32  -  MemoryUsage of job (MB)
	32552  -  ResidentSetSize of job (KB)
...
005 (8914623.000.000) 12/11 16:50:12 Job terminated.
	(1) Normal termination (return value 0)
		Usr 0 00:00:41, Sys 0 00:00:00  -  Run Remote Usage
		Usr 0 00:00:00, Sys 0 00:00:00  -  Run Local Usage
		Usr 0 00:00:41, Sys 0 00:00:00  -  Total Remote Usage
		Usr 0 00:00:00, Sys 0 00:00:00  -  Total Local Usage
	0  -  Run Bytes Sent By Job
	0  -  Run Bytes Received By Job
	0  -  Total Bytes Sent By Job
	0  -  Total Bytes Received By Job
	Partitionable Resources :    Usage  Request Allocated
	   Cpus                 :                 1         1
	   Disk (KB)            :        1        1  13385137
	   Memory (MB)          :       32        1      6441
...
000 (8915385.000.000) 12/11 17:17:51 Job submitted from host: <10.10.48.31:12542?addrs=10.10.48.31-12542>
...
001 (8915385.000.000) 12/11 17:18:04 Job executing on host: <10.10.48.33:59750?addrs=10.10.48.33-59750>
...
006 (8915385.000.000) 12/11 17:18:13 Image size of job updated: 185844
	33  -  MemoryUsage of job (MB)
	33680  -  ResidentSetSize of job (KB)
...
006 (8915385.000.000) 12/11 17:18:48 Image size of job updated: 193076
	33  -  MemoryUsage of job (MB)
	33680  -  ResidentSetSize of job (KB)
...
005 (8915385.000.000) 12/11 17:18:48 Job terminated.
	(1) Normal termination (return value 0)
		Usr 0 00:00:25, Sys 0 00:00:00  -  Run Remote Usage
		Usr 0 00:00:00, Sys 0 00:00:00  -  Run Local Usage
		Usr 0 00:00:25, Sys 0 00:00:00  -  Total Remote Usage
		Usr 0 00:00:00, Sys 0 00:00:00  -  Total Local Usage
	0  -  Run Bytes Sent By Job
	0  -  Run Bytes Received By Job
	0  -  Total Bytes Sent By Job
	0  -  Total Bytes Received By Job
	Partitionable Resources :    Usage  Request Allocated
	   Cpus                 :                 1         1
	   Disk (KB)            :        1        1  16723661
	   Memory (MB)          :       33        1      4023
...
000 (8915547.000.000) 12/11 22:46:57 Job submitted from host: <10.10.48.31:12542?addrs=10.10.48.31-12542>
...
001 (8915547.000.000) 12/11 22:47:13 Job executing on host: <10.10.48.139:49429?addrs=10.10.48.139-49429>
...
006 (8915547.000.000) 12/11 22:47:21 Image size of job updated: 180380
	29  -  MemoryUsage of job (MB)
	28904  -  ResidentSetSize of job (KB)
...
006 (8915547.000.000) 12/11 22:52:21 Image size of job updated: 192756
	39  -  MemoryUsage of job (MB)
	38920  -  ResidentSetSize of job (KB)
...
000 (8915679.000.000) 12/11 22:57:04 Job submitted from host: <10.10.48.31:12542?addrs=10.10.48.31-12542>
...
001 (8915679.000.000) 12/11 22:57:20 Job executing on host: <10.10.48.139:49429?addrs=10.10.48.139-49429>
...
006 (8915547.000.000) 12/11 22:57:22 Image size of job updated: 193496
	40  -  MemoryUsage of job (MB)
	40104  -  ResidentSetSize of job (KB)
...
006 (8915679.000.000) 12/11 22:57:28 Image size of job updated: 180248
	30  -  MemoryUsage of job (MB)
	30208  -  ResidentSetSize of job (KB)
...
006 (8915547.000.000) 12/11 23:02:23 Image size of job updated: 194736
	44  -  MemoryUsage of job (MB)
	44264  -  ResidentSetSize of job (KB)
...
006 (8915679.000.000) 12/11 23:02:28 Image size of job updated: 201892
	49  -  MemoryUsage of job (MB)
	49328  -  ResidentSetSize of job (KB)
...
006 (8915547.000.000) 12/11 23:02:56 Image size of job updated: 195104
	44  -  MemoryUsage of job (MB)
	44264  -  ResidentSetSize of job (KB)
...
005 (8915547.000.000) 12/11 23:02:56 Job terminated.
	(1) Normal termination (return value 0)
		Usr 0 00:10:35, Sys 0 00:00:10  -  Run Remote Usage
		Usr 0 00:00:00, Sys 0 00:00:00  -  Run Local Usage
		Usr 0 00:10:35, Sys 0 00:00:10  -  Total Remote Usage
		Usr 0 00:00:00, Sys 0 00:00:00  -  Total Local Usage
	0  -  Run Bytes Sent By Job
	0  -  Run Bytes Received By Job
	0  -  Total Bytes Sent By Job
	0  -  Total Bytes Received By Job
	Partitionable Resources :    Usage  Request Allocated
	   Cpus                 :                 1         1
	   Disk (KB)            :        1        1  13385104
	   Memory (MB)          :       44        1      6441
...
006 (8915679.000.000) 12/11 23:05:50 Image size of job updated: 210380
	49  -  MemoryUsage of job (MB)
	49328  -  ResidentSetSize of job (KB)
...
005 (8915679.000.000) 12/11 23:05:50 Job terminated.
	(1) Normal termination (return value 0)
		Usr 0 00:08:19, Sys 0 00:00:06  -  Run Remote Usage
		Usr 0 00:00:00, Sys 0 00:00:00  -  Run Local Usage
		Usr 0 00:08:19, Sys 0 00:00:06  -  Total Remote Usage
		Usr 0 00:00:00, Sys 0 00:00:00  -  Total Local Usage
	0  -  Run Bytes Sent By Job
	0  -  Run Bytes Received By Job
	0  -  Total Bytes Sent By Job
	0  -  Total Bytes Received By Job
	Partitionable Resources :    Usage  Request Allocated
	   Cpus                 :                 1         1
	   Disk (KB)            :        1        1  13385065
	   Memory (MB)          :       49        1      6441
...
000 (8915811.000.000) 12/11 23:09:06 Job submitted from host: <10.10.48.31:12542?addrs=10.10.48.31-12542>
...
001 (8915811.000.000) 12/11 23:09:24 Job executing on host: <10.10.48.139:49429?addrs=10.10.48.139-49429>
...
006 (8915811.000.000) 12/11 23:09:33 Image size of job updated: 185300
	33  -  MemoryUsage of job (MB)
	33480  -  ResidentSetSize of job (KB)
...
006 (8915811.000.000) 12/11 23:11:03 Image size of job updated: 193012
	33  -  MemoryUsage of job (MB)
	33480  -  ResidentSetSize of job (KB)
...
005 (8915811.000.000) 12/11 23:11:03 Job terminated.
	(1) Normal termination (return value 1)
		Usr 0 00:00:18, Sys 0 00:00:00  -  Run Remote Usage
		Usr 0 00:00:00, Sys 0 00:00:00  -  Run Local Usage
		Usr 0 00:00:18, Sys 0 00:00:00  -  Total Remote Usage
		Usr 0 00:00:00, Sys 0 00:00:00  -  Total Local Usage
	0  -  Run Bytes Sent By Job
	0  -  Run Bytes Received By Job
	0  -  Total Bytes Sent By Job
	0  -  Total Bytes Received By Job
	Partitionable Resources :    Usage  Request Allocated
	   Cpus                 :                 1         1
	   Disk (KB)            :        1        1  13385058
	   Memory (MB)          :       33        1      6441
...
000 (8915973.000.000) 12/11 23:22:25 Job submitted from host: <10.10.48.31:12542?addrs=10.10.48.31-12542>
...
001 (8915973.000.000) 12/11 23:22:43 Job executing on host: <10.10.48.139:49429?addrs=10.10.48.139-49429>
...
006 (8915973.000.000) 12/11 23:22:51 Image size of job updated: 185568
	31  -  MemoryUsage of job (MB)
	31404  -  ResidentSetSize of job (KB)
...
006 (8915973.000.000) 12/11 23:23:05 Image size of job updated: 193000
	31  -  MemoryUsage of job (MB)
	31404  -  ResidentSetSize of job (KB)
...
005 (8915973.000.000) 12/11 23:23:05 Job terminated.
	(1) Normal termination (return value 0)
		Usr 0 00:00:05, Sys 0 00:00:00  -  Run Remote Usage
		Usr 0 00:00:00, Sys 0 00:00:00  -  Run Local Usage
		Usr 0 00:00:05, Sys 0 00:00:00  -  Total Remote Usage
		Usr 0 00:00:00, Sys 0 00:00:00  -  Total Local Usage
	0  -  Run Bytes Sent By Job
	0  -  Run Bytes Received By Job
	0  -  Total Bytes Sent By Job
	0  -  Total Bytes Received By Job
	Partitionable Resources :    Usage  Request Allocated
	   Cpus                 :                 1         1
	   Disk (KB)            :        1        1  13385070
	   Memory (MB)          :       31        1      6441
...
000 (8916136.000.000) 12/12 14:23:35 Job submitted from host: <10.10.48.31:12542?addrs=10.10.48.31-12542>
...
001 (8916136.000.000) 12/12 14:23:50 Job executing on host: <10.10.48.139:49429?addrs=10.10.48.139-49429>
...
006 (8916136.000.000) 12/12 14:23:58 Image size of job updated: 179440
	29  -  MemoryUsage of job (MB)
	29576  -  ResidentSetSize of job (KB)
...
006 (8916136.000.000) 12/12 14:28:58 Image size of job updated: 258116
	97  -  MemoryUsage of job (MB)
	99068  -  ResidentSetSize of job (KB)
...
006 (8916136.000.000) 12/12 14:33:59 Image size of job updated: 504576
	307  -  MemoryUsage of job (MB)
	313536  -  ResidentSetSize of job (KB)
...
006 (8916136.000.000) 12/12 14:35:02 Image size of job updated: 570232
	307  -  MemoryUsage of job (MB)
	313536  -  ResidentSetSize of job (KB)
...
005 (8916136.000.000) 12/12 14:35:02 Job terminated.
	(1) Normal termination (return value 0)
		Usr 0 00:04:40, Sys 0 00:00:06  -  Run Remote Usage
		Usr 0 00:00:00, Sys 0 00:00:00  -  Run Local Usage
		Usr 0 00:04:40, Sys 0 00:00:06  -  Total Remote Usage
		Usr 0 00:00:00, Sys 0 00:00:00  -  Total Local Usage
	0  -  Run Bytes Sent By Job
	0  -  Run Bytes Received By Job
	0  -  Total Bytes Sent By Job
	0  -  Total Bytes Received By Job
	Partitionable Resources :    Usage  Request Allocated
	   Cpus                 :                 1         1
	   Disk (KB)            :        1        1  13385059
	   Memory (MB)          :      307        1      6441
...
000 (9637181.000.000) 02/27 16:01:37 Job submitted from host: <10.10.48.31:15410?addrs=10.10.48.31-15410>
...
001 (9637181.000.000) 02/27 16:01:49 Job executing on host: <10.10.48.39:38682?addrs=10.10.48.39-38682>
...
006 (9637181.000.000) 02/27 16:01:57 Image size of job updated: 176152
	29  -  MemoryUsage of job (MB)
	28928  -  ResidentSetSize of job (KB)
...
006 (9637181.000.000) 02/27 16:03:01 Image size of job updated: 185852
	29  -  MemoryUsage of job (MB)
	28928  -  ResidentSetSize of job (KB)
...
005 (9637181.000.000) 02/27 16:03:01 Job terminated.
	(1) Normal termination (return value 255)
		Usr 0 00:00:00, Sys 0 00:00:00  -  Run Remote Usage
		Usr 0 00:00:00, Sys 0 00:00:00  -  Run Local Usage
		Usr 0 00:00:00, Sys 0 00:00:00  -  Total Remote Usage
		Usr 0 00:00:00, Sys 0 00:00:00  -  Total Local Usage
	0  -  Run Bytes Sent By Job
	0  -  Run Bytes Received By Job
	0  -  Total Bytes Sent By Job
	0  -  Total Bytes Received By Job
	Partitionable Resources :    Usage  Request Allocated
	   Cpus                 :                 1         1
	   Disk (KB)            :        1        1  16725766
	   Memory (MB)          :       29        1      4023
...
000 (9643762.000.000) 02/27 20:47:13 Job submitted from host: <10.10.48.31:15410?addrs=10.10.48.31-15410>
...
001 (9643762.000.000) 02/27 20:47:17 Job executing on host: <10.10.48.134:39779?addrs=10.10.48.134-39779>
...
006 (9643762.000.000) 02/27 20:47:18 Image size of job updated: 252812
	0  -  MemoryUsage of job (MB)
	0  -  ResidentSetSize of job (KB)
...
005 (9643762.000.000) 02/27 20:47:19 Job terminated.
	(1) Normal termination (return value 74)
		Usr 0 00:00:00, Sys 0 00:00:00  -  Run Remote Usage
		Usr 0 00:00:00, Sys 0 00:00:00  -  Run Local Usage
		Usr 0 00:00:00, Sys 0 00:00:00  -  Total Remote Usage
		Usr 0 00:00:00, Sys 0 00:00:00  -  Total Local Usage
	0  -  Run Bytes Sent By Job
	0  -  Run Bytes Received By Job
	0  -  Total Bytes Sent By Job
	0  -  Total Bytes Received By Job
	Partitionable Resources :    Usage  Request Allocated
	   Cpus                 :                 1         1
	   Disk (KB)            :        1        1  13381656
	   Memory (MB)          :        0        1      6441
...
