000 (8914335.000.000) 12/10 23:43:00 Job submitted from host: <10.10.48.31:12542?addrs=10.10.48.31-12542>
...
001 (8914335.000.000) 12/10 23:43:08 Job executing on host: <10.10.48.133:42257?addrs=10.10.48.133-42257>
...
006 (8914335.000.000) 12/10 23:43:09 Image size of job updated: 172928
	0  -  MemoryUsage of job (MB)
	0  -  ResidentSetSize of job (KB)
...
005 (8914335.000.000) 12/10 23:43:10 Job terminated.
	(1) Normal termination (return value 1)
		Usr 0 00:00:00, Sys 0 00:00:00  -  Run Remote Usage
		Usr 0 00:00:00, Sys 0 00:00:00  -  Run Local Usage
		Usr 0 00:00:00, Sys 0 00:00:00  -  Total Remote Usage
		Usr 0 00:00:00, Sys 0 00:00:00  -  Total Local Usage
	0  -  Run Bytes Sent By Job
	0  -  Run Bytes Received By Job
	0  -  Total Bytes Sent By Job
	0  -  Total Bytes Received By Job
	Partitionable Resources :    Usage  Request Allocated
	   Cpus                 :                 1         1
	   Disk (KB)            :        1        1  13386734
	   Memory (MB)          :        0        1      6441
...
000 (8914497.000.000) 12/10 23:49:08 Job submitted from host: <10.10.48.31:12542?addrs=10.10.48.31-12542>
...
001 (8914497.000.000) 12/10 23:49:20 Job executing on host: <10.10.48.143:50448?addrs=10.10.48.143-50448>
...
006 (8914497.000.000) 12/10 23:49:28 Image size of job updated: 180384
	30  -  MemoryUsage of job (MB)
	30280  -  ResidentSetSize of job (KB)
...
006 (8914497.000.000) 12/10 23:54:28 Image size of job updated: 192844
	43  -  MemoryUsage of job (MB)
	43536  -  ResidentSetSize of job (KB)
...
006 (8914497.000.000) 12/10 23:59:28 Image size of job updated: 194496
	45  -  MemoryUsage of job (MB)
	45420  -  ResidentSetSize of job (KB)
...
006 (8914497.000.000) 12/11 00:04:29 Image size of job updated: 195700
	46  -  MemoryUsage of job (MB)
	46604  -  ResidentSetSize of job (KB)
...
005 (8914497.000.000) 12/11 00:04:35 Job terminated.
	(1) Normal termination (return value 0)
		Usr 0 00:09:58, Sys 0 00:00:08  -  Run Remote Usage
		Usr 0 00:00:00, Sys 0 00:00:00  -  Run Local Usage
		Usr 0 00:09:58, Sys 0 00:00:08  -  Total Remote Usage
		Usr 0 00:00:00, Sys 0 00:00:00  -  Total Local Usage
	0  -  Run Bytes Sent By Job
	0  -  Run Bytes Received By Job
	0  -  Total Bytes Sent By Job
	0  -  Total Bytes Received By Job
	Partitionable Resources :    Usage  Request Allocated
	   Cpus                 :                 1         1
	   Disk (KB)            :        1        1  13384474
	   Memory (MB)          :       46        1      6441
...
000 (8914659.000.000) 12/11 16:48:26 Job submitted from host: <10.10.48.31:12542?addrs=10.10.48.31-12542>
...
001 (8914659.000.000) 12/11 16:48:38 Job executing on host: <10.10.48.143:50448?addrs=10.10.48.143-50448>
...
006 (8914659.000.000) 12/11 16:48:47 Image size of job updated: 1
	2  -  MemoryUsage of job (MB)
	1864  -  ResidentSetSize of job (KB)
...
006 (8914659.000.000) 12/11 16:53:47 Image size of job updated: 192724
	43  -  MemoryUsage of job (MB)
	43144  -  ResidentSetSize of job (KB)
...
006 (8914659.000.000) 12/11 16:58:47 Image size of job updated: 193892
	44  -  MemoryUsage of job (MB)
	44864  -  ResidentSetSize of job (KB)
...
006 (8914659.000.000) 12/11 17:03:48 Image size of job updated: 195704
	46  -  MemoryUsage of job (MB)
	46612  -  ResidentSetSize of job (KB)
...
005 (8914659.000.000) 12/11 17:04:24 Job terminated.
	(1) Normal termination (return value 0)
		Usr 0 00:10:10, Sys 0 00:00:10  -  Run Remote Usage
		Usr 0 00:00:00, Sys 0 00:00:00  -  Run Local Usage
		Usr 0 00:10:10, Sys 0 00:00:10  -  Total Remote Usage
		Usr 0 00:00:00, Sys 0 00:00:00  -  Total Local Usage
	0  -  Run Bytes Sent By Job
	0  -  Run Bytes Received By Job
	0  -  Total Bytes Sent By Job
	0  -  Total Bytes Received By Job
	Partitionable Resources :    Usage  Request Allocated
	   Cpus                 :                 1         1
	   Disk (KB)            :        1        1  13384504
	   Memory (MB)          :       46        1      6441
...
000 (8915421.000.000) 12/11 17:17:56 Job submitted from host: <10.10.48.31:12542?addrs=10.10.48.31-12542>
...
001 (8915421.000.000) 12/11 17:18:05 Job executing on host: <10.10.48.146:51717?addrs=10.10.48.146-51717>
...
006 (8915421.000.000) 12/11 17:18:13 Image size of job updated: 186316
	34  -  MemoryUsage of job (MB)
	34628  -  ResidentSetSize of job (KB)
...
006 (8915421.000.000) 12/11 17:23:13 Image size of job updated: 205828
	53  -  MemoryUsage of job (MB)
	53844  -  ResidentSetSize of job (KB)
...
006 (8915421.000.000) 12/11 17:28:14 Image size of job updated: 220364
	67  -  MemoryUsage of job (MB)
	67708  -  ResidentSetSize of job (KB)
...
006 (8915421.000.000) 12/11 17:29:04 Image size of job updated: 222352
	67  -  MemoryUsage of job (MB)
	67708  -  ResidentSetSize of job (KB)
...
005 (8915421.000.000) 12/11 17:29:04 Job terminated.
	(1) Normal termination (return value 0)
		Usr 0 00:09:50, Sys 0 00:00:09  -  Run Remote Usage
		Usr 0 00:00:00, Sys 0 00:00:00  -  Run Local Usage
		Usr 0 00:09:50, Sys 0 00:00:09  -  Total Remote Usage
		Usr 0 00:00:00, Sys 0 00:00:00  -  Total Local Usage
	0  -  Run Bytes Sent By Job
	0  -  Run Bytes Received By Job
	0  -  Total Bytes Sent By Job
	0  -  Total Bytes Received By Job
	Partitionable Resources :    Usage  Request Allocated
	   Cpus                 :                 1         1
	   Disk (KB)            :        1        1  13347858
	   Memory (MB)          :       67        1      6441
...
000 (8915583.000.000) 12/11 22:47:02 Job submitted from host: <10.10.48.31:12542?addrs=10.10.48.31-12542>
...
001 (8915583.000.000) 12/11 22:47:13 Job executing on host: <10.10.48.143:50448?addrs=10.10.48.143-50448>
...
006 (8915583.000.000) 12/11 22:47:22 Image size of job updated: 1
	2  -  MemoryUsage of job (MB)
	1868  -  ResidentSetSize of job (KB)
...
006 (8915583.000.000) 12/11 22:51:00 Image size of job updated: 192572
	2  -  MemoryUsage of job (MB)
	1868  -  ResidentSetSize of job (KB)
...
005 (8915583.000.000) 12/11 22:51:00 Job terminated.
	(1) Normal termination (return value 0)
		Usr 0 00:01:37, Sys 0 00:00:01  -  Run Remote Usage
		Usr 0 00:00:00, Sys 0 00:00:00  -  Run Local Usage
		Usr 0 00:01:37, Sys 0 00:00:01  -  Total Remote Usage
		Usr 0 00:00:00, Sys 0 00:00:00  -  Total Local Usage
	0  -  Run Bytes Sent By Job
	0  -  Run Bytes Received By Job
	0  -  Total Bytes Sent By Job
	0  -  Total Bytes Received By Job
	Partitionable Resources :    Usage  Request Allocated
	   Cpus                 :                 1         1
	   Disk (KB)            :        1        1  13384463
	   Memory (MB)          :        2        1      6441
...
000 (8915715.000.000) 12/11 22:57:40 Job submitted from host: <10.10.48.31:12542?addrs=10.10.48.31-12542>
...
001 (8915715.000.000) 12/11 22:57:53 Job executing on host: <10.10.48.35:61041?addrs=10.10.48.35-61041>
...
006 (8915715.000.000) 12/11 22:58:01 Image size of job updated: 188336
	35  -  MemoryUsage of job (MB)
	34980  -  ResidentSetSize of job (KB)
...
006 (8915715.000.000) 12/11 22:59:47 Image size of job updated: 192548
	35  -  MemoryUsage of job (MB)
	34980  -  ResidentSetSize of job (KB)
...
005 (8915715.000.000) 12/11 22:59:47 Job terminated.
	(1) Normal termination (return value 0)
		Usr 0 00:01:06, Sys 0 00:00:01  -  Run Remote Usage
		Usr 0 00:00:00, Sys 0 00:00:00  -  Run Local Usage
		Usr 0 00:01:06, Sys 0 00:00:01  -  Total Remote Usage
		Usr 0 00:00:00, Sys 0 00:00:00  -  Total Local Usage
	0  -  Run Bytes Sent By Job
	0  -  Run Bytes Received By Job
	0  -  Total Bytes Sent By Job
	0  -  Total Bytes Received By Job
	Partitionable Resources :    Usage  Request Allocated
	   Cpus                 :                 1         1
	   Disk (KB)            :        1        1  16721068
	   Memory (MB)          :       35        1      4023
...
000 (8915847.000.000) 12/11 23:09:13 Job submitted from host: <10.10.48.31:12542?addrs=10.10.48.31-12542>
...
001 (8915847.000.000) 12/11 23:09:26 Job executing on host: <10.10.48.145:26377?addrs=10.10.48.145-26377>
...
006 (8915847.000.000) 12/11 23:09:35 Image size of job updated: 1
	2  -  MemoryUsage of job (MB)
	1864  -  ResidentSetSize of job (KB)
...
006 (8915847.000.000) 12/11 23:14:36 Image size of job updated: 193220
	39  -  MemoryUsage of job (MB)
	39180  -  ResidentSetSize of job (KB)
...
006 (8915847.000.000) 12/11 23:19:37 Image size of job updated: 195288
	41  -  MemoryUsage of job (MB)
	41520  -  ResidentSetSize of job (KB)
...
000 (8916009.000.000) 12/11 23:22:41 Job submitted from host: <10.10.48.31:12542?addrs=10.10.48.31-12542>
...
001 (8916009.000.000) 12/11 23:22:45 Job executing on host: <10.10.48.41:20766?addrs=10.10.48.41-20766>
...
006 (8916009.000.000) 12/11 23:22:53 Image size of job updated: 185384
	32  -  MemoryUsage of job (MB)
	32028  -  ResidentSetSize of job (KB)
...
006 (8915847.000.000) 12/11 23:24:37 Image size of job updated: 198376
	44  -  MemoryUsage of job (MB)
	44580  -  ResidentSetSize of job (KB)
...
006 (8915847.000.000) 12/11 23:26:16 Image size of job updated: 199584
	44  -  MemoryUsage of job (MB)
	44580  -  ResidentSetSize of job (KB)
...
005 (8915847.000.000) 12/11 23:26:16 Job terminated.
	(1) Normal termination (return value 1)
		Usr 0 00:04:26, Sys 0 00:00:07  -  Run Remote Usage
		Usr 0 00:00:00, Sys 0 00:00:00  -  Run Local Usage
		Usr 0 00:04:26, Sys 0 00:00:07  -  Total Remote Usage
		Usr 0 00:00:00, Sys 0 00:00:00  -  Total Local Usage
	0  -  Run Bytes Sent By Job
	0  -  Run Bytes Received By Job
	0  -  Total Bytes Sent By Job
	0  -  Total Bytes Received By Job
	Partitionable Resources :    Usage  Request Allocated
	   Cpus                 :                 1         1
	   Disk (KB)            :        1        1  13384436
	   Memory (MB)          :       44        1      6441
...
006 (8916009.000.000) 12/11 23:27:53 Image size of job updated: 193864
	40  -  MemoryUsage of job (MB)
	40124  -  ResidentSetSize of job (KB)
...
006 (8916009.000.000) 12/11 23:32:44 Image size of job updated: 199264
	40  -  MemoryUsage of job (MB)
	40124  -  ResidentSetSize of job (KB)
...
005 (8916009.000.000) 12/11 23:32:44 Job terminated.
	(1) Normal termination (return value 0)
		Usr 0 00:04:38, Sys 0 00:00:08  -  Run Remote Usage
		Usr 0 00:00:00, Sys 0 00:00:00  -  Run Local Usage
		Usr 0 00:04:38, Sys 0 00:00:08  -  Total Remote Usage
		Usr 0 00:00:00, Sys 0 00:00:00  -  Total Local Usage
	0  -  Run Bytes Sent By Job
	0  -  Run Bytes Received By Job
	0  -  Total Bytes Sent By Job
	0  -  Total Bytes Received By Job
	Partitionable Resources :    Usage  Request Allocated
	   Cpus                 :                 1         1
	   Disk (KB)            :        1        1  16725172
	   Memory (MB)          :       40        1      4023
...
000 (8916172.000.000) 12/12 14:23:40 Job submitted from host: <10.10.48.31:12542?addrs=10.10.48.31-12542>
...
001 (8916172.000.000) 12/12 14:23:50 Job executing on host: <10.10.48.43:4900?addrs=10.10.48.43-4900>
...
006 (8916172.000.000) 12/12 14:23:58 Image size of job updated: 1
	2  -  MemoryUsage of job (MB)
	1816  -  ResidentSetSize of job (KB)
...
006 (8916172.000.000) 12/12 14:27:21 Image size of job updated: 192936
	2  -  MemoryUsage of job (MB)
	1816  -  ResidentSetSize of job (KB)
...
005 (8916172.000.000) 12/12 14:27:21 Job terminated.
	(1) Normal termination (return value 0)
		Usr 0 00:00:48, Sys 0 00:00:01  -  Run Remote Usage
		Usr 0 00:00:00, Sys 0 00:00:00  -  Run Local Usage
		Usr 0 00:00:48, Sys 0 00:00:01  -  Total Remote Usage
		Usr 0 00:00:00, Sys 0 00:00:00  -  Total Local Usage
	0  -  Run Bytes Sent By Job
	0  -  Run Bytes Received By Job
	0  -  Total Bytes Sent By Job
	0  -  Total Bytes Received By Job
	Partitionable Resources :    Usage  Request Allocated
	   Cpus                 :                 1         1
	   Disk (KB)            :        1        1  16728132
	   Memory (MB)          :        2        1      4023
...
