000 (8914238.000.000) 12/10 23:42:42 Job submitted from host: <10.10.48.31:12542?addrs=10.10.48.31-12542>
...
001 (8914238.000.000) 12/10 23:42:58 Job executing on host: <10.10.48.133:42257?addrs=10.10.48.133-42257>
...
006 (8914238.000.000) 12/10 23:42:59 Image size of job updated: 175360
	0  -  MemoryUsage of job (MB)
	0  -  ResidentSetSize of job (KB)
...
005 (8914238.000.000) 12/10 23:43:02 Job terminated.
	(1) Normal termination (return value 1)
		Usr 0 00:00:00, Sys 0 00:00:00  -  Run Remote Usage
		Usr 0 00:00:00, Sys 0 00:00:00  -  Run Local Usage
		Usr 0 00:00:00, Sys 0 00:00:00  -  Total Remote Usage
		Usr 0 00:00:00, Sys 0 00:00:00  -  Total Local Usage
	0  -  Run Bytes Sent By Job
	0  -  Run Bytes Received By Job
	0  -  Total Bytes Sent By Job
	0  -  Total Bytes Received By Job
	Partitionable Resources :    Usage  Request Allocated
	   Cpus                 :                 1         1
	   Disk (KB)            :        1        1  13386734
	   Memory (MB)          :        0        1      6441
...
000 (8914400.000.000) 12/10 23:48:53 Job submitted from host: <10.10.48.31:12542?addrs=10.10.48.31-12542>
...
001 (8914400.000.000) 12/10 23:48:56 Job executing on host: <10.10.48.41:20766?addrs=10.10.48.41-20766>
...
006 (8914400.000.000) 12/10 23:49:05 Image size of job updated: 190896
	38  -  MemoryUsage of job (MB)
	37944  -  ResidentSetSize of job (KB)
...
005 (8914400.000.000) 12/10 23:49:14 Job terminated.
	(1) Normal termination (return value 0)
		Usr 0 00:00:03, Sys 0 00:00:00  -  Run Remote Usage
		Usr 0 00:00:00, Sys 0 00:00:00  -  Run Local Usage
		Usr 0 00:00:03, Sys 0 00:00:00  -  Total Remote Usage
		Usr 0 00:00:00, Sys 0 00:00:00  -  Total Local Usage
	0  -  Run Bytes Sent By Job
	0  -  Run Bytes Received By Job
	0  -  Total Bytes Sent By Job
	0  -  Total Bytes Received By Job
	Partitionable Resources :    Usage  Request Allocated
	   Cpus                 :                 1         1
	   Disk (KB)            :        1        1  16725277
	   Memory (MB)          :       38        1      4023
...
000 (8914562.000.000) 12/11 16:48:13 Job submitted from host: <10.10.48.31:12542?addrs=10.10.48.31-12542>
...
001 (8914562.000.000) 12/11 16:48:14 Job executing on host: <10.10.48.41:20766?addrs=10.10.48.41-20766>
...
006 (8914562.000.000) 12/11 16:48:23 Image size of job updated: 28780
	3  -  MemoryUsage of job (MB)
	2172  -  ResidentSetSize of job (KB)
...
006 (8914562.000.000) 12/11 16:48:33 Image size of job updated: 192368
	3  -  MemoryUsage of job (MB)
	2172  -  ResidentSetSize of job (KB)
...
005 (8914562.000.000) 12/11 16:48:33 Job terminated.
	(1) Normal termination (return value 0)
		Usr 0 00:00:10, Sys 0 00:00:00  -  Run Remote Usage
		Usr 0 00:00:00, Sys 0 00:00:00  -  Run Local Usage
		Usr 0 00:00:10, Sys 0 00:00:00  -  Total Remote Usage
		Usr 0 00:00:00, Sys 0 00:00:00  -  Total Local Usage
	0  -  Run Bytes Sent By Job
	0  -  Run Bytes Received By Job
	0  -  Total Bytes Sent By Job
	0  -  Total Bytes Received By Job
	Partitionable Resources :    Usage  Request Allocated
	   Cpus                 :                 1         1
	   Disk (KB)            :        1        1  16725316
	   Memory (MB)          :        3        1      4023
...
000 (8915324.000.000) 12/11 17:17:42 Job submitted from host: <10.10.48.31:12542?addrs=10.10.48.31-12542>
...
001 (8915324.000.000) 12/11 17:18:01 Job executing on host: <10.10.48.42:24954?addrs=10.10.48.42-24954>
...
006 (8915324.000.000) 12/11 17:18:10 Image size of job updated: 192492
	38  -  MemoryUsage of job (MB)
	37904  -  ResidentSetSize of job (KB)
...
006 (8915324.000.000) 12/11 17:18:22 Image size of job updated: 192540
	38  -  MemoryUsage of job (MB)
	37904  -  ResidentSetSize of job (KB)
...
005 (8915324.000.000) 12/11 17:18:23 Job terminated.
	(1) Normal termination (return value 0)
		Usr 0 00:00:09, Sys 0 00:00:00  -  Run Remote Usage
		Usr 0 00:00:00, Sys 0 00:00:00  -  Run Local Usage
		Usr 0 00:00:09, Sys 0 00:00:00  -  Total Remote Usage
		Usr 0 00:00:00, Sys 0 00:00:00  -  Total Local Usage
	0  -  Run Bytes Sent By Job
	0  -  Run Bytes Received By Job
	0  -  Total Bytes Sent By Job
	0  -  Total Bytes Received By Job
	Partitionable Resources :    Usage  Request Allocated
	   Cpus                 :                 1         1
	   Disk (KB)            :        1        1  16729390
	   Memory (MB)          :       38        1      4023
...
000 (8915486.000.000) 12/11 22:46:49 Job submitted from host: <10.10.48.31:12542?addrs=10.10.48.31-12542>
...
001 (8915486.000.000) 12/11 22:46:50 Job executing on host: <10.10.48.41:20766?addrs=10.10.48.41-20766>
...
006 (8915486.000.000) 12/11 22:46:59 Image size of job updated: 113096
	15  -  MemoryUsage of job (MB)
	14508  -  ResidentSetSize of job (KB)
...
006 (8915486.000.000) 12/11 22:50:45 Image size of job updated: 192532
	15  -  MemoryUsage of job (MB)
	14508  -  ResidentSetSize of job (KB)
...
005 (8915486.000.000) 12/11 22:50:45 Job terminated.
	(1) Normal termination (return value 0)
		Usr 0 00:01:50, Sys 0 00:00:02  -  Run Remote Usage
		Usr 0 00:00:00, Sys 0 00:00:00  -  Run Local Usage
		Usr 0 00:01:50, Sys 0 00:00:02  -  Total Remote Usage
		Usr 0 00:00:00, Sys 0 00:00:00  -  Total Local Usage
	0  -  Run Bytes Sent By Job
	0  -  Run Bytes Received By Job
	0  -  Total Bytes Sent By Job
	0  -  Total Bytes Received By Job
	Partitionable Resources :    Usage  Request Allocated
	   Cpus                 :                 1         1
	   Disk (KB)            :        1        1  16725261
	   Memory (MB)          :       15        1      4023
...
000 (8915618.000.000) 12/11 22:56:56 Job submitted from host: <10.10.48.31:12542?addrs=10.10.48.31-12542>
...
001 (8915618.000.000) 12/11 22:56:57 Job executing on host: <10.10.48.41:20766?addrs=10.10.48.41-20766>
...
006 (8915618.000.000) 12/11 22:57:06 Image size of job updated: 185656
	34  -  MemoryUsage of job (MB)
	33940  -  ResidentSetSize of job (KB)
...
006 (8915618.000.000) 12/11 22:58:15 Image size of job updated: 192468
	34  -  MemoryUsage of job (MB)
	33940  -  ResidentSetSize of job (KB)
...
005 (8915618.000.000) 12/11 22:58:15 Job terminated.
	(1) Normal termination (return value 0)
		Usr 0 00:01:13, Sys 0 00:00:01  -  Run Remote Usage
		Usr 0 00:00:00, Sys 0 00:00:00  -  Run Local Usage
		Usr 0 00:01:13, Sys 0 00:00:01  -  Total Remote Usage
		Usr 0 00:00:00, Sys 0 00:00:00  -  Total Local Usage
	0  -  Run Bytes Sent By Job
	0  -  Run Bytes Received By Job
	0  -  Total Bytes Sent By Job
	0  -  Total Bytes Received By Job
	Partitionable Resources :    Usage  Request Allocated
	   Cpus                 :                 1         1
	   Disk (KB)            :        1        1  16725236
	   Memory (MB)          :       34        1      4023
...
000 (8915750.000.000) 12/11 23:08:57 Job submitted from host: <10.10.48.31:12542?addrs=10.10.48.31-12542>
...
001 (8915750.000.000) 12/11 23:09:03 Job executing on host: <10.10.48.41:20766?addrs=10.10.48.41-20766>
...
006 (8915750.000.000) 12/11 23:09:12 Image size of job updated: 193016
	39  -  MemoryUsage of job (MB)
	39364  -  ResidentSetSize of job (KB)
...
005 (8915750.000.000) 12/11 23:09:16 Job terminated.
	(1) Normal termination (return value 1)
		Usr 0 00:00:01, Sys 0 00:00:00  -  Run Remote Usage
		Usr 0 00:00:00, Sys 0 00:00:00  -  Run Local Usage
		Usr 0 00:00:01, Sys 0 00:00:00  -  Total Remote Usage
		Usr 0 00:00:00, Sys 0 00:00:00  -  Total Local Usage
	0  -  Run Bytes Sent By Job
	0  -  Run Bytes Received By Job
	0  -  Total Bytes Sent By Job
	0  -  Total Bytes Received By Job
	Partitionable Resources :    Usage  Request Allocated
	   Cpus                 :                 1         1
	   Disk (KB)            :        1        1  16725205
	   Memory (MB)          :       39        1      4023
...
000 (8915912.000.000) 12/11 23:22:19 Job submitted from host: <10.10.48.31:12542?addrs=10.10.48.31-12542>
...
001 (8915912.000.000) 12/11 23:22:21 Job executing on host: <10.10.48.41:20766?addrs=10.10.48.41-20766>
...
006 (8915912.000.000) 12/11 23:22:26 Image size of job updated: 193012
	0  -  MemoryUsage of job (MB)
	0  -  ResidentSetSize of job (KB)
...
005 (8915912.000.000) 12/11 23:22:26 Job terminated.
	(1) Normal termination (return value 0)
		Usr 0 00:00:01, Sys 0 00:00:00  -  Run Remote Usage
		Usr 0 00:00:00, Sys 0 00:00:00  -  Run Local Usage
		Usr 0 00:00:01, Sys 0 00:00:00  -  Total Remote Usage
		Usr 0 00:00:00, Sys 0 00:00:00  -  Total Local Usage
	0  -  Run Bytes Sent By Job
	0  -  Run Bytes Received By Job
	0  -  Total Bytes Sent By Job
	0  -  Total Bytes Received By Job
	Partitionable Resources :    Usage  Request Allocated
	   Cpus                 :                 1         1
	   Disk (KB)            :        1        1  16725172
	   Memory (MB)          :        0        1      4023
...
000 (8916075.000.000) 12/12 14:23:27 Job submitted from host: <10.10.48.31:12542?addrs=10.10.48.31-12542>
...
001 (8916075.000.000) 12/12 14:23:47 Job executing on host: <10.10.48.41:20766?addrs=10.10.48.41-20766>
...
006 (8916075.000.000) 12/12 14:23:56 Image size of job updated: 179440
	28  -  MemoryUsage of job (MB)
	27964  -  ResidentSetSize of job (KB)
...
006 (8916075.000.000) 12/12 14:27:59 Image size of job updated: 192868
	28  -  MemoryUsage of job (MB)
	27964  -  ResidentSetSize of job (KB)
...
005 (8916075.000.000) 12/12 14:27:59 Job terminated.
	(1) Normal termination (return value 0)
		Usr 0 00:00:55, Sys 0 00:00:01  -  Run Remote Usage
		Usr 0 00:00:00, Sys 0 00:00:00  -  Run Local Usage
		Usr 0 00:00:55, Sys 0 00:00:01  -  Total Remote Usage
		Usr 0 00:00:00, Sys 0 00:00:00  -  Total Local Usage
	0  -  Run Bytes Sent By Job
	0  -  Run Bytes Received By Job
	0  -  Total Bytes Sent By Job
	0  -  Total Bytes Received By Job
	Partitionable Resources :    Usage  Request Allocated
	   Cpus                 :                 1         1
	   Disk (KB)            :        1        1  16725187
	   Memory (MB)          :       28        1      4023
...
000 (9637120.000.000) 02/27 16:01:29 Job submitted from host: <10.10.48.31:15410?addrs=10.10.48.31-15410>
...
001 (9637120.000.000) 02/27 16:01:47 Job executing on host: <10.10.48.134:39779?addrs=10.10.48.134-39779>
...
006 (9637120.000.000) 02/27 16:01:56 Image size of job updated: 1
	2  -  MemoryUsage of job (MB)
	1864  -  ResidentSetSize of job (KB)
...
006 (9637120.000.000) 02/27 16:06:57 Image size of job updated: 185804
	34  -  MemoryUsage of job (MB)
	33832  -  ResidentSetSize of job (KB)
...
006 (9637120.000.000) 02/27 16:11:57 Image size of job updated: 190812
	42  -  MemoryUsage of job (MB)
	42124  -  ResidentSetSize of job (KB)
...
006 (9637120.000.000) 02/27 16:16:58 Image size of job updated: 191116
	42  -  MemoryUsage of job (MB)
	42172  -  ResidentSetSize of job (KB)
...
005 (9637120.000.000) 02/27 16:19:31 Job terminated.
	(1) Normal termination (return value 0)
		Usr 0 00:01:50, Sys 0 00:00:02  -  Run Remote Usage
		Usr 0 00:00:00, Sys 0 00:00:00  -  Run Local Usage
		Usr 0 00:01:50, Sys 0 00:00:02  -  Total Remote Usage
		Usr 0 00:00:00, Sys 0 00:00:00  -  Total Local Usage
	0  -  Run Bytes Sent By Job
	0  -  Run Bytes Received By Job
	0  -  Total Bytes Sent By Job
	0  -  Total Bytes Received By Job
	Partitionable Resources :    Usage  Request Allocated
	   Cpus                 :                 1         1
	   Disk (KB)            :        1        1  13381778
	   Memory (MB)          :       42        1      6441
...
000 (9643701.000.000) 02/27 20:47:06 Job submitted from host: <10.10.48.31:15410?addrs=10.10.48.31-15410>
...
001 (9643701.000.000) 02/27 20:47:15 Job executing on host: <10.10.48.143:56523?addrs=10.10.48.143-56523>
...
006 (9643701.000.000) 02/27 20:47:18 Image size of job updated: 230884
	0  -  MemoryUsage of job (MB)
	0  -  ResidentSetSize of job (KB)
...
005 (9643701.000.000) 02/27 20:47:18 Job terminated.
	(1) Normal termination (return value 0)
		Usr 0 00:00:00, Sys 0 00:00:00  -  Run Remote Usage
		Usr 0 00:00:00, Sys 0 00:00:00  -  Run Local Usage
		Usr 0 00:00:00, Sys 0 00:00:00  -  Total Remote Usage
		Usr 0 00:00:00, Sys 0 00:00:00  -  Total Local Usage
	0  -  Run Bytes Sent By Job
	0  -  Run Bytes Received By Job
	0  -  Total Bytes Sent By Job
	0  -  Total Bytes Received By Job
	Partitionable Resources :    Usage  Request Allocated
	   Cpus                 :                 1         1
	   Disk (KB)            :        1        1  13384575
	   Memory (MB)          :        0        1      6441
...
000 (9644673.000.000) 02/28 17:23:54 Job submitted from host: <10.10.48.31:15410?addrs=10.10.48.31-15410>
...
001 (9644673.000.000) 02/28 17:24:04 Job executing on host: <10.10.48.146:6748?addrs=10.10.48.146-6748>
...
006 (9644673.000.000) 02/28 17:24:13 Image size of job updated: 192412
	38  -  MemoryUsage of job (MB)
	38516  -  ResidentSetSize of job (KB)
...
006 (9644673.000.000) 02/28 17:24:46 Image size of job updated: 192452
	38  -  MemoryUsage of job (MB)
	38516  -  ResidentSetSize of job (KB)
...
005 (9644673.000.000) 02/28 17:24:47 Job terminated.
	(1) Normal termination (return value 0)
		Usr 0 00:00:20, Sys 0 00:00:00  -  Run Remote Usage
		Usr 0 00:00:00, Sys 0 00:00:00  -  Run Local Usage
		Usr 0 00:00:20, Sys 0 00:00:00  -  Total Remote Usage
		Usr 0 00:00:00, Sys 0 00:00:00  -  Total Local Usage
	0  -  Run Bytes Sent By Job
	0  -  Run Bytes Received By Job
	0  -  Total Bytes Sent By Job
	0  -  Total Bytes Received By Job
	Partitionable Resources :    Usage  Request Allocated
	   Cpus                 :                 1         1
	   Disk (KB)            :        1        1  13350169
	   Memory (MB)          :       38        1      6441
...
000 (9648229.000.000) 03/01 14:17:12 Job submitted from host: <10.10.48.31:15410?addrs=10.10.48.31-15410>
...
001 (9648229.000.000) 03/01 14:17:25 Job executing on host: <10.10.48.132:26471?addrs=10.10.48.132-26471>
...
006 (9648229.000.000) 03/01 14:17:27 Image size of job updated: 249296
	0  -  MemoryUsage of job (MB)
	0  -  ResidentSetSize of job (KB)
...
005 (9648229.000.000) 03/01 14:17:27 Job terminated.
	(1) Normal termination (return value 3)
		Usr 0 00:00:00, Sys 0 00:00:00  -  Run Remote Usage
		Usr 0 00:00:00, Sys 0 00:00:00  -  Run Local Usage
		Usr 0 00:00:00, Sys 0 00:00:00  -  Total Remote Usage
		Usr 0 00:00:00, Sys 0 00:00:00  -  Total Local Usage
	0  -  Run Bytes Sent By Job
	0  -  Run Bytes Received By Job
	0  -  Total Bytes Sent By Job
	0  -  Total Bytes Received By Job
	Partitionable Resources :    Usage  Request Allocated
	   Cpus                 :                 1         1
	   Disk (KB)            :        1        1  13383920
	   Memory (MB)          :        0        1      6441
...
