000 (9637421.000.000) 02/27 16:07:43 Job submitted from host: <10.10.48.31:15410?addrs=10.10.48.31-15410>
...
001 (9637421.000.000) 02/27 16:07:45 Job executing on host: <10.10.48.131:46415?addrs=10.10.48.131-46415>
...
006 (9637421.000.000) 02/27 16:07:54 Image size of job updated: 176148
	29  -  MemoryUsage of job (MB)
	28884  -  ResidentSetSize of job (KB)
...
006 (9637421.000.000) 02/27 16:12:55 Image size of job updated: 192412
	38  -  MemoryUsage of job (MB)
	37892  -  ResidentSetSize of job (KB)
...
005 (9637421.000.000) 02/27 16:13:43 Job terminated.
	(1) Normal termination (return value 0)
		Usr 0 00:00:03, Sys 0 00:00:00  -  Run Remote Usage
		Usr 0 00:00:00, Sys 0 00:00:00  -  Run Local Usage
		Usr 0 00:00:03, Sys 0 00:00:00  -  Total Remote Usage
		Usr 0 00:00:00, Sys 0 00:00:00  -  Total Local Usage
	0  -  Run Bytes Sent By Job
	0  -  Run Bytes Received By Job
	0  -  Total Bytes Sent By Job
	0  -  Total Bytes Received By Job
	Partitionable Resources :    Usage  Request Allocated
	   Cpus                 :                 1         1
	   Disk (KB)            :        1        1  13376824
	   Memory (MB)          :       38        1      6441
...
000 (9643910.000.000) 02/27 20:47:40 Job submitted from host: <10.10.48.31:15410?addrs=10.10.48.31-15410>
...
001 (9643910.000.000) 02/27 20:47:41 Job executing on host: <10.10.48.143:56523?addrs=10.10.48.143-56523>
...
006 (9643910.000.000) 02/27 20:47:42 Image size of job updated: 252484
	0  -  MemoryUsage of job (MB)
	0  -  ResidentSetSize of job (KB)
...
005 (9643910.000.000) 02/27 20:47:42 Job terminated.
	(1) Normal termination (return value 0)
		Usr 0 00:00:00, Sys 0 00:00:00  -  Run Remote Usage
		Usr 0 00:00:00, Sys 0 00:00:00  -  Run Local Usage
		Usr 0 00:00:00, Sys 0 00:00:00  -  Total Remote Usage
		Usr 0 00:00:00, Sys 0 00:00:00  -  Total Local Usage
	0  -  Run Bytes Sent By Job
	0  -  Run Bytes Received By Job
	0  -  Total Bytes Sent By Job
	0  -  Total Bytes Received By Job
	Partitionable Resources :    Usage  Request Allocated
	   Cpus                 :                 1         1
	   Disk (KB)            :        1        1  13384575
	   Memory (MB)          :        0        1      6441
...
