000 (9637359.000.000) 02/27 16:05:46 Job submitted from host: <10.10.48.31:15410?addrs=10.10.48.31-15410>
...
001 (9637359.000.000) 02/27 16:05:50 Job executing on host: <10.10.48.45:40029?addrs=10.10.48.45-40029>
...
006 (9637359.000.000) 02/27 16:05:59 Image size of job updated: 1
	2  -  MemoryUsage of job (MB)
	1816  -  ResidentSetSize of job (KB)
...
006 (9637359.000.000) 02/27 16:11:00 Image size of job updated: 192536
	42  -  MemoryUsage of job (MB)
	42728  -  ResidentSetSize of job (KB)
...
006 (9637359.000.000) 02/27 16:15:30 Image size of job updated: 192644
	42  -  MemoryUsage of job (MB)
	42728  -  ResidentSetSize of job (KB)
...
005 (9637359.000.000) 02/27 16:15:30 Job terminated.
	(1) Normal termination (return value 0)
		Usr 0 00:01:09, Sys 0 00:00:01  -  Run Remote Usage
		Usr 0 00:00:00, Sys 0 00:00:00  -  Run Local Usage
		Usr 0 00:01:09, Sys 0 00:00:01  -  Total Remote Usage
		Usr 0 00:00:00, Sys 0 00:00:00  -  Total Local Usage
	0  -  Run Bytes Sent By Job
	0  -  Run Bytes Received By Job
	0  -  Total Bytes Sent By Job
	0  -  Total Bytes Received By Job
	Partitionable Resources :    Usage  Request Allocated
	   Cpus                 :                 1         1
	   Disk (KB)            :        1        1  16195855
	   Memory (MB)          :       42        1      4023
...
000 (9643886.000.000) 02/27 20:47:36 Job submitted from host: <10.10.48.31:15410?addrs=10.10.48.31-15410>
...
001 (9643886.000.000) 02/27 20:47:37 Job executing on host: <10.10.48.140:16345?addrs=10.10.48.140-16345>
...
006 (9643886.000.000) 02/27 20:47:38 Image size of job updated: 252264
	0  -  MemoryUsage of job (MB)
	0  -  ResidentSetSize of job (KB)
...
005 (9643886.000.000) 02/27 20:47:38 Job terminated.
	(1) Normal termination (return value 5)
		Usr 0 00:00:00, Sys 0 00:00:00  -  Run Remote Usage
		Usr 0 00:00:00, Sys 0 00:00:00  -  Run Local Usage
		Usr 0 00:00:00, Sys 0 00:00:00  -  Total Remote Usage
		Usr 0 00:00:00, Sys 0 00:00:00  -  Total Local Usage
	0  -  Run Bytes Sent By Job
	0  -  Run Bytes Received By Job
	0  -  Total Bytes Sent By Job
	0  -  Total Bytes Received By Job
	Partitionable Resources :    Usage  Request Allocated
	   Cpus                 :                 1         1
	   Disk (KB)            :        1        1  13384715
	   Memory (MB)          :        0        1      6441
...
