000 (8914257.000.000) 12/10 23:42:44 Job submitted from host: <10.10.48.31:12542?addrs=10.10.48.31-12542>
...
001 (8914257.000.000) 12/10 23:42:53 Job executing on host: <10.10.48.138:10254?addrs=10.10.48.138-10254>
...
006 (8914257.000.000) 12/10 23:42:54 Image size of job updated: 122168
	0  -  MemoryUsage of job (MB)
	0  -  ResidentSetSize of job (KB)
...
005 (8914257.000.000) 12/10 23:42:54 Job terminated.
	(1) Normal termination (return value 1)
		Usr 0 00:00:00, Sys 0 00:00:00  -  Run Remote Usage
		Usr 0 00:00:00, Sys 0 00:00:00  -  Run Local Usage
		Usr 0 00:00:00, Sys 0 00:00:00  -  Total Remote Usage
		Usr 0 00:00:00, Sys 0 00:00:00  -  Total Local Usage
	0  -  Run Bytes Sent By Job
	0  -  Run Bytes Received By Job
	0  -  Total Bytes Sent By Job
	0  -  Total Bytes Received By Job
	Partitionable Resources :    Usage  Request Allocated
	   Cpus                 :                 1         1
	   Disk (KB)            :        1        1  13380614
	   Memory (MB)          :        0        1      6441
...
000 (8914419.000.000) 12/10 23:48:57 Job submitted from host: <10.10.48.31:12542?addrs=10.10.48.31-12542>
...
001 (8914419.000.000) 12/10 23:49:58 Job executing on host: <10.10.48.35:61041?addrs=10.10.48.35-61041>
...
006 (8914419.000.000) 12/10 23:50:06 Image size of job updated: 185600
	34  -  MemoryUsage of job (MB)
	34004  -  ResidentSetSize of job (KB)
...
006 (8914419.000.000) 12/10 23:53:26 Image size of job updated: 192504
	34  -  MemoryUsage of job (MB)
	34004  -  ResidentSetSize of job (KB)
...
005 (8914419.000.000) 12/10 23:53:26 Job terminated.
	(1) Normal termination (return value 0)
		Usr 0 00:01:37, Sys 0 00:00:01  -  Run Remote Usage
		Usr 0 00:00:00, Sys 0 00:00:00  -  Run Local Usage
		Usr 0 00:01:37, Sys 0 00:00:01  -  Total Remote Usage
		Usr 0 00:00:00, Sys 0 00:00:00  -  Total Local Usage
	0  -  Run Bytes Sent By Job
	0  -  Run Bytes Received By Job
	0  -  Total Bytes Sent By Job
	0  -  Total Bytes Received By Job
	Partitionable Resources :    Usage  Request Allocated
	   Cpus                 :                 1         1
	   Disk (KB)            :        1        1  16721129
	   Memory (MB)          :       34        1      4023
...
000 (8914581.000.000) 12/11 16:48:16 Job submitted from host: <10.10.48.31:12542?addrs=10.10.48.31-12542>
...
001 (8914581.000.000) 12/11 16:48:36 Job executing on host: <10.10.48.141:50603?addrs=10.10.48.141-50603>
...
006 (8914581.000.000) 12/11 16:48:45 Image size of job updated: 185872
	32  -  MemoryUsage of job (MB)
	32352  -  ResidentSetSize of job (KB)
...
006 (8914581.000.000) 12/11 16:53:04 Image size of job updated: 192632
	32  -  MemoryUsage of job (MB)
	32352  -  ResidentSetSize of job (KB)
...
005 (8914581.000.000) 12/11 16:53:04 Job terminated.
	(1) Normal termination (return value 0)
		Usr 0 00:01:52, Sys 0 00:00:01  -  Run Remote Usage
		Usr 0 00:00:00, Sys 0 00:00:00  -  Run Local Usage
		Usr 0 00:01:52, Sys 0 00:00:01  -  Total Remote Usage
		Usr 0 00:00:00, Sys 0 00:00:00  -  Total Local Usage
	0  -  Run Bytes Sent By Job
	0  -  Run Bytes Received By Job
	0  -  Total Bytes Sent By Job
	0  -  Total Bytes Received By Job
	Partitionable Resources :    Usage  Request Allocated
	   Cpus                 :                 1         1
	   Disk (KB)            :        1        1  13376623
	   Memory (MB)          :       32        1      6441
...
000 (8915343.000.000) 12/11 17:17:46 Job submitted from host: <10.10.48.31:12542?addrs=10.10.48.31-12542>
...
001 (8915343.000.000) 12/11 17:18:39 Job executing on host: <10.10.48.42:24954?addrs=10.10.48.42-24954>
...
006 (8915343.000.000) 12/11 17:18:48 Image size of job updated: 192556
	40  -  MemoryUsage of job (MB)
	40112  -  ResidentSetSize of job (KB)
...
006 (8915343.000.000) 12/11 17:20:14 Image size of job updated: 192576
	40  -  MemoryUsage of job (MB)
	40112  -  ResidentSetSize of job (KB)
...
005 (8915343.000.000) 12/11 17:20:14 Job terminated.
	(1) Normal termination (return value 0)
		Usr 0 00:01:17, Sys 0 00:00:01  -  Run Remote Usage
		Usr 0 00:00:00, Sys 0 00:00:00  -  Run Local Usage
		Usr 0 00:01:17, Sys 0 00:00:01  -  Total Remote Usage
		Usr 0 00:00:00, Sys 0 00:00:00  -  Total Local Usage
	0  -  Run Bytes Sent By Job
	0  -  Run Bytes Received By Job
	0  -  Total Bytes Sent By Job
	0  -  Total Bytes Received By Job
	Partitionable Resources :    Usage  Request Allocated
	   Cpus                 :                 1         1
	   Disk (KB)            :        1        1  16729390
	   Memory (MB)          :       40        1      4023
...
000 (8915505.000.000) 12/11 22:46:52 Job submitted from host: <10.10.48.31:12542?addrs=10.10.48.31-12542>
...
001 (8915505.000.000) 12/11 22:47:11 Job executing on host: <10.10.48.141:50603?addrs=10.10.48.141-50603>
...
006 (8915505.000.000) 12/11 22:47:20 Image size of job updated: 185868
	32  -  MemoryUsage of job (MB)
	32644  -  ResidentSetSize of job (KB)
...
006 (8915505.000.000) 12/11 22:51:21 Image size of job updated: 193076
	32  -  MemoryUsage of job (MB)
	32644  -  ResidentSetSize of job (KB)
...
005 (8915505.000.000) 12/11 22:51:21 Job terminated.
	(1) Normal termination (return value 0)
		Usr 0 00:01:58, Sys 0 00:00:01  -  Run Remote Usage
		Usr 0 00:00:00, Sys 0 00:00:00  -  Run Local Usage
		Usr 0 00:01:58, Sys 0 00:00:01  -  Total Remote Usage
		Usr 0 00:00:00, Sys 0 00:00:00  -  Total Local Usage
	0  -  Run Bytes Sent By Job
	0  -  Run Bytes Received By Job
	0  -  Total Bytes Sent By Job
	0  -  Total Bytes Received By Job
	Partitionable Resources :    Usage  Request Allocated
	   Cpus                 :                 1         1
	   Disk (KB)            :        1        1  13376574
	   Memory (MB)          :       32        1      6441
...
000 (8915637.000.000) 12/11 22:56:58 Job submitted from host: <10.10.48.31:12542?addrs=10.10.48.31-12542>
...
001 (8915637.000.000) 12/11 22:57:18 Job executing on host: <10.10.48.141:50603?addrs=10.10.48.141-50603>
...
006 (8915637.000.000) 12/11 22:57:27 Image size of job updated: 190912
	39  -  MemoryUsage of job (MB)
	39600  -  ResidentSetSize of job (KB)
...
006 (8915637.000.000) 12/11 22:58:40 Image size of job updated: 192668
	39  -  MemoryUsage of job (MB)
	39600  -  ResidentSetSize of job (KB)
...
005 (8915637.000.000) 12/11 22:58:40 Job terminated.
	(1) Normal termination (return value 0)
		Usr 0 00:01:19, Sys 0 00:00:01  -  Run Remote Usage
		Usr 0 00:00:00, Sys 0 00:00:00  -  Run Local Usage
		Usr 0 00:01:19, Sys 0 00:00:01  -  Total Remote Usage
		Usr 0 00:00:00, Sys 0 00:00:00  -  Total Local Usage
	0  -  Run Bytes Sent By Job
	0  -  Run Bytes Received By Job
	0  -  Total Bytes Sent By Job
	0  -  Total Bytes Received By Job
	Partitionable Resources :    Usage  Request Allocated
	   Cpus                 :                 1         1
	   Disk (KB)            :        1        1  13376548
	   Memory (MB)          :       39        1      6441
...
000 (8915769.000.000) 12/11 23:08:59 Job submitted from host: <10.10.48.31:12542?addrs=10.10.48.31-12542>
...
001 (8915769.000.000) 12/11 23:09:04 Job executing on host: <10.10.48.141:50603?addrs=10.10.48.141-50603>
...
006 (8915769.000.000) 12/11 23:09:12 Image size of job updated: 185204
	32  -  MemoryUsage of job (MB)
	31916  -  ResidentSetSize of job (KB)
...
006 (8915769.000.000) 12/11 23:11:47 Image size of job updated: 193052
	32  -  MemoryUsage of job (MB)
	31916  -  ResidentSetSize of job (KB)
...
005 (8915769.000.000) 12/11 23:11:47 Job terminated.
	(1) Normal termination (return value 1)
		Usr 0 00:00:46, Sys 0 00:00:01  -  Run Remote Usage
		Usr 0 00:00:00, Sys 0 00:00:00  -  Run Local Usage
		Usr 0 00:00:46, Sys 0 00:00:01  -  Total Remote Usage
		Usr 0 00:00:00, Sys 0 00:00:00  -  Total Local Usage
	0  -  Run Bytes Sent By Job
	0  -  Run Bytes Received By Job
	0  -  Total Bytes Sent By Job
	0  -  Total Bytes Received By Job
	Partitionable Resources :    Usage  Request Allocated
	   Cpus                 :                 1         1
	   Disk (KB)            :        1        1  13376523
	   Memory (MB)          :       32        1      6441
...
000 (8915931.000.000) 12/11 23:22:21 Job submitted from host: <10.10.48.31:12542?addrs=10.10.48.31-12542>
...
001 (8915931.000.000) 12/11 23:22:40 Job executing on host: <10.10.48.41:20766?addrs=10.10.48.41-20766>
...
006 (8915931.000.000) 12/11 23:22:48 Image size of job updated: 192856
	37  -  MemoryUsage of job (MB)
	37168  -  ResidentSetSize of job (KB)
...
006 (8915931.000.000) 12/11 23:26:04 Image size of job updated: 193004
	37  -  MemoryUsage of job (MB)
	37168  -  ResidentSetSize of job (KB)
...
005 (8915931.000.000) 12/11 23:26:04 Job terminated.
	(1) Normal termination (return value 0)
		Usr 0 00:00:42, Sys 0 00:00:01  -  Run Remote Usage
		Usr 0 00:00:00, Sys 0 00:00:00  -  Run Local Usage
		Usr 0 00:00:42, Sys 0 00:00:01  -  Total Remote Usage
		Usr 0 00:00:00, Sys 0 00:00:00  -  Total Local Usage
	0  -  Run Bytes Sent By Job
	0  -  Run Bytes Received By Job
	0  -  Total Bytes Sent By Job
	0  -  Total Bytes Received By Job
	Partitionable Resources :    Usage  Request Allocated
	   Cpus                 :                 1         1
	   Disk (KB)            :        1        1  16725172
	   Memory (MB)          :       37        1      4023
...
000 (8916094.000.000) 12/12 14:23:29 Job submitted from host: <10.10.48.31:12542?addrs=10.10.48.31-12542>
...
001 (8916094.000.000) 12/12 14:23:48 Job executing on host: <10.10.48.141:50603?addrs=10.10.48.141-50603>
...
006 (8916094.000.000) 12/12 14:23:57 Image size of job updated: 182688
	30  -  MemoryUsage of job (MB)
	30540  -  ResidentSetSize of job (KB)
...
006 (8916094.000.000) 12/12 14:28:09 Image size of job updated: 193000
	30  -  MemoryUsage of job (MB)
	30540  -  ResidentSetSize of job (KB)
...
005 (8916094.000.000) 12/12 14:28:09 Job terminated.
	(1) Normal termination (return value 0)
		Usr 0 00:00:51, Sys 0 00:00:01  -  Run Remote Usage
		Usr 0 00:00:00, Sys 0 00:00:00  -  Run Local Usage
		Usr 0 00:00:51, Sys 0 00:00:01  -  Total Remote Usage
		Usr 0 00:00:00, Sys 0 00:00:00  -  Total Local Usage
	0  -  Run Bytes Sent By Job
	0  -  Run Bytes Received By Job
	0  -  Total Bytes Sent By Job
	0  -  Total Bytes Received By Job
	Partitionable Resources :    Usage  Request Allocated
	   Cpus                 :                 1         1
	   Disk (KB)            :        1        1  13376559
	   Memory (MB)          :       30        1      6441
...
