000 (8914320.000.000) 12/10 23:42:56 Job submitted from host: <10.10.48.31:12542?addrs=10.10.48.31-12542>
...
001 (8914320.000.000) 12/10 23:43:05 Job executing on host: <10.10.48.133:42257?addrs=10.10.48.133-42257>
...
006 (8914320.000.000) 12/10 23:43:05 Image size of job updated: 172796
	0  -  MemoryUsage of job (MB)
	0  -  ResidentSetSize of job (KB)
...
005 (8914320.000.000) 12/10 23:43:06 Job terminated.
	(1) Normal termination (return value 1)
		Usr 0 00:00:00, Sys 0 00:00:00  -  Run Remote Usage
		Usr 0 00:00:00, Sys 0 00:00:00  -  Run Local Usage
		Usr 0 00:00:00, Sys 0 00:00:00  -  Total Remote Usage
		Usr 0 00:00:00, Sys 0 00:00:00  -  Total Local Usage
	0  -  Run Bytes Sent By Job
	0  -  Run Bytes Received By Job
	0  -  Total Bytes Sent By Job
	0  -  Total Bytes Received By Job
	Partitionable Resources :    Usage  Request Allocated
	   Cpus                 :                 1         1
	   Disk (KB)            :        1        1  13386734
	   Memory (MB)          :        0        1      6441
...
000 (8914482.000.000) 12/10 23:49:06 Job submitted from host: <10.10.48.31:12542?addrs=10.10.48.31-12542>
...
001 (8914482.000.000) 12/10 23:49:19 Job executing on host: <10.10.48.41:20766?addrs=10.10.48.41-20766>
...
006 (8914482.000.000) 12/10 23:49:28 Image size of job updated: 180384
	30  -  MemoryUsage of job (MB)
	30684  -  ResidentSetSize of job (KB)
...
006 (8914482.000.000) 12/10 23:54:29 Image size of job updated: 193208
	41  -  MemoryUsage of job (MB)
	41252  -  ResidentSetSize of job (KB)
...
005 (8914482.000.000) 12/10 23:54:38 Job terminated.
	(1) Normal termination (return value 0)
		Usr 0 00:02:50, Sys 0 00:00:03  -  Run Remote Usage
		Usr 0 00:00:00, Sys 0 00:00:00  -  Run Local Usage
		Usr 0 00:02:50, Sys 0 00:00:03  -  Total Remote Usage
		Usr 0 00:00:00, Sys 0 00:00:00  -  Total Local Usage
	0  -  Run Bytes Sent By Job
	0  -  Run Bytes Received By Job
	0  -  Total Bytes Sent By Job
	0  -  Total Bytes Received By Job
	Partitionable Resources :    Usage  Request Allocated
	   Cpus                 :                 1         1
	   Disk (KB)            :        1        1  16725276
	   Memory (MB)          :       41        1      4023
...
000 (8914644.000.000) 12/11 16:48:24 Job submitted from host: <10.10.48.31:12542?addrs=10.10.48.31-12542>
...
001 (8914644.000.000) 12/11 16:48:39 Job executing on host: <10.10.48.145:26377?addrs=10.10.48.145-26377>
...
006 (8914644.000.000) 12/11 16:48:47 Image size of job updated: 186020
	34  -  MemoryUsage of job (MB)
	34344  -  ResidentSetSize of job (KB)
...
006 (8914644.000.000) 12/11 16:53:47 Image size of job updated: 192660
	41  -  MemoryUsage of job (MB)
	40988  -  ResidentSetSize of job (KB)
...
006 (8914644.000.000) 12/11 16:54:30 Image size of job updated: 193152
	41  -  MemoryUsage of job (MB)
	40988  -  ResidentSetSize of job (KB)
...
005 (8914644.000.000) 12/11 16:54:30 Job terminated.
	(1) Normal termination (return value 0)
		Usr 0 00:03:12, Sys 0 00:00:03  -  Run Remote Usage
		Usr 0 00:00:00, Sys 0 00:00:00  -  Run Local Usage
		Usr 0 00:03:12, Sys 0 00:00:03  -  Total Remote Usage
		Usr 0 00:00:00, Sys 0 00:00:00  -  Total Local Usage
	0  -  Run Bytes Sent By Job
	0  -  Run Bytes Received By Job
	0  -  Total Bytes Sent By Job
	0  -  Total Bytes Received By Job
	Partitionable Resources :    Usage  Request Allocated
	   Cpus                 :                 1         1
	   Disk (KB)            :        1        1  13384492
	   Memory (MB)          :       41        1      6441
...
000 (8915406.000.000) 12/11 17:17:54 Job submitted from host: <10.10.48.31:12542?addrs=10.10.48.31-12542>
...
001 (8915406.000.000) 12/11 17:18:05 Job executing on host: <10.10.48.135:49492?addrs=10.10.48.135-49492>
...
006 (8915406.000.000) 12/11 17:18:14 Image size of job updated: 185888
	34  -  MemoryUsage of job (MB)
	34356  -  ResidentSetSize of job (KB)
...
006 (8915406.000.000) 12/11 17:21:25 Image size of job updated: 200248
	34  -  MemoryUsage of job (MB)
	34356  -  ResidentSetSize of job (KB)
...
005 (8915406.000.000) 12/11 17:21:25 Job terminated.
	(1) Normal termination (return value 0)
		Usr 0 00:02:49, Sys 0 00:00:02  -  Run Remote Usage
		Usr 0 00:00:00, Sys 0 00:00:00  -  Run Local Usage
		Usr 0 00:02:49, Sys 0 00:00:02  -  Total Remote Usage
		Usr 0 00:00:00, Sys 0 00:00:00  -  Total Local Usage
	0  -  Run Bytes Sent By Job
	0  -  Run Bytes Received By Job
	0  -  Total Bytes Sent By Job
	0  -  Total Bytes Received By Job
	Partitionable Resources :    Usage  Request Allocated
	   Cpus                 :                 1         1
	   Disk (KB)            :        1        1  13377146
	   Memory (MB)          :       34        1      6441
...
000 (8915568.000.000) 12/11 22:47:00 Job submitted from host: <10.10.48.31:12542?addrs=10.10.48.31-12542>
...
001 (8915568.000.000) 12/11 22:47:13 Job executing on host: <10.10.48.145:26377?addrs=10.10.48.145-26377>
...
006 (8915568.000.000) 12/11 22:47:22 Image size of job updated: 180380
	29  -  MemoryUsage of job (MB)
	28960  -  ResidentSetSize of job (KB)
...
006 (8915568.000.000) 12/11 22:50:12 Image size of job updated: 192536
	29  -  MemoryUsage of job (MB)
	28960  -  ResidentSetSize of job (KB)
...
005 (8915568.000.000) 12/11 22:50:12 Job terminated.
	(1) Normal termination (return value 0)
		Usr 0 00:01:24, Sys 0 00:00:01  -  Run Remote Usage
		Usr 0 00:00:00, Sys 0 00:00:00  -  Run Local Usage
		Usr 0 00:01:24, Sys 0 00:00:01  -  Total Remote Usage
		Usr 0 00:00:00, Sys 0 00:00:00  -  Total Local Usage
	0  -  Run Bytes Sent By Job
	0  -  Run Bytes Received By Job
	0  -  Total Bytes Sent By Job
	0  -  Total Bytes Received By Job
	Partitionable Resources :    Usage  Request Allocated
	   Cpus                 :                 1         1
	   Disk (KB)            :        1        1  13384482
	   Memory (MB)          :       29        1      6441
...
000 (8915700.000.000) 12/11 22:57:21 Job submitted from host: <10.10.48.31:12542?addrs=10.10.48.31-12542>
...
001 (8915700.000.000) 12/11 22:57:25 Job executing on host: <10.10.48.41:20766?addrs=10.10.48.41-20766>
...
006 (8915700.000.000) 12/11 22:57:33 Image size of job updated: 192452
	38  -  MemoryUsage of job (MB)
	38580  -  ResidentSetSize of job (KB)
...
006 (8915700.000.000) 12/11 22:58:58 Image size of job updated: 193656
	38  -  MemoryUsage of job (MB)
	38580  -  ResidentSetSize of job (KB)
...
005 (8915700.000.000) 12/11 22:58:58 Job terminated.
	(1) Normal termination (return value 0)
		Usr 0 00:01:03, Sys 0 00:00:01  -  Run Remote Usage
		Usr 0 00:00:00, Sys 0 00:00:00  -  Run Local Usage
		Usr 0 00:01:03, Sys 0 00:00:01  -  Total Remote Usage
		Usr 0 00:00:00, Sys 0 00:00:00  -  Total Local Usage
	0  -  Run Bytes Sent By Job
	0  -  Run Bytes Received By Job
	0  -  Total Bytes Sent By Job
	0  -  Total Bytes Received By Job
	Partitionable Resources :    Usage  Request Allocated
	   Cpus                 :                 1         1
	   Disk (KB)            :        1        1  16725236
	   Memory (MB)          :       38        1      4023
...
000 (8915832.000.000) 12/11 23:09:09 Job submitted from host: <10.10.48.31:12542?addrs=10.10.48.31-12542>
...
001 (8915832.000.000) 12/11 23:09:24 Job executing on host: <10.10.48.145:26377?addrs=10.10.48.145-26377>
...
006 (8915832.000.000) 12/11 23:09:33 Image size of job updated: 185288
	34  -  MemoryUsage of job (MB)
	33804  -  ResidentSetSize of job (KB)
...
006 (8915832.000.000) 12/11 23:14:34 Image size of job updated: 193692
	41  -  MemoryUsage of job (MB)
	41488  -  ResidentSetSize of job (KB)
...
005 (8915832.000.000) 12/11 23:16:16 Job terminated.
	(1) Normal termination (return value 1)
		Usr 0 00:01:17, Sys 0 00:00:02  -  Run Remote Usage
		Usr 0 00:00:00, Sys 0 00:00:00  -  Run Local Usage
		Usr 0 00:01:17, Sys 0 00:00:02  -  Total Remote Usage
		Usr 0 00:00:00, Sys 0 00:00:00  -  Total Local Usage
	0  -  Run Bytes Sent By Job
	0  -  Run Bytes Received By Job
	0  -  Total Bytes Sent By Job
	0  -  Total Bytes Received By Job
	Partitionable Resources :    Usage  Request Allocated
	   Cpus                 :                 1         1
	   Disk (KB)            :        1        1  13384436
	   Memory (MB)          :       41        1      6441
...
000 (8915994.000.000) 12/11 23:22:29 Job submitted from host: <10.10.48.31:12542?addrs=10.10.48.31-12542>
...
001 (8915994.000.000) 12/11 23:22:44 Job executing on host: <10.10.48.145:26377?addrs=10.10.48.145-26377>
...
006 (8915994.000.000) 12/11 23:22:53 Image size of job updated: 193084
	37  -  MemoryUsage of job (MB)
	37500  -  ResidentSetSize of job (KB)
...
006 (8915994.000.000) 12/11 23:23:57 Image size of job updated: 193644
	37  -  MemoryUsage of job (MB)
	37500  -  ResidentSetSize of job (KB)
...
005 (8915994.000.000) 12/11 23:23:57 Job terminated.
	(1) Normal termination (return value 0)
		Usr 0 00:00:46, Sys 0 00:00:00  -  Run Remote Usage
		Usr 0 00:00:00, Sys 0 00:00:00  -  Run Local Usage
		Usr 0 00:00:46, Sys 0 00:00:00  -  Total Remote Usage
		Usr 0 00:00:00, Sys 0 00:00:00  -  Total Local Usage
	0  -  Run Bytes Sent By Job
	0  -  Run Bytes Received By Job
	0  -  Total Bytes Sent By Job
	0  -  Total Bytes Received By Job
	Partitionable Resources :    Usage  Request Allocated
	   Cpus                 :                 1         1
	   Disk (KB)            :        1        1  13384457
	   Memory (MB)          :       37        1      6441
...
000 (8916157.000.000) 12/12 14:23:37 Job submitted from host: <10.10.48.31:12542?addrs=10.10.48.31-12542>
...
001 (8916157.000.000) 12/12 14:23:51 Job executing on host: <10.10.48.145:26377?addrs=10.10.48.145-26377>
...
006 (8916157.000.000) 12/12 14:23:59 Image size of job updated: 179440
	29  -  MemoryUsage of job (MB)
	29592  -  ResidentSetSize of job (KB)
...
006 (8916157.000.000) 12/12 14:27:02 Image size of job updated: 231372
	29  -  MemoryUsage of job (MB)
	29592  -  ResidentSetSize of job (KB)
...
005 (8916157.000.000) 12/12 14:27:02 Job terminated.
	(1) Normal termination (return value 0)
		Usr 0 00:00:34, Sys 0 00:00:00  -  Run Remote Usage
		Usr 0 00:00:00, Sys 0 00:00:00  -  Run Local Usage
		Usr 0 00:00:34, Sys 0 00:00:00  -  Total Remote Usage
		Usr 0 00:00:00, Sys 0 00:00:00  -  Total Local Usage
	0  -  Run Bytes Sent By Job
	0  -  Run Bytes Received By Job
	0  -  Total Bytes Sent By Job
	0  -  Total Bytes Received By Job
	Partitionable Resources :    Usage  Request Allocated
	   Cpus                 :                 1         1
	   Disk (KB)            :        1        1  13384493
	   Memory (MB)          :       29        1      6441
...
000 (9637202.000.000) 02/27 16:01:39 Job submitted from host: <10.10.48.31:15410?addrs=10.10.48.31-15410>
...
001 (9637202.000.000) 02/27 16:01:50 Job executing on host: <10.10.48.45:40029?addrs=10.10.48.45-40029>
...
006 (9637202.000.000) 02/27 16:01:58 Image size of job updated: 176152
	30  -  MemoryUsage of job (MB)
	30200  -  ResidentSetSize of job (KB)
...
006 (9637202.000.000) 02/27 16:03:54 Image size of job updated: 185864
	30  -  MemoryUsage of job (MB)
	30200  -  ResidentSetSize of job (KB)
...
005 (9637202.000.000) 02/27 16:03:54 Job terminated.
	(1) Normal termination (return value 255)
		Usr 0 00:00:00, Sys 0 00:00:00  -  Run Remote Usage
		Usr 0 00:00:00, Sys 0 00:00:00  -  Run Local Usage
		Usr 0 00:00:00, Sys 0 00:00:00  -  Total Remote Usage
		Usr 0 00:00:00, Sys 0 00:00:00  -  Total Local Usage
	0  -  Run Bytes Sent By Job
	0  -  Run Bytes Received By Job
	0  -  Total Bytes Sent By Job
	0  -  Total Bytes Received By Job
	Partitionable Resources :    Usage  Request Allocated
	   Cpus                 :                 1         1
	   Disk (KB)            :        1        1  16195855
	   Memory (MB)          :       30        1      4023
...
000 (9643783.000.000) 02/27 20:47:18 Job submitted from host: <10.10.48.31:15410?addrs=10.10.48.31-15410>
...
001 (9643783.000.000) 02/27 20:47:20 Job executing on host: <10.10.48.143:56523?addrs=10.10.48.143-56523>
...
006 (9643783.000.000) 02/27 20:47:21 Image size of job updated: 252260
	0  -  MemoryUsage of job (MB)
	0  -  ResidentSetSize of job (KB)
...
005 (9643783.000.000) 02/27 20:47:21 Job terminated.
	(1) Normal termination (return value 12)
		Usr 0 00:00:00, Sys 0 00:00:00  -  Run Remote Usage
		Usr 0 00:00:00, Sys 0 00:00:00  -  Run Local Usage
		Usr 0 00:00:00, Sys 0 00:00:00  -  Total Remote Usage
		Usr 0 00:00:00, Sys 0 00:00:00  -  Total Local Usage
	0  -  Run Bytes Sent By Job
	0  -  Run Bytes Received By Job
	0  -  Total Bytes Sent By Job
	0  -  Total Bytes Received By Job
	Partitionable Resources :    Usage  Request Allocated
	   Cpus                 :                 1         1
	   Disk (KB)            :        1        1  13384575
	   Memory (MB)          :        0        1      6441
...
