000 (8914379.000.000) 12/10 23:43:08 Job submitted from host: <10.10.48.31:12542?addrs=10.10.48.31-12542>
...
001 (8914379.000.000) 12/10 23:44:16 Job executing on host: <10.10.48.41:20766?addrs=10.10.48.41-20766>
...
006 (8914379.000.000) 12/10 23:44:16 Image size of job updated: 175912
	0  -  MemoryUsage of job (MB)
	0  -  ResidentSetSize of job (KB)
...
005 (8914379.000.000) 12/10 23:44:16 Job terminated.
	(1) Normal termination (return value 1)
		Usr 0 00:00:00, Sys 0 00:00:00  -  Run Remote Usage
		Usr 0 00:00:00, Sys 0 00:00:00  -  Run Local Usage
		Usr 0 00:00:00, Sys 0 00:00:00  -  Total Remote Usage
		Usr 0 00:00:00, Sys 0 00:00:00  -  Total Local Usage
	0  -  Run Bytes Sent By Job
	0  -  Run Bytes Received By Job
	0  -  Total Bytes Sent By Job
	0  -  Total Bytes Received By Job
	Partitionable Resources :    Usage  Request Allocated
	   Cpus                 :                 1         1
	   Disk (KB)            :        1        1  16725285
	   Memory (MB)          :        0        1      4023
...
000 (8914541.000.000) 12/10 23:51:33 Job submitted from host: <10.10.48.31:12542?addrs=10.10.48.31-12542>
...
001 (8914541.000.000) 12/10 23:52:38 Job executing on host: <10.10.48.141:50603?addrs=10.10.48.141-50603>
...
006 (8914541.000.000) 12/10 23:52:47 Image size of job updated: 190908
	37  -  MemoryUsage of job (MB)
	37212  -  ResidentSetSize of job (KB)
...
006 (8914541.000.000) 12/10 23:53:30 Image size of job updated: 192440
	37  -  MemoryUsage of job (MB)
	37212  -  ResidentSetSize of job (KB)
...
005 (8914541.000.000) 12/10 23:53:30 Job terminated.
	(1) Normal termination (return value 0)
		Usr 0 00:00:18, Sys 0 00:00:00  -  Run Remote Usage
		Usr 0 00:00:00, Sys 0 00:00:00  -  Run Local Usage
		Usr 0 00:00:18, Sys 0 00:00:00  -  Total Remote Usage
		Usr 0 00:00:00, Sys 0 00:00:00  -  Total Local Usage
	0  -  Run Bytes Sent By Job
	0  -  Run Bytes Received By Job
	0  -  Total Bytes Sent By Job
	0  -  Total Bytes Received By Job
	Partitionable Resources :    Usage  Request Allocated
	   Cpus                 :                 1         1
	   Disk (KB)            :        1        1  13376593
	   Memory (MB)          :       37        1      6441
...
000 (8914703.000.000) 12/11 16:50:41 Job submitted from host: <10.10.48.31:12542?addrs=10.10.48.31-12542>
...
001 (8914703.000.000) 12/11 16:50:45 Job executing on host: <10.10.48.139:49429?addrs=10.10.48.139-49429>
...
006 (8914703.000.000) 12/11 16:50:53 Image size of job updated: 1
	2  -  MemoryUsage of job (MB)
	1864  -  ResidentSetSize of job (KB)
...
006 (8914703.000.000) 12/11 16:51:47 Image size of job updated: 192564
	2  -  MemoryUsage of job (MB)
	1864  -  ResidentSetSize of job (KB)
...
005 (8914703.000.000) 12/11 16:51:47 Job terminated.
	(1) Normal termination (return value 0)
		Usr 0 00:00:25, Sys 0 00:00:00  -  Run Remote Usage
		Usr 0 00:00:00, Sys 0 00:00:00  -  Run Local Usage
		Usr 0 00:00:25, Sys 0 00:00:00  -  Total Remote Usage
		Usr 0 00:00:00, Sys 0 00:00:00  -  Total Local Usage
	0  -  Run Bytes Sent By Job
	0  -  Run Bytes Received By Job
	0  -  Total Bytes Sent By Job
	0  -  Total Bytes Received By Job
	Partitionable Resources :    Usage  Request Allocated
	   Cpus                 :                 1         1
	   Disk (KB)            :        1        1  13385137
	   Memory (MB)          :        2        1      6441
...
000 (8915465.000.000) 12/11 17:19:29 Job submitted from host: <10.10.48.31:12542?addrs=10.10.48.31-12542>
...
001 (8915465.000.000) 12/11 17:20:02 Job executing on host: <10.10.48.33:59750?addrs=10.10.48.33-59750>
...
006 (8915465.000.000) 12/11 17:20:10 Image size of job updated: 192528
	39  -  MemoryUsage of job (MB)
	39716  -  ResidentSetSize of job (KB)
...
006 (8915465.000.000) 12/11 17:20:23 Image size of job updated: 192540
	39  -  MemoryUsage of job (MB)
	39716  -  ResidentSetSize of job (KB)
...
005 (8915465.000.000) 12/11 17:20:23 Job terminated.
	(1) Normal termination (return value 0)
		Usr 0 00:00:19, Sys 0 00:00:00  -  Run Remote Usage
		Usr 0 00:00:00, Sys 0 00:00:00  -  Run Local Usage
		Usr 0 00:00:19, Sys 0 00:00:00  -  Total Remote Usage
		Usr 0 00:00:00, Sys 0 00:00:00  -  Total Local Usage
	0  -  Run Bytes Sent By Job
	0  -  Run Bytes Received By Job
	0  -  Total Bytes Sent By Job
	0  -  Total Bytes Received By Job
	Partitionable Resources :    Usage  Request Allocated
	   Cpus                 :                 1         1
	   Disk (KB)            :        1        1  16723661
	   Memory (MB)          :       39        1      4023
...
000 (8915891.000.000) 12/11 23:10:42 Job submitted from host: <10.10.48.31:12542?addrs=10.10.48.31-12542>
...
001 (8915891.000.000) 12/11 23:10:45 Job executing on host: <10.10.48.141:50603?addrs=10.10.48.141-50603>
...
006 (8915891.000.000) 12/11 23:10:54 Image size of job updated: 184900
	33  -  MemoryUsage of job (MB)
	33080  -  ResidentSetSize of job (KB)
...
006 (8915891.000.000) 12/11 23:11:41 Image size of job updated: 192868
	33  -  MemoryUsage of job (MB)
	33080  -  ResidentSetSize of job (KB)
...
005 (8915891.000.000) 12/11 23:11:42 Job terminated.
	(1) Normal termination (return value 1)
		Usr 0 00:00:11, Sys 0 00:00:00  -  Run Remote Usage
		Usr 0 00:00:00, Sys 0 00:00:00  -  Run Local Usage
		Usr 0 00:00:11, Sys 0 00:00:00  -  Total Remote Usage
		Usr 0 00:00:00, Sys 0 00:00:00  -  Total Local Usage
	0  -  Run Bytes Sent By Job
	0  -  Run Bytes Received By Job
	0  -  Total Bytes Sent By Job
	0  -  Total Bytes Received By Job
	Partitionable Resources :    Usage  Request Allocated
	   Cpus                 :                 1         1
	   Disk (KB)            :        1        1  13376468
	   Memory (MB)          :       33        1      6441
...
000 (8916053.000.000) 12/11 23:23:11 Job submitted from host: <10.10.48.31:12542?addrs=10.10.48.31-12542>
...
001 (8916053.000.000) 12/11 23:23:13 Job executing on host: <10.10.48.35:61041?addrs=10.10.48.35-61041>
...
006 (8916053.000.000) 12/11 23:23:22 Image size of job updated: 190216
	37  -  MemoryUsage of job (MB)
	37692  -  ResidentSetSize of job (KB)
...
006 (8916053.000.000) 12/11 23:23:53 Image size of job updated: 192880
	37  -  MemoryUsage of job (MB)
	37692  -  ResidentSetSize of job (KB)
...
005 (8916053.000.000) 12/11 23:23:53 Job terminated.
	(1) Normal termination (return value 0)
		Usr 0 00:00:05, Sys 0 00:00:00  -  Run Remote Usage
		Usr 0 00:00:00, Sys 0 00:00:00  -  Run Local Usage
		Usr 0 00:00:05, Sys 0 00:00:00  -  Total Remote Usage
		Usr 0 00:00:00, Sys 0 00:00:00  -  Total Local Usage
	0  -  Run Bytes Sent By Job
	0  -  Run Bytes Received By Job
	0  -  Total Bytes Sent By Job
	0  -  Total Bytes Received By Job
	Partitionable Resources :    Usage  Request Allocated
	   Cpus                 :                 1         1
	   Disk (KB)            :        1        1  16721084
	   Memory (MB)          :       37        1      4023
...
000 (9637289.000.000) 02/27 16:04:10 Job submitted from host: <10.10.48.31:15410?addrs=10.10.48.31-15410>
...
001 (9637289.000.000) 02/27 16:04:14 Job executing on host: <10.10.48.44:50179?addrs=10.10.48.44-50179>
...
006 (9637289.000.000) 02/27 16:04:23 Image size of job updated: 185808
	34  -  MemoryUsage of job (MB)
	34072  -  ResidentSetSize of job (KB)
...
005 (9637289.000.000) 02/27 16:05:57 Job terminated.
	(1) Normal termination (return value 255)
		Usr 0 00:00:00, Sys 0 00:00:00  -  Run Remote Usage
		Usr 0 00:00:00, Sys 0 00:00:00  -  Run Local Usage
		Usr 0 00:00:00, Sys 0 00:00:00  -  Total Remote Usage
		Usr 0 00:00:00, Sys 0 00:00:00  -  Total Local Usage
	0  -  Run Bytes Sent By Job
	0  -  Run Bytes Received By Job
	0  -  Total Bytes Sent By Job
	0  -  Total Bytes Received By Job
	Partitionable Resources :    Usage  Request Allocated
	   Cpus                 :                 1         1
	   Disk (KB)            :        1        1  16726907
	   Memory (MB)          :       34        1      4023
...
000 (9643842.000.000) 02/27 20:47:29 Job submitted from host: <10.10.48.31:15410?addrs=10.10.48.31-15410>
...
001 (9643842.000.000) 02/27 20:47:32 Job executing on host: <10.10.48.143:56523?addrs=10.10.48.143-56523>
...
006 (9643842.000.000) 02/27 20:47:33 Image size of job updated: 252784
	0  -  MemoryUsage of job (MB)
	0  -  ResidentSetSize of job (KB)
...
005 (9643842.000.000) 02/27 20:47:33 Job terminated.
	(1) Normal termination (return value 5)
		Usr 0 00:00:00, Sys 0 00:00:00  -  Run Remote Usage
		Usr 0 00:00:00, Sys 0 00:00:00  -  Run Local Usage
		Usr 0 00:00:00, Sys 0 00:00:00  -  Total Remote Usage
		Usr 0 00:00:00, Sys 0 00:00:00  -  Total Local Usage
	0  -  Run Bytes Sent By Job
	0  -  Run Bytes Received By Job
	0  -  Total Bytes Sent By Job
	0  -  Total Bytes Received By Job
	Partitionable Resources :    Usage  Request Allocated
	   Cpus                 :                 1         1
	   Disk (KB)            :        1        1  13384575
	   Memory (MB)          :        0        1      6441
...
