000 (8914357.000.000) 12/10 23:43:04 Job submitted from host: <10.10.48.31:12542?addrs=10.10.48.31-12542>
...
001 (8914357.000.000) 12/10 23:43:15 Job executing on host: <10.10.48.133:42257?addrs=10.10.48.133-42257>
...
006 (8914357.000.000) 12/10 23:43:16 Image size of job updated: 170372
	0  -  MemoryUsage of job (MB)
	0  -  ResidentSetSize of job (KB)
...
005 (8914357.000.000) 12/10 23:43:16 Job terminated.
	(1) Normal termination (return value 1)
		Usr 0 00:00:00, Sys 0 00:00:00  -  Run Remote Usage
		Usr 0 00:00:00, Sys 0 00:00:00  -  Run Local Usage
		Usr 0 00:00:00, Sys 0 00:00:00  -  Total Remote Usage
		Usr 0 00:00:00, Sys 0 00:00:00  -  Total Local Usage
	0  -  Run Bytes Sent By Job
	0  -  Run Bytes Received By Job
	0  -  Total Bytes Sent By Job
	0  -  Total Bytes Received By Job
	Partitionable Resources :    Usage  Request Allocated
	   Cpus                 :                 1         1
	   Disk (KB)            :        1        1  13386734
	   Memory (MB)          :        0        1      6441
...
000 (8914519.000.000) 12/10 23:50:25 Job submitted from host: <10.10.48.31:12542?addrs=10.10.48.31-12542>
...
001 (8914519.000.000) 12/10 23:50:47 Job executing on host: <10.10.48.132:4924?addrs=10.10.48.132-4924>
...
006 (8914519.000.000) 12/10 23:50:55 Image size of job updated: 185856
	34  -  MemoryUsage of job (MB)
	34328  -  ResidentSetSize of job (KB)
...
006 (8914519.000.000) 12/10 23:53:19 Image size of job updated: 192584
	34  -  MemoryUsage of job (MB)
	34328  -  ResidentSetSize of job (KB)
...
005 (8914519.000.000) 12/10 23:53:19 Job terminated.
	(1) Normal termination (return value 0)
		Usr 0 00:01:24, Sys 0 00:00:01  -  Run Remote Usage
		Usr 0 00:00:00, Sys 0 00:00:00  -  Run Local Usage
		Usr 0 00:01:24, Sys 0 00:00:01  -  Total Remote Usage
		Usr 0 00:00:00, Sys 0 00:00:00  -  Total Local Usage
	0  -  Run Bytes Sent By Job
	0  -  Run Bytes Received By Job
	0  -  Total Bytes Sent By Job
	0  -  Total Bytes Received By Job
	Partitionable Resources :    Usage  Request Allocated
	   Cpus                 :                 1         1
	   Disk (KB)            :        1        1  13378013
	   Memory (MB)          :       34        1      6441
...
000 (8914681.000.000) 12/11 16:49:39 Job submitted from host: <10.10.48.31:12542?addrs=10.10.48.31-12542>
...
001 (8914681.000.000) 12/11 16:49:40 Job executing on host: <10.10.48.41:20766?addrs=10.10.48.41-20766>
...
006 (8914681.000.000) 12/11 16:49:48 Image size of job updated: 190900
	39  -  MemoryUsage of job (MB)
	39216  -  ResidentSetSize of job (KB)
...
006 (8914681.000.000) 12/11 16:52:18 Image size of job updated: 192596
	39  -  MemoryUsage of job (MB)
	39216  -  ResidentSetSize of job (KB)
...
005 (8914681.000.000) 12/11 16:52:18 Job terminated.
	(1) Normal termination (return value 0)
		Usr 0 00:01:02, Sys 0 00:00:01  -  Run Remote Usage
		Usr 0 00:00:00, Sys 0 00:00:00  -  Run Local Usage
		Usr 0 00:01:02, Sys 0 00:00:01  -  Total Remote Usage
		Usr 0 00:00:00, Sys 0 00:00:00  -  Total Local Usage
	0  -  Run Bytes Sent By Job
	0  -  Run Bytes Received By Job
	0  -  Total Bytes Sent By Job
	0  -  Total Bytes Received By Job
	Partitionable Resources :    Usage  Request Allocated
	   Cpus                 :                 1         1
	   Disk (KB)            :        1        1  16725316
	   Memory (MB)          :       39        1      4023
...
000 (8915443.000.000) 12/11 17:18:47 Job submitted from host: <10.10.48.31:12542?addrs=10.10.48.31-12542>
...
001 (8915443.000.000) 12/11 17:19:44 Job executing on host: <10.10.48.33:59750?addrs=10.10.48.33-59750>
...
006 (8915443.000.000) 12/11 17:19:52 Image size of job updated: 192600
	39  -  MemoryUsage of job (MB)
	39756  -  ResidentSetSize of job (KB)
...
006 (8915443.000.000) 12/11 17:20:57 Image size of job updated: 194428
	39  -  MemoryUsage of job (MB)
	39756  -  ResidentSetSize of job (KB)
...
005 (8915443.000.000) 12/11 17:20:57 Job terminated.
	(1) Normal termination (return value 0)
		Usr 0 00:01:04, Sys 0 00:00:01  -  Run Remote Usage
		Usr 0 00:00:00, Sys 0 00:00:00  -  Run Local Usage
		Usr 0 00:01:04, Sys 0 00:00:01  -  Total Remote Usage
		Usr 0 00:00:00, Sys 0 00:00:00  -  Total Local Usage
	0  -  Run Bytes Sent By Job
	0  -  Run Bytes Received By Job
	0  -  Total Bytes Sent By Job
	0  -  Total Bytes Received By Job
	Partitionable Resources :    Usage  Request Allocated
	   Cpus                 :                 1         1
	   Disk (KB)            :        1        1  16723661
	   Memory (MB)          :       39        1      4023
...
000 (8915605.000.000) 12/11 22:48:15 Job submitted from host: <10.10.48.31:12542?addrs=10.10.48.31-12542>
...
001 (8915605.000.000) 12/11 22:48:23 Job executing on host: <10.10.48.41:20766?addrs=10.10.48.41-20766>
...
006 (8915605.000.000) 12/11 22:48:31 Image size of job updated: 1
	2  -  MemoryUsage of job (MB)
	1808  -  ResidentSetSize of job (KB)
...
006 (8915605.000.000) 12/11 22:52:13 Image size of job updated: 192644
	2  -  MemoryUsage of job (MB)
	1808  -  ResidentSetSize of job (KB)
...
005 (8915605.000.000) 12/11 22:52:13 Job terminated.
	(1) Normal termination (return value 0)
		Usr 0 00:02:03, Sys 0 00:00:02  -  Run Remote Usage
		Usr 0 00:00:00, Sys 0 00:00:00  -  Run Local Usage
		Usr 0 00:02:03, Sys 0 00:00:02  -  Total Remote Usage
		Usr 0 00:00:00, Sys 0 00:00:00  -  Total Local Usage
	0  -  Run Bytes Sent By Job
	0  -  Run Bytes Received By Job
	0  -  Total Bytes Sent By Job
	0  -  Total Bytes Received By Job
	Partitionable Resources :    Usage  Request Allocated
	   Cpus                 :                 1         1
	   Disk (KB)            :        1        1  16725261
	   Memory (MB)          :        2        1      4023
...
000 (8915737.000.000) 12/11 22:58:26 Job submitted from host: <10.10.48.31:12542?addrs=10.10.48.31-12542>
...
001 (8915737.000.000) 12/11 22:58:30 Job executing on host: <10.10.48.35:61041?addrs=10.10.48.35-61041>
...
006 (8915737.000.000) 12/11 22:58:39 Image size of job updated: 192420
	39  -  MemoryUsage of job (MB)
	39524  -  ResidentSetSize of job (KB)
...
005 (8915737.000.000) 12/11 23:00:20 Job terminated.
	(1) Normal termination (return value 0)
		Usr 0 00:01:14, Sys 0 00:00:01  -  Run Remote Usage
		Usr 0 00:00:00, Sys 0 00:00:00  -  Run Local Usage
		Usr 0 00:01:14, Sys 0 00:00:01  -  Total Remote Usage
		Usr 0 00:00:00, Sys 0 00:00:00  -  Total Local Usage
	0  -  Run Bytes Sent By Job
	0  -  Run Bytes Received By Job
	0  -  Total Bytes Sent By Job
	0  -  Total Bytes Received By Job
	Partitionable Resources :    Usage  Request Allocated
	   Cpus                 :                 1         1
	   Disk (KB)            :        1        1  16721068
	   Memory (MB)          :       39        1      4023
...
000 (8915869.000.000) 12/11 23:10:06 Job submitted from host: <10.10.48.31:12542?addrs=10.10.48.31-12542>
...
001 (8915869.000.000) 12/11 23:10:07 Job executing on host: <10.10.48.139:49429?addrs=10.10.48.139-49429>
...
006 (8915869.000.000) 12/11 23:10:16 Image size of job updated: 185180
	32  -  MemoryUsage of job (MB)
	32256  -  ResidentSetSize of job (KB)
...
006 (8915869.000.000) 12/11 23:12:19 Image size of job updated: 192960
	32  -  MemoryUsage of job (MB)
	32256  -  ResidentSetSize of job (KB)
...
005 (8915869.000.000) 12/11 23:12:19 Job terminated.
	(1) Normal termination (return value 1)
		Usr 0 00:00:33, Sys 0 00:00:00  -  Run Remote Usage
		Usr 0 00:00:00, Sys 0 00:00:00  -  Run Local Usage
		Usr 0 00:00:33, Sys 0 00:00:00  -  Total Remote Usage
		Usr 0 00:00:00, Sys 0 00:00:00  -  Total Local Usage
	0  -  Run Bytes Sent By Job
	0  -  Run Bytes Received By Job
	0  -  Total Bytes Sent By Job
	0  -  Total Bytes Received By Job
	Partitionable Resources :    Usage  Request Allocated
	   Cpus                 :                 1         1
	   Disk (KB)            :        1        1  13385058
	   Memory (MB)          :       32        1      6441
...
000 (8916031.000.000) 12/11 23:22:55 Job submitted from host: <10.10.48.31:12542?addrs=10.10.48.31-12542>
...
001 (8916031.000.000) 12/11 23:23:00 Job executing on host: <10.10.48.141:50603?addrs=10.10.48.141-50603>
...
006 (8916031.000.000) 12/11 23:23:09 Image size of job updated: 192896
	39  -  MemoryUsage of job (MB)
	39656  -  ResidentSetSize of job (KB)
...
006 (8916031.000.000) 12/11 23:23:54 Image size of job updated: 192960
	39  -  MemoryUsage of job (MB)
	39656  -  ResidentSetSize of job (KB)
...
005 (8916031.000.000) 12/11 23:23:54 Job terminated.
	(1) Normal termination (return value 0)
		Usr 0 00:00:28, Sys 0 00:00:00  -  Run Remote Usage
		Usr 0 00:00:00, Sys 0 00:00:00  -  Run Local Usage
		Usr 0 00:00:28, Sys 0 00:00:00  -  Total Remote Usage
		Usr 0 00:00:00, Sys 0 00:00:00  -  Total Local Usage
	0  -  Run Bytes Sent By Job
	0  -  Run Bytes Received By Job
	0  -  Total Bytes Sent By Job
	0  -  Total Bytes Received By Job
	Partitionable Resources :    Usage  Request Allocated
	   Cpus                 :                 1         1
	   Disk (KB)            :        1        1  13376493
	   Memory (MB)          :       39        1      6441
...
000 (8916194.000.000) 12/12 14:24:44 Job submitted from host: <10.10.48.31:12542?addrs=10.10.48.31-12542>
...
001 (8916194.000.000) 12/12 14:24:49 Job executing on host: <10.10.48.141:50603?addrs=10.10.48.141-50603>
...
006 (8916194.000.000) 12/12 14:24:58 Image size of job updated: 116388
	20  -  MemoryUsage of job (MB)
	19588  -  ResidentSetSize of job (KB)
...
006 (8916194.000.000) 12/12 14:28:21 Image size of job updated: 193032
	20  -  MemoryUsage of job (MB)
	19588  -  ResidentSetSize of job (KB)
...
005 (8916194.000.000) 12/12 14:28:21 Job terminated.
	(1) Normal termination (return value 0)
		Usr 0 00:00:51, Sys 0 00:00:01  -  Run Remote Usage
		Usr 0 00:00:00, Sys 0 00:00:00  -  Run Local Usage
		Usr 0 00:00:51, Sys 0 00:00:01  -  Total Remote Usage
		Usr 0 00:00:00, Sys 0 00:00:00  -  Total Local Usage
	0  -  Run Bytes Sent By Job
	0  -  Run Bytes Received By Job
	0  -  Total Bytes Sent By Job
	0  -  Total Bytes Received By Job
	Partitionable Resources :    Usage  Request Allocated
	   Cpus                 :                 1         1
	   Disk (KB)            :        1        1  13376486
	   Memory (MB)          :       20        1      6441
...
