000 (8914327.000.000) 12/10 23:42:59 Job submitted from host: <10.10.48.31:12542?addrs=10.10.48.31-12542>
...
001 (8914327.000.000) 12/10 23:43:07 Job executing on host: <10.10.48.133:42257?addrs=10.10.48.133-42257>
...
006 (8914327.000.000) 12/10 23:43:07 Image size of job updated: 174988
	0  -  MemoryUsage of job (MB)
	0  -  ResidentSetSize of job (KB)
...
005 (8914327.000.000) 12/10 23:43:09 Job terminated.
	(1) Normal termination (return value 1)
		Usr 0 00:00:00, Sys 0 00:00:00  -  Run Remote Usage
		Usr 0 00:00:00, Sys 0 00:00:00  -  Run Local Usage
		Usr 0 00:00:00, Sys 0 00:00:00  -  Total Remote Usage
		Usr 0 00:00:00, Sys 0 00:00:00  -  Total Local Usage
	0  -  Run Bytes Sent By Job
	0  -  Run Bytes Received By Job
	0  -  Total Bytes Sent By Job
	0  -  Total Bytes Received By Job
	Partitionable Resources :    Usage  Request Allocated
	   Cpus                 :                 1         1
	   Disk (KB)            :        1        1  13386734
	   Memory (MB)          :        0        1      6441
...
000 (8914489.000.000) 12/10 23:49:07 Job submitted from host: <10.10.48.31:12542?addrs=10.10.48.31-12542>
...
001 (8914489.000.000) 12/10 23:49:19 Job executing on host: <10.10.48.141:50603?addrs=10.10.48.141-50603>
...
006 (8914489.000.000) 12/10 23:49:28 Image size of job updated: 185588
	32  -  MemoryUsage of job (MB)
	32356  -  ResidentSetSize of job (KB)
...
006 (8914489.000.000) 12/10 23:51:38 Image size of job updated: 192512
	32  -  MemoryUsage of job (MB)
	32356  -  ResidentSetSize of job (KB)
...
005 (8914489.000.000) 12/10 23:51:38 Job terminated.
	(1) Normal termination (return value 0)
		Usr 0 00:01:11, Sys 0 00:00:01  -  Run Remote Usage
		Usr 0 00:00:00, Sys 0 00:00:00  -  Run Local Usage
		Usr 0 00:01:11, Sys 0 00:00:01  -  Total Remote Usage
		Usr 0 00:00:00, Sys 0 00:00:00  -  Total Local Usage
	0  -  Run Bytes Sent By Job
	0  -  Run Bytes Received By Job
	0  -  Total Bytes Sent By Job
	0  -  Total Bytes Received By Job
	Partitionable Resources :    Usage  Request Allocated
	   Cpus                 :                 1         1
	   Disk (KB)            :        1        1  13376593
	   Memory (MB)          :       32        1      6441
...
000 (8914651.000.000) 12/11 16:48:25 Job submitted from host: <10.10.48.31:12542?addrs=10.10.48.31-12542>
...
001 (8914651.000.000) 12/11 16:48:39 Job executing on host: <10.10.48.145:26377?addrs=10.10.48.145-26377>
...
006 (8914651.000.000) 12/11 16:48:48 Image size of job updated: 170244
	27  -  MemoryUsage of job (MB)
	27096  -  ResidentSetSize of job (KB)
...
006 (8914651.000.000) 12/11 16:51:03 Image size of job updated: 192648
	27  -  MemoryUsage of job (MB)
	27096  -  ResidentSetSize of job (KB)
...
005 (8914651.000.000) 12/11 16:51:03 Job terminated.
	(1) Normal termination (return value 0)
		Usr 0 00:01:05, Sys 0 00:00:01  -  Run Remote Usage
		Usr 0 00:00:00, Sys 0 00:00:00  -  Run Local Usage
		Usr 0 00:01:05, Sys 0 00:00:01  -  Total Remote Usage
		Usr 0 00:00:00, Sys 0 00:00:00  -  Total Local Usage
	0  -  Run Bytes Sent By Job
	0  -  Run Bytes Received By Job
	0  -  Total Bytes Sent By Job
	0  -  Total Bytes Received By Job
	Partitionable Resources :    Usage  Request Allocated
	   Cpus                 :                 1         1
	   Disk (KB)            :        1        1  13384492
	   Memory (MB)          :       27        1      6441
...
000 (8915413.000.000) 12/11 17:17:55 Job submitted from host: <10.10.48.31:12542?addrs=10.10.48.31-12542>
...
001 (8915413.000.000) 12/11 17:18:04 Job executing on host: <10.10.48.146:51717?addrs=10.10.48.146-51717>
...
006 (8915413.000.000) 12/11 17:18:12 Image size of job updated: 190644
	38  -  MemoryUsage of job (MB)
	38524  -  ResidentSetSize of job (KB)
...
006 (8915413.000.000) 12/11 17:19:19 Image size of job updated: 195076
	38  -  MemoryUsage of job (MB)
	38524  -  ResidentSetSize of job (KB)
...
005 (8915413.000.000) 12/11 17:19:19 Job terminated.
	(1) Normal termination (return value 0)
		Usr 0 00:01:03, Sys 0 00:00:01  -  Run Remote Usage
		Usr 0 00:00:00, Sys 0 00:00:00  -  Run Local Usage
		Usr 0 00:01:03, Sys 0 00:00:01  -  Total Remote Usage
		Usr 0 00:00:00, Sys 0 00:00:00  -  Total Local Usage
	0  -  Run Bytes Sent By Job
	0  -  Run Bytes Received By Job
	0  -  Total Bytes Sent By Job
	0  -  Total Bytes Received By Job
	Partitionable Resources :    Usage  Request Allocated
	   Cpus                 :                 1         1
	   Disk (KB)            :        1        1  13347858
	   Memory (MB)          :       38        1      6441
...
000 (8915575.000.000) 12/11 22:47:01 Job submitted from host: <10.10.48.31:12542?addrs=10.10.48.31-12542>
...
001 (8915575.000.000) 12/11 22:47:14 Job executing on host: <10.10.48.145:26377?addrs=10.10.48.145-26377>
...
006 (8915575.000.000) 12/11 22:47:23 Image size of job updated: 175360
	30  -  MemoryUsage of job (MB)
	29800  -  ResidentSetSize of job (KB)
...
006 (8915575.000.000) 12/11 22:52:24 Image size of job updated: 192744
	40  -  MemoryUsage of job (MB)
	40760  -  ResidentSetSize of job (KB)
...
006 (8915575.000.000) 12/11 22:57:24 Image size of job updated: 194136
	42  -  MemoryUsage of job (MB)
	42392  -  ResidentSetSize of job (KB)
...
000 (8915707.000.000) 12/11 22:57:29 Job submitted from host: <10.10.48.31:12542?addrs=10.10.48.31-12542>
...
001 (8915707.000.000) 12/11 22:57:37 Job executing on host: <10.10.48.139:49429?addrs=10.10.48.139-49429>
...
006 (8915707.000.000) 12/11 22:57:46 Image size of job updated: 186012
	34  -  MemoryUsage of job (MB)
	34452  -  ResidentSetSize of job (KB)
...
006 (8915575.000.000) 12/11 23:02:16 Image size of job updated: 194672
	42  -  MemoryUsage of job (MB)
	42392  -  ResidentSetSize of job (KB)
...
005 (8915575.000.000) 12/11 23:02:16 Job terminated.
	(1) Normal termination (return value 0)
		Usr 0 00:09:03, Sys 0 00:00:07  -  Run Remote Usage
		Usr 0 00:00:00, Sys 0 00:00:00  -  Run Local Usage
		Usr 0 00:09:03, Sys 0 00:00:07  -  Total Remote Usage
		Usr 0 00:00:00, Sys 0 00:00:00  -  Total Local Usage
	0  -  Run Bytes Sent By Job
	0  -  Run Bytes Received By Job
	0  -  Total Bytes Sent By Job
	0  -  Total Bytes Received By Job
	Partitionable Resources :    Usage  Request Allocated
	   Cpus                 :                 1         1
	   Disk (KB)            :        1        1  13384482
	   Memory (MB)          :       42        1      6441
...
006 (8915707.000.000) 12/11 23:02:47 Image size of job updated: 198932
	46  -  MemoryUsage of job (MB)
	46908  -  ResidentSetSize of job (KB)
...
006 (8915707.000.000) 12/11 23:07:18 Image size of job updated: 205924
	46  -  MemoryUsage of job (MB)
	46908  -  ResidentSetSize of job (KB)
...
005 (8915707.000.000) 12/11 23:07:18 Job terminated.
	(1) Normal termination (return value 0)
		Usr 0 00:08:07, Sys 0 00:00:07  -  Run Remote Usage
		Usr 0 00:00:00, Sys 0 00:00:00  -  Run Local Usage
		Usr 0 00:08:07, Sys 0 00:00:07  -  Total Remote Usage
		Usr 0 00:00:00, Sys 0 00:00:00  -  Total Local Usage
	0  -  Run Bytes Sent By Job
	0  -  Run Bytes Received By Job
	0  -  Total Bytes Sent By Job
	0  -  Total Bytes Received By Job
	Partitionable Resources :    Usage  Request Allocated
	   Cpus                 :                 1         1
	   Disk (KB)            :        1        1  13385065
	   Memory (MB)          :       46        1      6441
...
000 (8915839.000.000) 12/11 23:09:10 Job submitted from host: <10.10.48.31:12542?addrs=10.10.48.31-12542>
...
001 (8915839.000.000) 12/11 23:09:25 Job executing on host: <10.10.48.145:26377?addrs=10.10.48.145-26377>
...
006 (8915839.000.000) 12/11 23:09:34 Image size of job updated: 175340
	28  -  MemoryUsage of job (MB)
	27996  -  ResidentSetSize of job (KB)
...
006 (8915839.000.000) 12/11 23:12:35 Image size of job updated: 193012
	28  -  MemoryUsage of job (MB)
	27996  -  ResidentSetSize of job (KB)
...
005 (8915839.000.000) 12/11 23:12:35 Job terminated.
	(1) Normal termination (return value 1)
		Usr 0 00:00:32, Sys 0 00:00:00  -  Run Remote Usage
		Usr 0 00:00:00, Sys 0 00:00:00  -  Run Local Usage
		Usr 0 00:00:32, Sys 0 00:00:00  -  Total Remote Usage
		Usr 0 00:00:00, Sys 0 00:00:00  -  Total Local Usage
	0  -  Run Bytes Sent By Job
	0  -  Run Bytes Received By Job
	0  -  Total Bytes Sent By Job
	0  -  Total Bytes Received By Job
	Partitionable Resources :    Usage  Request Allocated
	   Cpus                 :                 1         1
	   Disk (KB)            :        1        1  13384436
	   Memory (MB)          :       28        1      6441
...
000 (8916001.000.000) 12/11 23:22:30 Job submitted from host: <10.10.48.31:12542?addrs=10.10.48.31-12542>
...
001 (8916001.000.000) 12/11 23:22:45 Job executing on host: <10.10.48.145:26377?addrs=10.10.48.145-26377>
...
006 (8916001.000.000) 12/11 23:22:54 Image size of job updated: 192944
	37  -  MemoryUsage of job (MB)
	37468  -  ResidentSetSize of job (KB)
...
006 (8916001.000.000) 12/11 23:23:05 Image size of job updated: 193004
	37  -  MemoryUsage of job (MB)
	37468  -  ResidentSetSize of job (KB)
...
005 (8916001.000.000) 12/11 23:23:05 Job terminated.
	(1) Normal termination (return value 0)
		Usr 0 00:00:14, Sys 0 00:00:00  -  Run Remote Usage
		Usr 0 00:00:00, Sys 0 00:00:00  -  Run Local Usage
		Usr 0 00:00:14, Sys 0 00:00:00  -  Total Remote Usage
		Usr 0 00:00:00, Sys 0 00:00:00  -  Total Local Usage
	0  -  Run Bytes Sent By Job
	0  -  Run Bytes Received By Job
	0  -  Total Bytes Sent By Job
	0  -  Total Bytes Received By Job
	Partitionable Resources :    Usage  Request Allocated
	   Cpus                 :                 1         1
	   Disk (KB)            :        1        1  13384457
	   Memory (MB)          :       37        1      6441
...
000 (8916164.000.000) 12/12 14:23:39 Job submitted from host: <10.10.48.31:12542?addrs=10.10.48.31-12542>
...
001 (8916164.000.000) 12/12 14:23:51 Job executing on host: <10.10.48.145:26377?addrs=10.10.48.145-26377>
...
006 (8916164.000.000) 12/12 14:24:00 Image size of job updated: 121632
	20  -  MemoryUsage of job (MB)
	20224  -  ResidentSetSize of job (KB)
...
006 (8916164.000.000) 12/12 14:29:00 Image size of job updated: 256932
	94  -  MemoryUsage of job (MB)
	95844  -  ResidentSetSize of job (KB)
...
006 (8916164.000.000) 12/12 14:34:00 Image size of job updated: 515268
	312  -  MemoryUsage of job (MB)
	318628  -  ResidentSetSize of job (KB)
...
005 (8916164.000.000) 12/12 14:34:03 Job terminated.
	(1) Normal termination (return value 0)
		Usr 0 00:03:26, Sys 0 00:00:04  -  Run Remote Usage
		Usr 0 00:00:00, Sys 0 00:00:00  -  Run Local Usage
		Usr 0 00:03:26, Sys 0 00:00:04  -  Total Remote Usage
		Usr 0 00:00:00, Sys 0 00:00:00  -  Total Local Usage
	0  -  Run Bytes Sent By Job
	0  -  Run Bytes Received By Job
	0  -  Total Bytes Sent By Job
	0  -  Total Bytes Received By Job
	Partitionable Resources :    Usage  Request Allocated
	   Cpus                 :                 1         1
	   Disk (KB)            :        1        1  13384493
	   Memory (MB)          :      312        1      6441
...
000 (9637209.000.000) 02/27 16:01:40 Job submitted from host: <10.10.48.31:15410?addrs=10.10.48.31-15410>
...
001 (9637209.000.000) 02/27 16:01:51 Job executing on host: <10.10.48.45:40029?addrs=10.10.48.45-40029>
...
006 (9637209.000.000) 02/27 16:02:00 Image size of job updated: 176156
	29  -  MemoryUsage of job (MB)
	28924  -  ResidentSetSize of job (KB)
...
006 (9637209.000.000) 02/27 16:03:42 Image size of job updated: 186144
	29  -  MemoryUsage of job (MB)
	28924  -  ResidentSetSize of job (KB)
...
005 (9637209.000.000) 02/27 16:03:42 Job terminated.
	(1) Normal termination (return value 255)
		Usr 0 00:00:01, Sys 0 00:00:00  -  Run Remote Usage
		Usr 0 00:00:00, Sys 0 00:00:00  -  Run Local Usage
		Usr 0 00:00:01, Sys 0 00:00:00  -  Total Remote Usage
		Usr 0 00:00:00, Sys 0 00:00:00  -  Total Local Usage
	0  -  Run Bytes Sent By Job
	0  -  Run Bytes Received By Job
	0  -  Total Bytes Sent By Job
	0  -  Total Bytes Received By Job
	Partitionable Resources :    Usage  Request Allocated
	   Cpus                 :                 1         1
	   Disk (KB)            :        1        1  16195855
	   Memory (MB)          :       29        1      4023
...
000 (9643790.000.000) 02/27 20:47:21 Job submitted from host: <10.10.48.31:15410?addrs=10.10.48.31-15410>
...
001 (9643790.000.000) 02/27 20:47:22 Job executing on host: <10.10.48.143:56523?addrs=10.10.48.143-56523>
...
006 (9643790.000.000) 02/27 20:47:23 Image size of job updated: 252328
	0  -  MemoryUsage of job (MB)
	0  -  ResidentSetSize of job (KB)
...
005 (9643790.000.000) 02/27 20:47:23 Job terminated.
	(1) Normal termination (return value 19)
		Usr 0 00:00:00, Sys 0 00:00:00  -  Run Remote Usage
		Usr 0 00:00:00, Sys 0 00:00:00  -  Run Local Usage
		Usr 0 00:00:00, Sys 0 00:00:00  -  Total Remote Usage
		Usr 0 00:00:00, Sys 0 00:00:00  -  Total Local Usage
	0  -  Run Bytes Sent By Job
	0  -  Run Bytes Received By Job
	0  -  Total Bytes Sent By Job
	0  -  Total Bytes Received By Job
	Partitionable Resources :    Usage  Request Allocated
	   Cpus                 :                 1         1
	   Disk (KB)            :        1        1  13384575
	   Memory (MB)          :        0        1      6441
...
