000 (9637356.000.000) 02/27 16:05:42 Job submitted from host: <10.10.48.31:15410?addrs=10.10.48.31-15410>
...
001 (9637356.000.000) 02/27 16:05:45 Job executing on host: <10.10.48.35:24288?addrs=10.10.48.35-24288>
...
006 (9637356.000.000) 02/27 16:05:53 Image size of job updated: 185588
	33  -  MemoryUsage of job (MB)
	33656  -  ResidentSetSize of job (KB)
...
006 (9637356.000.000) 02/27 16:10:53 Image size of job updated: 190960
	42  -  MemoryUsage of job (MB)
	42180  -  ResidentSetSize of job (KB)
...
006 (9637356.000.000) 02/27 16:11:22 Image size of job updated: 192416
	42  -  MemoryUsage of job (MB)
	42180  -  ResidentSetSize of job (KB)
...
005 (9637356.000.000) 02/27 16:11:22 Job terminated.
	(1) Normal termination (return value 0)
		Usr 0 00:00:29, Sys 0 00:00:00  -  Run Remote Usage
		Usr 0 00:00:00, Sys 0 00:00:00  -  Run Local Usage
		Usr 0 00:00:29, Sys 0 00:00:00  -  Total Remote Usage
		Usr 0 00:00:00, Sys 0 00:00:00  -  Total Local Usage
	0  -  Run Bytes Sent By Job
	0  -  Run Bytes Received By Job
	0  -  Total Bytes Sent By Job
	0  -  Total Bytes Received By Job
	Partitionable Resources :    Usage  Request Allocated
	   Cpus                 :                 1         1
	   Disk (KB)            :        1        1  16724161
	   Memory (MB)          :       42        1      4023
...
000 (9643883.000.000) 02/27 20:47:35 Job submitted from host: <10.10.48.31:15410?addrs=10.10.48.31-15410>
...
001 (9643883.000.000) 02/27 20:47:36 Job executing on host: <10.10.48.140:16345?addrs=10.10.48.140-16345>
...
006 (9643883.000.000) 02/27 20:47:37 Image size of job updated: 252640
	0  -  MemoryUsage of job (MB)
	0  -  ResidentSetSize of job (KB)
...
005 (9643883.000.000) 02/27 20:47:37 Job terminated.
	(1) Normal termination (return value 1)
		Usr 0 00:00:00, Sys 0 00:00:00  -  Run Remote Usage
		Usr 0 00:00:00, Sys 0 00:00:00  -  Run Local Usage
		Usr 0 00:00:00, Sys 0 00:00:00  -  Total Remote Usage
		Usr 0 00:00:00, Sys 0 00:00:00  -  Total Local Usage
	0  -  Run Bytes Sent By Job
	0  -  Run Bytes Received By Job
	0  -  Total Bytes Sent By Job
	0  -  Total Bytes Received By Job
	Partitionable Resources :    Usage  Request Allocated
	   Cpus                 :                 1         1
	   Disk (KB)            :        1        1  13384693
	   Memory (MB)          :        0        1      6441
...
