000 (8914281.000.000) 12/10 23:42:48 Job submitted from host: <10.10.48.31:12542?addrs=10.10.48.31-12542>
...
001 (8914281.000.000) 12/10 23:42:54 Job executing on host: <10.10.48.137:19458?addrs=10.10.48.137-19458>
...
006 (8914281.000.000) 12/10 23:42:54 Image size of job updated: 49264
	0  -  MemoryUsage of job (MB)
	0  -  ResidentSetSize of job (KB)
...
005 (8914281.000.000) 12/10 23:42:55 Job terminated.
	(1) Normal termination (return value 1)
		Usr 0 00:00:00, Sys 0 00:00:00  -  Run Remote Usage
		Usr 0 00:00:00, Sys 0 00:00:00  -  Run Local Usage
		Usr 0 00:00:00, Sys 0 00:00:00  -  Total Remote Usage
		Usr 0 00:00:00, Sys 0 00:00:00  -  Total Local Usage
	0  -  Run Bytes Sent By Job
	0  -  Run Bytes Received By Job
	0  -  Total Bytes Sent By Job
	0  -  Total Bytes Received By Job
	Partitionable Resources :    Usage  Request Allocated
	   Cpus                 :                 1         1
	   Disk (KB)            :        1        1  13377615
	   Memory (MB)          :        0        1      6441
...
000 (8914443.000.000) 12/10 23:49:00 Job submitted from host: <10.10.48.31:12542?addrs=10.10.48.31-12542>
...
001 (8914443.000.000) 12/10 23:49:19 Job executing on host: <10.10.48.133:42257?addrs=10.10.48.133-42257>
...
006 (8914443.000.000) 12/10 23:49:27 Image size of job updated: 185568
	32  -  MemoryUsage of job (MB)
	32520  -  ResidentSetSize of job (KB)
...
006 (8914443.000.000) 12/10 23:50:35 Image size of job updated: 190972
	32  -  MemoryUsage of job (MB)
	32520  -  ResidentSetSize of job (KB)
...
005 (8914443.000.000) 12/10 23:50:35 Job terminated.
	(1) Normal termination (return value 0)
		Usr 0 00:00:38, Sys 0 00:00:00  -  Run Remote Usage
		Usr 0 00:00:00, Sys 0 00:00:00  -  Run Local Usage
		Usr 0 00:00:38, Sys 0 00:00:00  -  Total Remote Usage
		Usr 0 00:00:00, Sys 0 00:00:00  -  Total Local Usage
	0  -  Run Bytes Sent By Job
	0  -  Run Bytes Received By Job
	0  -  Total Bytes Sent By Job
	0  -  Total Bytes Received By Job
	Partitionable Resources :    Usage  Request Allocated
	   Cpus                 :                 1         1
	   Disk (KB)            :        1        1  13386673
	   Memory (MB)          :       32        1      6441
...
000 (8914605.000.000) 12/11 16:48:19 Job submitted from host: <10.10.48.31:12542?addrs=10.10.48.31-12542>
...
001 (8914605.000.000) 12/11 16:48:38 Job executing on host: <10.10.48.35:61041?addrs=10.10.48.35-61041>
...
006 (8914605.000.000) 12/11 16:48:46 Image size of job updated: 185840
	34  -  MemoryUsage of job (MB)
	34072  -  ResidentSetSize of job (KB)
...
006 (8914605.000.000) 12/11 16:50:00 Image size of job updated: 190972
	34  -  MemoryUsage of job (MB)
	34072  -  ResidentSetSize of job (KB)
...
005 (8914605.000.000) 12/11 16:50:00 Job terminated.
	(1) Normal termination (return value 0)
		Usr 0 00:00:34, Sys 0 00:00:00  -  Run Remote Usage
		Usr 0 00:00:00, Sys 0 00:00:00  -  Run Local Usage
		Usr 0 00:00:34, Sys 0 00:00:00  -  Total Remote Usage
		Usr 0 00:00:00, Sys 0 00:00:00  -  Total Local Usage
	0  -  Run Bytes Sent By Job
	0  -  Run Bytes Received By Job
	0  -  Total Bytes Sent By Job
	0  -  Total Bytes Received By Job
	Partitionable Resources :    Usage  Request Allocated
	   Cpus                 :                 1         1
	   Disk (KB)            :        1        1  16721155
	   Memory (MB)          :       34        1      4023
...
000 (8915367.000.000) 12/11 17:17:49 Job submitted from host: <10.10.48.31:12542?addrs=10.10.48.31-12542>
...
001 (8915367.000.000) 12/11 17:18:03 Job executing on host: <10.10.48.37:22739?addrs=10.10.48.37-22739>
...
006 (8915367.000.000) 12/11 17:18:12 Image size of job updated: 185852
	34  -  MemoryUsage of job (MB)
	33828  -  ResidentSetSize of job (KB)
...
006 (8915367.000.000) 12/11 17:18:43 Image size of job updated: 192612
	34  -  MemoryUsage of job (MB)
	33828  -  ResidentSetSize of job (KB)
...
005 (8915367.000.000) 12/11 17:18:43 Job terminated.
	(1) Normal termination (return value 0)
		Usr 0 00:00:29, Sys 0 00:00:00  -  Run Remote Usage
		Usr 0 00:00:00, Sys 0 00:00:00  -  Run Local Usage
		Usr 0 00:00:29, Sys 0 00:00:00  -  Total Remote Usage
		Usr 0 00:00:00, Sys 0 00:00:00  -  Total Local Usage
	0  -  Run Bytes Sent By Job
	0  -  Run Bytes Received By Job
	0  -  Total Bytes Sent By Job
	0  -  Total Bytes Received By Job
	Partitionable Resources :    Usage  Request Allocated
	   Cpus                 :                 1         1
	   Disk (KB)            :        1        1  16727215
	   Memory (MB)          :       34        1      4023
...
000 (8915529.000.000) 12/11 22:46:54 Job submitted from host: <10.10.48.31:12542?addrs=10.10.48.31-12542>
...
001 (8915529.000.000) 12/11 22:47:12 Job executing on host: <10.10.48.35:61041?addrs=10.10.48.35-61041>
...
006 (8915529.000.000) 12/11 22:47:21 Image size of job updated: 184224
	32  -  MemoryUsage of job (MB)
	31988  -  ResidentSetSize of job (KB)
...
006 (8915529.000.000) 12/11 22:52:22 Image size of job updated: 192608
	40  -  MemoryUsage of job (MB)
	40184  -  ResidentSetSize of job (KB)
...
005 (8915529.000.000) 12/11 22:52:37 Job terminated.
	(1) Normal termination (return value 0)
		Usr 0 00:02:39, Sys 0 00:00:02  -  Run Remote Usage
		Usr 0 00:00:00, Sys 0 00:00:00  -  Run Local Usage
		Usr 0 00:02:39, Sys 0 00:00:02  -  Total Remote Usage
		Usr 0 00:00:00, Sys 0 00:00:00  -  Total Local Usage
	0  -  Run Bytes Sent By Job
	0  -  Run Bytes Received By Job
	0  -  Total Bytes Sent By Job
	0  -  Total Bytes Received By Job
	Partitionable Resources :    Usage  Request Allocated
	   Cpus                 :                 1         1
	   Disk (KB)            :        1        1  16721100
	   Memory (MB)          :       40        1      4023
...
000 (8915661.000.000) 12/11 22:57:01 Job submitted from host: <10.10.48.31:12542?addrs=10.10.48.31-12542>
...
001 (8915661.000.000) 12/11 22:57:19 Job executing on host: <10.10.48.35:61041?addrs=10.10.48.35-61041>
...
006 (8915661.000.000) 12/11 22:57:28 Image size of job updated: 192492
	40  -  MemoryUsage of job (MB)
	40284  -  ResidentSetSize of job (KB)
...
006 (8915661.000.000) 12/11 22:59:13 Image size of job updated: 194904
	40  -  MemoryUsage of job (MB)
	40284  -  ResidentSetSize of job (KB)
...
005 (8915661.000.000) 12/11 22:59:13 Job terminated.
	(1) Normal termination (return value 0)
		Usr 0 00:01:49, Sys 0 00:00:01  -  Run Remote Usage
		Usr 0 00:00:00, Sys 0 00:00:00  -  Run Local Usage
		Usr 0 00:01:49, Sys 0 00:00:01  -  Total Remote Usage
		Usr 0 00:00:00, Sys 0 00:00:00  -  Total Local Usage
	0  -  Run Bytes Sent By Job
	0  -  Run Bytes Received By Job
	0  -  Total Bytes Sent By Job
	0  -  Total Bytes Received By Job
	Partitionable Resources :    Usage  Request Allocated
	   Cpus                 :                 1         1
	   Disk (KB)            :        1        1  16721070
	   Memory (MB)          :       40        1      4023
...
000 (8915793.000.000) 12/11 23:09:04 Job submitted from host: <10.10.48.31:12542?addrs=10.10.48.31-12542>
...
001 (8915793.000.000) 12/11 23:09:13 Job executing on host: <10.10.48.141:50603?addrs=10.10.48.141-50603>
...
006 (8915793.000.000) 12/11 23:09:21 Image size of job updated: 190404
	38  -  MemoryUsage of job (MB)
	38792  -  ResidentSetSize of job (KB)
...
006 (8915793.000.000) 12/11 23:10:03 Image size of job updated: 190680
	38  -  MemoryUsage of job (MB)
	38792  -  ResidentSetSize of job (KB)
...
005 (8915793.000.000) 12/11 23:10:03 Job terminated.
	(1) Normal termination (return value 1)
		Usr 0 00:00:16, Sys 0 00:00:00  -  Run Remote Usage
		Usr 0 00:00:00, Sys 0 00:00:00  -  Run Local Usage
		Usr 0 00:00:16, Sys 0 00:00:00  -  Total Remote Usage
		Usr 0 00:00:00, Sys 0 00:00:00  -  Total Local Usage
	0  -  Run Bytes Sent By Job
	0  -  Run Bytes Received By Job
	0  -  Total Bytes Sent By Job
	0  -  Total Bytes Received By Job
	Partitionable Resources :    Usage  Request Allocated
	   Cpus                 :                 1         1
	   Disk (KB)            :        1        1  13376523
	   Memory (MB)          :       38        1      6441
...
000 (8915955.000.000) 12/11 23:22:24 Job submitted from host: <10.10.48.31:12542?addrs=10.10.48.31-12542>
...
001 (8915955.000.000) 12/11 23:22:45 Job executing on host: <10.10.48.141:50603?addrs=10.10.48.141-50603>
...
006 (8915955.000.000) 12/11 23:22:54 Image size of job updated: 190568
	37  -  MemoryUsage of job (MB)
	37660  -  ResidentSetSize of job (KB)
...
005 (8915955.000.000) 12/11 23:22:54 Job terminated.
	(1) Normal termination (return value 0)
		Usr 0 00:00:07, Sys 0 00:00:00  -  Run Remote Usage
		Usr 0 00:00:00, Sys 0 00:00:00  -  Run Local Usage
		Usr 0 00:00:07, Sys 0 00:00:00  -  Total Remote Usage
		Usr 0 00:00:00, Sys 0 00:00:00  -  Total Local Usage
	0  -  Run Bytes Sent By Job
	0  -  Run Bytes Received By Job
	0  -  Total Bytes Sent By Job
	0  -  Total Bytes Received By Job
	Partitionable Resources :    Usage  Request Allocated
	   Cpus                 :                 1         1
	   Disk (KB)            :        1        1  13376493
	   Memory (MB)          :       37        1      6441
...
000 (8916118.000.000) 12/12 14:23:32 Job submitted from host: <10.10.48.31:12542?addrs=10.10.48.31-12542>
...
001 (8916118.000.000) 12/12 14:23:49 Job executing on host: <10.10.48.35:61041?addrs=10.10.48.35-61041>
...
006 (8916118.000.000) 12/12 14:23:58 Image size of job updated: 182708
	30  -  MemoryUsage of job (MB)
	30684  -  ResidentSetSize of job (KB)
...
006 (8916118.000.000) 12/12 14:28:59 Image size of job updated: 237900
	80  -  MemoryUsage of job (MB)
	81024  -  ResidentSetSize of job (KB)
...
006 (8916118.000.000) 12/12 14:29:19 Image size of job updated: 242828
	80  -  MemoryUsage of job (MB)
	81024  -  ResidentSetSize of job (KB)
...
005 (8916118.000.000) 12/12 14:29:19 Job terminated.
	(1) Normal termination (return value 0)
		Usr 0 00:01:23, Sys 0 00:00:02  -  Run Remote Usage
		Usr 0 00:00:00, Sys 0 00:00:00  -  Run Local Usage
		Usr 0 00:01:23, Sys 0 00:00:02  -  Total Remote Usage
		Usr 0 00:00:00, Sys 0 00:00:00  -  Total Local Usage
	0  -  Run Bytes Sent By Job
	0  -  Run Bytes Received By Job
	0  -  Total Bytes Sent By Job
	0  -  Total Bytes Received By Job
	Partitionable Resources :    Usage  Request Allocated
	   Cpus                 :                 1         1
	   Disk (KB)            :        1        1  16721064
	   Memory (MB)          :       80        1      4023
...
000 (9637163.000.000) 02/27 16:01:34 Job submitted from host: <10.10.48.31:15410?addrs=10.10.48.31-15410>
...
001 (9637163.000.000) 02/27 16:01:48 Job executing on host: <10.10.48.33:19062?addrs=10.10.48.33-19062>
...
006 (9637163.000.000) 02/27 16:01:57 Image size of job updated: 176152
	29  -  MemoryUsage of job (MB)
	28928  -  ResidentSetSize of job (KB)
...
005 (9637163.000.000) 02/27 16:02:21 Job terminated.
	(1) Normal termination (return value 255)
		Usr 0 00:00:00, Sys 0 00:00:00  -  Run Remote Usage
		Usr 0 00:00:00, Sys 0 00:00:00  -  Run Local Usage
		Usr 0 00:00:00, Sys 0 00:00:00  -  Total Remote Usage
		Usr 0 00:00:00, Sys 0 00:00:00  -  Total Local Usage
	0  -  Run Bytes Sent By Job
	0  -  Run Bytes Received By Job
	0  -  Total Bytes Sent By Job
	0  -  Total Bytes Received By Job
	Partitionable Resources :    Usage  Request Allocated
	   Cpus                 :                 1         1
	   Disk (KB)            :        1        1  16723728
	   Memory (MB)          :       29        1      4023
...
000 (9643744.000.000) 02/27 20:47:11 Job submitted from host: <10.10.48.31:15410?addrs=10.10.48.31-15410>
...
001 (9643744.000.000) 02/27 20:47:17 Job executing on host: <10.10.48.135:63580?addrs=10.10.48.135-63580>
...
006 (9643744.000.000) 02/27 20:47:18 Image size of job updated: 253024
	0  -  MemoryUsage of job (MB)
	0  -  ResidentSetSize of job (KB)
...
005 (9643744.000.000) 02/27 20:47:19 Job terminated.
	(1) Normal termination (return value 0)
		Usr 0 00:00:00, Sys 0 00:00:00  -  Run Remote Usage
		Usr 0 00:00:00, Sys 0 00:00:00  -  Run Local Usage
		Usr 0 00:00:00, Sys 0 00:00:00  -  Total Remote Usage
		Usr 0 00:00:00, Sys 0 00:00:00  -  Total Local Usage
	0  -  Run Bytes Sent By Job
	0  -  Run Bytes Received By Job
	0  -  Total Bytes Sent By Job
	0  -  Total Bytes Received By Job
	Partitionable Resources :    Usage  Request Allocated
	   Cpus                 :                 1         1
	   Disk (KB)            :        1        1  13375967
	   Memory (MB)          :        0        1      6441
...
