000 (9637419.000.000) 02/27 16:07:31 Job submitted from host: <10.10.48.31:15410?addrs=10.10.48.31-15410>
...
001 (9637419.000.000) 02/27 16:07:41 Job executing on host: <10.10.48.45:40029?addrs=10.10.48.45-40029>
...
006 (9637419.000.000) 02/27 16:07:49 Image size of job updated: 185568
	34  -  MemoryUsage of job (MB)
	33956  -  ResidentSetSize of job (KB)
...
006 (9637419.000.000) 02/27 16:09:22 Image size of job updated: 192480
	34  -  MemoryUsage of job (MB)
	33956  -  ResidentSetSize of job (KB)
...
005 (9637419.000.000) 02/27 16:09:22 Job terminated.
	(1) Normal termination (return value 0)
		Usr 0 00:00:04, Sys 0 00:00:00  -  Run Remote Usage
		Usr 0 00:00:00, Sys 0 00:00:00  -  Run Local Usage
		Usr 0 00:00:04, Sys 0 00:00:00  -  Total Remote Usage
		Usr 0 00:00:00, Sys 0 00:00:00  -  Total Local Usage
	0  -  Run Bytes Sent By Job
	0  -  Run Bytes Received By Job
	0  -  Total Bytes Sent By Job
	0  -  Total Bytes Received By Job
	Partitionable Resources :    Usage  Request Allocated
	   Cpus                 :                 1         1
	   Disk (KB)            :        1        1  16195855
	   Memory (MB)          :       34        1      4023
...
000 (9643908.000.000) 02/27 20:47:40 Job submitted from host: <10.10.48.31:15410?addrs=10.10.48.31-15410>
...
001 (9643908.000.000) 02/27 20:47:41 Job executing on host: <10.10.48.143:56523?addrs=10.10.48.143-56523>
...
006 (9643908.000.000) 02/27 20:47:42 Image size of job updated: 252256
	0  -  MemoryUsage of job (MB)
	0  -  ResidentSetSize of job (KB)
...
005 (9643908.000.000) 02/27 20:47:42 Job terminated.
	(1) Normal termination (return value 1)
		Usr 0 00:00:00, Sys 0 00:00:00  -  Run Remote Usage
		Usr 0 00:00:00, Sys 0 00:00:00  -  Run Local Usage
		Usr 0 00:00:00, Sys 0 00:00:00  -  Total Remote Usage
		Usr 0 00:00:00, Sys 0 00:00:00  -  Total Local Usage
	0  -  Run Bytes Sent By Job
	0  -  Run Bytes Received By Job
	0  -  Total Bytes Sent By Job
	0  -  Total Bytes Received By Job
	Partitionable Resources :    Usage  Request Allocated
	   Cpus                 :                 1         1
	   Disk (KB)            :        1        1  13384575
	   Memory (MB)          :        0        1      6441
...
