000 (8914326.000.000) 12/10 23:42:59 Job submitted from host: <10.10.48.31:12542?addrs=10.10.48.31-12542>
...
001 (8914326.000.000) 12/10 23:43:07 Job executing on host: <10.10.48.133:42257?addrs=10.10.48.133-42257>
...
006 (8914326.000.000) 12/10 23:43:07 Image size of job updated: 172800
	0  -  MemoryUsage of job (MB)
	0  -  ResidentSetSize of job (KB)
...
005 (8914326.000.000) 12/10 23:43:09 Job terminated.
	(1) Normal termination (return value 1)
		Usr 0 00:00:00, Sys 0 00:00:00  -  Run Remote Usage
		Usr 0 00:00:00, Sys 0 00:00:00  -  Run Local Usage
		Usr 0 00:00:00, Sys 0 00:00:00  -  Total Remote Usage
		Usr 0 00:00:00, Sys 0 00:00:00  -  Total Local Usage
	0  -  Run Bytes Sent By Job
	0  -  Run Bytes Received By Job
	0  -  Total Bytes Sent By Job
	0  -  Total Bytes Received By Job
	Partitionable Resources :    Usage  Request Allocated
	   Cpus                 :                 1         1
	   Disk (KB)            :        1        1  13386734
	   Memory (MB)          :        0        1      6441
...
000 (8914488.000.000) 12/10 23:49:06 Job submitted from host: <10.10.48.31:12542?addrs=10.10.48.31-12542>
...
001 (8914488.000.000) 12/10 23:49:20 Job executing on host: <10.10.48.41:20766?addrs=10.10.48.41-20766>
...
006 (8914488.000.000) 12/10 23:49:28 Image size of job updated: 176152
	30  -  MemoryUsage of job (MB)
	30200  -  ResidentSetSize of job (KB)
...
006 (8914488.000.000) 12/10 23:54:28 Image size of job updated: 193092
	40  -  MemoryUsage of job (MB)
	40764  -  ResidentSetSize of job (KB)
...
006 (8914488.000.000) 12/10 23:59:29 Image size of job updated: 195172
	45  -  MemoryUsage of job (MB)
	45692  -  ResidentSetSize of job (KB)
...
005 (8914488.000.000) 12/10 23:59:58 Job terminated.
	(1) Normal termination (return value 0)
		Usr 0 00:06:13, Sys 0 00:00:06  -  Run Remote Usage
		Usr 0 00:00:00, Sys 0 00:00:00  -  Run Local Usage
		Usr 0 00:06:13, Sys 0 00:00:06  -  Total Remote Usage
		Usr 0 00:00:00, Sys 0 00:00:00  -  Total Local Usage
	0  -  Run Bytes Sent By Job
	0  -  Run Bytes Received By Job
	0  -  Total Bytes Sent By Job
	0  -  Total Bytes Received By Job
	Partitionable Resources :    Usage  Request Allocated
	   Cpus                 :                 1         1
	   Disk (KB)            :        1        1  16725276
	   Memory (MB)          :       45        1      4023
...
000 (8914650.000.000) 12/11 16:48:25 Job submitted from host: <10.10.48.31:12542?addrs=10.10.48.31-12542>
...
001 (8914650.000.000) 12/11 16:48:39 Job executing on host: <10.10.48.145:26377?addrs=10.10.48.145-26377>
...
006 (8914650.000.000) 12/11 16:48:48 Image size of job updated: 185712
	34  -  MemoryUsage of job (MB)
	34204  -  ResidentSetSize of job (KB)
...
006 (8914650.000.000) 12/11 16:53:49 Image size of job updated: 193072
	41  -  MemoryUsage of job (MB)
	41160  -  ResidentSetSize of job (KB)
...
006 (8914650.000.000) 12/11 16:58:49 Image size of job updated: 195008
	48  -  MemoryUsage of job (MB)
	48240  -  ResidentSetSize of job (KB)
...
005 (8914650.000.000) 12/11 16:59:05 Job terminated.
	(1) Normal termination (return value 0)
		Usr 0 00:07:09, Sys 0 00:00:06  -  Run Remote Usage
		Usr 0 00:00:00, Sys 0 00:00:00  -  Run Local Usage
		Usr 0 00:07:09, Sys 0 00:00:06  -  Total Remote Usage
		Usr 0 00:00:00, Sys 0 00:00:00  -  Total Local Usage
	0  -  Run Bytes Sent By Job
	0  -  Run Bytes Received By Job
	0  -  Total Bytes Sent By Job
	0  -  Total Bytes Received By Job
	Partitionable Resources :    Usage  Request Allocated
	   Cpus                 :                 1         1
	   Disk (KB)            :        1        1  13384492
	   Memory (MB)          :       48        1      6441
...
000 (8915412.000.000) 12/11 17:17:54 Job submitted from host: <10.10.48.31:12542?addrs=10.10.48.31-12542>
...
001 (8915412.000.000) 12/11 17:18:03 Job executing on host: <10.10.48.146:51717?addrs=10.10.48.146-51717>
...
006 (8915412.000.000) 12/11 17:18:12 Image size of job updated: 186120
	34  -  MemoryUsage of job (MB)
	34112  -  ResidentSetSize of job (KB)
...
006 (8915412.000.000) 12/11 17:23:12 Image size of job updated: 205612
	53  -  MemoryUsage of job (MB)
	53276  -  ResidentSetSize of job (KB)
...
006 (8915412.000.000) 12/11 17:25:23 Image size of job updated: 212072
	53  -  MemoryUsage of job (MB)
	53276  -  ResidentSetSize of job (KB)
...
005 (8915412.000.000) 12/11 17:25:23 Job terminated.
	(1) Normal termination (return value 0)
		Usr 0 00:06:34, Sys 0 00:00:05  -  Run Remote Usage
		Usr 0 00:00:00, Sys 0 00:00:00  -  Run Local Usage
		Usr 0 00:06:34, Sys 0 00:00:05  -  Total Remote Usage
		Usr 0 00:00:00, Sys 0 00:00:00  -  Total Local Usage
	0  -  Run Bytes Sent By Job
	0  -  Run Bytes Received By Job
	0  -  Total Bytes Sent By Job
	0  -  Total Bytes Received By Job
	Partitionable Resources :    Usage  Request Allocated
	   Cpus                 :                 1         1
	   Disk (KB)            :        1        1  13347858
	   Memory (MB)          :       53        1      6441
...
000 (8915574.000.000) 12/11 22:47:01 Job submitted from host: <10.10.48.31:12542?addrs=10.10.48.31-12542>
...
001 (8915574.000.000) 12/11 22:47:14 Job executing on host: <10.10.48.145:26377?addrs=10.10.48.145-26377>
...
006 (8915574.000.000) 12/11 22:47:23 Image size of job updated: 176156
	29  -  MemoryUsage of job (MB)
	28904  -  ResidentSetSize of job (KB)
...
006 (8915574.000.000) 12/11 22:52:24 Image size of job updated: 192668
	39  -  MemoryUsage of job (MB)
	39024  -  ResidentSetSize of job (KB)
...
006 (8915574.000.000) 12/11 22:57:24 Image size of job updated: 194140
	40  -  MemoryUsage of job (MB)
	40432  -  ResidentSetSize of job (KB)
...
000 (8915706.000.000) 12/11 22:57:28 Job submitted from host: <10.10.48.31:12542?addrs=10.10.48.31-12542>
...
001 (8915706.000.000) 12/11 22:57:34 Job executing on host: <10.10.48.145:26377?addrs=10.10.48.145-26377>
...
006 (8915706.000.000) 12/11 22:57:43 Image size of job updated: 192656
	38  -  MemoryUsage of job (MB)
	38860  -  ResidentSetSize of job (KB)
...
006 (8915574.000.000) 12/11 22:58:31 Image size of job updated: 194560
	40  -  MemoryUsage of job (MB)
	40432  -  ResidentSetSize of job (KB)
...
005 (8915574.000.000) 12/11 22:58:31 Job terminated.
	(1) Normal termination (return value 0)
		Usr 0 00:06:57, Sys 0 00:00:06  -  Run Remote Usage
		Usr 0 00:00:00, Sys 0 00:00:00  -  Run Local Usage
		Usr 0 00:06:57, Sys 0 00:00:06  -  Total Remote Usage
		Usr 0 00:00:00, Sys 0 00:00:00  -  Total Local Usage
	0  -  Run Bytes Sent By Job
	0  -  Run Bytes Received By Job
	0  -  Total Bytes Sent By Job
	0  -  Total Bytes Received By Job
	Partitionable Resources :    Usage  Request Allocated
	   Cpus                 :                 1         1
	   Disk (KB)            :        1        1  13384482
	   Memory (MB)          :       40        1      6441
...
006 (8915706.000.000) 12/11 23:02:44 Image size of job updated: 200692
	46  -  MemoryUsage of job (MB)
	46876  -  ResidentSetSize of job (KB)
...
006 (8915706.000.000) 12/11 23:03:47 Image size of job updated: 203592
	46  -  MemoryUsage of job (MB)
	46876  -  ResidentSetSize of job (KB)
...
005 (8915706.000.000) 12/11 23:03:48 Job terminated.
	(1) Normal termination (return value 0)
		Usr 0 00:05:45, Sys 0 00:00:04  -  Run Remote Usage
		Usr 0 00:00:00, Sys 0 00:00:00  -  Run Local Usage
		Usr 0 00:05:45, Sys 0 00:00:04  -  Total Remote Usage
		Usr 0 00:00:00, Sys 0 00:00:00  -  Total Local Usage
	0  -  Run Bytes Sent By Job
	0  -  Run Bytes Received By Job
	0  -  Total Bytes Sent By Job
	0  -  Total Bytes Received By Job
	Partitionable Resources :    Usage  Request Allocated
	   Cpus                 :                 1         1
	   Disk (KB)            :        1        1  13384441
	   Memory (MB)          :       46        1      6441
...
000 (8915838.000.000) 12/11 23:09:10 Job submitted from host: <10.10.48.31:12542?addrs=10.10.48.31-12542>
...
001 (8915838.000.000) 12/11 23:09:25 Job executing on host: <10.10.48.145:26377?addrs=10.10.48.145-26377>
...
006 (8915838.000.000) 12/11 23:09:34 Image size of job updated: 175340
	28  -  MemoryUsage of job (MB)
	27820  -  ResidentSetSize of job (KB)
...
006 (8915838.000.000) 12/11 23:14:35 Image size of job updated: 193132
	39  -  MemoryUsage of job (MB)
	39332  -  ResidentSetSize of job (KB)
...
006 (8915838.000.000) 12/11 23:19:36 Image size of job updated: 195120
	41  -  MemoryUsage of job (MB)
	41296  -  ResidentSetSize of job (KB)
...
006 (8915838.000.000) 12/11 23:21:34 Image size of job updated: 196592
	41  -  MemoryUsage of job (MB)
	41296  -  ResidentSetSize of job (KB)
...
005 (8915838.000.000) 12/11 23:21:34 Job terminated.
	(1) Normal termination (return value 1)
		Usr 0 00:02:57, Sys 0 00:00:04  -  Run Remote Usage
		Usr 0 00:00:00, Sys 0 00:00:00  -  Run Local Usage
		Usr 0 00:02:57, Sys 0 00:00:04  -  Total Remote Usage
		Usr 0 00:00:00, Sys 0 00:00:00  -  Total Local Usage
	0  -  Run Bytes Sent By Job
	0  -  Run Bytes Received By Job
	0  -  Total Bytes Sent By Job
	0  -  Total Bytes Received By Job
	Partitionable Resources :    Usage  Request Allocated
	   Cpus                 :                 1         1
	   Disk (KB)            :        1        1  13384436
	   Memory (MB)          :       41        1      6441
...
000 (8916000.000.000) 12/11 23:22:30 Job submitted from host: <10.10.48.31:12542?addrs=10.10.48.31-12542>
...
001 (8916000.000.000) 12/11 23:22:45 Job executing on host: <10.10.48.145:26377?addrs=10.10.48.145-26377>
...
006 (8916000.000.000) 12/11 23:22:54 Image size of job updated: 193148
	37  -  MemoryUsage of job (MB)
	37576  -  ResidentSetSize of job (KB)
...
006 (8916000.000.000) 12/11 23:26:12 Image size of job updated: 196600
	37  -  MemoryUsage of job (MB)
	37576  -  ResidentSetSize of job (KB)
...
005 (8916000.000.000) 12/11 23:26:12 Job terminated.
	(1) Normal termination (return value 0)
		Usr 0 00:02:06, Sys 0 00:00:02  -  Run Remote Usage
		Usr 0 00:00:00, Sys 0 00:00:00  -  Run Local Usage
		Usr 0 00:02:06, Sys 0 00:00:02  -  Total Remote Usage
		Usr 0 00:00:00, Sys 0 00:00:00  -  Total Local Usage
	0  -  Run Bytes Sent By Job
	0  -  Run Bytes Received By Job
	0  -  Total Bytes Sent By Job
	0  -  Total Bytes Received By Job
	Partitionable Resources :    Usage  Request Allocated
	   Cpus                 :                 1         1
	   Disk (KB)            :        1        1  13384458
	   Memory (MB)          :       37        1      6441
...
000 (8916163.000.000) 12/12 14:23:38 Job submitted from host: <10.10.48.31:12542?addrs=10.10.48.31-12542>
...
001 (8916163.000.000) 12/12 14:23:51 Job executing on host: <10.10.48.145:26377?addrs=10.10.48.145-26377>
...
006 (8916163.000.000) 12/12 14:24:00 Image size of job updated: 139168
	25  -  MemoryUsage of job (MB)
	25256  -  ResidentSetSize of job (KB)
...
006 (8916163.000.000) 12/12 14:29:01 Image size of job updated: 263512
	102  -  MemoryUsage of job (MB)
	103692  -  ResidentSetSize of job (KB)
...
006 (8916163.000.000) 12/12 14:32:37 Image size of job updated: 434576
	102  -  MemoryUsage of job (MB)
	103692  -  ResidentSetSize of job (KB)
...
005 (8916163.000.000) 12/12 14:32:37 Job terminated.
	(1) Normal termination (return value 0)
		Usr 0 00:02:40, Sys 0 00:00:03  -  Run Remote Usage
		Usr 0 00:00:00, Sys 0 00:00:00  -  Run Local Usage
		Usr 0 00:02:40, Sys 0 00:00:03  -  Total Remote Usage
		Usr 0 00:00:00, Sys 0 00:00:00  -  Total Local Usage
	0  -  Run Bytes Sent By Job
	0  -  Run Bytes Received By Job
	0  -  Total Bytes Sent By Job
	0  -  Total Bytes Received By Job
	Partitionable Resources :    Usage  Request Allocated
	   Cpus                 :                 1         1
	   Disk (KB)            :        1        1  13384493
	   Memory (MB)          :      102        1      6441
...
