000 (8914251.000.000) 12/10 23:42:44 Job submitted from host: <10.10.48.31:12542?addrs=10.10.48.31-12542>
...
001 (8914251.000.000) 12/10 23:43:01 Job executing on host: <10.10.48.133:42257?addrs=10.10.48.133-42257>
...
006 (8914251.000.000) 12/10 23:43:01 Image size of job updated: 175000
	0  -  MemoryUsage of job (MB)
	0  -  ResidentSetSize of job (KB)
...
005 (8914251.000.000) 12/10 23:43:02 Job terminated.
	(1) Normal termination (return value 1)
		Usr 0 00:00:00, Sys 0 00:00:00  -  Run Remote Usage
		Usr 0 00:00:00, Sys 0 00:00:00  -  Run Local Usage
		Usr 0 00:00:00, Sys 0 00:00:00  -  Total Remote Usage
		Usr 0 00:00:00, Sys 0 00:00:00  -  Total Local Usage
	0  -  Run Bytes Sent By Job
	0  -  Run Bytes Received By Job
	0  -  Total Bytes Sent By Job
	0  -  Total Bytes Received By Job
	Partitionable Resources :    Usage  Request Allocated
	   Cpus                 :                 1         1
	   Disk (KB)            :        1        1  13386734
	   Memory (MB)          :        0        1      6441
...
000 (8914413.000.000) 12/10 23:48:57 Job submitted from host: <10.10.48.31:12542?addrs=10.10.48.31-12542>
...
001 (8914413.000.000) 12/10 23:49:18 Job executing on host: <10.10.48.132:4924?addrs=10.10.48.132-4924>
...
006 (8914413.000.000) 12/10 23:49:26 Image size of job updated: 187888
	34  -  MemoryUsage of job (MB)
	34508  -  ResidentSetSize of job (KB)
...
006 (8914413.000.000) 12/10 23:51:27 Image size of job updated: 192524
	34  -  MemoryUsage of job (MB)
	34508  -  ResidentSetSize of job (KB)
...
005 (8914413.000.000) 12/10 23:51:27 Job terminated.
	(1) Normal termination (return value 0)
		Usr 0 00:01:09, Sys 0 00:00:01  -  Run Remote Usage
		Usr 0 00:00:00, Sys 0 00:00:00  -  Run Local Usage
		Usr 0 00:01:09, Sys 0 00:00:01  -  Total Remote Usage
		Usr 0 00:00:00, Sys 0 00:00:00  -  Total Local Usage
	0  -  Run Bytes Sent By Job
	0  -  Run Bytes Received By Job
	0  -  Total Bytes Sent By Job
	0  -  Total Bytes Received By Job
	Partitionable Resources :    Usage  Request Allocated
	   Cpus                 :                 1         1
	   Disk (KB)            :        1        1  13378013
	   Memory (MB)          :       34        1      6441
...
000 (8914575.000.000) 12/11 16:48:15 Job submitted from host: <10.10.48.31:12542?addrs=10.10.48.31-12542>
...
001 (8914575.000.000) 12/11 16:48:37 Job executing on host: <10.10.48.41:20766?addrs=10.10.48.41-20766>
...
006 (8914575.000.000) 12/11 16:48:46 Image size of job updated: 116388
	19  -  MemoryUsage of job (MB)
	19380  -  ResidentSetSize of job (KB)
...
006 (8914575.000.000) 12/11 16:50:51 Image size of job updated: 192524
	19  -  MemoryUsage of job (MB)
	19380  -  ResidentSetSize of job (KB)
...
005 (8914575.000.000) 12/11 16:50:51 Job terminated.
	(1) Normal termination (return value 0)
		Usr 0 00:00:53, Sys 0 00:00:00  -  Run Remote Usage
		Usr 0 00:00:00, Sys 0 00:00:00  -  Run Local Usage
		Usr 0 00:00:53, Sys 0 00:00:00  -  Total Remote Usage
		Usr 0 00:00:00, Sys 0 00:00:00  -  Total Local Usage
	0  -  Run Bytes Sent By Job
	0  -  Run Bytes Received By Job
	0  -  Total Bytes Sent By Job
	0  -  Total Bytes Received By Job
	Partitionable Resources :    Usage  Request Allocated
	   Cpus                 :                 1         1
	   Disk (KB)            :        1        1  16725316
	   Memory (MB)          :       19        1      4023
...
000 (8915337.000.000) 12/11 17:17:45 Job submitted from host: <10.10.48.31:12542?addrs=10.10.48.31-12542>
...
001 (8915337.000.000) 12/11 17:18:03 Job executing on host: <10.10.48.42:24954?addrs=10.10.48.42-24954>
...
006 (8915337.000.000) 12/11 17:18:13 Image size of job updated: 115208
	18  -  MemoryUsage of job (MB)
	18372  -  ResidentSetSize of job (KB)
...
006 (8915337.000.000) 12/11 17:19:16 Image size of job updated: 192616
	18  -  MemoryUsage of job (MB)
	18372  -  ResidentSetSize of job (KB)
...
005 (8915337.000.000) 12/11 17:19:16 Job terminated.
	(1) Normal termination (return value 0)
		Usr 0 00:00:56, Sys 0 00:00:01  -  Run Remote Usage
		Usr 0 00:00:00, Sys 0 00:00:00  -  Run Local Usage
		Usr 0 00:00:56, Sys 0 00:00:01  -  Total Remote Usage
		Usr 0 00:00:00, Sys 0 00:00:00  -  Total Local Usage
	0  -  Run Bytes Sent By Job
	0  -  Run Bytes Received By Job
	0  -  Total Bytes Sent By Job
	0  -  Total Bytes Received By Job
	Partitionable Resources :    Usage  Request Allocated
	   Cpus                 :                 1         1
	   Disk (KB)            :        1        1  16729390
	   Memory (MB)          :       18        1      4023
...
000 (8915499.000.000) 12/11 22:46:51 Job submitted from host: <10.10.48.31:12542?addrs=10.10.48.31-12542>
...
001 (8915499.000.000) 12/11 22:47:11 Job executing on host: <10.10.48.41:20766?addrs=10.10.48.41-20766>
...
006 (8915499.000.000) 12/11 22:47:20 Image size of job updated: 192316
	39  -  MemoryUsage of job (MB)
	39548  -  ResidentSetSize of job (KB)
...
006 (8915499.000.000) 12/11 22:47:35 Image size of job updated: 192456
	39  -  MemoryUsage of job (MB)
	39548  -  ResidentSetSize of job (KB)
...
005 (8915499.000.000) 12/11 22:47:35 Job terminated.
	(1) Normal termination (return value 0)
		Usr 0 00:00:08, Sys 0 00:00:00  -  Run Remote Usage
		Usr 0 00:00:00, Sys 0 00:00:00  -  Run Local Usage
		Usr 0 00:00:08, Sys 0 00:00:00  -  Total Remote Usage
		Usr 0 00:00:00, Sys 0 00:00:00  -  Total Local Usage
	0  -  Run Bytes Sent By Job
	0  -  Run Bytes Received By Job
	0  -  Total Bytes Sent By Job
	0  -  Total Bytes Received By Job
	Partitionable Resources :    Usage  Request Allocated
	   Cpus                 :                 1         1
	   Disk (KB)            :        1        1  16725261
	   Memory (MB)          :       39        1      4023
...
000 (8915631.000.000) 12/11 22:56:57 Job submitted from host: <10.10.48.31:12542?addrs=10.10.48.31-12542>
...
001 (8915631.000.000) 12/11 22:57:18 Job executing on host: <10.10.48.41:20766?addrs=10.10.48.41-20766>
...
006 (8915631.000.000) 12/11 22:57:23 Image size of job updated: 190636
	0  -  MemoryUsage of job (MB)
	0  -  ResidentSetSize of job (KB)
...
005 (8915631.000.000) 12/11 22:57:24 Job terminated.
	(1) Normal termination (return value 0)
		Usr 0 00:00:00, Sys 0 00:00:00  -  Run Remote Usage
		Usr 0 00:00:00, Sys 0 00:00:00  -  Run Local Usage
		Usr 0 00:00:00, Sys 0 00:00:00  -  Total Remote Usage
		Usr 0 00:00:00, Sys 0 00:00:00  -  Total Local Usage
	0  -  Run Bytes Sent By Job
	0  -  Run Bytes Received By Job
	0  -  Total Bytes Sent By Job
	0  -  Total Bytes Received By Job
	Partitionable Resources :    Usage  Request Allocated
	   Cpus                 :                 1         1
	   Disk (KB)            :        1        1  16725236
	   Memory (MB)          :        0        1      4023
...
000 (8915763.000.000) 12/11 23:08:58 Job submitted from host: <10.10.48.31:12542?addrs=10.10.48.31-12542>
...
001 (8915763.000.000) 12/11 23:09:05 Job executing on host: <10.10.48.41:20766?addrs=10.10.48.41-20766>
...
006 (8915763.000.000) 12/11 23:09:15 Image size of job updated: 115336
	18  -  MemoryUsage of job (MB)
	17960  -  ResidentSetSize of job (KB)
...
006 (8915763.000.000) 12/11 23:10:32 Image size of job updated: 192992
	18  -  MemoryUsage of job (MB)
	17960  -  ResidentSetSize of job (KB)
...
005 (8915763.000.000) 12/11 23:10:32 Job terminated.
	(1) Normal termination (return value 1)
		Usr 0 00:00:27, Sys 0 00:00:00  -  Run Remote Usage
		Usr 0 00:00:00, Sys 0 00:00:00  -  Run Local Usage
		Usr 0 00:00:27, Sys 0 00:00:00  -  Total Remote Usage
		Usr 0 00:00:00, Sys 0 00:00:00  -  Total Local Usage
	0  -  Run Bytes Sent By Job
	0  -  Run Bytes Received By Job
	0  -  Total Bytes Sent By Job
	0  -  Total Bytes Received By Job
	Partitionable Resources :    Usage  Request Allocated
	   Cpus                 :                 1         1
	   Disk (KB)            :        1        1  16725205
	   Memory (MB)          :       18        1      4023
...
000 (8915925.000.000) 12/11 23:22:21 Job submitted from host: <10.10.48.31:12542?addrs=10.10.48.31-12542>
...
001 (8915925.000.000) 12/11 23:22:29 Job executing on host: <10.10.48.41:20766?addrs=10.10.48.41-20766>
...
006 (8915925.000.000) 12/11 23:22:37 Image size of job updated: 193016
	40  -  MemoryUsage of job (MB)
	40192  -  ResidentSetSize of job (KB)
...
005 (8915925.000.000) 12/11 23:22:43 Job terminated.
	(1) Normal termination (return value 0)
		Usr 0 00:00:12, Sys 0 00:00:00  -  Run Remote Usage
		Usr 0 00:00:00, Sys 0 00:00:00  -  Run Local Usage
		Usr 0 00:00:12, Sys 0 00:00:00  -  Total Remote Usage
		Usr 0 00:00:00, Sys 0 00:00:00  -  Total Local Usage
	0  -  Run Bytes Sent By Job
	0  -  Run Bytes Received By Job
	0  -  Total Bytes Sent By Job
	0  -  Total Bytes Received By Job
	Partitionable Resources :    Usage  Request Allocated
	   Cpus                 :                 1         1
	   Disk (KB)            :        1        1  16725172
	   Memory (MB)          :       40        1      4023
...
000 (8916088.000.000) 12/12 14:23:29 Job submitted from host: <10.10.48.31:12542?addrs=10.10.48.31-12542>
...
001 (8916088.000.000) 12/12 14:23:50 Job executing on host: <10.10.48.41:20766?addrs=10.10.48.41-20766>
...
006 (8916088.000.000) 12/12 14:23:58 Image size of job updated: 115600
	17  -  MemoryUsage of job (MB)
	16956  -  ResidentSetSize of job (KB)
...
006 (8916088.000.000) 12/12 14:24:07 Image size of job updated: 192668
	17  -  MemoryUsage of job (MB)
	16956  -  ResidentSetSize of job (KB)
...
005 (8916088.000.000) 12/12 14:24:07 Job terminated.
	(1) Normal termination (return value 0)
		Usr 0 00:00:02, Sys 0 00:00:00  -  Run Remote Usage
		Usr 0 00:00:00, Sys 0 00:00:00  -  Run Local Usage
		Usr 0 00:00:02, Sys 0 00:00:00  -  Total Remote Usage
		Usr 0 00:00:00, Sys 0 00:00:00  -  Total Local Usage
	0  -  Run Bytes Sent By Job
	0  -  Run Bytes Received By Job
	0  -  Total Bytes Sent By Job
	0  -  Total Bytes Received By Job
	Partitionable Resources :    Usage  Request Allocated
	   Cpus                 :                 1         1
	   Disk (KB)            :        1        1  16725187
	   Memory (MB)          :       17        1      4023
...
000 (9637133.000.000) 02/27 16:01:31 Job submitted from host: <10.10.48.31:15410?addrs=10.10.48.31-15410>
...
001 (9637133.000.000) 02/27 16:01:48 Job executing on host: <10.10.48.35:24288?addrs=10.10.48.35-24288>
...
006 (9637133.000.000) 02/27 16:01:57 Image size of job updated: 176156
	30  -  MemoryUsage of job (MB)
	30532  -  ResidentSetSize of job (KB)
...
006 (9637133.000.000) 02/27 16:06:58 Image size of job updated: 190768
	43  -  MemoryUsage of job (MB)
	43844  -  ResidentSetSize of job (KB)
...
005 (9637133.000.000) 02/27 16:08:41 Job terminated.
	(1) Normal termination (return value 0)
		Usr 0 00:00:35, Sys 0 00:00:00  -  Run Remote Usage
		Usr 0 00:00:00, Sys 0 00:00:00  -  Run Local Usage
		Usr 0 00:00:35, Sys 0 00:00:00  -  Total Remote Usage
		Usr 0 00:00:00, Sys 0 00:00:00  -  Total Local Usage
	0  -  Run Bytes Sent By Job
	0  -  Run Bytes Received By Job
	0  -  Total Bytes Sent By Job
	0  -  Total Bytes Received By Job
	Partitionable Resources :    Usage  Request Allocated
	   Cpus                 :                 1         1
	   Disk (KB)            :        1        1  16724161
	   Memory (MB)          :       43        1      4023
...
000 (9643714.000.000) 02/27 20:47:07 Job submitted from host: <10.10.48.31:15410?addrs=10.10.48.31-15410>
...
001 (9643714.000.000) 02/27 20:47:17 Job executing on host: <10.10.48.143:56523?addrs=10.10.48.143-56523>
...
006 (9643714.000.000) 02/27 20:47:18 Image size of job updated: 230320
	0  -  MemoryUsage of job (MB)
	0  -  ResidentSetSize of job (KB)
...
005 (9643714.000.000) 02/27 20:47:18 Job terminated.
	(1) Normal termination (return value 0)
		Usr 0 00:00:00, Sys 0 00:00:00  -  Run Remote Usage
		Usr 0 00:00:00, Sys 0 00:00:00  -  Run Local Usage
		Usr 0 00:00:00, Sys 0 00:00:00  -  Total Remote Usage
		Usr 0 00:00:00, Sys 0 00:00:00  -  Total Local Usage
	0  -  Run Bytes Sent By Job
	0  -  Run Bytes Received By Job
	0  -  Total Bytes Sent By Job
	0  -  Total Bytes Received By Job
	Partitionable Resources :    Usage  Request Allocated
	   Cpus                 :                 1         1
	   Disk (KB)            :        1        1  13384575
	   Memory (MB)          :        0        1      6441
...
