000 (9637434.000.000) 02/27 16:08:34 Job submitted from host: <10.10.48.31:15410?addrs=10.10.48.31-15410>
...
001 (9637434.000.000) 02/27 16:08:41 Job executing on host: <10.10.48.35:24288?addrs=10.10.48.35-24288>
...
006 (9637434.000.000) 02/27 16:08:49 Image size of job updated: 1
	2  -  MemoryUsage of job (MB)
	1808  -  ResidentSetSize of job (KB)
...
006 (9637434.000.000) 02/27 16:11:11 Image size of job updated: 192420
	2  -  MemoryUsage of job (MB)
	1808  -  ResidentSetSize of job (KB)
...
005 (9637434.000.000) 02/27 16:11:11 Job terminated.
	(1) Normal termination (return value 0)
		Usr 0 00:00:25, Sys 0 00:00:00  -  Run Remote Usage
		Usr 0 00:00:00, Sys 0 00:00:00  -  Run Local Usage
		Usr 0 00:00:25, Sys 0 00:00:00  -  Total Remote Usage
		Usr 0 00:00:00, Sys 0 00:00:00  -  Total Local Usage
	0  -  Run Bytes Sent By Job
	0  -  Run Bytes Received By Job
	0  -  Total Bytes Sent By Job
	0  -  Total Bytes Received By Job
	Partitionable Resources :    Usage  Request Allocated
	   Cpus                 :                 1         1
	   Disk (KB)            :        1        1  16724161
	   Memory (MB)          :        2        1      4023
...
000 (9643917.000.000) 02/27 20:47:41 Job submitted from host: <10.10.48.31:15410?addrs=10.10.48.31-15410>
...
001 (9643917.000.000) 02/27 20:47:42 Job executing on host: <10.10.48.143:56523?addrs=10.10.48.143-56523>
...
006 (9643917.000.000) 02/27 20:47:43 Image size of job updated: 249284
	0  -  MemoryUsage of job (MB)
	0  -  ResidentSetSize of job (KB)
...
005 (9643917.000.000) 02/27 20:47:43 Job terminated.
	(1) Normal termination (return value 0)
		Usr 0 00:00:00, Sys 0 00:00:00  -  Run Remote Usage
		Usr 0 00:00:00, Sys 0 00:00:00  -  Run Local Usage
		Usr 0 00:00:00, Sys 0 00:00:00  -  Total Remote Usage
		Usr 0 00:00:00, Sys 0 00:00:00  -  Total Local Usage
	0  -  Run Bytes Sent By Job
	0  -  Run Bytes Received By Job
	0  -  Total Bytes Sent By Job
	0  -  Total Bytes Received By Job
	Partitionable Resources :    Usage  Request Allocated
	   Cpus                 :                 1         1
	   Disk (KB)            :        1        1  13384526
	   Memory (MB)          :        0        1      6441
...
