000 (8914328.000.000) 12/10 23:42:59 Job submitted from host: <10.10.48.31:12542?addrs=10.10.48.31-12542>
...
001 (8914328.000.000) 12/10 23:43:07 Job executing on host: <10.10.48.133:42257?addrs=10.10.48.133-42257>
...
006 (8914328.000.000) 12/10 23:43:08 Image size of job updated: 176148
	0  -  MemoryUsage of job (MB)
	0  -  ResidentSetSize of job (KB)
...
005 (8914328.000.000) 12/10 23:43:09 Job terminated.
	(1) Normal termination (return value 1)
		Usr 0 00:00:00, Sys 0 00:00:00  -  Run Remote Usage
		Usr 0 00:00:00, Sys 0 00:00:00  -  Run Local Usage
		Usr 0 00:00:00, Sys 0 00:00:00  -  Total Remote Usage
		Usr 0 00:00:00, Sys 0 00:00:00  -  Total Local Usage
	0  -  Run Bytes Sent By Job
	0  -  Run Bytes Received By Job
	0  -  Total Bytes Sent By Job
	0  -  Total Bytes Received By Job
	Partitionable Resources :    Usage  Request Allocated
	   Cpus                 :                 1         1
	   Disk (KB)            :        1        1  13386734
	   Memory (MB)          :        0        1      6441
...
000 (8914490.000.000) 12/10 23:49:07 Job submitted from host: <10.10.48.31:12542?addrs=10.10.48.31-12542>
...
001 (8914490.000.000) 12/10 23:49:20 Job executing on host: <10.10.48.41:20766?addrs=10.10.48.41-20766>
...
006 (8914490.000.000) 12/10 23:49:28 Image size of job updated: 176152
	30  -  MemoryUsage of job (MB)
	30212  -  ResidentSetSize of job (KB)
...
006 (8914490.000.000) 12/10 23:54:28 Image size of job updated: 192892
	40  -  MemoryUsage of job (MB)
	40708  -  ResidentSetSize of job (KB)
...
006 (8914490.000.000) 12/10 23:59:30 Image size of job updated: 194464
	45  -  MemoryUsage of job (MB)
	45252  -  ResidentSetSize of job (KB)
...
006 (8914490.000.000) 12/11 00:04:30 Image size of job updated: 195712
	46  -  MemoryUsage of job (MB)
	46936  -  ResidentSetSize of job (KB)
...
006 (8914490.000.000) 12/11 00:05:35 Image size of job updated: 196308
	46  -  MemoryUsage of job (MB)
	46936  -  ResidentSetSize of job (KB)
...
005 (8914490.000.000) 12/11 00:05:35 Job terminated.
	(1) Normal termination (return value 0)
		Usr 0 00:10:11, Sys 0 00:00:12  -  Run Remote Usage
		Usr 0 00:00:00, Sys 0 00:00:00  -  Run Local Usage
		Usr 0 00:10:11, Sys 0 00:00:12  -  Total Remote Usage
		Usr 0 00:00:00, Sys 0 00:00:00  -  Total Local Usage
	0  -  Run Bytes Sent By Job
	0  -  Run Bytes Received By Job
	0  -  Total Bytes Sent By Job
	0  -  Total Bytes Received By Job
	Partitionable Resources :    Usage  Request Allocated
	   Cpus                 :                 1         1
	   Disk (KB)            :        1        1  16725276
	   Memory (MB)          :       46        1      4023
...
000 (8914652.000.000) 12/11 16:48:25 Job submitted from host: <10.10.48.31:12542?addrs=10.10.48.31-12542>
...
001 (8914652.000.000) 12/11 16:48:40 Job executing on host: <10.10.48.145:26377?addrs=10.10.48.145-26377>
...
006 (8914652.000.000) 12/11 16:48:48 Image size of job updated: 186100
	34  -  MemoryUsage of job (MB)
	34184  -  ResidentSetSize of job (KB)
...
006 (8914652.000.000) 12/11 16:53:48 Image size of job updated: 192852
	40  -  MemoryUsage of job (MB)
	40600  -  ResidentSetSize of job (KB)
...
006 (8914652.000.000) 12/11 16:58:49 Image size of job updated: 194460
	44  -  MemoryUsage of job (MB)
	44356  -  ResidentSetSize of job (KB)
...
006 (8914652.000.000) 12/11 17:03:50 Image size of job updated: 195696
	46  -  MemoryUsage of job (MB)
	46572  -  ResidentSetSize of job (KB)
...
006 (8914652.000.000) 12/11 17:05:08 Image size of job updated: 196448
	46  -  MemoryUsage of job (MB)
	46572  -  ResidentSetSize of job (KB)
...
005 (8914652.000.000) 12/11 17:05:08 Job terminated.
	(1) Normal termination (return value 0)
		Usr 0 00:11:53, Sys 0 00:00:12  -  Run Remote Usage
		Usr 0 00:00:00, Sys 0 00:00:00  -  Run Local Usage
		Usr 0 00:11:53, Sys 0 00:00:12  -  Total Remote Usage
		Usr 0 00:00:00, Sys 0 00:00:00  -  Total Local Usage
	0  -  Run Bytes Sent By Job
	0  -  Run Bytes Received By Job
	0  -  Total Bytes Sent By Job
	0  -  Total Bytes Received By Job
	Partitionable Resources :    Usage  Request Allocated
	   Cpus                 :                 1         1
	   Disk (KB)            :        1        1  13384492
	   Memory (MB)          :       46        1      6441
...
000 (8915414.000.000) 12/11 17:17:55 Job submitted from host: <10.10.48.31:12542?addrs=10.10.48.31-12542>
...
001 (8915414.000.000) 12/11 17:18:04 Job executing on host: <10.10.48.146:51717?addrs=10.10.48.146-51717>
...
006 (8915414.000.000) 12/11 17:18:12 Image size of job updated: 186128
	34  -  MemoryUsage of job (MB)
	34172  -  ResidentSetSize of job (KB)
...
006 (8915414.000.000) 12/11 17:23:12 Image size of job updated: 205748
	53  -  MemoryUsage of job (MB)
	53268  -  ResidentSetSize of job (KB)
...
006 (8915414.000.000) 12/11 17:28:13 Image size of job updated: 219804
	65  -  MemoryUsage of job (MB)
	66560  -  ResidentSetSize of job (KB)
...
006 (8915414.000.000) 12/11 17:30:33 Image size of job updated: 225840
	65  -  MemoryUsage of job (MB)
	66560  -  ResidentSetSize of job (KB)
...
005 (8915414.000.000) 12/11 17:30:33 Job terminated.
	(1) Normal termination (return value 0)
		Usr 0 00:11:09, Sys 0 00:00:10  -  Run Remote Usage
		Usr 0 00:00:00, Sys 0 00:00:00  -  Run Local Usage
		Usr 0 00:11:09, Sys 0 00:00:10  -  Total Remote Usage
		Usr 0 00:00:00, Sys 0 00:00:00  -  Total Local Usage
	0  -  Run Bytes Sent By Job
	0  -  Run Bytes Received By Job
	0  -  Total Bytes Sent By Job
	0  -  Total Bytes Received By Job
	Partitionable Resources :    Usage  Request Allocated
	   Cpus                 :                 1         1
	   Disk (KB)            :        1        1  13347858
	   Memory (MB)          :       65        1      6441
...
000 (8915576.000.000) 12/11 22:47:01 Job submitted from host: <10.10.48.31:12542?addrs=10.10.48.31-12542>
...
001 (8915576.000.000) 12/11 22:47:14 Job executing on host: <10.10.48.145:26377?addrs=10.10.48.145-26377>
...
006 (8915576.000.000) 12/11 22:47:23 Image size of job updated: 121624
	19  -  MemoryUsage of job (MB)
	18776  -  ResidentSetSize of job (KB)
...
006 (8915576.000.000) 12/11 22:52:24 Image size of job updated: 192608
	39  -  MemoryUsage of job (MB)
	39036  -  ResidentSetSize of job (KB)
...
006 (8915576.000.000) 12/11 22:55:03 Image size of job updated: 193084
	39  -  MemoryUsage of job (MB)
	39036  -  ResidentSetSize of job (KB)
...
005 (8915576.000.000) 12/11 22:55:04 Job terminated.
	(1) Normal termination (return value 0)
		Usr 0 00:04:19, Sys 0 00:00:04  -  Run Remote Usage
		Usr 0 00:00:00, Sys 0 00:00:00  -  Run Local Usage
		Usr 0 00:04:19, Sys 0 00:00:04  -  Total Remote Usage
		Usr 0 00:00:00, Sys 0 00:00:00  -  Total Local Usage
	0  -  Run Bytes Sent By Job
	0  -  Run Bytes Received By Job
	0  -  Total Bytes Sent By Job
	0  -  Total Bytes Received By Job
	Partitionable Resources :    Usage  Request Allocated
	   Cpus                 :                 1         1
	   Disk (KB)            :        1        1  13384482
	   Memory (MB)          :       39        1      6441
...
000 (8915708.000.000) 12/11 22:57:31 Job submitted from host: <10.10.48.31:12542?addrs=10.10.48.31-12542>
...
001 (8915708.000.000) 12/11 22:57:39 Job executing on host: <10.10.48.141:50603?addrs=10.10.48.141-50603>
...
006 (8915708.000.000) 12/11 22:57:47 Image size of job updated: 1
	2  -  MemoryUsage of job (MB)
	1872  -  ResidentSetSize of job (KB)
...
006 (8915708.000.000) 12/11 23:02:47 Image size of job updated: 199440
	45  -  MemoryUsage of job (MB)
	45720  -  ResidentSetSize of job (KB)
...
005 (8915708.000.000) 12/11 23:02:48 Job terminated.
	(1) Normal termination (return value 0)
		Usr 0 00:04:09, Sys 0 00:00:03  -  Run Remote Usage
		Usr 0 00:00:00, Sys 0 00:00:00  -  Run Local Usage
		Usr 0 00:04:09, Sys 0 00:00:03  -  Total Remote Usage
		Usr 0 00:00:00, Sys 0 00:00:00  -  Total Local Usage
	0  -  Run Bytes Sent By Job
	0  -  Run Bytes Received By Job
	0  -  Total Bytes Sent By Job
	0  -  Total Bytes Received By Job
	Partitionable Resources :    Usage  Request Allocated
	   Cpus                 :                 1         1
	   Disk (KB)            :        1        1  13376475
	   Memory (MB)          :       45        1      6441
...
000 (8915840.000.000) 12/11 23:09:10 Job submitted from host: <10.10.48.31:12542?addrs=10.10.48.31-12542>
...
001 (8915840.000.000) 12/11 23:09:25 Job executing on host: <10.10.48.145:26377?addrs=10.10.48.145-26377>
...
006 (8915840.000.000) 12/11 23:09:34 Image size of job updated: 175344
	28  -  MemoryUsage of job (MB)
	27952  -  ResidentSetSize of job (KB)
...
006 (8915840.000.000) 12/11 23:14:35 Image size of job updated: 193156
	39  -  MemoryUsage of job (MB)
	39348  -  ResidentSetSize of job (KB)
...
006 (8915840.000.000) 12/11 23:19:35 Image size of job updated: 194024
	40  -  MemoryUsage of job (MB)
	40688  -  ResidentSetSize of job (KB)
...
000 (8916002.000.000) 12/11 23:22:30 Job submitted from host: <10.10.48.31:12542?addrs=10.10.48.31-12542>
...
001 (8916002.000.000) 12/11 23:22:46 Job executing on host: <10.10.48.145:26377?addrs=10.10.48.145-26377>
...
006 (8916002.000.000) 12/11 23:22:54 Image size of job updated: 193348
	37  -  MemoryUsage of job (MB)
	37652  -  ResidentSetSize of job (KB)
...
006 (8915840.000.000) 12/11 23:24:36 Image size of job updated: 197416
	43  -  MemoryUsage of job (MB)
	43856  -  ResidentSetSize of job (KB)
...
006 (8916002.000.000) 12/11 23:27:54 Image size of job updated: 199384
	44  -  MemoryUsage of job (MB)
	44308  -  ResidentSetSize of job (KB)
...
006 (8916002.000.000) 12/11 23:29:28 Image size of job updated: 199536
	44  -  MemoryUsage of job (MB)
	44308  -  ResidentSetSize of job (KB)
...
006 (8915840.000.000) 12/11 23:29:28 Image size of job updated: 199648
	43  -  MemoryUsage of job (MB)
	43856  -  ResidentSetSize of job (KB)
...
005 (8916002.000.000) 12/11 23:29:28 Job terminated.
	(1) Normal termination (return value 0)
		Usr 0 00:03:57, Sys 0 00:00:04  -  Run Remote Usage
		Usr 0 00:00:00, Sys 0 00:00:00  -  Run Local Usage
		Usr 0 00:03:57, Sys 0 00:00:04  -  Total Remote Usage
		Usr 0 00:00:00, Sys 0 00:00:00  -  Total Local Usage
	0  -  Run Bytes Sent By Job
	0  -  Run Bytes Received By Job
	0  -  Total Bytes Sent By Job
	0  -  Total Bytes Received By Job
	Partitionable Resources :    Usage  Request Allocated
	   Cpus                 :                 1         1
	   Disk (KB)            :        1        1  13384457
	   Memory (MB)          :       44        1      6441
...
005 (8915840.000.000) 12/11 23:29:28 Job terminated.
	(1) Normal termination (return value 1)
		Usr 0 00:05:07, Sys 0 00:00:07  -  Run Remote Usage
		Usr 0 00:00:00, Sys 0 00:00:00  -  Run Local Usage
		Usr 0 00:05:07, Sys 0 00:00:07  -  Total Remote Usage
		Usr 0 00:00:00, Sys 0 00:00:00  -  Total Local Usage
	0  -  Run Bytes Sent By Job
	0  -  Run Bytes Received By Job
	0  -  Total Bytes Sent By Job
	0  -  Total Bytes Received By Job
	Partitionable Resources :    Usage  Request Allocated
	   Cpus                 :                 1         1
	   Disk (KB)            :        1        1  13384436
	   Memory (MB)          :       43        1      6441
...
000 (8916165.000.000) 12/12 14:23:39 Job submitted from host: <10.10.48.31:12542?addrs=10.10.48.31-12542>
...
001 (8916165.000.000) 12/12 14:23:52 Job executing on host: <10.10.48.145:26377?addrs=10.10.48.145-26377>
...
006 (8916165.000.000) 12/12 14:24:00 Image size of job updated: 1
	2  -  MemoryUsage of job (MB)
	1872  -  ResidentSetSize of job (KB)
...
006 (8916165.000.000) 12/12 14:29:00 Image size of job updated: 195120
	42  -  MemoryUsage of job (MB)
	42652  -  ResidentSetSize of job (KB)
...
006 (8916165.000.000) 12/12 14:30:39 Image size of job updated: 197880
	42  -  MemoryUsage of job (MB)
	42652  -  ResidentSetSize of job (KB)
...
005 (8916165.000.000) 12/12 14:30:39 Job terminated.
	(1) Normal termination (return value 0)
		Usr 0 00:01:53, Sys 0 00:00:02  -  Run Remote Usage
		Usr 0 00:00:00, Sys 0 00:00:00  -  Run Local Usage
		Usr 0 00:01:53, Sys 0 00:00:02  -  Total Remote Usage
		Usr 0 00:00:00, Sys 0 00:00:00  -  Total Local Usage
	0  -  Run Bytes Sent By Job
	0  -  Run Bytes Received By Job
	0  -  Total Bytes Sent By Job
	0  -  Total Bytes Received By Job
	Partitionable Resources :    Usage  Request Allocated
	   Cpus                 :                 1         1
	   Disk (KB)            :        1        1  13384493
	   Memory (MB)          :       42        1      6441
...
