000 (8914397.000.000) 12/10 23:43:11 Job submitted from host: <10.10.48.31:12542?addrs=10.10.48.31-12542>
...
001 (8914397.000.000) 12/10 23:43:14 Job executing on host: <10.10.48.138:10254?addrs=10.10.48.138-10254>
...
006 (8914397.000.000) 12/10 23:43:15 Image size of job updated: 172792
	0  -  MemoryUsage of job (MB)
	0  -  ResidentSetSize of job (KB)
...
005 (8914397.000.000) 12/10 23:43:15 Job terminated.
	(1) Normal termination (return value 1)
		Usr 0 00:00:00, Sys 0 00:00:00  -  Run Remote Usage
		Usr 0 00:00:00, Sys 0 00:00:00  -  Run Local Usage
		Usr 0 00:00:00, Sys 0 00:00:00  -  Total Remote Usage
		Usr 0 00:00:00, Sys 0 00:00:00  -  Total Local Usage
	0  -  Run Bytes Sent By Job
	0  -  Run Bytes Received By Job
	0  -  Total Bytes Sent By Job
	0  -  Total Bytes Received By Job
	Partitionable Resources :    Usage  Request Allocated
	   Cpus                 :                 1         1
	   Disk (KB)            :        1        1  13380609
	   Memory (MB)          :        0        1      6441
...
000 (8914559.000.000) 12/10 23:52:30 Job submitted from host: <10.10.48.31:12542?addrs=10.10.48.31-12542>
...
001 (8914559.000.000) 12/10 23:53:20 Job executing on host: <10.10.48.41:20766?addrs=10.10.48.41-20766>
...
006 (8914559.000.000) 12/10 23:53:28 Image size of job updated: 185592
	34  -  MemoryUsage of job (MB)
	34140  -  ResidentSetSize of job (KB)
...
006 (8914559.000.000) 12/10 23:55:26 Image size of job updated: 192428
	34  -  MemoryUsage of job (MB)
	34140  -  ResidentSetSize of job (KB)
...
005 (8914559.000.000) 12/10 23:55:26 Job terminated.
	(1) Normal termination (return value 0)
		Usr 0 00:01:06, Sys 0 00:00:01  -  Run Remote Usage
		Usr 0 00:00:00, Sys 0 00:00:00  -  Run Local Usage
		Usr 0 00:01:06, Sys 0 00:00:01  -  Total Remote Usage
		Usr 0 00:00:00, Sys 0 00:00:00  -  Total Local Usage
	0  -  Run Bytes Sent By Job
	0  -  Run Bytes Received By Job
	0  -  Total Bytes Sent By Job
	0  -  Total Bytes Received By Job
	Partitionable Resources :    Usage  Request Allocated
	   Cpus                 :                 1         1
	   Disk (KB)            :        1        1  16725277
	   Memory (MB)          :       34        1      4023
...
000 (8914721.000.000) 12/11 16:51:31 Job submitted from host: <10.10.48.31:12542?addrs=10.10.48.31-12542>
...
001 (8914721.000.000) 12/11 16:51:37 Job executing on host: <10.10.48.41:20766?addrs=10.10.48.41-20766>
...
006 (8914721.000.000) 12/11 16:51:46 Image size of job updated: 1
	2  -  MemoryUsage of job (MB)
	1816  -  ResidentSetSize of job (KB)
...
006 (8914721.000.000) 12/11 16:53:47 Image size of job updated: 192444
	2  -  MemoryUsage of job (MB)
	1816  -  ResidentSetSize of job (KB)
...
005 (8914721.000.000) 12/11 16:53:47 Job terminated.
	(1) Normal termination (return value 0)
		Usr 0 00:00:59, Sys 0 00:00:01  -  Run Remote Usage
		Usr 0 00:00:00, Sys 0 00:00:00  -  Run Local Usage
		Usr 0 00:00:59, Sys 0 00:00:01  -  Total Remote Usage
		Usr 0 00:00:00, Sys 0 00:00:00  -  Total Local Usage
	0  -  Run Bytes Sent By Job
	0  -  Run Bytes Received By Job
	0  -  Total Bytes Sent By Job
	0  -  Total Bytes Received By Job
	Partitionable Resources :    Usage  Request Allocated
	   Cpus                 :                 1         1
	   Disk (KB)            :        1        1  16725316
	   Memory (MB)          :        2        1      4023
...
000 (8915483.000.000) 12/11 17:19:53 Job submitted from host: <10.10.48.31:12542?addrs=10.10.48.31-12542>
...
001 (8915483.000.000) 12/11 17:20:23 Job executing on host: <10.10.48.33:59750?addrs=10.10.48.33-59750>
...
006 (8915483.000.000) 12/11 17:20:32 Image size of job updated: 192392
	40  -  MemoryUsage of job (MB)
	40152  -  ResidentSetSize of job (KB)
...
006 (8915483.000.000) 12/11 17:21:36 Image size of job updated: 192540
	40  -  MemoryUsage of job (MB)
	40152  -  ResidentSetSize of job (KB)
...
005 (8915483.000.000) 12/11 17:21:36 Job terminated.
	(1) Normal termination (return value 0)
		Usr 0 00:01:02, Sys 0 00:00:01  -  Run Remote Usage
		Usr 0 00:00:00, Sys 0 00:00:00  -  Run Local Usage
		Usr 0 00:01:02, Sys 0 00:00:01  -  Total Remote Usage
		Usr 0 00:00:00, Sys 0 00:00:00  -  Total Local Usage
	0  -  Run Bytes Sent By Job
	0  -  Run Bytes Received By Job
	0  -  Total Bytes Sent By Job
	0  -  Total Bytes Received By Job
	Partitionable Resources :    Usage  Request Allocated
	   Cpus                 :                 1         1
	   Disk (KB)            :        1        1  16723661
	   Memory (MB)          :       40        1      4023
...
000 (8915909.000.000) 12/11 23:11:20 Job submitted from host: <10.10.48.31:12542?addrs=10.10.48.31-12542>
...
001 (8915909.000.000) 12/11 23:11:21 Job executing on host: <10.10.48.141:50603?addrs=10.10.48.141-50603>
...
006 (8915909.000.000) 12/11 23:11:30 Image size of job updated: 184912
	33  -  MemoryUsage of job (MB)
	33084  -  ResidentSetSize of job (KB)
...
006 (8915909.000.000) 12/11 23:13:05 Image size of job updated: 192864
	33  -  MemoryUsage of job (MB)
	33084  -  ResidentSetSize of job (KB)
...
005 (8915909.000.000) 12/11 23:13:05 Job terminated.
	(1) Normal termination (return value 1)
		Usr 0 00:00:35, Sys 0 00:00:00  -  Run Remote Usage
		Usr 0 00:00:00, Sys 0 00:00:00  -  Run Local Usage
		Usr 0 00:00:35, Sys 0 00:00:00  -  Total Remote Usage
		Usr 0 00:00:00, Sys 0 00:00:00  -  Total Local Usage
	0  -  Run Bytes Sent By Job
	0  -  Run Bytes Received By Job
	0  -  Total Bytes Sent By Job
	0  -  Total Bytes Received By Job
	Partitionable Resources :    Usage  Request Allocated
	   Cpus                 :                 1         1
	   Disk (KB)            :        1        1  13376468
	   Memory (MB)          :       33        1      6441
...
000 (8916071.000.000) 12/11 23:23:34 Job submitted from host: <10.10.48.31:12542?addrs=10.10.48.31-12542>
...
001 (8916071.000.000) 12/11 23:23:39 Job executing on host: <10.10.48.141:50603?addrs=10.10.48.141-50603>
...
006 (8916071.000.000) 12/11 23:23:47 Image size of job updated: 1
	2  -  MemoryUsage of job (MB)
	1872  -  ResidentSetSize of job (KB)
...
006 (8916071.000.000) 12/11 23:23:59 Image size of job updated: 192856
	2  -  MemoryUsage of job (MB)
	1872  -  ResidentSetSize of job (KB)
...
005 (8916071.000.000) 12/11 23:23:59 Job terminated.
	(1) Normal termination (return value 0)
		Usr 0 00:00:18, Sys 0 00:00:00  -  Run Remote Usage
		Usr 0 00:00:00, Sys 0 00:00:00  -  Run Local Usage
		Usr 0 00:00:18, Sys 0 00:00:00  -  Total Remote Usage
		Usr 0 00:00:00, Sys 0 00:00:00  -  Total Local Usage
	0  -  Run Bytes Sent By Job
	0  -  Run Bytes Received By Job
	0  -  Total Bytes Sent By Job
	0  -  Total Bytes Received By Job
	Partitionable Resources :    Usage  Request Allocated
	   Cpus                 :                 1         1
	   Disk (KB)            :        1        1  13376471
	   Memory (MB)          :        2        1      6441
...
000 (9637329.000.000) 02/27 16:05:01 Job submitted from host: <10.10.48.31:15410?addrs=10.10.48.31-15410>
...
001 (9637329.000.000) 02/27 16:05:05 Job executing on host: <10.10.48.137:1935?addrs=10.10.48.137-1935>
...
006 (9637329.000.000) 02/27 16:05:14 Image size of job updated: 191084
	38  -  MemoryUsage of job (MB)
	38192  -  ResidentSetSize of job (KB)
...
005 (9637329.000.000) 02/27 16:05:28 Job terminated.
	(1) Normal termination (return value 0)
		Usr 0 00:00:03, Sys 0 00:00:00  -  Run Remote Usage
		Usr 0 00:00:00, Sys 0 00:00:00  -  Run Local Usage
		Usr 0 00:00:03, Sys 0 00:00:00  -  Total Remote Usage
		Usr 0 00:00:00, Sys 0 00:00:00  -  Total Local Usage
	0  -  Run Bytes Sent By Job
	0  -  Run Bytes Received By Job
	0  -  Total Bytes Sent By Job
	0  -  Total Bytes Received By Job
	Partitionable Resources :    Usage  Request Allocated
	   Cpus                 :                 1         1
	   Disk (KB)            :        1        1  13377734
	   Memory (MB)          :       38        1      6441
...
000 (9643860.000.000) 02/27 20:47:32 Job submitted from host: <10.10.48.31:15410?addrs=10.10.48.31-15410>
...
001 (9643860.000.000) 02/27 20:47:34 Job executing on host: <10.10.48.143:56523?addrs=10.10.48.143-56523>
...
006 (9643860.000.000) 02/27 20:47:35 Image size of job updated: 229708
	0  -  MemoryUsage of job (MB)
	0  -  ResidentSetSize of job (KB)
...
005 (9643860.000.000) 02/27 20:47:35 Job terminated.
	(1) Normal termination (return value 0)
		Usr 0 00:00:00, Sys 0 00:00:00  -  Run Remote Usage
		Usr 0 00:00:00, Sys 0 00:00:00  -  Run Local Usage
		Usr 0 00:00:00, Sys 0 00:00:00  -  Total Remote Usage
		Usr 0 00:00:00, Sys 0 00:00:00  -  Total Local Usage
	0  -  Run Bytes Sent By Job
	0  -  Run Bytes Received By Job
	0  -  Total Bytes Sent By Job
	0  -  Total Bytes Received By Job
	Partitionable Resources :    Usage  Request Allocated
	   Cpus                 :                 1         1
	   Disk (KB)            :        1        1  13384575
	   Memory (MB)          :        0        1      6441
...
