000 (8914278.000.000) 12/10 23:42:47 Job submitted from host: <10.10.48.31:12542?addrs=10.10.48.31-12542>
...
001 (8914278.000.000) 12/10 23:42:57 Job executing on host: <10.10.48.133:42257?addrs=10.10.48.133-42257>
...
006 (8914278.000.000) 12/10 23:42:57 Image size of job updated: 176148
	0  -  MemoryUsage of job (MB)
	0  -  ResidentSetSize of job (KB)
...
005 (8914278.000.000) 12/10 23:42:58 Job terminated.
	(1) Normal termination (return value 1)
		Usr 0 00:00:00, Sys 0 00:00:00  -  Run Remote Usage
		Usr 0 00:00:00, Sys 0 00:00:00  -  Run Local Usage
		Usr 0 00:00:00, Sys 0 00:00:00  -  Total Remote Usage
		Usr 0 00:00:00, Sys 0 00:00:00  -  Total Local Usage
	0  -  Run Bytes Sent By Job
	0  -  Run Bytes Received By Job
	0  -  Total Bytes Sent By Job
	0  -  Total Bytes Received By Job
	Partitionable Resources :    Usage  Request Allocated
	   Cpus                 :                 1         1
	   Disk (KB)            :        1        1  13386734
	   Memory (MB)          :        0        1      6441
...
000 (8914440.000.000) 12/10 23:49:00 Job submitted from host: <10.10.48.31:12542?addrs=10.10.48.31-12542>
...
001 (8914440.000.000) 12/10 23:49:18 Job executing on host: <10.10.48.133:42257?addrs=10.10.48.133-42257>
...
006 (8914440.000.000) 12/10 23:49:27 Image size of job updated: 185664
	33  -  MemoryUsage of job (MB)
	33648  -  ResidentSetSize of job (KB)
...
006 (8914440.000.000) 12/10 23:54:28 Image size of job updated: 194512
	42  -  MemoryUsage of job (MB)
	42164  -  ResidentSetSize of job (KB)
...
005 (8914440.000.000) 12/10 23:54:52 Job terminated.
	(1) Normal termination (return value 0)
		Usr 0 00:03:20, Sys 0 00:00:03  -  Run Remote Usage
		Usr 0 00:00:00, Sys 0 00:00:00  -  Run Local Usage
		Usr 0 00:03:20, Sys 0 00:00:03  -  Total Remote Usage
		Usr 0 00:00:00, Sys 0 00:00:00  -  Total Local Usage
	0  -  Run Bytes Sent By Job
	0  -  Run Bytes Received By Job
	0  -  Total Bytes Sent By Job
	0  -  Total Bytes Received By Job
	Partitionable Resources :    Usage  Request Allocated
	   Cpus                 :                 1         1
	   Disk (KB)            :        1        1  13386671
	   Memory (MB)          :       42        1      6441
...
000 (8914602.000.000) 12/11 16:48:18 Job submitted from host: <10.10.48.31:12542?addrs=10.10.48.31-12542>
...
001 (8914602.000.000) 12/11 16:48:37 Job executing on host: <10.10.48.35:61041?addrs=10.10.48.35-61041>
...
006 (8914602.000.000) 12/11 16:48:46 Image size of job updated: 185904
	33  -  MemoryUsage of job (MB)
	33684  -  ResidentSetSize of job (KB)
...
006 (8914602.000.000) 12/11 16:53:47 Image size of job updated: 194496
	44  -  MemoryUsage of job (MB)
	44912  -  ResidentSetSize of job (KB)
...
005 (8914602.000.000) 12/11 16:53:51 Job terminated.
	(1) Normal termination (return value 0)
		Usr 0 00:02:17, Sys 0 00:00:02  -  Run Remote Usage
		Usr 0 00:00:00, Sys 0 00:00:00  -  Run Local Usage
		Usr 0 00:02:17, Sys 0 00:00:02  -  Total Remote Usage
		Usr 0 00:00:00, Sys 0 00:00:00  -  Total Local Usage
	0  -  Run Bytes Sent By Job
	0  -  Run Bytes Received By Job
	0  -  Total Bytes Sent By Job
	0  -  Total Bytes Received By Job
	Partitionable Resources :    Usage  Request Allocated
	   Cpus                 :                 1         1
	   Disk (KB)            :        1        1  16721155
	   Memory (MB)          :       44        1      4023
...
000 (8915364.000.000) 12/11 17:17:49 Job submitted from host: <10.10.48.31:12542?addrs=10.10.48.31-12542>
...
001 (8915364.000.000) 12/11 17:18:02 Job executing on host: <10.10.48.37:22739?addrs=10.10.48.37-22739>
...
006 (8915364.000.000) 12/11 17:18:11 Image size of job updated: 186008
	34  -  MemoryUsage of job (MB)
	34132  -  ResidentSetSize of job (KB)
...
006 (8915364.000.000) 12/11 17:21:04 Image size of job updated: 193144
	34  -  MemoryUsage of job (MB)
	34132  -  ResidentSetSize of job (KB)
...
005 (8915364.000.000) 12/11 17:21:04 Job terminated.
	(1) Normal termination (return value 0)
		Usr 0 00:02:28, Sys 0 00:00:02  -  Run Remote Usage
		Usr 0 00:00:00, Sys 0 00:00:00  -  Run Local Usage
		Usr 0 00:02:28, Sys 0 00:00:02  -  Total Remote Usage
		Usr 0 00:00:00, Sys 0 00:00:00  -  Total Local Usage
	0  -  Run Bytes Sent By Job
	0  -  Run Bytes Received By Job
	0  -  Total Bytes Sent By Job
	0  -  Total Bytes Received By Job
	Partitionable Resources :    Usage  Request Allocated
	   Cpus                 :                 1         1
	   Disk (KB)            :        1        1  16727214
	   Memory (MB)          :       34        1      4023
...
000 (8915526.000.000) 12/11 22:46:54 Job submitted from host: <10.10.48.31:12542?addrs=10.10.48.31-12542>
...
001 (8915526.000.000) 12/11 22:47:12 Job executing on host: <10.10.48.35:61041?addrs=10.10.48.35-61041>
...
006 (8915526.000.000) 12/11 22:47:20 Image size of job updated: 183964
	32  -  MemoryUsage of job (MB)
	31808  -  ResidentSetSize of job (KB)
...
006 (8915526.000.000) 12/11 22:52:20 Image size of job updated: 192632
	40  -  MemoryUsage of job (MB)
	40480  -  ResidentSetSize of job (KB)
...
006 (8915526.000.000) 12/11 22:56:10 Image size of job updated: 192972
	40  -  MemoryUsage of job (MB)
	40480  -  ResidentSetSize of job (KB)
...
005 (8915526.000.000) 12/11 22:56:10 Job terminated.
	(1) Normal termination (return value 0)
		Usr 0 00:05:22, Sys 0 00:00:05  -  Run Remote Usage
		Usr 0 00:00:00, Sys 0 00:00:00  -  Run Local Usage
		Usr 0 00:05:22, Sys 0 00:00:05  -  Total Remote Usage
		Usr 0 00:00:00, Sys 0 00:00:00  -  Total Local Usage
	0  -  Run Bytes Sent By Job
	0  -  Run Bytes Received By Job
	0  -  Total Bytes Sent By Job
	0  -  Total Bytes Received By Job
	Partitionable Resources :    Usage  Request Allocated
	   Cpus                 :                 1         1
	   Disk (KB)            :        1        1  16721100
	   Memory (MB)          :       40        1      4023
...
000 (8915658.000.000) 12/11 22:57:01 Job submitted from host: <10.10.48.31:12542?addrs=10.10.48.31-12542>
...
001 (8915658.000.000) 12/11 22:57:18 Job executing on host: <10.10.48.35:61041?addrs=10.10.48.35-61041>
...
006 (8915658.000.000) 12/11 22:57:27 Image size of job updated: 192392
	38  -  MemoryUsage of job (MB)
	38364  -  ResidentSetSize of job (KB)
...
006 (8915658.000.000) 12/11 23:01:02 Image size of job updated: 198388
	38  -  MemoryUsage of job (MB)
	38364  -  ResidentSetSize of job (KB)
...
005 (8915658.000.000) 12/11 23:01:02 Job terminated.
	(1) Normal termination (return value 0)
		Usr 0 00:03:35, Sys 0 00:00:03  -  Run Remote Usage
		Usr 0 00:00:00, Sys 0 00:00:00  -  Run Local Usage
		Usr 0 00:03:35, Sys 0 00:00:03  -  Total Remote Usage
		Usr 0 00:00:00, Sys 0 00:00:00  -  Total Local Usage
	0  -  Run Bytes Sent By Job
	0  -  Run Bytes Received By Job
	0  -  Total Bytes Sent By Job
	0  -  Total Bytes Received By Job
	Partitionable Resources :    Usage  Request Allocated
	   Cpus                 :                 1         1
	   Disk (KB)            :        1        1  16721068
	   Memory (MB)          :       38        1      4023
...
000 (8915790.000.000) 12/11 23:09:02 Job submitted from host: <10.10.48.31:12542?addrs=10.10.48.31-12542>
...
001 (8915790.000.000) 12/11 23:09:03 Job executing on host: <10.10.48.35:61041?addrs=10.10.48.35-61041>
...
006 (8915790.000.000) 12/11 23:09:12 Image size of job updated: 184948
	33  -  MemoryUsage of job (MB)
	33600  -  ResidentSetSize of job (KB)
...
006 (8915790.000.000) 12/11 23:14:13 Image size of job updated: 193064
	40  -  MemoryUsage of job (MB)
	40932  -  ResidentSetSize of job (KB)
...
005 (8915790.000.000) 12/11 23:14:49 Job terminated.
	(1) Normal termination (return value 1)
		Usr 0 00:01:27, Sys 0 00:00:02  -  Run Remote Usage
		Usr 0 00:00:00, Sys 0 00:00:00  -  Run Local Usage
		Usr 0 00:01:27, Sys 0 00:00:02  -  Total Remote Usage
		Usr 0 00:00:00, Sys 0 00:00:00  -  Total Local Usage
	0  -  Run Bytes Sent By Job
	0  -  Run Bytes Received By Job
	0  -  Total Bytes Sent By Job
	0  -  Total Bytes Received By Job
	Partitionable Resources :    Usage  Request Allocated
	   Cpus                 :                 1         1
	   Disk (KB)            :        1        1  16721110
	   Memory (MB)          :       40        1      4023
...
000 (8915952.000.000) 12/11 23:22:23 Job submitted from host: <10.10.48.31:12542?addrs=10.10.48.31-12542>
...
001 (8915952.000.000) 12/11 23:22:45 Job executing on host: <10.10.48.141:50603?addrs=10.10.48.141-50603>
...
006 (8915952.000.000) 12/11 23:22:53 Image size of job updated: 192836
	38  -  MemoryUsage of job (MB)
	38088  -  ResidentSetSize of job (KB)
...
006 (8915952.000.000) 12/11 23:27:09 Image size of job updated: 192996
	38  -  MemoryUsage of job (MB)
	38088  -  ResidentSetSize of job (KB)
...
005 (8915952.000.000) 12/11 23:27:09 Job terminated.
	(1) Normal termination (return value 0)
		Usr 0 00:01:04, Sys 0 00:00:01  -  Run Remote Usage
		Usr 0 00:00:00, Sys 0 00:00:00  -  Run Local Usage
		Usr 0 00:01:04, Sys 0 00:00:01  -  Total Remote Usage
		Usr 0 00:00:00, Sys 0 00:00:00  -  Total Local Usage
	0  -  Run Bytes Sent By Job
	0  -  Run Bytes Received By Job
	0  -  Total Bytes Sent By Job
	0  -  Total Bytes Received By Job
	Partitionable Resources :    Usage  Request Allocated
	   Cpus                 :                 1         1
	   Disk (KB)            :        1        1  13376493
	   Memory (MB)          :       38        1      6441
...
000 (8916115.000.000) 12/12 14:23:32 Job submitted from host: <10.10.48.31:12542?addrs=10.10.48.31-12542>
...
001 (8916115.000.000) 12/12 14:23:49 Job executing on host: <10.10.48.35:61041?addrs=10.10.48.35-61041>
...
006 (8916115.000.000) 12/12 14:23:57 Image size of job updated: 179440
	29  -  MemoryUsage of job (MB)
	29600  -  ResidentSetSize of job (KB)
...
006 (8916115.000.000) 12/12 14:28:57 Image size of job updated: 225696
	74  -  MemoryUsage of job (MB)
	75508  -  ResidentSetSize of job (KB)
...
006 (8916115.000.000) 12/12 14:31:40 Image size of job updated: 287328
	74  -  MemoryUsage of job (MB)
	75508  -  ResidentSetSize of job (KB)
...
005 (8916115.000.000) 12/12 14:31:40 Job terminated.
	(1) Normal termination (return value 0)
		Usr 0 00:02:43, Sys 0 00:00:04  -  Run Remote Usage
		Usr 0 00:00:00, Sys 0 00:00:00  -  Run Local Usage
		Usr 0 00:02:43, Sys 0 00:00:04  -  Total Remote Usage
		Usr 0 00:00:00, Sys 0 00:00:00  -  Total Local Usage
	0  -  Run Bytes Sent By Job
	0  -  Run Bytes Received By Job
	0  -  Total Bytes Sent By Job
	0  -  Total Bytes Received By Job
	Partitionable Resources :    Usage  Request Allocated
	   Cpus                 :                 1         1
	   Disk (KB)            :        1        1  16721064
	   Memory (MB)          :       74        1      4023
...
