000 (9637443.000.000) 02/27 16:08:43 Job submitted from host: <10.10.48.31:15410?addrs=10.10.48.31-15410>
...
001 (9637443.000.000) 02/27 16:08:46 Job executing on host: <10.10.48.40:16453?addrs=10.10.48.40-16453>
...
006 (9637443.000.000) 02/27 16:08:54 Image size of job updated: 186728
	33  -  MemoryUsage of job (MB)
	33432  -  ResidentSetSize of job (KB)
...
006 (9637443.000.000) 02/27 16:09:43 Image size of job updated: 190908
	33  -  MemoryUsage of job (MB)
	33432  -  ResidentSetSize of job (KB)
...
005 (9637443.000.000) 02/27 16:09:43 Job terminated.
	(1) Normal termination (return value 0)
		Usr 0 00:00:01, Sys 0 00:00:00  -  Run Remote Usage
		Usr 0 00:00:00, Sys 0 00:00:00  -  Run Local Usage
		Usr 0 00:00:01, Sys 0 00:00:00  -  Total Remote Usage
		Usr 0 00:00:00, Sys 0 00:00:00  -  Total Local Usage
	0  -  Run Bytes Sent By Job
	0  -  Run Bytes Received By Job
	0  -  Total Bytes Sent By Job
	0  -  Total Bytes Received By Job
	Partitionable Resources :    Usage  Request Allocated
	   Cpus                 :                 1         1
	   Disk (KB)            :        1        1  16720868
	   Memory (MB)          :       33        1      4023
...
000 (9643920.000.000) 02/27 20:47:42 Job submitted from host: <10.10.48.31:15410?addrs=10.10.48.31-15410>
...
001 (9643920.000.000) 02/27 20:47:43 Job executing on host: <10.10.48.143:56523?addrs=10.10.48.143-56523>
...
006 (9643920.000.000) 02/27 20:47:44 Image size of job updated: 251624
	0  -  MemoryUsage of job (MB)
	0  -  ResidentSetSize of job (KB)
...
005 (9643920.000.000) 02/27 20:47:44 Job terminated.
	(1) Normal termination (return value 1)
		Usr 0 00:00:00, Sys 0 00:00:00  -  Run Remote Usage
		Usr 0 00:00:00, Sys 0 00:00:00  -  Run Local Usage
		Usr 0 00:00:00, Sys 0 00:00:00  -  Total Remote Usage
		Usr 0 00:00:00, Sys 0 00:00:00  -  Total Local Usage
	0  -  Run Bytes Sent By Job
	0  -  Run Bytes Received By Job
	0  -  Total Bytes Sent By Job
	0  -  Total Bytes Received By Job
	Partitionable Resources :    Usage  Request Allocated
	   Cpus                 :                 1         1
	   Disk (KB)            :        1        1  13384526
	   Memory (MB)          :        0        1      6441
...
