000 (8914358.000.000) 12/10 23:43:04 Job submitted from host: <10.10.48.31:12542?addrs=10.10.48.31-12542>
...
001 (8914358.000.000) 12/10 23:43:15 Job executing on host: <10.10.48.133:42257?addrs=10.10.48.133-42257>
...
006 (8914358.000.000) 12/10 23:43:16 Image size of job updated: 175916
	0  -  MemoryUsage of job (MB)
	0  -  ResidentSetSize of job (KB)
...
005 (8914358.000.000) 12/10 23:43:16 Job terminated.
	(1) Normal termination (return value 1)
		Usr 0 00:00:00, Sys 0 00:00:00  -  Run Remote Usage
		Usr 0 00:00:00, Sys 0 00:00:00  -  Run Local Usage
		Usr 0 00:00:00, Sys 0 00:00:00  -  Total Remote Usage
		Usr 0 00:00:00, Sys 0 00:00:00  -  Total Local Usage
	0  -  Run Bytes Sent By Job
	0  -  Run Bytes Received By Job
	0  -  Total Bytes Sent By Job
	0  -  Total Bytes Received By Job
	Partitionable Resources :    Usage  Request Allocated
	   Cpus                 :                 1         1
	   Disk (KB)            :        1        1  13386734
	   Memory (MB)          :        0        1      6441
...
000 (8914520.000.000) 12/10 23:50:27 Job submitted from host: <10.10.48.31:12542?addrs=10.10.48.31-12542>
...
001 (8914520.000.000) 12/10 23:51:41 Job executing on host: <10.10.48.44:53822?addrs=10.10.48.44-53822>
...
006 (8914520.000.000) 12/10 23:51:49 Image size of job updated: 184216
	30  -  MemoryUsage of job (MB)
	30644  -  ResidentSetSize of job (KB)
...
006 (8914520.000.000) 12/10 23:55:34 Image size of job updated: 192544
	30  -  MemoryUsage of job (MB)
	30644  -  ResidentSetSize of job (KB)
...
005 (8914520.000.000) 12/10 23:55:34 Job terminated.
	(1) Normal termination (return value 0)
		Usr 0 00:01:59, Sys 0 00:00:02  -  Run Remote Usage
		Usr 0 00:00:00, Sys 0 00:00:00  -  Run Local Usage
		Usr 0 00:01:59, Sys 0 00:00:02  -  Total Remote Usage
		Usr 0 00:00:00, Sys 0 00:00:00  -  Total Local Usage
	0  -  Run Bytes Sent By Job
	0  -  Run Bytes Received By Job
	0  -  Total Bytes Sent By Job
	0  -  Total Bytes Received By Job
	Partitionable Resources :    Usage  Request Allocated
	   Cpus                 :                 1         1
	   Disk (KB)            :        1        1  16726516
	   Memory (MB)          :       30        1      4023
...
000 (8914682.000.000) 12/11 16:49:41 Job submitted from host: <10.10.48.31:12542?addrs=10.10.48.31-12542>
...
001 (8914682.000.000) 12/11 16:49:46 Job executing on host: <10.10.48.35:61041?addrs=10.10.48.35-61041>
...
006 (8914682.000.000) 12/11 16:49:55 Image size of job updated: 185608
	32  -  MemoryUsage of job (MB)
	32472  -  ResidentSetSize of job (KB)
...
006 (8914682.000.000) 12/11 16:54:06 Image size of job updated: 192572
	32  -  MemoryUsage of job (MB)
	32472  -  ResidentSetSize of job (KB)
...
005 (8914682.000.000) 12/11 16:54:06 Job terminated.
	(1) Normal termination (return value 0)
		Usr 0 00:02:02, Sys 0 00:00:02  -  Run Remote Usage
		Usr 0 00:00:00, Sys 0 00:00:00  -  Run Local Usage
		Usr 0 00:02:02, Sys 0 00:00:02  -  Total Remote Usage
		Usr 0 00:00:00, Sys 0 00:00:00  -  Total Local Usage
	0  -  Run Bytes Sent By Job
	0  -  Run Bytes Received By Job
	0  -  Total Bytes Sent By Job
	0  -  Total Bytes Received By Job
	Partitionable Resources :    Usage  Request Allocated
	   Cpus                 :                 1         1
	   Disk (KB)            :        1        1  16721111
	   Memory (MB)          :       32        1      4023
...
000 (8915444.000.000) 12/11 17:18:49 Job submitted from host: <10.10.48.31:12542?addrs=10.10.48.31-12542>
...
001 (8915444.000.000) 12/11 17:19:44 Job executing on host: <10.10.48.135:49492?addrs=10.10.48.135-49492>
...
006 (8915444.000.000) 12/11 17:19:52 Image size of job updated: 192624
	39  -  MemoryUsage of job (MB)
	39876  -  ResidentSetSize of job (KB)
...
006 (8915444.000.000) 12/11 17:22:17 Image size of job updated: 196456
	39  -  MemoryUsage of job (MB)
	39876  -  ResidentSetSize of job (KB)
...
005 (8915444.000.000) 12/11 17:22:18 Job terminated.
	(1) Normal termination (return value 0)
		Usr 0 00:02:08, Sys 0 00:00:01  -  Run Remote Usage
		Usr 0 00:00:00, Sys 0 00:00:00  -  Run Local Usage
		Usr 0 00:02:08, Sys 0 00:00:01  -  Total Remote Usage
		Usr 0 00:00:00, Sys 0 00:00:00  -  Total Local Usage
	0  -  Run Bytes Sent By Job
	0  -  Run Bytes Received By Job
	0  -  Total Bytes Sent By Job
	0  -  Total Bytes Received By Job
	Partitionable Resources :    Usage  Request Allocated
	   Cpus                 :                 1         1
	   Disk (KB)            :        1        1  13377146
	   Memory (MB)          :       39        1      6441
...
000 (8915606.000.000) 12/11 22:48:19 Job submitted from host: <10.10.48.31:12542?addrs=10.10.48.31-12542>
...
001 (8915606.000.000) 12/11 22:48:24 Job executing on host: <10.10.48.141:50603?addrs=10.10.48.141-50603>
...
006 (8915606.000.000) 12/11 22:48:32 Image size of job updated: 185596
	32  -  MemoryUsage of job (MB)
	32364  -  ResidentSetSize of job (KB)
...
006 (8915606.000.000) 12/11 22:52:08 Image size of job updated: 193040
	32  -  MemoryUsage of job (MB)
	32364  -  ResidentSetSize of job (KB)
...
005 (8915606.000.000) 12/11 22:52:08 Job terminated.
	(1) Normal termination (return value 0)
		Usr 0 00:02:10, Sys 0 00:00:02  -  Run Remote Usage
		Usr 0 00:00:00, Sys 0 00:00:00  -  Run Local Usage
		Usr 0 00:02:10, Sys 0 00:00:02  -  Total Remote Usage
		Usr 0 00:00:00, Sys 0 00:00:00  -  Total Local Usage
	0  -  Run Bytes Sent By Job
	0  -  Run Bytes Received By Job
	0  -  Total Bytes Sent By Job
	0  -  Total Bytes Received By Job
	Partitionable Resources :    Usage  Request Allocated
	   Cpus                 :                 1         1
	   Disk (KB)            :        1        1  13376574
	   Memory (MB)          :       32        1      6441
...
000 (8915738.000.000) 12/11 22:58:28 Job submitted from host: <10.10.48.31:12542?addrs=10.10.48.31-12542>
...
001 (8915738.000.000) 12/11 22:58:31 Job executing on host: <10.10.48.145:26377?addrs=10.10.48.145-26377>
...
006 (8915738.000.000) 12/11 22:58:39 Image size of job updated: 1
	2  -  MemoryUsage of job (MB)
	1872  -  ResidentSetSize of job (KB)
...
006 (8915738.000.000) 12/11 23:01:25 Image size of job updated: 192508
	2  -  MemoryUsage of job (MB)
	1872  -  ResidentSetSize of job (KB)
...
005 (8915738.000.000) 12/11 23:01:25 Job terminated.
	(1) Normal termination (return value 0)
		Usr 0 00:01:46, Sys 0 00:00:01  -  Run Remote Usage
		Usr 0 00:00:00, Sys 0 00:00:00  -  Run Local Usage
		Usr 0 00:01:46, Sys 0 00:00:01  -  Total Remote Usage
		Usr 0 00:00:00, Sys 0 00:00:00  -  Total Local Usage
	0  -  Run Bytes Sent By Job
	0  -  Run Bytes Received By Job
	0  -  Total Bytes Sent By Job
	0  -  Total Bytes Received By Job
	Partitionable Resources :    Usage  Request Allocated
	   Cpus                 :                 1         1
	   Disk (KB)            :        1        1  13384482
	   Memory (MB)          :        2        1      6441
...
000 (8915870.000.000) 12/11 23:10:06 Job submitted from host: <10.10.48.31:12542?addrs=10.10.48.31-12542>
...
001 (8915870.000.000) 12/11 23:10:08 Job executing on host: <10.10.48.143:50448?addrs=10.10.48.143-50448>
...
006 (8915870.000.000) 12/11 23:10:17 Image size of job updated: 179440
	29  -  MemoryUsage of job (MB)
	29468  -  ResidentSetSize of job (KB)
...
006 (8915870.000.000) 12/11 23:13:09 Image size of job updated: 193596
	29  -  MemoryUsage of job (MB)
	29468  -  ResidentSetSize of job (KB)
...
005 (8915870.000.000) 12/11 23:13:09 Job terminated.
	(1) Normal termination (return value 1)
		Usr 0 00:00:52, Sys 0 00:00:01  -  Run Remote Usage
		Usr 0 00:00:00, Sys 0 00:00:00  -  Run Local Usage
		Usr 0 00:00:52, Sys 0 00:00:01  -  Total Remote Usage
		Usr 0 00:00:00, Sys 0 00:00:00  -  Total Local Usage
	0  -  Run Bytes Sent By Job
	0  -  Run Bytes Received By Job
	0  -  Total Bytes Sent By Job
	0  -  Total Bytes Received By Job
	Partitionable Resources :    Usage  Request Allocated
	   Cpus                 :                 1         1
	   Disk (KB)            :        1        1  13384446
	   Memory (MB)          :       29        1      6441
...
000 (8916032.000.000) 12/11 23:22:55 Job submitted from host: <10.10.48.31:12542?addrs=10.10.48.31-12542>
...
001 (8916032.000.000) 12/11 23:23:00 Job executing on host: <10.10.48.35:61041?addrs=10.10.48.35-61041>
...
006 (8916032.000.000) 12/11 23:23:09 Image size of job updated: 185220
	33  -  MemoryUsage of job (MB)
	33628  -  ResidentSetSize of job (KB)
...
006 (8916032.000.000) 12/11 23:25:28 Image size of job updated: 193600
	33  -  MemoryUsage of job (MB)
	33628  -  ResidentSetSize of job (KB)
...
005 (8916032.000.000) 12/11 23:25:28 Job terminated.
	(1) Normal termination (return value 0)
		Usr 0 00:00:36, Sys 0 00:00:01  -  Run Remote Usage
		Usr 0 00:00:00, Sys 0 00:00:00  -  Run Local Usage
		Usr 0 00:00:36, Sys 0 00:00:01  -  Total Remote Usage
		Usr 0 00:00:00, Sys 0 00:00:00  -  Total Local Usage
	0  -  Run Bytes Sent By Job
	0  -  Run Bytes Received By Job
	0  -  Total Bytes Sent By Job
	0  -  Total Bytes Received By Job
	Partitionable Resources :    Usage  Request Allocated
	   Cpus                 :                 1         1
	   Disk (KB)            :        1        1  16721084
	   Memory (MB)          :       33        1      4023
...
000 (8916195.000.000) 12/12 14:24:44 Job submitted from host: <10.10.48.31:12542?addrs=10.10.48.31-12542>
...
001 (8916195.000.000) 12/12 14:24:49 Job executing on host: <10.10.48.141:50603?addrs=10.10.48.141-50603>
...
006 (8916195.000.000) 12/12 14:24:58 Image size of job updated: 1
	2  -  MemoryUsage of job (MB)
	1872  -  ResidentSetSize of job (KB)
...
006 (8916195.000.000) 12/12 14:28:01 Image size of job updated: 192900
	2  -  MemoryUsage of job (MB)
	1872  -  ResidentSetSize of job (KB)
...
005 (8916195.000.000) 12/12 14:28:02 Job terminated.
	(1) Normal termination (return value 0)
		Usr 0 00:00:51, Sys 0 00:00:01  -  Run Remote Usage
		Usr 0 00:00:00, Sys 0 00:00:00  -  Run Local Usage
		Usr 0 00:00:51, Sys 0 00:00:01  -  Total Remote Usage
		Usr 0 00:00:00, Sys 0 00:00:00  -  Total Local Usage
	0  -  Run Bytes Sent By Job
	0  -  Run Bytes Received By Job
	0  -  Total Bytes Sent By Job
	0  -  Total Bytes Received By Job
	Partitionable Resources :    Usage  Request Allocated
	   Cpus                 :                 1         1
	   Disk (KB)            :        1        1  13376486
	   Memory (MB)          :        2        1      6441
...
