000 (9637334.000.000) 02/27 16:05:14 Job submitted from host: <10.10.48.31:15410?addrs=10.10.48.31-15410>
...
001 (9637334.000.000) 02/27 16:05:15 Job executing on host: <10.10.48.134:39779?addrs=10.10.48.134-39779>
...
006 (9637334.000.000) 02/27 16:05:24 Image size of job updated: 185800
	34  -  MemoryUsage of job (MB)
	34084  -  ResidentSetSize of job (KB)
...
006 (9637334.000.000) 02/27 16:10:25 Image size of job updated: 191176
	39  -  MemoryUsage of job (MB)
	39584  -  ResidentSetSize of job (KB)
...
006 (9637334.000.000) 02/27 16:15:26 Image size of job updated: 192828
	42  -  MemoryUsage of job (MB)
	42940  -  ResidentSetSize of job (KB)
...
005 (9637334.000.000) 02/27 16:19:28 Job terminated.
	(1) Normal termination (return value 0)
		Usr 0 00:03:38, Sys 0 00:00:03  -  Run Remote Usage
		Usr 0 00:00:00, Sys 0 00:00:00  -  Run Local Usage
		Usr 0 00:03:38, Sys 0 00:00:03  -  Total Remote Usage
		Usr 0 00:00:00, Sys 0 00:00:00  -  Total Local Usage
	0  -  Run Bytes Sent By Job
	0  -  Run Bytes Received By Job
	0  -  Total Bytes Sent By Job
	0  -  Total Bytes Received By Job
	Partitionable Resources :    Usage  Request Allocated
	   Cpus                 :                 1         1
	   Disk (KB)            :        1        1  13381777
	   Memory (MB)          :       42        1      6441
...
000 (9643865.000.000) 02/27 20:47:33 Job submitted from host: <10.10.48.31:15410?addrs=10.10.48.31-15410>
...
001 (9643865.000.000) 02/27 20:47:35 Job executing on host: <10.10.48.143:56523?addrs=10.10.48.143-56523>
...
006 (9643865.000.000) 02/27 20:47:36 Image size of job updated: 252420
	0  -  MemoryUsage of job (MB)
	0  -  ResidentSetSize of job (KB)
...
005 (9643865.000.000) 02/27 20:47:37 Job terminated.
	(1) Normal termination (return value 2)
		Usr 0 00:00:00, Sys 0 00:00:00  -  Run Remote Usage
		Usr 0 00:00:00, Sys 0 00:00:00  -  Run Local Usage
		Usr 0 00:00:00, Sys 0 00:00:00  -  Total Remote Usage
		Usr 0 00:00:00, Sys 0 00:00:00  -  Total Local Usage
	0  -  Run Bytes Sent By Job
	0  -  Run Bytes Received By Job
	0  -  Total Bytes Sent By Job
	0  -  Total Bytes Received By Job
	Partitionable Resources :    Usage  Request Allocated
	   Cpus                 :                 1         1
	   Disk (KB)            :        1        1  13384575
	   Memory (MB)          :        0        1      6441
...
