000 (9637347.000.000) 02/27 16:05:32 Job submitted from host: <10.10.48.31:15410?addrs=10.10.48.31-15410>
...
001 (9637347.000.000) 02/27 16:05:33 Job executing on host: <10.10.48.40:16453?addrs=10.10.48.40-16453>
...
006 (9637347.000.000) 02/27 16:05:41 Image size of job updated: 185728
	34  -  MemoryUsage of job (MB)
	34252  -  ResidentSetSize of job (KB)
...
006 (9637347.000.000) 02/27 16:10:41 Image size of job updated: 192468
	45  -  MemoryUsage of job (MB)
	45060  -  ResidentSetSize of job (KB)
...
005 (9637347.000.000) 02/27 16:15:49 Job terminated.
	(1) Normal termination (return value 0)
		Usr 0 00:01:10, Sys 0 00:00:01  -  Run Remote Usage
		Usr 0 00:00:00, Sys 0 00:00:00  -  Run Local Usage
		Usr 0 00:01:10, Sys 0 00:00:01  -  Total Remote Usage
		Usr 0 00:00:00, Sys 0 00:00:00  -  Total Local Usage
	0  -  Run Bytes Sent By Job
	0  -  Run Bytes Received By Job
	0  -  Total Bytes Sent By Job
	0  -  Total Bytes Received By Job
	Partitionable Resources :    Usage  Request Allocated
	   Cpus                 :                 1         1
	   Disk (KB)            :        1        1  16720868
	   Memory (MB)          :       45        1      4023
...
000 (9643875.000.000) 02/27 20:47:34 Job submitted from host: <10.10.48.31:15410?addrs=10.10.48.31-15410>
...
001 (9643875.000.000) 02/27 20:47:37 Job executing on host: <10.10.48.143:56523?addrs=10.10.48.143-56523>
...
006 (9643875.000.000) 02/27 20:47:38 Image size of job updated: 252428
	0  -  MemoryUsage of job (MB)
	0  -  ResidentSetSize of job (KB)
...
005 (9643875.000.000) 02/27 20:47:39 Job terminated.
	(1) Normal termination (return value 0)
		Usr 0 00:00:00, Sys 0 00:00:00  -  Run Remote Usage
		Usr 0 00:00:00, Sys 0 00:00:00  -  Run Local Usage
		Usr 0 00:00:00, Sys 0 00:00:00  -  Total Remote Usage
		Usr 0 00:00:00, Sys 0 00:00:00  -  Total Local Usage
	0  -  Run Bytes Sent By Job
	0  -  Run Bytes Received By Job
	0  -  Total Bytes Sent By Job
	0  -  Total Bytes Received By Job
	Partitionable Resources :    Usage  Request Allocated
	   Cpus                 :                 1         1
	   Disk (KB)            :        1        1  13384522
	   Memory (MB)          :        0        1      6441
...
