000 (8914330.000.000) 12/10 23:43:00 Job submitted from host: <10.10.48.31:12542?addrs=10.10.48.31-12542>
...
001 (8914330.000.000) 12/10 23:43:07 Job executing on host: <10.10.48.133:42257?addrs=10.10.48.133-42257>
...
006 (8914330.000.000) 12/10 23:43:08 Image size of job updated: 167740
	0  -  MemoryUsage of job (MB)
	0  -  ResidentSetSize of job (KB)
...
005 (8914330.000.000) 12/10 23:43:09 Job terminated.
	(1) Normal termination (return value 1)
		Usr 0 00:00:00, Sys 0 00:00:00  -  Run Remote Usage
		Usr 0 00:00:00, Sys 0 00:00:00  -  Run Local Usage
		Usr 0 00:00:00, Sys 0 00:00:00  -  Total Remote Usage
		Usr 0 00:00:00, Sys 0 00:00:00  -  Total Local Usage
	0  -  Run Bytes Sent By Job
	0  -  Run Bytes Received By Job
	0  -  Total Bytes Sent By Job
	0  -  Total Bytes Received By Job
	Partitionable Resources :    Usage  Request Allocated
	   Cpus                 :                 1         1
	   Disk (KB)            :        1        1  13386734
	   Memory (MB)          :        0        1      6441
...
000 (8914492.000.000) 12/10 23:49:07 Job submitted from host: <10.10.48.31:12542?addrs=10.10.48.31-12542>
...
001 (8914492.000.000) 12/10 23:49:20 Job executing on host: <10.10.48.41:20766?addrs=10.10.48.41-20766>
...
006 (8914492.000.000) 12/10 23:49:29 Image size of job updated: 1
	2  -  MemoryUsage of job (MB)
	1816  -  ResidentSetSize of job (KB)
...
006 (8914492.000.000) 12/10 23:54:30 Image size of job updated: 192664
	39  -  MemoryUsage of job (MB)
	39296  -  ResidentSetSize of job (KB)
...
006 (8914492.000.000) 12/10 23:56:14 Image size of job updated: 193132
	39  -  MemoryUsage of job (MB)
	39296  -  ResidentSetSize of job (KB)
...
005 (8914492.000.000) 12/10 23:56:14 Job terminated.
	(1) Normal termination (return value 0)
		Usr 0 00:03:33, Sys 0 00:00:04  -  Run Remote Usage
		Usr 0 00:00:00, Sys 0 00:00:00  -  Run Local Usage
		Usr 0 00:03:33, Sys 0 00:00:04  -  Total Remote Usage
		Usr 0 00:00:00, Sys 0 00:00:00  -  Total Local Usage
	0  -  Run Bytes Sent By Job
	0  -  Run Bytes Received By Job
	0  -  Total Bytes Sent By Job
	0  -  Total Bytes Received By Job
	Partitionable Resources :    Usage  Request Allocated
	   Cpus                 :                 1         1
	   Disk (KB)            :        1        1  16725277
	   Memory (MB)          :       39        1      4023
...
000 (8914654.000.000) 12/11 16:48:25 Job submitted from host: <10.10.48.31:12542?addrs=10.10.48.31-12542>
...
001 (8914654.000.000) 12/11 16:48:38 Job executing on host: <10.10.48.143:50448?addrs=10.10.48.143-50448>
...
006 (8914654.000.000) 12/11 16:48:47 Image size of job updated: 175620
	28  -  MemoryUsage of job (MB)
	28660  -  ResidentSetSize of job (KB)
...
006 (8914654.000.000) 12/11 16:53:48 Image size of job updated: 192652
	41  -  MemoryUsage of job (MB)
	41828  -  ResidentSetSize of job (KB)
...
006 (8914654.000.000) 12/11 16:56:55 Image size of job updated: 193308
	41  -  MemoryUsage of job (MB)
	41828  -  ResidentSetSize of job (KB)
...
005 (8914654.000.000) 12/11 16:56:55 Job terminated.
	(1) Normal termination (return value 0)
		Usr 0 00:03:32, Sys 0 00:00:03  -  Run Remote Usage
		Usr 0 00:00:00, Sys 0 00:00:00  -  Run Local Usage
		Usr 0 00:03:32, Sys 0 00:00:03  -  Total Remote Usage
		Usr 0 00:00:00, Sys 0 00:00:00  -  Total Local Usage
	0  -  Run Bytes Sent By Job
	0  -  Run Bytes Received By Job
	0  -  Total Bytes Sent By Job
	0  -  Total Bytes Received By Job
	Partitionable Resources :    Usage  Request Allocated
	   Cpus                 :                 1         1
	   Disk (KB)            :        1        1  13384504
	   Memory (MB)          :       41        1      6441
...
000 (8915416.000.000) 12/11 17:17:55 Job submitted from host: <10.10.48.31:12542?addrs=10.10.48.31-12542>
...
001 (8915416.000.000) 12/11 17:18:04 Job executing on host: <10.10.48.146:51717?addrs=10.10.48.146-51717>
...
006 (8915416.000.000) 12/11 17:18:13 Image size of job updated: 185924
	34  -  MemoryUsage of job (MB)
	33944  -  ResidentSetSize of job (KB)
...
006 (8915416.000.000) 12/11 17:22:02 Image size of job updated: 201692
	34  -  MemoryUsage of job (MB)
	33944  -  ResidentSetSize of job (KB)
...
005 (8915416.000.000) 12/11 17:22:02 Job terminated.
	(1) Normal termination (return value 0)
		Usr 0 00:03:32, Sys 0 00:00:03  -  Run Remote Usage
		Usr 0 00:00:00, Sys 0 00:00:00  -  Run Local Usage
		Usr 0 00:03:32, Sys 0 00:00:03  -  Total Remote Usage
		Usr 0 00:00:00, Sys 0 00:00:00  -  Total Local Usage
	0  -  Run Bytes Sent By Job
	0  -  Run Bytes Received By Job
	0  -  Total Bytes Sent By Job
	0  -  Total Bytes Received By Job
	Partitionable Resources :    Usage  Request Allocated
	   Cpus                 :                 1         1
	   Disk (KB)            :        1        1  13347858
	   Memory (MB)          :       34        1      6441
...
000 (8915578.000.000) 12/11 22:47:01 Job submitted from host: <10.10.48.31:12542?addrs=10.10.48.31-12542>
...
001 (8915578.000.000) 12/11 22:47:13 Job executing on host: <10.10.48.143:50448?addrs=10.10.48.143-50448>
...
006 (8915578.000.000) 12/11 22:47:21 Image size of job updated: 176148
	30  -  MemoryUsage of job (MB)
	30500  -  ResidentSetSize of job (KB)
...
006 (8915578.000.000) 12/11 22:48:19 Image size of job updated: 192504
	30  -  MemoryUsage of job (MB)
	30500  -  ResidentSetSize of job (KB)
...
005 (8915578.000.000) 12/11 22:48:19 Job terminated.
	(1) Normal termination (return value 0)
		Usr 0 00:00:24, Sys 0 00:00:00  -  Run Remote Usage
		Usr 0 00:00:00, Sys 0 00:00:00  -  Run Local Usage
		Usr 0 00:00:24, Sys 0 00:00:00  -  Total Remote Usage
		Usr 0 00:00:00, Sys 0 00:00:00  -  Total Local Usage
	0  -  Run Bytes Sent By Job
	0  -  Run Bytes Received By Job
	0  -  Total Bytes Sent By Job
	0  -  Total Bytes Received By Job
	Partitionable Resources :    Usage  Request Allocated
	   Cpus                 :                 1         1
	   Disk (KB)            :        1        1  13384463
	   Memory (MB)          :       30        1      6441
...
000 (8915710.000.000) 12/11 22:57:33 Job submitted from host: <10.10.48.31:12542?addrs=10.10.48.31-12542>
...
001 (8915710.000.000) 12/11 22:57:39 Job executing on host: <10.10.48.43:4900?addrs=10.10.48.43-4900>
...
006 (8915710.000.000) 12/11 22:57:47 Image size of job updated: 114672
	17  -  MemoryUsage of job (MB)
	17396  -  ResidentSetSize of job (KB)
...
006 (8915710.000.000) 12/11 22:58:22 Image size of job updated: 192448
	17  -  MemoryUsage of job (MB)
	17396  -  ResidentSetSize of job (KB)
...
005 (8915710.000.000) 12/11 22:58:22 Job terminated.
	(1) Normal termination (return value 0)
		Usr 0 00:00:23, Sys 0 00:00:00  -  Run Remote Usage
		Usr 0 00:00:00, Sys 0 00:00:00  -  Run Local Usage
		Usr 0 00:00:23, Sys 0 00:00:00  -  Total Remote Usage
		Usr 0 00:00:00, Sys 0 00:00:00  -  Total Local Usage
	0  -  Run Bytes Sent By Job
	0  -  Run Bytes Received By Job
	0  -  Total Bytes Sent By Job
	0  -  Total Bytes Received By Job
	Partitionable Resources :    Usage  Request Allocated
	   Cpus                 :                 1         1
	   Disk (KB)            :        1        1  16728032
	   Memory (MB)          :       17        1      4023
...
000 (8915842.000.000) 12/11 23:09:11 Job submitted from host: <10.10.48.31:12542?addrs=10.10.48.31-12542>
...
001 (8915842.000.000) 12/11 23:09:26 Job executing on host: <10.10.48.145:26377?addrs=10.10.48.145-26377>
...
006 (8915842.000.000) 12/11 23:09:34 Image size of job updated: 175336
	28  -  MemoryUsage of job (MB)
	27900  -  ResidentSetSize of job (KB)
...
006 (8915842.000.000) 12/11 23:14:34 Image size of job updated: 193140
	39  -  MemoryUsage of job (MB)
	39172  -  ResidentSetSize of job (KB)
...
006 (8915842.000.000) 12/11 23:18:06 Image size of job updated: 193800
	39  -  MemoryUsage of job (MB)
	39172  -  ResidentSetSize of job (KB)
...
005 (8915842.000.000) 12/11 23:18:06 Job terminated.
	(1) Normal termination (return value 1)
		Usr 0 00:01:41, Sys 0 00:00:02  -  Run Remote Usage
		Usr 0 00:00:00, Sys 0 00:00:00  -  Run Local Usage
		Usr 0 00:01:41, Sys 0 00:00:02  -  Total Remote Usage
		Usr 0 00:00:00, Sys 0 00:00:00  -  Total Local Usage
	0  -  Run Bytes Sent By Job
	0  -  Run Bytes Received By Job
	0  -  Total Bytes Sent By Job
	0  -  Total Bytes Received By Job
	Partitionable Resources :    Usage  Request Allocated
	   Cpus                 :                 1         1
	   Disk (KB)            :        1        1  13384436
	   Memory (MB)          :       39        1      6441
...
000 (8916004.000.000) 12/11 23:22:30 Job submitted from host: <10.10.48.31:12542?addrs=10.10.48.31-12542>
...
001 (8916004.000.000) 12/11 23:22:44 Job executing on host: <10.10.48.143:50448?addrs=10.10.48.143-50448>
...
006 (8916004.000.000) 12/11 23:22:52 Image size of job updated: 170504
	28  -  MemoryUsage of job (MB)
	27924  -  ResidentSetSize of job (KB)
...
006 (8916004.000.000) 12/11 23:24:27 Image size of job updated: 193668
	28  -  MemoryUsage of job (MB)
	27924  -  ResidentSetSize of job (KB)
...
005 (8916004.000.000) 12/11 23:24:27 Job terminated.
	(1) Normal termination (return value 0)
		Usr 0 00:01:01, Sys 0 00:00:01  -  Run Remote Usage
		Usr 0 00:00:00, Sys 0 00:00:00  -  Run Local Usage
		Usr 0 00:01:01, Sys 0 00:00:01  -  Total Remote Usage
		Usr 0 00:00:00, Sys 0 00:00:00  -  Total Local Usage
	0  -  Run Bytes Sent By Job
	0  -  Run Bytes Received By Job
	0  -  Total Bytes Sent By Job
	0  -  Total Bytes Received By Job
	Partitionable Resources :    Usage  Request Allocated
	   Cpus                 :                 1         1
	   Disk (KB)            :        1        1  13384441
	   Memory (MB)          :       28        1      6441
...
000 (8916167.000.000) 12/12 14:23:39 Job submitted from host: <10.10.48.31:12542?addrs=10.10.48.31-12542>
...
001 (8916167.000.000) 12/12 14:23:50 Job executing on host: <10.10.48.143:50448?addrs=10.10.48.143-50448>
...
006 (8916167.000.000) 12/12 14:23:58 Image size of job updated: 175340
	28  -  MemoryUsage of job (MB)
	27908  -  ResidentSetSize of job (KB)
...
006 (8916167.000.000) 12/12 14:24:52 Image size of job updated: 192964
	28  -  MemoryUsage of job (MB)
	27908  -  ResidentSetSize of job (KB)
...
005 (8916167.000.000) 12/12 14:24:52 Job terminated.
	(1) Normal termination (return value 0)
		Usr 0 00:00:10, Sys 0 00:00:00  -  Run Remote Usage
		Usr 0 00:00:00, Sys 0 00:00:00  -  Run Local Usage
		Usr 0 00:00:10, Sys 0 00:00:00  -  Total Remote Usage
		Usr 0 00:00:00, Sys 0 00:00:00  -  Total Local Usage
	0  -  Run Bytes Sent By Job
	0  -  Run Bytes Received By Job
	0  -  Total Bytes Sent By Job
	0  -  Total Bytes Received By Job
	Partitionable Resources :    Usage  Request Allocated
	   Cpus                 :                 1         1
	   Disk (KB)            :        1        1  13384441
	   Memory (MB)          :       28        1      6441
...
000 (9637212.000.000) 02/27 16:01:41 Job submitted from host: <10.10.48.31:15410?addrs=10.10.48.31-15410>
...
001 (9637212.000.000) 02/27 16:01:50 Job executing on host: <10.10.48.137:1935?addrs=10.10.48.137-1935>
...
006 (9637212.000.000) 02/27 16:01:58 Image size of job updated: 176148
	30  -  MemoryUsage of job (MB)
	30356  -  ResidentSetSize of job (KB)
...
006 (9637212.000.000) 02/27 16:04:37 Image size of job updated: 185904
	30  -  MemoryUsage of job (MB)
	30356  -  ResidentSetSize of job (KB)
...
005 (9637212.000.000) 02/27 16:04:37 Job terminated.
	(1) Normal termination (return value 255)
		Usr 0 00:00:01, Sys 0 00:00:00  -  Run Remote Usage
		Usr 0 00:00:00, Sys 0 00:00:00  -  Run Local Usage
		Usr 0 00:00:01, Sys 0 00:00:00  -  Total Remote Usage
		Usr 0 00:00:00, Sys 0 00:00:00  -  Total Local Usage
	0  -  Run Bytes Sent By Job
	0  -  Run Bytes Received By Job
	0  -  Total Bytes Sent By Job
	0  -  Total Bytes Received By Job
	Partitionable Resources :    Usage  Request Allocated
	   Cpus                 :                 1         1
	   Disk (KB)            :        1        1  13377734
	   Memory (MB)          :       30        1      6441
...
000 (9643793.000.000) 02/27 20:47:21 Job submitted from host: <10.10.48.31:15410?addrs=10.10.48.31-15410>
...
001 (9643793.000.000) 02/27 20:47:22 Job executing on host: <10.10.48.143:56523?addrs=10.10.48.143-56523>
...
006 (9643793.000.000) 02/27 20:47:23 Image size of job updated: 252792
	0  -  MemoryUsage of job (MB)
	0  -  ResidentSetSize of job (KB)
...
005 (9643793.000.000) 02/27 20:47:24 Job terminated.
	(1) Normal termination (return value 11)
		Usr 0 00:00:00, Sys 0 00:00:00  -  Run Remote Usage
		Usr 0 00:00:00, Sys 0 00:00:00  -  Run Local Usage
		Usr 0 00:00:00, Sys 0 00:00:00  -  Total Remote Usage
		Usr 0 00:00:00, Sys 0 00:00:00  -  Total Local Usage
	0  -  Run Bytes Sent By Job
	0  -  Run Bytes Received By Job
	0  -  Total Bytes Sent By Job
	0  -  Total Bytes Received By Job
	Partitionable Resources :    Usage  Request Allocated
	   Cpus                 :                 1         1
	   Disk (KB)            :        1        1  13384575
	   Memory (MB)          :        0        1      6441
...
