000 (8914378.000.000) 12/10 23:43:08 Job submitted from host: <10.10.48.31:12542?addrs=10.10.48.31-12542>
...
001 (8914378.000.000) 12/10 23:44:16 Job executing on host: <10.10.48.41:20766?addrs=10.10.48.41-20766>
...
006 (8914378.000.000) 12/10 23:44:16 Image size of job updated: 172792
	0  -  MemoryUsage of job (MB)
	0  -  ResidentSetSize of job (KB)
...
005 (8914378.000.000) 12/10 23:44:16 Job terminated.
	(1) Normal termination (return value 1)
		Usr 0 00:00:00, Sys 0 00:00:00  -  Run Remote Usage
		Usr 0 00:00:00, Sys 0 00:00:00  -  Run Local Usage
		Usr 0 00:00:00, Sys 0 00:00:00  -  Total Remote Usage
		Usr 0 00:00:00, Sys 0 00:00:00  -  Total Local Usage
	0  -  Run Bytes Sent By Job
	0  -  Run Bytes Received By Job
	0  -  Total Bytes Sent By Job
	0  -  Total Bytes Received By Job
	Partitionable Resources :    Usage  Request Allocated
	   Cpus                 :                 1         1
	   Disk (KB)            :        1        1  16725285
	   Memory (MB)          :        0        1      4023
...
000 (8914540.000.000) 12/10 23:51:29 Job submitted from host: <10.10.48.31:12542?addrs=10.10.48.31-12542>
...
001 (8914540.000.000) 12/10 23:52:31 Job executing on host: <10.10.48.39:23238?addrs=10.10.48.39-23238>
...
006 (8914540.000.000) 12/10 23:52:39 Image size of job updated: 190628
	38  -  MemoryUsage of job (MB)
	38648  -  ResidentSetSize of job (KB)
...
006 (8914540.000.000) 12/10 23:52:59 Image size of job updated: 190828
	38  -  MemoryUsage of job (MB)
	38648  -  ResidentSetSize of job (KB)
...
005 (8914540.000.000) 12/10 23:53:00 Job terminated.
	(1) Normal termination (return value 0)
		Usr 0 00:00:09, Sys 0 00:00:00  -  Run Remote Usage
		Usr 0 00:00:00, Sys 0 00:00:00  -  Run Local Usage
		Usr 0 00:00:09, Sys 0 00:00:00  -  Total Remote Usage
		Usr 0 00:00:00, Sys 0 00:00:00  -  Total Local Usage
	0  -  Run Bytes Sent By Job
	0  -  Run Bytes Received By Job
	0  -  Total Bytes Sent By Job
	0  -  Total Bytes Received By Job
	Partitionable Resources :    Usage  Request Allocated
	   Cpus                 :                 1         1
	   Disk (KB)            :        1        1  16725981
	   Memory (MB)          :       38        1      4023
...
000 (8914702.000.000) 12/11 16:50:41 Job submitted from host: <10.10.48.31:12542?addrs=10.10.48.31-12542>
...
001 (8914702.000.000) 12/11 16:50:44 Job executing on host: <10.10.48.35:61041?addrs=10.10.48.35-61041>
...
006 (8914702.000.000) 12/11 16:50:53 Image size of job updated: 1
	2  -  MemoryUsage of job (MB)
	1816  -  ResidentSetSize of job (KB)
...
006 (8914702.000.000) 12/11 16:51:22 Image size of job updated: 190844
	2  -  MemoryUsage of job (MB)
	1816  -  ResidentSetSize of job (KB)
...
005 (8914702.000.000) 12/11 16:51:22 Job terminated.
	(1) Normal termination (return value 0)
		Usr 0 00:00:10, Sys 0 00:00:00  -  Run Remote Usage
		Usr 0 00:00:00, Sys 0 00:00:00  -  Run Local Usage
		Usr 0 00:00:10, Sys 0 00:00:00  -  Total Remote Usage
		Usr 0 00:00:00, Sys 0 00:00:00  -  Total Local Usage
	0  -  Run Bytes Sent By Job
	0  -  Run Bytes Received By Job
	0  -  Total Bytes Sent By Job
	0  -  Total Bytes Received By Job
	Partitionable Resources :    Usage  Request Allocated
	   Cpus                 :                 1         1
	   Disk (KB)            :        1        1  16721155
	   Memory (MB)          :        2        1      4023
...
000 (8915464.000.000) 12/11 17:19:29 Job submitted from host: <10.10.48.31:12542?addrs=10.10.48.31-12542>
...
001 (8915464.000.000) 12/11 17:20:02 Job executing on host: <10.10.48.135:49492?addrs=10.10.48.135-49492>
...
006 (8915464.000.000) 12/11 17:20:10 Image size of job updated: 192384
	39  -  MemoryUsage of job (MB)
	38944  -  ResidentSetSize of job (KB)
...
006 (8915464.000.000) 12/11 17:20:17 Image size of job updated: 192440
	39  -  MemoryUsage of job (MB)
	38944  -  ResidentSetSize of job (KB)
...
005 (8915464.000.000) 12/11 17:20:17 Job terminated.
	(1) Normal termination (return value 0)
		Usr 0 00:00:13, Sys 0 00:00:00  -  Run Remote Usage
		Usr 0 00:00:00, Sys 0 00:00:00  -  Run Local Usage
		Usr 0 00:00:13, Sys 0 00:00:00  -  Total Remote Usage
		Usr 0 00:00:00, Sys 0 00:00:00  -  Total Local Usage
	0  -  Run Bytes Sent By Job
	0  -  Run Bytes Received By Job
	0  -  Total Bytes Sent By Job
	0  -  Total Bytes Received By Job
	Partitionable Resources :    Usage  Request Allocated
	   Cpus                 :                 1         1
	   Disk (KB)            :        1        1  13377146
	   Memory (MB)          :       39        1      6441
...
000 (8915890.000.000) 12/11 23:10:42 Job submitted from host: <10.10.48.31:12542?addrs=10.10.48.31-12542>
...
001 (8915890.000.000) 12/11 23:10:45 Job executing on host: <10.10.48.141:50603?addrs=10.10.48.141-50603>
...
006 (8915890.000.000) 12/11 23:10:54 Image size of job updated: 185996
	33  -  MemoryUsage of job (MB)
	32952  -  ResidentSetSize of job (KB)
...
006 (8915890.000.000) 12/11 23:11:21 Image size of job updated: 192884
	33  -  MemoryUsage of job (MB)
	32952  -  ResidentSetSize of job (KB)
...
005 (8915890.000.000) 12/11 23:11:21 Job terminated.
	(1) Normal termination (return value 1)
		Usr 0 00:00:07, Sys 0 00:00:00  -  Run Remote Usage
		Usr 0 00:00:00, Sys 0 00:00:00  -  Run Local Usage
		Usr 0 00:00:07, Sys 0 00:00:00  -  Total Remote Usage
		Usr 0 00:00:00, Sys 0 00:00:00  -  Total Local Usage
	0  -  Run Bytes Sent By Job
	0  -  Run Bytes Received By Job
	0  -  Total Bytes Sent By Job
	0  -  Total Bytes Received By Job
	Partitionable Resources :    Usage  Request Allocated
	   Cpus                 :                 1         1
	   Disk (KB)            :        1        1  13376468
	   Memory (MB)          :       33        1      6441
...
000 (8916052.000.000) 12/11 23:23:10 Job submitted from host: <10.10.48.31:12542?addrs=10.10.48.31-12542>
...
001 (8916052.000.000) 12/11 23:23:13 Job executing on host: <10.10.48.35:61041?addrs=10.10.48.35-61041>
...
006 (8916052.000.000) 12/11 23:23:21 Image size of job updated: 189944
	38  -  MemoryUsage of job (MB)
	38256  -  ResidentSetSize of job (KB)
...
006 (8916052.000.000) 12/11 23:23:33 Image size of job updated: 192736
	38  -  MemoryUsage of job (MB)
	38256  -  ResidentSetSize of job (KB)
...
005 (8916052.000.000) 12/11 23:23:33 Job terminated.
	(1) Normal termination (return value 0)
		Usr 0 00:00:03, Sys 0 00:00:00  -  Run Remote Usage
		Usr 0 00:00:00, Sys 0 00:00:00  -  Run Local Usage
		Usr 0 00:00:03, Sys 0 00:00:00  -  Total Remote Usage
		Usr 0 00:00:00, Sys 0 00:00:00  -  Total Local Usage
	0  -  Run Bytes Sent By Job
	0  -  Run Bytes Received By Job
	0  -  Total Bytes Sent By Job
	0  -  Total Bytes Received By Job
	Partitionable Resources :    Usage  Request Allocated
	   Cpus                 :                 1         1
	   Disk (KB)            :        1        1  16721084
	   Memory (MB)          :       38        1      4023
...
