000 (8914317.000.000) 12/10 23:42:55 Job submitted from host: <10.10.48.31:12542?addrs=10.10.48.31-12542>
...
001 (8914317.000.000) 12/10 23:43:04 Job executing on host: <10.10.48.133:42257?addrs=10.10.48.133-42257>
...
006 (8914317.000.000) 12/10 23:43:04 Image size of job updated: 176152
	0  -  MemoryUsage of job (MB)
	0  -  ResidentSetSize of job (KB)
...
005 (8914317.000.000) 12/10 23:43:05 Job terminated.
	(1) Normal termination (return value 1)
		Usr 0 00:00:00, Sys 0 00:00:00  -  Run Remote Usage
		Usr 0 00:00:00, Sys 0 00:00:00  -  Run Local Usage
		Usr 0 00:00:00, Sys 0 00:00:00  -  Total Remote Usage
		Usr 0 00:00:00, Sys 0 00:00:00  -  Total Local Usage
	0  -  Run Bytes Sent By Job
	0  -  Run Bytes Received By Job
	0  -  Total Bytes Sent By Job
	0  -  Total Bytes Received By Job
	Partitionable Resources :    Usage  Request Allocated
	   Cpus                 :                 1         1
	   Disk (KB)            :        1        1  13386734
	   Memory (MB)          :        0        1      6441
...
000 (8914479.000.000) 12/10 23:49:05 Job submitted from host: <10.10.48.31:12542?addrs=10.10.48.31-12542>
...
001 (8914479.000.000) 12/10 23:49:20 Job executing on host: <10.10.48.35:61041?addrs=10.10.48.35-61041>
...
006 (8914479.000.000) 12/10 23:49:28 Image size of job updated: 180388
	29  -  MemoryUsage of job (MB)
	28940  -  ResidentSetSize of job (KB)
...
006 (8914479.000.000) 12/10 23:50:12 Image size of job updated: 192536
	29  -  MemoryUsage of job (MB)
	28940  -  ResidentSetSize of job (KB)
...
005 (8914479.000.000) 12/10 23:50:12 Job terminated.
	(1) Normal termination (return value 0)
		Usr 0 00:00:24, Sys 0 00:00:00  -  Run Remote Usage
		Usr 0 00:00:00, Sys 0 00:00:00  -  Run Local Usage
		Usr 0 00:00:24, Sys 0 00:00:00  -  Total Remote Usage
		Usr 0 00:00:00, Sys 0 00:00:00  -  Total Local Usage
	0  -  Run Bytes Sent By Job
	0  -  Run Bytes Received By Job
	0  -  Total Bytes Sent By Job
	0  -  Total Bytes Received By Job
	Partitionable Resources :    Usage  Request Allocated
	   Cpus                 :                 1         1
	   Disk (KB)            :        1        1  16721129
	   Memory (MB)          :       29        1      4023
...
000 (8914641.000.000) 12/11 16:48:24 Job submitted from host: <10.10.48.31:12542?addrs=10.10.48.31-12542>
...
001 (8914641.000.000) 12/11 16:48:38 Job executing on host: <10.10.48.145:26377?addrs=10.10.48.145-26377>
...
006 (8914641.000.000) 12/11 16:48:47 Image size of job updated: 185852
	32  -  MemoryUsage of job (MB)
	32524  -  ResidentSetSize of job (KB)
...
006 (8914641.000.000) 12/11 16:49:58 Image size of job updated: 192500
	32  -  MemoryUsage of job (MB)
	32524  -  ResidentSetSize of job (KB)
...
005 (8914641.000.000) 12/11 16:49:58 Job terminated.
	(1) Normal termination (return value 0)
		Usr 0 00:00:26, Sys 0 00:00:00  -  Run Remote Usage
		Usr 0 00:00:00, Sys 0 00:00:00  -  Run Local Usage
		Usr 0 00:00:26, Sys 0 00:00:00  -  Total Remote Usage
		Usr 0 00:00:00, Sys 0 00:00:00  -  Total Local Usage
	0  -  Run Bytes Sent By Job
	0  -  Run Bytes Received By Job
	0  -  Total Bytes Sent By Job
	0  -  Total Bytes Received By Job
	Partitionable Resources :    Usage  Request Allocated
	   Cpus                 :                 1         1
	   Disk (KB)            :        1        1  13384492
	   Memory (MB)          :       32        1      6441
...
000 (8915403.000.000) 12/11 17:17:53 Job submitted from host: <10.10.48.31:12542?addrs=10.10.48.31-12542>
...
001 (8915403.000.000) 12/11 17:18:05 Job executing on host: <10.10.48.135:49492?addrs=10.10.48.135-49492>
...
006 (8915403.000.000) 12/11 17:18:13 Image size of job updated: 185572
	34  -  MemoryUsage of job (MB)
	34164  -  ResidentSetSize of job (KB)
...
006 (8915403.000.000) 12/11 17:18:47 Image size of job updated: 193044
	34  -  MemoryUsage of job (MB)
	34164  -  ResidentSetSize of job (KB)
...
005 (8915403.000.000) 12/11 17:18:47 Job terminated.
	(1) Normal termination (return value 0)
		Usr 0 00:00:26, Sys 0 00:00:00  -  Run Remote Usage
		Usr 0 00:00:00, Sys 0 00:00:00  -  Run Local Usage
		Usr 0 00:00:26, Sys 0 00:00:00  -  Total Remote Usage
		Usr 0 00:00:00, Sys 0 00:00:00  -  Total Local Usage
	0  -  Run Bytes Sent By Job
	0  -  Run Bytes Received By Job
	0  -  Total Bytes Sent By Job
	0  -  Total Bytes Received By Job
	Partitionable Resources :    Usage  Request Allocated
	   Cpus                 :                 1         1
	   Disk (KB)            :        1        1  13377146
	   Memory (MB)          :       34        1      6441
...
000 (8915565.000.000) 12/11 22:46:59 Job submitted from host: <10.10.48.31:12542?addrs=10.10.48.31-12542>
...
001 (8915565.000.000) 12/11 22:47:13 Job executing on host: <10.10.48.145:26377?addrs=10.10.48.145-26377>
...
006 (8915565.000.000) 12/11 22:47:22 Image size of job updated: 183824
	31  -  MemoryUsage of job (MB)
	31352  -  ResidentSetSize of job (KB)
...
006 (8915565.000.000) 12/11 22:50:19 Image size of job updated: 192544
	31  -  MemoryUsage of job (MB)
	31352  -  ResidentSetSize of job (KB)
...
005 (8915565.000.000) 12/11 22:50:19 Job terminated.
	(1) Normal termination (return value 0)
		Usr 0 00:00:58, Sys 0 00:00:01  -  Run Remote Usage
		Usr 0 00:00:00, Sys 0 00:00:00  -  Run Local Usage
		Usr 0 00:00:58, Sys 0 00:00:01  -  Total Remote Usage
		Usr 0 00:00:00, Sys 0 00:00:00  -  Total Local Usage
	0  -  Run Bytes Sent By Job
	0  -  Run Bytes Received By Job
	0  -  Total Bytes Sent By Job
	0  -  Total Bytes Received By Job
	Partitionable Resources :    Usage  Request Allocated
	   Cpus                 :                 1         1
	   Disk (KB)            :        1        1  13384482
	   Memory (MB)          :       31        1      6441
...
000 (8915697.000.000) 12/11 22:57:10 Job submitted from host: <10.10.48.31:12542?addrs=10.10.48.31-12542>
...
001 (8915697.000.000) 12/11 22:57:24 Job executing on host: <10.10.48.41:20766?addrs=10.10.48.41-20766>
...
006 (8915697.000.000) 12/11 22:57:32 Image size of job updated: 192208
	38  -  MemoryUsage of job (MB)
	38248  -  ResidentSetSize of job (KB)
...
006 (8915697.000.000) 12/11 22:58:36 Image size of job updated: 192412
	38  -  MemoryUsage of job (MB)
	38248  -  ResidentSetSize of job (KB)
...
005 (8915697.000.000) 12/11 22:58:36 Job terminated.
	(1) Normal termination (return value 0)
		Usr 0 00:00:28, Sys 0 00:00:00  -  Run Remote Usage
		Usr 0 00:00:00, Sys 0 00:00:00  -  Run Local Usage
		Usr 0 00:00:28, Sys 0 00:00:00  -  Total Remote Usage
		Usr 0 00:00:00, Sys 0 00:00:00  -  Total Local Usage
	0  -  Run Bytes Sent By Job
	0  -  Run Bytes Received By Job
	0  -  Total Bytes Sent By Job
	0  -  Total Bytes Received By Job
	Partitionable Resources :    Usage  Request Allocated
	   Cpus                 :                 1         1
	   Disk (KB)            :        1        1  16725236
	   Memory (MB)          :       38        1      4023
...
000 (8915829.000.000) 12/11 23:09:09 Job submitted from host: <10.10.48.31:12542?addrs=10.10.48.31-12542>
...
001 (8915829.000.000) 12/11 23:09:27 Job executing on host: <10.10.48.139:49429?addrs=10.10.48.139-49429>
...
006 (8915829.000.000) 12/11 23:09:36 Image size of job updated: 1
	2  -  MemoryUsage of job (MB)
	1868  -  ResidentSetSize of job (KB)
...
006 (8915829.000.000) 12/11 23:10:38 Image size of job updated: 192892
	2  -  MemoryUsage of job (MB)
	1868  -  ResidentSetSize of job (KB)
...
005 (8915829.000.000) 12/11 23:10:38 Job terminated.
	(1) Normal termination (return value 1)
		Usr 0 00:00:07, Sys 0 00:00:00  -  Run Remote Usage
		Usr 0 00:00:00, Sys 0 00:00:00  -  Run Local Usage
		Usr 0 00:00:07, Sys 0 00:00:00  -  Total Remote Usage
		Usr 0 00:00:00, Sys 0 00:00:00  -  Total Local Usage
	0  -  Run Bytes Sent By Job
	0  -  Run Bytes Received By Job
	0  -  Total Bytes Sent By Job
	0  -  Total Bytes Received By Job
	Partitionable Resources :    Usage  Request Allocated
	   Cpus                 :                 1         1
	   Disk (KB)            :        1        1  13385058
	   Memory (MB)          :        2        1      6441
...
000 (8915991.000.000) 12/11 23:22:28 Job submitted from host: <10.10.48.31:12542?addrs=10.10.48.31-12542>
...
001 (8915991.000.000) 12/11 23:22:44 Job executing on host: <10.10.48.145:26377?addrs=10.10.48.145-26377>
...
006 (8915991.000.000) 12/11 23:22:52 Image size of job updated: 192844
	37  -  MemoryUsage of job (MB)
	37132  -  ResidentSetSize of job (KB)
...
006 (8915991.000.000) 12/11 23:23:06 Image size of job updated: 193148
	37  -  MemoryUsage of job (MB)
	37132  -  ResidentSetSize of job (KB)
...
005 (8915991.000.000) 12/11 23:23:06 Job terminated.
	(1) Normal termination (return value 0)
		Usr 0 00:00:08, Sys 0 00:00:00  -  Run Remote Usage
		Usr 0 00:00:00, Sys 0 00:00:00  -  Run Local Usage
		Usr 0 00:00:08, Sys 0 00:00:00  -  Total Remote Usage
		Usr 0 00:00:00, Sys 0 00:00:00  -  Total Local Usage
	0  -  Run Bytes Sent By Job
	0  -  Run Bytes Received By Job
	0  -  Total Bytes Sent By Job
	0  -  Total Bytes Received By Job
	Partitionable Resources :    Usage  Request Allocated
	   Cpus                 :                 1         1
	   Disk (KB)            :        1        1  13384457
	   Memory (MB)          :       37        1      6441
...
000 (8916154.000.000) 12/12 14:23:37 Job submitted from host: <10.10.48.31:12542?addrs=10.10.48.31-12542>
...
001 (8916154.000.000) 12/12 14:23:50 Job executing on host: <10.10.48.145:26377?addrs=10.10.48.145-26377>
...
006 (8916154.000.000) 12/12 14:23:59 Image size of job updated: 182700
	30  -  MemoryUsage of job (MB)
	30616  -  ResidentSetSize of job (KB)
...
006 (8916154.000.000) 12/12 14:27:29 Image size of job updated: 199924
	30  -  MemoryUsage of job (MB)
	30616  -  ResidentSetSize of job (KB)
...
005 (8916154.000.000) 12/12 14:27:29 Job terminated.
	(1) Normal termination (return value 0)
		Usr 0 00:00:32, Sys 0 00:00:00  -  Run Remote Usage
		Usr 0 00:00:00, Sys 0 00:00:00  -  Run Local Usage
		Usr 0 00:00:32, Sys 0 00:00:00  -  Total Remote Usage
		Usr 0 00:00:00, Sys 0 00:00:00  -  Total Local Usage
	0  -  Run Bytes Sent By Job
	0  -  Run Bytes Received By Job
	0  -  Total Bytes Sent By Job
	0  -  Total Bytes Received By Job
	Partitionable Resources :    Usage  Request Allocated
	   Cpus                 :                 1         1
	   Disk (KB)            :        1        1  13384493
	   Memory (MB)          :       30        1      6441
...
000 (9637199.000.000) 02/27 16:01:39 Job submitted from host: <10.10.48.31:15410?addrs=10.10.48.31-15410>
...
001 (9637199.000.000) 02/27 16:01:49 Job executing on host: <10.10.48.45:40029?addrs=10.10.48.45-40029>
...
006 (9637199.000.000) 02/27 16:01:58 Image size of job updated: 176152
	30  -  MemoryUsage of job (MB)
	30220  -  ResidentSetSize of job (KB)
...
006 (9637199.000.000) 02/27 16:06:59 Image size of job updated: 186388
	34  -  MemoryUsage of job (MB)
	34308  -  ResidentSetSize of job (KB)
...
005 (9637199.000.000) 02/27 16:10:27 Job terminated.
	(1) Normal termination (return value 255)
		Usr 0 00:00:03, Sys 0 00:00:00  -  Run Remote Usage
		Usr 0 00:00:00, Sys 0 00:00:00  -  Run Local Usage
		Usr 0 00:00:03, Sys 0 00:00:00  -  Total Remote Usage
		Usr 0 00:00:00, Sys 0 00:00:00  -  Total Local Usage
	0  -  Run Bytes Sent By Job
	0  -  Run Bytes Received By Job
	0  -  Total Bytes Sent By Job
	0  -  Total Bytes Received By Job
	Partitionable Resources :    Usage  Request Allocated
	   Cpus                 :                 1         1
	   Disk (KB)            :        1        1  16195855
	   Memory (MB)          :       34        1      4023
...
000 (9643780.000.000) 02/27 20:47:17 Job submitted from host: <10.10.48.31:15410?addrs=10.10.48.31-15410>
...
001 (9643780.000.000) 02/27 20:47:19 Job executing on host: <10.10.48.143:56523?addrs=10.10.48.143-56523>
...
006 (9643780.000.000) 02/27 20:47:21 Image size of job updated: 252292
	0  -  MemoryUsage of job (MB)
	0  -  ResidentSetSize of job (KB)
...
005 (9643780.000.000) 02/27 20:47:21 Job terminated.
	(1) Normal termination (return value 117)
		Usr 0 00:00:00, Sys 0 00:00:00  -  Run Remote Usage
		Usr 0 00:00:00, Sys 0 00:00:00  -  Run Local Usage
		Usr 0 00:00:00, Sys 0 00:00:00  -  Total Remote Usage
		Usr 0 00:00:00, Sys 0 00:00:00  -  Total Local Usage
	0  -  Run Bytes Sent By Job
	0  -  Run Bytes Received By Job
	0  -  Total Bytes Sent By Job
	0  -  Total Bytes Received By Job
	Partitionable Resources :    Usage  Request Allocated
	   Cpus                 :                 1         1
	   Disk (KB)            :        1        1  13384575
	   Memory (MB)          :        0        1      6441
...
