000 (8914280.000.000) 12/10 23:42:47 Job submitted from host: <10.10.48.31:12542?addrs=10.10.48.31-12542>
...
001 (8914280.000.000) 12/10 23:42:57 Job executing on host: <10.10.48.133:42257?addrs=10.10.48.133-42257>
...
006 (8914280.000.000) 12/10 23:42:57 Image size of job updated: 167744
	0  -  MemoryUsage of job (MB)
	0  -  ResidentSetSize of job (KB)
...
005 (8914280.000.000) 12/10 23:42:58 Job terminated.
	(1) Normal termination (return value 1)
		Usr 0 00:00:00, Sys 0 00:00:00  -  Run Remote Usage
		Usr 0 00:00:00, Sys 0 00:00:00  -  Run Local Usage
		Usr 0 00:00:00, Sys 0 00:00:00  -  Total Remote Usage
		Usr 0 00:00:00, Sys 0 00:00:00  -  Total Local Usage
	0  -  Run Bytes Sent By Job
	0  -  Run Bytes Received By Job
	0  -  Total Bytes Sent By Job
	0  -  Total Bytes Received By Job
	Partitionable Resources :    Usage  Request Allocated
	   Cpus                 :                 1         1
	   Disk (KB)            :        1        1  13386734
	   Memory (MB)          :        0        1      6441
...
000 (8914442.000.000) 12/10 23:49:00 Job submitted from host: <10.10.48.31:12542?addrs=10.10.48.31-12542>
...
001 (8914442.000.000) 12/10 23:49:19 Job executing on host: <10.10.48.133:42257?addrs=10.10.48.133-42257>
...
006 (8914442.000.000) 12/10 23:49:27 Image size of job updated: 185832
	32  -  MemoryUsage of job (MB)
	32468  -  ResidentSetSize of job (KB)
...
006 (8914442.000.000) 12/10 23:50:01 Image size of job updated: 192544
	32  -  MemoryUsage of job (MB)
	32468  -  ResidentSetSize of job (KB)
...
005 (8914442.000.000) 12/10 23:50:02 Job terminated.
	(1) Normal termination (return value 0)
		Usr 0 00:00:25, Sys 0 00:00:00  -  Run Remote Usage
		Usr 0 00:00:00, Sys 0 00:00:00  -  Run Local Usage
		Usr 0 00:00:25, Sys 0 00:00:00  -  Total Remote Usage
		Usr 0 00:00:00, Sys 0 00:00:00  -  Total Local Usage
	0  -  Run Bytes Sent By Job
	0  -  Run Bytes Received By Job
	0  -  Total Bytes Sent By Job
	0  -  Total Bytes Received By Job
	Partitionable Resources :    Usage  Request Allocated
	   Cpus                 :                 1         1
	   Disk (KB)            :        1        1  13386671
	   Memory (MB)          :       32        1      6441
...
000 (8914604.000.000) 12/11 16:48:19 Job submitted from host: <10.10.48.31:12542?addrs=10.10.48.31-12542>
...
001 (8914604.000.000) 12/11 16:48:37 Job executing on host: <10.10.48.35:61041?addrs=10.10.48.35-61041>
...
006 (8914604.000.000) 12/11 16:48:46 Image size of job updated: 185836
	32  -  MemoryUsage of job (MB)
	32764  -  ResidentSetSize of job (KB)
...
006 (8914604.000.000) 12/11 16:49:37 Image size of job updated: 192432
	32  -  MemoryUsage of job (MB)
	32764  -  ResidentSetSize of job (KB)
...
005 (8914604.000.000) 12/11 16:49:37 Job terminated.
	(1) Normal termination (return value 0)
		Usr 0 00:00:19, Sys 0 00:00:00  -  Run Remote Usage
		Usr 0 00:00:00, Sys 0 00:00:00  -  Run Local Usage
		Usr 0 00:00:19, Sys 0 00:00:00  -  Total Remote Usage
		Usr 0 00:00:00, Sys 0 00:00:00  -  Total Local Usage
	0  -  Run Bytes Sent By Job
	0  -  Run Bytes Received By Job
	0  -  Total Bytes Sent By Job
	0  -  Total Bytes Received By Job
	Partitionable Resources :    Usage  Request Allocated
	   Cpus                 :                 1         1
	   Disk (KB)            :        1        1  16721155
	   Memory (MB)          :       32        1      4023
...
000 (8915366.000.000) 12/11 17:17:49 Job submitted from host: <10.10.48.31:12542?addrs=10.10.48.31-12542>
...
001 (8915366.000.000) 12/11 17:18:03 Job executing on host: <10.10.48.37:22739?addrs=10.10.48.37-22739>
...
006 (8915366.000.000) 12/11 17:18:11 Image size of job updated: 190884
	37  -  MemoryUsage of job (MB)
	37400  -  ResidentSetSize of job (KB)
...
006 (8915366.000.000) 12/11 17:18:30 Image size of job updated: 192564
	37  -  MemoryUsage of job (MB)
	37400  -  ResidentSetSize of job (KB)
...
005 (8915366.000.000) 12/11 17:18:30 Job terminated.
	(1) Normal termination (return value 0)
		Usr 0 00:00:17, Sys 0 00:00:00  -  Run Remote Usage
		Usr 0 00:00:00, Sys 0 00:00:00  -  Run Local Usage
		Usr 0 00:00:17, Sys 0 00:00:00  -  Total Remote Usage
		Usr 0 00:00:00, Sys 0 00:00:00  -  Total Local Usage
	0  -  Run Bytes Sent By Job
	0  -  Run Bytes Received By Job
	0  -  Total Bytes Sent By Job
	0  -  Total Bytes Received By Job
	Partitionable Resources :    Usage  Request Allocated
	   Cpus                 :                 1         1
	   Disk (KB)            :        1        1  16727215
	   Memory (MB)          :       37        1      4023
...
000 (8915528.000.000) 12/11 22:46:54 Job submitted from host: <10.10.48.31:12542?addrs=10.10.48.31-12542>
...
001 (8915528.000.000) 12/11 22:47:12 Job executing on host: <10.10.48.35:61041?addrs=10.10.48.35-61041>
...
006 (8915528.000.000) 12/11 22:47:21 Image size of job updated: 184500
	32  -  MemoryUsage of job (MB)
	32372  -  ResidentSetSize of job (KB)
...
006 (8915528.000.000) 12/11 22:52:22 Image size of job updated: 192704
	40  -  MemoryUsage of job (MB)
	40072  -  ResidentSetSize of job (KB)
...
005 (8915528.000.000) 12/11 22:52:31 Job terminated.
	(1) Normal termination (return value 0)
		Usr 0 00:02:31, Sys 0 00:00:02  -  Run Remote Usage
		Usr 0 00:00:00, Sys 0 00:00:00  -  Run Local Usage
		Usr 0 00:02:31, Sys 0 00:00:02  -  Total Remote Usage
		Usr 0 00:00:00, Sys 0 00:00:00  -  Total Local Usage
	0  -  Run Bytes Sent By Job
	0  -  Run Bytes Received By Job
	0  -  Total Bytes Sent By Job
	0  -  Total Bytes Received By Job
	Partitionable Resources :    Usage  Request Allocated
	   Cpus                 :                 1         1
	   Disk (KB)            :        1        1  16721100
	   Memory (MB)          :       40        1      4023
...
000 (8915660.000.000) 12/11 22:57:01 Job submitted from host: <10.10.48.31:12542?addrs=10.10.48.31-12542>
...
001 (8915660.000.000) 12/11 22:57:19 Job executing on host: <10.10.48.35:61041?addrs=10.10.48.35-61041>
...
006 (8915660.000.000) 12/11 22:57:27 Image size of job updated: 192328
	39  -  MemoryUsage of job (MB)
	39568  -  ResidentSetSize of job (KB)
...
006 (8915660.000.000) 12/11 22:59:10 Image size of job updated: 194828
	39  -  MemoryUsage of job (MB)
	39568  -  ResidentSetSize of job (KB)
...
005 (8915660.000.000) 12/11 22:59:10 Job terminated.
	(1) Normal termination (return value 0)
		Usr 0 00:01:46, Sys 0 00:00:01  -  Run Remote Usage
		Usr 0 00:00:00, Sys 0 00:00:00  -  Run Local Usage
		Usr 0 00:01:46, Sys 0 00:00:01  -  Total Remote Usage
		Usr 0 00:00:00, Sys 0 00:00:00  -  Total Local Usage
	0  -  Run Bytes Sent By Job
	0  -  Run Bytes Received By Job
	0  -  Total Bytes Sent By Job
	0  -  Total Bytes Received By Job
	Partitionable Resources :    Usage  Request Allocated
	   Cpus                 :                 1         1
	   Disk (KB)            :        1        1  16721068
	   Memory (MB)          :       39        1      4023
...
000 (8915792.000.000) 12/11 23:09:03 Job submitted from host: <10.10.48.31:12542?addrs=10.10.48.31-12542>
...
001 (8915792.000.000) 12/11 23:09:11 Job executing on host: <10.10.48.141:50603?addrs=10.10.48.141-50603>
...
006 (8915792.000.000) 12/11 23:09:20 Image size of job updated: 192956
	38  -  MemoryUsage of job (MB)
	38260  -  ResidentSetSize of job (KB)
...
005 (8915792.000.000) 12/11 23:09:31 Job terminated.
	(1) Normal termination (return value 1)
		Usr 0 00:00:06, Sys 0 00:00:00  -  Run Remote Usage
		Usr 0 00:00:00, Sys 0 00:00:00  -  Run Local Usage
		Usr 0 00:00:06, Sys 0 00:00:00  -  Total Remote Usage
		Usr 0 00:00:00, Sys 0 00:00:00  -  Total Local Usage
	0  -  Run Bytes Sent By Job
	0  -  Run Bytes Received By Job
	0  -  Total Bytes Sent By Job
	0  -  Total Bytes Received By Job
	Partitionable Resources :    Usage  Request Allocated
	   Cpus                 :                 1         1
	   Disk (KB)            :        1        1  13376523
	   Memory (MB)          :       38        1      6441
...
000 (8915954.000.000) 12/11 23:22:23 Job submitted from host: <10.10.48.31:12542?addrs=10.10.48.31-12542>
...
001 (8915954.000.000) 12/11 23:22:45 Job executing on host: <10.10.48.141:50603?addrs=10.10.48.141-50603>
...
006 (8915954.000.000) 12/11 23:22:50 Image size of job updated: 192956
	0  -  MemoryUsage of job (MB)
	0  -  ResidentSetSize of job (KB)
...
005 (8915954.000.000) 12/11 23:22:50 Job terminated.
	(1) Normal termination (return value 0)
		Usr 0 00:00:04, Sys 0 00:00:00  -  Run Remote Usage
		Usr 0 00:00:00, Sys 0 00:00:00  -  Run Local Usage
		Usr 0 00:00:04, Sys 0 00:00:00  -  Total Remote Usage
		Usr 0 00:00:00, Sys 0 00:00:00  -  Total Local Usage
	0  -  Run Bytes Sent By Job
	0  -  Run Bytes Received By Job
	0  -  Total Bytes Sent By Job
	0  -  Total Bytes Received By Job
	Partitionable Resources :    Usage  Request Allocated
	   Cpus                 :                 1         1
	   Disk (KB)            :        1        1  13376493
	   Memory (MB)          :        0        1      6441
...
000 (8916117.000.000) 12/12 14:23:32 Job submitted from host: <10.10.48.31:12542?addrs=10.10.48.31-12542>
...
001 (8916117.000.000) 12/12 14:23:49 Job executing on host: <10.10.48.35:61041?addrs=10.10.48.35-61041>
...
006 (8916117.000.000) 12/12 14:23:57 Image size of job updated: 181980
	28  -  MemoryUsage of job (MB)
	28324  -  ResidentSetSize of job (KB)
...
006 (8916117.000.000) 12/12 14:28:57 Image size of job updated: 239440
	79  -  MemoryUsage of job (MB)
	80380  -  ResidentSetSize of job (KB)
...
006 (8916117.000.000) 12/12 14:29:20 Image size of job updated: 245656
	79  -  MemoryUsage of job (MB)
	80380  -  ResidentSetSize of job (KB)
...
005 (8916117.000.000) 12/12 14:29:20 Job terminated.
	(1) Normal termination (return value 0)
		Usr 0 00:01:23, Sys 0 00:00:02  -  Run Remote Usage
		Usr 0 00:00:00, Sys 0 00:00:00  -  Run Local Usage
		Usr 0 00:01:23, Sys 0 00:00:02  -  Total Remote Usage
		Usr 0 00:00:00, Sys 0 00:00:00  -  Total Local Usage
	0  -  Run Bytes Sent By Job
	0  -  Run Bytes Received By Job
	0  -  Total Bytes Sent By Job
	0  -  Total Bytes Received By Job
	Partitionable Resources :    Usage  Request Allocated
	   Cpus                 :                 1         1
	   Disk (KB)            :        1        1  16721064
	   Memory (MB)          :       79        1      4023
...
