000 (8914366.000.000) 12/10 23:43:06 Job submitted from host: <10.10.48.31:12542?addrs=10.10.48.31-12542>
...
001 (8914366.000.000) 12/10 23:43:14 Job executing on host: <10.10.48.41:20766?addrs=10.10.48.41-20766>
...
006 (8914366.000.000) 12/10 23:43:14 Image size of job updated: 170108
	0  -  MemoryUsage of job (MB)
	0  -  ResidentSetSize of job (KB)
...
005 (8914366.000.000) 12/10 23:43:14 Job terminated.
	(1) Normal termination (return value 1)
		Usr 0 00:00:00, Sys 0 00:00:00  -  Run Remote Usage
		Usr 0 00:00:00, Sys 0 00:00:00  -  Run Local Usage
		Usr 0 00:00:00, Sys 0 00:00:00  -  Total Remote Usage
		Usr 0 00:00:00, Sys 0 00:00:00  -  Total Local Usage
	0  -  Run Bytes Sent By Job
	0  -  Run Bytes Received By Job
	0  -  Total Bytes Sent By Job
	0  -  Total Bytes Received By Job
	Partitionable Resources :    Usage  Request Allocated
	   Cpus                 :                 1         1
	   Disk (KB)            :        1        1  16725290
	   Memory (MB)          :        0        1      4023
...
000 (8914528.000.000) 12/10 23:50:49 Job submitted from host: <10.10.48.31:12542?addrs=10.10.48.31-12542>
...
001 (8914528.000.000) 12/10 23:51:49 Job executing on host: <10.10.48.35:61041?addrs=10.10.48.35-61041>
...
006 (8914528.000.000) 12/10 23:51:58 Image size of job updated: 185860
	34  -  MemoryUsage of job (MB)
	33952  -  ResidentSetSize of job (KB)
...
006 (8914528.000.000) 12/10 23:54:44 Image size of job updated: 192584
	34  -  MemoryUsage of job (MB)
	33952  -  ResidentSetSize of job (KB)
...
005 (8914528.000.000) 12/10 23:54:44 Job terminated.
	(1) Normal termination (return value 0)
		Usr 0 00:01:32, Sys 0 00:00:01  -  Run Remote Usage
		Usr 0 00:00:00, Sys 0 00:00:00  -  Run Local Usage
		Usr 0 00:01:32, Sys 0 00:00:01  -  Total Remote Usage
		Usr 0 00:00:00, Sys 0 00:00:00  -  Total Local Usage
	0  -  Run Bytes Sent By Job
	0  -  Run Bytes Received By Job
	0  -  Total Bytes Sent By Job
	0  -  Total Bytes Received By Job
	Partitionable Resources :    Usage  Request Allocated
	   Cpus                 :                 1         1
	   Disk (KB)            :        1        1  16721148
	   Memory (MB)          :       34        1      4023
...
000 (8914690.000.000) 12/11 16:50:00 Job submitted from host: <10.10.48.31:12542?addrs=10.10.48.31-12542>
...
001 (8914690.000.000) 12/11 16:50:00 Job executing on host: <10.10.48.35:61041?addrs=10.10.48.35-61041>
...
006 (8914690.000.000) 12/11 16:50:08 Image size of job updated: 1
	2  -  MemoryUsage of job (MB)
	1808  -  ResidentSetSize of job (KB)
...
006 (8914690.000.000) 12/11 16:53:09 Image size of job updated: 192468
	2  -  MemoryUsage of job (MB)
	1808  -  ResidentSetSize of job (KB)
...
005 (8914690.000.000) 12/11 16:53:09 Job terminated.
	(1) Normal termination (return value 0)
		Usr 0 00:01:22, Sys 0 00:00:01  -  Run Remote Usage
		Usr 0 00:00:00, Sys 0 00:00:00  -  Run Local Usage
		Usr 0 00:01:22, Sys 0 00:00:01  -  Total Remote Usage
		Usr 0 00:00:00, Sys 0 00:00:00  -  Total Local Usage
	0  -  Run Bytes Sent By Job
	0  -  Run Bytes Received By Job
	0  -  Total Bytes Sent By Job
	0  -  Total Bytes Received By Job
	Partitionable Resources :    Usage  Request Allocated
	   Cpus                 :                 1         1
	   Disk (KB)            :        1        1  16721155
	   Memory (MB)          :        2        1      4023
...
000 (8915452.000.000) 12/11 17:19:07 Job submitted from host: <10.10.48.31:12542?addrs=10.10.48.31-12542>
...
001 (8915452.000.000) 12/11 17:19:44 Job executing on host: <10.10.48.42:24954?addrs=10.10.48.42-24954>
...
006 (8915452.000.000) 12/11 17:19:53 Image size of job updated: 192500
	38  -  MemoryUsage of job (MB)
	38396  -  ResidentSetSize of job (KB)
...
006 (8915452.000.000) 12/11 17:21:17 Image size of job updated: 193768
	38  -  MemoryUsage of job (MB)
	38396  -  ResidentSetSize of job (KB)
...
005 (8915452.000.000) 12/11 17:21:17 Job terminated.
	(1) Normal termination (return value 0)
		Usr 0 00:01:17, Sys 0 00:00:01  -  Run Remote Usage
		Usr 0 00:00:00, Sys 0 00:00:00  -  Run Local Usage
		Usr 0 00:01:17, Sys 0 00:00:01  -  Total Remote Usage
		Usr 0 00:00:00, Sys 0 00:00:00  -  Total Local Usage
	0  -  Run Bytes Sent By Job
	0  -  Run Bytes Received By Job
	0  -  Total Bytes Sent By Job
	0  -  Total Bytes Received By Job
	Partitionable Resources :    Usage  Request Allocated
	   Cpus                 :                 1         1
	   Disk (KB)            :        1        1  16729390
	   Memory (MB)          :       38        1      4023
...
000 (8915614.000.000) 12/11 22:48:43 Job submitted from host: <10.10.48.31:12542?addrs=10.10.48.31-12542>
...
001 (8915614.000.000) 12/11 22:48:44 Job executing on host: <10.10.48.139:49429?addrs=10.10.48.139-49429>
...
006 (8915614.000.000) 12/11 22:48:53 Image size of job updated: 1
	2  -  MemoryUsage of job (MB)
	1872  -  ResidentSetSize of job (KB)
...
006 (8915614.000.000) 12/11 22:51:56 Image size of job updated: 192672
	2  -  MemoryUsage of job (MB)
	1872  -  ResidentSetSize of job (KB)
...
005 (8915614.000.000) 12/11 22:51:56 Job terminated.
	(1) Normal termination (return value 0)
		Usr 0 00:01:40, Sys 0 00:00:01  -  Run Remote Usage
		Usr 0 00:00:00, Sys 0 00:00:00  -  Run Local Usage
		Usr 0 00:01:40, Sys 0 00:00:01  -  Total Remote Usage
		Usr 0 00:00:00, Sys 0 00:00:00  -  Total Local Usage
	0  -  Run Bytes Sent By Job
	0  -  Run Bytes Received By Job
	0  -  Total Bytes Sent By Job
	0  -  Total Bytes Received By Job
	Partitionable Resources :    Usage  Request Allocated
	   Cpus                 :                 1         1
	   Disk (KB)            :        1        1  13385104
	   Memory (MB)          :        2        1      6441
...
000 (8915746.000.000) 12/11 22:58:40 Job submitted from host: <10.10.48.31:12542?addrs=10.10.48.31-12542>
...
001 (8915746.000.000) 12/11 22:58:41 Job executing on host: <10.10.48.41:20766?addrs=10.10.48.41-20766>
...
006 (8915746.000.000) 12/11 22:58:50 Image size of job updated: 190804
	38  -  MemoryUsage of job (MB)
	38436  -  ResidentSetSize of job (KB)
...
006 (8915746.000.000) 12/11 23:00:06 Image size of job updated: 192556
	38  -  MemoryUsage of job (MB)
	38436  -  ResidentSetSize of job (KB)
...
005 (8915746.000.000) 12/11 23:00:06 Job terminated.
	(1) Normal termination (return value 0)
		Usr 0 00:00:57, Sys 0 00:00:01  -  Run Remote Usage
		Usr 0 00:00:00, Sys 0 00:00:00  -  Run Local Usage
		Usr 0 00:00:57, Sys 0 00:00:01  -  Total Remote Usage
		Usr 0 00:00:00, Sys 0 00:00:00  -  Total Local Usage
	0  -  Run Bytes Sent By Job
	0  -  Run Bytes Received By Job
	0  -  Total Bytes Sent By Job
	0  -  Total Bytes Received By Job
	Partitionable Resources :    Usage  Request Allocated
	   Cpus                 :                 1         1
	   Disk (KB)            :        1        1  16725182
	   Memory (MB)          :       38        1      4023
...
000 (8915878.000.000) 12/11 23:10:12 Job submitted from host: <10.10.48.31:12542?addrs=10.10.48.31-12542>
...
001 (8915878.000.000) 12/11 23:10:20 Job executing on host: <10.10.48.41:20766?addrs=10.10.48.41-20766>
...
006 (8915878.000.000) 12/11 23:10:29 Image size of job updated: 185204
	32  -  MemoryUsage of job (MB)
	32092  -  ResidentSetSize of job (KB)
...
006 (8915878.000.000) 12/11 23:13:36 Image size of job updated: 192876
	32  -  MemoryUsage of job (MB)
	32092  -  ResidentSetSize of job (KB)
...
005 (8915878.000.000) 12/11 23:13:36 Job terminated.
	(1) Normal termination (return value 1)
		Usr 0 00:00:53, Sys 0 00:00:01  -  Run Remote Usage
		Usr 0 00:00:00, Sys 0 00:00:00  -  Run Local Usage
		Usr 0 00:00:53, Sys 0 00:00:01  -  Total Remote Usage
		Usr 0 00:00:00, Sys 0 00:00:00  -  Total Local Usage
	0  -  Run Bytes Sent By Job
	0  -  Run Bytes Received By Job
	0  -  Total Bytes Sent By Job
	0  -  Total Bytes Received By Job
	Partitionable Resources :    Usage  Request Allocated
	   Cpus                 :                 1         1
	   Disk (KB)            :        1        1  16725205
	   Memory (MB)          :       32        1      4023
...
000 (8916040.000.000) 12/11 23:23:02 Job submitted from host: <10.10.48.31:12542?addrs=10.10.48.31-12542>
...
001 (8916040.000.000) 12/11 23:23:05 Job executing on host: <10.10.48.41:20766?addrs=10.10.48.41-20766>
...
006 (8916040.000.000) 12/11 23:23:14 Image size of job updated: 185196
	32  -  MemoryUsage of job (MB)
	31940  -  ResidentSetSize of job (KB)
...
006 (8916040.000.000) 12/11 23:24:04 Image size of job updated: 192860
	32  -  MemoryUsage of job (MB)
	31940  -  ResidentSetSize of job (KB)
...
005 (8916040.000.000) 12/11 23:24:04 Job terminated.
	(1) Normal termination (return value 0)
		Usr 0 00:00:30, Sys 0 00:00:01  -  Run Remote Usage
		Usr 0 00:00:00, Sys 0 00:00:00  -  Run Local Usage
		Usr 0 00:00:30, Sys 0 00:00:01  -  Total Remote Usage
		Usr 0 00:00:00, Sys 0 00:00:00  -  Total Local Usage
	0  -  Run Bytes Sent By Job
	0  -  Run Bytes Received By Job
	0  -  Total Bytes Sent By Job
	0  -  Total Bytes Received By Job
	Partitionable Resources :    Usage  Request Allocated
	   Cpus                 :                 1         1
	   Disk (KB)            :        1        1  16725172
	   Memory (MB)          :       32        1      4023
...
000 (8916203.000.000) 12/12 14:25:36 Job submitted from host: <10.10.48.31:12542?addrs=10.10.48.31-12542>
...
001 (8916203.000.000) 12/12 14:25:52 Job executing on host: <10.10.48.41:20766?addrs=10.10.48.41-20766>
...
006 (8916203.000.000) 12/12 14:26:00 Image size of job updated: 1
	2  -  MemoryUsage of job (MB)
	1816  -  ResidentSetSize of job (KB)
...
006 (8916203.000.000) 12/12 14:28:14 Image size of job updated: 192904
	2  -  MemoryUsage of job (MB)
	1816  -  ResidentSetSize of job (KB)
...
005 (8916203.000.000) 12/12 14:28:14 Job terminated.
	(1) Normal termination (return value 0)
		Usr 0 00:00:41, Sys 0 00:00:01  -  Run Remote Usage
		Usr 0 00:00:00, Sys 0 00:00:00  -  Run Local Usage
		Usr 0 00:00:41, Sys 0 00:00:01  -  Total Remote Usage
		Usr 0 00:00:00, Sys 0 00:00:00  -  Total Local Usage
	0  -  Run Bytes Sent By Job
	0  -  Run Bytes Received By Job
	0  -  Total Bytes Sent By Job
	0  -  Total Bytes Received By Job
	Partitionable Resources :    Usage  Request Allocated
	   Cpus                 :                 1         1
	   Disk (KB)            :        1        1  16725139
	   Memory (MB)          :        2        1      4023
...
000 (9637276.000.000) 02/27 16:03:44 Job submitted from host: <10.10.48.31:15410?addrs=10.10.48.31-15410>
...
001 (9637276.000.000) 02/27 16:03:52 Job executing on host: <10.10.48.40:16453?addrs=10.10.48.40-16453>
...
006 (9637276.000.000) 02/27 16:04:01 Image size of job updated: 185584
	32  -  MemoryUsage of job (MB)
	32380  -  ResidentSetSize of job (KB)
...
005 (9637276.000.000) 02/27 16:04:15 Job terminated.
	(1) Normal termination (return value 255)
		Usr 0 00:00:00, Sys 0 00:00:00  -  Run Remote Usage
		Usr 0 00:00:00, Sys 0 00:00:00  -  Run Local Usage
		Usr 0 00:00:00, Sys 0 00:00:00  -  Total Remote Usage
		Usr 0 00:00:00, Sys 0 00:00:00  -  Total Local Usage
	0  -  Run Bytes Sent By Job
	0  -  Run Bytes Received By Job
	0  -  Total Bytes Sent By Job
	0  -  Total Bytes Received By Job
	Partitionable Resources :    Usage  Request Allocated
	   Cpus                 :                 1         1
	   Disk (KB)            :        1        1  16720868
	   Memory (MB)          :       32        1      4023
...
000 (9643829.000.000) 02/27 20:47:27 Job submitted from host: <10.10.48.31:15410?addrs=10.10.48.31-15410>
...
001 (9643829.000.000) 02/27 20:47:29 Job executing on host: <10.10.48.143:56523?addrs=10.10.48.143-56523>
...
006 (9643829.000.000) 02/27 20:47:30 Image size of job updated: 252792
	0  -  MemoryUsage of job (MB)
	0  -  ResidentSetSize of job (KB)
...
005 (9643829.000.000) 02/27 20:47:30 Job terminated.
	(1) Normal termination (return value 89)
		Usr 0 00:00:00, Sys 0 00:00:00  -  Run Remote Usage
		Usr 0 00:00:00, Sys 0 00:00:00  -  Run Local Usage
		Usr 0 00:00:00, Sys 0 00:00:00  -  Total Remote Usage
		Usr 0 00:00:00, Sys 0 00:00:00  -  Total Local Usage
	0  -  Run Bytes Sent By Job
	0  -  Run Bytes Received By Job
	0  -  Total Bytes Sent By Job
	0  -  Total Bytes Received By Job
	Partitionable Resources :    Usage  Request Allocated
	   Cpus                 :                 1         1
	   Disk (KB)            :        1        1  13384575
	   Memory (MB)          :        0        1      6441
...
