000 (8914389.000.000) 12/10 23:43:10 Job submitted from host: <10.10.48.31:12542?addrs=10.10.48.31-12542>
...
001 (8914389.000.000) 12/10 23:44:16 Job executing on host: <10.10.48.43:4900?addrs=10.10.48.43-4900>
...
006 (8914389.000.000) 12/10 23:44:16 Image size of job updated: 1
	0  -  MemoryUsage of job (MB)
	0  -  ResidentSetSize of job (KB)
...
005 (8914389.000.000) 12/10 23:44:16 Job terminated.
	(1) Normal termination (return value 1)
		Usr 0 00:00:00, Sys 0 00:00:00  -  Run Remote Usage
		Usr 0 00:00:00, Sys 0 00:00:00  -  Run Local Usage
		Usr 0 00:00:00, Sys 0 00:00:00  -  Total Remote Usage
		Usr 0 00:00:00, Sys 0 00:00:00  -  Total Local Usage
	0  -  Run Bytes Sent By Job
	0  -  Run Bytes Received By Job
	0  -  Total Bytes Sent By Job
	0  -  Total Bytes Received By Job
	Partitionable Resources :    Usage  Request Allocated
	   Cpus                 :                 1         1
	   Disk (KB)            :        1        1  16728115
	   Memory (MB)          :        0        1      4023
...
000 (8914551.000.000) 12/10 23:51:50 Job submitted from host: <10.10.48.31:12542?addrs=10.10.48.31-12542>
...
001 (8914551.000.000) 12/10 23:53:00 Job executing on host: <10.10.48.133:42257?addrs=10.10.48.133-42257>
...
006 (8914551.000.000) 12/10 23:53:08 Image size of job updated: 185640
	34  -  MemoryUsage of job (MB)
	33940  -  ResidentSetSize of job (KB)
...
006 (8914551.000.000) 12/10 23:58:08 Image size of job updated: 192524
	40  -  MemoryUsage of job (MB)
	40004  -  ResidentSetSize of job (KB)
...
005 (8914551.000.000) 12/10 23:58:38 Job terminated.
	(1) Normal termination (return value 0)
		Usr 0 00:03:29, Sys 0 00:00:03  -  Run Remote Usage
		Usr 0 00:00:00, Sys 0 00:00:00  -  Run Local Usage
		Usr 0 00:03:29, Sys 0 00:00:03  -  Total Remote Usage
		Usr 0 00:00:00, Sys 0 00:00:00  -  Total Local Usage
	0  -  Run Bytes Sent By Job
	0  -  Run Bytes Received By Job
	0  -  Total Bytes Sent By Job
	0  -  Total Bytes Received By Job
	Partitionable Resources :    Usage  Request Allocated
	   Cpus                 :                 1         1
	   Disk (KB)            :        1        1  13386671
	   Memory (MB)          :       40        1      6441
...
000 (8914713.000.000) 12/11 16:51:15 Job submitted from host: <10.10.48.31:12542?addrs=10.10.48.31-12542>
...
001 (8914713.000.000) 12/11 16:51:21 Job executing on host: <10.10.48.41:20766?addrs=10.10.48.41-20766>
...
006 (8914713.000.000) 12/11 16:51:29 Image size of job updated: 185648
	32  -  MemoryUsage of job (MB)
	32692  -  ResidentSetSize of job (KB)
...
006 (8914713.000.000) 12/11 16:55:52 Image size of job updated: 192644
	32  -  MemoryUsage of job (MB)
	32692  -  ResidentSetSize of job (KB)
...
005 (8914713.000.000) 12/11 16:55:52 Job terminated.
	(1) Normal termination (return value 0)
		Usr 0 00:02:49, Sys 0 00:00:03  -  Run Remote Usage
		Usr 0 00:00:00, Sys 0 00:00:00  -  Run Local Usage
		Usr 0 00:02:49, Sys 0 00:00:03  -  Total Remote Usage
		Usr 0 00:00:00, Sys 0 00:00:00  -  Total Local Usage
	0  -  Run Bytes Sent By Job
	0  -  Run Bytes Received By Job
	0  -  Total Bytes Sent By Job
	0  -  Total Bytes Received By Job
	Partitionable Resources :    Usage  Request Allocated
	   Cpus                 :                 1         1
	   Disk (KB)            :        1        1  16725257
	   Memory (MB)          :       32        1      4023
...
000 (8915475.000.000) 12/11 17:19:45 Job submitted from host: <10.10.48.31:12542?addrs=10.10.48.31-12542>
...
001 (8915475.000.000) 12/11 17:20:17 Job executing on host: <10.10.48.42:24954?addrs=10.10.48.42-24954>
...
006 (8915475.000.000) 12/11 17:20:25 Image size of job updated: 192736
	39  -  MemoryUsage of job (MB)
	39916  -  ResidentSetSize of job (KB)
...
006 (8915475.000.000) 12/11 17:23:17 Image size of job updated: 194068
	39  -  MemoryUsage of job (MB)
	39916  -  ResidentSetSize of job (KB)
...
005 (8915475.000.000) 12/11 17:23:17 Job terminated.
	(1) Normal termination (return value 0)
		Usr 0 00:02:40, Sys 0 00:00:02  -  Run Remote Usage
		Usr 0 00:00:00, Sys 0 00:00:00  -  Run Local Usage
		Usr 0 00:02:40, Sys 0 00:00:02  -  Total Remote Usage
		Usr 0 00:00:00, Sys 0 00:00:00  -  Total Local Usage
	0  -  Run Bytes Sent By Job
	0  -  Run Bytes Received By Job
	0  -  Total Bytes Sent By Job
	0  -  Total Bytes Received By Job
	Partitionable Resources :    Usage  Request Allocated
	   Cpus                 :                 1         1
	   Disk (KB)            :        1        1  16729390
	   Memory (MB)          :       39        1      4023
...
000 (8915901.000.000) 12/11 23:11:02 Job submitted from host: <10.10.48.31:12542?addrs=10.10.48.31-12542>
...
001 (8915901.000.000) 12/11 23:11:05 Job executing on host: <10.10.48.41:20766?addrs=10.10.48.41-20766>
...
006 (8915901.000.000) 12/11 23:11:13 Image size of job updated: 184980
	32  -  MemoryUsage of job (MB)
	31936  -  ResidentSetSize of job (KB)
...
006 (8915901.000.000) 12/11 23:16:13 Image size of job updated: 193064
	42  -  MemoryUsage of job (MB)
	42888  -  ResidentSetSize of job (KB)
...
005 (8915901.000.000) 12/11 23:16:21 Job terminated.
	(1) Normal termination (return value 1)
		Usr 0 00:01:47, Sys 0 00:00:03  -  Run Remote Usage
		Usr 0 00:00:00, Sys 0 00:00:00  -  Run Local Usage
		Usr 0 00:01:47, Sys 0 00:00:03  -  Total Remote Usage
		Usr 0 00:00:00, Sys 0 00:00:00  -  Total Local Usage
	0  -  Run Bytes Sent By Job
	0  -  Run Bytes Received By Job
	0  -  Total Bytes Sent By Job
	0  -  Total Bytes Received By Job
	Partitionable Resources :    Usage  Request Allocated
	   Cpus                 :                 1         1
	   Disk (KB)            :        1        1  16725205
	   Memory (MB)          :       42        1      4023
...
000 (8916063.000.000) 12/11 23:23:20 Job submitted from host: <10.10.48.31:12542?addrs=10.10.48.31-12542>
...
001 (8916063.000.000) 12/11 23:23:23 Job executing on host: <10.10.48.139:49429?addrs=10.10.48.139-49429>
...
006 (8916063.000.000) 12/11 23:23:33 Image size of job updated: 192772
	39  -  MemoryUsage of job (MB)
	39348  -  ResidentSetSize of job (KB)
...
006 (8916063.000.000) 12/11 23:27:59 Image size of job updated: 192936
	39  -  MemoryUsage of job (MB)
	39348  -  ResidentSetSize of job (KB)
...
005 (8916063.000.000) 12/11 23:27:59 Job terminated.
	(1) Normal termination (return value 0)
		Usr 0 00:01:19, Sys 0 00:00:01  -  Run Remote Usage
		Usr 0 00:00:00, Sys 0 00:00:00  -  Run Local Usage
		Usr 0 00:01:19, Sys 0 00:00:01  -  Total Remote Usage
		Usr 0 00:00:00, Sys 0 00:00:00  -  Total Local Usage
	0  -  Run Bytes Sent By Job
	0  -  Run Bytes Received By Job
	0  -  Total Bytes Sent By Job
	0  -  Total Bytes Received By Job
	Partitionable Resources :    Usage  Request Allocated
	   Cpus                 :                 1         1
	   Disk (KB)            :        1        1  13385022
	   Memory (MB)          :       39        1      6441
...
