000 (8914314.000.000) 12/10 23:42:54 Job submitted from host: <10.10.48.31:12542?addrs=10.10.48.31-12542>
...
001 (8914314.000.000) 12/10 23:43:03 Job executing on host: <10.10.48.133:42257?addrs=10.10.48.133-42257>
...
006 (8914314.000.000) 12/10 23:43:04 Image size of job updated: 175196
	0  -  MemoryUsage of job (MB)
	0  -  ResidentSetSize of job (KB)
...
005 (8914314.000.000) 12/10 23:43:05 Job terminated.
	(1) Normal termination (return value 1)
		Usr 0 00:00:00, Sys 0 00:00:00  -  Run Remote Usage
		Usr 0 00:00:00, Sys 0 00:00:00  -  Run Local Usage
		Usr 0 00:00:00, Sys 0 00:00:00  -  Total Remote Usage
		Usr 0 00:00:00, Sys 0 00:00:00  -  Total Local Usage
	0  -  Run Bytes Sent By Job
	0  -  Run Bytes Received By Job
	0  -  Total Bytes Sent By Job
	0  -  Total Bytes Received By Job
	Partitionable Resources :    Usage  Request Allocated
	   Cpus                 :                 1         1
	   Disk (KB)            :        1        1  13386734
	   Memory (MB)          :        0        1      6441
...
000 (8914476.000.000) 12/10 23:49:05 Job submitted from host: <10.10.48.31:12542?addrs=10.10.48.31-12542>
...
001 (8914476.000.000) 12/10 23:49:19 Job executing on host: <10.10.48.41:20766?addrs=10.10.48.41-20766>
...
006 (8914476.000.000) 12/10 23:49:28 Image size of job updated: 183820
	31  -  MemoryUsage of job (MB)
	31268  -  ResidentSetSize of job (KB)
...
006 (8914476.000.000) 12/10 23:52:40 Image size of job updated: 192608
	31  -  MemoryUsage of job (MB)
	31268  -  ResidentSetSize of job (KB)
...
005 (8914476.000.000) 12/10 23:52:40 Job terminated.
	(1) Normal termination (return value 0)
		Usr 0 00:01:51, Sys 0 00:00:02  -  Run Remote Usage
		Usr 0 00:00:00, Sys 0 00:00:00  -  Run Local Usage
		Usr 0 00:01:51, Sys 0 00:00:02  -  Total Remote Usage
		Usr 0 00:00:00, Sys 0 00:00:00  -  Total Local Usage
	0  -  Run Bytes Sent By Job
	0  -  Run Bytes Received By Job
	0  -  Total Bytes Sent By Job
	0  -  Total Bytes Received By Job
	Partitionable Resources :    Usage  Request Allocated
	   Cpus                 :                 1         1
	   Disk (KB)            :        1        1  16725276
	   Memory (MB)          :       31        1      4023
...
000 (8914638.000.000) 12/11 16:48:23 Job submitted from host: <10.10.48.31:12542?addrs=10.10.48.31-12542>
...
001 (8914638.000.000) 12/11 16:48:38 Job executing on host: <10.10.48.145:26377?addrs=10.10.48.145-26377>
...
006 (8914638.000.000) 12/11 16:48:46 Image size of job updated: 185956
	32  -  MemoryUsage of job (MB)
	32416  -  ResidentSetSize of job (KB)
...
006 (8914638.000.000) 12/11 16:52:52 Image size of job updated: 192612
	32  -  MemoryUsage of job (MB)
	32416  -  ResidentSetSize of job (KB)
...
005 (8914638.000.000) 12/11 16:52:52 Job terminated.
	(1) Normal termination (return value 0)
		Usr 0 00:01:53, Sys 0 00:00:01  -  Run Remote Usage
		Usr 0 00:00:00, Sys 0 00:00:00  -  Run Local Usage
		Usr 0 00:01:53, Sys 0 00:00:01  -  Total Remote Usage
		Usr 0 00:00:00, Sys 0 00:00:00  -  Total Local Usage
	0  -  Run Bytes Sent By Job
	0  -  Run Bytes Received By Job
	0  -  Total Bytes Sent By Job
	0  -  Total Bytes Received By Job
	Partitionable Resources :    Usage  Request Allocated
	   Cpus                 :                 1         1
	   Disk (KB)            :        1        1  13384492
	   Memory (MB)          :       32        1      6441
...
000 (8915400.000.000) 12/11 17:17:53 Job submitted from host: <10.10.48.31:12542?addrs=10.10.48.31-12542>
...
001 (8915400.000.000) 12/11 17:18:04 Job executing on host: <10.10.48.135:49492?addrs=10.10.48.135-49492>
...
006 (8915400.000.000) 12/11 17:18:13 Image size of job updated: 186000
	34  -  MemoryUsage of job (MB)
	34256  -  ResidentSetSize of job (KB)
...
006 (8915400.000.000) 12/11 17:20:16 Image size of job updated: 196544
	34  -  MemoryUsage of job (MB)
	34256  -  ResidentSetSize of job (KB)
...
005 (8915400.000.000) 12/11 17:20:16 Job terminated.
	(1) Normal termination (return value 0)
		Usr 0 00:01:38, Sys 0 00:00:01  -  Run Remote Usage
		Usr 0 00:00:00, Sys 0 00:00:00  -  Run Local Usage
		Usr 0 00:01:38, Sys 0 00:00:01  -  Total Remote Usage
		Usr 0 00:00:00, Sys 0 00:00:00  -  Total Local Usage
	0  -  Run Bytes Sent By Job
	0  -  Run Bytes Received By Job
	0  -  Total Bytes Sent By Job
	0  -  Total Bytes Received By Job
	Partitionable Resources :    Usage  Request Allocated
	   Cpus                 :                 1         1
	   Disk (KB)            :        1        1  13377146
	   Memory (MB)          :       34        1      6441
...
000 (8915562.000.000) 12/11 22:46:59 Job submitted from host: <10.10.48.31:12542?addrs=10.10.48.31-12542>
...
001 (8915562.000.000) 12/11 22:47:13 Job executing on host: <10.10.48.145:26377?addrs=10.10.48.145-26377>
...
006 (8915562.000.000) 12/11 22:47:21 Image size of job updated: 180380
	30  -  MemoryUsage of job (MB)
	30456  -  ResidentSetSize of job (KB)
...
006 (8915562.000.000) 12/11 22:52:21 Image size of job updated: 192848
	40  -  MemoryUsage of job (MB)
	40740  -  ResidentSetSize of job (KB)
...
000 (8915694.000.000) 12/11 22:57:06 Job submitted from host: <10.10.48.31:12542?addrs=10.10.48.31-12542>
...
001 (8915694.000.000) 12/11 22:57:20 Job executing on host: <10.10.48.143:50448?addrs=10.10.48.143-50448>
...
006 (8915562.000.000) 12/11 22:57:22 Image size of job updated: 194248
	42  -  MemoryUsage of job (MB)
	42264  -  ResidentSetSize of job (KB)
...
006 (8915694.000.000) 12/11 22:57:28 Image size of job updated: 115728
	17  -  MemoryUsage of job (MB)
	17080  -  ResidentSetSize of job (KB)
...
006 (8915562.000.000) 12/11 23:02:23 Image size of job updated: 194848
	46  -  MemoryUsage of job (MB)
	46188  -  ResidentSetSize of job (KB)
...
006 (8915694.000.000) 12/11 23:02:28 Image size of job updated: 198944
	45  -  MemoryUsage of job (MB)
	45184  -  ResidentSetSize of job (KB)
...
006 (8915562.000.000) 12/11 23:06:17 Image size of job updated: 196128
	46  -  MemoryUsage of job (MB)
	46188  -  ResidentSetSize of job (KB)
...
005 (8915562.000.000) 12/11 23:06:17 Job terminated.
	(1) Normal termination (return value 0)
		Usr 0 00:11:24, Sys 0 00:00:10  -  Run Remote Usage
		Usr 0 00:00:00, Sys 0 00:00:00  -  Run Local Usage
		Usr 0 00:11:24, Sys 0 00:00:10  -  Total Remote Usage
		Usr 0 00:00:00, Sys 0 00:00:00  -  Total Local Usage
	0  -  Run Bytes Sent By Job
	0  -  Run Bytes Received By Job
	0  -  Total Bytes Sent By Job
	0  -  Total Bytes Received By Job
	Partitionable Resources :    Usage  Request Allocated
	   Cpus                 :                 1         1
	   Disk (KB)            :        1        1  13384482
	   Memory (MB)          :       46        1      6441
...
006 (8915694.000.000) 12/11 23:07:29 Image size of job updated: 208048
	56  -  MemoryUsage of job (MB)
	57060  -  ResidentSetSize of job (KB)
...
000 (8915826.000.000) 12/11 23:09:08 Job submitted from host: <10.10.48.31:12542?addrs=10.10.48.31-12542>
...
001 (8915826.000.000) 12/11 23:09:27 Job executing on host: <10.10.48.139:49429?addrs=10.10.48.139-49429>
...
006 (8915826.000.000) 12/11 23:09:35 Image size of job updated: 175336
	28  -  MemoryUsage of job (MB)
	28036  -  ResidentSetSize of job (KB)
...
006 (8915694.000.000) 12/11 23:10:06 Image size of job updated: 212364
	56  -  MemoryUsage of job (MB)
	57060  -  ResidentSetSize of job (KB)
...
005 (8915694.000.000) 12/11 23:10:06 Job terminated.
	(1) Normal termination (return value 0)
		Usr 0 00:10:57, Sys 0 00:00:11  -  Run Remote Usage
		Usr 0 00:00:00, Sys 0 00:00:00  -  Run Local Usage
		Usr 0 00:10:57, Sys 0 00:00:11  -  Total Remote Usage
		Usr 0 00:00:00, Sys 0 00:00:00  -  Total Local Usage
	0  -  Run Bytes Sent By Job
	0  -  Run Bytes Received By Job
	0  -  Total Bytes Sent By Job
	0  -  Total Bytes Received By Job
	Partitionable Resources :    Usage  Request Allocated
	   Cpus                 :                 1         1
	   Disk (KB)            :        1        1  13384455
	   Memory (MB)          :       56        1      6441
...
006 (8915826.000.000) 12/11 23:14:00 Image size of job updated: 193072
	28  -  MemoryUsage of job (MB)
	28036  -  ResidentSetSize of job (KB)
...
005 (8915826.000.000) 12/11 23:14:00 Job terminated.
	(1) Normal termination (return value 1)
		Usr 0 00:00:57, Sys 0 00:00:01  -  Run Remote Usage
		Usr 0 00:00:00, Sys 0 00:00:00  -  Run Local Usage
		Usr 0 00:00:57, Sys 0 00:00:01  -  Total Remote Usage
		Usr 0 00:00:00, Sys 0 00:00:00  -  Total Local Usage
	0  -  Run Bytes Sent By Job
	0  -  Run Bytes Received By Job
	0  -  Total Bytes Sent By Job
	0  -  Total Bytes Received By Job
	Partitionable Resources :    Usage  Request Allocated
	   Cpus                 :                 1         1
	   Disk (KB)            :        1        1  13385058
	   Memory (MB)          :       28        1      6441
...
000 (8915988.000.000) 12/11 23:22:28 Job submitted from host: <10.10.48.31:12542?addrs=10.10.48.31-12542>
...
001 (8915988.000.000) 12/11 23:22:43 Job executing on host: <10.10.48.145:26377?addrs=10.10.48.145-26377>
...
006 (8915988.000.000) 12/11 23:22:52 Image size of job updated: 193032
	37  -  MemoryUsage of job (MB)
	37440  -  ResidentSetSize of job (KB)
...
006 (8915988.000.000) 12/11 23:25:22 Image size of job updated: 193184
	37  -  MemoryUsage of job (MB)
	37440  -  ResidentSetSize of job (KB)
...
005 (8915988.000.000) 12/11 23:25:22 Job terminated.
	(1) Normal termination (return value 0)
		Usr 0 00:00:43, Sys 0 00:00:01  -  Run Remote Usage
		Usr 0 00:00:00, Sys 0 00:00:00  -  Run Local Usage
		Usr 0 00:00:43, Sys 0 00:00:01  -  Total Remote Usage
		Usr 0 00:00:00, Sys 0 00:00:00  -  Total Local Usage
	0  -  Run Bytes Sent By Job
	0  -  Run Bytes Received By Job
	0  -  Total Bytes Sent By Job
	0  -  Total Bytes Received By Job
	Partitionable Resources :    Usage  Request Allocated
	   Cpus                 :                 1         1
	   Disk (KB)            :        1        1  13384457
	   Memory (MB)          :       37        1      6441
...
000 (8916151.000.000) 12/12 14:23:37 Job submitted from host: <10.10.48.31:12542?addrs=10.10.48.31-12542>
...
001 (8916151.000.000) 12/12 14:23:50 Job executing on host: <10.10.48.145:26377?addrs=10.10.48.145-26377>
...
006 (8916151.000.000) 12/12 14:23:58 Image size of job updated: 179444
	29  -  MemoryUsage of job (MB)
	29588  -  ResidentSetSize of job (KB)
...
006 (8916151.000.000) 12/12 14:28:58 Image size of job updated: 256312
	95  -  MemoryUsage of job (MB)
	97008  -  ResidentSetSize of job (KB)
...
006 (8916151.000.000) 12/12 14:33:59 Image size of job updated: 543692
	339  -  MemoryUsage of job (MB)
	346656  -  ResidentSetSize of job (KB)
...
006 (8916151.000.000) 12/12 14:35:06 Image size of job updated: 627584
	339  -  MemoryUsage of job (MB)
	346656  -  ResidentSetSize of job (KB)
...
005 (8916151.000.000) 12/12 14:35:06 Job terminated.
	(1) Normal termination (return value 0)
		Usr 0 00:03:54, Sys 0 00:00:06  -  Run Remote Usage
		Usr 0 00:00:00, Sys 0 00:00:00  -  Run Local Usage
		Usr 0 00:03:54, Sys 0 00:00:06  -  Total Remote Usage
		Usr 0 00:00:00, Sys 0 00:00:00  -  Total Local Usage
	0  -  Run Bytes Sent By Job
	0  -  Run Bytes Received By Job
	0  -  Total Bytes Sent By Job
	0  -  Total Bytes Received By Job
	Partitionable Resources :    Usage  Request Allocated
	   Cpus                 :                 1         1
	   Disk (KB)            :        1        1  13384493
	   Memory (MB)          :      339        1      6441
...
000 (9637196.000.000) 02/27 16:01:38 Job submitted from host: <10.10.48.31:15410?addrs=10.10.48.31-15410>
...
001 (9637196.000.000) 02/27 16:01:49 Job executing on host: <10.10.48.45:40029?addrs=10.10.48.45-40029>
...
006 (9637196.000.000) 02/27 16:01:57 Image size of job updated: 176156
	30  -  MemoryUsage of job (MB)
	30636  -  ResidentSetSize of job (KB)
...
006 (9637196.000.000) 02/27 16:06:57 Image size of job updated: 186120
	39  -  MemoryUsage of job (MB)
	39064  -  ResidentSetSize of job (KB)
...
005 (9637196.000.000) 02/27 16:07:26 Job terminated.
	(1) Normal termination (return value 255)
		Usr 0 00:00:01, Sys 0 00:00:00  -  Run Remote Usage
		Usr 0 00:00:00, Sys 0 00:00:00  -  Run Local Usage
		Usr 0 00:00:01, Sys 0 00:00:00  -  Total Remote Usage
		Usr 0 00:00:00, Sys 0 00:00:00  -  Total Local Usage
	0  -  Run Bytes Sent By Job
	0  -  Run Bytes Received By Job
	0  -  Total Bytes Sent By Job
	0  -  Total Bytes Received By Job
	Partitionable Resources :    Usage  Request Allocated
	   Cpus                 :                 1         1
	   Disk (KB)            :        1        1  16195855
	   Memory (MB)          :       39        1      4023
...
000 (9643777.000.000) 02/27 20:47:17 Job submitted from host: <10.10.48.31:15410?addrs=10.10.48.31-15410>
...
001 (9643777.000.000) 02/27 20:47:21 Job executing on host: <10.10.48.143:56523?addrs=10.10.48.143-56523>
...
006 (9643777.000.000) 02/27 20:47:22 Image size of job updated: 252468
	0  -  MemoryUsage of job (MB)
	0  -  ResidentSetSize of job (KB)
...
005 (9643777.000.000) 02/27 20:47:23 Job terminated.
	(1) Normal termination (return value 60)
		Usr 0 00:00:00, Sys 0 00:00:00  -  Run Remote Usage
		Usr 0 00:00:00, Sys 0 00:00:00  -  Run Local Usage
		Usr 0 00:00:00, Sys 0 00:00:00  -  Total Remote Usage
		Usr 0 00:00:00, Sys 0 00:00:00  -  Total Local Usage
	0  -  Run Bytes Sent By Job
	0  -  Run Bytes Received By Job
	0  -  Total Bytes Sent By Job
	0  -  Total Bytes Received By Job
	Partitionable Resources :    Usage  Request Allocated
	   Cpus                 :                 1         1
	   Disk (KB)            :        1        1  13384575
	   Memory (MB)          :        0        1      6441
...
