000 (8914352.000.000) 12/10 23:43:03 Job submitted from host: <10.10.48.31:12542?addrs=10.10.48.31-12542>
...
001 (8914352.000.000) 12/10 23:43:12 Job executing on host: <10.10.48.133:42257?addrs=10.10.48.133-42257>
...
006 (8914352.000.000) 12/10 23:43:13 Image size of job updated: 172932
	0  -  MemoryUsage of job (MB)
	0  -  ResidentSetSize of job (KB)
...
005 (8914352.000.000) 12/10 23:43:14 Job terminated.
	(1) Normal termination (return value 1)
		Usr 0 00:00:00, Sys 0 00:00:00  -  Run Remote Usage
		Usr 0 00:00:00, Sys 0 00:00:00  -  Run Local Usage
		Usr 0 00:00:00, Sys 0 00:00:00  -  Total Remote Usage
		Usr 0 00:00:00, Sys 0 00:00:00  -  Total Local Usage
	0  -  Run Bytes Sent By Job
	0  -  Run Bytes Received By Job
	0  -  Total Bytes Sent By Job
	0  -  Total Bytes Received By Job
	Partitionable Resources :    Usage  Request Allocated
	   Cpus                 :                 1         1
	   Disk (KB)            :        1        1  13386734
	   Memory (MB)          :        0        1      6441
...
000 (8914514.000.000) 12/10 23:50:06 Job submitted from host: <10.10.48.31:12542?addrs=10.10.48.31-12542>
...
001 (8914514.000.000) 12/10 23:51:18 Job executing on host: <10.10.48.43:4900?addrs=10.10.48.43-4900>
...
006 (8914514.000.000) 12/10 23:51:27 Image size of job updated: 185880
	33  -  MemoryUsage of job (MB)
	33700  -  ResidentSetSize of job (KB)
...
006 (8914514.000.000) 12/10 23:55:23 Image size of job updated: 192672
	33  -  MemoryUsage of job (MB)
	33700  -  ResidentSetSize of job (KB)
...
005 (8914514.000.000) 12/10 23:55:23 Job terminated.
	(1) Normal termination (return value 0)
		Usr 0 00:02:04, Sys 0 00:00:02  -  Run Remote Usage
		Usr 0 00:00:00, Sys 0 00:00:00  -  Run Local Usage
		Usr 0 00:02:04, Sys 0 00:00:02  -  Total Remote Usage
		Usr 0 00:00:00, Sys 0 00:00:00  -  Total Local Usage
	0  -  Run Bytes Sent By Job
	0  -  Run Bytes Received By Job
	0  -  Total Bytes Sent By Job
	0  -  Total Bytes Received By Job
	Partitionable Resources :    Usage  Request Allocated
	   Cpus                 :                 1         1
	   Disk (KB)            :        1        1  16728116
	   Memory (MB)          :       33        1      4023
...
000 (8914676.000.000) 12/11 16:49:24 Job submitted from host: <10.10.48.31:12542?addrs=10.10.48.31-12542>
...
001 (8914676.000.000) 12/11 16:49:28 Job executing on host: <10.10.48.139:49429?addrs=10.10.48.139-49429>
...
006 (8914676.000.000) 12/11 16:49:37 Image size of job updated: 185608
	32  -  MemoryUsage of job (MB)
	32408  -  ResidentSetSize of job (KB)
...
006 (8914676.000.000) 12/11 16:53:59 Image size of job updated: 192692
	32  -  MemoryUsage of job (MB)
	32408  -  ResidentSetSize of job (KB)
...
005 (8914676.000.000) 12/11 16:53:59 Job terminated.
	(1) Normal termination (return value 0)
		Usr 0 00:02:36, Sys 0 00:00:02  -  Run Remote Usage
		Usr 0 00:00:00, Sys 0 00:00:00  -  Run Local Usage
		Usr 0 00:02:36, Sys 0 00:00:02  -  Total Remote Usage
		Usr 0 00:00:00, Sys 0 00:00:00  -  Total Local Usage
	0  -  Run Bytes Sent By Job
	0  -  Run Bytes Received By Job
	0  -  Total Bytes Sent By Job
	0  -  Total Bytes Received By Job
	Partitionable Resources :    Usage  Request Allocated
	   Cpus                 :                 1         1
	   Disk (KB)            :        1        1  13385137
	   Memory (MB)          :       32        1      6441
...
000 (8915438.000.000) 12/11 17:18:42 Job submitted from host: <10.10.48.31:12542?addrs=10.10.48.31-12542>
...
001 (8915438.000.000) 12/11 17:19:35 Job executing on host: <10.10.48.42:24954?addrs=10.10.48.42-24954>
...
006 (8915438.000.000) 12/11 17:19:44 Image size of job updated: 192572
	40  -  MemoryUsage of job (MB)
	40048  -  ResidentSetSize of job (KB)
...
006 (8915438.000.000) 12/11 17:21:58 Image size of job updated: 202400
	40  -  MemoryUsage of job (MB)
	40048  -  ResidentSetSize of job (KB)
...
005 (8915438.000.000) 12/11 17:21:58 Job terminated.
	(1) Normal termination (return value 0)
		Usr 0 00:02:09, Sys 0 00:00:02  -  Run Remote Usage
		Usr 0 00:00:00, Sys 0 00:00:00  -  Run Local Usage
		Usr 0 00:02:09, Sys 0 00:00:02  -  Total Remote Usage
		Usr 0 00:00:00, Sys 0 00:00:00  -  Total Local Usage
	0  -  Run Bytes Sent By Job
	0  -  Run Bytes Received By Job
	0  -  Total Bytes Sent By Job
	0  -  Total Bytes Received By Job
	Partitionable Resources :    Usage  Request Allocated
	   Cpus                 :                 1         1
	   Disk (KB)            :        1        1  16729390
	   Memory (MB)          :       40        1      4023
...
000 (8915600.000.000) 12/11 22:47:59 Job submitted from host: <10.10.48.31:12542?addrs=10.10.48.31-12542>
...
001 (8915600.000.000) 12/11 22:48:10 Job executing on host: <10.10.48.41:20766?addrs=10.10.48.41-20766>
...
006 (8915600.000.000) 12/11 22:48:18 Image size of job updated: 1
	2  -  MemoryUsage of job (MB)
	1812  -  ResidentSetSize of job (KB)
...
006 (8915600.000.000) 12/11 22:48:22 Image size of job updated: 192508
	2  -  MemoryUsage of job (MB)
	1812  -  ResidentSetSize of job (KB)
...
005 (8915600.000.000) 12/11 22:48:23 Job terminated.
	(1) Normal termination (return value 0)
		Usr 0 00:00:03, Sys 0 00:00:00  -  Run Remote Usage
		Usr 0 00:00:00, Sys 0 00:00:00  -  Run Local Usage
		Usr 0 00:00:03, Sys 0 00:00:00  -  Total Remote Usage
		Usr 0 00:00:00, Sys 0 00:00:00  -  Total Local Usage
	0  -  Run Bytes Sent By Job
	0  -  Run Bytes Received By Job
	0  -  Total Bytes Sent By Job
	0  -  Total Bytes Received By Job
	Partitionable Resources :    Usage  Request Allocated
	   Cpus                 :                 1         1
	   Disk (KB)            :        1        1  16725261
	   Memory (MB)          :        2        1      4023
...
000 (8915732.000.000) 12/11 22:58:21 Job submitted from host: <10.10.48.31:12542?addrs=10.10.48.31-12542>
...
001 (8915732.000.000) 12/11 22:58:22 Job executing on host: <10.10.48.41:20766?addrs=10.10.48.41-20766>
...
006 (8915732.000.000) 12/11 22:58:25 Image size of job updated: 1
	0  -  MemoryUsage of job (MB)
	0  -  ResidentSetSize of job (KB)
...
005 (8915732.000.000) 12/11 22:58:25 Job terminated.
	(1) Normal termination (return value 0)
		Usr 0 00:00:00, Sys 0 00:00:00  -  Run Remote Usage
		Usr 0 00:00:00, Sys 0 00:00:00  -  Run Local Usage
		Usr 0 00:00:00, Sys 0 00:00:00  -  Total Remote Usage
		Usr 0 00:00:00, Sys 0 00:00:00  -  Total Local Usage
	0  -  Run Bytes Sent By Job
	0  -  Run Bytes Received By Job
	0  -  Total Bytes Sent By Job
	0  -  Total Bytes Received By Job
	Partitionable Resources :    Usage  Request Allocated
	   Cpus                 :                 1         1
	   Disk (KB)            :        1        1  16725236
	   Memory (MB)          :        0        1      4023
...
000 (8915864.000.000) 12/11 23:09:51 Job submitted from host: <10.10.48.31:12542?addrs=10.10.48.31-12542>
...
001 (8915864.000.000) 12/11 23:09:54 Job executing on host: <10.10.48.35:61041?addrs=10.10.48.35-61041>
...
006 (8915864.000.000) 12/11 23:10:03 Image size of job updated: 1
	2  -  MemoryUsage of job (MB)
	1816  -  ResidentSetSize of job (KB)
...
006 (8915864.000.000) 12/11 23:14:52 Image size of job updated: 205712
	2  -  MemoryUsage of job (MB)
	1816  -  ResidentSetSize of job (KB)
...
005 (8915864.000.000) 12/11 23:14:52 Job terminated.
	(1) Normal termination (return value 1)
		Usr 0 00:01:19, Sys 0 00:00:02  -  Run Remote Usage
		Usr 0 00:00:00, Sys 0 00:00:00  -  Run Local Usage
		Usr 0 00:01:19, Sys 0 00:00:02  -  Total Remote Usage
		Usr 0 00:00:00, Sys 0 00:00:00  -  Total Local Usage
	0  -  Run Bytes Sent By Job
	0  -  Run Bytes Received By Job
	0  -  Total Bytes Sent By Job
	0  -  Total Bytes Received By Job
	Partitionable Resources :    Usage  Request Allocated
	   Cpus                 :                 1         1
	   Disk (KB)            :        1        1  16721110
	   Memory (MB)          :        2        1      4023
...
000 (8916026.000.000) 12/11 23:22:52 Job submitted from host: <10.10.48.31:12542?addrs=10.10.48.31-12542>
...
001 (8916026.000.000) 12/11 23:22:55 Job executing on host: <10.10.48.141:50603?addrs=10.10.48.141-50603>
...
006 (8916026.000.000) 12/11 23:23:03 Image size of job updated: 192924
	40  -  MemoryUsage of job (MB)
	39968  -  ResidentSetSize of job (KB)
...
006 (8916026.000.000) 12/11 23:27:34 Image size of job updated: 205596
	40  -  MemoryUsage of job (MB)
	39968  -  ResidentSetSize of job (KB)
...
005 (8916026.000.000) 12/11 23:27:34 Job terminated.
	(1) Normal termination (return value 0)
		Usr 0 00:01:00, Sys 0 00:00:01  -  Run Remote Usage
		Usr 0 00:00:00, Sys 0 00:00:00  -  Run Local Usage
		Usr 0 00:01:00, Sys 0 00:00:01  -  Total Remote Usage
		Usr 0 00:00:00, Sys 0 00:00:00  -  Total Local Usage
	0  -  Run Bytes Sent By Job
	0  -  Run Bytes Received By Job
	0  -  Total Bytes Sent By Job
	0  -  Total Bytes Received By Job
	Partitionable Resources :    Usage  Request Allocated
	   Cpus                 :                 1         1
	   Disk (KB)            :        1        1  13376493
	   Memory (MB)          :       40        1      6441
...
000 (8916189.000.000) 12/12 14:24:37 Job submitted from host: <10.10.48.31:12542?addrs=10.10.48.31-12542>
...
001 (8916189.000.000) 12/12 14:24:38 Job executing on host: <10.10.48.139:49429?addrs=10.10.48.139-49429>
...
006 (8916189.000.000) 12/12 14:24:47 Image size of job updated: 192636
	39  -  MemoryUsage of job (MB)
	39016  -  ResidentSetSize of job (KB)
...
006 (8916189.000.000) 12/12 14:24:55 Image size of job updated: 192860
	39  -  MemoryUsage of job (MB)
	39016  -  ResidentSetSize of job (KB)
...
005 (8916189.000.000) 12/12 14:24:55 Job terminated.
	(1) Normal termination (return value 0)
		Usr 0 00:00:01, Sys 0 00:00:00  -  Run Remote Usage
		Usr 0 00:00:00, Sys 0 00:00:00  -  Run Local Usage
		Usr 0 00:00:01, Sys 0 00:00:00  -  Total Remote Usage
		Usr 0 00:00:00, Sys 0 00:00:00  -  Total Local Usage
	0  -  Run Bytes Sent By Job
	0  -  Run Bytes Received By Job
	0  -  Total Bytes Sent By Job
	0  -  Total Bytes Received By Job
	Partitionable Resources :    Usage  Request Allocated
	   Cpus                 :                 1         1
	   Disk (KB)            :        1        1  13385059
	   Memory (MB)          :       39        1      6441
...
