000 (8914321.000.000) 12/10 23:42:57 Job submitted from host: <10.10.48.31:12542?addrs=10.10.48.31-12542>
...
001 (8914321.000.000) 12/10 23:43:05 Job executing on host: <10.10.48.133:42257?addrs=10.10.48.133-42257>
...
006 (8914321.000.000) 12/10 23:43:05 Image size of job updated: 170116
	0  -  MemoryUsage of job (MB)
	0  -  ResidentSetSize of job (KB)
...
005 (8914321.000.000) 12/10 23:43:06 Job terminated.
	(1) Normal termination (return value 1)
		Usr 0 00:00:00, Sys 0 00:00:00  -  Run Remote Usage
		Usr 0 00:00:00, Sys 0 00:00:00  -  Run Local Usage
		Usr 0 00:00:00, Sys 0 00:00:00  -  Total Remote Usage
		Usr 0 00:00:00, Sys 0 00:00:00  -  Total Local Usage
	0  -  Run Bytes Sent By Job
	0  -  Run Bytes Received By Job
	0  -  Total Bytes Sent By Job
	0  -  Total Bytes Received By Job
	Partitionable Resources :    Usage  Request Allocated
	   Cpus                 :                 1         1
	   Disk (KB)            :        1        1  13386734
	   Memory (MB)          :        0        1      6441
...
000 (8914483.000.000) 12/10 23:49:06 Job submitted from host: <10.10.48.31:12542?addrs=10.10.48.31-12542>
...
001 (8914483.000.000) 12/10 23:49:19 Job executing on host: <10.10.48.41:20766?addrs=10.10.48.41-20766>
...
006 (8914483.000.000) 12/10 23:49:28 Image size of job updated: 184184
	32  -  MemoryUsage of job (MB)
	32384  -  ResidentSetSize of job (KB)
...
006 (8914483.000.000) 12/10 23:50:02 Image size of job updated: 192440
	32  -  MemoryUsage of job (MB)
	32384  -  ResidentSetSize of job (KB)
...
005 (8914483.000.000) 12/10 23:50:04 Job terminated.
	(1) Normal termination (return value 0)
		Usr 0 00:00:23, Sys 0 00:00:00  -  Run Remote Usage
		Usr 0 00:00:00, Sys 0 00:00:00  -  Run Local Usage
		Usr 0 00:00:23, Sys 0 00:00:00  -  Total Remote Usage
		Usr 0 00:00:00, Sys 0 00:00:00  -  Total Local Usage
	0  -  Run Bytes Sent By Job
	0  -  Run Bytes Received By Job
	0  -  Total Bytes Sent By Job
	0  -  Total Bytes Received By Job
	Partitionable Resources :    Usage  Request Allocated
	   Cpus                 :                 1         1
	   Disk (KB)            :        1        1  16725276
	   Memory (MB)          :       32        1      4023
...
000 (8914645.000.000) 12/11 16:48:24 Job submitted from host: <10.10.48.31:12542?addrs=10.10.48.31-12542>
...
001 (8914645.000.000) 12/11 16:48:39 Job executing on host: <10.10.48.145:26377?addrs=10.10.48.145-26377>
...
006 (8914645.000.000) 12/11 16:48:47 Image size of job updated: 185564
	33  -  MemoryUsage of job (MB)
	33656  -  ResidentSetSize of job (KB)
...
006 (8914645.000.000) 12/11 16:49:47 Image size of job updated: 192424
	33  -  MemoryUsage of job (MB)
	33656  -  ResidentSetSize of job (KB)
...
005 (8914645.000.000) 12/11 16:49:47 Job terminated.
	(1) Normal termination (return value 0)
		Usr 0 00:00:21, Sys 0 00:00:00  -  Run Remote Usage
		Usr 0 00:00:00, Sys 0 00:00:00  -  Run Local Usage
		Usr 0 00:00:21, Sys 0 00:00:00  -  Total Remote Usage
		Usr 0 00:00:00, Sys 0 00:00:00  -  Total Local Usage
	0  -  Run Bytes Sent By Job
	0  -  Run Bytes Received By Job
	0  -  Total Bytes Sent By Job
	0  -  Total Bytes Received By Job
	Partitionable Resources :    Usage  Request Allocated
	   Cpus                 :                 1         1
	   Disk (KB)            :        1        1  13384492
	   Memory (MB)          :       33        1      6441
...
000 (8915407.000.000) 12/11 17:17:54 Job submitted from host: <10.10.48.31:12542?addrs=10.10.48.31-12542>
...
001 (8915407.000.000) 12/11 17:18:05 Job executing on host: <10.10.48.135:49492?addrs=10.10.48.135-49492>
...
006 (8915407.000.000) 12/11 17:18:14 Image size of job updated: 185056
	32  -  MemoryUsage of job (MB)
	31808  -  ResidentSetSize of job (KB)
...
006 (8915407.000.000) 12/11 17:18:41 Image size of job updated: 192776
	32  -  MemoryUsage of job (MB)
	31808  -  ResidentSetSize of job (KB)
...
005 (8915407.000.000) 12/11 17:18:41 Job terminated.
	(1) Normal termination (return value 0)
		Usr 0 00:00:19, Sys 0 00:00:00  -  Run Remote Usage
		Usr 0 00:00:00, Sys 0 00:00:00  -  Run Local Usage
		Usr 0 00:00:19, Sys 0 00:00:00  -  Total Remote Usage
		Usr 0 00:00:00, Sys 0 00:00:00  -  Total Local Usage
	0  -  Run Bytes Sent By Job
	0  -  Run Bytes Received By Job
	0  -  Total Bytes Sent By Job
	0  -  Total Bytes Received By Job
	Partitionable Resources :    Usage  Request Allocated
	   Cpus                 :                 1         1
	   Disk (KB)            :        1        1  13377146
	   Memory (MB)          :       32        1      6441
...
000 (8915569.000.000) 12/11 22:47:00 Job submitted from host: <10.10.48.31:12542?addrs=10.10.48.31-12542>
...
001 (8915569.000.000) 12/11 22:47:14 Job executing on host: <10.10.48.145:26377?addrs=10.10.48.145-26377>
...
006 (8915569.000.000) 12/11 22:47:22 Image size of job updated: 180388
	30  -  MemoryUsage of job (MB)
	30700  -  ResidentSetSize of job (KB)
...
006 (8915569.000.000) 12/11 22:52:22 Image size of job updated: 192756
	40  -  MemoryUsage of job (MB)
	40896  -  ResidentSetSize of job (KB)
...
006 (8915569.000.000) 12/11 22:57:23 Image size of job updated: 194188
	42  -  MemoryUsage of job (MB)
	42412  -  ResidentSetSize of job (KB)
...
000 (8915701.000.000) 12/11 22:57:26 Job submitted from host: <10.10.48.31:12542?addrs=10.10.48.31-12542>
...
001 (8915701.000.000) 12/11 22:57:28 Job executing on host: <10.10.48.141:50603?addrs=10.10.48.141-50603>
...
006 (8915701.000.000) 12/11 22:57:37 Image size of job updated: 185780
	32  -  MemoryUsage of job (MB)
	32640  -  ResidentSetSize of job (KB)
...
006 (8915569.000.000) 12/11 23:02:24 Image size of job updated: 194816
	43  -  MemoryUsage of job (MB)
	43260  -  ResidentSetSize of job (KB)
...
006 (8915701.000.000) 12/11 23:02:37 Image size of job updated: 198832
	44  -  MemoryUsage of job (MB)
	44872  -  ResidentSetSize of job (KB)
...
006 (8915569.000.000) 12/11 23:04:42 Image size of job updated: 195356
	43  -  MemoryUsage of job (MB)
	43260  -  ResidentSetSize of job (KB)
...
005 (8915569.000.000) 12/11 23:04:42 Job terminated.
	(1) Normal termination (return value 0)
		Usr 0 00:10:32, Sys 0 00:00:10  -  Run Remote Usage
		Usr 0 00:00:00, Sys 0 00:00:00  -  Run Local Usage
		Usr 0 00:10:32, Sys 0 00:00:10  -  Total Remote Usage
		Usr 0 00:00:00, Sys 0 00:00:00  -  Total Local Usage
	0  -  Run Bytes Sent By Job
	0  -  Run Bytes Received By Job
	0  -  Total Bytes Sent By Job
	0  -  Total Bytes Received By Job
	Partitionable Resources :    Usage  Request Allocated
	   Cpus                 :                 1         1
	   Disk (KB)            :        1        1  13384482
	   Memory (MB)          :       43        1      6441
...
006 (8915701.000.000) 12/11 23:07:37 Image size of job updated: 206164
	55  -  MemoryUsage of job (MB)
	55324  -  ResidentSetSize of job (KB)
...
006 (8915701.000.000) 12/11 23:08:46 Image size of job updated: 207928
	55  -  MemoryUsage of job (MB)
	55324  -  ResidentSetSize of job (KB)
...
005 (8915701.000.000) 12/11 23:08:46 Job terminated.
	(1) Normal termination (return value 0)
		Usr 0 00:09:41, Sys 0 00:00:09  -  Run Remote Usage
		Usr 0 00:00:00, Sys 0 00:00:00  -  Run Local Usage
		Usr 0 00:09:41, Sys 0 00:00:09  -  Total Remote Usage
		Usr 0 00:00:00, Sys 0 00:00:00  -  Total Local Usage
	0  -  Run Bytes Sent By Job
	0  -  Run Bytes Received By Job
	0  -  Total Bytes Sent By Job
	0  -  Total Bytes Received By Job
	Partitionable Resources :    Usage  Request Allocated
	   Cpus                 :                 1         1
	   Disk (KB)            :        1        1  13376549
	   Memory (MB)          :       55        1      6441
...
000 (8915833.000.000) 12/11 23:09:09 Job submitted from host: <10.10.48.31:12542?addrs=10.10.48.31-12542>
...
001 (8915833.000.000) 12/11 23:09:25 Job executing on host: <10.10.48.145:26377?addrs=10.10.48.145-26377>
...
006 (8915833.000.000) 12/11 23:09:33 Image size of job updated: 185180
	33  -  MemoryUsage of job (MB)
	33316  -  ResidentSetSize of job (KB)
...
006 (8915833.000.000) 12/11 23:10:30 Image size of job updated: 192880
	33  -  MemoryUsage of job (MB)
	33316  -  ResidentSetSize of job (KB)
...
005 (8915833.000.000) 12/11 23:10:30 Job terminated.
	(1) Normal termination (return value 1)
		Usr 0 00:00:10, Sys 0 00:00:00  -  Run Remote Usage
		Usr 0 00:00:00, Sys 0 00:00:00  -  Run Local Usage
		Usr 0 00:00:10, Sys 0 00:00:00  -  Total Remote Usage
		Usr 0 00:00:00, Sys 0 00:00:00  -  Total Local Usage
	0  -  Run Bytes Sent By Job
	0  -  Run Bytes Received By Job
	0  -  Total Bytes Sent By Job
	0  -  Total Bytes Received By Job
	Partitionable Resources :    Usage  Request Allocated
	   Cpus                 :                 1         1
	   Disk (KB)            :        1        1  13384436
	   Memory (MB)          :       33        1      6441
...
000 (8915995.000.000) 12/11 23:22:29 Job submitted from host: <10.10.48.31:12542?addrs=10.10.48.31-12542>
...
001 (8915995.000.000) 12/11 23:22:45 Job executing on host: <10.10.48.145:26377?addrs=10.10.48.145-26377>
...
006 (8915995.000.000) 12/11 23:22:53 Image size of job updated: 193056
	37  -  MemoryUsage of job (MB)
	37404  -  ResidentSetSize of job (KB)
...
005 (8915995.000.000) 12/11 23:22:53 Job terminated.
	(1) Normal termination (return value 0)
		Usr 0 00:00:04, Sys 0 00:00:00  -  Run Remote Usage
		Usr 0 00:00:00, Sys 0 00:00:00  -  Run Local Usage
		Usr 0 00:00:04, Sys 0 00:00:00  -  Total Remote Usage
		Usr 0 00:00:00, Sys 0 00:00:00  -  Total Local Usage
	0  -  Run Bytes Sent By Job
	0  -  Run Bytes Received By Job
	0  -  Total Bytes Sent By Job
	0  -  Total Bytes Received By Job
	Partitionable Resources :    Usage  Request Allocated
	   Cpus                 :                 1         1
	   Disk (KB)            :        1        1  13384457
	   Memory (MB)          :       37        1      6441
...
000 (8916158.000.000) 12/12 14:23:38 Job submitted from host: <10.10.48.31:12542?addrs=10.10.48.31-12542>
...
001 (8916158.000.000) 12/12 14:23:51 Job executing on host: <10.10.48.145:26377?addrs=10.10.48.145-26377>
...
006 (8916158.000.000) 12/12 14:23:59 Image size of job updated: 175336
	29  -  MemoryUsage of job (MB)
	29484  -  ResidentSetSize of job (KB)
...
006 (8916158.000.000) 12/12 14:28:59 Image size of job updated: 255116
	95  -  MemoryUsage of job (MB)
	96332  -  ResidentSetSize of job (KB)
...
006 (8916158.000.000) 12/12 14:34:00 Image size of job updated: 518376
	317  -  MemoryUsage of job (MB)
	324188  -  ResidentSetSize of job (KB)
...
006 (8916158.000.000) 12/12 14:34:45 Image size of job updated: 564788
	317  -  MemoryUsage of job (MB)
	324188  -  ResidentSetSize of job (KB)
...
005 (8916158.000.000) 12/12 14:34:46 Job terminated.
	(1) Normal termination (return value 0)
		Usr 0 00:03:54, Sys 0 00:00:05  -  Run Remote Usage
		Usr 0 00:00:00, Sys 0 00:00:00  -  Run Local Usage
		Usr 0 00:03:54, Sys 0 00:00:05  -  Total Remote Usage
		Usr 0 00:00:00, Sys 0 00:00:00  -  Total Local Usage
	0  -  Run Bytes Sent By Job
	0  -  Run Bytes Received By Job
	0  -  Total Bytes Sent By Job
	0  -  Total Bytes Received By Job
	Partitionable Resources :    Usage  Request Allocated
	   Cpus                 :                 1         1
	   Disk (KB)            :        1        1  13384493
	   Memory (MB)          :      317        1      6441
...
000 (9637203.000.000) 02/27 16:01:39 Job submitted from host: <10.10.48.31:15410?addrs=10.10.48.31-15410>
...
001 (9637203.000.000) 02/27 16:01:50 Job executing on host: <10.10.48.45:40029?addrs=10.10.48.45-40029>
...
006 (9637203.000.000) 02/27 16:01:59 Image size of job updated: 176152
	30  -  MemoryUsage of job (MB)
	30416  -  ResidentSetSize of job (KB)
...
006 (9637203.000.000) 02/27 16:05:32 Image size of job updated: 186060
	30  -  MemoryUsage of job (MB)
	30416  -  ResidentSetSize of job (KB)
...
005 (9637203.000.000) 02/27 16:05:32 Job terminated.
	(1) Normal termination (return value 255)
		Usr 0 00:00:01, Sys 0 00:00:00  -  Run Remote Usage
		Usr 0 00:00:00, Sys 0 00:00:00  -  Run Local Usage
		Usr 0 00:00:01, Sys 0 00:00:00  -  Total Remote Usage
		Usr 0 00:00:00, Sys 0 00:00:00  -  Total Local Usage
	0  -  Run Bytes Sent By Job
	0  -  Run Bytes Received By Job
	0  -  Total Bytes Sent By Job
	0  -  Total Bytes Received By Job
	Partitionable Resources :    Usage  Request Allocated
	   Cpus                 :                 1         1
	   Disk (KB)            :        1        1  16195855
	   Memory (MB)          :       30        1      4023
...
000 (9643784.000.000) 02/27 20:47:18 Job submitted from host: <10.10.48.31:15410?addrs=10.10.48.31-15410>
...
001 (9643784.000.000) 02/27 20:47:20 Job executing on host: <10.10.48.143:56523?addrs=10.10.48.143-56523>
...
006 (9643784.000.000) 02/27 20:47:21 Image size of job updated: 252792
	0  -  MemoryUsage of job (MB)
	0  -  ResidentSetSize of job (KB)
...
005 (9643784.000.000) 02/27 20:47:21 Job terminated.
	(1) Normal termination (return value 30)
		Usr 0 00:00:00, Sys 0 00:00:00  -  Run Remote Usage
		Usr 0 00:00:00, Sys 0 00:00:00  -  Run Local Usage
		Usr 0 00:00:00, Sys 0 00:00:00  -  Total Remote Usage
		Usr 0 00:00:00, Sys 0 00:00:00  -  Total Local Usage
	0  -  Run Bytes Sent By Job
	0  -  Run Bytes Received By Job
	0  -  Total Bytes Sent By Job
	0  -  Total Bytes Received By Job
	Partitionable Resources :    Usage  Request Allocated
	   Cpus                 :                 1         1
	   Disk (KB)            :        1        1  13384575
	   Memory (MB)          :        0        1      6441
...
