000 (9637371.000.000) 02/27 16:05:57 Job submitted from host: <10.10.48.31:15410?addrs=10.10.48.31-15410>
...
001 (9637371.000.000) 02/27 16:05:59 Job executing on host: <10.10.48.133:51182?addrs=10.10.48.133-51182>
...
006 (9637371.000.000) 02/27 16:06:08 Image size of job updated: 1
	2  -  MemoryUsage of job (MB)
	1872  -  ResidentSetSize of job (KB)
...
006 (9637371.000.000) 02/27 16:11:09 Image size of job updated: 176152
	29  -  MemoryUsage of job (MB)
	28904  -  ResidentSetSize of job (KB)
...
006 (9637371.000.000) 02/27 16:14:49 Image size of job updated: 192628
	29  -  MemoryUsage of job (MB)
	28904  -  ResidentSetSize of job (KB)
...
005 (9637371.000.000) 02/27 16:14:49 Job terminated.
	(1) Normal termination (return value 0)
		Usr 0 00:00:24, Sys 0 00:00:00  -  Run Remote Usage
		Usr 0 00:00:00, Sys 0 00:00:00  -  Run Local Usage
		Usr 0 00:00:24, Sys 0 00:00:00  -  Total Remote Usage
		Usr 0 00:00:00, Sys 0 00:00:00  -  Total Local Usage
	0  -  Run Bytes Sent By Job
	0  -  Run Bytes Received By Job
	0  -  Total Bytes Sent By Job
	0  -  Total Bytes Received By Job
	Partitionable Resources :    Usage  Request Allocated
	   Cpus                 :                 1         1
	   Disk (KB)            :        1        1  13385894
	   Memory (MB)          :       29        1      6441
...
000 (9643893.000.000) 02/27 20:47:37 Job submitted from host: <10.10.48.31:15410?addrs=10.10.48.31-15410>
...
001 (9643893.000.000) 02/27 20:47:38 Job executing on host: <10.10.48.140:16345?addrs=10.10.48.140-16345>
...
006 (9643893.000.000) 02/27 20:47:39 Image size of job updated: 252256
	0  -  MemoryUsage of job (MB)
	0  -  ResidentSetSize of job (KB)
...
005 (9643893.000.000) 02/27 20:47:39 Job terminated.
	(1) Normal termination (return value 1)
		Usr 0 00:00:00, Sys 0 00:00:00  -  Run Remote Usage
		Usr 0 00:00:00, Sys 0 00:00:00  -  Run Local Usage
		Usr 0 00:00:00, Sys 0 00:00:00  -  Total Remote Usage
		Usr 0 00:00:00, Sys 0 00:00:00  -  Total Local Usage
	0  -  Run Bytes Sent By Job
	0  -  Run Bytes Received By Job
	0  -  Total Bytes Sent By Job
	0  -  Total Bytes Received By Job
	Partitionable Resources :    Usage  Request Allocated
	   Cpus                 :                 1         1
	   Disk (KB)            :        1        1  13384696
	   Memory (MB)          :        0        1      6441
...
