000 (8914337.000.000) 12/10 23:43:00 Job submitted from host: <10.10.48.31:12542?addrs=10.10.48.31-12542>
...
001 (8914337.000.000) 12/10 23:43:06 Job executing on host: <10.10.48.133:42257?addrs=10.10.48.133-42257>
...
006 (8914337.000.000) 12/10 23:43:07 Image size of job updated: 175484
	0  -  MemoryUsage of job (MB)
	0  -  ResidentSetSize of job (KB)
...
005 (8914337.000.000) 12/10 23:43:08 Job terminated.
	(1) Normal termination (return value 1)
		Usr 0 00:00:00, Sys 0 00:00:00  -  Run Remote Usage
		Usr 0 00:00:00, Sys 0 00:00:00  -  Run Local Usage
		Usr 0 00:00:00, Sys 0 00:00:00  -  Total Remote Usage
		Usr 0 00:00:00, Sys 0 00:00:00  -  Total Local Usage
	0  -  Run Bytes Sent By Job
	0  -  Run Bytes Received By Job
	0  -  Total Bytes Sent By Job
	0  -  Total Bytes Received By Job
	Partitionable Resources :    Usage  Request Allocated
	   Cpus                 :                 1         1
	   Disk (KB)            :        1        1  13386734
	   Memory (MB)          :        0        1      6441
...
000 (8914499.000.000) 12/10 23:49:15 Job submitted from host: <10.10.48.31:12542?addrs=10.10.48.31-12542>
...
001 (8914499.000.000) 12/10 23:49:40 Job executing on host: <10.10.48.41:20766?addrs=10.10.48.41-20766>
...
006 (8914499.000.000) 12/10 23:49:48 Image size of job updated: 1
	2  -  MemoryUsage of job (MB)
	1816  -  ResidentSetSize of job (KB)
...
006 (8914499.000.000) 12/10 23:53:20 Image size of job updated: 192648
	2  -  MemoryUsage of job (MB)
	1816  -  ResidentSetSize of job (KB)
...
005 (8914499.000.000) 12/10 23:53:20 Job terminated.
	(1) Normal termination (return value 0)
		Usr 0 00:01:33, Sys 0 00:00:01  -  Run Remote Usage
		Usr 0 00:00:00, Sys 0 00:00:00  -  Run Local Usage
		Usr 0 00:01:33, Sys 0 00:00:01  -  Total Remote Usage
		Usr 0 00:00:00, Sys 0 00:00:00  -  Total Local Usage
	0  -  Run Bytes Sent By Job
	0  -  Run Bytes Received By Job
	0  -  Total Bytes Sent By Job
	0  -  Total Bytes Received By Job
	Partitionable Resources :    Usage  Request Allocated
	   Cpus                 :                 1         1
	   Disk (KB)            :        1        1  16725277
	   Memory (MB)          :        2        1      4023
...
000 (8914661.000.000) 12/11 16:48:36 Job submitted from host: <10.10.48.31:12542?addrs=10.10.48.31-12542>
...
001 (8914661.000.000) 12/11 16:48:42 Job executing on host: <10.10.48.141:50603?addrs=10.10.48.141-50603>
...
006 (8914661.000.000) 12/11 16:48:51 Image size of job updated: 185600
	33  -  MemoryUsage of job (MB)
	33668  -  ResidentSetSize of job (KB)
...
006 (8914661.000.000) 12/11 16:53:34 Image size of job updated: 192608
	33  -  MemoryUsage of job (MB)
	33668  -  ResidentSetSize of job (KB)
...
005 (8914661.000.000) 12/11 16:53:34 Job terminated.
	(1) Normal termination (return value 0)
		Usr 0 00:01:59, Sys 0 00:00:01  -  Run Remote Usage
		Usr 0 00:00:00, Sys 0 00:00:00  -  Run Local Usage
		Usr 0 00:01:59, Sys 0 00:00:01  -  Total Remote Usage
		Usr 0 00:00:00, Sys 0 00:00:00  -  Total Local Usage
	0  -  Run Bytes Sent By Job
	0  -  Run Bytes Received By Job
	0  -  Total Bytes Sent By Job
	0  -  Total Bytes Received By Job
	Partitionable Resources :    Usage  Request Allocated
	   Cpus                 :                 1         1
	   Disk (KB)            :        1        1  13376623
	   Memory (MB)          :       33        1      6441
...
000 (8915423.000.000) 12/11 17:18:15 Job submitted from host: <10.10.48.31:12542?addrs=10.10.48.31-12542>
...
001 (8915423.000.000) 12/11 17:18:22 Job executing on host: <10.10.48.33:59750?addrs=10.10.48.33-59750>
...
006 (8915423.000.000) 12/11 17:18:31 Image size of job updated: 192532
	38  -  MemoryUsage of job (MB)
	38576  -  ResidentSetSize of job (KB)
...
006 (8915423.000.000) 12/11 17:20:03 Image size of job updated: 197116
	38  -  MemoryUsage of job (MB)
	38576  -  ResidentSetSize of job (KB)
...
005 (8915423.000.000) 12/11 17:20:03 Job terminated.
	(1) Normal termination (return value 0)
		Usr 0 00:01:25, Sys 0 00:00:01  -  Run Remote Usage
		Usr 0 00:00:00, Sys 0 00:00:00  -  Run Local Usage
		Usr 0 00:01:25, Sys 0 00:00:01  -  Total Remote Usage
		Usr 0 00:00:00, Sys 0 00:00:00  -  Total Local Usage
	0  -  Run Bytes Sent By Job
	0  -  Run Bytes Received By Job
	0  -  Total Bytes Sent By Job
	0  -  Total Bytes Received By Job
	Partitionable Resources :    Usage  Request Allocated
	   Cpus                 :                 1         1
	   Disk (KB)            :        1        1  16723661
	   Memory (MB)          :       38        1      4023
...
000 (8915585.000.000) 12/11 22:47:10 Job submitted from host: <10.10.48.31:12542?addrs=10.10.48.31-12542>
...
001 (8915585.000.000) 12/11 22:47:24 Job executing on host: <10.10.48.141:50603?addrs=10.10.48.141-50603>
...
006 (8915585.000.000) 12/11 22:47:32 Image size of job updated: 192384
	38  -  MemoryUsage of job (MB)
	37904  -  ResidentSetSize of job (KB)
...
006 (8915585.000.000) 12/11 22:47:51 Image size of job updated: 192532
	38  -  MemoryUsage of job (MB)
	37904  -  ResidentSetSize of job (KB)
...
005 (8915585.000.000) 12/11 22:47:51 Job terminated.
	(1) Normal termination (return value 0)
		Usr 0 00:00:12, Sys 0 00:00:00  -  Run Remote Usage
		Usr 0 00:00:00, Sys 0 00:00:00  -  Run Local Usage
		Usr 0 00:00:12, Sys 0 00:00:00  -  Total Remote Usage
		Usr 0 00:00:00, Sys 0 00:00:00  -  Total Local Usage
	0  -  Run Bytes Sent By Job
	0  -  Run Bytes Received By Job
	0  -  Total Bytes Sent By Job
	0  -  Total Bytes Received By Job
	Partitionable Resources :    Usage  Request Allocated
	   Cpus                 :                 1         1
	   Disk (KB)            :        1        1  13376574
	   Memory (MB)          :       38        1      6441
...
000 (8915717.000.000) 12/11 22:57:55 Job submitted from host: <10.10.48.31:12542?addrs=10.10.48.31-12542>
...
001 (8915717.000.000) 12/11 22:57:59 Job executing on host: <10.10.48.35:61041?addrs=10.10.48.35-61041>
...
006 (8915717.000.000) 12/11 22:58:07 Image size of job updated: 192408
	38  -  MemoryUsage of job (MB)
	38348  -  ResidentSetSize of job (KB)
...
005 (8915717.000.000) 12/11 22:58:13 Job terminated.
	(1) Normal termination (return value 0)
		Usr 0 00:00:05, Sys 0 00:00:00  -  Run Remote Usage
		Usr 0 00:00:00, Sys 0 00:00:00  -  Run Local Usage
		Usr 0 00:00:05, Sys 0 00:00:00  -  Total Remote Usage
		Usr 0 00:00:00, Sys 0 00:00:00  -  Total Local Usage
	0  -  Run Bytes Sent By Job
	0  -  Run Bytes Received By Job
	0  -  Total Bytes Sent By Job
	0  -  Total Bytes Received By Job
	Partitionable Resources :    Usage  Request Allocated
	   Cpus                 :                 1         1
	   Disk (KB)            :        1        1  16721005
	   Memory (MB)          :       38        1      4023
...
000 (8915849.000.000) 12/11 23:09:16 Job submitted from host: <10.10.48.31:12542?addrs=10.10.48.31-12542>
...
001 (8915849.000.000) 12/11 23:09:25 Job executing on host: <10.10.48.143:50448?addrs=10.10.48.143-50448>
...
006 (8915849.000.000) 12/11 23:09:33 Image size of job updated: 144500
	26  -  MemoryUsage of job (MB)
	26340  -  ResidentSetSize of job (KB)
...
006 (8915849.000.000) 12/11 23:12:36 Image size of job updated: 193092
	26  -  MemoryUsage of job (MB)
	26340  -  ResidentSetSize of job (KB)
...
005 (8915849.000.000) 12/11 23:12:36 Job terminated.
	(1) Normal termination (return value 1)
		Usr 0 00:00:46, Sys 0 00:00:01  -  Run Remote Usage
		Usr 0 00:00:00, Sys 0 00:00:00  -  Run Local Usage
		Usr 0 00:00:46, Sys 0 00:00:01  -  Total Remote Usage
		Usr 0 00:00:00, Sys 0 00:00:00  -  Total Local Usage
	0  -  Run Bytes Sent By Job
	0  -  Run Bytes Received By Job
	0  -  Total Bytes Sent By Job
	0  -  Total Bytes Received By Job
	Partitionable Resources :    Usage  Request Allocated
	   Cpus                 :                 1         1
	   Disk (KB)            :        1        1  13384446
	   Memory (MB)          :       26        1      6441
...
000 (8916011.000.000) 12/11 23:22:44 Job submitted from host: <10.10.48.31:12542?addrs=10.10.48.31-12542>
...
001 (8916011.000.000) 12/11 23:22:47 Job executing on host: <10.10.48.141:50603?addrs=10.10.48.141-50603>
...
006 (8916011.000.000) 12/11 23:22:56 Image size of job updated: 192888
	40  -  MemoryUsage of job (MB)
	39996  -  ResidentSetSize of job (KB)
...
006 (8916011.000.000) 12/11 23:25:31 Image size of job updated: 193064
	40  -  MemoryUsage of job (MB)
	39996  -  ResidentSetSize of job (KB)
...
005 (8916011.000.000) 12/11 23:25:31 Job terminated.
	(1) Normal termination (return value 0)
		Usr 0 00:00:46, Sys 0 00:00:01  -  Run Remote Usage
		Usr 0 00:00:00, Sys 0 00:00:00  -  Run Local Usage
		Usr 0 00:00:46, Sys 0 00:00:01  -  Total Remote Usage
		Usr 0 00:00:00, Sys 0 00:00:00  -  Total Local Usage
	0  -  Run Bytes Sent By Job
	0  -  Run Bytes Received By Job
	0  -  Total Bytes Sent By Job
	0  -  Total Bytes Received By Job
	Partitionable Resources :    Usage  Request Allocated
	   Cpus                 :                 1         1
	   Disk (KB)            :        1        1  13376493
	   Memory (MB)          :       40        1      6441
...
000 (8916174.000.000) 12/12 14:23:59 Job submitted from host: <10.10.48.31:12542?addrs=10.10.48.31-12542>
...
001 (8916174.000.000) 12/12 14:24:07 Job executing on host: <10.10.48.139:49429?addrs=10.10.48.139-49429>
...
006 (8916174.000.000) 12/12 14:24:16 Image size of job updated: 1
	2  -  MemoryUsage of job (MB)
	1864  -  ResidentSetSize of job (KB)
...
006 (8916174.000.000) 12/12 14:24:28 Image size of job updated: 192736
	2  -  MemoryUsage of job (MB)
	1864  -  ResidentSetSize of job (KB)
...
005 (8916174.000.000) 12/12 14:24:28 Job terminated.
	(1) Normal termination (return value 0)
		Usr 0 00:00:05, Sys 0 00:00:00  -  Run Remote Usage
		Usr 0 00:00:00, Sys 0 00:00:00  -  Run Local Usage
		Usr 0 00:00:05, Sys 0 00:00:00  -  Total Remote Usage
		Usr 0 00:00:00, Sys 0 00:00:00  -  Total Local Usage
	0  -  Run Bytes Sent By Job
	0  -  Run Bytes Received By Job
	0  -  Total Bytes Sent By Job
	0  -  Total Bytes Received By Job
	Partitionable Resources :    Usage  Request Allocated
	   Cpus                 :                 1         1
	   Disk (KB)            :        1        1  13385059
	   Memory (MB)          :        2        1      6441
...
