000 (8914301.000.000) 12/10 23:42:50 Job submitted from host: <10.10.48.31:12542?addrs=10.10.48.31-12542>
...
001 (8914301.000.000) 12/10 23:42:55 Job executing on host: <10.10.48.35:61041?addrs=10.10.48.35-61041>
...
006 (8914301.000.000) 12/10 23:42:56 Image size of job updated: 113628
	0  -  MemoryUsage of job (MB)
	0  -  ResidentSetSize of job (KB)
...
005 (8914301.000.000) 12/10 23:42:56 Job terminated.
	(1) Normal termination (return value 1)
		Usr 0 00:00:00, Sys 0 00:00:00  -  Run Remote Usage
		Usr 0 00:00:00, Sys 0 00:00:00  -  Run Local Usage
		Usr 0 00:00:00, Sys 0 00:00:00  -  Total Remote Usage
		Usr 0 00:00:00, Sys 0 00:00:00  -  Total Local Usage
	0  -  Run Bytes Sent By Job
	0  -  Run Bytes Received By Job
	0  -  Total Bytes Sent By Job
	0  -  Total Bytes Received By Job
	Partitionable Resources :    Usage  Request Allocated
	   Cpus                 :                 1         1
	   Disk (KB)            :        1        1  16721137
	   Memory (MB)          :        0        1      4023
...
000 (8914463.000.000) 12/10 23:49:03 Job submitted from host: <10.10.48.31:12542?addrs=10.10.48.31-12542>
...
001 (8914463.000.000) 12/10 23:49:19 Job executing on host: <10.10.48.43:4900?addrs=10.10.48.43-4900>
...
006 (8914463.000.000) 12/10 23:49:28 Image size of job updated: 185660
	34  -  MemoryUsage of job (MB)
	34120  -  ResidentSetSize of job (KB)
...
006 (8914463.000.000) 12/10 23:54:29 Image size of job updated: 193048
	41  -  MemoryUsage of job (MB)
	41000  -  ResidentSetSize of job (KB)
...
006 (8914463.000.000) 12/10 23:56:23 Image size of job updated: 193080
	41  -  MemoryUsage of job (MB)
	41000  -  ResidentSetSize of job (KB)
...
005 (8914463.000.000) 12/10 23:56:23 Job terminated.
	(1) Normal termination (return value 0)
		Usr 0 00:03:36, Sys 0 00:00:04  -  Run Remote Usage
		Usr 0 00:00:00, Sys 0 00:00:00  -  Run Local Usage
		Usr 0 00:03:36, Sys 0 00:00:04  -  Total Remote Usage
		Usr 0 00:00:00, Sys 0 00:00:00  -  Total Local Usage
	0  -  Run Bytes Sent By Job
	0  -  Run Bytes Received By Job
	0  -  Total Bytes Sent By Job
	0  -  Total Bytes Received By Job
	Partitionable Resources :    Usage  Request Allocated
	   Cpus                 :                 1         1
	   Disk (KB)            :        1        1  16728116
	   Memory (MB)          :       41        1      4023
...
000 (8914625.000.000) 12/11 16:48:21 Job submitted from host: <10.10.48.31:12542?addrs=10.10.48.31-12542>
...
001 (8914625.000.000) 12/11 16:48:38 Job executing on host: <10.10.48.139:49429?addrs=10.10.48.139-49429>
...
006 (8914625.000.000) 12/11 16:48:47 Image size of job updated: 186044
	34  -  MemoryUsage of job (MB)
	33960  -  ResidentSetSize of job (KB)
...
006 (8914625.000.000) 12/11 16:53:48 Image size of job updated: 192616
	40  -  MemoryUsage of job (MB)
	40188  -  ResidentSetSize of job (KB)
...
006 (8914625.000.000) 12/11 16:56:26 Image size of job updated: 193052
	40  -  MemoryUsage of job (MB)
	40188  -  ResidentSetSize of job (KB)
...
005 (8914625.000.000) 12/11 16:56:26 Job terminated.
	(1) Normal termination (return value 0)
		Usr 0 00:04:38, Sys 0 00:00:04  -  Run Remote Usage
		Usr 0 00:00:00, Sys 0 00:00:00  -  Run Local Usage
		Usr 0 00:04:38, Sys 0 00:00:04  -  Total Remote Usage
		Usr 0 00:00:00, Sys 0 00:00:00  -  Total Local Usage
	0  -  Run Bytes Sent By Job
	0  -  Run Bytes Received By Job
	0  -  Total Bytes Sent By Job
	0  -  Total Bytes Received By Job
	Partitionable Resources :    Usage  Request Allocated
	   Cpus                 :                 1         1
	   Disk (KB)            :        1        1  13385137
	   Memory (MB)          :       40        1      6441
...
000 (8915387.000.000) 12/11 17:17:51 Job submitted from host: <10.10.48.31:12542?addrs=10.10.48.31-12542>
...
001 (8915387.000.000) 12/11 17:18:04 Job executing on host: <10.10.48.33:59750?addrs=10.10.48.33-59750>
...
006 (8915387.000.000) 12/11 17:18:13 Image size of job updated: 180388
	30  -  MemoryUsage of job (MB)
	30296  -  ResidentSetSize of job (KB)
...
006 (8915387.000.000) 12/11 17:22:19 Image size of job updated: 203408
	30  -  MemoryUsage of job (MB)
	30296  -  ResidentSetSize of job (KB)
...
005 (8915387.000.000) 12/11 17:22:19 Job terminated.
	(1) Normal termination (return value 0)
		Usr 0 00:03:37, Sys 0 00:00:03  -  Run Remote Usage
		Usr 0 00:00:00, Sys 0 00:00:00  -  Run Local Usage
		Usr 0 00:03:37, Sys 0 00:00:03  -  Total Remote Usage
		Usr 0 00:00:00, Sys 0 00:00:00  -  Total Local Usage
	0  -  Run Bytes Sent By Job
	0  -  Run Bytes Received By Job
	0  -  Total Bytes Sent By Job
	0  -  Total Bytes Received By Job
	Partitionable Resources :    Usage  Request Allocated
	   Cpus                 :                 1         1
	   Disk (KB)            :        1        1  16723660
	   Memory (MB)          :       30        1      4023
...
000 (8915549.000.000) 12/11 22:46:57 Job submitted from host: <10.10.48.31:12542?addrs=10.10.48.31-12542>
...
001 (8915549.000.000) 12/11 22:47:13 Job executing on host: <10.10.48.139:49429?addrs=10.10.48.139-49429>
...
006 (8915549.000.000) 12/11 22:47:22 Image size of job updated: 180384
	30  -  MemoryUsage of job (MB)
	30428  -  ResidentSetSize of job (KB)
...
006 (8915549.000.000) 12/11 22:52:23 Image size of job updated: 192824
	40  -  MemoryUsage of job (MB)
	40508  -  ResidentSetSize of job (KB)
...
000 (8915681.000.000) 12/11 22:57:04 Job submitted from host: <10.10.48.31:12542?addrs=10.10.48.31-12542>
...
001 (8915681.000.000) 12/11 22:57:20 Job executing on host: <10.10.48.139:49429?addrs=10.10.48.139-49429>
...
006 (8915549.000.000) 12/11 22:57:23 Image size of job updated: 194124
	41  -  MemoryUsage of job (MB)
	41936  -  ResidentSetSize of job (KB)
...
006 (8915681.000.000) 12/11 22:57:29 Image size of job updated: 1
	2  -  MemoryUsage of job (MB)
	1860  -  ResidentSetSize of job (KB)
...
005 (8915549.000.000) 12/11 22:58:28 Job terminated.
	(1) Normal termination (return value 0)
		Usr 0 00:07:15, Sys 0 00:00:06  -  Run Remote Usage
		Usr 0 00:00:00, Sys 0 00:00:00  -  Run Local Usage
		Usr 0 00:07:15, Sys 0 00:00:06  -  Total Remote Usage
		Usr 0 00:00:00, Sys 0 00:00:00  -  Total Local Usage
	0  -  Run Bytes Sent By Job
	0  -  Run Bytes Received By Job
	0  -  Total Bytes Sent By Job
	0  -  Total Bytes Received By Job
	Partitionable Resources :    Usage  Request Allocated
	   Cpus                 :                 1         1
	   Disk (KB)            :        1        1  13385104
	   Memory (MB)          :       41        1      6441
...
006 (8915681.000.000) 12/11 23:02:30 Image size of job updated: 201920
	47  -  MemoryUsage of job (MB)
	47984  -  ResidentSetSize of job (KB)
...
006 (8915681.000.000) 12/11 23:03:02 Image size of job updated: 203664
	47  -  MemoryUsage of job (MB)
	47984  -  ResidentSetSize of job (KB)
...
005 (8915681.000.000) 12/11 23:03:02 Job terminated.
	(1) Normal termination (return value 0)
		Usr 0 00:05:29, Sys 0 00:00:04  -  Run Remote Usage
		Usr 0 00:00:00, Sys 0 00:00:00  -  Run Local Usage
		Usr 0 00:05:29, Sys 0 00:00:04  -  Total Remote Usage
		Usr 0 00:00:00, Sys 0 00:00:00  -  Total Local Usage
	0  -  Run Bytes Sent By Job
	0  -  Run Bytes Received By Job
	0  -  Total Bytes Sent By Job
	0  -  Total Bytes Received By Job
	Partitionable Resources :    Usage  Request Allocated
	   Cpus                 :                 1         1
	   Disk (KB)            :        1        1  13385065
	   Memory (MB)          :       47        1      6441
...
000 (8915813.000.000) 12/11 23:09:06 Job submitted from host: <10.10.48.31:12542?addrs=10.10.48.31-12542>
...
001 (8915813.000.000) 12/11 23:09:24 Job executing on host: <10.10.48.139:49429?addrs=10.10.48.139-49429>
...
006 (8915813.000.000) 12/11 23:09:33 Image size of job updated: 184988
	33  -  MemoryUsage of job (MB)
	33620  -  ResidentSetSize of job (KB)
...
006 (8915813.000.000) 12/11 23:14:33 Image size of job updated: 193556
	41  -  MemoryUsage of job (MB)
	41324  -  ResidentSetSize of job (KB)
...
006 (8915813.000.000) 12/11 23:16:55 Image size of job updated: 194368
	41  -  MemoryUsage of job (MB)
	41324  -  ResidentSetSize of job (KB)
...
005 (8915813.000.000) 12/11 23:16:55 Job terminated.
	(1) Normal termination (return value 1)
		Usr 0 00:02:16, Sys 0 00:00:03  -  Run Remote Usage
		Usr 0 00:00:00, Sys 0 00:00:00  -  Run Local Usage
		Usr 0 00:02:16, Sys 0 00:00:03  -  Total Remote Usage
		Usr 0 00:00:00, Sys 0 00:00:00  -  Total Local Usage
	0  -  Run Bytes Sent By Job
	0  -  Run Bytes Received By Job
	0  -  Total Bytes Sent By Job
	0  -  Total Bytes Received By Job
	Partitionable Resources :    Usage  Request Allocated
	   Cpus                 :                 1         1
	   Disk (KB)            :        1        1  13385058
	   Memory (MB)          :       41        1      6441
...
000 (8915975.000.000) 12/11 23:22:26 Job submitted from host: <10.10.48.31:12542?addrs=10.10.48.31-12542>
...
001 (8915975.000.000) 12/11 23:22:44 Job executing on host: <10.10.48.139:49429?addrs=10.10.48.139-49429>
...
006 (8915975.000.000) 12/11 23:22:52 Image size of job updated: 192940
	37  -  MemoryUsage of job (MB)
	37400  -  ResidentSetSize of job (KB)
...
006 (8915975.000.000) 12/11 23:24:59 Image size of job updated: 194196
	37  -  MemoryUsage of job (MB)
	37400  -  ResidentSetSize of job (KB)
...
005 (8915975.000.000) 12/11 23:24:59 Job terminated.
	(1) Normal termination (return value 0)
		Usr 0 00:01:29, Sys 0 00:00:01  -  Run Remote Usage
		Usr 0 00:00:00, Sys 0 00:00:00  -  Run Local Usage
		Usr 0 00:01:29, Sys 0 00:00:01  -  Total Remote Usage
		Usr 0 00:00:00, Sys 0 00:00:00  -  Total Local Usage
	0  -  Run Bytes Sent By Job
	0  -  Run Bytes Received By Job
	0  -  Total Bytes Sent By Job
	0  -  Total Bytes Received By Job
	Partitionable Resources :    Usage  Request Allocated
	   Cpus                 :                 1         1
	   Disk (KB)            :        1        1  13385070
	   Memory (MB)          :       37        1      6441
...
000 (8916138.000.000) 12/12 14:23:35 Job submitted from host: <10.10.48.31:12542?addrs=10.10.48.31-12542>
...
001 (8916138.000.000) 12/12 14:23:50 Job executing on host: <10.10.48.139:49429?addrs=10.10.48.139-49429>
...
006 (8916138.000.000) 12/12 14:23:59 Image size of job updated: 179440
	29  -  MemoryUsage of job (MB)
	29152  -  ResidentSetSize of job (KB)
...
006 (8916138.000.000) 12/12 14:29:00 Image size of job updated: 274280
	108  -  MemoryUsage of job (MB)
	109932  -  ResidentSetSize of job (KB)
...
006 (8916138.000.000) 12/12 14:32:34 Image size of job updated: 440076
	108  -  MemoryUsage of job (MB)
	109932  -  ResidentSetSize of job (KB)
...
005 (8916138.000.000) 12/12 14:32:35 Job terminated.
	(1) Normal termination (return value 0)
		Usr 0 00:03:08, Sys 0 00:00:04  -  Run Remote Usage
		Usr 0 00:00:00, Sys 0 00:00:00  -  Run Local Usage
		Usr 0 00:03:08, Sys 0 00:00:04  -  Total Remote Usage
		Usr 0 00:00:00, Sys 0 00:00:00  -  Total Local Usage
	0  -  Run Bytes Sent By Job
	0  -  Run Bytes Received By Job
	0  -  Total Bytes Sent By Job
	0  -  Total Bytes Received By Job
	Partitionable Resources :    Usage  Request Allocated
	   Cpus                 :                 1         1
	   Disk (KB)            :        1        1  13385059
	   Memory (MB)          :      108        1      6441
...
