000 (8914360.000.000) 12/10 23:43:05 Job submitted from host: <10.10.48.31:12542?addrs=10.10.48.31-12542>
...
001 (8914360.000.000) 12/10 23:43:14 Job executing on host: <10.10.48.133:42257?addrs=10.10.48.133-42257>
...
006 (8914360.000.000) 12/10 23:43:15 Image size of job updated: 172932
	0  -  MemoryUsage of job (MB)
	0  -  ResidentSetSize of job (KB)
...
005 (8914360.000.000) 12/10 23:43:15 Job terminated.
	(1) Normal termination (return value 1)
		Usr 0 00:00:00, Sys 0 00:00:00  -  Run Remote Usage
		Usr 0 00:00:00, Sys 0 00:00:00  -  Run Local Usage
		Usr 0 00:00:00, Sys 0 00:00:00  -  Total Remote Usage
		Usr 0 00:00:00, Sys 0 00:00:00  -  Total Local Usage
	0  -  Run Bytes Sent By Job
	0  -  Run Bytes Received By Job
	0  -  Total Bytes Sent By Job
	0  -  Total Bytes Received By Job
	Partitionable Resources :    Usage  Request Allocated
	   Cpus                 :                 1         1
	   Disk (KB)            :        1        1  13386734
	   Memory (MB)          :        0        1      6441
...
000 (8914522.000.000) 12/10 23:50:36 Job submitted from host: <10.10.48.31:12542?addrs=10.10.48.31-12542>
...
001 (8914522.000.000) 12/10 23:51:45 Job executing on host: <10.10.48.35:61041?addrs=10.10.48.35-61041>
...
006 (8914522.000.000) 12/10 23:51:53 Image size of job updated: 185976
	33  -  MemoryUsage of job (MB)
	33716  -  ResidentSetSize of job (KB)
...
006 (8914522.000.000) 12/10 23:56:53 Image size of job updated: 192644
	39  -  MemoryUsage of job (MB)
	39716  -  ResidentSetSize of job (KB)
...
005 (8914522.000.000) 12/10 23:58:32 Job terminated.
	(1) Normal termination (return value 0)
		Usr 0 00:04:11, Sys 0 00:00:04  -  Run Remote Usage
		Usr 0 00:00:00, Sys 0 00:00:00  -  Run Local Usage
		Usr 0 00:04:11, Sys 0 00:00:04  -  Total Remote Usage
		Usr 0 00:00:00, Sys 0 00:00:00  -  Total Local Usage
	0  -  Run Bytes Sent By Job
	0  -  Run Bytes Received By Job
	0  -  Total Bytes Sent By Job
	0  -  Total Bytes Received By Job
	Partitionable Resources :    Usage  Request Allocated
	   Cpus                 :                 1         1
	   Disk (KB)            :        1        1  16721129
	   Memory (MB)          :       39        1      4023
...
000 (8914684.000.000) 12/11 16:49:41 Job submitted from host: <10.10.48.31:12542?addrs=10.10.48.31-12542>
...
001 (8914684.000.000) 12/11 16:49:46 Job executing on host: <10.10.48.41:20766?addrs=10.10.48.41-20766>
...
006 (8914684.000.000) 12/11 16:49:55 Image size of job updated: 185656
	32  -  MemoryUsage of job (MB)
	32664  -  ResidentSetSize of job (KB)
...
006 (8914684.000.000) 12/11 16:54:56 Image size of job updated: 192632
	41  -  MemoryUsage of job (MB)
	41968  -  ResidentSetSize of job (KB)
...
005 (8914684.000.000) 12/11 16:55:58 Job terminated.
	(1) Normal termination (return value 0)
		Usr 0 00:04:02, Sys 0 00:00:04  -  Run Remote Usage
		Usr 0 00:00:00, Sys 0 00:00:00  -  Run Local Usage
		Usr 0 00:04:02, Sys 0 00:00:04  -  Total Remote Usage
		Usr 0 00:00:00, Sys 0 00:00:00  -  Total Local Usage
	0  -  Run Bytes Sent By Job
	0  -  Run Bytes Received By Job
	0  -  Total Bytes Sent By Job
	0  -  Total Bytes Received By Job
	Partitionable Resources :    Usage  Request Allocated
	   Cpus                 :                 1         1
	   Disk (KB)            :        1        1  16725316
	   Memory (MB)          :       41        1      4023
...
000 (8915446.000.000) 12/11 17:18:50 Job submitted from host: <10.10.48.31:12542?addrs=10.10.48.31-12542>
...
001 (8915446.000.000) 12/11 17:19:04 Job executing on host: <10.10.48.33:59750?addrs=10.10.48.33-59750>
...
006 (8915446.000.000) 12/11 17:19:13 Image size of job updated: 192552
	38  -  MemoryUsage of job (MB)
	38512  -  ResidentSetSize of job (KB)
...
006 (8915446.000.000) 12/11 17:23:41 Image size of job updated: 200076
	38  -  MemoryUsage of job (MB)
	38512  -  ResidentSetSize of job (KB)
...
005 (8915446.000.000) 12/11 17:23:41 Job terminated.
	(1) Normal termination (return value 0)
		Usr 0 00:04:07, Sys 0 00:00:04  -  Run Remote Usage
		Usr 0 00:00:00, Sys 0 00:00:00  -  Run Local Usage
		Usr 0 00:04:07, Sys 0 00:00:04  -  Total Remote Usage
		Usr 0 00:00:00, Sys 0 00:00:00  -  Total Local Usage
	0  -  Run Bytes Sent By Job
	0  -  Run Bytes Received By Job
	0  -  Total Bytes Sent By Job
	0  -  Total Bytes Received By Job
	Partitionable Resources :    Usage  Request Allocated
	   Cpus                 :                 1         1
	   Disk (KB)            :        1        1  16723623
	   Memory (MB)          :       38        1      4023
...
000 (8915608.000.000) 12/11 22:48:25 Job submitted from host: <10.10.48.31:12542?addrs=10.10.48.31-12542>
...
001 (8915608.000.000) 12/11 22:48:31 Job executing on host: <10.10.48.143:50448?addrs=10.10.48.143-50448>
...
006 (8915608.000.000) 12/11 22:48:40 Image size of job updated: 1
	2  -  MemoryUsage of job (MB)
	1872  -  ResidentSetSize of job (KB)
...
006 (8915608.000.000) 12/11 22:51:06 Image size of job updated: 192540
	2  -  MemoryUsage of job (MB)
	1872  -  ResidentSetSize of job (KB)
...
005 (8915608.000.000) 12/11 22:51:06 Job terminated.
	(1) Normal termination (return value 0)
		Usr 0 00:01:13, Sys 0 00:00:01  -  Run Remote Usage
		Usr 0 00:00:00, Sys 0 00:00:00  -  Run Local Usage
		Usr 0 00:01:13, Sys 0 00:00:01  -  Total Remote Usage
		Usr 0 00:00:00, Sys 0 00:00:00  -  Total Local Usage
	0  -  Run Bytes Sent By Job
	0  -  Run Bytes Received By Job
	0  -  Total Bytes Sent By Job
	0  -  Total Bytes Received By Job
	Partitionable Resources :    Usage  Request Allocated
	   Cpus                 :                 1         1
	   Disk (KB)            :        1        1  13384463
	   Memory (MB)          :        2        1      6441
...
000 (8915740.000.000) 12/11 22:58:31 Job submitted from host: <10.10.48.31:12542?addrs=10.10.48.31-12542>
...
001 (8915740.000.000) 12/11 22:58:35 Job executing on host: <10.10.48.35:61041?addrs=10.10.48.35-61041>
...
006 (8915740.000.000) 12/11 22:58:43 Image size of job updated: 190872
	37  -  MemoryUsage of job (MB)
	37736  -  ResidentSetSize of job (KB)
...
006 (8915740.000.000) 12/11 22:59:47 Image size of job updated: 192460
	37  -  MemoryUsage of job (MB)
	37736  -  ResidentSetSize of job (KB)
...
005 (8915740.000.000) 12/11 22:59:48 Job terminated.
	(1) Normal termination (return value 0)
		Usr 0 00:00:52, Sys 0 00:00:00  -  Run Remote Usage
		Usr 0 00:00:00, Sys 0 00:00:00  -  Run Local Usage
		Usr 0 00:00:52, Sys 0 00:00:00  -  Total Remote Usage
		Usr 0 00:00:00, Sys 0 00:00:00  -  Total Local Usage
	0  -  Run Bytes Sent By Job
	0  -  Run Bytes Received By Job
	0  -  Total Bytes Sent By Job
	0  -  Total Bytes Received By Job
	Partitionable Resources :    Usage  Request Allocated
	   Cpus                 :                 1         1
	   Disk (KB)            :        1        1  16721068
	   Memory (MB)          :       37        1      4023
...
000 (8915872.000.000) 12/11 23:10:06 Job submitted from host: <10.10.48.31:12542?addrs=10.10.48.31-12542>
...
001 (8915872.000.000) 12/11 23:10:10 Job executing on host: <10.10.48.141:50603?addrs=10.10.48.141-50603>
...
006 (8915872.000.000) 12/11 23:10:18 Image size of job updated: 184988
	32  -  MemoryUsage of job (MB)
	32136  -  ResidentSetSize of job (KB)
...
006 (8915872.000.000) 12/11 23:15:11 Image size of job updated: 195904
	32  -  MemoryUsage of job (MB)
	32136  -  ResidentSetSize of job (KB)
...
005 (8915872.000.000) 12/11 23:15:11 Job terminated.
	(1) Normal termination (return value 1)
		Usr 0 00:02:01, Sys 0 00:00:03  -  Run Remote Usage
		Usr 0 00:00:00, Sys 0 00:00:00  -  Run Local Usage
		Usr 0 00:02:01, Sys 0 00:00:03  -  Total Remote Usage
		Usr 0 00:00:00, Sys 0 00:00:00  -  Total Local Usage
	0  -  Run Bytes Sent By Job
	0  -  Run Bytes Received By Job
	0  -  Total Bytes Sent By Job
	0  -  Total Bytes Received By Job
	Partitionable Resources :    Usage  Request Allocated
	   Cpus                 :                 1         1
	   Disk (KB)            :        1        1  13376523
	   Memory (MB)          :       32        1      6441
...
000 (8916034.000.000) 12/11 23:22:57 Job submitted from host: <10.10.48.31:12542?addrs=10.10.48.31-12542>
...
001 (8916034.000.000) 12/11 23:23:02 Job executing on host: <10.10.48.145:26377?addrs=10.10.48.145-26377>
...
006 (8916034.000.000) 12/11 23:23:10 Image size of job updated: 192932
	38  -  MemoryUsage of job (MB)
	38192  -  ResidentSetSize of job (KB)
...
006 (8916034.000.000) 12/11 23:28:10 Image size of job updated: 195892
	42  -  MemoryUsage of job (MB)
	42040  -  ResidentSetSize of job (KB)
...
006 (8916034.000.000) 12/11 23:28:23 Image size of job updated: 195896
	42  -  MemoryUsage of job (MB)
	42040  -  ResidentSetSize of job (KB)
...
005 (8916034.000.000) 12/11 23:28:23 Job terminated.
	(1) Normal termination (return value 0)
		Usr 0 00:01:42, Sys 0 00:00:02  -  Run Remote Usage
		Usr 0 00:00:00, Sys 0 00:00:00  -  Run Local Usage
		Usr 0 00:01:42, Sys 0 00:00:02  -  Total Remote Usage
		Usr 0 00:00:00, Sys 0 00:00:00  -  Total Local Usage
	0  -  Run Bytes Sent By Job
	0  -  Run Bytes Received By Job
	0  -  Total Bytes Sent By Job
	0  -  Total Bytes Received By Job
	Partitionable Resources :    Usage  Request Allocated
	   Cpus                 :                 1         1
	   Disk (KB)            :        1        1  13384457
	   Memory (MB)          :       42        1      6441
...
000 (8916197.000.000) 12/12 14:24:52 Job submitted from host: <10.10.48.31:12542?addrs=10.10.48.31-12542>
...
001 (8916197.000.000) 12/12 14:24:55 Job executing on host: <10.10.48.139:49429?addrs=10.10.48.139-49429>
...
006 (8916197.000.000) 12/12 14:25:04 Image size of job updated: 1
	2  -  MemoryUsage of job (MB)
	1868  -  ResidentSetSize of job (KB)
...
006 (8916197.000.000) 12/12 14:27:06 Image size of job updated: 192952
	2  -  MemoryUsage of job (MB)
	1868  -  ResidentSetSize of job (KB)
...
005 (8916197.000.000) 12/12 14:27:06 Job terminated.
	(1) Normal termination (return value 0)
		Usr 0 00:00:28, Sys 0 00:00:00  -  Run Remote Usage
		Usr 0 00:00:00, Sys 0 00:00:00  -  Run Local Usage
		Usr 0 00:00:28, Sys 0 00:00:00  -  Total Remote Usage
		Usr 0 00:00:00, Sys 0 00:00:00  -  Total Local Usage
	0  -  Run Bytes Sent By Job
	0  -  Run Bytes Received By Job
	0  -  Total Bytes Sent By Job
	0  -  Total Bytes Received By Job
	Partitionable Resources :    Usage  Request Allocated
	   Cpus                 :                 1         1
	   Disk (KB)            :        1        1  13385059
	   Memory (MB)          :        2        1      6441
...
