000 (9637381.000.000) 02/27 16:06:10 Job submitted from host: <10.10.48.31:15410?addrs=10.10.48.31-15410>
...
001 (9637381.000.000) 02/27 16:06:13 Job executing on host: <10.10.48.39:38682?addrs=10.10.48.39-38682>
...
006 (9637381.000.000) 02/27 16:06:21 Image size of job updated: 185580
	33  -  MemoryUsage of job (MB)
	33716  -  ResidentSetSize of job (KB)
...
006 (9637381.000.000) 02/27 16:08:43 Image size of job updated: 192520
	33  -  MemoryUsage of job (MB)
	33716  -  ResidentSetSize of job (KB)
...
005 (9637381.000.000) 02/27 16:08:43 Job terminated.
	(1) Normal termination (return value 0)
		Usr 0 00:00:05, Sys 0 00:00:00  -  Run Remote Usage
		Usr 0 00:00:00, Sys 0 00:00:00  -  Run Local Usage
		Usr 0 00:00:05, Sys 0 00:00:00  -  Total Remote Usage
		Usr 0 00:00:00, Sys 0 00:00:00  -  Total Local Usage
	0  -  Run Bytes Sent By Job
	0  -  Run Bytes Received By Job
	0  -  Total Bytes Sent By Job
	0  -  Total Bytes Received By Job
	Partitionable Resources :    Usage  Request Allocated
	   Cpus                 :                 1         1
	   Disk (KB)            :        1        1  16725766
	   Memory (MB)          :       33        1      4023
...
000 (9643895.000.000) 02/27 20:47:38 Job submitted from host: <10.10.48.31:15410?addrs=10.10.48.31-15410>
...
001 (9643895.000.000) 02/27 20:47:39 Job executing on host: <10.10.48.143:56523?addrs=10.10.48.143-56523>
...
006 (9643895.000.000) 02/27 20:47:41 Image size of job updated: 252860
	0  -  MemoryUsage of job (MB)
	0  -  ResidentSetSize of job (KB)
...
005 (9643895.000.000) 02/27 20:47:41 Job terminated.
	(1) Normal termination (return value 0)
		Usr 0 00:00:00, Sys 0 00:00:00  -  Run Remote Usage
		Usr 0 00:00:00, Sys 0 00:00:00  -  Run Local Usage
		Usr 0 00:00:00, Sys 0 00:00:00  -  Total Remote Usage
		Usr 0 00:00:00, Sys 0 00:00:00  -  Total Local Usage
	0  -  Run Bytes Sent By Job
	0  -  Run Bytes Received By Job
	0  -  Total Bytes Sent By Job
	0  -  Total Bytes Received By Job
	Partitionable Resources :    Usage  Request Allocated
	   Cpus                 :                 1         1
	   Disk (KB)            :        1        1  13384575
	   Memory (MB)          :        0        1      6441
...
