000 (9637335.000.000) 02/27 16:05:14 Job submitted from host: <10.10.48.31:15410?addrs=10.10.48.31-15410>
...
001 (9637335.000.000) 02/27 16:05:17 Job executing on host: <10.10.48.143:56523?addrs=10.10.48.143-56523>
...
006 (9637335.000.000) 02/27 16:05:26 Image size of job updated: 176152
	30  -  MemoryUsage of job (MB)
	30456  -  ResidentSetSize of job (KB)
...
006 (9637335.000.000) 02/27 16:15:28 Image size of job updated: 191032
	39  -  MemoryUsage of job (MB)
	39644  -  ResidentSetSize of job (KB)
...
006 (9637335.000.000) 02/27 16:19:34 Image size of job updated: 192740
	39  -  MemoryUsage of job (MB)
	39644  -  ResidentSetSize of job (KB)
...
005 (9637335.000.000) 02/27 16:19:34 Job terminated.
	(1) Normal termination (return value 0)
		Usr 0 00:03:05, Sys 0 00:00:02  -  Run Remote Usage
		Usr 0 00:00:00, Sys 0 00:00:00  -  Run Local Usage
		Usr 0 00:03:05, Sys 0 00:00:02  -  Total Remote Usage
		Usr 0 00:00:00, Sys 0 00:00:00  -  Total Local Usage
	0  -  Run Bytes Sent By Job
	0  -  Run Bytes Received By Job
	0  -  Total Bytes Sent By Job
	0  -  Total Bytes Received By Job
	Partitionable Resources :    Usage  Request Allocated
	   Cpus                 :                 1         1
	   Disk (KB)            :        1        1  13384704
	   Memory (MB)          :       39        1      6441
...
000 (9643866.000.000) 02/27 20:47:33 Job submitted from host: <10.10.48.31:15410?addrs=10.10.48.31-15410>
...
001 (9643866.000.000) 02/27 20:47:35 Job executing on host: <10.10.48.143:56523?addrs=10.10.48.143-56523>
...
006 (9643866.000.000) 02/27 20:47:36 Image size of job updated: 252256
	0  -  MemoryUsage of job (MB)
	0  -  ResidentSetSize of job (KB)
...
005 (9643866.000.000) 02/27 20:47:37 Job terminated.
	(1) Normal termination (return value 1)
		Usr 0 00:00:00, Sys 0 00:00:00  -  Run Remote Usage
		Usr 0 00:00:00, Sys 0 00:00:00  -  Run Local Usage
		Usr 0 00:00:00, Sys 0 00:00:00  -  Total Remote Usage
		Usr 0 00:00:00, Sys 0 00:00:00  -  Total Local Usage
	0  -  Run Bytes Sent By Job
	0  -  Run Bytes Received By Job
	0  -  Total Bytes Sent By Job
	0  -  Total Bytes Received By Job
	Partitionable Resources :    Usage  Request Allocated
	   Cpus                 :                 1         1
	   Disk (KB)            :        1        1  13384575
	   Memory (MB)          :        0        1      6441
...
