000 (8914245.000.000) 12/10 23:42:43 Job submitted from host: <10.10.48.31:12542?addrs=10.10.48.31-12542>
...
001 (8914245.000.000) 12/10 23:43:00 Job executing on host: <10.10.48.133:42257?addrs=10.10.48.133-42257>
...
006 (8914245.000.000) 12/10 23:43:00 Image size of job updated: 175204
	0  -  MemoryUsage of job (MB)
	0  -  ResidentSetSize of job (KB)
...
005 (8914245.000.000) 12/10 23:43:02 Job terminated.
	(1) Normal termination (return value 1)
		Usr 0 00:00:00, Sys 0 00:00:00  -  Run Remote Usage
		Usr 0 00:00:00, Sys 0 00:00:00  -  Run Local Usage
		Usr 0 00:00:00, Sys 0 00:00:00  -  Total Remote Usage
		Usr 0 00:00:00, Sys 0 00:00:00  -  Total Local Usage
	0  -  Run Bytes Sent By Job
	0  -  Run Bytes Received By Job
	0  -  Total Bytes Sent By Job
	0  -  Total Bytes Received By Job
	Partitionable Resources :    Usage  Request Allocated
	   Cpus                 :                 1         1
	   Disk (KB)            :        1        1  13386734
	   Memory (MB)          :        0        1      6441
...
000 (8914407.000.000) 12/10 23:48:54 Job submitted from host: <10.10.48.31:12542?addrs=10.10.48.31-12542>
...
001 (8914407.000.000) 12/10 23:48:56 Job executing on host: <10.10.48.35:61041?addrs=10.10.48.35-61041>
...
006 (8914407.000.000) 12/10 23:49:04 Image size of job updated: 185596
	36  -  MemoryUsage of job (MB)
	36232  -  ResidentSetSize of job (KB)
...
006 (8914407.000.000) 12/10 23:50:59 Image size of job updated: 192456
	36  -  MemoryUsage of job (MB)
	36232  -  ResidentSetSize of job (KB)
...
005 (8914407.000.000) 12/10 23:50:59 Job terminated.
	(1) Normal termination (return value 0)
		Usr 0 00:01:05, Sys 0 00:00:01  -  Run Remote Usage
		Usr 0 00:00:00, Sys 0 00:00:00  -  Run Local Usage
		Usr 0 00:01:05, Sys 0 00:00:01  -  Total Remote Usage
		Usr 0 00:00:00, Sys 0 00:00:00  -  Total Local Usage
	0  -  Run Bytes Sent By Job
	0  -  Run Bytes Received By Job
	0  -  Total Bytes Sent By Job
	0  -  Total Bytes Received By Job
	Partitionable Resources :    Usage  Request Allocated
	   Cpus                 :                 1         1
	   Disk (KB)            :        1        1  16721129
	   Memory (MB)          :       36        1      4023
...
000 (8914569.000.000) 12/11 16:48:15 Job submitted from host: <10.10.48.31:12542?addrs=10.10.48.31-12542>
...
001 (8914569.000.000) 12/11 16:48:36 Job executing on host: <10.10.48.41:20766?addrs=10.10.48.41-20766>
...
006 (8914569.000.000) 12/11 16:48:45 Image size of job updated: 184740
	33  -  MemoryUsage of job (MB)
	33096  -  ResidentSetSize of job (KB)
...
006 (8914569.000.000) 12/11 16:50:39 Image size of job updated: 192464
	33  -  MemoryUsage of job (MB)
	33096  -  ResidentSetSize of job (KB)
...
005 (8914569.000.000) 12/11 16:50:39 Job terminated.
	(1) Normal termination (return value 0)
		Usr 0 00:00:59, Sys 0 00:00:01  -  Run Remote Usage
		Usr 0 00:00:00, Sys 0 00:00:00  -  Run Local Usage
		Usr 0 00:00:59, Sys 0 00:00:01  -  Total Remote Usage
		Usr 0 00:00:00, Sys 0 00:00:00  -  Total Local Usage
	0  -  Run Bytes Sent By Job
	0  -  Run Bytes Received By Job
	0  -  Total Bytes Sent By Job
	0  -  Total Bytes Received By Job
	Partitionable Resources :    Usage  Request Allocated
	   Cpus                 :                 1         1
	   Disk (KB)            :        1        1  16725316
	   Memory (MB)          :       33        1      4023
...
000 (8915331.000.000) 12/11 17:17:44 Job submitted from host: <10.10.48.31:12542?addrs=10.10.48.31-12542>
...
001 (8915331.000.000) 12/11 17:18:02 Job executing on host: <10.10.48.42:24954?addrs=10.10.48.42-24954>
...
006 (8915331.000.000) 12/11 17:18:11 Image size of job updated: 185848
	32  -  MemoryUsage of job (MB)
	32572  -  ResidentSetSize of job (KB)
...
006 (8915331.000.000) 12/11 17:19:14 Image size of job updated: 192668
	32  -  MemoryUsage of job (MB)
	32572  -  ResidentSetSize of job (KB)
...
005 (8915331.000.000) 12/11 17:19:14 Job terminated.
	(1) Normal termination (return value 0)
		Usr 0 00:00:52, Sys 0 00:00:00  -  Run Remote Usage
		Usr 0 00:00:00, Sys 0 00:00:00  -  Run Local Usage
		Usr 0 00:00:52, Sys 0 00:00:00  -  Total Remote Usage
		Usr 0 00:00:00, Sys 0 00:00:00  -  Total Local Usage
	0  -  Run Bytes Sent By Job
	0  -  Run Bytes Received By Job
	0  -  Total Bytes Sent By Job
	0  -  Total Bytes Received By Job
	Partitionable Resources :    Usage  Request Allocated
	   Cpus                 :                 1         1
	   Disk (KB)            :        1        1  16729390
	   Memory (MB)          :       32        1      4023
...
000 (8915493.000.000) 12/11 22:46:50 Job submitted from host: <10.10.48.31:12542?addrs=10.10.48.31-12542>
...
001 (8915493.000.000) 12/11 22:47:11 Job executing on host: <10.10.48.41:20766?addrs=10.10.48.41-20766>
...
006 (8915493.000.000) 12/11 22:47:19 Image size of job updated: 180384
	30  -  MemoryUsage of job (MB)
	30696  -  ResidentSetSize of job (KB)
...
006 (8915493.000.000) 12/11 22:51:51 Image size of job updated: 192664
	30  -  MemoryUsage of job (MB)
	30696  -  ResidentSetSize of job (KB)
...
005 (8915493.000.000) 12/11 22:51:51 Job terminated.
	(1) Normal termination (return value 0)
		Usr 0 00:02:03, Sys 0 00:00:02  -  Run Remote Usage
		Usr 0 00:00:00, Sys 0 00:00:00  -  Run Local Usage
		Usr 0 00:02:03, Sys 0 00:00:02  -  Total Remote Usage
		Usr 0 00:00:00, Sys 0 00:00:00  -  Total Local Usage
	0  -  Run Bytes Sent By Job
	0  -  Run Bytes Received By Job
	0  -  Total Bytes Sent By Job
	0  -  Total Bytes Received By Job
	Partitionable Resources :    Usage  Request Allocated
	   Cpus                 :                 1         1
	   Disk (KB)            :        1        1  16725261
	   Memory (MB)          :       30        1      4023
...
000 (8915625.000.000) 12/11 22:56:56 Job submitted from host: <10.10.48.31:12542?addrs=10.10.48.31-12542>
...
001 (8915625.000.000) 12/11 22:56:57 Job executing on host: <10.10.48.41:20766?addrs=10.10.48.41-20766>
...
006 (8915625.000.000) 12/11 22:57:06 Image size of job updated: 185868
	33  -  MemoryUsage of job (MB)
	33672  -  ResidentSetSize of job (KB)
...
006 (8915625.000.000) 12/11 22:58:20 Image size of job updated: 192604
	33  -  MemoryUsage of job (MB)
	33672  -  ResidentSetSize of job (KB)
...
005 (8915625.000.000) 12/11 22:58:20 Job terminated.
	(1) Normal termination (return value 0)
		Usr 0 00:01:20, Sys 0 00:00:01  -  Run Remote Usage
		Usr 0 00:00:00, Sys 0 00:00:00  -  Run Local Usage
		Usr 0 00:01:20, Sys 0 00:00:01  -  Total Remote Usage
		Usr 0 00:00:00, Sys 0 00:00:00  -  Total Local Usage
	0  -  Run Bytes Sent By Job
	0  -  Run Bytes Received By Job
	0  -  Total Bytes Sent By Job
	0  -  Total Bytes Received By Job
	Partitionable Resources :    Usage  Request Allocated
	   Cpus                 :                 1         1
	   Disk (KB)            :        1        1  16725236
	   Memory (MB)          :       33        1      4023
...
000 (8915757.000.000) 12/11 23:08:58 Job submitted from host: <10.10.48.31:12542?addrs=10.10.48.31-12542>
...
001 (8915757.000.000) 12/11 23:09:04 Job executing on host: <10.10.48.41:20766?addrs=10.10.48.41-20766>
...
006 (8915757.000.000) 12/11 23:09:13 Image size of job updated: 184408
	32  -  MemoryUsage of job (MB)
	32420  -  ResidentSetSize of job (KB)
...
006 (8915757.000.000) 12/11 23:10:27 Image size of job updated: 192912
	32  -  MemoryUsage of job (MB)
	32420  -  ResidentSetSize of job (KB)
...
005 (8915757.000.000) 12/11 23:10:27 Job terminated.
	(1) Normal termination (return value 1)
		Usr 0 00:00:35, Sys 0 00:00:00  -  Run Remote Usage
		Usr 0 00:00:00, Sys 0 00:00:00  -  Run Local Usage
		Usr 0 00:00:35, Sys 0 00:00:00  -  Total Remote Usage
		Usr 0 00:00:00, Sys 0 00:00:00  -  Total Local Usage
	0  -  Run Bytes Sent By Job
	0  -  Run Bytes Received By Job
	0  -  Total Bytes Sent By Job
	0  -  Total Bytes Received By Job
	Partitionable Resources :    Usage  Request Allocated
	   Cpus                 :                 1         1
	   Disk (KB)            :        1        1  16725205
	   Memory (MB)          :       32        1      4023
...
000 (8915919.000.000) 12/11 23:22:20 Job submitted from host: <10.10.48.31:12542?addrs=10.10.48.31-12542>
...
001 (8915919.000.000) 12/11 23:22:22 Job executing on host: <10.10.48.41:20766?addrs=10.10.48.41-20766>
...
006 (8915919.000.000) 12/11 23:22:31 Image size of job updated: 192904
	39  -  MemoryUsage of job (MB)
	39572  -  ResidentSetSize of job (KB)
...
005 (8915919.000.000) 12/11 23:22:40 Job terminated.
	(1) Normal termination (return value 0)
		Usr 0 00:00:14, Sys 0 00:00:00  -  Run Remote Usage
		Usr 0 00:00:00, Sys 0 00:00:00  -  Run Local Usage
		Usr 0 00:00:14, Sys 0 00:00:00  -  Total Remote Usage
		Usr 0 00:00:00, Sys 0 00:00:00  -  Total Local Usage
	0  -  Run Bytes Sent By Job
	0  -  Run Bytes Received By Job
	0  -  Total Bytes Sent By Job
	0  -  Total Bytes Received By Job
	Partitionable Resources :    Usage  Request Allocated
	   Cpus                 :                 1         1
	   Disk (KB)            :        1        1  16725172
	   Memory (MB)          :       39        1      4023
...
000 (8916082.000.000) 12/12 14:23:28 Job submitted from host: <10.10.48.31:12542?addrs=10.10.48.31-12542>
...
001 (8916082.000.000) 12/12 14:23:49 Job executing on host: <10.10.48.41:20766?addrs=10.10.48.41-20766>
...
006 (8916082.000.000) 12/12 14:23:57 Image size of job updated: 175336
	29  -  MemoryUsage of job (MB)
	29108  -  ResidentSetSize of job (KB)
...
006 (8916082.000.000) 12/12 14:28:33 Image size of job updated: 193036
	29  -  MemoryUsage of job (MB)
	29108  -  ResidentSetSize of job (KB)
...
005 (8916082.000.000) 12/12 14:28:33 Job terminated.
	(1) Normal termination (return value 0)
		Usr 0 00:00:59, Sys 0 00:00:01  -  Run Remote Usage
		Usr 0 00:00:00, Sys 0 00:00:00  -  Run Local Usage
		Usr 0 00:00:59, Sys 0 00:00:01  -  Total Remote Usage
		Usr 0 00:00:00, Sys 0 00:00:00  -  Total Local Usage
	0  -  Run Bytes Sent By Job
	0  -  Run Bytes Received By Job
	0  -  Total Bytes Sent By Job
	0  -  Total Bytes Received By Job
	Partitionable Resources :    Usage  Request Allocated
	   Cpus                 :                 1         1
	   Disk (KB)            :        1        1  16725187
	   Memory (MB)          :       29        1      4023
...
