000 (8914349.000.000) 12/10 23:43:03 Job submitted from host: <10.10.48.31:12542?addrs=10.10.48.31-12542>
...
001 (8914349.000.000) 12/10 23:43:11 Job executing on host: <10.10.48.133:42257?addrs=10.10.48.133-42257>
...
006 (8914349.000.000) 12/10 23:43:12 Image size of job updated: 176048
	0  -  MemoryUsage of job (MB)
	0  -  ResidentSetSize of job (KB)
...
005 (8914349.000.000) 12/10 23:43:13 Job terminated.
	(1) Normal termination (return value 1)
		Usr 0 00:00:00, Sys 0 00:00:00  -  Run Remote Usage
		Usr 0 00:00:00, Sys 0 00:00:00  -  Run Local Usage
		Usr 0 00:00:00, Sys 0 00:00:00  -  Total Remote Usage
		Usr 0 00:00:00, Sys 0 00:00:00  -  Total Local Usage
	0  -  Run Bytes Sent By Job
	0  -  Run Bytes Received By Job
	0  -  Total Bytes Sent By Job
	0  -  Total Bytes Received By Job
	Partitionable Resources :    Usage  Request Allocated
	   Cpus                 :                 1         1
	   Disk (KB)            :        1        1  13386734
	   Memory (MB)          :        0        1      6441
...
000 (8914511.000.000) 12/10 23:50:05 Job submitted from host: <10.10.48.31:12542?addrs=10.10.48.31-12542>
...
001 (8914511.000.000) 12/10 23:51:03 Job executing on host: <10.10.48.132:4924?addrs=10.10.48.132-4924>
...
006 (8914511.000.000) 12/10 23:51:12 Image size of job updated: 185900
	32  -  MemoryUsage of job (MB)
	32424  -  ResidentSetSize of job (KB)
...
006 (8914511.000.000) 12/10 23:56:09 Image size of job updated: 196760
	32  -  MemoryUsage of job (MB)
	32424  -  ResidentSetSize of job (KB)
...
005 (8914511.000.000) 12/10 23:56:09 Job terminated.
	(1) Normal termination (return value 0)
		Usr 0 00:03:08, Sys 0 00:00:02  -  Run Remote Usage
		Usr 0 00:00:00, Sys 0 00:00:00  -  Run Local Usage
		Usr 0 00:03:08, Sys 0 00:00:02  -  Total Remote Usage
		Usr 0 00:00:00, Sys 0 00:00:00  -  Total Local Usage
	0  -  Run Bytes Sent By Job
	0  -  Run Bytes Received By Job
	0  -  Total Bytes Sent By Job
	0  -  Total Bytes Received By Job
	Partitionable Resources :    Usage  Request Allocated
	   Cpus                 :                 1         1
	   Disk (KB)            :        1        1  13378013
	   Memory (MB)          :       32        1      6441
...
000 (8914673.000.000) 12/11 16:49:19 Job submitted from host: <10.10.48.31:12542?addrs=10.10.48.31-12542>
...
001 (8914673.000.000) 12/11 16:49:22 Job executing on host: <10.10.48.35:61041?addrs=10.10.48.35-61041>
...
006 (8914673.000.000) 12/11 16:49:30 Image size of job updated: 183828
	30  -  MemoryUsage of job (MB)
	30024  -  ResidentSetSize of job (KB)
...
006 (8914673.000.000) 12/11 16:54:05 Image size of job updated: 196908
	30  -  MemoryUsage of job (MB)
	30024  -  ResidentSetSize of job (KB)
...
005 (8914673.000.000) 12/11 16:54:05 Job terminated.
	(1) Normal termination (return value 0)
		Usr 0 00:02:33, Sys 0 00:00:02  -  Run Remote Usage
		Usr 0 00:00:00, Sys 0 00:00:00  -  Run Local Usage
		Usr 0 00:02:33, Sys 0 00:00:02  -  Total Remote Usage
		Usr 0 00:00:00, Sys 0 00:00:00  -  Total Local Usage
	0  -  Run Bytes Sent By Job
	0  -  Run Bytes Received By Job
	0  -  Total Bytes Sent By Job
	0  -  Total Bytes Received By Job
	Partitionable Resources :    Usage  Request Allocated
	   Cpus                 :                 1         1
	   Disk (KB)            :        1        1  16721155
	   Memory (MB)          :       30        1      4023
...
000 (8915435.000.000) 12/11 17:18:38 Job submitted from host: <10.10.48.31:12542?addrs=10.10.48.31-12542>
...
001 (8915435.000.000) 12/11 17:19:29 Job executing on host: <10.10.48.42:24954?addrs=10.10.48.42-24954>
...
006 (8915435.000.000) 12/11 17:19:38 Image size of job updated: 192552
	38  -  MemoryUsage of job (MB)
	38528  -  ResidentSetSize of job (KB)
...
006 (8915435.000.000) 12/11 17:22:17 Image size of job updated: 198384
	38  -  MemoryUsage of job (MB)
	38528  -  ResidentSetSize of job (KB)
...
005 (8915435.000.000) 12/11 17:22:17 Job terminated.
	(1) Normal termination (return value 0)
		Usr 0 00:02:27, Sys 0 00:00:02  -  Run Remote Usage
		Usr 0 00:00:00, Sys 0 00:00:00  -  Run Local Usage
		Usr 0 00:02:27, Sys 0 00:00:02  -  Total Remote Usage
		Usr 0 00:00:00, Sys 0 00:00:00  -  Total Local Usage
	0  -  Run Bytes Sent By Job
	0  -  Run Bytes Received By Job
	0  -  Total Bytes Sent By Job
	0  -  Total Bytes Received By Job
	Partitionable Resources :    Usage  Request Allocated
	   Cpus                 :                 1         1
	   Disk (KB)            :        1        1  16729390
	   Memory (MB)          :       38        1      4023
...
000 (8915597.000.000) 12/11 22:47:55 Job submitted from host: <10.10.48.31:12542?addrs=10.10.48.31-12542>
...
001 (8915597.000.000) 12/11 22:47:57 Job executing on host: <10.10.48.145:26377?addrs=10.10.48.145-26377>
...
006 (8915597.000.000) 12/11 22:48:06 Image size of job updated: 185592
	33  -  MemoryUsage of job (MB)
	33700  -  ResidentSetSize of job (KB)
...
006 (8915597.000.000) 12/11 22:51:52 Image size of job updated: 192672
	33  -  MemoryUsage of job (MB)
	33700  -  ResidentSetSize of job (KB)
...
005 (8915597.000.000) 12/11 22:51:52 Job terminated.
	(1) Normal termination (return value 0)
		Usr 0 00:01:46, Sys 0 00:00:01  -  Run Remote Usage
		Usr 0 00:00:00, Sys 0 00:00:00  -  Run Local Usage
		Usr 0 00:01:46, Sys 0 00:00:01  -  Total Remote Usage
		Usr 0 00:00:00, Sys 0 00:00:00  -  Total Local Usage
	0  -  Run Bytes Sent By Job
	0  -  Run Bytes Received By Job
	0  -  Total Bytes Sent By Job
	0  -  Total Bytes Received By Job
	Partitionable Resources :    Usage  Request Allocated
	   Cpus                 :                 1         1
	   Disk (KB)            :        1        1  13384482
	   Memory (MB)          :       33        1      6441
...
000 (8915729.000.000) 12/11 22:58:19 Job submitted from host: <10.10.48.31:12542?addrs=10.10.48.31-12542>
...
001 (8915729.000.000) 12/11 22:58:20 Job executing on host: <10.10.48.141:50603?addrs=10.10.48.141-50603>
...
006 (8915729.000.000) 12/11 22:58:29 Image size of job updated: 190968
	39  -  MemoryUsage of job (MB)
	39028  -  ResidentSetSize of job (KB)
...
006 (8915729.000.000) 12/11 23:00:26 Image size of job updated: 192556
	39  -  MemoryUsage of job (MB)
	39028  -  ResidentSetSize of job (KB)
...
005 (8915729.000.000) 12/11 23:00:26 Job terminated.
	(1) Normal termination (return value 0)
		Usr 0 00:01:20, Sys 0 00:00:01  -  Run Remote Usage
		Usr 0 00:00:00, Sys 0 00:00:00  -  Run Local Usage
		Usr 0 00:01:20, Sys 0 00:00:01  -  Total Remote Usage
		Usr 0 00:00:00, Sys 0 00:00:00  -  Total Local Usage
	0  -  Run Bytes Sent By Job
	0  -  Run Bytes Received By Job
	0  -  Total Bytes Sent By Job
	0  -  Total Bytes Received By Job
	Partitionable Resources :    Usage  Request Allocated
	   Cpus                 :                 1         1
	   Disk (KB)            :        1        1  13376502
	   Memory (MB)          :       39        1      6441
...
000 (8915861.000.000) 12/11 23:09:44 Job submitted from host: <10.10.48.31:12542?addrs=10.10.48.31-12542>
...
001 (8915861.000.000) 12/11 23:09:47 Job executing on host: <10.10.48.41:20766?addrs=10.10.48.41-20766>
...
006 (8915861.000.000) 12/11 23:09:56 Image size of job updated: 185228
	32  -  MemoryUsage of job (MB)
	31840  -  ResidentSetSize of job (KB)
...
006 (8915861.000.000) 12/11 23:14:34 Image size of job updated: 203488
	32  -  MemoryUsage of job (MB)
	31840  -  ResidentSetSize of job (KB)
...
005 (8915861.000.000) 12/11 23:14:34 Job terminated.
	(1) Normal termination (return value 1)
		Usr 0 00:01:38, Sys 0 00:00:02  -  Run Remote Usage
		Usr 0 00:00:00, Sys 0 00:00:00  -  Run Local Usage
		Usr 0 00:01:38, Sys 0 00:00:02  -  Total Remote Usage
		Usr 0 00:00:00, Sys 0 00:00:00  -  Total Local Usage
	0  -  Run Bytes Sent By Job
	0  -  Run Bytes Received By Job
	0  -  Total Bytes Sent By Job
	0  -  Total Bytes Received By Job
	Partitionable Resources :    Usage  Request Allocated
	   Cpus                 :                 1         1
	   Disk (KB)            :        1        1  16725205
	   Memory (MB)          :       32        1      4023
...
000 (8916023.000.000) 12/11 23:22:52 Job submitted from host: <10.10.48.31:12542?addrs=10.10.48.31-12542>
...
001 (8916023.000.000) 12/11 23:22:53 Job executing on host: <10.10.48.141:50603?addrs=10.10.48.141-50603>
...
006 (8916023.000.000) 12/11 23:23:01 Image size of job updated: 192748
	39  -  MemoryUsage of job (MB)
	39312  -  ResidentSetSize of job (KB)
...
006 (8916023.000.000) 12/11 23:28:01 Image size of job updated: 201268
	48  -  MemoryUsage of job (MB)
	48372  -  ResidentSetSize of job (KB)
...
006 (8916023.000.000) 12/11 23:28:06 Image size of job updated: 203416
	48  -  MemoryUsage of job (MB)
	48372  -  ResidentSetSize of job (KB)
...
005 (8916023.000.000) 12/11 23:28:06 Job terminated.
	(1) Normal termination (return value 0)
		Usr 0 00:01:10, Sys 0 00:00:01  -  Run Remote Usage
		Usr 0 00:00:00, Sys 0 00:00:00  -  Run Local Usage
		Usr 0 00:01:10, Sys 0 00:00:01  -  Total Remote Usage
		Usr 0 00:00:00, Sys 0 00:00:00  -  Total Local Usage
	0  -  Run Bytes Sent By Job
	0  -  Run Bytes Received By Job
	0  -  Total Bytes Sent By Job
	0  -  Total Bytes Received By Job
	Partitionable Resources :    Usage  Request Allocated
	   Cpus                 :                 1         1
	   Disk (KB)            :        1        1  13376493
	   Memory (MB)          :       48        1      6441
...
000 (8916186.000.000) 12/12 14:24:32 Job submitted from host: <10.10.48.31:12542?addrs=10.10.48.31-12542>
...
001 (8916186.000.000) 12/12 14:24:35 Job executing on host: <10.10.48.41:20766?addrs=10.10.48.41-20766>
...
006 (8916186.000.000) 12/12 14:24:43 Image size of job updated: 184928
	33  -  MemoryUsage of job (MB)
	33304  -  ResidentSetSize of job (KB)
...
006 (8916186.000.000) 12/12 14:28:41 Image size of job updated: 192912
	33  -  MemoryUsage of job (MB)
	33304  -  ResidentSetSize of job (KB)
...
005 (8916186.000.000) 12/12 14:28:41 Job terminated.
	(1) Normal termination (return value 0)
		Usr 0 00:00:55, Sys 0 00:00:01  -  Run Remote Usage
		Usr 0 00:00:00, Sys 0 00:00:00  -  Run Local Usage
		Usr 0 00:00:55, Sys 0 00:00:01  -  Total Remote Usage
		Usr 0 00:00:00, Sys 0 00:00:00  -  Total Local Usage
	0  -  Run Bytes Sent By Job
	0  -  Run Bytes Received By Job
	0  -  Total Bytes Sent By Job
	0  -  Total Bytes Received By Job
	Partitionable Resources :    Usage  Request Allocated
	   Cpus                 :                 1         1
	   Disk (KB)            :        1        1  16725187
	   Memory (MB)          :       33        1      4023
...
000 (9637242.000.000) 02/27 16:03:02 Job submitted from host: <10.10.48.31:15410?addrs=10.10.48.31-15410>
...
001 (9637242.000.000) 02/27 16:03:04 Job executing on host: <10.10.48.39:38682?addrs=10.10.48.39-38682>
...
006 (9637242.000.000) 02/27 16:03:12 Image size of job updated: 185568
	34  -  MemoryUsage of job (MB)
	33892  -  ResidentSetSize of job (KB)
...
006 (9637242.000.000) 02/27 16:07:48 Image size of job updated: 192648
	34  -  MemoryUsage of job (MB)
	33892  -  ResidentSetSize of job (KB)
...
005 (9637242.000.000) 02/27 16:07:48 Job terminated.
	(1) Normal termination (return value 0)
		Usr 0 00:00:22, Sys 0 00:00:00  -  Run Remote Usage
		Usr 0 00:00:00, Sys 0 00:00:00  -  Run Local Usage
		Usr 0 00:00:22, Sys 0 00:00:00  -  Total Remote Usage
		Usr 0 00:00:00, Sys 0 00:00:00  -  Total Local Usage
	0  -  Run Bytes Sent By Job
	0  -  Run Bytes Received By Job
	0  -  Total Bytes Sent By Job
	0  -  Total Bytes Received By Job
	Partitionable Resources :    Usage  Request Allocated
	   Cpus                 :                 1         1
	   Disk (KB)            :        1        1  16725766
	   Memory (MB)          :       34        1      4023
...
000 (9643812.000.000) 02/27 20:47:24 Job submitted from host: <10.10.48.31:15410?addrs=10.10.48.31-15410>
...
001 (9643812.000.000) 02/27 20:47:27 Job executing on host: <10.10.48.143:56523?addrs=10.10.48.143-56523>
...
006 (9643812.000.000) 02/27 20:47:28 Image size of job updated: 249276
	0  -  MemoryUsage of job (MB)
	0  -  ResidentSetSize of job (KB)
...
005 (9643812.000.000) 02/27 20:47:28 Job terminated.
	(1) Normal termination (return value 0)
		Usr 0 00:00:00, Sys 0 00:00:00  -  Run Remote Usage
		Usr 0 00:00:00, Sys 0 00:00:00  -  Run Local Usage
		Usr 0 00:00:00, Sys 0 00:00:00  -  Total Remote Usage
		Usr 0 00:00:00, Sys 0 00:00:00  -  Total Local Usage
	0  -  Run Bytes Sent By Job
	0  -  Run Bytes Received By Job
	0  -  Total Bytes Sent By Job
	0  -  Total Bytes Received By Job
	Partitionable Resources :    Usage  Request Allocated
	   Cpus                 :                 1         1
	   Disk (KB)            :        1        1  13384575
	   Memory (MB)          :        0        1      6441
...
