000 (8914362.000.000) 12/10 23:43:05 Job submitted from host: <10.10.48.31:12542?addrs=10.10.48.31-12542>
...
001 (8914362.000.000) 12/10 23:43:14 Job executing on host: <10.10.48.41:20766?addrs=10.10.48.41-20766>
...
006 (8914362.000.000) 12/10 23:43:14 Image size of job updated: 170640
	0  -  MemoryUsage of job (MB)
	0  -  ResidentSetSize of job (KB)
...
005 (8914362.000.000) 12/10 23:43:14 Job terminated.
	(1) Normal termination (return value 1)
		Usr 0 00:00:00, Sys 0 00:00:00  -  Run Remote Usage
		Usr 0 00:00:00, Sys 0 00:00:00  -  Run Local Usage
		Usr 0 00:00:00, Sys 0 00:00:00  -  Total Remote Usage
		Usr 0 00:00:00, Sys 0 00:00:00  -  Total Local Usage
	0  -  Run Bytes Sent By Job
	0  -  Run Bytes Received By Job
	0  -  Total Bytes Sent By Job
	0  -  Total Bytes Received By Job
	Partitionable Resources :    Usage  Request Allocated
	   Cpus                 :                 1         1
	   Disk (KB)            :        1        1  16725287
	   Memory (MB)          :        0        1      4023
...
000 (8914524.000.000) 12/10 23:50:38 Job submitted from host: <10.10.48.31:12542?addrs=10.10.48.31-12542>
...
001 (8914524.000.000) 12/10 23:51:47 Job executing on host: <10.10.48.43:4900?addrs=10.10.48.43-4900>
...
006 (8914524.000.000) 12/10 23:51:56 Image size of job updated: 185740
	33  -  MemoryUsage of job (MB)
	33712  -  ResidentSetSize of job (KB)
...
006 (8914524.000.000) 12/10 23:55:42 Image size of job updated: 192564
	33  -  MemoryUsage of job (MB)
	33712  -  ResidentSetSize of job (KB)
...
005 (8914524.000.000) 12/10 23:55:42 Job terminated.
	(1) Normal termination (return value 0)
		Usr 0 00:02:05, Sys 0 00:00:02  -  Run Remote Usage
		Usr 0 00:00:00, Sys 0 00:00:00  -  Run Local Usage
		Usr 0 00:02:05, Sys 0 00:00:02  -  Total Remote Usage
		Usr 0 00:00:00, Sys 0 00:00:00  -  Total Local Usage
	0  -  Run Bytes Sent By Job
	0  -  Run Bytes Received By Job
	0  -  Total Bytes Sent By Job
	0  -  Total Bytes Received By Job
	Partitionable Resources :    Usage  Request Allocated
	   Cpus                 :                 1         1
	   Disk (KB)            :        1        1  16728116
	   Memory (MB)          :       33        1      4023
...
000 (8914686.000.000) 12/11 16:49:48 Job submitted from host: <10.10.48.31:12542?addrs=10.10.48.31-12542>
...
001 (8914686.000.000) 12/11 16:49:58 Job executing on host: <10.10.48.141:50603?addrs=10.10.48.141-50603>
...
006 (8914686.000.000) 12/11 16:50:07 Image size of job updated: 186020
	32  -  MemoryUsage of job (MB)
	32408  -  ResidentSetSize of job (KB)
...
006 (8914686.000.000) 12/11 16:54:35 Image size of job updated: 192612
	32  -  MemoryUsage of job (MB)
	32408  -  ResidentSetSize of job (KB)
...
005 (8914686.000.000) 12/11 16:54:35 Job terminated.
	(1) Normal termination (return value 0)
		Usr 0 00:02:51, Sys 0 00:00:02  -  Run Remote Usage
		Usr 0 00:00:00, Sys 0 00:00:00  -  Run Local Usage
		Usr 0 00:02:51, Sys 0 00:00:02  -  Total Remote Usage
		Usr 0 00:00:00, Sys 0 00:00:00  -  Total Local Usage
	0  -  Run Bytes Sent By Job
	0  -  Run Bytes Received By Job
	0  -  Total Bytes Sent By Job
	0  -  Total Bytes Received By Job
	Partitionable Resources :    Usage  Request Allocated
	   Cpus                 :                 1         1
	   Disk (KB)            :        1        1  13376623
	   Memory (MB)          :       32        1      6441
...
000 (8915448.000.000) 12/11 17:18:52 Job submitted from host: <10.10.48.31:12542?addrs=10.10.48.31-12542>
...
001 (8915448.000.000) 12/11 17:19:04 Job executing on host: <10.10.48.37:22739?addrs=10.10.48.37-22739>
...
006 (8915448.000.000) 12/11 17:19:13 Image size of job updated: 185892
	34  -  MemoryUsage of job (MB)
	34308  -  ResidentSetSize of job (KB)
...
006 (8915448.000.000) 12/11 17:21:32 Image size of job updated: 195900
	34  -  MemoryUsage of job (MB)
	34308  -  ResidentSetSize of job (KB)
...
005 (8915448.000.000) 12/11 17:21:32 Job terminated.
	(1) Normal termination (return value 0)
		Usr 0 00:02:09, Sys 0 00:00:02  -  Run Remote Usage
		Usr 0 00:00:00, Sys 0 00:00:00  -  Run Local Usage
		Usr 0 00:02:09, Sys 0 00:00:02  -  Total Remote Usage
		Usr 0 00:00:00, Sys 0 00:00:00  -  Total Local Usage
	0  -  Run Bytes Sent By Job
	0  -  Run Bytes Received By Job
	0  -  Total Bytes Sent By Job
	0  -  Total Bytes Received By Job
	Partitionable Resources :    Usage  Request Allocated
	   Cpus                 :                 1         1
	   Disk (KB)            :        1        1  16727149
	   Memory (MB)          :       34        1      4023
...
000 (8915610.000.000) 12/11 22:48:32 Job submitted from host: <10.10.48.31:12542?addrs=10.10.48.31-12542>
...
001 (8915610.000.000) 12/11 22:48:32 Job executing on host: <10.10.48.41:20766?addrs=10.10.48.41-20766>
...
006 (8915610.000.000) 12/11 22:48:41 Image size of job updated: 185604
	34  -  MemoryUsage of job (MB)
	34144  -  ResidentSetSize of job (KB)
...
006 (8915610.000.000) 12/11 22:52:44 Image size of job updated: 193040
	34  -  MemoryUsage of job (MB)
	34144  -  ResidentSetSize of job (KB)
...
005 (8915610.000.000) 12/11 22:52:44 Job terminated.
	(1) Normal termination (return value 0)
		Usr 0 00:02:20, Sys 0 00:00:02  -  Run Remote Usage
		Usr 0 00:00:00, Sys 0 00:00:00  -  Run Local Usage
		Usr 0 00:02:20, Sys 0 00:00:02  -  Total Remote Usage
		Usr 0 00:00:00, Sys 0 00:00:00  -  Total Local Usage
	0  -  Run Bytes Sent By Job
	0  -  Run Bytes Received By Job
	0  -  Total Bytes Sent By Job
	0  -  Total Bytes Received By Job
	Partitionable Resources :    Usage  Request Allocated
	   Cpus                 :                 1         1
	   Disk (KB)            :        1        1  16725261
	   Memory (MB)          :       34        1      4023
...
000 (8915742.000.000) 12/11 22:58:33 Job submitted from host: <10.10.48.31:12542?addrs=10.10.48.31-12542>
...
001 (8915742.000.000) 12/11 22:58:37 Job executing on host: <10.10.48.41:20766?addrs=10.10.48.41-20766>
...
006 (8915742.000.000) 12/11 22:58:46 Image size of job updated: 191020
	39  -  MemoryUsage of job (MB)
	39288  -  ResidentSetSize of job (KB)
...
006 (8915742.000.000) 12/11 23:00:08 Image size of job updated: 192620
	39  -  MemoryUsage of job (MB)
	39288  -  ResidentSetSize of job (KB)
...
005 (8915742.000.000) 12/11 23:00:08 Job terminated.
	(1) Normal termination (return value 0)
		Usr 0 00:01:26, Sys 0 00:00:01  -  Run Remote Usage
		Usr 0 00:00:00, Sys 0 00:00:00  -  Run Local Usage
		Usr 0 00:01:26, Sys 0 00:00:01  -  Total Remote Usage
		Usr 0 00:00:00, Sys 0 00:00:00  -  Total Local Usage
	0  -  Run Bytes Sent By Job
	0  -  Run Bytes Received By Job
	0  -  Total Bytes Sent By Job
	0  -  Total Bytes Received By Job
	Partitionable Resources :    Usage  Request Allocated
	   Cpus                 :                 1         1
	   Disk (KB)            :        1        1  16725236
	   Memory (MB)          :       39        1      4023
...
000 (8915874.000.000) 12/11 23:10:09 Job submitted from host: <10.10.48.31:12542?addrs=10.10.48.31-12542>
...
001 (8915874.000.000) 12/11 23:10:11 Job executing on host: <10.10.48.141:50603?addrs=10.10.48.141-50603>
...
006 (8915874.000.000) 12/11 23:10:19 Image size of job updated: 185216
	32  -  MemoryUsage of job (MB)
	31876  -  ResidentSetSize of job (KB)
...
006 (8915874.000.000) 12/11 23:13:33 Image size of job updated: 193720
	32  -  MemoryUsage of job (MB)
	31876  -  ResidentSetSize of job (KB)
...
005 (8915874.000.000) 12/11 23:13:33 Job terminated.
	(1) Normal termination (return value 1)
		Usr 0 00:01:11, Sys 0 00:00:01  -  Run Remote Usage
		Usr 0 00:00:00, Sys 0 00:00:00  -  Run Local Usage
		Usr 0 00:01:11, Sys 0 00:00:01  -  Total Remote Usage
		Usr 0 00:00:00, Sys 0 00:00:00  -  Total Local Usage
	0  -  Run Bytes Sent By Job
	0  -  Run Bytes Received By Job
	0  -  Total Bytes Sent By Job
	0  -  Total Bytes Received By Job
	Partitionable Resources :    Usage  Request Allocated
	   Cpus                 :                 1         1
	   Disk (KB)            :        1        1  13376523
	   Memory (MB)          :       32        1      6441
...
000 (8916036.000.000) 12/11 23:23:00 Job submitted from host: <10.10.48.31:12542?addrs=10.10.48.31-12542>
...
001 (8916036.000.000) 12/11 23:23:02 Job executing on host: <10.10.48.141:50603?addrs=10.10.48.141-50603>
...
006 (8916036.000.000) 12/11 23:23:11 Image size of job updated: 193004
	40  -  MemoryUsage of job (MB)
	40152  -  ResidentSetSize of job (KB)
...
006 (8916036.000.000) 12/11 23:23:38 Image size of job updated: 193864
	40  -  MemoryUsage of job (MB)
	40152  -  ResidentSetSize of job (KB)
...
005 (8916036.000.000) 12/11 23:23:38 Job terminated.
	(1) Normal termination (return value 0)
		Usr 0 00:00:32, Sys 0 00:00:00  -  Run Remote Usage
		Usr 0 00:00:00, Sys 0 00:00:00  -  Run Local Usage
		Usr 0 00:00:32, Sys 0 00:00:00  -  Total Remote Usage
		Usr 0 00:00:00, Sys 0 00:00:00  -  Total Local Usage
	0  -  Run Bytes Sent By Job
	0  -  Run Bytes Received By Job
	0  -  Total Bytes Sent By Job
	0  -  Total Bytes Received By Job
	Partitionable Resources :    Usage  Request Allocated
	   Cpus                 :                 1         1
	   Disk (KB)            :        1        1  13376471
	   Memory (MB)          :       40        1      6441
...
000 (8916199.000.000) 12/12 14:25:03 Job submitted from host: <10.10.48.31:12542?addrs=10.10.48.31-12542>
...
001 (8916199.000.000) 12/12 14:25:07 Job executing on host: <10.10.48.35:61041?addrs=10.10.48.35-61041>
...
006 (8916199.000.000) 12/12 14:25:17 Image size of job updated: 179444
	28  -  MemoryUsage of job (MB)
	27832  -  ResidentSetSize of job (KB)
...
006 (8916199.000.000) 12/12 14:28:56 Image size of job updated: 192932
	28  -  MemoryUsage of job (MB)
	27832  -  ResidentSetSize of job (KB)
...
005 (8916199.000.000) 12/12 14:28:56 Job terminated.
	(1) Normal termination (return value 0)
		Usr 0 00:00:55, Sys 0 00:00:01  -  Run Remote Usage
		Usr 0 00:00:00, Sys 0 00:00:00  -  Run Local Usage
		Usr 0 00:00:55, Sys 0 00:00:01  -  Total Remote Usage
		Usr 0 00:00:00, Sys 0 00:00:00  -  Total Local Usage
	0  -  Run Bytes Sent By Job
	0  -  Run Bytes Received By Job
	0  -  Total Bytes Sent By Job
	0  -  Total Bytes Received By Job
	Partitionable Resources :    Usage  Request Allocated
	   Cpus                 :                 1         1
	   Disk (KB)            :        1        1  16721064
	   Memory (MB)          :       28        1      4023
...
