000 (9637408.000.000) 02/27 16:06:53 Job submitted from host: <10.10.48.31:15410?addrs=10.10.48.31-15410>
...
001 (9637408.000.000) 02/27 16:07:03 Job executing on host: <10.10.48.140:16345?addrs=10.10.48.140-16345>
...
006 (9637408.000.000) 02/27 16:07:12 Image size of job updated: 176148
	30  -  MemoryUsage of job (MB)
	30228  -  ResidentSetSize of job (KB)
...
006 (9637408.000.000) 02/27 16:14:37 Image size of job updated: 192500
	30  -  MemoryUsage of job (MB)
	30228  -  ResidentSetSize of job (KB)
...
005 (9637408.000.000) 02/27 16:14:37 Job terminated.
	(1) Normal termination (return value 0)
		Usr 0 00:00:15, Sys 0 00:00:00  -  Run Remote Usage
		Usr 0 00:00:00, Sys 0 00:00:00  -  Run Local Usage
		Usr 0 00:00:15, Sys 0 00:00:00  -  Total Remote Usage
		Usr 0 00:00:00, Sys 0 00:00:00  -  Total Local Usage
	0  -  Run Bytes Sent By Job
	0  -  Run Bytes Received By Job
	0  -  Total Bytes Sent By Job
	0  -  Total Bytes Received By Job
	Partitionable Resources :    Usage  Request Allocated
	   Cpus                 :                 1         1
	   Disk (KB)            :        1        1  13384821
	   Memory (MB)          :       30        1      6441
...
000 (9643905.000.000) 02/27 20:47:39 Job submitted from host: <10.10.48.31:15410?addrs=10.10.48.31-15410>
...
001 (9643905.000.000) 02/27 20:47:40 Job executing on host: <10.10.48.140:16345?addrs=10.10.48.140-16345>
...
006 (9643905.000.000) 02/27 20:47:41 Image size of job updated: 251632
	0  -  MemoryUsage of job (MB)
	0  -  ResidentSetSize of job (KB)
...
005 (9643905.000.000) 02/27 20:47:42 Job terminated.
	(1) Normal termination (return value 1)
		Usr 0 00:00:00, Sys 0 00:00:00  -  Run Remote Usage
		Usr 0 00:00:00, Sys 0 00:00:00  -  Run Local Usage
		Usr 0 00:00:00, Sys 0 00:00:00  -  Total Remote Usage
		Usr 0 00:00:00, Sys 0 00:00:00  -  Total Local Usage
	0  -  Run Bytes Sent By Job
	0  -  Run Bytes Received By Job
	0  -  Total Bytes Sent By Job
	0  -  Total Bytes Received By Job
	Partitionable Resources :    Usage  Request Allocated
	   Cpus                 :                 1         1
	   Disk (KB)            :        1        1  13384696
	   Memory (MB)          :        0        1      6441
...
