000 (8914270.000.000) 12/10 23:42:46 Job submitted from host: <10.10.48.31:12542?addrs=10.10.48.31-12542>
...
001 (8914270.000.000) 12/10 23:42:55 Job executing on host: <10.10.48.133:42257?addrs=10.10.48.133-42257>
...
006 (8914270.000.000) 12/10 23:42:56 Image size of job updated: 167744
	0  -  MemoryUsage of job (MB)
	0  -  ResidentSetSize of job (KB)
...
005 (8914270.000.000) 12/10 23:42:57 Job terminated.
	(1) Normal termination (return value 1)
		Usr 0 00:00:00, Sys 0 00:00:00  -  Run Remote Usage
		Usr 0 00:00:00, Sys 0 00:00:00  -  Run Local Usage
		Usr 0 00:00:00, Sys 0 00:00:00  -  Total Remote Usage
		Usr 0 00:00:00, Sys 0 00:00:00  -  Total Local Usage
	0  -  Run Bytes Sent By Job
	0  -  Run Bytes Received By Job
	0  -  Total Bytes Sent By Job
	0  -  Total Bytes Received By Job
	Partitionable Resources :    Usage  Request Allocated
	   Cpus                 :                 1         1
	   Disk (KB)            :        1        1  13386734
	   Memory (MB)          :        0        1      6441
...
000 (8914432.000.000) 12/10 23:48:59 Job submitted from host: <10.10.48.31:12542?addrs=10.10.48.31-12542>
...
001 (8914432.000.000) 12/10 23:50:27 Job executing on host: <10.10.48.133:42257?addrs=10.10.48.133-42257>
...
006 (8914432.000.000) 12/10 23:50:35 Image size of job updated: 1
	2  -  MemoryUsage of job (MB)
	1864  -  ResidentSetSize of job (KB)
...
006 (8914432.000.000) 12/10 23:53:49 Image size of job updated: 192868
	2  -  MemoryUsage of job (MB)
	1864  -  ResidentSetSize of job (KB)
...
005 (8914432.000.000) 12/10 23:53:49 Job terminated.
	(1) Normal termination (return value 0)
		Usr 0 00:02:06, Sys 0 00:00:01  -  Run Remote Usage
		Usr 0 00:00:00, Sys 0 00:00:00  -  Run Local Usage
		Usr 0 00:02:06, Sys 0 00:00:01  -  Total Remote Usage
		Usr 0 00:00:00, Sys 0 00:00:00  -  Total Local Usage
	0  -  Run Bytes Sent By Job
	0  -  Run Bytes Received By Job
	0  -  Total Bytes Sent By Job
	0  -  Total Bytes Received By Job
	Partitionable Resources :    Usage  Request Allocated
	   Cpus                 :                 1         1
	   Disk (KB)            :        1        1  13386671
	   Memory (MB)          :        2        1      6441
...
000 (8914594.000.000) 12/11 16:48:17 Job submitted from host: <10.10.48.31:12542?addrs=10.10.48.31-12542>
...
001 (8914594.000.000) 12/11 16:48:39 Job executing on host: <10.10.48.141:50603?addrs=10.10.48.141-50603>
...
006 (8914594.000.000) 12/11 16:48:47 Image size of job updated: 185588
	32  -  MemoryUsage of job (MB)
	32376  -  ResidentSetSize of job (KB)
...
006 (8914594.000.000) 12/11 16:52:35 Image size of job updated: 193068
	32  -  MemoryUsage of job (MB)
	32376  -  ResidentSetSize of job (KB)
...
005 (8914594.000.000) 12/11 16:52:35 Job terminated.
	(1) Normal termination (return value 0)
		Usr 0 00:02:03, Sys 0 00:00:01  -  Run Remote Usage
		Usr 0 00:00:00, Sys 0 00:00:00  -  Run Local Usage
		Usr 0 00:02:03, Sys 0 00:00:01  -  Total Remote Usage
		Usr 0 00:00:00, Sys 0 00:00:00  -  Total Local Usage
	0  -  Run Bytes Sent By Job
	0  -  Run Bytes Received By Job
	0  -  Total Bytes Sent By Job
	0  -  Total Bytes Received By Job
	Partitionable Resources :    Usage  Request Allocated
	   Cpus                 :                 1         1
	   Disk (KB)            :        1        1  13376623
	   Memory (MB)          :       32        1      6441
...
000 (8915356.000.000) 12/11 17:17:48 Job submitted from host: <10.10.48.31:12542?addrs=10.10.48.31-12542>
...
001 (8915356.000.000) 12/11 17:19:04 Job executing on host: <10.10.48.42:24954?addrs=10.10.48.42-24954>
...
006 (8915356.000.000) 12/11 17:19:13 Image size of job updated: 192564
	40  -  MemoryUsage of job (MB)
	40104  -  ResidentSetSize of job (KB)
...
006 (8915356.000.000) 12/11 17:20:53 Image size of job updated: 192736
	40  -  MemoryUsage of job (MB)
	40104  -  ResidentSetSize of job (KB)
...
005 (8915356.000.000) 12/11 17:20:53 Job terminated.
	(1) Normal termination (return value 0)
		Usr 0 00:01:39, Sys 0 00:00:01  -  Run Remote Usage
		Usr 0 00:00:00, Sys 0 00:00:00  -  Run Local Usage
		Usr 0 00:01:39, Sys 0 00:00:01  -  Total Remote Usage
		Usr 0 00:00:00, Sys 0 00:00:00  -  Total Local Usage
	0  -  Run Bytes Sent By Job
	0  -  Run Bytes Received By Job
	0  -  Total Bytes Sent By Job
	0  -  Total Bytes Received By Job
	Partitionable Resources :    Usage  Request Allocated
	   Cpus                 :                 1         1
	   Disk (KB)            :        1        1  16729348
	   Memory (MB)          :       40        1      4023
...
000 (8915518.000.000) 12/11 22:46:53 Job submitted from host: <10.10.48.31:12542?addrs=10.10.48.31-12542>
...
001 (8915518.000.000) 12/11 22:47:14 Job executing on host: <10.10.48.141:50603?addrs=10.10.48.141-50603>
...
006 (8915518.000.000) 12/11 22:47:22 Image size of job updated: 183056
	29  -  MemoryUsage of job (MB)
	29576  -  ResidentSetSize of job (KB)
...
006 (8915518.000.000) 12/11 22:47:24 Image size of job updated: 192460
	29  -  MemoryUsage of job (MB)
	29576  -  ResidentSetSize of job (KB)
...
005 (8915518.000.000) 12/11 22:47:24 Job terminated.
	(1) Normal termination (return value 0)
		Usr 0 00:00:06, Sys 0 00:00:00  -  Run Remote Usage
		Usr 0 00:00:00, Sys 0 00:00:00  -  Run Local Usage
		Usr 0 00:00:06, Sys 0 00:00:00  -  Total Remote Usage
		Usr 0 00:00:00, Sys 0 00:00:00  -  Total Local Usage
	0  -  Run Bytes Sent By Job
	0  -  Run Bytes Received By Job
	0  -  Total Bytes Sent By Job
	0  -  Total Bytes Received By Job
	Partitionable Resources :    Usage  Request Allocated
	   Cpus                 :                 1         1
	   Disk (KB)            :        1        1  13376574
	   Memory (MB)          :       29        1      6441
...
000 (8915650.000.000) 12/11 22:57:00 Job submitted from host: <10.10.48.31:12542?addrs=10.10.48.31-12542>
...
001 (8915650.000.000) 12/11 22:57:20 Job executing on host: <10.10.48.141:50603?addrs=10.10.48.141-50603>
...
006 (8915650.000.000) 12/11 22:57:24 Image size of job updated: 192384
	0  -  MemoryUsage of job (MB)
	0  -  ResidentSetSize of job (KB)
...
005 (8915650.000.000) 12/11 22:57:24 Job terminated.
	(1) Normal termination (return value 0)
		Usr 0 00:00:03, Sys 0 00:00:00  -  Run Remote Usage
		Usr 0 00:00:00, Sys 0 00:00:00  -  Run Local Usage
		Usr 0 00:00:03, Sys 0 00:00:00  -  Total Remote Usage
		Usr 0 00:00:00, Sys 0 00:00:00  -  Total Local Usage
	0  -  Run Bytes Sent By Job
	0  -  Run Bytes Received By Job
	0  -  Total Bytes Sent By Job
	0  -  Total Bytes Received By Job
	Partitionable Resources :    Usage  Request Allocated
	   Cpus                 :                 1         1
	   Disk (KB)            :        1        1  13376549
	   Memory (MB)          :        0        1      6441
...
000 (8915782.000.000) 12/11 23:09:01 Job submitted from host: <10.10.48.31:12542?addrs=10.10.48.31-12542>
...
001 (8915782.000.000) 12/11 23:09:06 Job executing on host: <10.10.48.141:50603?addrs=10.10.48.141-50603>
...
006 (8915782.000.000) 12/11 23:09:14 Image size of job updated: 184912
	32  -  MemoryUsage of job (MB)
	31804  -  ResidentSetSize of job (KB)
...
006 (8915782.000.000) 12/11 23:11:02 Image size of job updated: 325752
	32  -  MemoryUsage of job (MB)
	31804  -  ResidentSetSize of job (KB)
...
005 (8915782.000.000) 12/11 23:11:02 Job terminated.
	(1) Normal termination (return value 1)
		Usr 0 00:00:48, Sys 0 00:00:01  -  Run Remote Usage
		Usr 0 00:00:00, Sys 0 00:00:00  -  Run Local Usage
		Usr 0 00:00:48, Sys 0 00:00:01  -  Total Remote Usage
		Usr 0 00:00:00, Sys 0 00:00:00  -  Total Local Usage
	0  -  Run Bytes Sent By Job
	0  -  Run Bytes Received By Job
	0  -  Total Bytes Sent By Job
	0  -  Total Bytes Received By Job
	Partitionable Resources :    Usage  Request Allocated
	   Cpus                 :                 1         1
	   Disk (KB)            :        1        1  13376523
	   Memory (MB)          :       32        1      6441
...
000 (8915944.000.000) 12/11 23:22:23 Job submitted from host: <10.10.48.31:12542?addrs=10.10.48.31-12542>
...
001 (8915944.000.000) 12/11 23:22:43 Job executing on host: <10.10.48.141:50603?addrs=10.10.48.141-50603>
...
006 (8915944.000.000) 12/11 23:22:53 Image size of job updated: 233480
	73  -  MemoryUsage of job (MB)
	74564  -  ResidentSetSize of job (KB)
...
006 (8915944.000.000) 12/11 23:23:10 Image size of job updated: 331816
	73  -  MemoryUsage of job (MB)
	74564  -  ResidentSetSize of job (KB)
...
005 (8915944.000.000) 12/11 23:23:10 Job terminated.
	(1) Normal termination (return value 0)
		Usr 0 00:00:25, Sys 0 00:00:00  -  Run Remote Usage
		Usr 0 00:00:00, Sys 0 00:00:00  -  Run Local Usage
		Usr 0 00:00:25, Sys 0 00:00:00  -  Total Remote Usage
		Usr 0 00:00:00, Sys 0 00:00:00  -  Total Local Usage
	0  -  Run Bytes Sent By Job
	0  -  Run Bytes Received By Job
	0  -  Total Bytes Sent By Job
	0  -  Total Bytes Received By Job
	Partitionable Resources :    Usage  Request Allocated
	   Cpus                 :                 1         1
	   Disk (KB)            :        1        1  13376493
	   Memory (MB)          :       73        1      6441
...
000 (8916107.000.000) 12/12 14:23:31 Job submitted from host: <10.10.48.31:12542?addrs=10.10.48.31-12542>
...
001 (8916107.000.000) 12/12 14:23:50 Job executing on host: <10.10.48.141:50603?addrs=10.10.48.141-50603>
...
006 (8916107.000.000) 12/12 14:23:59 Image size of job updated: 192812
	39  -  MemoryUsage of job (MB)
	39496  -  ResidentSetSize of job (KB)
...
005 (8916107.000.000) 12/12 14:23:59 Job terminated.
	(1) Normal termination (return value 0)
		Usr 0 00:00:02, Sys 0 00:00:00  -  Run Remote Usage
		Usr 0 00:00:00, Sys 0 00:00:00  -  Run Local Usage
		Usr 0 00:00:02, Sys 0 00:00:00  -  Total Remote Usage
		Usr 0 00:00:00, Sys 0 00:00:00  -  Total Local Usage
	0  -  Run Bytes Sent By Job
	0  -  Run Bytes Received By Job
	0  -  Total Bytes Sent By Job
	0  -  Total Bytes Received By Job
	Partitionable Resources :    Usage  Request Allocated
	   Cpus                 :                 1         1
	   Disk (KB)            :        1        1  13376559
	   Memory (MB)          :       39        1      6441
...
000 (9637152.000.000) 02/27 16:01:33 Job submitted from host: <10.10.48.31:15410?addrs=10.10.48.31-15410>
...
001 (9637152.000.000) 02/27 16:01:49 Job executing on host: <10.10.48.40:16453?addrs=10.10.48.40-16453>
...
006 (9637152.000.000) 02/27 16:01:57 Image size of job updated: 176152
	29  -  MemoryUsage of job (MB)
	28988  -  ResidentSetSize of job (KB)
...
006 (9637152.000.000) 02/27 16:04:05 Image size of job updated: 185872
	29  -  MemoryUsage of job (MB)
	28988  -  ResidentSetSize of job (KB)
...
005 (9637152.000.000) 02/27 16:04:05 Job terminated.
	(1) Normal termination (return value 255)
		Usr 0 00:00:01, Sys 0 00:00:00  -  Run Remote Usage
		Usr 0 00:00:00, Sys 0 00:00:00  -  Run Local Usage
		Usr 0 00:00:01, Sys 0 00:00:00  -  Total Remote Usage
		Usr 0 00:00:00, Sys 0 00:00:00  -  Total Local Usage
	0  -  Run Bytes Sent By Job
	0  -  Run Bytes Received By Job
	0  -  Total Bytes Sent By Job
	0  -  Total Bytes Received By Job
	Partitionable Resources :    Usage  Request Allocated
	   Cpus                 :                 1         1
	   Disk (KB)            :        1        1  16720868
	   Memory (MB)          :       29        1      4023
...
000 (9643733.000.000) 02/27 20:47:09 Job submitted from host: <10.10.48.31:15410?addrs=10.10.48.31-15410>
...
001 (9643733.000.000) 02/27 20:47:18 Job executing on host: <10.10.48.140:16345?addrs=10.10.48.140-16345>
...
006 (9643733.000.000) 02/27 20:47:19 Image size of job updated: 252788
	0  -  MemoryUsage of job (MB)
	0  -  ResidentSetSize of job (KB)
...
005 (9643733.000.000) 02/27 20:47:19 Job terminated.
	(1) Normal termination (return value 7)
		Usr 0 00:00:00, Sys 0 00:00:00  -  Run Remote Usage
		Usr 0 00:00:00, Sys 0 00:00:00  -  Run Local Usage
		Usr 0 00:00:00, Sys 0 00:00:00  -  Total Remote Usage
		Usr 0 00:00:00, Sys 0 00:00:00  -  Total Local Usage
	0  -  Run Bytes Sent By Job
	0  -  Run Bytes Received By Job
	0  -  Total Bytes Sent By Job
	0  -  Total Bytes Received By Job
	Partitionable Resources :    Usage  Request Allocated
	   Cpus                 :                 1         1
	   Disk (KB)            :        1        1  13384715
	   Memory (MB)          :        0        1      6441
...
