000 (8914283.000.000) 12/10 23:42:48 Job submitted from host: <10.10.48.31:12542?addrs=10.10.48.31-12542>
...
001 (8914283.000.000) 12/10 23:42:54 Job executing on host: <10.10.48.137:19458?addrs=10.10.48.137-19458>
...
006 (8914283.000.000) 12/10 23:42:55 Image size of job updated: 175196
	0  -  MemoryUsage of job (MB)
	0  -  ResidentSetSize of job (KB)
...
005 (8914283.000.000) 12/10 23:42:56 Job terminated.
	(1) Normal termination (return value 1)
		Usr 0 00:00:00, Sys 0 00:00:00  -  Run Remote Usage
		Usr 0 00:00:00, Sys 0 00:00:00  -  Run Local Usage
		Usr 0 00:00:00, Sys 0 00:00:00  -  Total Remote Usage
		Usr 0 00:00:00, Sys 0 00:00:00  -  Total Local Usage
	0  -  Run Bytes Sent By Job
	0  -  Run Bytes Received By Job
	0  -  Total Bytes Sent By Job
	0  -  Total Bytes Received By Job
	Partitionable Resources :    Usage  Request Allocated
	   Cpus                 :                 1         1
	   Disk (KB)            :        1        1  13377615
	   Memory (MB)          :        0        1      6441
...
000 (8914445.000.000) 12/10 23:49:01 Job submitted from host: <10.10.48.31:12542?addrs=10.10.48.31-12542>
...
001 (8914445.000.000) 12/10 23:49:19 Job executing on host: <10.10.48.133:42257?addrs=10.10.48.133-42257>
...
006 (8914445.000.000) 12/10 23:49:28 Image size of job updated: 184188
	32  -  MemoryUsage of job (MB)
	31888  -  ResidentSetSize of job (KB)
...
006 (8914445.000.000) 12/10 23:50:48 Image size of job updated: 192556
	32  -  MemoryUsage of job (MB)
	31888  -  ResidentSetSize of job (KB)
...
005 (8914445.000.000) 12/10 23:50:48 Job terminated.
	(1) Normal termination (return value 0)
		Usr 0 00:00:50, Sys 0 00:00:00  -  Run Remote Usage
		Usr 0 00:00:00, Sys 0 00:00:00  -  Run Local Usage
		Usr 0 00:00:50, Sys 0 00:00:00  -  Total Remote Usage
		Usr 0 00:00:00, Sys 0 00:00:00  -  Total Local Usage
	0  -  Run Bytes Sent By Job
	0  -  Run Bytes Received By Job
	0  -  Total Bytes Sent By Job
	0  -  Total Bytes Received By Job
	Partitionable Resources :    Usage  Request Allocated
	   Cpus                 :                 1         1
	   Disk (KB)            :        1        1  13386671
	   Memory (MB)          :       32        1      6441
...
000 (8914607.000.000) 12/11 16:48:19 Job submitted from host: <10.10.48.31:12542?addrs=10.10.48.31-12542>
...
001 (8914607.000.000) 12/11 16:48:38 Job executing on host: <10.10.48.35:61041?addrs=10.10.48.35-61041>
...
006 (8914607.000.000) 12/11 16:48:47 Image size of job updated: 185592
	34  -  MemoryUsage of job (MB)
	34032  -  ResidentSetSize of job (KB)
...
006 (8914607.000.000) 12/11 16:50:17 Image size of job updated: 192520
	34  -  MemoryUsage of job (MB)
	34032  -  ResidentSetSize of job (KB)
...
005 (8914607.000.000) 12/11 16:50:17 Job terminated.
	(1) Normal termination (return value 0)
		Usr 0 00:00:40, Sys 0 00:00:00  -  Run Remote Usage
		Usr 0 00:00:00, Sys 0 00:00:00  -  Run Local Usage
		Usr 0 00:00:40, Sys 0 00:00:00  -  Total Remote Usage
		Usr 0 00:00:00, Sys 0 00:00:00  -  Total Local Usage
	0  -  Run Bytes Sent By Job
	0  -  Run Bytes Received By Job
	0  -  Total Bytes Sent By Job
	0  -  Total Bytes Received By Job
	Partitionable Resources :    Usage  Request Allocated
	   Cpus                 :                 1         1
	   Disk (KB)            :        1        1  16721155
	   Memory (MB)          :       34        1      4023
...
000 (8915369.000.000) 12/11 17:17:49 Job submitted from host: <10.10.48.31:12542?addrs=10.10.48.31-12542>
...
001 (8915369.000.000) 12/11 17:18:03 Job executing on host: <10.10.48.37:22739?addrs=10.10.48.37-22739>
...
006 (8915369.000.000) 12/11 17:18:12 Image size of job updated: 185580
	33  -  MemoryUsage of job (MB)
	33684  -  ResidentSetSize of job (KB)
...
006 (8915369.000.000) 12/11 17:18:54 Image size of job updated: 192584
	33  -  MemoryUsage of job (MB)
	33684  -  ResidentSetSize of job (KB)
...
005 (8915369.000.000) 12/11 17:18:54 Job terminated.
	(1) Normal termination (return value 0)
		Usr 0 00:00:35, Sys 0 00:00:00  -  Run Remote Usage
		Usr 0 00:00:00, Sys 0 00:00:00  -  Run Local Usage
		Usr 0 00:00:35, Sys 0 00:00:00  -  Total Remote Usage
		Usr 0 00:00:00, Sys 0 00:00:00  -  Total Local Usage
	0  -  Run Bytes Sent By Job
	0  -  Run Bytes Received By Job
	0  -  Total Bytes Sent By Job
	0  -  Total Bytes Received By Job
	Partitionable Resources :    Usage  Request Allocated
	   Cpus                 :                 1         1
	   Disk (KB)            :        1        1  16727215
	   Memory (MB)          :       33        1      4023
...
000 (8915531.000.000) 12/11 22:46:55 Job submitted from host: <10.10.48.31:12542?addrs=10.10.48.31-12542>
...
001 (8915531.000.000) 12/11 22:47:13 Job executing on host: <10.10.48.35:61041?addrs=10.10.48.35-61041>
...
006 (8915531.000.000) 12/11 22:47:21 Image size of job updated: 184476
	31  -  MemoryUsage of job (MB)
	31100  -  ResidentSetSize of job (KB)
...
006 (8915531.000.000) 12/11 22:49:51 Image size of job updated: 192512
	31  -  MemoryUsage of job (MB)
	31100  -  ResidentSetSize of job (KB)
...
005 (8915531.000.000) 12/11 22:49:51 Job terminated.
	(1) Normal termination (return value 0)
		Usr 0 00:01:08, Sys 0 00:00:01  -  Run Remote Usage
		Usr 0 00:00:00, Sys 0 00:00:00  -  Run Local Usage
		Usr 0 00:01:08, Sys 0 00:00:01  -  Total Remote Usage
		Usr 0 00:00:00, Sys 0 00:00:00  -  Total Local Usage
	0  -  Run Bytes Sent By Job
	0  -  Run Bytes Received By Job
	0  -  Total Bytes Sent By Job
	0  -  Total Bytes Received By Job
	Partitionable Resources :    Usage  Request Allocated
	   Cpus                 :                 1         1
	   Disk (KB)            :        1        1  16721100
	   Memory (MB)          :       31        1      4023
...
000 (8915663.000.000) 12/11 22:57:02 Job submitted from host: <10.10.48.31:12542?addrs=10.10.48.31-12542>
...
001 (8915663.000.000) 12/11 22:57:19 Job executing on host: <10.10.48.35:61041?addrs=10.10.48.35-61041>
...
006 (8915663.000.000) 12/11 22:57:28 Image size of job updated: 192436
	40  -  MemoryUsage of job (MB)
	40120  -  ResidentSetSize of job (KB)
...
006 (8915663.000.000) 12/11 22:58:05 Image size of job updated: 192548
	40  -  MemoryUsage of job (MB)
	40120  -  ResidentSetSize of job (KB)
...
005 (8915663.000.000) 12/11 22:58:05 Job terminated.
	(1) Normal termination (return value 0)
		Usr 0 00:00:41, Sys 0 00:00:00  -  Run Remote Usage
		Usr 0 00:00:00, Sys 0 00:00:00  -  Run Local Usage
		Usr 0 00:00:41, Sys 0 00:00:00  -  Total Remote Usage
		Usr 0 00:00:00, Sys 0 00:00:00  -  Total Local Usage
	0  -  Run Bytes Sent By Job
	0  -  Run Bytes Received By Job
	0  -  Total Bytes Sent By Job
	0  -  Total Bytes Received By Job
	Partitionable Resources :    Usage  Request Allocated
	   Cpus                 :                 1         1
	   Disk (KB)            :        1        1  16721068
	   Memory (MB)          :       40        1      4023
...
000 (8915795.000.000) 12/11 23:09:04 Job submitted from host: <10.10.48.31:12542?addrs=10.10.48.31-12542>
...
001 (8915795.000.000) 12/11 23:09:15 Job executing on host: <10.10.48.141:50603?addrs=10.10.48.141-50603>
...
006 (8915795.000.000) 12/11 23:09:23 Image size of job updated: 192784
	38  -  MemoryUsage of job (MB)
	38032  -  ResidentSetSize of job (KB)
...
006 (8915795.000.000) 12/11 23:10:17 Image size of job updated: 192808
	38  -  MemoryUsage of job (MB)
	38032  -  ResidentSetSize of job (KB)
...
005 (8915795.000.000) 12/11 23:10:17 Job terminated.
	(1) Normal termination (return value 1)
		Usr 0 00:00:19, Sys 0 00:00:00  -  Run Remote Usage
		Usr 0 00:00:00, Sys 0 00:00:00  -  Run Local Usage
		Usr 0 00:00:19, Sys 0 00:00:00  -  Total Remote Usage
		Usr 0 00:00:00, Sys 0 00:00:00  -  Total Local Usage
	0  -  Run Bytes Sent By Job
	0  -  Run Bytes Received By Job
	0  -  Total Bytes Sent By Job
	0  -  Total Bytes Received By Job
	Partitionable Resources :    Usage  Request Allocated
	   Cpus                 :                 1         1
	   Disk (KB)            :        1        1  13376523
	   Memory (MB)          :       38        1      6441
...
000 (8915957.000.000) 12/11 23:22:24 Job submitted from host: <10.10.48.31:12542?addrs=10.10.48.31-12542>
...
001 (8915957.000.000) 12/11 23:22:43 Job executing on host: <10.10.48.35:61041?addrs=10.10.48.35-61041>
...
006 (8915957.000.000) 12/11 23:22:51 Image size of job updated: 192788
	39  -  MemoryUsage of job (MB)
	39688  -  ResidentSetSize of job (KB)
...
006 (8915957.000.000) 12/11 23:23:12 Image size of job updated: 192988
	39  -  MemoryUsage of job (MB)
	39688  -  ResidentSetSize of job (KB)
...
005 (8915957.000.000) 12/11 23:23:12 Job terminated.
	(1) Normal termination (return value 0)
		Usr 0 00:00:08, Sys 0 00:00:00  -  Run Remote Usage
		Usr 0 00:00:00, Sys 0 00:00:00  -  Run Local Usage
		Usr 0 00:00:08, Sys 0 00:00:00  -  Total Remote Usage
		Usr 0 00:00:00, Sys 0 00:00:00  -  Total Local Usage
	0  -  Run Bytes Sent By Job
	0  -  Run Bytes Received By Job
	0  -  Total Bytes Sent By Job
	0  -  Total Bytes Received By Job
	Partitionable Resources :    Usage  Request Allocated
	   Cpus                 :                 1         1
	   Disk (KB)            :        1        1  16721084
	   Memory (MB)          :       39        1      4023
...
000 (8916120.000.000) 12/12 14:23:33 Job submitted from host: <10.10.48.31:12542?addrs=10.10.48.31-12542>
...
001 (8916120.000.000) 12/12 14:23:49 Job executing on host: <10.10.48.35:61041?addrs=10.10.48.35-61041>
...
006 (8916120.000.000) 12/12 14:23:58 Image size of job updated: 179440
	29  -  MemoryUsage of job (MB)
	29144  -  ResidentSetSize of job (KB)
...
006 (8916120.000.000) 12/12 14:26:33 Image size of job updated: 233680
	29  -  MemoryUsage of job (MB)
	29144  -  ResidentSetSize of job (KB)
...
005 (8916120.000.000) 12/12 14:26:33 Job terminated.
	(1) Normal termination (return value 0)
		Usr 0 00:00:38, Sys 0 00:00:01  -  Run Remote Usage
		Usr 0 00:00:00, Sys 0 00:00:00  -  Run Local Usage
		Usr 0 00:00:38, Sys 0 00:00:01  -  Total Remote Usage
		Usr 0 00:00:00, Sys 0 00:00:00  -  Total Local Usage
	0  -  Run Bytes Sent By Job
	0  -  Run Bytes Received By Job
	0  -  Total Bytes Sent By Job
	0  -  Total Bytes Received By Job
	Partitionable Resources :    Usage  Request Allocated
	   Cpus                 :                 1         1
	   Disk (KB)            :        1        1  16721064
	   Memory (MB)          :       29        1      4023
...
