000 (8914375.000.000) 12/10 23:43:07 Job submitted from host: <10.10.48.31:12542?addrs=10.10.48.31-12542>
...
001 (8914375.000.000) 12/10 23:43:14 Job executing on host: <10.10.48.132:4924?addrs=10.10.48.132-4924>
...
006 (8914375.000.000) 12/10 23:43:15 Image size of job updated: 1
	0  -  MemoryUsage of job (MB)
	0  -  ResidentSetSize of job (KB)
...
005 (8914375.000.000) 12/10 23:43:15 Job terminated.
	(1) Normal termination (return value 1)
		Usr 0 00:00:00, Sys 0 00:00:00  -  Run Remote Usage
		Usr 0 00:00:00, Sys 0 00:00:00  -  Run Local Usage
		Usr 0 00:00:00, Sys 0 00:00:00  -  Total Remote Usage
		Usr 0 00:00:00, Sys 0 00:00:00  -  Total Local Usage
	0  -  Run Bytes Sent By Job
	0  -  Run Bytes Received By Job
	0  -  Total Bytes Sent By Job
	0  -  Total Bytes Received By Job
	Partitionable Resources :    Usage  Request Allocated
	   Cpus                 :                 1         1
	   Disk (KB)            :        1        1  13378014
	   Memory (MB)          :        0        1      6441
...
000 (8914537.000.000) 12/10 23:51:20 Job submitted from host: <10.10.48.31:12542?addrs=10.10.48.31-12542>
...
001 (8914537.000.000) 12/10 23:52:12 Job executing on host: <10.10.48.141:50603?addrs=10.10.48.141-50603>
...
006 (8914537.000.000) 12/10 23:52:20 Image size of job updated: 185864
	32  -  MemoryUsage of job (MB)
	32540  -  ResidentSetSize of job (KB)
...
006 (8914537.000.000) 12/10 23:55:30 Image size of job updated: 192628
	32  -  MemoryUsage of job (MB)
	32540  -  ResidentSetSize of job (KB)
...
005 (8914537.000.000) 12/10 23:55:30 Job terminated.
	(1) Normal termination (return value 0)
		Usr 0 00:01:49, Sys 0 00:00:01  -  Run Remote Usage
		Usr 0 00:00:00, Sys 0 00:00:00  -  Run Local Usage
		Usr 0 00:01:49, Sys 0 00:00:01  -  Total Remote Usage
		Usr 0 00:00:00, Sys 0 00:00:00  -  Total Local Usage
	0  -  Run Bytes Sent By Job
	0  -  Run Bytes Received By Job
	0  -  Total Bytes Sent By Job
	0  -  Total Bytes Received By Job
	Partitionable Resources :    Usage  Request Allocated
	   Cpus                 :                 1         1
	   Disk (KB)            :        1        1  13376626
	   Memory (MB)          :       32        1      6441
...
000 (8914699.000.000) 12/11 16:50:17 Job submitted from host: <10.10.48.31:12542?addrs=10.10.48.31-12542>
...
001 (8914699.000.000) 12/11 16:50:24 Job executing on host: <10.10.48.139:49429?addrs=10.10.48.139-49429>
...
006 (8914699.000.000) 12/11 16:50:33 Image size of job updated: 185876
	32  -  MemoryUsage of job (MB)
	32540  -  ResidentSetSize of job (KB)
...
006 (8914699.000.000) 12/11 16:53:48 Image size of job updated: 192652
	32  -  MemoryUsage of job (MB)
	32540  -  ResidentSetSize of job (KB)
...
005 (8914699.000.000) 12/11 16:53:48 Job terminated.
	(1) Normal termination (return value 0)
		Usr 0 00:01:56, Sys 0 00:00:01  -  Run Remote Usage
		Usr 0 00:00:00, Sys 0 00:00:00  -  Run Local Usage
		Usr 0 00:01:56, Sys 0 00:00:01  -  Total Remote Usage
		Usr 0 00:00:00, Sys 0 00:00:00  -  Total Local Usage
	0  -  Run Bytes Sent By Job
	0  -  Run Bytes Received By Job
	0  -  Total Bytes Sent By Job
	0  -  Total Bytes Received By Job
	Partitionable Resources :    Usage  Request Allocated
	   Cpus                 :                 1         1
	   Disk (KB)            :        1        1  13385137
	   Memory (MB)          :       32        1      6441
...
000 (8915461.000.000) 12/11 17:19:29 Job submitted from host: <10.10.48.31:12542?addrs=10.10.48.31-12542>
...
001 (8915461.000.000) 12/11 17:19:52 Job executing on host: <10.10.48.42:24954?addrs=10.10.48.42-24954>
...
006 (8915461.000.000) 12/11 17:20:01 Image size of job updated: 126880
	23  -  MemoryUsage of job (MB)
	22556  -  ResidentSetSize of job (KB)
...
006 (8915461.000.000) 12/11 17:21:28 Image size of job updated: 193040
	23  -  MemoryUsage of job (MB)
	22556  -  ResidentSetSize of job (KB)
...
005 (8915461.000.000) 12/11 17:21:28 Job terminated.
	(1) Normal termination (return value 0)
		Usr 0 00:01:25, Sys 0 00:00:01  -  Run Remote Usage
		Usr 0 00:00:00, Sys 0 00:00:00  -  Run Local Usage
		Usr 0 00:01:25, Sys 0 00:00:01  -  Total Remote Usage
		Usr 0 00:00:00, Sys 0 00:00:00  -  Total Local Usage
	0  -  Run Bytes Sent By Job
	0  -  Run Bytes Received By Job
	0  -  Total Bytes Sent By Job
	0  -  Total Bytes Received By Job
	Partitionable Resources :    Usage  Request Allocated
	   Cpus                 :                 1         1
	   Disk (KB)            :        1        1  16729344
	   Memory (MB)          :       23        1      4023
...
000 (8915887.000.000) 12/11 23:10:33 Job submitted from host: <10.10.48.31:12542?addrs=10.10.48.31-12542>
...
001 (8915887.000.000) 12/11 23:10:41 Job executing on host: <10.10.48.41:20766?addrs=10.10.48.41-20766>
...
006 (8915887.000.000) 12/11 23:10:50 Image size of job updated: 185204
	33  -  MemoryUsage of job (MB)
	33104  -  ResidentSetSize of job (KB)
...
006 (8915887.000.000) 12/11 23:14:21 Image size of job updated: 193036
	33  -  MemoryUsage of job (MB)
	33104  -  ResidentSetSize of job (KB)
...
005 (8915887.000.000) 12/11 23:14:21 Job terminated.
	(1) Normal termination (return value 1)
		Usr 0 00:00:56, Sys 0 00:00:01  -  Run Remote Usage
		Usr 0 00:00:00, Sys 0 00:00:00  -  Run Local Usage
		Usr 0 00:00:56, Sys 0 00:00:01  -  Total Remote Usage
		Usr 0 00:00:00, Sys 0 00:00:00  -  Total Local Usage
	0  -  Run Bytes Sent By Job
	0  -  Run Bytes Received By Job
	0  -  Total Bytes Sent By Job
	0  -  Total Bytes Received By Job
	Partitionable Resources :    Usage  Request Allocated
	   Cpus                 :                 1         1
	   Disk (KB)            :        1        1  16725205
	   Memory (MB)          :       33        1      4023
...
000 (8916049.000.000) 12/11 23:23:08 Job submitted from host: <10.10.48.31:12542?addrs=10.10.48.31-12542>
...
001 (8916049.000.000) 12/11 23:23:10 Job executing on host: <10.10.48.41:20766?addrs=10.10.48.41-20766>
...
006 (8916049.000.000) 12/11 23:23:19 Image size of job updated: 128764
	21  -  MemoryUsage of job (MB)
	21108  -  ResidentSetSize of job (KB)
...
006 (8916049.000.000) 12/11 23:24:06 Image size of job updated: 193000
	21  -  MemoryUsage of job (MB)
	21108  -  ResidentSetSize of job (KB)
...
005 (8916049.000.000) 12/11 23:24:06 Job terminated.
	(1) Normal termination (return value 0)
		Usr 0 00:00:34, Sys 0 00:00:01  -  Run Remote Usage
		Usr 0 00:00:00, Sys 0 00:00:00  -  Run Local Usage
		Usr 0 00:00:34, Sys 0 00:00:01  -  Total Remote Usage
		Usr 0 00:00:00, Sys 0 00:00:00  -  Total Local Usage
	0  -  Run Bytes Sent By Job
	0  -  Run Bytes Received By Job
	0  -  Total Bytes Sent By Job
	0  -  Total Bytes Received By Job
	Partitionable Resources :    Usage  Request Allocated
	   Cpus                 :                 1         1
	   Disk (KB)            :        1        1  16725172
	   Memory (MB)          :       21        1      4023
...
