000 (8914396.000.000) 12/10 23:43:11 Job submitted from host: <10.10.48.31:12542?addrs=10.10.48.31-12542>
...
001 (8914396.000.000) 12/10 23:44:16 Job executing on host: <10.10.48.41:20766?addrs=10.10.48.41-20766>
...
006 (8914396.000.000) 12/10 23:44:16 Image size of job updated: 132072
	0  -  MemoryUsage of job (MB)
	0  -  ResidentSetSize of job (KB)
...
005 (8914396.000.000) 12/10 23:44:16 Job terminated.
	(1) Normal termination (return value 1)
		Usr 0 00:00:00, Sys 0 00:00:00  -  Run Remote Usage
		Usr 0 00:00:00, Sys 0 00:00:00  -  Run Local Usage
		Usr 0 00:00:00, Sys 0 00:00:00  -  Total Remote Usage
		Usr 0 00:00:00, Sys 0 00:00:00  -  Total Local Usage
	0  -  Run Bytes Sent By Job
	0  -  Run Bytes Received By Job
	0  -  Total Bytes Sent By Job
	0  -  Total Bytes Received By Job
	Partitionable Resources :    Usage  Request Allocated
	   Cpus                 :                 1         1
	   Disk (KB)            :        1        1  16725285
	   Memory (MB)          :        0        1      4023
...
000 (8914558.000.000) 12/10 23:52:09 Job submitted from host: <10.10.48.31:12542?addrs=10.10.48.31-12542>
...
001 (8914558.000.000) 12/10 23:52:33 Job executing on host: <10.10.48.35:61041?addrs=10.10.48.35-61041>
...
006 (8914558.000.000) 12/10 23:52:42 Image size of job updated: 185600
	34  -  MemoryUsage of job (MB)
	33960  -  ResidentSetSize of job (KB)
...
006 (8914558.000.000) 12/10 23:55:43 Image size of job updated: 192464
	34  -  MemoryUsage of job (MB)
	33960  -  ResidentSetSize of job (KB)
...
005 (8914558.000.000) 12/10 23:55:43 Job terminated.
	(1) Normal termination (return value 0)
		Usr 0 00:01:39, Sys 0 00:00:01  -  Run Remote Usage
		Usr 0 00:00:00, Sys 0 00:00:00  -  Run Local Usage
		Usr 0 00:01:39, Sys 0 00:00:01  -  Total Remote Usage
		Usr 0 00:00:00, Sys 0 00:00:00  -  Total Local Usage
	0  -  Run Bytes Sent By Job
	0  -  Run Bytes Received By Job
	0  -  Total Bytes Sent By Job
	0  -  Total Bytes Received By Job
	Partitionable Resources :    Usage  Request Allocated
	   Cpus                 :                 1         1
	   Disk (KB)            :        1        1  16721129
	   Memory (MB)          :       34        1      4023
...
000 (8914720.000.000) 12/11 16:51:28 Job submitted from host: <10.10.48.31:12542?addrs=10.10.48.31-12542>
...
001 (8914720.000.000) 12/11 16:51:33 Job executing on host: <10.10.48.145:26377?addrs=10.10.48.145-26377>
...
006 (8914720.000.000) 12/11 16:51:42 Image size of job updated: 185608
	32  -  MemoryUsage of job (MB)
	32400  -  ResidentSetSize of job (KB)
...
006 (8914720.000.000) 12/11 16:54:19 Image size of job updated: 192576
	32  -  MemoryUsage of job (MB)
	32400  -  ResidentSetSize of job (KB)
...
005 (8914720.000.000) 12/11 16:54:19 Job terminated.
	(1) Normal termination (return value 0)
		Usr 0 00:01:48, Sys 0 00:00:01  -  Run Remote Usage
		Usr 0 00:00:00, Sys 0 00:00:00  -  Run Local Usage
		Usr 0 00:01:48, Sys 0 00:00:01  -  Total Remote Usage
		Usr 0 00:00:00, Sys 0 00:00:00  -  Total Local Usage
	0  -  Run Bytes Sent By Job
	0  -  Run Bytes Received By Job
	0  -  Total Bytes Sent By Job
	0  -  Total Bytes Received By Job
	Partitionable Resources :    Usage  Request Allocated
	   Cpus                 :                 1         1
	   Disk (KB)            :        1        1  13384492
	   Memory (MB)          :       32        1      6441
...
000 (8915482.000.000) 12/11 17:19:51 Job submitted from host: <10.10.48.31:12542?addrs=10.10.48.31-12542>
...
001 (8915482.000.000) 12/11 17:20:22 Job executing on host: <10.10.48.42:24954?addrs=10.10.48.42-24954>
...
006 (8915482.000.000) 12/11 17:20:31 Image size of job updated: 192484
	39  -  MemoryUsage of job (MB)
	39848  -  ResidentSetSize of job (KB)
...
006 (8915482.000.000) 12/11 17:22:03 Image size of job updated: 192684
	39  -  MemoryUsage of job (MB)
	39848  -  ResidentSetSize of job (KB)
...
005 (8915482.000.000) 12/11 17:22:03 Job terminated.
	(1) Normal termination (return value 0)
		Usr 0 00:01:27, Sys 0 00:00:01  -  Run Remote Usage
		Usr 0 00:00:00, Sys 0 00:00:00  -  Run Local Usage
		Usr 0 00:01:27, Sys 0 00:00:01  -  Total Remote Usage
		Usr 0 00:00:00, Sys 0 00:00:00  -  Total Local Usage
	0  -  Run Bytes Sent By Job
	0  -  Run Bytes Received By Job
	0  -  Total Bytes Sent By Job
	0  -  Total Bytes Received By Job
	Partitionable Resources :    Usage  Request Allocated
	   Cpus                 :                 1         1
	   Disk (KB)            :        1        1  16729390
	   Memory (MB)          :       39        1      4023
...
000 (8915908.000.000) 12/11 23:11:20 Job submitted from host: <10.10.48.31:12542?addrs=10.10.48.31-12542>
...
001 (8915908.000.000) 12/11 23:11:21 Job executing on host: <10.10.48.139:49429?addrs=10.10.48.139-49429>
...
006 (8915908.000.000) 12/11 23:11:30 Image size of job updated: 184928
	33  -  MemoryUsage of job (MB)
	33104  -  ResidentSetSize of job (KB)
...
006 (8915908.000.000) 12/11 23:14:55 Image size of job updated: 192868
	33  -  MemoryUsage of job (MB)
	33104  -  ResidentSetSize of job (KB)
...
005 (8915908.000.000) 12/11 23:14:55 Job terminated.
	(1) Normal termination (return value 1)
		Usr 0 00:00:48, Sys 0 00:00:01  -  Run Remote Usage
		Usr 0 00:00:00, Sys 0 00:00:00  -  Run Local Usage
		Usr 0 00:00:48, Sys 0 00:00:01  -  Total Remote Usage
		Usr 0 00:00:00, Sys 0 00:00:00  -  Total Local Usage
	0  -  Run Bytes Sent By Job
	0  -  Run Bytes Received By Job
	0  -  Total Bytes Sent By Job
	0  -  Total Bytes Received By Job
	Partitionable Resources :    Usage  Request Allocated
	   Cpus                 :                 1         1
	   Disk (KB)            :        1        1  13385058
	   Memory (MB)          :       33        1      6441
...
000 (8916070.000.000) 12/11 23:23:31 Job submitted from host: <10.10.48.31:12542?addrs=10.10.48.31-12542>
...
001 (8916070.000.000) 12/11 23:23:36 Job executing on host: <10.10.48.141:50603?addrs=10.10.48.141-50603>
...
006 (8916070.000.000) 12/11 23:23:44 Image size of job updated: 190396
	38  -  MemoryUsage of job (MB)
	38704  -  ResidentSetSize of job (KB)
...
006 (8916070.000.000) 12/11 23:27:52 Image size of job updated: 193028
	38  -  MemoryUsage of job (MB)
	38704  -  ResidentSetSize of job (KB)
...
005 (8916070.000.000) 12/11 23:27:52 Job terminated.
	(1) Normal termination (return value 0)
		Usr 0 00:00:45, Sys 0 00:00:01  -  Run Remote Usage
		Usr 0 00:00:00, Sys 0 00:00:00  -  Run Local Usage
		Usr 0 00:00:45, Sys 0 00:00:01  -  Total Remote Usage
		Usr 0 00:00:00, Sys 0 00:00:00  -  Total Local Usage
	0  -  Run Bytes Sent By Job
	0  -  Run Bytes Received By Job
	0  -  Total Bytes Sent By Job
	0  -  Total Bytes Received By Job
	Partitionable Resources :    Usage  Request Allocated
	   Cpus                 :                 1         1
	   Disk (KB)            :        1        1  13376493
	   Memory (MB)          :       38        1      6441
...
000 (9637328.000.000) 02/27 16:04:59 Job submitted from host: <10.10.48.31:15410?addrs=10.10.48.31-15410>
...
001 (9637328.000.000) 02/27 16:05:00 Job executing on host: <10.10.48.146:6748?addrs=10.10.48.146-6748>
...
006 (9637328.000.000) 02/27 16:05:08 Image size of job updated: 185588
	32  -  MemoryUsage of job (MB)
	32496  -  ResidentSetSize of job (KB)
...
005 (9637328.000.000) 02/27 16:05:50 Job terminated.
	(1) Normal termination (return value 255)
		Usr 0 00:00:00, Sys 0 00:00:00  -  Run Remote Usage
		Usr 0 00:00:00, Sys 0 00:00:00  -  Run Local Usage
		Usr 0 00:00:00, Sys 0 00:00:00  -  Total Remote Usage
		Usr 0 00:00:00, Sys 0 00:00:00  -  Total Local Usage
	0  -  Run Bytes Sent By Job
	0  -  Run Bytes Received By Job
	0  -  Total Bytes Sent By Job
	0  -  Total Bytes Received By Job
	Partitionable Resources :    Usage  Request Allocated
	   Cpus                 :                 1         1
	   Disk (KB)            :        1        1  13350362
	   Memory (MB)          :       32        1      6441
...
000 (9643859.000.000) 02/27 20:47:32 Job submitted from host: <10.10.48.31:15410?addrs=10.10.48.31-15410>
...
001 (9643859.000.000) 02/27 20:47:33 Job executing on host: <10.10.48.140:16345?addrs=10.10.48.140-16345>
...
006 (9643859.000.000) 02/27 20:47:35 Image size of job updated: 1
	0  -  MemoryUsage of job (MB)
	0  -  ResidentSetSize of job (KB)
...
005 (9643859.000.000) 02/27 20:47:35 Job terminated.
	(1) Normal termination (return value 5)
		Usr 0 00:00:00, Sys 0 00:00:00  -  Run Remote Usage
		Usr 0 00:00:00, Sys 0 00:00:00  -  Run Local Usage
		Usr 0 00:00:00, Sys 0 00:00:00  -  Total Remote Usage
		Usr 0 00:00:00, Sys 0 00:00:00  -  Total Local Usage
	0  -  Run Bytes Sent By Job
	0  -  Run Bytes Received By Job
	0  -  Total Bytes Sent By Job
	0  -  Total Bytes Received By Job
	Partitionable Resources :    Usage  Request Allocated
	   Cpus                 :                 1         1
	   Disk (KB)            :        1        1  13384715
	   Memory (MB)          :        0        1      6441
...
