000 (8914369.000.000) 12/10 23:43:07 Job submitted from host: <10.10.48.31:12542?addrs=10.10.48.31-12542>
...
001 (8914369.000.000) 12/10 23:43:14 Job executing on host: <10.10.48.35:61041?addrs=10.10.48.35-61041>
...
006 (8914369.000.000) 12/10 23:43:14 Image size of job updated: 175224
	0  -  MemoryUsage of job (MB)
	0  -  ResidentSetSize of job (KB)
...
005 (8914369.000.000) 12/10 23:43:14 Job terminated.
	(1) Normal termination (return value 1)
		Usr 0 00:00:00, Sys 0 00:00:00  -  Run Remote Usage
		Usr 0 00:00:00, Sys 0 00:00:00  -  Run Local Usage
		Usr 0 00:00:00, Sys 0 00:00:00  -  Total Remote Usage
		Usr 0 00:00:00, Sys 0 00:00:00  -  Total Local Usage
	0  -  Run Bytes Sent By Job
	0  -  Run Bytes Received By Job
	0  -  Total Bytes Sent By Job
	0  -  Total Bytes Received By Job
	Partitionable Resources :    Usage  Request Allocated
	   Cpus                 :                 1         1
	   Disk (KB)            :        1        1  16721137
	   Memory (MB)          :        0        1      4023
...
000 (8914531.000.000) 12/10 23:51:00 Job submitted from host: <10.10.48.31:12542?addrs=10.10.48.31-12542>
...
001 (8914531.000.000) 12/10 23:51:58 Job executing on host: <10.10.48.41:20766?addrs=10.10.48.41-20766>
...
006 (8914531.000.000) 12/10 23:52:06 Image size of job updated: 185852
	34  -  MemoryUsage of job (MB)
	34300  -  ResidentSetSize of job (KB)
...
006 (8914531.000.000) 12/10 23:54:31 Image size of job updated: 192592
	34  -  MemoryUsage of job (MB)
	34300  -  ResidentSetSize of job (KB)
...
005 (8914531.000.000) 12/10 23:54:31 Job terminated.
	(1) Normal termination (return value 0)
		Usr 0 00:01:15, Sys 0 00:00:01  -  Run Remote Usage
		Usr 0 00:00:00, Sys 0 00:00:00  -  Run Local Usage
		Usr 0 00:01:15, Sys 0 00:00:01  -  Total Remote Usage
		Usr 0 00:00:00, Sys 0 00:00:00  -  Total Local Usage
	0  -  Run Bytes Sent By Job
	0  -  Run Bytes Received By Job
	0  -  Total Bytes Sent By Job
	0  -  Total Bytes Received By Job
	Partitionable Resources :    Usage  Request Allocated
	   Cpus                 :                 1         1
	   Disk (KB)            :        1        1  16725276
	   Memory (MB)          :       34        1      4023
...
000 (8914693.000.000) 12/11 16:50:02 Job submitted from host: <10.10.48.31:12542?addrs=10.10.48.31-12542>
...
001 (8914693.000.000) 12/11 16:50:04 Job executing on host: <10.10.48.141:50603?addrs=10.10.48.141-50603>
...
006 (8914693.000.000) 12/11 16:50:12 Image size of job updated: 185872
	32  -  MemoryUsage of job (MB)
	32548  -  ResidentSetSize of job (KB)
...
006 (8914693.000.000) 12/11 16:53:16 Image size of job updated: 192588
	32  -  MemoryUsage of job (MB)
	32548  -  ResidentSetSize of job (KB)
...
005 (8914693.000.000) 12/11 16:53:16 Job terminated.
	(1) Normal termination (return value 0)
		Usr 0 00:01:35, Sys 0 00:00:01  -  Run Remote Usage
		Usr 0 00:00:00, Sys 0 00:00:00  -  Run Local Usage
		Usr 0 00:01:35, Sys 0 00:00:01  -  Total Remote Usage
		Usr 0 00:00:00, Sys 0 00:00:00  -  Total Local Usage
	0  -  Run Bytes Sent By Job
	0  -  Run Bytes Received By Job
	0  -  Total Bytes Sent By Job
	0  -  Total Bytes Received By Job
	Partitionable Resources :    Usage  Request Allocated
	   Cpus                 :                 1         1
	   Disk (KB)            :        1        1  13376623
	   Memory (MB)          :       32        1      6441
...
000 (8915455.000.000) 12/11 17:19:12 Job submitted from host: <10.10.48.31:12542?addrs=10.10.48.31-12542>
...
001 (8915455.000.000) 12/11 17:19:46 Job executing on host: <10.10.48.42:24954?addrs=10.10.48.42-24954>
...
006 (8915455.000.000) 12/11 17:19:54 Image size of job updated: 192520
	38  -  MemoryUsage of job (MB)
	38424  -  ResidentSetSize of job (KB)
...
006 (8915455.000.000) 12/11 17:21:00 Image size of job updated: 193108
	38  -  MemoryUsage of job (MB)
	38424  -  ResidentSetSize of job (KB)
...
005 (8915455.000.000) 12/11 17:21:00 Job terminated.
	(1) Normal termination (return value 0)
		Usr 0 00:01:01, Sys 0 00:00:01  -  Run Remote Usage
		Usr 0 00:00:00, Sys 0 00:00:00  -  Run Local Usage
		Usr 0 00:01:01, Sys 0 00:00:01  -  Total Remote Usage
		Usr 0 00:00:00, Sys 0 00:00:00  -  Total Local Usage
	0  -  Run Bytes Sent By Job
	0  -  Run Bytes Received By Job
	0  -  Total Bytes Sent By Job
	0  -  Total Bytes Received By Job
	Partitionable Resources :    Usage  Request Allocated
	   Cpus                 :                 1         1
	   Disk (KB)            :        1        1  16729390
	   Memory (MB)          :       38        1      4023
...
000 (8915881.000.000) 12/11 23:10:18 Job submitted from host: <10.10.48.31:12542?addrs=10.10.48.31-12542>
...
001 (8915881.000.000) 12/11 23:10:24 Job executing on host: <10.10.48.143:50448?addrs=10.10.48.143-50448>
...
006 (8915881.000.000) 12/11 23:10:33 Image size of job updated: 114276
	16  -  MemoryUsage of job (MB)
	15484  -  ResidentSetSize of job (KB)
...
006 (8915881.000.000) 12/11 23:12:31 Image size of job updated: 192880
	16  -  MemoryUsage of job (MB)
	15484  -  ResidentSetSize of job (KB)
...
005 (8915881.000.000) 12/11 23:12:31 Job terminated.
	(1) Normal termination (return value 1)
		Usr 0 00:00:32, Sys 0 00:00:00  -  Run Remote Usage
		Usr 0 00:00:00, Sys 0 00:00:00  -  Run Local Usage
		Usr 0 00:00:32, Sys 0 00:00:00  -  Total Remote Usage
		Usr 0 00:00:00, Sys 0 00:00:00  -  Total Local Usage
	0  -  Run Bytes Sent By Job
	0  -  Run Bytes Received By Job
	0  -  Total Bytes Sent By Job
	0  -  Total Bytes Received By Job
	Partitionable Resources :    Usage  Request Allocated
	   Cpus                 :                 1         1
	   Disk (KB)            :        1        1  13384440
	   Memory (MB)          :       16        1      6441
...
000 (8916043.000.000) 12/11 23:23:05 Job submitted from host: <10.10.48.31:12542?addrs=10.10.48.31-12542>
...
001 (8916043.000.000) 12/11 23:23:06 Job executing on host: <10.10.48.145:26377?addrs=10.10.48.145-26377>
...
006 (8916043.000.000) 12/11 23:23:15 Image size of job updated: 185200
	33  -  MemoryUsage of job (MB)
	33536  -  ResidentSetSize of job (KB)
...
006 (8916043.000.000) 12/11 23:25:59 Image size of job updated: 193168
	33  -  MemoryUsage of job (MB)
	33536  -  ResidentSetSize of job (KB)
...
005 (8916043.000.000) 12/11 23:25:59 Job terminated.
	(1) Normal termination (return value 0)
		Usr 0 00:00:32, Sys 0 00:00:00  -  Run Remote Usage
		Usr 0 00:00:00, Sys 0 00:00:00  -  Run Local Usage
		Usr 0 00:00:32, Sys 0 00:00:00  -  Total Remote Usage
		Usr 0 00:00:00, Sys 0 00:00:00  -  Total Local Usage
	0  -  Run Bytes Sent By Job
	0  -  Run Bytes Received By Job
	0  -  Total Bytes Sent By Job
	0  -  Total Bytes Received By Job
	Partitionable Resources :    Usage  Request Allocated
	   Cpus                 :                 1         1
	   Disk (KB)            :        1        1  13384457
	   Memory (MB)          :       33        1      6441
...
000 (9637279.000.000) 02/27 16:03:53 Job submitted from host: <10.10.48.31:15410?addrs=10.10.48.31-15410>
...
001 (9637279.000.000) 02/27 16:03:53 Job executing on host: <10.10.48.133:51182?addrs=10.10.48.133-51182>
...
006 (9637279.000.000) 02/27 16:04:02 Image size of job updated: 176152
	30  -  MemoryUsage of job (MB)
	30216  -  ResidentSetSize of job (KB)
...
006 (9637279.000.000) 02/27 16:09:03 Image size of job updated: 176152
	30  -  MemoryUsage of job (MB)
	30228  -  ResidentSetSize of job (KB)
...
005 (9637279.000.000) 02/27 16:12:59 Job terminated.
	(1) Normal termination (return value 255)
		Usr 0 00:00:00, Sys 0 00:00:00  -  Run Remote Usage
		Usr 0 00:00:00, Sys 0 00:00:00  -  Run Local Usage
		Usr 0 00:00:00, Sys 0 00:00:00  -  Total Remote Usage
		Usr 0 00:00:00, Sys 0 00:00:00  -  Total Local Usage
	0  -  Run Bytes Sent By Job
	0  -  Run Bytes Received By Job
	0  -  Total Bytes Sent By Job
	0  -  Total Bytes Received By Job
	Partitionable Resources :    Usage  Request Allocated
	   Cpus                 :                 1         1
	   Disk (KB)            :        1        1  13385903
	   Memory (MB)          :       30        1      6441
...
000 (9643832.000.000) 02/27 20:47:27 Job submitted from host: <10.10.48.31:15410?addrs=10.10.48.31-15410>
...
001 (9643832.000.000) 02/27 20:47:29 Job executing on host: <10.10.48.140:16345?addrs=10.10.48.140-16345>
...
006 (9643832.000.000) 02/27 20:47:30 Image size of job updated: 1
	0  -  MemoryUsage of job (MB)
	0  -  ResidentSetSize of job (KB)
...
005 (9643832.000.000) 02/27 20:47:30 Job terminated.
	(1) Normal termination (return value 0)
		Usr 0 00:00:00, Sys 0 00:00:00  -  Run Remote Usage
		Usr 0 00:00:00, Sys 0 00:00:00  -  Run Local Usage
		Usr 0 00:00:00, Sys 0 00:00:00  -  Total Remote Usage
		Usr 0 00:00:00, Sys 0 00:00:00  -  Total Local Usage
	0  -  Run Bytes Sent By Job
	0  -  Run Bytes Received By Job
	0  -  Total Bytes Sent By Job
	0  -  Total Bytes Received By Job
	Partitionable Resources :    Usage  Request Allocated
	   Cpus                 :                 1         1
	   Disk (KB)            :        1        1  13384715
	   Memory (MB)          :        0        1      6441
...
