000 (9637351.000.000) 02/27 16:05:35 Job submitted from host: <10.10.48.31:15410?addrs=10.10.48.31-15410>
...
001 (9637351.000.000) 02/27 16:05:38 Job executing on host: <10.10.48.143:56523?addrs=10.10.48.143-56523>
...
006 (9637351.000.000) 02/27 16:05:46 Image size of job updated: 176156
	30  -  MemoryUsage of job (MB)
	30352  -  ResidentSetSize of job (KB)
...
006 (9637351.000.000) 02/27 16:15:47 Image size of job updated: 190952
	39  -  MemoryUsage of job (MB)
	39460  -  ResidentSetSize of job (KB)
...
005 (9637351.000.000) 02/27 16:17:39 Job terminated.
	(1) Normal termination (return value 0)
		Usr 0 00:01:52, Sys 0 00:00:01  -  Run Remote Usage
		Usr 0 00:00:00, Sys 0 00:00:00  -  Run Local Usage
		Usr 0 00:01:52, Sys 0 00:00:01  -  Total Remote Usage
		Usr 0 00:00:00, Sys 0 00:00:00  -  Total Local Usage
	0  -  Run Bytes Sent By Job
	0  -  Run Bytes Received By Job
	0  -  Total Bytes Sent By Job
	0  -  Total Bytes Received By Job
	Partitionable Resources :    Usage  Request Allocated
	   Cpus                 :                 1         1
	   Disk (KB)            :        1        1  13384704
	   Memory (MB)          :       39        1      6441
...
000 (9643878.000.000) 02/27 20:47:34 Job submitted from host: <10.10.48.31:15410?addrs=10.10.48.31-15410>
...
001 (9643878.000.000) 02/27 20:47:37 Job executing on host: <10.10.48.143:56523?addrs=10.10.48.143-56523>
...
006 (9643878.000.000) 02/27 20:47:38 Image size of job updated: 229968
	0  -  MemoryUsage of job (MB)
	0  -  ResidentSetSize of job (KB)
...
005 (9643878.000.000) 02/27 20:47:39 Job terminated.
	(1) Normal termination (return value 0)
		Usr 0 00:00:00, Sys 0 00:00:00  -  Run Remote Usage
		Usr 0 00:00:00, Sys 0 00:00:00  -  Run Local Usage
		Usr 0 00:00:00, Sys 0 00:00:00  -  Total Remote Usage
		Usr 0 00:00:00, Sys 0 00:00:00  -  Total Local Usage
	0  -  Run Bytes Sent By Job
	0  -  Run Bytes Received By Job
	0  -  Total Bytes Sent By Job
	0  -  Total Bytes Received By Job
	Partitionable Resources :    Usage  Request Allocated
	   Cpus                 :                 1         1
	   Disk (KB)            :        1        1  13384520
	   Memory (MB)          :        0        1      6441
...
