000 (9637409.000.000) 02/27 16:07:05 Job submitted from host: <10.10.48.31:15410?addrs=10.10.48.31-15410>
...
001 (9637409.000.000) 02/27 16:07:24 Job executing on host: <10.10.48.135:63580?addrs=10.10.48.135-63580>
...
006 (9637409.000.000) 02/27 16:07:33 Image size of job updated: 1
	2  -  MemoryUsage of job (MB)
	1868  -  ResidentSetSize of job (KB)
...
006 (9637409.000.000) 02/27 16:12:34 Image size of job updated: 176152
	29  -  MemoryUsage of job (MB)
	28880  -  ResidentSetSize of job (KB)
...
006 (9637409.000.000) 02/27 16:16:59 Image size of job updated: 192484
	29  -  MemoryUsage of job (MB)
	28880  -  ResidentSetSize of job (KB)
...
005 (9637409.000.000) 02/27 16:16:59 Job terminated.
	(1) Normal termination (return value 0)
		Usr 0 00:01:05, Sys 0 00:00:01  -  Run Remote Usage
		Usr 0 00:00:00, Sys 0 00:00:00  -  Run Local Usage
		Usr 0 00:01:05, Sys 0 00:00:01  -  Total Remote Usage
		Usr 0 00:00:00, Sys 0 00:00:00  -  Total Local Usage
	0  -  Run Bytes Sent By Job
	0  -  Run Bytes Received By Job
	0  -  Total Bytes Sent By Job
	0  -  Total Bytes Received By Job
	Partitionable Resources :    Usage  Request Allocated
	   Cpus                 :                 1         1
	   Disk (KB)            :        1        1  13376064
	   Memory (MB)          :       29        1      6441
...
000 (9643906.000.000) 02/27 20:47:40 Job submitted from host: <10.10.48.31:15410?addrs=10.10.48.31-15410>
...
001 (9643906.000.000) 02/27 20:47:41 Job executing on host: <10.10.48.140:16345?addrs=10.10.48.140-16345>
...
006 (9643906.000.000) 02/27 20:47:43 Image size of job updated: 212796
	0  -  MemoryUsage of job (MB)
	0  -  ResidentSetSize of job (KB)
...
005 (9643906.000.000) 02/27 20:47:43 Job terminated.
	(1) Normal termination (return value 0)
		Usr 0 00:00:00, Sys 0 00:00:00  -  Run Remote Usage
		Usr 0 00:00:00, Sys 0 00:00:00  -  Run Local Usage
		Usr 0 00:00:00, Sys 0 00:00:00  -  Total Remote Usage
		Usr 0 00:00:00, Sys 0 00:00:00  -  Total Local Usage
	0  -  Run Bytes Sent By Job
	0  -  Run Bytes Received By Job
	0  -  Total Bytes Sent By Job
	0  -  Total Bytes Received By Job
	Partitionable Resources :    Usage  Request Allocated
	   Cpus                 :                 1         1
	   Disk (KB)            :        1        1  13384696
	   Memory (MB)          :        0        1      6441
...
