000 (8914386.000.000) 12/10 23:43:09 Job submitted from host: <10.10.48.31:12542?addrs=10.10.48.31-12542>
...
001 (8914386.000.000) 12/10 23:44:16 Job executing on host: <10.10.48.35:61041?addrs=10.10.48.35-61041>
...
006 (8914386.000.000) 12/10 23:44:16 Image size of job updated: 172800
	0  -  MemoryUsage of job (MB)
	0  -  ResidentSetSize of job (KB)
...
005 (8914386.000.000) 12/10 23:44:16 Job terminated.
	(1) Normal termination (return value 1)
		Usr 0 00:00:00, Sys 0 00:00:00  -  Run Remote Usage
		Usr 0 00:00:00, Sys 0 00:00:00  -  Run Local Usage
		Usr 0 00:00:00, Sys 0 00:00:00  -  Total Remote Usage
		Usr 0 00:00:00, Sys 0 00:00:00  -  Total Local Usage
	0  -  Run Bytes Sent By Job
	0  -  Run Bytes Received By Job
	0  -  Total Bytes Sent By Job
	0  -  Total Bytes Received By Job
	Partitionable Resources :    Usage  Request Allocated
	   Cpus                 :                 1         1
	   Disk (KB)            :        1        1  16721132
	   Memory (MB)          :        0        1      4023
...
000 (8914548.000.000) 12/10 23:51:49 Job submitted from host: <10.10.48.31:12542?addrs=10.10.48.31-12542>
...
001 (8914548.000.000) 12/10 23:52:49 Job executing on host: <10.10.48.43:4900?addrs=10.10.48.43-4900>
...
006 (8914548.000.000) 12/10 23:52:58 Image size of job updated: 192060
	39  -  MemoryUsage of job (MB)
	39816  -  ResidentSetSize of job (KB)
...
005 (8914548.000.000) 12/10 23:53:03 Job terminated.
	(1) Normal termination (return value 0)
		Usr 0 00:00:02, Sys 0 00:00:00  -  Run Remote Usage
		Usr 0 00:00:00, Sys 0 00:00:00  -  Run Local Usage
		Usr 0 00:00:02, Sys 0 00:00:00  -  Total Remote Usage
		Usr 0 00:00:00, Sys 0 00:00:00  -  Total Local Usage
	0  -  Run Bytes Sent By Job
	0  -  Run Bytes Received By Job
	0  -  Total Bytes Sent By Job
	0  -  Total Bytes Received By Job
	Partitionable Resources :    Usage  Request Allocated
	   Cpus                 :                 1         1
	   Disk (KB)            :        1        1  16728142
	   Memory (MB)          :       39        1      4023
...
000 (8914710.000.000) 12/11 16:51:06 Job submitted from host: <10.10.48.31:12542?addrs=10.10.48.31-12542>
...
001 (8914710.000.000) 12/11 16:51:14 Job executing on host: <10.10.48.141:50603?addrs=10.10.48.141-50603>
...
006 (8914710.000.000) 12/11 16:51:23 Image size of job updated: 192320
	39  -  MemoryUsage of job (MB)
	39876  -  ResidentSetSize of job (KB)
...
005 (8914710.000.000) 12/11 16:51:25 Job terminated.
	(1) Normal termination (return value 0)
		Usr 0 00:00:04, Sys 0 00:00:00  -  Run Remote Usage
		Usr 0 00:00:00, Sys 0 00:00:00  -  Run Local Usage
		Usr 0 00:00:04, Sys 0 00:00:00  -  Total Remote Usage
		Usr 0 00:00:00, Sys 0 00:00:00  -  Total Local Usage
	0  -  Run Bytes Sent By Job
	0  -  Run Bytes Received By Job
	0  -  Total Bytes Sent By Job
	0  -  Total Bytes Received By Job
	Partitionable Resources :    Usage  Request Allocated
	   Cpus                 :                 1         1
	   Disk (KB)            :        1        1  13376623
	   Memory (MB)          :       39        1      6441
...
000 (8915472.000.000) 12/11 17:19:43 Job submitted from host: <10.10.48.31:12542?addrs=10.10.48.31-12542>
...
001 (8915472.000.000) 12/11 17:20:14 Job executing on host: <10.10.48.42:24954?addrs=10.10.48.42-24954>
...
006 (8915472.000.000) 12/11 17:20:21 Image size of job updated: 192484
	0  -  MemoryUsage of job (MB)
	0  -  ResidentSetSize of job (KB)
...
005 (8915472.000.000) 12/11 17:20:21 Job terminated.
	(1) Normal termination (return value 0)
		Usr 0 00:00:03, Sys 0 00:00:00  -  Run Remote Usage
		Usr 0 00:00:00, Sys 0 00:00:00  -  Run Local Usage
		Usr 0 00:00:03, Sys 0 00:00:00  -  Total Remote Usage
		Usr 0 00:00:00, Sys 0 00:00:00  -  Total Local Usage
	0  -  Run Bytes Sent By Job
	0  -  Run Bytes Received By Job
	0  -  Total Bytes Sent By Job
	0  -  Total Bytes Received By Job
	Partitionable Resources :    Usage  Request Allocated
	   Cpus                 :                 1         1
	   Disk (KB)            :        1        1  16729390
	   Memory (MB)          :        0        1      4023
...
000 (8915898.000.000) 12/11 23:10:58 Job submitted from host: <10.10.48.31:12542?addrs=10.10.48.31-12542>
...
001 (8915898.000.000) 12/11 23:11:02 Job executing on host: <10.10.48.41:20766?addrs=10.10.48.41-20766>
...
006 (8915898.000.000) 12/11 23:11:10 Image size of job updated: 192952
	38  -  MemoryUsage of job (MB)
	38116  -  ResidentSetSize of job (KB)
...
005 (8915898.000.000) 12/11 23:11:13 Job terminated.
	(1) Normal termination (return value 1)
		Usr 0 00:00:03, Sys 0 00:00:00  -  Run Remote Usage
		Usr 0 00:00:00, Sys 0 00:00:00  -  Run Local Usage
		Usr 0 00:00:03, Sys 0 00:00:00  -  Total Remote Usage
		Usr 0 00:00:00, Sys 0 00:00:00  -  Total Local Usage
	0  -  Run Bytes Sent By Job
	0  -  Run Bytes Received By Job
	0  -  Total Bytes Sent By Job
	0  -  Total Bytes Received By Job
	Partitionable Resources :    Usage  Request Allocated
	   Cpus                 :                 1         1
	   Disk (KB)            :        1        1  16725205
	   Memory (MB)          :       38        1      4023
...
000 (8916060.000.000) 12/11 23:23:14 Job submitted from host: <10.10.48.31:12542?addrs=10.10.48.31-12542>
...
001 (8916060.000.000) 12/11 23:23:23 Job executing on host: <10.10.48.141:50603?addrs=10.10.48.141-50603>
...
006 (8916060.000.000) 12/11 23:23:32 Image size of job updated: 192840
	39  -  MemoryUsage of job (MB)
	39364  -  ResidentSetSize of job (KB)
...
005 (8916060.000.000) 12/11 23:23:32 Job terminated.
	(1) Normal termination (return value 0)
		Usr 0 00:00:02, Sys 0 00:00:00  -  Run Remote Usage
		Usr 0 00:00:00, Sys 0 00:00:00  -  Run Local Usage
		Usr 0 00:00:02, Sys 0 00:00:00  -  Total Remote Usage
		Usr 0 00:00:00, Sys 0 00:00:00  -  Total Local Usage
	0  -  Run Bytes Sent By Job
	0  -  Run Bytes Received By Job
	0  -  Total Bytes Sent By Job
	0  -  Total Bytes Received By Job
	Partitionable Resources :    Usage  Request Allocated
	   Cpus                 :                 1         1
	   Disk (KB)            :        1        1  13376463
	   Memory (MB)          :       39        1      6441
...
000 (9637301.000.000) 02/27 16:04:20 Job submitted from host: <10.10.48.31:15410?addrs=10.10.48.31-15410>
...
001 (9637301.000.000) 02/27 16:04:35 Job executing on host: <10.10.48.144:11515?addrs=10.10.48.144-11515>
...
006 (9637301.000.000) 02/27 16:04:44 Image size of job updated: 185604
	33  -  MemoryUsage of job (MB)
	33676  -  ResidentSetSize of job (KB)
...
005 (9637301.000.000) 02/27 16:06:39 Job terminated.
	(1) Normal termination (return value 255)
		Usr 0 00:00:00, Sys 0 00:00:00  -  Run Remote Usage
		Usr 0 00:00:00, Sys 0 00:00:00  -  Run Local Usage
		Usr 0 00:00:00, Sys 0 00:00:00  -  Total Remote Usage
		Usr 0 00:00:00, Sys 0 00:00:00  -  Total Local Usage
	0  -  Run Bytes Sent By Job
	0  -  Run Bytes Received By Job
	0  -  Total Bytes Sent By Job
	0  -  Total Bytes Received By Job
	Partitionable Resources :    Usage  Request Allocated
	   Cpus                 :                 1         1
	   Disk (KB)            :        1        1  13384686
	   Memory (MB)          :       33        1      6440
...
000 (9643849.000.000) 02/27 20:47:30 Job submitted from host: <10.10.48.31:15410?addrs=10.10.48.31-15410>
...
001 (9643849.000.000) 02/27 20:47:32 Job executing on host: <10.10.48.140:16345?addrs=10.10.48.140-16345>
...
006 (9643849.000.000) 02/27 20:47:33 Image size of job updated: 1
	0  -  MemoryUsage of job (MB)
	0  -  ResidentSetSize of job (KB)
...
005 (9643849.000.000) 02/27 20:47:33 Job terminated.
	(1) Normal termination (return value 2)
		Usr 0 00:00:00, Sys 0 00:00:00  -  Run Remote Usage
		Usr 0 00:00:00, Sys 0 00:00:00  -  Run Local Usage
		Usr 0 00:00:00, Sys 0 00:00:00  -  Total Remote Usage
		Usr 0 00:00:00, Sys 0 00:00:00  -  Total Local Usage
	0  -  Run Bytes Sent By Job
	0  -  Run Bytes Received By Job
	0  -  Total Bytes Sent By Job
	0  -  Total Bytes Received By Job
	Partitionable Resources :    Usage  Request Allocated
	   Cpus                 :                 1         1
	   Disk (KB)            :        1        1  13384715
	   Memory (MB)          :        0        1      6441
...
