000 (9637361.000.000) 02/27 16:05:46 Job submitted from host: <10.10.48.31:15410?addrs=10.10.48.31-15410>
...
001 (9637361.000.000) 02/27 16:05:52 Job executing on host: <10.10.48.134:39779?addrs=10.10.48.134-39779>
...
006 (9637361.000.000) 02/27 16:06:01 Image size of job updated: 1
	2  -  MemoryUsage of job (MB)
	1864  -  ResidentSetSize of job (KB)
...
006 (9637361.000.000) 02/27 16:11:01 Image size of job updated: 192632
	38  -  MemoryUsage of job (MB)
	38508  -  ResidentSetSize of job (KB)
...
005 (9637361.000.000) 02/27 16:15:59 Job terminated.
	(1) Normal termination (return value 0)
		Usr 0 00:01:44, Sys 0 00:00:01  -  Run Remote Usage
		Usr 0 00:00:00, Sys 0 00:00:00  -  Run Local Usage
		Usr 0 00:01:44, Sys 0 00:00:01  -  Total Remote Usage
		Usr 0 00:00:00, Sys 0 00:00:00  -  Total Local Usage
	0  -  Run Bytes Sent By Job
	0  -  Run Bytes Received By Job
	0  -  Total Bytes Sent By Job
	0  -  Total Bytes Received By Job
	Partitionable Resources :    Usage  Request Allocated
	   Cpus                 :                 1         1
	   Disk (KB)            :        1        1  13381778
	   Memory (MB)          :       38        1      6441
...
000 (9643888.000.000) 02/27 20:47:36 Job submitted from host: <10.10.48.31:15410?addrs=10.10.48.31-15410>
...
001 (9643888.000.000) 02/27 20:47:37 Job executing on host: <10.10.48.140:16345?addrs=10.10.48.140-16345>
...
006 (9643888.000.000) 02/27 20:47:38 Image size of job updated: 248668
	0  -  MemoryUsage of job (MB)
	0  -  ResidentSetSize of job (KB)
...
005 (9643888.000.000) 02/27 20:47:38 Job terminated.
	(1) Normal termination (return value 8)
		Usr 0 00:00:00, Sys 0 00:00:00  -  Run Remote Usage
		Usr 0 00:00:00, Sys 0 00:00:00  -  Run Local Usage
		Usr 0 00:00:00, Sys 0 00:00:00  -  Total Remote Usage
		Usr 0 00:00:00, Sys 0 00:00:00  -  Total Local Usage
	0  -  Run Bytes Sent By Job
	0  -  Run Bytes Received By Job
	0  -  Total Bytes Sent By Job
	0  -  Total Bytes Received By Job
	Partitionable Resources :    Usage  Request Allocated
	   Cpus                 :                 1         1
	   Disk (KB)            :        1        1  13384692
	   Memory (MB)          :        0        1      6441
...
