000 (8914353.000.000) 12/10 23:43:03 Job submitted from host: <10.10.48.31:12542?addrs=10.10.48.31-12542>
...
001 (8914353.000.000) 12/10 23:43:12 Job executing on host: <10.10.48.133:42257?addrs=10.10.48.133-42257>
...
006 (8914353.000.000) 12/10 23:43:13 Image size of job updated: 174988
	0  -  MemoryUsage of job (MB)
	0  -  ResidentSetSize of job (KB)
...
005 (8914353.000.000) 12/10 23:43:14 Job terminated.
	(1) Normal termination (return value 1)
		Usr 0 00:00:00, Sys 0 00:00:00  -  Run Remote Usage
		Usr 0 00:00:00, Sys 0 00:00:00  -  Run Local Usage
		Usr 0 00:00:00, Sys 0 00:00:00  -  Total Remote Usage
		Usr 0 00:00:00, Sys 0 00:00:00  -  Total Local Usage
	0  -  Run Bytes Sent By Job
	0  -  Run Bytes Received By Job
	0  -  Total Bytes Sent By Job
	0  -  Total Bytes Received By Job
	Partitionable Resources :    Usage  Request Allocated
	   Cpus                 :                 1         1
	   Disk (KB)            :        1        1  13386734
	   Memory (MB)          :        0        1      6441
...
000 (8914515.000.000) 12/10 23:50:06 Job submitted from host: <10.10.48.31:12542?addrs=10.10.48.31-12542>
...
001 (8914515.000.000) 12/10 23:51:20 Job executing on host: <10.10.48.35:61041?addrs=10.10.48.35-61041>
...
006 (8914515.000.000) 12/10 23:51:30 Image size of job updated: 190760
	37  -  MemoryUsage of job (MB)
	37292  -  ResidentSetSize of job (KB)
...
006 (8914515.000.000) 12/10 23:51:44 Image size of job updated: 192504
	37  -  MemoryUsage of job (MB)
	37292  -  ResidentSetSize of job (KB)
...
005 (8914515.000.000) 12/10 23:51:44 Job terminated.
	(1) Normal termination (return value 0)
		Usr 0 00:00:06, Sys 0 00:00:00  -  Run Remote Usage
		Usr 0 00:00:00, Sys 0 00:00:00  -  Run Local Usage
		Usr 0 00:00:06, Sys 0 00:00:00  -  Total Remote Usage
		Usr 0 00:00:00, Sys 0 00:00:00  -  Total Local Usage
	0  -  Run Bytes Sent By Job
	0  -  Run Bytes Received By Job
	0  -  Total Bytes Sent By Job
	0  -  Total Bytes Received By Job
	Partitionable Resources :    Usage  Request Allocated
	   Cpus                 :                 1         1
	   Disk (KB)            :        1        1  16721129
	   Memory (MB)          :       37        1      4023
...
000 (8914677.000.000) 12/11 16:49:26 Job submitted from host: <10.10.48.31:12542?addrs=10.10.48.31-12542>
...
001 (8914677.000.000) 12/11 16:49:29 Job executing on host: <10.10.48.139:49429?addrs=10.10.48.139-49429>
...
006 (8914677.000.000) 12/11 16:49:38 Image size of job updated: 1
	2  -  MemoryUsage of job (MB)
	1864  -  ResidentSetSize of job (KB)
...
006 (8914677.000.000) 12/11 16:49:41 Image size of job updated: 192376
	2  -  MemoryUsage of job (MB)
	1864  -  ResidentSetSize of job (KB)
...
005 (8914677.000.000) 12/11 16:49:41 Job terminated.
	(1) Normal termination (return value 0)
		Usr 0 00:00:07, Sys 0 00:00:00  -  Run Remote Usage
		Usr 0 00:00:00, Sys 0 00:00:00  -  Run Local Usage
		Usr 0 00:00:07, Sys 0 00:00:00  -  Total Remote Usage
		Usr 0 00:00:00, Sys 0 00:00:00  -  Total Local Usage
	0  -  Run Bytes Sent By Job
	0  -  Run Bytes Received By Job
	0  -  Total Bytes Sent By Job
	0  -  Total Bytes Received By Job
	Partitionable Resources :    Usage  Request Allocated
	   Cpus                 :                 1         1
	   Disk (KB)            :        1        1  13385137
	   Memory (MB)          :        2        1      6441
...
000 (8915439.000.000) 12/11 17:18:42 Job submitted from host: <10.10.48.31:12542?addrs=10.10.48.31-12542>
...
001 (8915439.000.000) 12/11 17:19:36 Job executing on host: <10.10.48.42:24954?addrs=10.10.48.42-24954>
...
006 (8915439.000.000) 12/11 17:19:44 Image size of job updated: 1
	0  -  MemoryUsage of job (MB)
	0  -  ResidentSetSize of job (KB)
...
005 (8915439.000.000) 12/11 17:19:44 Job terminated.
	(1) Normal termination (return value 0)
		Usr 0 00:00:00, Sys 0 00:00:00  -  Run Remote Usage
		Usr 0 00:00:00, Sys 0 00:00:00  -  Run Local Usage
		Usr 0 00:00:00, Sys 0 00:00:00  -  Total Remote Usage
		Usr 0 00:00:00, Sys 0 00:00:00  -  Total Local Usage
	0  -  Run Bytes Sent By Job
	0  -  Run Bytes Received By Job
	0  -  Total Bytes Sent By Job
	0  -  Total Bytes Received By Job
	Partitionable Resources :    Usage  Request Allocated
	   Cpus                 :                 1         1
	   Disk (KB)            :        1        1  16729390
	   Memory (MB)          :        0        1      4023
...
000 (8915601.000.000) 12/11 22:48:08 Job submitted from host: <10.10.48.31:12542?addrs=10.10.48.31-12542>
...
001 (8915601.000.000) 12/11 22:48:11 Job executing on host: <10.10.48.141:50603?addrs=10.10.48.141-50603>
...
006 (8915601.000.000) 12/11 22:48:20 Image size of job updated: 180380
	29  -  MemoryUsage of job (MB)
	29004  -  ResidentSetSize of job (KB)
...
006 (8915601.000.000) 12/11 22:51:55 Image size of job updated: 192620
	29  -  MemoryUsage of job (MB)
	29004  -  ResidentSetSize of job (KB)
...
005 (8915601.000.000) 12/11 22:51:55 Job terminated.
	(1) Normal termination (return value 0)
		Usr 0 00:02:02, Sys 0 00:00:01  -  Run Remote Usage
		Usr 0 00:00:00, Sys 0 00:00:00  -  Run Local Usage
		Usr 0 00:02:02, Sys 0 00:00:01  -  Total Remote Usage
		Usr 0 00:00:00, Sys 0 00:00:00  -  Total Local Usage
	0  -  Run Bytes Sent By Job
	0  -  Run Bytes Received By Job
	0  -  Total Bytes Sent By Job
	0  -  Total Bytes Received By Job
	Partitionable Resources :    Usage  Request Allocated
	   Cpus                 :                 1         1
	   Disk (KB)            :        1        1  13376498
	   Memory (MB)          :       29        1      6441
...
000 (8915733.000.000) 12/11 22:58:24 Job submitted from host: <10.10.48.31:12542?addrs=10.10.48.31-12542>
...
001 (8915733.000.000) 12/11 22:58:25 Job executing on host: <10.10.48.141:50603?addrs=10.10.48.141-50603>
...
006 (8915733.000.000) 12/11 22:58:33 Image size of job updated: 49268
	2  -  MemoryUsage of job (MB)
	1900  -  ResidentSetSize of job (KB)
...
006 (8915733.000.000) 12/11 22:59:59 Image size of job updated: 192568
	2  -  MemoryUsage of job (MB)
	1900  -  ResidentSetSize of job (KB)
...
005 (8915733.000.000) 12/11 22:59:59 Job terminated.
	(1) Normal termination (return value 0)
		Usr 0 00:01:30, Sys 0 00:00:01  -  Run Remote Usage
		Usr 0 00:00:00, Sys 0 00:00:00  -  Run Local Usage
		Usr 0 00:01:30, Sys 0 00:00:01  -  Total Remote Usage
		Usr 0 00:00:00, Sys 0 00:00:00  -  Total Local Usage
	0  -  Run Bytes Sent By Job
	0  -  Run Bytes Received By Job
	0  -  Total Bytes Sent By Job
	0  -  Total Bytes Received By Job
	Partitionable Resources :    Usage  Request Allocated
	   Cpus                 :                 1         1
	   Disk (KB)            :        1        1  13376548
	   Memory (MB)          :        2        1      6441
...
000 (8915865.000.000) 12/11 23:09:51 Job submitted from host: <10.10.48.31:12542?addrs=10.10.48.31-12542>
...
001 (8915865.000.000) 12/11 23:09:55 Job executing on host: <10.10.48.41:20766?addrs=10.10.48.41-20766>
...
006 (8915865.000.000) 12/11 23:10:03 Image size of job updated: 1
	2  -  MemoryUsage of job (MB)
	1808  -  ResidentSetSize of job (KB)
...
005 (8915865.000.000) 12/11 23:10:04 Job terminated.
	(1) Normal termination (return value 1)
		Usr 0 00:00:00, Sys 0 00:00:00  -  Run Remote Usage
		Usr 0 00:00:00, Sys 0 00:00:00  -  Run Local Usage
		Usr 0 00:00:00, Sys 0 00:00:00  -  Total Remote Usage
		Usr 0 00:00:00, Sys 0 00:00:00  -  Total Local Usage
	0  -  Run Bytes Sent By Job
	0  -  Run Bytes Received By Job
	0  -  Total Bytes Sent By Job
	0  -  Total Bytes Received By Job
	Partitionable Resources :    Usage  Request Allocated
	   Cpus                 :                 1         1
	   Disk (KB)            :        1        1  16725205
	   Memory (MB)          :        2        1      4023
...
000 (8916027.000.000) 12/11 23:22:54 Job submitted from host: <10.10.48.31:12542?addrs=10.10.48.31-12542>
...
001 (8916027.000.000) 12/11 23:22:55 Job executing on host: <10.10.48.141:50603?addrs=10.10.48.141-50603>
...
006 (8916027.000.000) 12/11 23:23:02 Image size of job updated: 192828
	0  -  MemoryUsage of job (MB)
	0  -  ResidentSetSize of job (KB)
...
005 (8916027.000.000) 12/11 23:23:02 Job terminated.
	(1) Normal termination (return value 0)
		Usr 0 00:00:03, Sys 0 00:00:00  -  Run Remote Usage
		Usr 0 00:00:00, Sys 0 00:00:00  -  Run Local Usage
		Usr 0 00:00:03, Sys 0 00:00:00  -  Total Remote Usage
		Usr 0 00:00:00, Sys 0 00:00:00  -  Total Local Usage
	0  -  Run Bytes Sent By Job
	0  -  Run Bytes Received By Job
	0  -  Total Bytes Sent By Job
	0  -  Total Bytes Received By Job
	Partitionable Resources :    Usage  Request Allocated
	   Cpus                 :                 1         1
	   Disk (KB)            :        1        1  13376493
	   Memory (MB)          :        0        1      6441
...
000 (8916190.000.000) 12/12 14:24:37 Job submitted from host: <10.10.48.31:12542?addrs=10.10.48.31-12542>
...
001 (8916190.000.000) 12/12 14:24:39 Job executing on host: <10.10.48.139:49429?addrs=10.10.48.139-49429>
...
006 (8916190.000.000) 12/12 14:24:47 Image size of job updated: 185116
	33  -  MemoryUsage of job (MB)
	33676  -  ResidentSetSize of job (KB)
...
006 (8916190.000.000) 12/12 14:28:29 Image size of job updated: 193004
	33  -  MemoryUsage of job (MB)
	33676  -  ResidentSetSize of job (KB)
...
005 (8916190.000.000) 12/12 14:28:29 Job terminated.
	(1) Normal termination (return value 0)
		Usr 0 00:00:54, Sys 0 00:00:01  -  Run Remote Usage
		Usr 0 00:00:00, Sys 0 00:00:00  -  Run Local Usage
		Usr 0 00:00:54, Sys 0 00:00:01  -  Total Remote Usage
		Usr 0 00:00:00, Sys 0 00:00:00  -  Total Local Usage
	0  -  Run Bytes Sent By Job
	0  -  Run Bytes Received By Job
	0  -  Total Bytes Sent By Job
	0  -  Total Bytes Received By Job
	Partitionable Resources :    Usage  Request Allocated
	   Cpus                 :                 1         1
	   Disk (KB)            :        1        1  13385059
	   Memory (MB)          :       33        1      6441
...
000 (9637254.000.000) 02/27 16:03:15 Job submitted from host: <10.10.48.31:15410?addrs=10.10.48.31-15410>
...
001 (9637254.000.000) 02/27 16:03:17 Job executing on host: <10.10.48.45:40029?addrs=10.10.48.45-40029>
...
006 (9637254.000.000) 02/27 16:03:26 Image size of job updated: 1
	2  -  MemoryUsage of job (MB)
	1808  -  ResidentSetSize of job (KB)
...
006 (9637254.000.000) 02/27 16:07:04 Image size of job updated: 186076
	2  -  MemoryUsage of job (MB)
	1808  -  ResidentSetSize of job (KB)
...
005 (9637254.000.000) 02/27 16:07:04 Job terminated.
	(1) Normal termination (return value 255)
		Usr 0 00:00:01, Sys 0 00:00:00  -  Run Remote Usage
		Usr 0 00:00:00, Sys 0 00:00:00  -  Run Local Usage
		Usr 0 00:00:01, Sys 0 00:00:00  -  Total Remote Usage
		Usr 0 00:00:00, Sys 0 00:00:00  -  Total Local Usage
	0  -  Run Bytes Sent By Job
	0  -  Run Bytes Received By Job
	0  -  Total Bytes Sent By Job
	0  -  Total Bytes Received By Job
	Partitionable Resources :    Usage  Request Allocated
	   Cpus                 :                 1         1
	   Disk (KB)            :        1        1  16195855
	   Memory (MB)          :        2        1      4023
...
000 (9643816.000.000) 02/27 20:47:25 Job submitted from host: <10.10.48.31:15410?addrs=10.10.48.31-15410>
...
001 (9643816.000.000) 02/27 20:47:26 Job executing on host: <10.10.48.140:16345?addrs=10.10.48.140-16345>
...
006 (9643816.000.000) 02/27 20:47:27 Image size of job updated: 1
	0  -  MemoryUsage of job (MB)
	0  -  ResidentSetSize of job (KB)
...
005 (9643816.000.000) 02/27 20:47:27 Job terminated.
	(1) Normal termination (return value 24)
		Usr 0 00:00:00, Sys 0 00:00:00  -  Run Remote Usage
		Usr 0 00:00:00, Sys 0 00:00:00  -  Run Local Usage
		Usr 0 00:00:00, Sys 0 00:00:00  -  Total Remote Usage
		Usr 0 00:00:00, Sys 0 00:00:00  -  Total Local Usage
	0  -  Run Bytes Sent By Job
	0  -  Run Bytes Received By Job
	0  -  Total Bytes Sent By Job
	0  -  Total Bytes Received By Job
	Partitionable Resources :    Usage  Request Allocated
	   Cpus                 :                 1         1
	   Disk (KB)            :        1        1  13384715
	   Memory (MB)          :        0        1      6441
...
