000 (9637390.000.000) 02/27 16:06:21 Job submitted from host: <10.10.48.31:15410?addrs=10.10.48.31-15410>
...
001 (9637390.000.000) 02/27 16:06:23 Job executing on host: <10.10.48.39:38682?addrs=10.10.48.39-38682>
...
006 (9637390.000.000) 02/27 16:06:32 Image size of job updated: 190832
	38  -  MemoryUsage of job (MB)
	38856  -  ResidentSetSize of job (KB)
...
006 (9637390.000.000) 02/27 16:08:39 Image size of job updated: 192532
	38  -  MemoryUsage of job (MB)
	38856  -  ResidentSetSize of job (KB)
...
005 (9637390.000.000) 02/27 16:08:39 Job terminated.
	(1) Normal termination (return value 0)
		Usr 0 00:00:07, Sys 0 00:00:00  -  Run Remote Usage
		Usr 0 00:00:00, Sys 0 00:00:00  -  Run Local Usage
		Usr 0 00:00:07, Sys 0 00:00:00  -  Total Remote Usage
		Usr 0 00:00:00, Sys 0 00:00:00  -  Total Local Usage
	0  -  Run Bytes Sent By Job
	0  -  Run Bytes Received By Job
	0  -  Total Bytes Sent By Job
	0  -  Total Bytes Received By Job
	Partitionable Resources :    Usage  Request Allocated
	   Cpus                 :                 1         1
	   Disk (KB)            :        1        1  16725766
	   Memory (MB)          :       38        1      4023
...
000 (9643897.000.000) 02/27 20:47:38 Job submitted from host: <10.10.48.31:15410?addrs=10.10.48.31-15410>
...
001 (9643897.000.000) 02/27 20:47:40 Job executing on host: <10.10.48.140:16345?addrs=10.10.48.140-16345>
...
006 (9643897.000.000) 02/27 20:47:41 Image size of job updated: 248692
	0  -  MemoryUsage of job (MB)
	0  -  ResidentSetSize of job (KB)
...
005 (9643897.000.000) 02/27 20:47:41 Job terminated.
	(1) Normal termination (return value 0)
		Usr 0 00:00:00, Sys 0 00:00:00  -  Run Remote Usage
		Usr 0 00:00:00, Sys 0 00:00:00  -  Run Local Usage
		Usr 0 00:00:00, Sys 0 00:00:00  -  Total Remote Usage
		Usr 0 00:00:00, Sys 0 00:00:00  -  Total Local Usage
	0  -  Run Bytes Sent By Job
	0  -  Run Bytes Received By Job
	0  -  Total Bytes Sent By Job
	0  -  Total Bytes Received By Job
	Partitionable Resources :    Usage  Request Allocated
	   Cpus                 :                 1         1
	   Disk (KB)            :        1        1  13384715
	   Memory (MB)          :        0        1      6441
...
