000 (8914323.000.000) 12/10 23:42:59 Job submitted from host: <10.10.48.31:12542?addrs=10.10.48.31-12542>
...
001 (8914323.000.000) 12/10 23:43:05 Job executing on host: <10.10.48.133:42257?addrs=10.10.48.133-42257>
...
006 (8914323.000.000) 12/10 23:43:06 Image size of job updated: 170104
	0  -  MemoryUsage of job (MB)
	0  -  ResidentSetSize of job (KB)
...
005 (8914323.000.000) 12/10 23:43:06 Job terminated.
	(1) Normal termination (return value 1)
		Usr 0 00:00:00, Sys 0 00:00:00  -  Run Remote Usage
		Usr 0 00:00:00, Sys 0 00:00:00  -  Run Local Usage
		Usr 0 00:00:00, Sys 0 00:00:00  -  Total Remote Usage
		Usr 0 00:00:00, Sys 0 00:00:00  -  Total Local Usage
	0  -  Run Bytes Sent By Job
	0  -  Run Bytes Received By Job
	0  -  Total Bytes Sent By Job
	0  -  Total Bytes Received By Job
	Partitionable Resources :    Usage  Request Allocated
	   Cpus                 :                 1         1
	   Disk (KB)            :        1        1  13386734
	   Memory (MB)          :        0        1      6441
...
000 (8914485.000.000) 12/10 23:49:06 Job submitted from host: <10.10.48.31:12542?addrs=10.10.48.31-12542>
...
001 (8914485.000.000) 12/10 23:49:19 Job executing on host: <10.10.48.141:50603?addrs=10.10.48.141-50603>
...
006 (8914485.000.000) 12/10 23:49:28 Image size of job updated: 185584
	32  -  MemoryUsage of job (MB)
	32372  -  ResidentSetSize of job (KB)
...
006 (8914485.000.000) 12/10 23:51:43 Image size of job updated: 192628
	32  -  MemoryUsage of job (MB)
	32372  -  ResidentSetSize of job (KB)
...
005 (8914485.000.000) 12/10 23:51:43 Job terminated.
	(1) Normal termination (return value 0)
		Usr 0 00:01:23, Sys 0 00:00:01  -  Run Remote Usage
		Usr 0 00:00:00, Sys 0 00:00:00  -  Run Local Usage
		Usr 0 00:01:23, Sys 0 00:00:01  -  Total Remote Usage
		Usr 0 00:00:00, Sys 0 00:00:00  -  Total Local Usage
	0  -  Run Bytes Sent By Job
	0  -  Run Bytes Received By Job
	0  -  Total Bytes Sent By Job
	0  -  Total Bytes Received By Job
	Partitionable Resources :    Usage  Request Allocated
	   Cpus                 :                 1         1
	   Disk (KB)            :        1        1  13376593
	   Memory (MB)          :       32        1      6441
...
000 (8914647.000.000) 12/11 16:48:24 Job submitted from host: <10.10.48.31:12542?addrs=10.10.48.31-12542>
...
001 (8914647.000.000) 12/11 16:48:39 Job executing on host: <10.10.48.145:26377?addrs=10.10.48.145-26377>
...
006 (8914647.000.000) 12/11 16:48:48 Image size of job updated: 185584
	32  -  MemoryUsage of job (MB)
	32384  -  ResidentSetSize of job (KB)
...
006 (8914647.000.000) 12/11 16:52:03 Image size of job updated: 192624
	32  -  MemoryUsage of job (MB)
	32384  -  ResidentSetSize of job (KB)
...
005 (8914647.000.000) 12/11 16:52:03 Job terminated.
	(1) Normal termination (return value 0)
		Usr 0 00:01:20, Sys 0 00:00:01  -  Run Remote Usage
		Usr 0 00:00:00, Sys 0 00:00:00  -  Run Local Usage
		Usr 0 00:01:20, Sys 0 00:00:01  -  Total Remote Usage
		Usr 0 00:00:00, Sys 0 00:00:00  -  Total Local Usage
	0  -  Run Bytes Sent By Job
	0  -  Run Bytes Received By Job
	0  -  Total Bytes Sent By Job
	0  -  Total Bytes Received By Job
	Partitionable Resources :    Usage  Request Allocated
	   Cpus                 :                 1         1
	   Disk (KB)            :        1        1  13384492
	   Memory (MB)          :       32        1      6441
...
000 (8915409.000.000) 12/11 17:17:54 Job submitted from host: <10.10.48.31:12542?addrs=10.10.48.31-12542>
...
001 (8915409.000.000) 12/11 17:18:06 Job executing on host: <10.10.48.135:49492?addrs=10.10.48.135-49492>
...
006 (8915409.000.000) 12/11 17:18:14 Image size of job updated: 115988
	17  -  MemoryUsage of job (MB)
	17356  -  ResidentSetSize of job (KB)
...
006 (8915409.000.000) 12/11 17:19:29 Image size of job updated: 194980
	17  -  MemoryUsage of job (MB)
	17356  -  ResidentSetSize of job (KB)
...
005 (8915409.000.000) 12/11 17:19:30 Job terminated.
	(1) Normal termination (return value 0)
		Usr 0 00:01:06, Sys 0 00:00:01  -  Run Remote Usage
		Usr 0 00:00:00, Sys 0 00:00:00  -  Run Local Usage
		Usr 0 00:01:06, Sys 0 00:00:01  -  Total Remote Usage
		Usr 0 00:00:00, Sys 0 00:00:00  -  Total Local Usage
	0  -  Run Bytes Sent By Job
	0  -  Run Bytes Received By Job
	0  -  Total Bytes Sent By Job
	0  -  Total Bytes Received By Job
	Partitionable Resources :    Usage  Request Allocated
	   Cpus                 :                 1         1
	   Disk (KB)            :        1        1  13377146
	   Memory (MB)          :       17        1      6441
...
000 (8915571.000.000) 12/11 22:47:00 Job submitted from host: <10.10.48.31:12542?addrs=10.10.48.31-12542>
...
001 (8915571.000.000) 12/11 22:47:14 Job executing on host: <10.10.48.145:26377?addrs=10.10.48.145-26377>
...
006 (8915571.000.000) 12/11 22:47:22 Image size of job updated: 180380
	30  -  MemoryUsage of job (MB)
	30612  -  ResidentSetSize of job (KB)
...
006 (8915571.000.000) 12/11 22:52:22 Image size of job updated: 192736
	40  -  MemoryUsage of job (MB)
	40692  -  ResidentSetSize of job (KB)
...
006 (8915571.000.000) 12/11 22:57:23 Image size of job updated: 194132
	42  -  MemoryUsage of job (MB)
	42168  -  ResidentSetSize of job (KB)
...
000 (8915703.000.000) 12/11 22:57:26 Job submitted from host: <10.10.48.31:12542?addrs=10.10.48.31-12542>
...
001 (8915703.000.000) 12/11 22:57:30 Job executing on host: <10.10.48.41:20766?addrs=10.10.48.41-20766>
...
006 (8915703.000.000) 12/11 22:57:39 Image size of job updated: 1
	2  -  MemoryUsage of job (MB)
	1808  -  ResidentSetSize of job (KB)
...
006 (8915571.000.000) 12/11 23:02:23 Image size of job updated: 194728
	42  -  MemoryUsage of job (MB)
	42932  -  ResidentSetSize of job (KB)
...
006 (8915703.000.000) 12/11 23:02:40 Image size of job updated: 200052
	47  -  MemoryUsage of job (MB)
	48012  -  ResidentSetSize of job (KB)
...
006 (8915571.000.000) 12/11 23:04:58 Image size of job updated: 195272
	42  -  MemoryUsage of job (MB)
	42932  -  ResidentSetSize of job (KB)
...
005 (8915571.000.000) 12/11 23:04:58 Job terminated.
	(1) Normal termination (return value 0)
		Usr 0 00:10:29, Sys 0 00:00:09  -  Run Remote Usage
		Usr 0 00:00:00, Sys 0 00:00:00  -  Run Local Usage
		Usr 0 00:10:29, Sys 0 00:00:09  -  Total Remote Usage
		Usr 0 00:00:00, Sys 0 00:00:00  -  Total Local Usage
	0  -  Run Bytes Sent By Job
	0  -  Run Bytes Received By Job
	0  -  Total Bytes Sent By Job
	0  -  Total Bytes Received By Job
	Partitionable Resources :    Usage  Request Allocated
	   Cpus                 :                 1         1
	   Disk (KB)            :        1        1  13384482
	   Memory (MB)          :       42        1      6441
...
006 (8915703.000.000) 12/11 23:06:59 Image size of job updated: 209740
	47  -  MemoryUsage of job (MB)
	48012  -  ResidentSetSize of job (KB)
...
005 (8915703.000.000) 12/11 23:06:59 Job terminated.
	(1) Normal termination (return value 0)
		Usr 0 00:07:55, Sys 0 00:00:08  -  Run Remote Usage
		Usr 0 00:00:00, Sys 0 00:00:00  -  Run Local Usage
		Usr 0 00:07:55, Sys 0 00:00:08  -  Total Remote Usage
		Usr 0 00:00:00, Sys 0 00:00:00  -  Total Local Usage
	0  -  Run Bytes Sent By Job
	0  -  Run Bytes Received By Job
	0  -  Total Bytes Sent By Job
	0  -  Total Bytes Received By Job
	Partitionable Resources :    Usage  Request Allocated
	   Cpus                 :                 1         1
	   Disk (KB)            :        1        1  16725236
	   Memory (MB)          :       47        1      4023
...
000 (8915835.000.000) 12/11 23:09:10 Job submitted from host: <10.10.48.31:12542?addrs=10.10.48.31-12542>
...
001 (8915835.000.000) 12/11 23:09:25 Job executing on host: <10.10.48.145:26377?addrs=10.10.48.145-26377>
...
006 (8915835.000.000) 12/11 23:09:33 Image size of job updated: 183500
	31  -  MemoryUsage of job (MB)
	31660  -  ResidentSetSize of job (KB)
...
006 (8915835.000.000) 12/11 23:12:48 Image size of job updated: 192932
	31  -  MemoryUsage of job (MB)
	31660  -  ResidentSetSize of job (KB)
...
005 (8915835.000.000) 12/11 23:12:48 Job terminated.
	(1) Normal termination (return value 1)
		Usr 0 00:00:29, Sys 0 00:00:00  -  Run Remote Usage
		Usr 0 00:00:00, Sys 0 00:00:00  -  Run Local Usage
		Usr 0 00:00:29, Sys 0 00:00:00  -  Total Remote Usage
		Usr 0 00:00:00, Sys 0 00:00:00  -  Total Local Usage
	0  -  Run Bytes Sent By Job
	0  -  Run Bytes Received By Job
	0  -  Total Bytes Sent By Job
	0  -  Total Bytes Received By Job
	Partitionable Resources :    Usage  Request Allocated
	   Cpus                 :                 1         1
	   Disk (KB)            :        1        1  13384436
	   Memory (MB)          :       31        1      6441
...
000 (8915997.000.000) 12/11 23:22:29 Job submitted from host: <10.10.48.31:12542?addrs=10.10.48.31-12542>
...
001 (8915997.000.000) 12/11 23:22:45 Job executing on host: <10.10.48.145:26377?addrs=10.10.48.145-26377>
...
006 (8915997.000.000) 12/11 23:22:53 Image size of job updated: 192908
	37  -  MemoryUsage of job (MB)
	37384  -  ResidentSetSize of job (KB)
...
006 (8915997.000.000) 12/11 23:23:08 Image size of job updated: 192924
	37  -  MemoryUsage of job (MB)
	37384  -  ResidentSetSize of job (KB)
...
005 (8915997.000.000) 12/11 23:23:09 Job terminated.
	(1) Normal termination (return value 0)
		Usr 0 00:00:18, Sys 0 00:00:01  -  Run Remote Usage
		Usr 0 00:00:00, Sys 0 00:00:00  -  Run Local Usage
		Usr 0 00:00:18, Sys 0 00:00:01  -  Total Remote Usage
		Usr 0 00:00:00, Sys 0 00:00:00  -  Total Local Usage
	0  -  Run Bytes Sent By Job
	0  -  Run Bytes Received By Job
	0  -  Total Bytes Sent By Job
	0  -  Total Bytes Received By Job
	Partitionable Resources :    Usage  Request Allocated
	   Cpus                 :                 1         1
	   Disk (KB)            :        1        1  13384457
	   Memory (MB)          :       37        1      6441
...
000 (8916160.000.000) 12/12 14:23:38 Job submitted from host: <10.10.48.31:12542?addrs=10.10.48.31-12542>
...
001 (8916160.000.000) 12/12 14:23:51 Job executing on host: <10.10.48.145:26377?addrs=10.10.48.145-26377>
...
006 (8916160.000.000) 12/12 14:24:00 Image size of job updated: 175340
	29  -  MemoryUsage of job (MB)
	29136  -  ResidentSetSize of job (KB)
...
006 (8916160.000.000) 12/12 14:29:01 Image size of job updated: 251496
	89  -  MemoryUsage of job (MB)
	91032  -  ResidentSetSize of job (KB)
...
006 (8916160.000.000) 12/12 14:34:02 Image size of job updated: 516176
	313  -  MemoryUsage of job (MB)
	320344  -  ResidentSetSize of job (KB)
...
006 (8916160.000.000) 12/12 14:34:58 Image size of job updated: 585116
	313  -  MemoryUsage of job (MB)
	320344  -  ResidentSetSize of job (KB)
...
005 (8916160.000.000) 12/12 14:34:58 Job terminated.
	(1) Normal termination (return value 0)
		Usr 0 00:03:55, Sys 0 00:00:05  -  Run Remote Usage
		Usr 0 00:00:00, Sys 0 00:00:00  -  Run Local Usage
		Usr 0 00:03:55, Sys 0 00:00:05  -  Total Remote Usage
		Usr 0 00:00:00, Sys 0 00:00:00  -  Total Local Usage
	0  -  Run Bytes Sent By Job
	0  -  Run Bytes Received By Job
	0  -  Total Bytes Sent By Job
	0  -  Total Bytes Received By Job
	Partitionable Resources :    Usage  Request Allocated
	   Cpus                 :                 1         1
	   Disk (KB)            :        1        1  13384493
	   Memory (MB)          :      313        1      6441
...
000 (9637205.000.000) 02/27 16:01:39 Job submitted from host: <10.10.48.31:15410?addrs=10.10.48.31-15410>
...
001 (9637205.000.000) 02/27 16:01:50 Job executing on host: <10.10.48.45:40029?addrs=10.10.48.45-40029>
...
006 (9637205.000.000) 02/27 16:01:59 Image size of job updated: 176156
	30  -  MemoryUsage of job (MB)
	30652  -  ResidentSetSize of job (KB)
...
006 (9637205.000.000) 02/27 16:03:56 Image size of job updated: 186044
	30  -  MemoryUsage of job (MB)
	30652  -  ResidentSetSize of job (KB)
...
005 (9637205.000.000) 02/27 16:03:56 Job terminated.
	(1) Normal termination (return value 255)
		Usr 0 00:00:01, Sys 0 00:00:00  -  Run Remote Usage
		Usr 0 00:00:00, Sys 0 00:00:00  -  Run Local Usage
		Usr 0 00:00:01, Sys 0 00:00:00  -  Total Remote Usage
		Usr 0 00:00:00, Sys 0 00:00:00  -  Total Local Usage
	0  -  Run Bytes Sent By Job
	0  -  Run Bytes Received By Job
	0  -  Total Bytes Sent By Job
	0  -  Total Bytes Received By Job
	Partitionable Resources :    Usage  Request Allocated
	   Cpus                 :                 1         1
	   Disk (KB)            :        1        1  16195855
	   Memory (MB)          :       30        1      4023
...
000 (9643786.000.000) 02/27 20:47:19 Job submitted from host: <10.10.48.31:15410?addrs=10.10.48.31-15410>
...
001 (9643786.000.000) 02/27 20:47:20 Job executing on host: <10.10.48.140:16345?addrs=10.10.48.140-16345>
...
006 (9643786.000.000) 02/27 20:47:22 Image size of job updated: 195304
	0  -  MemoryUsage of job (MB)
	0  -  ResidentSetSize of job (KB)
...
005 (9643786.000.000) 02/27 20:47:22 Job terminated.
	(1) Normal termination (return value 24)
		Usr 0 00:00:00, Sys 0 00:00:00  -  Run Remote Usage
		Usr 0 00:00:00, Sys 0 00:00:00  -  Run Local Usage
		Usr 0 00:00:00, Sys 0 00:00:00  -  Total Remote Usage
		Usr 0 00:00:00, Sys 0 00:00:00  -  Total Local Usage
	0  -  Run Bytes Sent By Job
	0  -  Run Bytes Received By Job
	0  -  Total Bytes Sent By Job
	0  -  Total Bytes Received By Job
	Partitionable Resources :    Usage  Request Allocated
	   Cpus                 :                 1         1
	   Disk (KB)            :        1        1  13384715
	   Memory (MB)          :        0        1      6441
...
