000 (9637331.000.000) 02/27 16:05:05 Job submitted from host: <10.10.48.31:15410?addrs=10.10.48.31-15410>
...
001 (9637331.000.000) 02/27 16:05:10 Job executing on host: <10.10.48.137:1935?addrs=10.10.48.137-1935>
...
006 (9637331.000.000) 02/27 16:05:19 Image size of job updated: 183960
	30  -  MemoryUsage of job (MB)
	30188  -  ResidentSetSize of job (KB)
...
006 (9637331.000.000) 02/27 16:10:20 Image size of job updated: 191092
	41  -  MemoryUsage of job (MB)
	41064  -  ResidentSetSize of job (KB)
...
006 (9637331.000.000) 02/27 16:20:21 Image size of job updated: 192796
	41  -  MemoryUsage of job (MB)
	41596  -  ResidentSetSize of job (KB)
...
005 (9637331.000.000) 02/27 16:23:58 Job terminated.
	(1) Normal termination (return value 0)
		Usr 0 00:07:34, Sys 0 00:00:05  -  Run Remote Usage
		Usr 0 00:00:00, Sys 0 00:00:00  -  Run Local Usage
		Usr 0 00:07:34, Sys 0 00:00:05  -  Total Remote Usage
		Usr 0 00:00:00, Sys 0 00:00:00  -  Total Local Usage
	0  -  Run Bytes Sent By Job
	0  -  Run Bytes Received By Job
	0  -  Total Bytes Sent By Job
	0  -  Total Bytes Received By Job
	Partitionable Resources :    Usage  Request Allocated
	   Cpus                 :                 1         1
	   Disk (KB)            :        1        1  13377734
	   Memory (MB)          :       41        1      6441
...
000 (9643862.000.000) 02/27 20:47:32 Job submitted from host: <10.10.48.31:15410?addrs=10.10.48.31-15410>
...
001 (9643862.000.000) 02/27 20:47:36 Job executing on host: <10.10.48.143:56523?addrs=10.10.48.143-56523>
...
006 (9643862.000.000) 02/27 20:47:37 Image size of job updated: 252796
	0  -  MemoryUsage of job (MB)
	0  -  ResidentSetSize of job (KB)
...
005 (9643862.000.000) 02/27 20:47:38 Job terminated.
	(1) Normal termination (return value 1)
		Usr 0 00:00:00, Sys 0 00:00:00  -  Run Remote Usage
		Usr 0 00:00:00, Sys 0 00:00:00  -  Run Local Usage
		Usr 0 00:00:00, Sys 0 00:00:00  -  Total Remote Usage
		Usr 0 00:00:00, Sys 0 00:00:00  -  Total Local Usage
	0  -  Run Bytes Sent By Job
	0  -  Run Bytes Received By Job
	0  -  Total Bytes Sent By Job
	0  -  Total Bytes Received By Job
	Partitionable Resources :    Usage  Request Allocated
	   Cpus                 :                 1         1
	   Disk (KB)            :        1        1  13384575
	   Memory (MB)          :        0        1      6441
...
