000 (9637414.000.000) 02/27 16:07:26 Job submitted from host: <10.10.48.31:15410?addrs=10.10.48.31-15410>
...
001 (9637414.000.000) 02/27 16:07:29 Job executing on host: <10.10.48.39:38682?addrs=10.10.48.39-38682>
...
006 (9637414.000.000) 02/27 16:07:37 Image size of job updated: 185588
	34  -  MemoryUsage of job (MB)
	33880  -  ResidentSetSize of job (KB)
...
006 (9637414.000.000) 02/27 16:12:37 Image size of job updated: 192768
	43  -  MemoryUsage of job (MB)
	43076  -  ResidentSetSize of job (KB)
...
005 (9637414.000.000) 02/27 16:13:18 Job terminated.
	(1) Normal termination (return value 0)
		Usr 0 00:00:50, Sys 0 00:00:00  -  Run Remote Usage
		Usr 0 00:00:00, Sys 0 00:00:00  -  Run Local Usage
		Usr 0 00:00:50, Sys 0 00:00:00  -  Total Remote Usage
		Usr 0 00:00:00, Sys 0 00:00:00  -  Total Local Usage
	0  -  Run Bytes Sent By Job
	0  -  Run Bytes Received By Job
	0  -  Total Bytes Sent By Job
	0  -  Total Bytes Received By Job
	Partitionable Resources :    Usage  Request Allocated
	   Cpus                 :                 1         1
	   Disk (KB)            :        1        1  16725766
	   Memory (MB)          :       43        1      4023
...
000 (9643907.000.000) 02/27 20:47:40 Job submitted from host: <10.10.48.31:15410?addrs=10.10.48.31-15410>
...
001 (9643907.000.000) 02/27 20:47:42 Job executing on host: <10.10.48.140:16345?addrs=10.10.48.140-16345>
...
006 (9643907.000.000) 02/27 20:47:43 Image size of job updated: 252412
	0  -  MemoryUsage of job (MB)
	0  -  ResidentSetSize of job (KB)
...
005 (9643907.000.000) 02/27 20:47:43 Job terminated.
	(1) Normal termination (return value 2)
		Usr 0 00:00:00, Sys 0 00:00:00  -  Run Remote Usage
		Usr 0 00:00:00, Sys 0 00:00:00  -  Run Local Usage
		Usr 0 00:00:00, Sys 0 00:00:00  -  Total Remote Usage
		Usr 0 00:00:00, Sys 0 00:00:00  -  Total Local Usage
	0  -  Run Bytes Sent By Job
	0  -  Run Bytes Received By Job
	0  -  Total Bytes Sent By Job
	0  -  Total Bytes Received By Job
	Partitionable Resources :    Usage  Request Allocated
	   Cpus                 :                 1         1
	   Disk (KB)            :        1        1  13384693
	   Memory (MB)          :        0        1      6441
...
