000 (8914259.000.000) 12/10 23:42:45 Job submitted from host: <10.10.48.31:12542?addrs=10.10.48.31-12542>
...
001 (8914259.000.000) 12/10 23:42:53 Job executing on host: <10.10.48.138:10254?addrs=10.10.48.138-10254>
...
006 (8914259.000.000) 12/10 23:42:54 Image size of job updated: 122176
	0  -  MemoryUsage of job (MB)
	0  -  ResidentSetSize of job (KB)
...
005 (8914259.000.000) 12/10 23:42:54 Job terminated.
	(1) Normal termination (return value 1)
		Usr 0 00:00:00, Sys 0 00:00:00  -  Run Remote Usage
		Usr 0 00:00:00, Sys 0 00:00:00  -  Run Local Usage
		Usr 0 00:00:00, Sys 0 00:00:00  -  Total Remote Usage
		Usr 0 00:00:00, Sys 0 00:00:00  -  Total Local Usage
	0  -  Run Bytes Sent By Job
	0  -  Run Bytes Received By Job
	0  -  Total Bytes Sent By Job
	0  -  Total Bytes Received By Job
	Partitionable Resources :    Usage  Request Allocated
	   Cpus                 :                 1         1
	   Disk (KB)            :        1        1  13380614
	   Memory (MB)          :        0        1      6441
...
000 (8914421.000.000) 12/10 23:48:58 Job submitted from host: <10.10.48.31:12542?addrs=10.10.48.31-12542>
...
001 (8914421.000.000) 12/10 23:50:00 Job executing on host: <10.10.48.35:61041?addrs=10.10.48.35-61041>
...
006 (8914421.000.000) 12/10 23:50:09 Image size of job updated: 190680
	39  -  MemoryUsage of job (MB)
	39280  -  ResidentSetSize of job (KB)
...
006 (8914421.000.000) 12/10 23:50:16 Image size of job updated: 192288
	39  -  MemoryUsage of job (MB)
	39280  -  ResidentSetSize of job (KB)
...
005 (8914421.000.000) 12/10 23:50:16 Job terminated.
	(1) Normal termination (return value 0)
		Usr 0 00:00:05, Sys 0 00:00:00  -  Run Remote Usage
		Usr 0 00:00:00, Sys 0 00:00:00  -  Run Local Usage
		Usr 0 00:00:05, Sys 0 00:00:00  -  Total Remote Usage
		Usr 0 00:00:00, Sys 0 00:00:00  -  Total Local Usage
	0  -  Run Bytes Sent By Job
	0  -  Run Bytes Received By Job
	0  -  Total Bytes Sent By Job
	0  -  Total Bytes Received By Job
	Partitionable Resources :    Usage  Request Allocated
	   Cpus                 :                 1         1
	   Disk (KB)            :        1        1  16721154
	   Memory (MB)          :       39        1      4023
...
000 (8914583.000.000) 12/11 16:48:16 Job submitted from host: <10.10.48.31:12542?addrs=10.10.48.31-12542>
...
001 (8914583.000.000) 12/11 16:48:37 Job executing on host: <10.10.48.141:50603?addrs=10.10.48.141-50603>
...
006 (8914583.000.000) 12/11 16:48:45 Image size of job updated: 192240
	38  -  MemoryUsage of job (MB)
	38168  -  ResidentSetSize of job (KB)
...
005 (8914583.000.000) 12/11 16:48:48 Job terminated.
	(1) Normal termination (return value 0)
		Usr 0 00:00:04, Sys 0 00:00:00  -  Run Remote Usage
		Usr 0 00:00:00, Sys 0 00:00:00  -  Run Local Usage
		Usr 0 00:00:04, Sys 0 00:00:00  -  Total Remote Usage
		Usr 0 00:00:00, Sys 0 00:00:00  -  Total Local Usage
	0  -  Run Bytes Sent By Job
	0  -  Run Bytes Received By Job
	0  -  Total Bytes Sent By Job
	0  -  Total Bytes Received By Job
	Partitionable Resources :    Usage  Request Allocated
	   Cpus                 :                 1         1
	   Disk (KB)            :        1        1  13376623
	   Memory (MB)          :       38        1      6441
...
000 (8915345.000.000) 12/11 17:17:46 Job submitted from host: <10.10.48.31:12542?addrs=10.10.48.31-12542>
...
001 (8915345.000.000) 12/11 17:18:41 Job executing on host: <10.10.48.33:59750?addrs=10.10.48.33-59750>
...
006 (8915345.000.000) 12/11 17:18:48 Image size of job updated: 192504
	0  -  MemoryUsage of job (MB)
	0  -  ResidentSetSize of job (KB)
...
005 (8915345.000.000) 12/11 17:18:48 Job terminated.
	(1) Normal termination (return value 0)
		Usr 0 00:00:06, Sys 0 00:00:00  -  Run Remote Usage
		Usr 0 00:00:00, Sys 0 00:00:00  -  Run Local Usage
		Usr 0 00:00:06, Sys 0 00:00:00  -  Total Remote Usage
		Usr 0 00:00:00, Sys 0 00:00:00  -  Total Local Usage
	0  -  Run Bytes Sent By Job
	0  -  Run Bytes Received By Job
	0  -  Total Bytes Sent By Job
	0  -  Total Bytes Received By Job
	Partitionable Resources :    Usage  Request Allocated
	   Cpus                 :                 1         1
	   Disk (KB)            :        1        1  16723660
	   Memory (MB)          :        0        1      4023
...
000 (8915507.000.000) 12/11 22:46:52 Job submitted from host: <10.10.48.31:12542?addrs=10.10.48.31-12542>
...
001 (8915507.000.000) 12/11 22:47:12 Job executing on host: <10.10.48.141:50603?addrs=10.10.48.141-50603>
...
006 (8915507.000.000) 12/11 22:47:20 Image size of job updated: 185792
	34  -  MemoryUsage of job (MB)
	34000  -  ResidentSetSize of job (KB)
...
006 (8915507.000.000) 12/11 22:52:08 Image size of job updated: 193092
	34  -  MemoryUsage of job (MB)
	34000  -  ResidentSetSize of job (KB)
...
005 (8915507.000.000) 12/11 22:52:08 Job terminated.
	(1) Normal termination (return value 0)
		Usr 0 00:02:26, Sys 0 00:00:02  -  Run Remote Usage
		Usr 0 00:00:00, Sys 0 00:00:00  -  Run Local Usage
		Usr 0 00:02:26, Sys 0 00:00:02  -  Total Remote Usage
		Usr 0 00:00:00, Sys 0 00:00:00  -  Total Local Usage
	0  -  Run Bytes Sent By Job
	0  -  Run Bytes Received By Job
	0  -  Total Bytes Sent By Job
	0  -  Total Bytes Received By Job
	Partitionable Resources :    Usage  Request Allocated
	   Cpus                 :                 1         1
	   Disk (KB)            :        1        1  13376574
	   Memory (MB)          :       34        1      6441
...
000 (8915639.000.000) 12/11 22:56:58 Job submitted from host: <10.10.48.31:12542?addrs=10.10.48.31-12542>
...
001 (8915639.000.000) 12/11 22:57:18 Job executing on host: <10.10.48.141:50603?addrs=10.10.48.141-50603>
...
006 (8915639.000.000) 12/11 22:57:27 Image size of job updated: 192504
	39  -  MemoryUsage of job (MB)
	39652  -  ResidentSetSize of job (KB)
...
006 (8915639.000.000) 12/11 22:58:50 Image size of job updated: 192512
	39  -  MemoryUsage of job (MB)
	39652  -  ResidentSetSize of job (KB)
...
005 (8915639.000.000) 12/11 22:58:50 Job terminated.
	(1) Normal termination (return value 0)
		Usr 0 00:01:26, Sys 0 00:00:01  -  Run Remote Usage
		Usr 0 00:00:00, Sys 0 00:00:00  -  Run Local Usage
		Usr 0 00:01:26, Sys 0 00:00:01  -  Total Remote Usage
		Usr 0 00:00:00, Sys 0 00:00:00  -  Total Local Usage
	0  -  Run Bytes Sent By Job
	0  -  Run Bytes Received By Job
	0  -  Total Bytes Sent By Job
	0  -  Total Bytes Received By Job
	Partitionable Resources :    Usage  Request Allocated
	   Cpus                 :                 1         1
	   Disk (KB)            :        1        1  13376549
	   Memory (MB)          :       39        1      6441
...
000 (8915771.000.000) 12/11 23:08:59 Job submitted from host: <10.10.48.31:12542?addrs=10.10.48.31-12542>
...
001 (8915771.000.000) 12/11 23:09:04 Job executing on host: <10.10.48.141:50603?addrs=10.10.48.141-50603>
...
006 (8915771.000.000) 12/11 23:09:13 Image size of job updated: 192864
	0  -  MemoryUsage of job (MB)
	0  -  ResidentSetSize of job (KB)
...
005 (8915771.000.000) 12/11 23:09:13 Job terminated.
	(1) Normal termination (return value 1)
		Usr 0 00:00:03, Sys 0 00:00:00  -  Run Remote Usage
		Usr 0 00:00:00, Sys 0 00:00:00  -  Run Local Usage
		Usr 0 00:00:03, Sys 0 00:00:00  -  Total Remote Usage
		Usr 0 00:00:00, Sys 0 00:00:00  -  Total Local Usage
	0  -  Run Bytes Sent By Job
	0  -  Run Bytes Received By Job
	0  -  Total Bytes Sent By Job
	0  -  Total Bytes Received By Job
	Partitionable Resources :    Usage  Request Allocated
	   Cpus                 :                 1         1
	   Disk (KB)            :        1        1  13376523
	   Memory (MB)          :        0        1      6441
...
000 (8915933.000.000) 12/11 23:22:22 Job submitted from host: <10.10.48.31:12542?addrs=10.10.48.31-12542>
...
001 (8915933.000.000) 12/11 23:22:42 Job executing on host: <10.10.48.41:20766?addrs=10.10.48.41-20766>
...
006 (8915933.000.000) 12/11 23:22:51 Image size of job updated: 192840
	37  -  MemoryUsage of job (MB)
	37240  -  ResidentSetSize of job (KB)
...
005 (8915933.000.000) 12/11 23:23:00 Job terminated.
	(1) Normal termination (return value 0)
		Usr 0 00:00:02, Sys 0 00:00:00  -  Run Remote Usage
		Usr 0 00:00:00, Sys 0 00:00:00  -  Run Local Usage
		Usr 0 00:00:02, Sys 0 00:00:00  -  Total Remote Usage
		Usr 0 00:00:00, Sys 0 00:00:00  -  Total Local Usage
	0  -  Run Bytes Sent By Job
	0  -  Run Bytes Received By Job
	0  -  Total Bytes Sent By Job
	0  -  Total Bytes Received By Job
	Partitionable Resources :    Usage  Request Allocated
	   Cpus                 :                 1         1
	   Disk (KB)            :        1        1  16725172
	   Memory (MB)          :       37        1      4023
...
000 (8916096.000.000) 12/12 14:23:30 Job submitted from host: <10.10.48.31:12542?addrs=10.10.48.31-12542>
...
001 (8916096.000.000) 12/12 14:23:48 Job executing on host: <10.10.48.141:50603?addrs=10.10.48.141-50603>
...
006 (8916096.000.000) 12/12 14:23:57 Image size of job updated: 179436
	29  -  MemoryUsage of job (MB)
	29116  -  ResidentSetSize of job (KB)
...
006 (8916096.000.000) 12/12 14:28:22 Image size of job updated: 192940
	29  -  MemoryUsage of job (MB)
	29116  -  ResidentSetSize of job (KB)
...
005 (8916096.000.000) 12/12 14:28:22 Job terminated.
	(1) Normal termination (return value 0)
		Usr 0 00:01:01, Sys 0 00:00:01  -  Run Remote Usage
		Usr 0 00:00:00, Sys 0 00:00:00  -  Run Local Usage
		Usr 0 00:01:01, Sys 0 00:00:01  -  Total Remote Usage
		Usr 0 00:00:00, Sys 0 00:00:00  -  Total Local Usage
	0  -  Run Bytes Sent By Job
	0  -  Run Bytes Received By Job
	0  -  Total Bytes Sent By Job
	0  -  Total Bytes Received By Job
	Partitionable Resources :    Usage  Request Allocated
	   Cpus                 :                 1         1
	   Disk (KB)            :        1        1  13376559
	   Memory (MB)          :       29        1      6441
...
000 (9637141.000.000) 02/27 16:01:32 Job submitted from host: <10.10.48.31:15410?addrs=10.10.48.31-15410>
...
001 (9637141.000.000) 02/27 16:01:49 Job executing on host: <10.10.48.35:24288?addrs=10.10.48.35-24288>
...
006 (9637141.000.000) 02/27 16:01:58 Image size of job updated: 176160
	30  -  MemoryUsage of job (MB)
	30500  -  ResidentSetSize of job (KB)
...
006 (9637141.000.000) 02/27 16:06:58 Image size of job updated: 190896
	39  -  MemoryUsage of job (MB)
	39484  -  ResidentSetSize of job (KB)
...
006 (9637141.000.000) 02/27 16:11:58 Image size of job updated: 190908
	41  -  MemoryUsage of job (MB)
	41488  -  ResidentSetSize of job (KB)
...
005 (9637141.000.000) 02/27 16:19:22 Job terminated.
	(1) Normal termination (return value 0)
		Usr 0 00:03:17, Sys 0 00:00:03  -  Run Remote Usage
		Usr 0 00:00:00, Sys 0 00:00:00  -  Run Local Usage
		Usr 0 00:03:17, Sys 0 00:00:03  -  Total Remote Usage
		Usr 0 00:00:00, Sys 0 00:00:00  -  Total Local Usage
	0  -  Run Bytes Sent By Job
	0  -  Run Bytes Received By Job
	0  -  Total Bytes Sent By Job
	0  -  Total Bytes Received By Job
	Partitionable Resources :    Usage  Request Allocated
	   Cpus                 :                 1         1
	   Disk (KB)            :        1        1  16724161
	   Memory (MB)          :       41        1      4023
...
000 (9643722.000.000) 02/27 20:47:08 Job submitted from host: <10.10.48.31:15410?addrs=10.10.48.31-15410>
...
001 (9643722.000.000) 02/27 20:47:16 Job executing on host: <10.10.48.140:16345?addrs=10.10.48.140-16345>
...
006 (9643722.000.000) 02/27 20:47:18 Image size of job updated: 230888
	0  -  MemoryUsage of job (MB)
	0  -  ResidentSetSize of job (KB)
...
005 (9643722.000.000) 02/27 20:47:19 Job terminated.
	(1) Normal termination (return value 0)
		Usr 0 00:00:00, Sys 0 00:00:00  -  Run Remote Usage
		Usr 0 00:00:00, Sys 0 00:00:00  -  Run Local Usage
		Usr 0 00:00:00, Sys 0 00:00:00  -  Total Remote Usage
		Usr 0 00:00:00, Sys 0 00:00:00  -  Total Local Usage
	0  -  Run Bytes Sent By Job
	0  -  Run Bytes Received By Job
	0  -  Total Bytes Sent By Job
	0  -  Total Bytes Received By Job
	Partitionable Resources :    Usage  Request Allocated
	   Cpus                 :                 1         1
	   Disk (KB)            :        1        1  13384715
	   Memory (MB)          :        0        1      6441
...
