000 (9637448.000.000) 02/27 16:09:06 Job submitted from host: <10.10.48.31:15410?addrs=10.10.48.31-15410>
...
001 (9637448.000.000) 02/27 16:09:11 Job executing on host: <10.10.48.140:16345?addrs=10.10.48.140-16345>
...
006 (9637448.000.000) 02/27 16:09:19 Image size of job updated: 1
	2  -  MemoryUsage of job (MB)
	1868  -  ResidentSetSize of job (KB)
...
006 (9637448.000.000) 02/27 16:13:02 Image size of job updated: 190828
	2  -  MemoryUsage of job (MB)
	1868  -  ResidentSetSize of job (KB)
...
005 (9637448.000.000) 02/27 16:13:02 Job terminated.
	(1) Normal termination (return value 0)
		Usr 0 00:00:01, Sys 0 00:00:00  -  Run Remote Usage
		Usr 0 00:00:00, Sys 0 00:00:00  -  Run Local Usage
		Usr 0 00:00:01, Sys 0 00:00:00  -  Total Remote Usage
		Usr 0 00:00:00, Sys 0 00:00:00  -  Total Local Usage
	0  -  Run Bytes Sent By Job
	0  -  Run Bytes Received By Job
	0  -  Total Bytes Sent By Job
	0  -  Total Bytes Received By Job
	Partitionable Resources :    Usage  Request Allocated
	   Cpus                 :                 1         1
	   Disk (KB)            :        1        1  13384822
	   Memory (MB)          :        2        1      6441
...
000 (9643924.000.000) 02/27 20:47:43 Job submitted from host: <10.10.48.31:15410?addrs=10.10.48.31-15410>
...
001 (9643924.000.000) 02/27 20:47:43 Job executing on host: <10.10.48.140:16345?addrs=10.10.48.140-16345>
...
006 (9643924.000.000) 02/27 20:47:44 Image size of job updated: 115332
	0  -  MemoryUsage of job (MB)
	0  -  ResidentSetSize of job (KB)
...
005 (9643924.000.000) 02/27 20:47:44 Job terminated.
	(1) Normal termination (return value 0)
		Usr 0 00:00:00, Sys 0 00:00:00  -  Run Remote Usage
		Usr 0 00:00:00, Sys 0 00:00:00  -  Run Local Usage
		Usr 0 00:00:00, Sys 0 00:00:00  -  Total Remote Usage
		Usr 0 00:00:00, Sys 0 00:00:00  -  Total Local Usage
	0  -  Run Bytes Sent By Job
	0  -  Run Bytes Received By Job
	0  -  Total Bytes Sent By Job
	0  -  Total Bytes Received By Job
	Partitionable Resources :    Usage  Request Allocated
	   Cpus                 :                 1         1
	   Disk (KB)            :        1        1  13384692
	   Memory (MB)          :        0        1      6441
...
