000 (8914307.000.000) 12/10 23:42:51 Job submitted from host: <10.10.48.31:12542?addrs=10.10.48.31-12542>
...
001 (8914307.000.000) 12/10 23:42:55 Job executing on host: <10.10.48.35:61041?addrs=10.10.48.35-61041>
...
006 (8914307.000.000) 12/10 23:42:56 Image size of job updated: 1
	0  -  MemoryUsage of job (MB)
	0  -  ResidentSetSize of job (KB)
...
005 (8914307.000.000) 12/10 23:42:56 Job terminated.
	(1) Normal termination (return value 1)
		Usr 0 00:00:00, Sys 0 00:00:00  -  Run Remote Usage
		Usr 0 00:00:00, Sys 0 00:00:00  -  Run Local Usage
		Usr 0 00:00:00, Sys 0 00:00:00  -  Total Remote Usage
		Usr 0 00:00:00, Sys 0 00:00:00  -  Total Local Usage
	0  -  Run Bytes Sent By Job
	0  -  Run Bytes Received By Job
	0  -  Total Bytes Sent By Job
	0  -  Total Bytes Received By Job
	Partitionable Resources :    Usage  Request Allocated
	   Cpus                 :                 1         1
	   Disk (KB)            :        1        1  16721137
	   Memory (MB)          :        0        1      4023
...
000 (8914469.000.000) 12/10 23:49:04 Job submitted from host: <10.10.48.31:12542?addrs=10.10.48.31-12542>
...
001 (8914469.000.000) 12/10 23:49:19 Job executing on host: <10.10.48.132:4924?addrs=10.10.48.132-4924>
...
006 (8914469.000.000) 12/10 23:49:28 Image size of job updated: 186076
	33  -  MemoryUsage of job (MB)
	32944  -  ResidentSetSize of job (KB)
...
006 (8914469.000.000) 12/10 23:54:28 Image size of job updated: 192724
	39  -  MemoryUsage of job (MB)
	39256  -  ResidentSetSize of job (KB)
...
006 (8914469.000.000) 12/10 23:58:13 Image size of job updated: 193524
	39  -  MemoryUsage of job (MB)
	39256  -  ResidentSetSize of job (KB)
...
005 (8914469.000.000) 12/10 23:58:13 Job terminated.
	(1) Normal termination (return value 0)
		Usr 0 00:05:18, Sys 0 00:00:04  -  Run Remote Usage
		Usr 0 00:00:00, Sys 0 00:00:00  -  Run Local Usage
		Usr 0 00:05:18, Sys 0 00:00:04  -  Total Remote Usage
		Usr 0 00:00:00, Sys 0 00:00:00  -  Total Local Usage
	0  -  Run Bytes Sent By Job
	0  -  Run Bytes Received By Job
	0  -  Total Bytes Sent By Job
	0  -  Total Bytes Received By Job
	Partitionable Resources :    Usage  Request Allocated
	   Cpus                 :                 1         1
	   Disk (KB)            :        1        1  13378013
	   Memory (MB)          :       39        1      6441
...
000 (8914631.000.000) 12/11 16:48:22 Job submitted from host: <10.10.48.31:12542?addrs=10.10.48.31-12542>
...
001 (8914631.000.000) 12/11 16:48:39 Job executing on host: <10.10.48.139:49429?addrs=10.10.48.139-49429>
...
006 (8914631.000.000) 12/11 16:48:48 Image size of job updated: 175204
	28  -  MemoryUsage of job (MB)
	27868  -  ResidentSetSize of job (KB)
...
006 (8914631.000.000) 12/11 16:53:49 Image size of job updated: 192600
	39  -  MemoryUsage of job (MB)
	39128  -  ResidentSetSize of job (KB)
...
006 (8914631.000.000) 12/11 16:57:14 Image size of job updated: 193656
	39  -  MemoryUsage of job (MB)
	39128  -  ResidentSetSize of job (KB)
...
005 (8914631.000.000) 12/11 16:57:14 Job terminated.
	(1) Normal termination (return value 0)
		Usr 0 00:05:12, Sys 0 00:00:05  -  Run Remote Usage
		Usr 0 00:00:00, Sys 0 00:00:00  -  Run Local Usage
		Usr 0 00:05:12, Sys 0 00:00:05  -  Total Remote Usage
		Usr 0 00:00:00, Sys 0 00:00:00  -  Total Local Usage
	0  -  Run Bytes Sent By Job
	0  -  Run Bytes Received By Job
	0  -  Total Bytes Sent By Job
	0  -  Total Bytes Received By Job
	Partitionable Resources :    Usage  Request Allocated
	   Cpus                 :                 1         1
	   Disk (KB)            :        1        1  13385137
	   Memory (MB)          :       39        1      6441
...
000 (8915393.000.000) 12/11 17:17:52 Job submitted from host: <10.10.48.31:12542?addrs=10.10.48.31-12542>
...
001 (8915393.000.000) 12/11 17:18:03 Job executing on host: <10.10.48.135:49492?addrs=10.10.48.135-49492>
...
006 (8915393.000.000) 12/11 17:18:12 Image size of job updated: 186084
	32  -  MemoryUsage of job (MB)
	32724  -  ResidentSetSize of job (KB)
...
006 (8915393.000.000) 12/11 17:23:13 Image size of job updated: 204400
	50  -  MemoryUsage of job (MB)
	50888  -  ResidentSetSize of job (KB)
...
006 (8915393.000.000) 12/11 17:23:40 Image size of job updated: 206076
	50  -  MemoryUsage of job (MB)
	50888  -  ResidentSetSize of job (KB)
...
005 (8915393.000.000) 12/11 17:23:40 Job terminated.
	(1) Normal termination (return value 0)
		Usr 0 00:04:53, Sys 0 00:00:04  -  Run Remote Usage
		Usr 0 00:00:00, Sys 0 00:00:00  -  Run Local Usage
		Usr 0 00:04:53, Sys 0 00:00:04  -  Total Remote Usage
		Usr 0 00:00:00, Sys 0 00:00:00  -  Total Local Usage
	0  -  Run Bytes Sent By Job
	0  -  Run Bytes Received By Job
	0  -  Total Bytes Sent By Job
	0  -  Total Bytes Received By Job
	Partitionable Resources :    Usage  Request Allocated
	   Cpus                 :                 1         1
	   Disk (KB)            :        1        1  13377146
	   Memory (MB)          :       50        1      6441
...
000 (8915555.000.000) 12/11 22:46:58 Job submitted from host: <10.10.48.31:12542?addrs=10.10.48.31-12542>
...
001 (8915555.000.000) 12/11 22:47:14 Job executing on host: <10.10.48.139:49429?addrs=10.10.48.139-49429>
...
006 (8915555.000.000) 12/11 22:47:23 Image size of job updated: 175212
	28  -  MemoryUsage of job (MB)
	27928  -  ResidentSetSize of job (KB)
...
006 (8915555.000.000) 12/11 22:52:24 Image size of job updated: 192644
	38  -  MemoryUsage of job (MB)
	38824  -  ResidentSetSize of job (KB)
...
006 (8915555.000.000) 12/11 22:56:22 Image size of job updated: 193092
	38  -  MemoryUsage of job (MB)
	38824  -  ResidentSetSize of job (KB)
...
005 (8915555.000.000) 12/11 22:56:22 Job terminated.
	(1) Normal termination (return value 0)
		Usr 0 00:05:31, Sys 0 00:00:05  -  Run Remote Usage
		Usr 0 00:00:00, Sys 0 00:00:00  -  Run Local Usage
		Usr 0 00:05:31, Sys 0 00:00:05  -  Total Remote Usage
		Usr 0 00:00:00, Sys 0 00:00:00  -  Total Local Usage
	0  -  Run Bytes Sent By Job
	0  -  Run Bytes Received By Job
	0  -  Total Bytes Sent By Job
	0  -  Total Bytes Received By Job
	Partitionable Resources :    Usage  Request Allocated
	   Cpus                 :                 1         1
	   Disk (KB)            :        1        1  13385104
	   Memory (MB)          :       38        1      6441
...
000 (8915687.000.000) 12/11 22:57:05 Job submitted from host: <10.10.48.31:12542?addrs=10.10.48.31-12542>
...
001 (8915687.000.000) 12/11 22:57:20 Job executing on host: <10.10.48.145:26377?addrs=10.10.48.145-26377>
...
006 (8915687.000.000) 12/11 22:57:28 Image size of job updated: 192424
	39  -  MemoryUsage of job (MB)
	39656  -  ResidentSetSize of job (KB)
...
006 (8915687.000.000) 12/11 23:02:28 Image size of job updated: 196872
	44  -  MemoryUsage of job (MB)
	44420  -  ResidentSetSize of job (KB)
...
006 (8915687.000.000) 12/11 23:04:58 Image size of job updated: 199244
	44  -  MemoryUsage of job (MB)
	44420  -  ResidentSetSize of job (KB)
...
005 (8915687.000.000) 12/11 23:04:58 Job terminated.
	(1) Normal termination (return value 0)
		Usr 0 00:05:11, Sys 0 00:00:04  -  Run Remote Usage
		Usr 0 00:00:00, Sys 0 00:00:00  -  Run Local Usage
		Usr 0 00:05:11, Sys 0 00:00:04  -  Total Remote Usage
		Usr 0 00:00:00, Sys 0 00:00:00  -  Total Local Usage
	0  -  Run Bytes Sent By Job
	0  -  Run Bytes Received By Job
	0  -  Total Bytes Sent By Job
	0  -  Total Bytes Received By Job
	Partitionable Resources :    Usage  Request Allocated
	   Cpus                 :                 1         1
	   Disk (KB)            :        1        1  13384440
	   Memory (MB)          :       44        1      6441
...
000 (8915819.000.000) 12/11 23:09:07 Job submitted from host: <10.10.48.31:12542?addrs=10.10.48.31-12542>
...
001 (8915819.000.000) 12/11 23:09:25 Job executing on host: <10.10.48.139:49429?addrs=10.10.48.139-49429>
...
006 (8915819.000.000) 12/11 23:09:34 Image size of job updated: 179436
	29  -  MemoryUsage of job (MB)
	29628  -  ResidentSetSize of job (KB)
...
006 (8915819.000.000) 12/11 23:14:35 Image size of job updated: 193052
	42  -  MemoryUsage of job (MB)
	42924  -  ResidentSetSize of job (KB)
...
006 (8915819.000.000) 12/11 23:19:19 Image size of job updated: 194376
	42  -  MemoryUsage of job (MB)
	42924  -  ResidentSetSize of job (KB)
...
005 (8915819.000.000) 12/11 23:19:19 Job terminated.
	(1) Normal termination (return value 1)
		Usr 0 00:02:39, Sys 0 00:00:04  -  Run Remote Usage
		Usr 0 00:00:00, Sys 0 00:00:00  -  Run Local Usage
		Usr 0 00:02:39, Sys 0 00:00:04  -  Total Remote Usage
		Usr 0 00:00:00, Sys 0 00:00:00  -  Total Local Usage
	0  -  Run Bytes Sent By Job
	0  -  Run Bytes Received By Job
	0  -  Total Bytes Sent By Job
	0  -  Total Bytes Received By Job
	Partitionable Resources :    Usage  Request Allocated
	   Cpus                 :                 1         1
	   Disk (KB)            :        1        1  13385058
	   Memory (MB)          :       42        1      6441
...
000 (8915981.000.000) 12/11 23:22:27 Job submitted from host: <10.10.48.31:12542?addrs=10.10.48.31-12542>
...
001 (8915981.000.000) 12/11 23:22:45 Job executing on host: <10.10.48.139:49429?addrs=10.10.48.139-49429>
...
006 (8915981.000.000) 12/11 23:22:53 Image size of job updated: 192944
	37  -  MemoryUsage of job (MB)
	37484  -  ResidentSetSize of job (KB)
...
006 (8915981.000.000) 12/11 23:25:21 Image size of job updated: 194392
	37  -  MemoryUsage of job (MB)
	37484  -  ResidentSetSize of job (KB)
...
005 (8915981.000.000) 12/11 23:25:21 Job terminated.
	(1) Normal termination (return value 0)
		Usr 0 00:01:39, Sys 0 00:00:02  -  Run Remote Usage
		Usr 0 00:00:00, Sys 0 00:00:00  -  Run Local Usage
		Usr 0 00:01:39, Sys 0 00:00:02  -  Total Remote Usage
		Usr 0 00:00:00, Sys 0 00:00:00  -  Total Local Usage
	0  -  Run Bytes Sent By Job
	0  -  Run Bytes Received By Job
	0  -  Total Bytes Sent By Job
	0  -  Total Bytes Received By Job
	Partitionable Resources :    Usage  Request Allocated
	   Cpus                 :                 1         1
	   Disk (KB)            :        1        1  13385070
	   Memory (MB)          :       37        1      6441
...
000 (8916144.000.000) 12/12 14:23:36 Job submitted from host: <10.10.48.31:12542?addrs=10.10.48.31-12542>
...
001 (8916144.000.000) 12/12 14:23:51 Job executing on host: <10.10.48.139:49429?addrs=10.10.48.139-49429>
...
006 (8916144.000.000) 12/12 14:24:00 Image size of job updated: 116124
	19  -  MemoryUsage of job (MB)
	18856  -  ResidentSetSize of job (KB)
...
006 (8916144.000.000) 12/12 14:29:01 Image size of job updated: 271588
	106  -  MemoryUsage of job (MB)
	108248  -  ResidentSetSize of job (KB)
...
006 (8916144.000.000) 12/12 14:31:27 Image size of job updated: 383868
	106  -  MemoryUsage of job (MB)
	108248  -  ResidentSetSize of job (KB)
...
005 (8916144.000.000) 12/12 14:31:27 Job terminated.
	(1) Normal termination (return value 0)
		Usr 0 00:02:34, Sys 0 00:00:03  -  Run Remote Usage
		Usr 0 00:00:00, Sys 0 00:00:00  -  Run Local Usage
		Usr 0 00:02:34, Sys 0 00:00:03  -  Total Remote Usage
		Usr 0 00:00:00, Sys 0 00:00:00  -  Total Local Usage
	0  -  Run Bytes Sent By Job
	0  -  Run Bytes Received By Job
	0  -  Total Bytes Sent By Job
	0  -  Total Bytes Received By Job
	Partitionable Resources :    Usage  Request Allocated
	   Cpus                 :                 1         1
	   Disk (KB)            :        1        1  13385059
	   Memory (MB)          :      106        1      6441
...
