000 (9637392.000.000) 02/27 16:06:25 Job submitted from host: <10.10.48.31:15410?addrs=10.10.48.31-15410>
...
001 (9637392.000.000) 02/27 16:06:31 Job executing on host: <10.10.48.40:16453?addrs=10.10.48.40-16453>
...
006 (9637392.000.000) 02/27 16:06:39 Image size of job updated: 185596
	32  -  MemoryUsage of job (MB)
	32380  -  ResidentSetSize of job (KB)
...
006 (9637392.000.000) 02/27 16:11:39 Image size of job updated: 192508
	41  -  MemoryUsage of job (MB)
	41652  -  ResidentSetSize of job (KB)
...
006 (9637392.000.000) 02/27 16:16:15 Image size of job updated: 192608
	41  -  MemoryUsage of job (MB)
	41652  -  ResidentSetSize of job (KB)
...
005 (9637392.000.000) 02/27 16:16:15 Job terminated.
	(1) Normal termination (return value 0)
		Usr 0 00:01:13, Sys 0 00:00:01  -  Run Remote Usage
		Usr 0 00:00:00, Sys 0 00:00:00  -  Run Local Usage
		Usr 0 00:01:13, Sys 0 00:00:01  -  Total Remote Usage
		Usr 0 00:00:00, Sys 0 00:00:00  -  Total Local Usage
	0  -  Run Bytes Sent By Job
	0  -  Run Bytes Received By Job
	0  -  Total Bytes Sent By Job
	0  -  Total Bytes Received By Job
	Partitionable Resources :    Usage  Request Allocated
	   Cpus                 :                 1         1
	   Disk (KB)            :        1        1  16720868
	   Memory (MB)          :       41        1      4023
...
000 (9643898.000.000) 02/27 20:47:38 Job submitted from host: <10.10.48.31:15410?addrs=10.10.48.31-15410>
...
001 (9643898.000.000) 02/27 20:47:39 Job executing on host: <10.10.48.140:16345?addrs=10.10.48.140-16345>
...
006 (9643898.000.000) 02/27 20:47:40 Image size of job updated: 252320
	0  -  MemoryUsage of job (MB)
	0  -  ResidentSetSize of job (KB)
...
005 (9643898.000.000) 02/27 20:47:40 Job terminated.
	(1) Normal termination (return value 6)
		Usr 0 00:00:00, Sys 0 00:00:00  -  Run Remote Usage
		Usr 0 00:00:00, Sys 0 00:00:00  -  Run Local Usage
		Usr 0 00:00:00, Sys 0 00:00:00  -  Total Remote Usage
		Usr 0 00:00:00, Sys 0 00:00:00  -  Total Local Usage
	0  -  Run Bytes Sent By Job
	0  -  Run Bytes Received By Job
	0  -  Total Bytes Sent By Job
	0  -  Total Bytes Received By Job
	Partitionable Resources :    Usage  Request Allocated
	   Cpus                 :                 1         1
	   Disk (KB)            :        1        1  13384696
	   Memory (MB)          :        0        1      6441
...
