000 (8914363.000.000) 12/10 23:43:05 Job submitted from host: <10.10.48.31:12542?addrs=10.10.48.31-12542>
...
001 (8914363.000.000) 12/10 23:43:14 Job executing on host: <10.10.48.41:20766?addrs=10.10.48.41-20766>
...
006 (8914363.000.000) 12/10 23:43:14 Image size of job updated: 176152
	0  -  MemoryUsage of job (MB)
	0  -  ResidentSetSize of job (KB)
...
005 (8914363.000.000) 12/10 23:43:14 Job terminated.
	(1) Normal termination (return value 1)
		Usr 0 00:00:00, Sys 0 00:00:00  -  Run Remote Usage
		Usr 0 00:00:00, Sys 0 00:00:00  -  Run Local Usage
		Usr 0 00:00:00, Sys 0 00:00:00  -  Total Remote Usage
		Usr 0 00:00:00, Sys 0 00:00:00  -  Total Local Usage
	0  -  Run Bytes Sent By Job
	0  -  Run Bytes Received By Job
	0  -  Total Bytes Sent By Job
	0  -  Total Bytes Received By Job
	Partitionable Resources :    Usage  Request Allocated
	   Cpus                 :                 1         1
	   Disk (KB)            :        1        1  16725287
	   Memory (MB)          :        0        1      4023
...
000 (8914525.000.000) 12/10 23:50:43 Job submitted from host: <10.10.48.31:12542?addrs=10.10.48.31-12542>
...
001 (8914525.000.000) 12/10 23:51:48 Job executing on host: <10.10.48.41:20766?addrs=10.10.48.41-20766>
...
006 (8914525.000.000) 12/10 23:51:56 Image size of job updated: 192308
	39  -  MemoryUsage of job (MB)
	39692  -  ResidentSetSize of job (KB)
...
005 (8914525.000.000) 12/10 23:51:57 Job terminated.
	(1) Normal termination (return value 0)
		Usr 0 00:00:00, Sys 0 00:00:00  -  Run Remote Usage
		Usr 0 00:00:00, Sys 0 00:00:00  -  Run Local Usage
		Usr 0 00:00:00, Sys 0 00:00:00  -  Total Remote Usage
		Usr 0 00:00:00, Sys 0 00:00:00  -  Total Local Usage
	0  -  Run Bytes Sent By Job
	0  -  Run Bytes Received By Job
	0  -  Total Bytes Sent By Job
	0  -  Total Bytes Received By Job
	Partitionable Resources :    Usage  Request Allocated
	   Cpus                 :                 1         1
	   Disk (KB)            :        1        1  16725276
	   Memory (MB)          :       39        1      4023
...
000 (8914687.000.000) 12/11 16:49:49 Job submitted from host: <10.10.48.31:12542?addrs=10.10.48.31-12542>
...
001 (8914687.000.000) 12/11 16:49:58 Job executing on host: <10.10.48.41:20766?addrs=10.10.48.41-20766>
...
006 (8914687.000.000) 12/11 16:50:07 Image size of job updated: 192348
	38  -  MemoryUsage of job (MB)
	38328  -  ResidentSetSize of job (KB)
...
005 (8914687.000.000) 12/11 16:50:11 Job terminated.
	(1) Normal termination (return value 0)
		Usr 0 00:00:03, Sys 0 00:00:00  -  Run Remote Usage
		Usr 0 00:00:00, Sys 0 00:00:00  -  Run Local Usage
		Usr 0 00:00:03, Sys 0 00:00:00  -  Total Remote Usage
		Usr 0 00:00:00, Sys 0 00:00:00  -  Total Local Usage
	0  -  Run Bytes Sent By Job
	0  -  Run Bytes Received By Job
	0  -  Total Bytes Sent By Job
	0  -  Total Bytes Received By Job
	Partitionable Resources :    Usage  Request Allocated
	   Cpus                 :                 1         1
	   Disk (KB)            :        1        1  16725263
	   Memory (MB)          :       38        1      4023
...
000 (8915449.000.000) 12/11 17:18:54 Job submitted from host: <10.10.48.31:12542?addrs=10.10.48.31-12542>
...
001 (8915449.000.000) 12/11 17:19:04 Job executing on host: <10.10.48.33:59750?addrs=10.10.48.33-59750>
...
006 (8915449.000.000) 12/11 17:19:10 Image size of job updated: 192548
	0  -  MemoryUsage of job (MB)
	0  -  ResidentSetSize of job (KB)
...
005 (8915449.000.000) 12/11 17:19:10 Job terminated.
	(1) Normal termination (return value 0)
		Usr 0 00:00:01, Sys 0 00:00:00  -  Run Remote Usage
		Usr 0 00:00:00, Sys 0 00:00:00  -  Run Local Usage
		Usr 0 00:00:01, Sys 0 00:00:00  -  Total Remote Usage
		Usr 0 00:00:00, Sys 0 00:00:00  -  Total Local Usage
	0  -  Run Bytes Sent By Job
	0  -  Run Bytes Received By Job
	0  -  Total Bytes Sent By Job
	0  -  Total Bytes Received By Job
	Partitionable Resources :    Usage  Request Allocated
	   Cpus                 :                 1         1
	   Disk (KB)            :        1        1  16723606
	   Memory (MB)          :        0        1      4023
...
000 (8915611.000.000) 12/11 22:48:32 Job submitted from host: <10.10.48.31:12542?addrs=10.10.48.31-12542>
...
001 (8915611.000.000) 12/11 22:48:32 Job executing on host: <10.10.48.141:50603?addrs=10.10.48.141-50603>
...
006 (8915611.000.000) 12/11 22:48:41 Image size of job updated: 1
	2  -  MemoryUsage of job (MB)
	1864  -  ResidentSetSize of job (KB)
...
006 (8915611.000.000) 12/11 22:52:52 Image size of job updated: 192936
	2  -  MemoryUsage of job (MB)
	1864  -  ResidentSetSize of job (KB)
...
005 (8915611.000.000) 12/11 22:52:52 Job terminated.
	(1) Normal termination (return value 0)
		Usr 0 00:02:38, Sys 0 00:00:02  -  Run Remote Usage
		Usr 0 00:00:00, Sys 0 00:00:00  -  Run Local Usage
		Usr 0 00:02:38, Sys 0 00:00:02  -  Total Remote Usage
		Usr 0 00:00:00, Sys 0 00:00:00  -  Total Local Usage
	0  -  Run Bytes Sent By Job
	0  -  Run Bytes Received By Job
	0  -  Total Bytes Sent By Job
	0  -  Total Bytes Received By Job
	Partitionable Resources :    Usage  Request Allocated
	   Cpus                 :                 1         1
	   Disk (KB)            :        1        1  13376525
	   Memory (MB)          :        2        1      6441
...
000 (8915743.000.000) 12/11 22:58:35 Job submitted from host: <10.10.48.31:12542?addrs=10.10.48.31-12542>
...
001 (8915743.000.000) 12/11 22:58:38 Job executing on host: <10.10.48.35:61041?addrs=10.10.48.35-61041>
...
006 (8915743.000.000) 12/11 22:58:47 Image size of job updated: 190724
	38  -  MemoryUsage of job (MB)
	38700  -  ResidentSetSize of job (KB)
...
006 (8915743.000.000) 12/11 23:00:58 Image size of job updated: 193064
	38  -  MemoryUsage of job (MB)
	38700  -  ResidentSetSize of job (KB)
...
005 (8915743.000.000) 12/11 23:00:58 Job terminated.
	(1) Normal termination (return value 0)
		Usr 0 00:01:52, Sys 0 00:00:01  -  Run Remote Usage
		Usr 0 00:00:00, Sys 0 00:00:00  -  Run Local Usage
		Usr 0 00:01:52, Sys 0 00:00:01  -  Total Remote Usage
		Usr 0 00:00:00, Sys 0 00:00:00  -  Total Local Usage
	0  -  Run Bytes Sent By Job
	0  -  Run Bytes Received By Job
	0  -  Total Bytes Sent By Job
	0  -  Total Bytes Received By Job
	Partitionable Resources :    Usage  Request Allocated
	   Cpus                 :                 1         1
	   Disk (KB)            :        1        1  16721100
	   Memory (MB)          :       38        1      4023
...
000 (8915875.000.000) 12/11 23:10:09 Job submitted from host: <10.10.48.31:12542?addrs=10.10.48.31-12542>
...
001 (8915875.000.000) 12/11 23:10:12 Job executing on host: <10.10.48.41:20766?addrs=10.10.48.41-20766>
...
006 (8915875.000.000) 12/11 23:10:20 Image size of job updated: 1
	2  -  MemoryUsage of job (MB)
	1812  -  ResidentSetSize of job (KB)
...
005 (8915875.000.000) 12/11 23:10:20 Job terminated.
	(1) Normal termination (return value 1)
		Usr 0 00:00:00, Sys 0 00:00:00  -  Run Remote Usage
		Usr 0 00:00:00, Sys 0 00:00:00  -  Run Local Usage
		Usr 0 00:00:00, Sys 0 00:00:00  -  Total Remote Usage
		Usr 0 00:00:00, Sys 0 00:00:00  -  Total Local Usage
	0  -  Run Bytes Sent By Job
	0  -  Run Bytes Received By Job
	0  -  Total Bytes Sent By Job
	0  -  Total Bytes Received By Job
	Partitionable Resources :    Usage  Request Allocated
	   Cpus                 :                 1         1
	   Disk (KB)            :        1        1  16725205
	   Memory (MB)          :        2        1      4023
...
000 (8916037.000.000) 12/11 23:23:02 Job submitted from host: <10.10.48.31:12542?addrs=10.10.48.31-12542>
...
001 (8916037.000.000) 12/11 23:23:03 Job executing on host: <10.10.48.141:50603?addrs=10.10.48.141-50603>
...
006 (8916037.000.000) 12/11 23:23:09 Image size of job updated: 1
	0  -  MemoryUsage of job (MB)
	0  -  ResidentSetSize of job (KB)
...
005 (8916037.000.000) 12/11 23:23:09 Job terminated.
	(1) Normal termination (return value 0)
		Usr 0 00:00:00, Sys 0 00:00:00  -  Run Remote Usage
		Usr 0 00:00:00, Sys 0 00:00:00  -  Run Local Usage
		Usr 0 00:00:00, Sys 0 00:00:00  -  Total Remote Usage
		Usr 0 00:00:00, Sys 0 00:00:00  -  Total Local Usage
	0  -  Run Bytes Sent By Job
	0  -  Run Bytes Received By Job
	0  -  Total Bytes Sent By Job
	0  -  Total Bytes Received By Job
	Partitionable Resources :    Usage  Request Allocated
	   Cpus                 :                 1         1
	   Disk (KB)            :        1        1  13376493
	   Memory (MB)          :        0        1      6441
...
000 (8916200.000.000) 12/12 14:25:09 Job submitted from host: <10.10.48.31:12542?addrs=10.10.48.31-12542>
...
001 (8916200.000.000) 12/12 14:25:10 Job executing on host: <10.10.48.143:50448?addrs=10.10.48.143-50448>
...
006 (8916200.000.000) 12/12 14:25:19 Image size of job updated: 1
	2  -  MemoryUsage of job (MB)
	1868  -  ResidentSetSize of job (KB)
...
006 (8916200.000.000) 12/12 14:28:52 Image size of job updated: 193296
	2  -  MemoryUsage of job (MB)
	1868  -  ResidentSetSize of job (KB)
...
005 (8916200.000.000) 12/12 14:28:52 Job terminated.
	(1) Normal termination (return value 0)
		Usr 0 00:00:47, Sys 0 00:00:01  -  Run Remote Usage
		Usr 0 00:00:00, Sys 0 00:00:00  -  Run Local Usage
		Usr 0 00:00:47, Sys 0 00:00:01  -  Total Remote Usage
		Usr 0 00:00:00, Sys 0 00:00:00  -  Total Local Usage
	0  -  Run Bytes Sent By Job
	0  -  Run Bytes Received By Job
	0  -  Total Bytes Sent By Job
	0  -  Total Bytes Received By Job
	Partitionable Resources :    Usage  Request Allocated
	   Cpus                 :                 1         1
	   Disk (KB)            :        1        1  13384426
	   Memory (MB)          :        2        1      6441
...
000 (9637273.000.000) 02/27 16:03:41 Job submitted from host: <10.10.48.31:15410?addrs=10.10.48.31-15410>
...
001 (9637273.000.000) 02/27 16:03:42 Job executing on host: <10.10.48.45:40029?addrs=10.10.48.45-40029>
...
006 (9637273.000.000) 02/27 16:03:51 Image size of job updated: 1
	2  -  MemoryUsage of job (MB)
	1820  -  ResidentSetSize of job (KB)
...
006 (9637273.000.000) 02/27 16:05:50 Image size of job updated: 186052
	2  -  MemoryUsage of job (MB)
	1820  -  ResidentSetSize of job (KB)
...
005 (9637273.000.000) 02/27 16:05:50 Job terminated.
	(1) Normal termination (return value 255)
		Usr 0 00:00:01, Sys 0 00:00:00  -  Run Remote Usage
		Usr 0 00:00:00, Sys 0 00:00:00  -  Run Local Usage
		Usr 0 00:00:01, Sys 0 00:00:00  -  Total Remote Usage
		Usr 0 00:00:00, Sys 0 00:00:00  -  Total Local Usage
	0  -  Run Bytes Sent By Job
	0  -  Run Bytes Received By Job
	0  -  Total Bytes Sent By Job
	0  -  Total Bytes Received By Job
	Partitionable Resources :    Usage  Request Allocated
	   Cpus                 :                 1         1
	   Disk (KB)            :        1        1  16195855
	   Memory (MB)          :        2        1      4023
...
000 (9643826.000.000) 02/27 20:47:27 Job submitted from host: <10.10.48.31:15410?addrs=10.10.48.31-15410>
...
001 (9643826.000.000) 02/27 20:47:29 Job executing on host: <10.10.48.143:56523?addrs=10.10.48.143-56523>
...
006 (9643826.000.000) 02/27 20:47:30 Image size of job updated: 252440
	0  -  MemoryUsage of job (MB)
	0  -  ResidentSetSize of job (KB)
...
005 (9643826.000.000) 02/27 20:47:30 Job terminated.
	(1) Normal termination (return value 1)
		Usr 0 00:00:00, Sys 0 00:00:00  -  Run Remote Usage
		Usr 0 00:00:00, Sys 0 00:00:00  -  Run Local Usage
		Usr 0 00:00:00, Sys 0 00:00:00  -  Total Remote Usage
		Usr 0 00:00:00, Sys 0 00:00:00  -  Total Local Usage
	0  -  Run Bytes Sent By Job
	0  -  Run Bytes Received By Job
	0  -  Total Bytes Sent By Job
	0  -  Total Bytes Received By Job
	Partitionable Resources :    Usage  Request Allocated
	   Cpus                 :                 1         1
	   Disk (KB)            :        1        1  13384575
	   Memory (MB)          :        0        1      6441
...
