000 (8914394.000.000) 12/10 23:43:10 Job submitted from host: <10.10.48.31:12542?addrs=10.10.48.31-12542>
...
001 (8914394.000.000) 12/10 23:45:14 Job executing on host: <10.10.48.41:20766?addrs=10.10.48.41-20766>
...
006 (8914394.000.000) 12/10 23:45:14 Image size of job updated: 167740
	0  -  MemoryUsage of job (MB)
	0  -  ResidentSetSize of job (KB)
...
005 (8914394.000.000) 12/10 23:45:14 Job terminated.
	(1) Normal termination (return value 1)
		Usr 0 00:00:00, Sys 0 00:00:00  -  Run Remote Usage
		Usr 0 00:00:00, Sys 0 00:00:00  -  Run Local Usage
		Usr 0 00:00:00, Sys 0 00:00:00  -  Total Remote Usage
		Usr 0 00:00:00, Sys 0 00:00:00  -  Total Local Usage
	0  -  Run Bytes Sent By Job
	0  -  Run Bytes Received By Job
	0  -  Total Bytes Sent By Job
	0  -  Total Bytes Received By Job
	Partitionable Resources :    Usage  Request Allocated
	   Cpus                 :                 1         1
	   Disk (KB)            :        1        1  16725280
	   Memory (MB)          :        0        1      4023
...
000 (8914556.000.000) 12/10 23:52:04 Job submitted from host: <10.10.48.31:12542?addrs=10.10.48.31-12542>
...
001 (8914556.000.000) 12/10 23:53:08 Job executing on host: <10.10.48.141:50603?addrs=10.10.48.141-50603>
...
006 (8914556.000.000) 12/10 23:53:17 Image size of job updated: 185656
	33  -  MemoryUsage of job (MB)
	33736  -  ResidentSetSize of job (KB)
...
006 (8914556.000.000) 12/10 23:58:17 Image size of job updated: 192520
	39  -  MemoryUsage of job (MB)
	39928  -  ResidentSetSize of job (KB)
...
005 (8914556.000.000) 12/10 23:58:53 Job terminated.
	(1) Normal termination (return value 0)
		Usr 0 00:03:34, Sys 0 00:00:03  -  Run Remote Usage
		Usr 0 00:00:00, Sys 0 00:00:00  -  Run Local Usage
		Usr 0 00:03:34, Sys 0 00:00:03  -  Total Remote Usage
		Usr 0 00:00:00, Sys 0 00:00:00  -  Total Local Usage
	0  -  Run Bytes Sent By Job
	0  -  Run Bytes Received By Job
	0  -  Total Bytes Sent By Job
	0  -  Total Bytes Received By Job
	Partitionable Resources :    Usage  Request Allocated
	   Cpus                 :                 1         1
	   Disk (KB)            :        1        1  13376593
	   Memory (MB)          :       39        1      6441
...
000 (8914718.000.000) 12/11 16:51:28 Job submitted from host: <10.10.48.31:12542?addrs=10.10.48.31-12542>
...
001 (8914718.000.000) 12/11 16:51:32 Job executing on host: <10.10.48.41:20766?addrs=10.10.48.41-20766>
...
006 (8914718.000.000) 12/11 16:51:41 Image size of job updated: 185664
	34  -  MemoryUsage of job (MB)
	33956  -  ResidentSetSize of job (KB)
...
006 (8914718.000.000) 12/11 16:56:42 Image size of job updated: 192520
	42  -  MemoryUsage of job (MB)
	42996  -  ResidentSetSize of job (KB)
...
005 (8914718.000.000) 12/11 16:57:07 Job terminated.
	(1) Normal termination (return value 0)
		Usr 0 00:03:50, Sys 0 00:00:04  -  Run Remote Usage
		Usr 0 00:00:00, Sys 0 00:00:00  -  Run Local Usage
		Usr 0 00:03:50, Sys 0 00:00:04  -  Total Remote Usage
		Usr 0 00:00:00, Sys 0 00:00:00  -  Total Local Usage
	0  -  Run Bytes Sent By Job
	0  -  Run Bytes Received By Job
	0  -  Total Bytes Sent By Job
	0  -  Total Bytes Received By Job
	Partitionable Resources :    Usage  Request Allocated
	   Cpus                 :                 1         1
	   Disk (KB)            :        1        1  16725316
	   Memory (MB)          :       42        1      4023
...
000 (8915480.000.000) 12/11 17:19:49 Job submitted from host: <10.10.48.31:12542?addrs=10.10.48.31-12542>
...
001 (8915480.000.000) 12/11 17:20:21 Job executing on host: <10.10.48.33:59750?addrs=10.10.48.33-59750>
...
006 (8915480.000.000) 12/11 17:20:29 Image size of job updated: 192436
	39  -  MemoryUsage of job (MB)
	38964  -  ResidentSetSize of job (KB)
...
006 (8915480.000.000) 12/11 17:23:35 Image size of job updated: 193128
	39  -  MemoryUsage of job (MB)
	38964  -  ResidentSetSize of job (KB)
...
005 (8915480.000.000) 12/11 17:23:35 Job terminated.
	(1) Normal termination (return value 0)
		Usr 0 00:02:49, Sys 0 00:00:02  -  Run Remote Usage
		Usr 0 00:00:00, Sys 0 00:00:00  -  Run Local Usage
		Usr 0 00:02:49, Sys 0 00:00:02  -  Total Remote Usage
		Usr 0 00:00:00, Sys 0 00:00:00  -  Total Local Usage
	0  -  Run Bytes Sent By Job
	0  -  Run Bytes Received By Job
	0  -  Total Bytes Sent By Job
	0  -  Total Bytes Received By Job
	Partitionable Resources :    Usage  Request Allocated
	   Cpus                 :                 1         1
	   Disk (KB)            :        1        1  16723606
	   Memory (MB)          :       39        1      4023
...
000 (8915906.000.000) 12/11 23:11:15 Job submitted from host: <10.10.48.31:12542?addrs=10.10.48.31-12542>
...
001 (8915906.000.000) 12/11 23:11:19 Job executing on host: <10.10.48.143:50448?addrs=10.10.48.143-50448>
...
006 (8915906.000.000) 12/11 23:11:28 Image size of job updated: 184984
	33  -  MemoryUsage of job (MB)
	33224  -  ResidentSetSize of job (KB)
...
006 (8915906.000.000) 12/11 23:15:09 Image size of job updated: 192884
	33  -  MemoryUsage of job (MB)
	33224  -  ResidentSetSize of job (KB)
...
005 (8915906.000.000) 12/11 23:15:09 Job terminated.
	(1) Normal termination (return value 1)
		Usr 0 00:01:24, Sys 0 00:00:02  -  Run Remote Usage
		Usr 0 00:00:00, Sys 0 00:00:00  -  Run Local Usage
		Usr 0 00:01:24, Sys 0 00:00:02  -  Total Remote Usage
		Usr 0 00:00:00, Sys 0 00:00:00  -  Total Local Usage
	0  -  Run Bytes Sent By Job
	0  -  Run Bytes Received By Job
	0  -  Total Bytes Sent By Job
	0  -  Total Bytes Received By Job
	Partitionable Resources :    Usage  Request Allocated
	   Cpus                 :                 1         1
	   Disk (KB)            :        1        1  13384446
	   Memory (MB)          :       33        1      6441
...
000 (8916068.000.000) 12/11 23:23:23 Job submitted from host: <10.10.48.31:12542?addrs=10.10.48.31-12542>
...
001 (8916068.000.000) 12/11 23:23:33 Job executing on host: <10.10.48.35:61041?addrs=10.10.48.35-61041>
...
006 (8916068.000.000) 12/11 23:23:42 Image size of job updated: 1
	2  -  MemoryUsage of job (MB)
	1816  -  ResidentSetSize of job (KB)
...
006 (8916068.000.000) 12/11 23:26:06 Image size of job updated: 193072
	2  -  MemoryUsage of job (MB)
	1816  -  ResidentSetSize of job (KB)
...
005 (8916068.000.000) 12/11 23:26:06 Job terminated.
	(1) Normal termination (return value 0)
		Usr 0 00:01:00, Sys 0 00:00:01  -  Run Remote Usage
		Usr 0 00:00:00, Sys 0 00:00:00  -  Run Local Usage
		Usr 0 00:01:00, Sys 0 00:00:01  -  Total Remote Usage
		Usr 0 00:00:00, Sys 0 00:00:00  -  Total Local Usage
	0  -  Run Bytes Sent By Job
	0  -  Run Bytes Received By Job
	0  -  Total Bytes Sent By Job
	0  -  Total Bytes Received By Job
	Partitionable Resources :    Usage  Request Allocated
	   Cpus                 :                 1         1
	   Disk (KB)            :        1        1  16721084
	   Memory (MB)          :        2        1      4023
...
