000 (8914256.000.000) 12/10 23:42:44 Job submitted from host: <10.10.48.31:12542?addrs=10.10.48.31-12542>
...
001 (8914256.000.000) 12/10 23:43:02 Job executing on host: <10.10.48.133:42257?addrs=10.10.48.133-42257>
...
006 (8914256.000.000) 12/10 23:43:02 Image size of job updated: 170512
	0  -  MemoryUsage of job (MB)
	0  -  ResidentSetSize of job (KB)
...
005 (8914256.000.000) 12/10 23:43:05 Job terminated.
	(1) Normal termination (return value 1)
		Usr 0 00:00:00, Sys 0 00:00:00  -  Run Remote Usage
		Usr 0 00:00:00, Sys 0 00:00:00  -  Run Local Usage
		Usr 0 00:00:00, Sys 0 00:00:00  -  Total Remote Usage
		Usr 0 00:00:00, Sys 0 00:00:00  -  Total Local Usage
	0  -  Run Bytes Sent By Job
	0  -  Run Bytes Received By Job
	0  -  Total Bytes Sent By Job
	0  -  Total Bytes Received By Job
	Partitionable Resources :    Usage  Request Allocated
	   Cpus                 :                 1         1
	   Disk (KB)            :        1        1  13386734
	   Memory (MB)          :        0        1      6441
...
000 (8914418.000.000) 12/10 23:48:57 Job submitted from host: <10.10.48.31:12542?addrs=10.10.48.31-12542>
...
001 (8914418.000.000) 12/10 23:49:54 Job executing on host: <10.10.48.133:42257?addrs=10.10.48.133-42257>
...
006 (8914418.000.000) 12/10 23:50:02 Image size of job updated: 185860
	34  -  MemoryUsage of job (MB)
	34056  -  ResidentSetSize of job (KB)
...
006 (8914418.000.000) 12/10 23:52:29 Image size of job updated: 190940
	34  -  MemoryUsage of job (MB)
	34056  -  ResidentSetSize of job (KB)
...
005 (8914418.000.000) 12/10 23:52:30 Job terminated.
	(1) Normal termination (return value 0)
		Usr 0 00:01:31, Sys 0 00:00:01  -  Run Remote Usage
		Usr 0 00:00:00, Sys 0 00:00:00  -  Run Local Usage
		Usr 0 00:01:31, Sys 0 00:00:01  -  Total Remote Usage
		Usr 0 00:00:00, Sys 0 00:00:00  -  Total Local Usage
	0  -  Run Bytes Sent By Job
	0  -  Run Bytes Received By Job
	0  -  Total Bytes Sent By Job
	0  -  Total Bytes Received By Job
	Partitionable Resources :    Usage  Request Allocated
	   Cpus                 :                 1         1
	   Disk (KB)            :        1        1  13386671
	   Memory (MB)          :       34        1      6441
...
000 (8914580.000.000) 12/11 16:48:16 Job submitted from host: <10.10.48.31:12542?addrs=10.10.48.31-12542>
...
001 (8914580.000.000) 12/11 16:48:36 Job executing on host: <10.10.48.141:50603?addrs=10.10.48.141-50603>
...
006 (8914580.000.000) 12/11 16:48:45 Image size of job updated: 185852
	34  -  MemoryUsage of job (MB)
	33896  -  ResidentSetSize of job (KB)
...
006 (8914580.000.000) 12/11 16:52:03 Image size of job updated: 190980
	34  -  MemoryUsage of job (MB)
	33896  -  ResidentSetSize of job (KB)
...
005 (8914580.000.000) 12/11 16:52:03 Job terminated.
	(1) Normal termination (return value 0)
		Usr 0 00:01:29, Sys 0 00:00:01  -  Run Remote Usage
		Usr 0 00:00:00, Sys 0 00:00:00  -  Run Local Usage
		Usr 0 00:01:29, Sys 0 00:00:01  -  Total Remote Usage
		Usr 0 00:00:00, Sys 0 00:00:00  -  Total Local Usage
	0  -  Run Bytes Sent By Job
	0  -  Run Bytes Received By Job
	0  -  Total Bytes Sent By Job
	0  -  Total Bytes Received By Job
	Partitionable Resources :    Usage  Request Allocated
	   Cpus                 :                 1         1
	   Disk (KB)            :        1        1  13376623
	   Memory (MB)          :       34        1      6441
...
000 (8915342.000.000) 12/11 17:17:46 Job submitted from host: <10.10.48.31:12542?addrs=10.10.48.31-12542>
...
001 (8915342.000.000) 12/11 17:18:36 Job executing on host: <10.10.48.33:59750?addrs=10.10.48.33-59750>
...
006 (8915342.000.000) 12/11 17:18:45 Image size of job updated: 190836
	37  -  MemoryUsage of job (MB)
	37824  -  ResidentSetSize of job (KB)
...
006 (8915342.000.000) 12/11 17:19:53 Image size of job updated: 192624
	37  -  MemoryUsage of job (MB)
	37824  -  ResidentSetSize of job (KB)
...
005 (8915342.000.000) 12/11 17:19:53 Job terminated.
	(1) Normal termination (return value 0)
		Usr 0 00:01:05, Sys 0 00:00:01  -  Run Remote Usage
		Usr 0 00:00:00, Sys 0 00:00:00  -  Run Local Usage
		Usr 0 00:01:05, Sys 0 00:00:01  -  Total Remote Usage
		Usr 0 00:00:00, Sys 0 00:00:00  -  Total Local Usage
	0  -  Run Bytes Sent By Job
	0  -  Run Bytes Received By Job
	0  -  Total Bytes Sent By Job
	0  -  Total Bytes Received By Job
	Partitionable Resources :    Usage  Request Allocated
	   Cpus                 :                 1         1
	   Disk (KB)            :        1        1  16723661
	   Memory (MB)          :       37        1      4023
...
000 (8915504.000.000) 12/11 22:46:51 Job submitted from host: <10.10.48.31:12542?addrs=10.10.48.31-12542>
...
001 (8915504.000.000) 12/11 22:47:11 Job executing on host: <10.10.48.141:50603?addrs=10.10.48.141-50603>
...
006 (8915504.000.000) 12/11 22:47:20 Image size of job updated: 185784
	32  -  MemoryUsage of job (MB)
	32344  -  ResidentSetSize of job (KB)
...
006 (8915504.000.000) 12/11 22:51:36 Image size of job updated: 193036
	32  -  MemoryUsage of job (MB)
	32344  -  ResidentSetSize of job (KB)
...
005 (8915504.000.000) 12/11 22:51:36 Job terminated.
	(1) Normal termination (return value 0)
		Usr 0 00:02:11, Sys 0 00:00:02  -  Run Remote Usage
		Usr 0 00:00:00, Sys 0 00:00:00  -  Run Local Usage
		Usr 0 00:02:11, Sys 0 00:00:02  -  Total Remote Usage
		Usr 0 00:00:00, Sys 0 00:00:00  -  Total Local Usage
	0  -  Run Bytes Sent By Job
	0  -  Run Bytes Received By Job
	0  -  Total Bytes Sent By Job
	0  -  Total Bytes Received By Job
	Partitionable Resources :    Usage  Request Allocated
	   Cpus                 :                 1         1
	   Disk (KB)            :        1        1  13376574
	   Memory (MB)          :       32        1      6441
...
000 (8915636.000.000) 12/11 22:56:58 Job submitted from host: <10.10.48.31:12542?addrs=10.10.48.31-12542>
...
001 (8915636.000.000) 12/11 22:57:18 Job executing on host: <10.10.48.41:20766?addrs=10.10.48.41-20766>
...
006 (8915636.000.000) 12/11 22:57:27 Image size of job updated: 190848
	39  -  MemoryUsage of job (MB)
	39204  -  ResidentSetSize of job (KB)
...
006 (8915636.000.000) 12/11 22:59:18 Image size of job updated: 192572
	39  -  MemoryUsage of job (MB)
	39204  -  ResidentSetSize of job (KB)
...
005 (8915636.000.000) 12/11 22:59:18 Job terminated.
	(1) Normal termination (return value 0)
		Usr 0 00:01:16, Sys 0 00:00:01  -  Run Remote Usage
		Usr 0 00:00:00, Sys 0 00:00:00  -  Run Local Usage
		Usr 0 00:01:16, Sys 0 00:00:01  -  Total Remote Usage
		Usr 0 00:00:00, Sys 0 00:00:00  -  Total Local Usage
	0  -  Run Bytes Sent By Job
	0  -  Run Bytes Received By Job
	0  -  Total Bytes Sent By Job
	0  -  Total Bytes Received By Job
	Partitionable Resources :    Usage  Request Allocated
	   Cpus                 :                 1         1
	   Disk (KB)            :        1        1  16725236
	   Memory (MB)          :       39        1      4023
...
000 (8915768.000.000) 12/11 23:08:59 Job submitted from host: <10.10.48.31:12542?addrs=10.10.48.31-12542>
...
001 (8915768.000.000) 12/11 23:09:04 Job executing on host: <10.10.48.141:50603?addrs=10.10.48.141-50603>
...
006 (8915768.000.000) 12/11 23:09:12 Image size of job updated: 190424
	38  -  MemoryUsage of job (MB)
	38568  -  ResidentSetSize of job (KB)
...
006 (8915768.000.000) 12/11 23:10:49 Image size of job updated: 190536
	38  -  MemoryUsage of job (MB)
	38568  -  ResidentSetSize of job (KB)
...
005 (8915768.000.000) 12/11 23:10:49 Job terminated.
	(1) Normal termination (return value 1)
		Usr 0 00:00:38, Sys 0 00:00:00  -  Run Remote Usage
		Usr 0 00:00:00, Sys 0 00:00:00  -  Run Local Usage
		Usr 0 00:00:38, Sys 0 00:00:00  -  Total Remote Usage
		Usr 0 00:00:00, Sys 0 00:00:00  -  Total Local Usage
	0  -  Run Bytes Sent By Job
	0  -  Run Bytes Received By Job
	0  -  Total Bytes Sent By Job
	0  -  Total Bytes Received By Job
	Partitionable Resources :    Usage  Request Allocated
	   Cpus                 :                 1         1
	   Disk (KB)            :        1        1  13376523
	   Memory (MB)          :       38        1      6441
...
000 (8915930.000.000) 12/11 23:22:21 Job submitted from host: <10.10.48.31:12542?addrs=10.10.48.31-12542>
...
001 (8915930.000.000) 12/11 23:22:37 Job executing on host: <10.10.48.41:20766?addrs=10.10.48.41-20766>
...
006 (8915930.000.000) 12/11 23:22:45 Image size of job updated: 190488
	39  -  MemoryUsage of job (MB)
	39284  -  ResidentSetSize of job (KB)
...
006 (8915930.000.000) 12/11 23:25:44 Image size of job updated: 190556
	39  -  MemoryUsage of job (MB)
	39284  -  ResidentSetSize of job (KB)
...
005 (8915930.000.000) 12/11 23:25:44 Job terminated.
	(1) Normal termination (return value 0)
		Usr 0 00:00:39, Sys 0 00:00:01  -  Run Remote Usage
		Usr 0 00:00:00, Sys 0 00:00:00  -  Run Local Usage
		Usr 0 00:00:39, Sys 0 00:00:01  -  Total Remote Usage
		Usr 0 00:00:00, Sys 0 00:00:00  -  Total Local Usage
	0  -  Run Bytes Sent By Job
	0  -  Run Bytes Received By Job
	0  -  Total Bytes Sent By Job
	0  -  Total Bytes Received By Job
	Partitionable Resources :    Usage  Request Allocated
	   Cpus                 :                 1         1
	   Disk (KB)            :        1        1  16725172
	   Memory (MB)          :       39        1      4023
...
000 (8916093.000.000) 12/12 14:23:29 Job submitted from host: <10.10.48.31:12542?addrs=10.10.48.31-12542>
...
001 (8916093.000.000) 12/12 14:23:48 Job executing on host: <10.10.48.141:50603?addrs=10.10.48.141-50603>
...
006 (8916093.000.000) 12/12 14:23:57 Image size of job updated: 179440
	29  -  MemoryUsage of job (MB)
	29348  -  ResidentSetSize of job (KB)
...
006 (8916093.000.000) 12/12 14:27:56 Image size of job updated: 192876
	29  -  MemoryUsage of job (MB)
	29348  -  ResidentSetSize of job (KB)
...
005 (8916093.000.000) 12/12 14:27:56 Job terminated.
	(1) Normal termination (return value 0)
		Usr 0 00:00:51, Sys 0 00:00:01  -  Run Remote Usage
		Usr 0 00:00:00, Sys 0 00:00:00  -  Run Local Usage
		Usr 0 00:00:51, Sys 0 00:00:01  -  Total Remote Usage
		Usr 0 00:00:00, Sys 0 00:00:00  -  Total Local Usage
	0  -  Run Bytes Sent By Job
	0  -  Run Bytes Received By Job
	0  -  Total Bytes Sent By Job
	0  -  Total Bytes Received By Job
	Partitionable Resources :    Usage  Request Allocated
	   Cpus                 :                 1         1
	   Disk (KB)            :        1        1  13376559
	   Memory (MB)          :       29        1      6441
...
000 (9637138.000.000) 02/27 16:01:32 Job submitted from host: <10.10.48.31:15410?addrs=10.10.48.31-15410>
...
001 (9637138.000.000) 02/27 16:01:49 Job executing on host: <10.10.48.35:24288?addrs=10.10.48.35-24288>
...
006 (9637138.000.000) 02/27 16:01:58 Image size of job updated: 176160
	29  -  MemoryUsage of job (MB)
	28928  -  ResidentSetSize of job (KB)
...
006 (9637138.000.000) 02/27 16:06:59 Image size of job updated: 190832
	37  -  MemoryUsage of job (MB)
	37808  -  ResidentSetSize of job (KB)
...
006 (9637138.000.000) 02/27 16:12:00 Image size of job updated: 190956
	40  -  MemoryUsage of job (MB)
	40908  -  ResidentSetSize of job (KB)
...
005 (9637138.000.000) 02/27 16:17:23 Job terminated.
	(1) Normal termination (return value 0)
		Usr 0 00:02:06, Sys 0 00:00:02  -  Run Remote Usage
		Usr 0 00:00:00, Sys 0 00:00:00  -  Run Local Usage
		Usr 0 00:02:06, Sys 0 00:00:02  -  Total Remote Usage
		Usr 0 00:00:00, Sys 0 00:00:00  -  Total Local Usage
	0  -  Run Bytes Sent By Job
	0  -  Run Bytes Received By Job
	0  -  Total Bytes Sent By Job
	0  -  Total Bytes Received By Job
	Partitionable Resources :    Usage  Request Allocated
	   Cpus                 :                 1         1
	   Disk (KB)            :        1        1  16724161
	   Memory (MB)          :       40        1      4023
...
000 (9643719.000.000) 02/27 20:47:08 Job submitted from host: <10.10.48.31:15410?addrs=10.10.48.31-15410>
...
001 (9643719.000.000) 02/27 20:47:18 Job executing on host: <10.10.48.143:56523?addrs=10.10.48.143-56523>
...
006 (9643719.000.000) 02/27 20:47:19 Image size of job updated: 230888
	0  -  MemoryUsage of job (MB)
	0  -  ResidentSetSize of job (KB)
...
005 (9643719.000.000) 02/27 20:47:20 Job terminated.
	(1) Normal termination (return value 0)
		Usr 0 00:00:00, Sys 0 00:00:00  -  Run Remote Usage
		Usr 0 00:00:00, Sys 0 00:00:00  -  Run Local Usage
		Usr 0 00:00:00, Sys 0 00:00:00  -  Total Remote Usage
		Usr 0 00:00:00, Sys 0 00:00:00  -  Total Local Usage
	0  -  Run Bytes Sent By Job
	0  -  Run Bytes Received By Job
	0  -  Total Bytes Sent By Job
	0  -  Total Bytes Received By Job
	Partitionable Resources :    Usage  Request Allocated
	   Cpus                 :                 1         1
	   Disk (KB)            :        1        1  13384575
	   Memory (MB)          :        0        1      6441
...
