000 (8914395.000.000) 12/10 23:43:10 Job submitted from host: <10.10.48.31:12542?addrs=10.10.48.31-12542>
...
001 (8914395.000.000) 12/10 23:45:14 Job executing on host: <10.10.48.41:20766?addrs=10.10.48.41-20766>
...
006 (8914395.000.000) 12/10 23:45:14 Image size of job updated: 167740
	0  -  MemoryUsage of job (MB)
	0  -  ResidentSetSize of job (KB)
...
005 (8914395.000.000) 12/10 23:45:14 Job terminated.
	(1) Normal termination (return value 1)
		Usr 0 00:00:00, Sys 0 00:00:00  -  Run Remote Usage
		Usr 0 00:00:00, Sys 0 00:00:00  -  Run Local Usage
		Usr 0 00:00:00, Sys 0 00:00:00  -  Total Remote Usage
		Usr 0 00:00:00, Sys 0 00:00:00  -  Total Local Usage
	0  -  Run Bytes Sent By Job
	0  -  Run Bytes Received By Job
	0  -  Total Bytes Sent By Job
	0  -  Total Bytes Received By Job
	Partitionable Resources :    Usage  Request Allocated
	   Cpus                 :                 1         1
	   Disk (KB)            :        1        1  16725280
	   Memory (MB)          :        0        1      4023
...
000 (8914557.000.000) 12/10 23:52:08 Job submitted from host: <10.10.48.31:12542?addrs=10.10.48.31-12542>
...
001 (8914557.000.000) 12/10 23:53:20 Job executing on host: <10.10.48.132:4924?addrs=10.10.48.132-4924>
...
006 (8914557.000.000) 12/10 23:53:28 Image size of job updated: 192524
	40  -  MemoryUsage of job (MB)
	39992  -  ResidentSetSize of job (KB)
...
005 (8914557.000.000) 12/10 23:53:44 Job terminated.
	(1) Normal termination (return value 0)
		Usr 0 00:00:10, Sys 0 00:00:00  -  Run Remote Usage
		Usr 0 00:00:00, Sys 0 00:00:00  -  Run Local Usage
		Usr 0 00:00:10, Sys 0 00:00:00  -  Total Remote Usage
		Usr 0 00:00:00, Sys 0 00:00:00  -  Total Local Usage
	0  -  Run Bytes Sent By Job
	0  -  Run Bytes Received By Job
	0  -  Total Bytes Sent By Job
	0  -  Total Bytes Received By Job
	Partitionable Resources :    Usage  Request Allocated
	   Cpus                 :                 1         1
	   Disk (KB)            :        1        1  13378013
	   Memory (MB)          :       40        1      6441
...
000 (8914719.000.000) 12/11 16:51:28 Job submitted from host: <10.10.48.31:12542?addrs=10.10.48.31-12542>
...
001 (8914719.000.000) 12/11 16:51:33 Job executing on host: <10.10.48.143:50448?addrs=10.10.48.143-50448>
...
006 (8914719.000.000) 12/11 16:51:42 Image size of job updated: 192264
	38  -  MemoryUsage of job (MB)
	38296  -  ResidentSetSize of job (KB)
...
006 (8914719.000.000) 12/11 16:52:04 Image size of job updated: 192416
	38  -  MemoryUsage of job (MB)
	38296  -  ResidentSetSize of job (KB)
...
005 (8914719.000.000) 12/11 16:52:04 Job terminated.
	(1) Normal termination (return value 0)
		Usr 0 00:00:09, Sys 0 00:00:00  -  Run Remote Usage
		Usr 0 00:00:00, Sys 0 00:00:00  -  Run Local Usage
		Usr 0 00:00:09, Sys 0 00:00:00  -  Total Remote Usage
		Usr 0 00:00:00, Sys 0 00:00:00  -  Total Local Usage
	0  -  Run Bytes Sent By Job
	0  -  Run Bytes Received By Job
	0  -  Total Bytes Sent By Job
	0  -  Total Bytes Received By Job
	Partitionable Resources :    Usage  Request Allocated
	   Cpus                 :                 1         1
	   Disk (KB)            :        1        1  13384504
	   Memory (MB)          :       38        1      6441
...
000 (8915481.000.000) 12/11 17:19:49 Job submitted from host: <10.10.48.31:12542?addrs=10.10.48.31-12542>
...
001 (8915481.000.000) 12/11 17:20:21 Job executing on host: <10.10.48.42:24954?addrs=10.10.48.42-24954>
...
006 (8915481.000.000) 12/11 17:20:30 Image size of job updated: 192508
	39  -  MemoryUsage of job (MB)
	39620  -  ResidentSetSize of job (KB)
...
005 (8915481.000.000) 12/11 17:20:31 Job terminated.
	(1) Normal termination (return value 0)
		Usr 0 00:00:01, Sys 0 00:00:00  -  Run Remote Usage
		Usr 0 00:00:00, Sys 0 00:00:00  -  Run Local Usage
		Usr 0 00:00:01, Sys 0 00:00:00  -  Total Remote Usage
		Usr 0 00:00:00, Sys 0 00:00:00  -  Total Local Usage
	0  -  Run Bytes Sent By Job
	0  -  Run Bytes Received By Job
	0  -  Total Bytes Sent By Job
	0  -  Total Bytes Received By Job
	Partitionable Resources :    Usage  Request Allocated
	   Cpus                 :                 1         1
	   Disk (KB)            :        1        1  16729390
	   Memory (MB)          :       39        1      4023
...
000 (8915907.000.000) 12/11 23:11:15 Job submitted from host: <10.10.48.31:12542?addrs=10.10.48.31-12542>
...
001 (8915907.000.000) 12/11 23:11:20 Job executing on host: <10.10.48.145:26377?addrs=10.10.48.145-26377>
...
006 (8915907.000.000) 12/11 23:11:28 Image size of job updated: 184884
	33  -  MemoryUsage of job (MB)
	33164  -  ResidentSetSize of job (KB)
...
006 (8915907.000.000) 12/11 23:11:38 Image size of job updated: 192728
	33  -  MemoryUsage of job (MB)
	33164  -  ResidentSetSize of job (KB)
...
005 (8915907.000.000) 12/11 23:11:38 Job terminated.
	(1) Normal termination (return value 1)
		Usr 0 00:00:03, Sys 0 00:00:00  -  Run Remote Usage
		Usr 0 00:00:00, Sys 0 00:00:00  -  Run Local Usage
		Usr 0 00:00:03, Sys 0 00:00:00  -  Total Remote Usage
		Usr 0 00:00:00, Sys 0 00:00:00  -  Total Local Usage
	0  -  Run Bytes Sent By Job
	0  -  Run Bytes Received By Job
	0  -  Total Bytes Sent By Job
	0  -  Total Bytes Received By Job
	Partitionable Resources :    Usage  Request Allocated
	   Cpus                 :                 1         1
	   Disk (KB)            :        1        1  13384436
	   Memory (MB)          :       33        1      6441
...
000 (8916069.000.000) 12/11 23:23:31 Job submitted from host: <10.10.48.31:12542?addrs=10.10.48.31-12542>
...
001 (8916069.000.000) 12/11 23:23:36 Job executing on host: <10.10.48.139:49429?addrs=10.10.48.139-49429>
...
006 (8916069.000.000) 12/11 23:23:44 Image size of job updated: 190256
	37  -  MemoryUsage of job (MB)
	37124  -  ResidentSetSize of job (KB)
...
006 (8916069.000.000) 12/11 23:23:46 Image size of job updated: 192868
	37  -  MemoryUsage of job (MB)
	37124  -  ResidentSetSize of job (KB)
...
005 (8916069.000.000) 12/11 23:23:46 Job terminated.
	(1) Normal termination (return value 0)
		Usr 0 00:00:04, Sys 0 00:00:00  -  Run Remote Usage
		Usr 0 00:00:00, Sys 0 00:00:00  -  Run Local Usage
		Usr 0 00:00:04, Sys 0 00:00:00  -  Total Remote Usage
		Usr 0 00:00:00, Sys 0 00:00:00  -  Total Local Usage
	0  -  Run Bytes Sent By Job
	0  -  Run Bytes Received By Job
	0  -  Total Bytes Sent By Job
	0  -  Total Bytes Received By Job
	Partitionable Resources :    Usage  Request Allocated
	   Cpus                 :                 1         1
	   Disk (KB)            :        1        1  13385070
	   Memory (MB)          :       37        1      6441
...
