000 (8914318.000.000) 12/10 23:42:56 Job submitted from host: <10.10.48.31:12542?addrs=10.10.48.31-12542>
...
001 (8914318.000.000) 12/10 23:43:04 Job executing on host: <10.10.48.133:42257?addrs=10.10.48.133-42257>
...
006 (8914318.000.000) 12/10 23:43:05 Image size of job updated: 175912
	0  -  MemoryUsage of job (MB)
	0  -  ResidentSetSize of job (KB)
...
005 (8914318.000.000) 12/10 23:43:05 Job terminated.
	(1) Normal termination (return value 1)
		Usr 0 00:00:00, Sys 0 00:00:00  -  Run Remote Usage
		Usr 0 00:00:00, Sys 0 00:00:00  -  Run Local Usage
		Usr 0 00:00:00, Sys 0 00:00:00  -  Total Remote Usage
		Usr 0 00:00:00, Sys 0 00:00:00  -  Total Local Usage
	0  -  Run Bytes Sent By Job
	0  -  Run Bytes Received By Job
	0  -  Total Bytes Sent By Job
	0  -  Total Bytes Received By Job
	Partitionable Resources :    Usage  Request Allocated
	   Cpus                 :                 1         1
	   Disk (KB)            :        1        1  13386734
	   Memory (MB)          :        0        1      6441
...
000 (8914480.000.000) 12/10 23:49:05 Job submitted from host: <10.10.48.31:12542?addrs=10.10.48.31-12542>
...
001 (8914480.000.000) 12/10 23:49:20 Job executing on host: <10.10.48.35:61041?addrs=10.10.48.35-61041>
...
006 (8914480.000.000) 12/10 23:49:28 Image size of job updated: 176152
	30  -  MemoryUsage of job (MB)
	30220  -  ResidentSetSize of job (KB)
...
006 (8914480.000.000) 12/10 23:49:48 Image size of job updated: 192324
	30  -  MemoryUsage of job (MB)
	30220  -  ResidentSetSize of job (KB)
...
005 (8914480.000.000) 12/10 23:49:48 Job terminated.
	(1) Normal termination (return value 0)
		Usr 0 00:00:13, Sys 0 00:00:00  -  Run Remote Usage
		Usr 0 00:00:00, Sys 0 00:00:00  -  Run Local Usage
		Usr 0 00:00:13, Sys 0 00:00:00  -  Total Remote Usage
		Usr 0 00:00:00, Sys 0 00:00:00  -  Total Local Usage
	0  -  Run Bytes Sent By Job
	0  -  Run Bytes Received By Job
	0  -  Total Bytes Sent By Job
	0  -  Total Bytes Received By Job
	Partitionable Resources :    Usage  Request Allocated
	   Cpus                 :                 1         1
	   Disk (KB)            :        1        1  16721129
	   Memory (MB)          :       30        1      4023
...
000 (8914642.000.000) 12/11 16:48:24 Job submitted from host: <10.10.48.31:12542?addrs=10.10.48.31-12542>
...
001 (8914642.000.000) 12/11 16:48:38 Job executing on host: <10.10.48.145:26377?addrs=10.10.48.145-26377>
...
006 (8914642.000.000) 12/11 16:48:47 Image size of job updated: 185832
	32  -  MemoryUsage of job (MB)
	32500  -  ResidentSetSize of job (KB)
...
006 (8914642.000.000) 12/11 16:49:22 Image size of job updated: 192604
	32  -  MemoryUsage of job (MB)
	32500  -  ResidentSetSize of job (KB)
...
005 (8914642.000.000) 12/11 16:49:22 Job terminated.
	(1) Normal termination (return value 0)
		Usr 0 00:00:15, Sys 0 00:00:00  -  Run Remote Usage
		Usr 0 00:00:00, Sys 0 00:00:00  -  Run Local Usage
		Usr 0 00:00:15, Sys 0 00:00:00  -  Total Remote Usage
		Usr 0 00:00:00, Sys 0 00:00:00  -  Total Local Usage
	0  -  Run Bytes Sent By Job
	0  -  Run Bytes Received By Job
	0  -  Total Bytes Sent By Job
	0  -  Total Bytes Received By Job
	Partitionable Resources :    Usage  Request Allocated
	   Cpus                 :                 1         1
	   Disk (KB)            :        1        1  13384492
	   Memory (MB)          :       32        1      6441
...
000 (8915404.000.000) 12/11 17:17:53 Job submitted from host: <10.10.48.31:12542?addrs=10.10.48.31-12542>
...
001 (8915404.000.000) 12/11 17:18:05 Job executing on host: <10.10.48.135:49492?addrs=10.10.48.135-49492>
...
006 (8915404.000.000) 12/11 17:18:13 Image size of job updated: 185852
	32  -  MemoryUsage of job (MB)
	32696  -  ResidentSetSize of job (KB)
...
006 (8915404.000.000) 12/11 17:18:25 Image size of job updated: 192548
	32  -  MemoryUsage of job (MB)
	32696  -  ResidentSetSize of job (KB)
...
005 (8915404.000.000) 12/11 17:18:25 Job terminated.
	(1) Normal termination (return value 0)
		Usr 0 00:00:09, Sys 0 00:00:00  -  Run Remote Usage
		Usr 0 00:00:00, Sys 0 00:00:00  -  Run Local Usage
		Usr 0 00:00:09, Sys 0 00:00:00  -  Total Remote Usage
		Usr 0 00:00:00, Sys 0 00:00:00  -  Total Local Usage
	0  -  Run Bytes Sent By Job
	0  -  Run Bytes Received By Job
	0  -  Total Bytes Sent By Job
	0  -  Total Bytes Received By Job
	Partitionable Resources :    Usage  Request Allocated
	   Cpus                 :                 1         1
	   Disk (KB)            :        1        1  13377146
	   Memory (MB)          :       32        1      6441
...
000 (8915566.000.000) 12/11 22:46:59 Job submitted from host: <10.10.48.31:12542?addrs=10.10.48.31-12542>
...
001 (8915566.000.000) 12/11 22:47:13 Job executing on host: <10.10.48.145:26377?addrs=10.10.48.145-26377>
...
006 (8915566.000.000) 12/11 22:47:22 Image size of job updated: 185868
	34  -  MemoryUsage of job (MB)
	33920  -  ResidentSetSize of job (KB)
...
006 (8915566.000.000) 12/11 22:48:41 Image size of job updated: 192360
	34  -  MemoryUsage of job (MB)
	33920  -  ResidentSetSize of job (KB)
...
005 (8915566.000.000) 12/11 22:48:42 Job terminated.
	(1) Normal termination (return value 0)
		Usr 0 00:00:28, Sys 0 00:00:00  -  Run Remote Usage
		Usr 0 00:00:00, Sys 0 00:00:00  -  Run Local Usage
		Usr 0 00:00:28, Sys 0 00:00:00  -  Total Remote Usage
		Usr 0 00:00:00, Sys 0 00:00:00  -  Total Local Usage
	0  -  Run Bytes Sent By Job
	0  -  Run Bytes Received By Job
	0  -  Total Bytes Sent By Job
	0  -  Total Bytes Received By Job
	Partitionable Resources :    Usage  Request Allocated
	   Cpus                 :                 1         1
	   Disk (KB)            :        1        1  13384482
	   Memory (MB)          :       34        1      6441
...
000 (8915698.000.000) 12/11 22:57:15 Job submitted from host: <10.10.48.31:12542?addrs=10.10.48.31-12542>
...
001 (8915698.000.000) 12/11 22:57:24 Job executing on host: <10.10.48.141:50603?addrs=10.10.48.141-50603>
...
006 (8915698.000.000) 12/11 22:57:33 Image size of job updated: 185860
	34  -  MemoryUsage of job (MB)
	34228  -  ResidentSetSize of job (KB)
...
006 (8915698.000.000) 12/11 22:58:16 Image size of job updated: 192372
	34  -  MemoryUsage of job (MB)
	34228  -  ResidentSetSize of job (KB)
...
005 (8915698.000.000) 12/11 22:58:16 Job terminated.
	(1) Normal termination (return value 0)
		Usr 0 00:00:23, Sys 0 00:00:00  -  Run Remote Usage
		Usr 0 00:00:00, Sys 0 00:00:00  -  Run Local Usage
		Usr 0 00:00:23, Sys 0 00:00:00  -  Total Remote Usage
		Usr 0 00:00:00, Sys 0 00:00:00  -  Total Local Usage
	0  -  Run Bytes Sent By Job
	0  -  Run Bytes Received By Job
	0  -  Total Bytes Sent By Job
	0  -  Total Bytes Received By Job
	Partitionable Resources :    Usage  Request Allocated
	   Cpus                 :                 1         1
	   Disk (KB)            :        1        1  13376548
	   Memory (MB)          :       34        1      6441
...
000 (8915830.000.000) 12/11 23:09:09 Job submitted from host: <10.10.48.31:12542?addrs=10.10.48.31-12542>
...
001 (8915830.000.000) 12/11 23:09:24 Job executing on host: <10.10.48.145:26377?addrs=10.10.48.145-26377>
...
006 (8915830.000.000) 12/11 23:09:33 Image size of job updated: 185188
	33  -  MemoryUsage of job (MB)
	33520  -  ResidentSetSize of job (KB)
...
006 (8915830.000.000) 12/11 23:09:49 Image size of job updated: 192876
	33  -  MemoryUsage of job (MB)
	33520  -  ResidentSetSize of job (KB)
...
005 (8915830.000.000) 12/11 23:09:49 Job terminated.
	(1) Normal termination (return value 1)
		Usr 0 00:00:02, Sys 0 00:00:00  -  Run Remote Usage
		Usr 0 00:00:00, Sys 0 00:00:00  -  Run Local Usage
		Usr 0 00:00:02, Sys 0 00:00:00  -  Total Remote Usage
		Usr 0 00:00:00, Sys 0 00:00:00  -  Total Local Usage
	0  -  Run Bytes Sent By Job
	0  -  Run Bytes Received By Job
	0  -  Total Bytes Sent By Job
	0  -  Total Bytes Received By Job
	Partitionable Resources :    Usage  Request Allocated
	   Cpus                 :                 1         1
	   Disk (KB)            :        1        1  13384436
	   Memory (MB)          :       33        1      6441
...
000 (8915992.000.000) 12/11 23:22:28 Job submitted from host: <10.10.48.31:12542?addrs=10.10.48.31-12542>
...
001 (8915992.000.000) 12/11 23:22:44 Job executing on host: <10.10.48.145:26377?addrs=10.10.48.145-26377>
...
006 (8915992.000.000) 12/11 23:22:50 Image size of job updated: 192876
	0  -  MemoryUsage of job (MB)
	0  -  ResidentSetSize of job (KB)
...
005 (8915992.000.000) 12/11 23:22:50 Job terminated.
	(1) Normal termination (return value 0)
		Usr 0 00:00:01, Sys 0 00:00:00  -  Run Remote Usage
		Usr 0 00:00:00, Sys 0 00:00:00  -  Run Local Usage
		Usr 0 00:00:01, Sys 0 00:00:00  -  Total Remote Usage
		Usr 0 00:00:00, Sys 0 00:00:00  -  Total Local Usage
	0  -  Run Bytes Sent By Job
	0  -  Run Bytes Received By Job
	0  -  Total Bytes Sent By Job
	0  -  Total Bytes Received By Job
	Partitionable Resources :    Usage  Request Allocated
	   Cpus                 :                 1         1
	   Disk (KB)            :        1        1  13384458
	   Memory (MB)          :        0        1      6441
...
000 (8916155.000.000) 12/12 14:23:37 Job submitted from host: <10.10.48.31:12542?addrs=10.10.48.31-12542>
...
001 (8916155.000.000) 12/12 14:23:50 Job executing on host: <10.10.48.145:26377?addrs=10.10.48.145-26377>
...
006 (8916155.000.000) 12/12 14:23:59 Image size of job updated: 179436
	28  -  MemoryUsage of job (MB)
	27896  -  ResidentSetSize of job (KB)
...
006 (8916155.000.000) 12/12 14:25:27 Image size of job updated: 196432
	28  -  MemoryUsage of job (MB)
	27896  -  ResidentSetSize of job (KB)
...
005 (8916155.000.000) 12/12 14:25:27 Job terminated.
	(1) Normal termination (return value 0)
		Usr 0 00:00:18, Sys 0 00:00:00  -  Run Remote Usage
		Usr 0 00:00:00, Sys 0 00:00:00  -  Run Local Usage
		Usr 0 00:00:18, Sys 0 00:00:00  -  Total Remote Usage
		Usr 0 00:00:00, Sys 0 00:00:00  -  Total Local Usage
	0  -  Run Bytes Sent By Job
	0  -  Run Bytes Received By Job
	0  -  Total Bytes Sent By Job
	0  -  Total Bytes Received By Job
	Partitionable Resources :    Usage  Request Allocated
	   Cpus                 :                 1         1
	   Disk (KB)            :        1        1  13384493
	   Memory (MB)          :       28        1      6441
...
000 (9637200.000.000) 02/27 16:01:39 Job submitted from host: <10.10.48.31:15410?addrs=10.10.48.31-15410>
...
001 (9637200.000.000) 02/27 16:01:50 Job executing on host: <10.10.48.45:40029?addrs=10.10.48.45-40029>
...
006 (9637200.000.000) 02/27 16:01:58 Image size of job updated: 176160
	29  -  MemoryUsage of job (MB)
	28904  -  ResidentSetSize of job (KB)
...
006 (9637200.000.000) 02/27 16:03:13 Image size of job updated: 186016
	29  -  MemoryUsage of job (MB)
	28904  -  ResidentSetSize of job (KB)
...
005 (9637200.000.000) 02/27 16:03:13 Job terminated.
	(1) Normal termination (return value 255)
		Usr 0 00:00:00, Sys 0 00:00:00  -  Run Remote Usage
		Usr 0 00:00:00, Sys 0 00:00:00  -  Run Local Usage
		Usr 0 00:00:00, Sys 0 00:00:00  -  Total Remote Usage
		Usr 0 00:00:00, Sys 0 00:00:00  -  Total Local Usage
	0  -  Run Bytes Sent By Job
	0  -  Run Bytes Received By Job
	0  -  Total Bytes Sent By Job
	0  -  Total Bytes Received By Job
	Partitionable Resources :    Usage  Request Allocated
	   Cpus                 :                 1         1
	   Disk (KB)            :        1        1  16195855
	   Memory (MB)          :       29        1      4023
...
000 (9643781.000.000) 02/27 20:47:18 Job submitted from host: <10.10.48.31:15410?addrs=10.10.48.31-15410>
...
001 (9643781.000.000) 02/27 20:47:19 Job executing on host: <10.10.48.143:56523?addrs=10.10.48.143-56523>
...
006 (9643781.000.000) 02/27 20:47:21 Image size of job updated: 252336
	0  -  MemoryUsage of job (MB)
	0  -  ResidentSetSize of job (KB)
...
005 (9643781.000.000) 02/27 20:47:21 Job terminated.
	(1) Normal termination (return value 10)
		Usr 0 00:00:00, Sys 0 00:00:00  -  Run Remote Usage
		Usr 0 00:00:00, Sys 0 00:00:00  -  Run Local Usage
		Usr 0 00:00:00, Sys 0 00:00:00  -  Total Remote Usage
		Usr 0 00:00:00, Sys 0 00:00:00  -  Total Local Usage
	0  -  Run Bytes Sent By Job
	0  -  Run Bytes Received By Job
	0  -  Total Bytes Sent By Job
	0  -  Total Bytes Received By Job
	Partitionable Resources :    Usage  Request Allocated
	   Cpus                 :                 1         1
	   Disk (KB)            :        1        1  13384575
	   Memory (MB)          :        0        1      6441
...
