000 (9637362.000.000) 02/27 16:05:51 Job submitted from host: <10.10.48.31:15410?addrs=10.10.48.31-15410>
...
001 (9637362.000.000) 02/27 16:05:52 Job executing on host: <10.10.48.33:19062?addrs=10.10.48.33-19062>
...
006 (9637362.000.000) 02/27 16:06:01 Image size of job updated: 185784
	32  -  MemoryUsage of job (MB)
	32532  -  ResidentSetSize of job (KB)
...
006 (9637362.000.000) 02/27 16:11:02 Image size of job updated: 192532
	42  -  MemoryUsage of job (MB)
	42296  -  ResidentSetSize of job (KB)
...
006 (9637362.000.000) 02/27 16:15:29 Image size of job updated: 192536
	42  -  MemoryUsage of job (MB)
	42296  -  ResidentSetSize of job (KB)
...
005 (9637362.000.000) 02/27 16:15:29 Job terminated.
	(1) Normal termination (return value 0)
		Usr 0 00:01:10, Sys 0 00:00:01  -  Run Remote Usage
		Usr 0 00:00:00, Sys 0 00:00:00  -  Run Local Usage
		Usr 0 00:01:10, Sys 0 00:00:01  -  Total Remote Usage
		Usr 0 00:00:00, Sys 0 00:00:00  -  Total Local Usage
	0  -  Run Bytes Sent By Job
	0  -  Run Bytes Received By Job
	0  -  Total Bytes Sent By Job
	0  -  Total Bytes Received By Job
	Partitionable Resources :    Usage  Request Allocated
	   Cpus                 :                 1         1
	   Disk (KB)            :        1        1  16723728
	   Memory (MB)          :       42        1      4023
...
000 (9643889.000.000) 02/27 20:47:37 Job submitted from host: <10.10.48.31:15410?addrs=10.10.48.31-15410>
...
001 (9643889.000.000) 02/27 20:47:38 Job executing on host: <10.10.48.140:16345?addrs=10.10.48.140-16345>
...
006 (9643889.000.000) 02/27 20:47:40 Image size of job updated: 251408
	0  -  MemoryUsage of job (MB)
	0  -  ResidentSetSize of job (KB)
...
005 (9643889.000.000) 02/27 20:47:40 Job terminated.
	(1) Normal termination (return value 5)
		Usr 0 00:00:00, Sys 0 00:00:00  -  Run Remote Usage
		Usr 0 00:00:00, Sys 0 00:00:00  -  Run Local Usage
		Usr 0 00:00:00, Sys 0 00:00:00  -  Total Remote Usage
		Usr 0 00:00:00, Sys 0 00:00:00  -  Total Local Usage
	0  -  Run Bytes Sent By Job
	0  -  Run Bytes Received By Job
	0  -  Total Bytes Sent By Job
	0  -  Total Bytes Received By Job
	Partitionable Resources :    Usage  Request Allocated
	   Cpus                 :                 1         1
	   Disk (KB)            :        1        1  13384693
	   Memory (MB)          :        0        1      6441
...
