000 (9637344.000.000) 02/27 16:05:25 Job submitted from host: <10.10.48.31:15410?addrs=10.10.48.31-15410>
...
001 (9637344.000.000) 02/27 16:05:30 Job executing on host: <10.10.48.40:16453?addrs=10.10.48.40-16453>
...
006 (9637344.000.000) 02/27 16:05:39 Image size of job updated: 185968
	34  -  MemoryUsage of job (MB)
	33900  -  ResidentSetSize of job (KB)
...
006 (9637344.000.000) 02/27 16:10:40 Image size of job updated: 191052
	42  -  MemoryUsage of job (MB)
	42272  -  ResidentSetSize of job (KB)
...
006 (9637344.000.000) 02/27 16:20:41 Image size of job updated: 192704
	42  -  MemoryUsage of job (MB)
	42684  -  ResidentSetSize of job (KB)
...
005 (9637344.000.000) 02/27 16:23:22 Job terminated.
	(1) Normal termination (return value 0)
		Usr 0 00:06:00, Sys 0 00:00:06  -  Run Remote Usage
		Usr 0 00:00:00, Sys 0 00:00:00  -  Run Local Usage
		Usr 0 00:06:00, Sys 0 00:00:06  -  Total Remote Usage
		Usr 0 00:00:00, Sys 0 00:00:00  -  Total Local Usage
	0  -  Run Bytes Sent By Job
	0  -  Run Bytes Received By Job
	0  -  Total Bytes Sent By Job
	0  -  Total Bytes Received By Job
	Partitionable Resources :    Usage  Request Allocated
	   Cpus                 :                 1         1
	   Disk (KB)            :        1        1  16720868
	   Memory (MB)          :       42        1      4023
...
000 (9643872.000.000) 02/27 20:47:34 Job submitted from host: <10.10.48.31:15410?addrs=10.10.48.31-15410>
...
001 (9643872.000.000) 02/27 20:47:36 Job executing on host: <10.10.48.143:56523?addrs=10.10.48.143-56523>
...
006 (9643872.000.000) 02/27 20:47:38 Image size of job updated: 253036
	0  -  MemoryUsage of job (MB)
	0  -  ResidentSetSize of job (KB)
...
005 (9643872.000.000) 02/27 20:47:39 Job terminated.
	(1) Normal termination (return value 0)
		Usr 0 00:00:00, Sys 0 00:00:00  -  Run Remote Usage
		Usr 0 00:00:00, Sys 0 00:00:00  -  Run Local Usage
		Usr 0 00:00:00, Sys 0 00:00:00  -  Total Remote Usage
		Usr 0 00:00:00, Sys 0 00:00:00  -  Total Local Usage
	0  -  Run Bytes Sent By Job
	0  -  Run Bytes Received By Job
	0  -  Total Bytes Sent By Job
	0  -  Total Bytes Received By Job
	Partitionable Resources :    Usage  Request Allocated
	   Cpus                 :                 1         1
	   Disk (KB)            :        1        1  13384526
	   Memory (MB)          :        0        1      6441
...
