000 (8914325.000.000) 12/10 23:42:59 Job submitted from host: <10.10.48.31:12542?addrs=10.10.48.31-12542>
...
001 (8914325.000.000) 12/10 23:43:08 Job executing on host: <10.10.48.133:42257?addrs=10.10.48.133-42257>
...
006 (8914325.000.000) 12/10 23:43:08 Image size of job updated: 175220
	0  -  MemoryUsage of job (MB)
	0  -  ResidentSetSize of job (KB)
...
005 (8914325.000.000) 12/10 23:43:09 Job terminated.
	(1) Normal termination (return value 1)
		Usr 0 00:00:00, Sys 0 00:00:00  -  Run Remote Usage
		Usr 0 00:00:00, Sys 0 00:00:00  -  Run Local Usage
		Usr 0 00:00:00, Sys 0 00:00:00  -  Total Remote Usage
		Usr 0 00:00:00, Sys 0 00:00:00  -  Total Local Usage
	0  -  Run Bytes Sent By Job
	0  -  Run Bytes Received By Job
	0  -  Total Bytes Sent By Job
	0  -  Total Bytes Received By Job
	Partitionable Resources :    Usage  Request Allocated
	   Cpus                 :                 1         1
	   Disk (KB)            :        1        1  13386734
	   Memory (MB)          :        0        1      6441
...
000 (8914487.000.000) 12/10 23:49:06 Job submitted from host: <10.10.48.31:12542?addrs=10.10.48.31-12542>
...
001 (8914487.000.000) 12/10 23:49:19 Job executing on host: <10.10.48.141:50603?addrs=10.10.48.141-50603>
...
006 (8914487.000.000) 12/10 23:49:28 Image size of job updated: 185592
	33  -  MemoryUsage of job (MB)
	33680  -  ResidentSetSize of job (KB)
...
006 (8914487.000.000) 12/10 23:52:02 Image size of job updated: 192620
	33  -  MemoryUsage of job (MB)
	33680  -  ResidentSetSize of job (KB)
...
005 (8914487.000.000) 12/10 23:52:02 Job terminated.
	(1) Normal termination (return value 0)
		Usr 0 00:01:33, Sys 0 00:00:01  -  Run Remote Usage
		Usr 0 00:00:00, Sys 0 00:00:00  -  Run Local Usage
		Usr 0 00:01:33, Sys 0 00:00:01  -  Total Remote Usage
		Usr 0 00:00:00, Sys 0 00:00:00  -  Total Local Usage
	0  -  Run Bytes Sent By Job
	0  -  Run Bytes Received By Job
	0  -  Total Bytes Sent By Job
	0  -  Total Bytes Received By Job
	Partitionable Resources :    Usage  Request Allocated
	   Cpus                 :                 1         1
	   Disk (KB)            :        1        1  13376593
	   Memory (MB)          :       33        1      6441
...
000 (8914649.000.000) 12/11 16:48:25 Job submitted from host: <10.10.48.31:12542?addrs=10.10.48.31-12542>
...
001 (8914649.000.000) 12/11 16:48:39 Job executing on host: <10.10.48.145:26377?addrs=10.10.48.145-26377>
...
006 (8914649.000.000) 12/11 16:48:48 Image size of job updated: 185860
	32  -  MemoryUsage of job (MB)
	32540  -  ResidentSetSize of job (KB)
...
006 (8914649.000.000) 12/11 16:51:38 Image size of job updated: 192732
	32  -  MemoryUsage of job (MB)
	32540  -  ResidentSetSize of job (KB)
...
005 (8914649.000.000) 12/11 16:51:38 Job terminated.
	(1) Normal termination (return value 0)
		Usr 0 00:01:25, Sys 0 00:00:01  -  Run Remote Usage
		Usr 0 00:00:00, Sys 0 00:00:00  -  Run Local Usage
		Usr 0 00:01:25, Sys 0 00:00:01  -  Total Remote Usage
		Usr 0 00:00:00, Sys 0 00:00:00  -  Total Local Usage
	0  -  Run Bytes Sent By Job
	0  -  Run Bytes Received By Job
	0  -  Total Bytes Sent By Job
	0  -  Total Bytes Received By Job
	Partitionable Resources :    Usage  Request Allocated
	   Cpus                 :                 1         1
	   Disk (KB)            :        1        1  13384492
	   Memory (MB)          :       32        1      6441
...
000 (8915411.000.000) 12/11 17:17:54 Job submitted from host: <10.10.48.31:12542?addrs=10.10.48.31-12542>
...
001 (8915411.000.000) 12/11 17:18:01 Job executing on host: <10.10.48.146:51717?addrs=10.10.48.146-51717>
...
006 (8915411.000.000) 12/11 17:18:10 Image size of job updated: 192524
	38  -  MemoryUsage of job (MB)
	38284  -  ResidentSetSize of job (KB)
...
006 (8915411.000.000) 12/11 17:19:33 Image size of job updated: 195196
	38  -  MemoryUsage of job (MB)
	38284  -  ResidentSetSize of job (KB)
...
005 (8915411.000.000) 12/11 17:19:33 Job terminated.
	(1) Normal termination (return value 0)
		Usr 0 00:01:12, Sys 0 00:00:01  -  Run Remote Usage
		Usr 0 00:00:00, Sys 0 00:00:00  -  Run Local Usage
		Usr 0 00:01:12, Sys 0 00:00:01  -  Total Remote Usage
		Usr 0 00:00:00, Sys 0 00:00:00  -  Total Local Usage
	0  -  Run Bytes Sent By Job
	0  -  Run Bytes Received By Job
	0  -  Total Bytes Sent By Job
	0  -  Total Bytes Received By Job
	Partitionable Resources :    Usage  Request Allocated
	   Cpus                 :                 1         1
	   Disk (KB)            :        1        1  13347858
	   Memory (MB)          :       38        1      6441
...
000 (8915573.000.000) 12/11 22:47:00 Job submitted from host: <10.10.48.31:12542?addrs=10.10.48.31-12542>
...
001 (8915573.000.000) 12/11 22:47:14 Job executing on host: <10.10.48.145:26377?addrs=10.10.48.145-26377>
...
006 (8915573.000.000) 12/11 22:47:23 Image size of job updated: 180384
	30  -  MemoryUsage of job (MB)
	30672  -  ResidentSetSize of job (KB)
...
006 (8915573.000.000) 12/11 22:52:24 Image size of job updated: 192648
	40  -  MemoryUsage of job (MB)
	40724  -  ResidentSetSize of job (KB)
...
005 (8915573.000.000) 12/11 22:53:15 Job terminated.
	(1) Normal termination (return value 0)
		Usr 0 00:03:08, Sys 0 00:00:02  -  Run Remote Usage
		Usr 0 00:00:00, Sys 0 00:00:00  -  Run Local Usage
		Usr 0 00:03:08, Sys 0 00:00:02  -  Total Remote Usage
		Usr 0 00:00:00, Sys 0 00:00:00  -  Total Local Usage
	0  -  Run Bytes Sent By Job
	0  -  Run Bytes Received By Job
	0  -  Total Bytes Sent By Job
	0  -  Total Bytes Received By Job
	Partitionable Resources :    Usage  Request Allocated
	   Cpus                 :                 1         1
	   Disk (KB)            :        1        1  13384482
	   Memory (MB)          :       40        1      6441
...
000 (8915705.000.000) 12/11 22:57:28 Job submitted from host: <10.10.48.31:12542?addrs=10.10.48.31-12542>
...
001 (8915705.000.000) 12/11 22:57:34 Job executing on host: <10.10.48.141:50603?addrs=10.10.48.141-50603>
...
006 (8915705.000.000) 12/11 22:57:42 Image size of job updated: 185888
	32  -  MemoryUsage of job (MB)
	32556  -  ResidentSetSize of job (KB)
...
006 (8915705.000.000) 12/11 23:01:13 Image size of job updated: 196916
	32  -  MemoryUsage of job (MB)
	32556  -  ResidentSetSize of job (KB)
...
005 (8915705.000.000) 12/11 23:01:13 Job terminated.
	(1) Normal termination (return value 0)
		Usr 0 00:02:52, Sys 0 00:00:02  -  Run Remote Usage
		Usr 0 00:00:00, Sys 0 00:00:00  -  Run Local Usage
		Usr 0 00:02:52, Sys 0 00:00:02  -  Total Remote Usage
		Usr 0 00:00:00, Sys 0 00:00:00  -  Total Local Usage
	0  -  Run Bytes Sent By Job
	0  -  Run Bytes Received By Job
	0  -  Total Bytes Sent By Job
	0  -  Total Bytes Received By Job
	Partitionable Resources :    Usage  Request Allocated
	   Cpus                 :                 1         1
	   Disk (KB)            :        1        1  13376548
	   Memory (MB)          :       32        1      6441
...
000 (8915837.000.000) 12/11 23:09:10 Job submitted from host: <10.10.48.31:12542?addrs=10.10.48.31-12542>
...
001 (8915837.000.000) 12/11 23:09:25 Job executing on host: <10.10.48.145:26377?addrs=10.10.48.145-26377>
...
006 (8915837.000.000) 12/11 23:09:34 Image size of job updated: 179436
	29  -  MemoryUsage of job (MB)
	29132  -  ResidentSetSize of job (KB)
...
006 (8915837.000.000) 12/11 23:12:48 Image size of job updated: 193032
	29  -  MemoryUsage of job (MB)
	29132  -  ResidentSetSize of job (KB)
...
005 (8915837.000.000) 12/11 23:12:48 Job terminated.
	(1) Normal termination (return value 1)
		Usr 0 00:00:39, Sys 0 00:00:01  -  Run Remote Usage
		Usr 0 00:00:00, Sys 0 00:00:00  -  Run Local Usage
		Usr 0 00:00:39, Sys 0 00:00:01  -  Total Remote Usage
		Usr 0 00:00:00, Sys 0 00:00:00  -  Total Local Usage
	0  -  Run Bytes Sent By Job
	0  -  Run Bytes Received By Job
	0  -  Total Bytes Sent By Job
	0  -  Total Bytes Received By Job
	Partitionable Resources :    Usage  Request Allocated
	   Cpus                 :                 1         1
	   Disk (KB)            :        1        1  13384436
	   Memory (MB)          :       29        1      6441
...
000 (8915999.000.000) 12/11 23:22:29 Job submitted from host: <10.10.48.31:12542?addrs=10.10.48.31-12542>
...
001 (8915999.000.000) 12/11 23:22:45 Job executing on host: <10.10.48.145:26377?addrs=10.10.48.145-26377>
...
006 (8915999.000.000) 12/11 23:22:54 Image size of job updated: 192872
	37  -  MemoryUsage of job (MB)
	37536  -  ResidentSetSize of job (KB)
...
006 (8915999.000.000) 12/11 23:23:09 Image size of job updated: 193020
	37  -  MemoryUsage of job (MB)
	37536  -  ResidentSetSize of job (KB)
...
005 (8915999.000.000) 12/11 23:23:09 Job terminated.
	(1) Normal termination (return value 0)
		Usr 0 00:00:21, Sys 0 00:00:00  -  Run Remote Usage
		Usr 0 00:00:00, Sys 0 00:00:00  -  Run Local Usage
		Usr 0 00:00:21, Sys 0 00:00:00  -  Total Remote Usage
		Usr 0 00:00:00, Sys 0 00:00:00  -  Total Local Usage
	0  -  Run Bytes Sent By Job
	0  -  Run Bytes Received By Job
	0  -  Total Bytes Sent By Job
	0  -  Total Bytes Received By Job
	Partitionable Resources :    Usage  Request Allocated
	   Cpus                 :                 1         1
	   Disk (KB)            :        1        1  13384457
	   Memory (MB)          :       37        1      6441
...
000 (8916162.000.000) 12/12 14:23:38 Job submitted from host: <10.10.48.31:12542?addrs=10.10.48.31-12542>
...
001 (8916162.000.000) 12/12 14:23:51 Job executing on host: <10.10.48.145:26377?addrs=10.10.48.145-26377>
...
006 (8916162.000.000) 12/12 14:24:00 Image size of job updated: 175340
	29  -  MemoryUsage of job (MB)
	29360  -  ResidentSetSize of job (KB)
...
006 (8916162.000.000) 12/12 14:29:01 Image size of job updated: 291748
	123  -  MemoryUsage of job (MB)
	125788  -  ResidentSetSize of job (KB)
...
006 (8916162.000.000) 12/12 14:29:16 Image size of job updated: 300292
	123  -  MemoryUsage of job (MB)
	125788  -  ResidentSetSize of job (KB)
...
005 (8916162.000.000) 12/12 14:29:16 Job terminated.
	(1) Normal termination (return value 0)
		Usr 0 00:01:20, Sys 0 00:00:02  -  Run Remote Usage
		Usr 0 00:00:00, Sys 0 00:00:00  -  Run Local Usage
		Usr 0 00:01:20, Sys 0 00:00:02  -  Total Remote Usage
		Usr 0 00:00:00, Sys 0 00:00:00  -  Total Local Usage
	0  -  Run Bytes Sent By Job
	0  -  Run Bytes Received By Job
	0  -  Total Bytes Sent By Job
	0  -  Total Bytes Received By Job
	Partitionable Resources :    Usage  Request Allocated
	   Cpus                 :                 1         1
	   Disk (KB)            :        1        1  13384493
	   Memory (MB)          :      123        1      6441
...
000 (9637207.000.000) 02/27 16:01:40 Job submitted from host: <10.10.48.31:15410?addrs=10.10.48.31-15410>
...
001 (9637207.000.000) 02/27 16:01:51 Job executing on host: <10.10.48.45:40029?addrs=10.10.48.45-40029>
...
006 (9637207.000.000) 02/27 16:01:59 Image size of job updated: 176152
	30  -  MemoryUsage of job (MB)
	30184  -  ResidentSetSize of job (KB)
...
006 (9637207.000.000) 02/27 16:03:26 Image size of job updated: 186004
	30  -  MemoryUsage of job (MB)
	30184  -  ResidentSetSize of job (KB)
...
005 (9637207.000.000) 02/27 16:03:26 Job terminated.
	(1) Normal termination (return value 255)
		Usr 0 00:00:00, Sys 0 00:00:00  -  Run Remote Usage
		Usr 0 00:00:00, Sys 0 00:00:00  -  Run Local Usage
		Usr 0 00:00:00, Sys 0 00:00:00  -  Total Remote Usage
		Usr 0 00:00:00, Sys 0 00:00:00  -  Total Local Usage
	0  -  Run Bytes Sent By Job
	0  -  Run Bytes Received By Job
	0  -  Total Bytes Sent By Job
	0  -  Total Bytes Received By Job
	Partitionable Resources :    Usage  Request Allocated
	   Cpus                 :                 1         1
	   Disk (KB)            :        1        1  16195855
	   Memory (MB)          :       30        1      4023
...
000 (9643788.000.000) 02/27 20:47:20 Job submitted from host: <10.10.48.31:15410?addrs=10.10.48.31-15410>
...
001 (9643788.000.000) 02/27 20:47:22 Job executing on host: <10.10.48.143:56523?addrs=10.10.48.143-56523>
...
006 (9643788.000.000) 02/27 20:47:23 Image size of job updated: 252260
	0  -  MemoryUsage of job (MB)
	0  -  ResidentSetSize of job (KB)
...
005 (9643788.000.000) 02/27 20:47:23 Job terminated.
	(1) Normal termination (return value 12)
		Usr 0 00:00:00, Sys 0 00:00:00  -  Run Remote Usage
		Usr 0 00:00:00, Sys 0 00:00:00  -  Run Local Usage
		Usr 0 00:00:00, Sys 0 00:00:00  -  Total Remote Usage
		Usr 0 00:00:00, Sys 0 00:00:00  -  Total Local Usage
	0  -  Run Bytes Sent By Job
	0  -  Run Bytes Received By Job
	0  -  Total Bytes Sent By Job
	0  -  Total Bytes Received By Job
	Partitionable Resources :    Usage  Request Allocated
	   Cpus                 :                 1         1
	   Disk (KB)            :        1        1  13384575
	   Memory (MB)          :        0        1      6441
...
