000 (9637337.000.000) 02/27 16:05:17 Job submitted from host: <10.10.48.31:15410?addrs=10.10.48.31-15410>
...
001 (9637337.000.000) 02/27 16:05:17 Job executing on host: <10.10.48.146:6748?addrs=10.10.48.146-6748>
...
006 (9637337.000.000) 02/27 16:05:26 Image size of job updated: 185704
	32  -  MemoryUsage of job (MB)
	32564  -  ResidentSetSize of job (KB)
...
006 (9637337.000.000) 02/27 16:10:27 Image size of job updated: 191100
	38  -  MemoryUsage of job (MB)
	38208  -  ResidentSetSize of job (KB)
...
006 (9637337.000.000) 02/27 16:15:28 Image size of job updated: 191232
	38  -  MemoryUsage of job (MB)
	38212  -  ResidentSetSize of job (KB)
...
006 (9637337.000.000) 02/27 16:20:28 Image size of job updated: 192676
	41  -  MemoryUsage of job (MB)
	41596  -  ResidentSetSize of job (KB)
...
006 (9637337.000.000) 02/27 16:25:29 Image size of job updated: 192836
	41  -  MemoryUsage of job (MB)
	41676  -  ResidentSetSize of job (KB)
...
005 (9637337.000.000) 02/27 16:25:51 Job terminated.
	(1) Normal termination (return value 0)
		Usr 0 00:08:53, Sys 0 00:00:07  -  Run Remote Usage
		Usr 0 00:00:00, Sys 0 00:00:00  -  Run Local Usage
		Usr 0 00:08:53, Sys 0 00:00:07  -  Total Remote Usage
		Usr 0 00:00:00, Sys 0 00:00:00  -  Total Local Usage
	0  -  Run Bytes Sent By Job
	0  -  Run Bytes Received By Job
	0  -  Total Bytes Sent By Job
	0  -  Total Bytes Received By Job
	Partitionable Resources :    Usage  Request Allocated
	   Cpus                 :                 1         1
	   Disk (KB)            :        1        1  13350361
	   Memory (MB)          :       41        1      6441
...
000 (9643868.000.000) 02/27 20:47:33 Job submitted from host: <10.10.48.31:15410?addrs=10.10.48.31-15410>
...
001 (9643868.000.000) 02/27 20:47:35 Job executing on host: <10.10.48.140:16345?addrs=10.10.48.140-16345>
...
006 (9643868.000.000) 02/27 20:47:37 Image size of job updated: 249596
	0  -  MemoryUsage of job (MB)
	0  -  ResidentSetSize of job (KB)
...
005 (9643868.000.000) 02/27 20:47:37 Job terminated.
	(1) Normal termination (return value 0)
		Usr 0 00:00:00, Sys 0 00:00:00  -  Run Remote Usage
		Usr 0 00:00:00, Sys 0 00:00:00  -  Run Local Usage
		Usr 0 00:00:00, Sys 0 00:00:00  -  Total Remote Usage
		Usr 0 00:00:00, Sys 0 00:00:00  -  Total Local Usage
	0  -  Run Bytes Sent By Job
	0  -  Run Bytes Received By Job
	0  -  Total Bytes Sent By Job
	0  -  Total Bytes Received By Job
	Partitionable Resources :    Usage  Request Allocated
	   Cpus                 :                 1         1
	   Disk (KB)            :        1        1  13384715
	   Memory (MB)          :        0        1      6441
...
