000 (8914242.000.000) 12/10 23:42:43 Job submitted from host: <10.10.48.31:12542?addrs=10.10.48.31-12542>
...
001 (8914242.000.000) 12/10 23:42:59 Job executing on host: <10.10.48.133:42257?addrs=10.10.48.133-42257>
...
006 (8914242.000.000) 12/10 23:43:00 Image size of job updated: 175916
	0  -  MemoryUsage of job (MB)
	0  -  ResidentSetSize of job (KB)
...
005 (8914242.000.000) 12/10 23:43:02 Job terminated.
	(1) Normal termination (return value 1)
		Usr 0 00:00:00, Sys 0 00:00:00  -  Run Remote Usage
		Usr 0 00:00:00, Sys 0 00:00:00  -  Run Local Usage
		Usr 0 00:00:00, Sys 0 00:00:00  -  Total Remote Usage
		Usr 0 00:00:00, Sys 0 00:00:00  -  Total Local Usage
	0  -  Run Bytes Sent By Job
	0  -  Run Bytes Received By Job
	0  -  Total Bytes Sent By Job
	0  -  Total Bytes Received By Job
	Partitionable Resources :    Usage  Request Allocated
	   Cpus                 :                 1         1
	   Disk (KB)            :        1        1  13386734
	   Memory (MB)          :        0        1      6441
...
000 (8914404.000.000) 12/10 23:48:54 Job submitted from host: <10.10.48.31:12542?addrs=10.10.48.31-12542>
...
001 (8914404.000.000) 12/10 23:48:56 Job executing on host: <10.10.48.35:61041?addrs=10.10.48.35-61041>
...
006 (8914404.000.000) 12/10 23:49:05 Image size of job updated: 185596
	34  -  MemoryUsage of job (MB)
	33988  -  ResidentSetSize of job (KB)
...
006 (8914404.000.000) 12/10 23:51:20 Image size of job updated: 192620
	34  -  MemoryUsage of job (MB)
	33988  -  ResidentSetSize of job (KB)
...
005 (8914404.000.000) 12/10 23:51:20 Job terminated.
	(1) Normal termination (return value 0)
		Usr 0 00:01:23, Sys 0 00:00:01  -  Run Remote Usage
		Usr 0 00:00:00, Sys 0 00:00:00  -  Run Local Usage
		Usr 0 00:01:23, Sys 0 00:00:01  -  Total Remote Usage
		Usr 0 00:00:00, Sys 0 00:00:00  -  Total Local Usage
	0  -  Run Bytes Sent By Job
	0  -  Run Bytes Received By Job
	0  -  Total Bytes Sent By Job
	0  -  Total Bytes Received By Job
	Partitionable Resources :    Usage  Request Allocated
	   Cpus                 :                 1         1
	   Disk (KB)            :        1        1  16721129
	   Memory (MB)          :       34        1      4023
...
000 (8914566.000.000) 12/11 16:48:14 Job submitted from host: <10.10.48.31:12542?addrs=10.10.48.31-12542>
...
001 (8914566.000.000) 12/11 16:48:36 Job executing on host: <10.10.48.41:20766?addrs=10.10.48.41-20766>
...
006 (8914566.000.000) 12/11 16:48:44 Image size of job updated: 185784
	34  -  MemoryUsage of job (MB)
	34060  -  ResidentSetSize of job (KB)
...
006 (8914566.000.000) 12/11 16:51:14 Image size of job updated: 192648
	34  -  MemoryUsage of job (MB)
	34060  -  ResidentSetSize of job (KB)
...
005 (8914566.000.000) 12/11 16:51:14 Job terminated.
	(1) Normal termination (return value 0)
		Usr 0 00:01:18, Sys 0 00:00:01  -  Run Remote Usage
		Usr 0 00:00:00, Sys 0 00:00:00  -  Run Local Usage
		Usr 0 00:01:18, Sys 0 00:00:01  -  Total Remote Usage
		Usr 0 00:00:00, Sys 0 00:00:00  -  Total Local Usage
	0  -  Run Bytes Sent By Job
	0  -  Run Bytes Received By Job
	0  -  Total Bytes Sent By Job
	0  -  Total Bytes Received By Job
	Partitionable Resources :    Usage  Request Allocated
	   Cpus                 :                 1         1
	   Disk (KB)            :        1        1  16725316
	   Memory (MB)          :       34        1      4023
...
000 (8915328.000.000) 12/11 17:17:43 Job submitted from host: <10.10.48.31:12542?addrs=10.10.48.31-12542>
...
001 (8915328.000.000) 12/11 17:18:02 Job executing on host: <10.10.48.42:24954?addrs=10.10.48.42-24954>
...
006 (8915328.000.000) 12/11 17:18:10 Image size of job updated: 185724
	32  -  MemoryUsage of job (MB)
	32356  -  ResidentSetSize of job (KB)
...
006 (8915328.000.000) 12/11 17:19:36 Image size of job updated: 192776
	32  -  MemoryUsage of job (MB)
	32356  -  ResidentSetSize of job (KB)
...
005 (8915328.000.000) 12/11 17:19:36 Job terminated.
	(1) Normal termination (return value 0)
		Usr 0 00:01:22, Sys 0 00:00:01  -  Run Remote Usage
		Usr 0 00:00:00, Sys 0 00:00:00  -  Run Local Usage
		Usr 0 00:01:22, Sys 0 00:00:01  -  Total Remote Usage
		Usr 0 00:00:00, Sys 0 00:00:00  -  Total Local Usage
	0  -  Run Bytes Sent By Job
	0  -  Run Bytes Received By Job
	0  -  Total Bytes Sent By Job
	0  -  Total Bytes Received By Job
	Partitionable Resources :    Usage  Request Allocated
	   Cpus                 :                 1         1
	   Disk (KB)            :        1        1  16729390
	   Memory (MB)          :       32        1      4023
...
000 (8915490.000.000) 12/11 22:46:49 Job submitted from host: <10.10.48.31:12542?addrs=10.10.48.31-12542>
...
001 (8915490.000.000) 12/11 22:46:51 Job executing on host: <10.10.48.41:20766?addrs=10.10.48.41-20766>
...
006 (8915490.000.000) 12/11 22:46:59 Image size of job updated: 113092
	16  -  MemoryUsage of job (MB)
	16088  -  ResidentSetSize of job (KB)
...
006 (8915490.000.000) 12/11 22:47:08 Image size of job updated: 192464
	16  -  MemoryUsage of job (MB)
	16088  -  ResidentSetSize of job (KB)
...
005 (8915490.000.000) 12/11 22:47:08 Job terminated.
	(1) Normal termination (return value 0)
		Usr 0 00:00:09, Sys 0 00:00:00  -  Run Remote Usage
		Usr 0 00:00:00, Sys 0 00:00:00  -  Run Local Usage
		Usr 0 00:00:09, Sys 0 00:00:00  -  Total Remote Usage
		Usr 0 00:00:00, Sys 0 00:00:00  -  Total Local Usage
	0  -  Run Bytes Sent By Job
	0  -  Run Bytes Received By Job
	0  -  Total Bytes Sent By Job
	0  -  Total Bytes Received By Job
	Partitionable Resources :    Usage  Request Allocated
	   Cpus                 :                 1         1
	   Disk (KB)            :        1        1  16725261
	   Memory (MB)          :       16        1      4023
...
000 (8915622.000.000) 12/11 22:56:56 Job submitted from host: <10.10.48.31:12542?addrs=10.10.48.31-12542>
...
001 (8915622.000.000) 12/11 22:56:58 Job executing on host: <10.10.48.41:20766?addrs=10.10.48.41-20766>
...
006 (8915622.000.000) 12/11 22:57:06 Image size of job updated: 170248
	27  -  MemoryUsage of job (MB)
	26956  -  ResidentSetSize of job (KB)
...
005 (8915622.000.000) 12/11 22:57:07 Job terminated.
	(1) Normal termination (return value 0)
		Usr 0 00:00:00, Sys 0 00:00:00  -  Run Remote Usage
		Usr 0 00:00:00, Sys 0 00:00:00  -  Run Local Usage
		Usr 0 00:00:00, Sys 0 00:00:00  -  Total Remote Usage
		Usr 0 00:00:00, Sys 0 00:00:00  -  Total Local Usage
	0  -  Run Bytes Sent By Job
	0  -  Run Bytes Received By Job
	0  -  Total Bytes Sent By Job
	0  -  Total Bytes Received By Job
	Partitionable Resources :    Usage  Request Allocated
	   Cpus                 :                 1         1
	   Disk (KB)            :        1        1  16725236
	   Memory (MB)          :       27        1      4023
...
000 (8915754.000.000) 12/11 23:08:57 Job submitted from host: <10.10.48.31:12542?addrs=10.10.48.31-12542>
...
001 (8915754.000.000) 12/11 23:09:04 Job executing on host: <10.10.48.41:20766?addrs=10.10.48.41-20766>
...
006 (8915754.000.000) 12/11 23:09:12 Image size of job updated: 184924
	33  -  MemoryUsage of job (MB)
	33068  -  ResidentSetSize of job (KB)
...
006 (8915754.000.000) 12/11 23:10:53 Image size of job updated: 193052
	33  -  MemoryUsage of job (MB)
	33068  -  ResidentSetSize of job (KB)
...
005 (8915754.000.000) 12/11 23:10:53 Job terminated.
	(1) Normal termination (return value 1)
		Usr 0 00:00:41, Sys 0 00:00:01  -  Run Remote Usage
		Usr 0 00:00:00, Sys 0 00:00:00  -  Run Local Usage
		Usr 0 00:00:41, Sys 0 00:00:01  -  Total Remote Usage
		Usr 0 00:00:00, Sys 0 00:00:00  -  Total Local Usage
	0  -  Run Bytes Sent By Job
	0  -  Run Bytes Received By Job
	0  -  Total Bytes Sent By Job
	0  -  Total Bytes Received By Job
	Partitionable Resources :    Usage  Request Allocated
	   Cpus                 :                 1         1
	   Disk (KB)            :        1        1  16725205
	   Memory (MB)          :       33        1      4023
...
000 (8915916.000.000) 12/11 23:22:20 Job submitted from host: <10.10.48.31:12542?addrs=10.10.48.31-12542>
...
001 (8915916.000.000) 12/11 23:22:22 Job executing on host: <10.10.48.41:20766?addrs=10.10.48.41-20766>
...
006 (8915916.000.000) 12/11 23:22:30 Image size of job updated: 193020
	40  -  MemoryUsage of job (MB)
	40260  -  ResidentSetSize of job (KB)
...
006 (8915916.000.000) 12/11 23:22:44 Image size of job updated: 193060
	40  -  MemoryUsage of job (MB)
	40260  -  ResidentSetSize of job (KB)
...
005 (8915916.000.000) 12/11 23:22:44 Job terminated.
	(1) Normal termination (return value 0)
		Usr 0 00:00:19, Sys 0 00:00:00  -  Run Remote Usage
		Usr 0 00:00:00, Sys 0 00:00:00  -  Run Local Usage
		Usr 0 00:00:19, Sys 0 00:00:00  -  Total Remote Usage
		Usr 0 00:00:00, Sys 0 00:00:00  -  Total Local Usage
	0  -  Run Bytes Sent By Job
	0  -  Run Bytes Received By Job
	0  -  Total Bytes Sent By Job
	0  -  Total Bytes Received By Job
	Partitionable Resources :    Usage  Request Allocated
	   Cpus                 :                 1         1
	   Disk (KB)            :        1        1  16725172
	   Memory (MB)          :       40        1      4023
...
000 (8916079.000.000) 12/12 14:23:28 Job submitted from host: <10.10.48.31:12542?addrs=10.10.48.31-12542>
...
001 (8916079.000.000) 12/12 14:23:48 Job executing on host: <10.10.48.41:20766?addrs=10.10.48.41-20766>
...
006 (8916079.000.000) 12/12 14:23:57 Image size of job updated: 175340
	29  -  MemoryUsage of job (MB)
	29476  -  ResidentSetSize of job (KB)
...
006 (8916079.000.000) 12/12 14:24:11 Image size of job updated: 192820
	29  -  MemoryUsage of job (MB)
	29476  -  ResidentSetSize of job (KB)
...
005 (8916079.000.000) 12/12 14:24:11 Job terminated.
	(1) Normal termination (return value 0)
		Usr 0 00:00:04, Sys 0 00:00:00  -  Run Remote Usage
		Usr 0 00:00:00, Sys 0 00:00:00  -  Run Local Usage
		Usr 0 00:00:04, Sys 0 00:00:00  -  Total Remote Usage
		Usr 0 00:00:00, Sys 0 00:00:00  -  Total Local Usage
	0  -  Run Bytes Sent By Job
	0  -  Run Bytes Received By Job
	0  -  Total Bytes Sent By Job
	0  -  Total Bytes Received By Job
	Partitionable Resources :    Usage  Request Allocated
	   Cpus                 :                 1         1
	   Disk (KB)            :        1        1  16725187
	   Memory (MB)          :       29        1      4023
...
