000 (8914296.000.000) 12/10 23:42:50 Job submitted from host: <10.10.48.31:12542?addrs=10.10.48.31-12542>
...
001 (8914296.000.000) 12/10 23:42:55 Job executing on host: <10.10.48.39:23238?addrs=10.10.48.39-23238>
...
006 (8914296.000.000) 12/10 23:42:55 Image size of job updated: 1
	0  -  MemoryUsage of job (MB)
	0  -  ResidentSetSize of job (KB)
...
005 (8914296.000.000) 12/10 23:42:55 Job terminated.
	(1) Normal termination (return value 1)
		Usr 0 00:00:00, Sys 0 00:00:00  -  Run Remote Usage
		Usr 0 00:00:00, Sys 0 00:00:00  -  Run Local Usage
		Usr 0 00:00:00, Sys 0 00:00:00  -  Total Remote Usage
		Usr 0 00:00:00, Sys 0 00:00:00  -  Total Local Usage
	0  -  Run Bytes Sent By Job
	0  -  Run Bytes Received By Job
	0  -  Total Bytes Sent By Job
	0  -  Total Bytes Received By Job
	Partitionable Resources :    Usage  Request Allocated
	   Cpus                 :                 1         1
	   Disk (KB)            :        1        1  16725992
	   Memory (MB)          :        0        1      4023
...
000 (8914458.000.000) 12/10 23:49:02 Job submitted from host: <10.10.48.31:12542?addrs=10.10.48.31-12542>
...
001 (8914458.000.000) 12/10 23:49:20 Job executing on host: <10.10.48.41:20766?addrs=10.10.48.41-20766>
...
006 (8914458.000.000) 12/10 23:49:29 Image size of job updated: 162932
	27  -  MemoryUsage of job (MB)
	26900  -  ResidentSetSize of job (KB)
...
006 (8914458.000.000) 12/10 23:54:30 Image size of job updated: 192856
	41  -  MemoryUsage of job (MB)
	41224  -  ResidentSetSize of job (KB)
...
006 (8914458.000.000) 12/10 23:59:31 Image size of job updated: 193972
	47  -  MemoryUsage of job (MB)
	47276  -  ResidentSetSize of job (KB)
...
006 (8914458.000.000) 12/11 00:04:31 Image size of job updated: 195732
	48  -  MemoryUsage of job (MB)
	48972  -  ResidentSetSize of job (KB)
...
006 (8914458.000.000) 12/11 00:05:30 Image size of job updated: 196252
	48  -  MemoryUsage of job (MB)
	48972  -  ResidentSetSize of job (KB)
...
005 (8914458.000.000) 12/11 00:05:30 Job terminated.
	(1) Normal termination (return value 0)
		Usr 0 00:10:10, Sys 0 00:00:11  -  Run Remote Usage
		Usr 0 00:00:00, Sys 0 00:00:00  -  Run Local Usage
		Usr 0 00:10:10, Sys 0 00:00:11  -  Total Remote Usage
		Usr 0 00:00:00, Sys 0 00:00:00  -  Total Local Usage
	0  -  Run Bytes Sent By Job
	0  -  Run Bytes Received By Job
	0  -  Total Bytes Sent By Job
	0  -  Total Bytes Received By Job
	Partitionable Resources :    Usage  Request Allocated
	   Cpus                 :                 1         1
	   Disk (KB)            :        1        1  16725277
	   Memory (MB)          :       48        1      4023
...
000 (8914620.000.000) 12/11 16:48:21 Job submitted from host: <10.10.48.31:12542?addrs=10.10.48.31-12542>
...
001 (8914620.000.000) 12/11 16:48:37 Job executing on host: <10.10.48.139:49429?addrs=10.10.48.139-49429>
...
006 (8914620.000.000) 12/11 16:48:46 Image size of job updated: 186096
	34  -  MemoryUsage of job (MB)
	34316  -  ResidentSetSize of job (KB)
...
006 (8914620.000.000) 12/11 16:53:47 Image size of job updated: 192852
	43  -  MemoryUsage of job (MB)
	43324  -  ResidentSetSize of job (KB)
...
006 (8914620.000.000) 12/11 16:58:47 Image size of job updated: 193816
	44  -  MemoryUsage of job (MB)
	44992  -  ResidentSetSize of job (KB)
...
006 (8914620.000.000) 12/11 17:03:48 Image size of job updated: 195748
	46  -  MemoryUsage of job (MB)
	46632  -  ResidentSetSize of job (KB)
...
006 (8914620.000.000) 12/11 17:05:20 Image size of job updated: 196344
	46  -  MemoryUsage of job (MB)
	46632  -  ResidentSetSize of job (KB)
...
005 (8914620.000.000) 12/11 17:05:20 Job terminated.
	(1) Normal termination (return value 0)
		Usr 0 00:12:08, Sys 0 00:00:10  -  Run Remote Usage
		Usr 0 00:00:00, Sys 0 00:00:00  -  Run Local Usage
		Usr 0 00:12:08, Sys 0 00:00:10  -  Total Remote Usage
		Usr 0 00:00:00, Sys 0 00:00:00  -  Total Local Usage
	0  -  Run Bytes Sent By Job
	0  -  Run Bytes Received By Job
	0  -  Total Bytes Sent By Job
	0  -  Total Bytes Received By Job
	Partitionable Resources :    Usage  Request Allocated
	   Cpus                 :                 1         1
	   Disk (KB)            :        1        1  13385137
	   Memory (MB)          :       46        1      6441
...
000 (8915382.000.000) 12/11 17:17:51 Job submitted from host: <10.10.48.31:12542?addrs=10.10.48.31-12542>
...
001 (8915382.000.000) 12/11 17:18:03 Job executing on host: <10.10.48.33:59750?addrs=10.10.48.33-59750>
...
006 (8915382.000.000) 12/11 17:18:13 Image size of job updated: 185828
	34  -  MemoryUsage of job (MB)
	34032  -  ResidentSetSize of job (KB)
...
006 (8915382.000.000) 12/11 17:23:13 Image size of job updated: 207776
	54  -  MemoryUsage of job (MB)
	55196  -  ResidentSetSize of job (KB)
...
006 (8915382.000.000) 12/11 17:28:13 Image size of job updated: 226260
	76  -  MemoryUsage of job (MB)
	76824  -  ResidentSetSize of job (KB)
...
006 (8915382.000.000) 12/11 17:29:14 Image size of job updated: 230460
	76  -  MemoryUsage of job (MB)
	76824  -  ResidentSetSize of job (KB)
...
005 (8915382.000.000) 12/11 17:29:14 Job terminated.
	(1) Normal termination (return value 0)
		Usr 0 00:09:57, Sys 0 00:00:11  -  Run Remote Usage
		Usr 0 00:00:00, Sys 0 00:00:00  -  Run Local Usage
		Usr 0 00:09:57, Sys 0 00:00:11  -  Total Remote Usage
		Usr 0 00:00:00, Sys 0 00:00:00  -  Total Local Usage
	0  -  Run Bytes Sent By Job
	0  -  Run Bytes Received By Job
	0  -  Total Bytes Sent By Job
	0  -  Total Bytes Received By Job
	Partitionable Resources :    Usage  Request Allocated
	   Cpus                 :                 1         1
	   Disk (KB)            :        1        1  16723661
	   Memory (MB)          :       76        1      4023
...
000 (8915544.000.000) 12/11 22:46:56 Job submitted from host: <10.10.48.31:12542?addrs=10.10.48.31-12542>
...
001 (8915544.000.000) 12/11 22:47:12 Job executing on host: <10.10.48.139:49429?addrs=10.10.48.139-49429>
...
006 (8915544.000.000) 12/11 22:47:21 Image size of job updated: 185784
	33  -  MemoryUsage of job (MB)
	33684  -  ResidentSetSize of job (KB)
...
006 (8915544.000.000) 12/11 22:51:32 Image size of job updated: 192656
	33  -  MemoryUsage of job (MB)
	33684  -  ResidentSetSize of job (KB)
...
005 (8915544.000.000) 12/11 22:51:32 Job terminated.
	(1) Normal termination (return value 0)
		Usr 0 00:02:19, Sys 0 00:00:02  -  Run Remote Usage
		Usr 0 00:00:00, Sys 0 00:00:00  -  Run Local Usage
		Usr 0 00:02:19, Sys 0 00:00:02  -  Total Remote Usage
		Usr 0 00:00:00, Sys 0 00:00:00  -  Total Local Usage
	0  -  Run Bytes Sent By Job
	0  -  Run Bytes Received By Job
	0  -  Total Bytes Sent By Job
	0  -  Total Bytes Received By Job
	Partitionable Resources :    Usage  Request Allocated
	   Cpus                 :                 1         1
	   Disk (KB)            :        1        1  13385104
	   Memory (MB)          :       33        1      6441
...
000 (8915676.000.000) 12/11 22:57:03 Job submitted from host: <10.10.48.31:12542?addrs=10.10.48.31-12542>
...
001 (8915676.000.000) 12/11 22:57:19 Job executing on host: <10.10.48.139:49429?addrs=10.10.48.139-49429>
...
006 (8915676.000.000) 12/11 22:57:28 Image size of job updated: 185792
	32  -  MemoryUsage of job (MB)
	32412  -  ResidentSetSize of job (KB)
...
006 (8915676.000.000) 12/11 22:58:53 Image size of job updated: 194492
	32  -  MemoryUsage of job (MB)
	32412  -  ResidentSetSize of job (KB)
...
005 (8915676.000.000) 12/11 22:58:53 Job terminated.
	(1) Normal termination (return value 0)
		Usr 0 00:01:26, Sys 0 00:00:01  -  Run Remote Usage
		Usr 0 00:00:00, Sys 0 00:00:00  -  Run Local Usage
		Usr 0 00:01:26, Sys 0 00:00:01  -  Total Remote Usage
		Usr 0 00:00:00, Sys 0 00:00:00  -  Total Local Usage
	0  -  Run Bytes Sent By Job
	0  -  Run Bytes Received By Job
	0  -  Total Bytes Sent By Job
	0  -  Total Bytes Received By Job
	Partitionable Resources :    Usage  Request Allocated
	   Cpus                 :                 1         1
	   Disk (KB)            :        1        1  13385065
	   Memory (MB)          :       32        1      6441
...
000 (8915808.000.000) 12/11 23:09:06 Job submitted from host: <10.10.48.31:12542?addrs=10.10.48.31-12542>
...
001 (8915808.000.000) 12/11 23:09:26 Job executing on host: <10.10.48.35:61041?addrs=10.10.48.35-61041>
...
006 (8915808.000.000) 12/11 23:09:34 Image size of job updated: 185448
	33  -  MemoryUsage of job (MB)
	33568  -  ResidentSetSize of job (KB)
...
006 (8915808.000.000) 12/11 23:14:34 Image size of job updated: 193380
	40  -  MemoryUsage of job (MB)
	40508  -  ResidentSetSize of job (KB)
...
006 (8915808.000.000) 12/11 23:19:35 Image size of job updated: 195968
	43  -  MemoryUsage of job (MB)
	43472  -  ResidentSetSize of job (KB)
...
000 (8915970.000.000) 12/11 23:22:25 Job submitted from host: <10.10.48.31:12542?addrs=10.10.48.31-12542>
...
001 (8915970.000.000) 12/11 23:22:45 Job executing on host: <10.10.48.35:61041?addrs=10.10.48.35-61041>
...
006 (8915970.000.000) 12/11 23:22:53 Image size of job updated: 193316
	40  -  MemoryUsage of job (MB)
	39992  -  ResidentSetSize of job (KB)
...
006 (8915808.000.000) 12/11 23:24:36 Image size of job updated: 199516
	46  -  MemoryUsage of job (MB)
	46888  -  ResidentSetSize of job (KB)
...
005 (8915808.000.000) 12/11 23:24:49 Job terminated.
	(1) Normal termination (return value 1)
		Usr 0 00:06:29, Sys 0 00:00:10  -  Run Remote Usage
		Usr 0 00:00:00, Sys 0 00:00:00  -  Run Local Usage
		Usr 0 00:06:29, Sys 0 00:00:10  -  Total Remote Usage
		Usr 0 00:00:00, Sys 0 00:00:00  -  Total Local Usage
	0  -  Run Bytes Sent By Job
	0  -  Run Bytes Received By Job
	0  -  Total Bytes Sent By Job
	0  -  Total Bytes Received By Job
	Partitionable Resources :    Usage  Request Allocated
	   Cpus                 :                 1         1
	   Disk (KB)            :        1        1  16721110
	   Memory (MB)          :       46        1      4023
...
006 (8915970.000.000) 12/11 23:27:02 Image size of job updated: 199692
	40  -  MemoryUsage of job (MB)
	39992  -  ResidentSetSize of job (KB)
...
005 (8915970.000.000) 12/11 23:27:02 Job terminated.
	(1) Normal termination (return value 0)
		Usr 0 00:03:34, Sys 0 00:00:04  -  Run Remote Usage
		Usr 0 00:00:00, Sys 0 00:00:00  -  Run Local Usage
		Usr 0 00:03:34, Sys 0 00:00:04  -  Total Remote Usage
		Usr 0 00:00:00, Sys 0 00:00:00  -  Total Local Usage
	0  -  Run Bytes Sent By Job
	0  -  Run Bytes Received By Job
	0  -  Total Bytes Sent By Job
	0  -  Total Bytes Received By Job
	Partitionable Resources :    Usage  Request Allocated
	   Cpus                 :                 1         1
	   Disk (KB)            :        1        1  16721084
	   Memory (MB)          :       40        1      4023
...
000 (8916133.000.000) 12/12 14:23:34 Job submitted from host: <10.10.48.31:12542?addrs=10.10.48.31-12542>
...
001 (8916133.000.000) 12/12 14:23:49 Job executing on host: <10.10.48.139:49429?addrs=10.10.48.139-49429>
...
006 (8916133.000.000) 12/12 14:23:58 Image size of job updated: 182688
	30  -  MemoryUsage of job (MB)
	30660  -  ResidentSetSize of job (KB)
...
006 (8916133.000.000) 12/12 14:28:27 Image size of job updated: 254200
	30  -  MemoryUsage of job (MB)
	30660  -  ResidentSetSize of job (KB)
...
005 (8916133.000.000) 12/12 14:28:27 Job terminated.
	(1) Normal termination (return value 0)
		Usr 0 00:01:00, Sys 0 00:00:01  -  Run Remote Usage
		Usr 0 00:00:00, Sys 0 00:00:00  -  Run Local Usage
		Usr 0 00:01:00, Sys 0 00:00:01  -  Total Remote Usage
		Usr 0 00:00:00, Sys 0 00:00:00  -  Total Local Usage
	0  -  Run Bytes Sent By Job
	0  -  Run Bytes Received By Job
	0  -  Total Bytes Sent By Job
	0  -  Total Bytes Received By Job
	Partitionable Resources :    Usage  Request Allocated
	   Cpus                 :                 1         1
	   Disk (KB)            :        1        1  13385059
	   Memory (MB)          :       30        1      6441
...
