000 (9637343.000.000) 02/27 16:05:25 Job submitted from host: <10.10.48.31:15410?addrs=10.10.48.31-15410>
...
001 (9637343.000.000) 02/27 16:05:28 Job executing on host: <10.10.48.137:1935?addrs=10.10.48.137-1935>
...
006 (9637343.000.000) 02/27 16:05:37 Image size of job updated: 185808
	32  -  MemoryUsage of job (MB)
	32504  -  ResidentSetSize of job (KB)
...
006 (9637343.000.000) 02/27 16:10:37 Image size of job updated: 190932
	40  -  MemoryUsage of job (MB)
	40824  -  ResidentSetSize of job (KB)
...
006 (9637343.000.000) 02/27 16:15:37 Image size of job updated: 192524
	41  -  MemoryUsage of job (MB)
	41192  -  ResidentSetSize of job (KB)
...
005 (9637343.000.000) 02/27 16:19:14 Job terminated.
	(1) Normal termination (return value 0)
		Usr 0 00:03:05, Sys 0 00:00:02  -  Run Remote Usage
		Usr 0 00:00:00, Sys 0 00:00:00  -  Run Local Usage
		Usr 0 00:03:05, Sys 0 00:00:02  -  Total Remote Usage
		Usr 0 00:00:00, Sys 0 00:00:00  -  Total Local Usage
	0  -  Run Bytes Sent By Job
	0  -  Run Bytes Received By Job
	0  -  Total Bytes Sent By Job
	0  -  Total Bytes Received By Job
	Partitionable Resources :    Usage  Request Allocated
	   Cpus                 :                 1         1
	   Disk (KB)            :        1        1  13377734
	   Memory (MB)          :       41        1      6441
...
000 (9643871.000.000) 02/27 20:47:33 Job submitted from host: <10.10.48.31:15410?addrs=10.10.48.31-15410>
...
001 (9643871.000.000) 02/27 20:47:36 Job executing on host: <10.10.48.143:56523?addrs=10.10.48.143-56523>
...
006 (9643871.000.000) 02/27 20:47:37 Image size of job updated: 248692
	0  -  MemoryUsage of job (MB)
	0  -  ResidentSetSize of job (KB)
...
005 (9643871.000.000) 02/27 20:47:38 Job terminated.
	(1) Normal termination (return value 0)
		Usr 0 00:00:00, Sys 0 00:00:00  -  Run Remote Usage
		Usr 0 00:00:00, Sys 0 00:00:00  -  Run Local Usage
		Usr 0 00:00:00, Sys 0 00:00:00  -  Total Remote Usage
		Usr 0 00:00:00, Sys 0 00:00:00  -  Total Local Usage
	0  -  Run Bytes Sent By Job
	0  -  Run Bytes Received By Job
	0  -  Total Bytes Sent By Job
	0  -  Total Bytes Received By Job
	Partitionable Resources :    Usage  Request Allocated
	   Cpus                 :                 1         1
	   Disk (KB)            :        1        1  13384575
	   Memory (MB)          :        0        1      6441
...
