000 (8914383.000.000) 12/10 23:43:08 Job submitted from host: <10.10.48.31:12542?addrs=10.10.48.31-12542>
...
001 (8914383.000.000) 12/10 23:44:16 Job executing on host: <10.10.48.35:61041?addrs=10.10.48.35-61041>
...
006 (8914383.000.000) 12/10 23:44:16 Image size of job updated: 175360
	0  -  MemoryUsage of job (MB)
	0  -  ResidentSetSize of job (KB)
...
005 (8914383.000.000) 12/10 23:44:16 Job terminated.
	(1) Normal termination (return value 1)
		Usr 0 00:00:00, Sys 0 00:00:00  -  Run Remote Usage
		Usr 0 00:00:00, Sys 0 00:00:00  -  Run Local Usage
		Usr 0 00:00:00, Sys 0 00:00:00  -  Total Remote Usage
		Usr 0 00:00:00, Sys 0 00:00:00  -  Total Local Usage
	0  -  Run Bytes Sent By Job
	0  -  Run Bytes Received By Job
	0  -  Total Bytes Sent By Job
	0  -  Total Bytes Received By Job
	Partitionable Resources :    Usage  Request Allocated
	   Cpus                 :                 1         1
	   Disk (KB)            :        1        1  16721132
	   Memory (MB)          :        0        1      4023
...
000 (8914545.000.000) 12/10 23:51:44 Job submitted from host: <10.10.48.31:12542?addrs=10.10.48.31-12542>
...
001 (8914545.000.000) 12/10 23:52:44 Job executing on host: <10.10.48.35:61041?addrs=10.10.48.35-61041>
...
006 (8914545.000.000) 12/10 23:52:53 Image size of job updated: 185604
	34  -  MemoryUsage of job (MB)
	34008  -  ResidentSetSize of job (KB)
...
006 (8914545.000.000) 12/10 23:55:26 Image size of job updated: 192472
	34  -  MemoryUsage of job (MB)
	34008  -  ResidentSetSize of job (KB)
...
005 (8914545.000.000) 12/10 23:55:26 Job terminated.
	(1) Normal termination (return value 0)
		Usr 0 00:01:14, Sys 0 00:00:01  -  Run Remote Usage
		Usr 0 00:00:00, Sys 0 00:00:00  -  Run Local Usage
		Usr 0 00:01:14, Sys 0 00:00:01  -  Total Remote Usage
		Usr 0 00:00:00, Sys 0 00:00:00  -  Total Local Usage
	0  -  Run Bytes Sent By Job
	0  -  Run Bytes Received By Job
	0  -  Total Bytes Sent By Job
	0  -  Total Bytes Received By Job
	Partitionable Resources :    Usage  Request Allocated
	   Cpus                 :                 1         1
	   Disk (KB)            :        1        1  16721154
	   Memory (MB)          :       34        1      4023
...
000 (8914707.000.000) 12/11 16:51:02 Job submitted from host: <10.10.48.31:12542?addrs=10.10.48.31-12542>
...
001 (8914707.000.000) 12/11 16:51:02 Job executing on host: <10.10.48.41:20766?addrs=10.10.48.41-20766>
...
006 (8914707.000.000) 12/11 16:51:11 Image size of job updated: 185604
	32  -  MemoryUsage of job (MB)
	32416  -  ResidentSetSize of job (KB)
...
006 (8914707.000.000) 12/11 16:53:29 Image size of job updated: 192480
	32  -  MemoryUsage of job (MB)
	32416  -  ResidentSetSize of job (KB)
...
005 (8914707.000.000) 12/11 16:53:29 Job terminated.
	(1) Normal termination (return value 0)
		Usr 0 00:01:13, Sys 0 00:00:01  -  Run Remote Usage
		Usr 0 00:00:00, Sys 0 00:00:00  -  Run Local Usage
		Usr 0 00:01:13, Sys 0 00:00:01  -  Total Remote Usage
		Usr 0 00:00:00, Sys 0 00:00:00  -  Total Local Usage
	0  -  Run Bytes Sent By Job
	0  -  Run Bytes Received By Job
	0  -  Total Bytes Sent By Job
	0  -  Total Bytes Received By Job
	Partitionable Resources :    Usage  Request Allocated
	   Cpus                 :                 1         1
	   Disk (KB)            :        1        1  16725265
	   Memory (MB)          :       32        1      4023
...
000 (8915469.000.000) 12/11 17:19:38 Job submitted from host: <10.10.48.31:12542?addrs=10.10.48.31-12542>
...
001 (8915469.000.000) 12/11 17:20:12 Job executing on host: <10.10.48.33:59750?addrs=10.10.48.33-59750>
...
006 (8915469.000.000) 12/11 17:20:21 Image size of job updated: 192464
	38  -  MemoryUsage of job (MB)
	38208  -  ResidentSetSize of job (KB)
...
006 (8915469.000.000) 12/11 17:21:31 Image size of job updated: 192488
	38  -  MemoryUsage of job (MB)
	38208  -  ResidentSetSize of job (KB)
...
005 (8915469.000.000) 12/11 17:21:31 Job terminated.
	(1) Normal termination (return value 0)
		Usr 0 00:01:06, Sys 0 00:00:01  -  Run Remote Usage
		Usr 0 00:00:00, Sys 0 00:00:00  -  Run Local Usage
		Usr 0 00:01:06, Sys 0 00:00:01  -  Total Remote Usage
		Usr 0 00:00:00, Sys 0 00:00:00  -  Total Local Usage
	0  -  Run Bytes Sent By Job
	0  -  Run Bytes Received By Job
	0  -  Total Bytes Sent By Job
	0  -  Total Bytes Received By Job
	Partitionable Resources :    Usage  Request Allocated
	   Cpus                 :                 1         1
	   Disk (KB)            :        1        1  16723598
	   Memory (MB)          :       38        1      4023
...
000 (8915895.000.000) 12/11 23:10:55 Job submitted from host: <10.10.48.31:12542?addrs=10.10.48.31-12542>
...
001 (8915895.000.000) 12/11 23:10:56 Job executing on host: <10.10.48.139:49429?addrs=10.10.48.139-49429>
...
006 (8915895.000.000) 12/11 23:11:05 Image size of job updated: 184924
	33  -  MemoryUsage of job (MB)
	33344  -  ResidentSetSize of job (KB)
...
006 (8915895.000.000) 12/11 23:14:11 Image size of job updated: 192840
	33  -  MemoryUsage of job (MB)
	33344  -  ResidentSetSize of job (KB)
...
005 (8915895.000.000) 12/11 23:14:11 Job terminated.
	(1) Normal termination (return value 1)
		Usr 0 00:00:42, Sys 0 00:00:01  -  Run Remote Usage
		Usr 0 00:00:00, Sys 0 00:00:00  -  Run Local Usage
		Usr 0 00:00:42, Sys 0 00:00:01  -  Total Remote Usage
		Usr 0 00:00:00, Sys 0 00:00:00  -  Total Local Usage
	0  -  Run Bytes Sent By Job
	0  -  Run Bytes Received By Job
	0  -  Total Bytes Sent By Job
	0  -  Total Bytes Received By Job
	Partitionable Resources :    Usage  Request Allocated
	   Cpus                 :                 1         1
	   Disk (KB)            :        1        1  13385058
	   Memory (MB)          :       33        1      6441
...
000 (8916057.000.000) 12/11 23:23:11 Job submitted from host: <10.10.48.31:12542?addrs=10.10.48.31-12542>
...
001 (8916057.000.000) 12/11 23:23:21 Job executing on host: <10.10.48.139:49429?addrs=10.10.48.139-49429>
...
006 (8916057.000.000) 12/11 23:23:30 Image size of job updated: 192840
	38  -  MemoryUsage of job (MB)
	38296  -  ResidentSetSize of job (KB)
...
005 (8916057.000.000) 12/11 23:23:45 Job terminated.
	(1) Normal termination (return value 0)
		Usr 0 00:00:15, Sys 0 00:00:00  -  Run Remote Usage
		Usr 0 00:00:00, Sys 0 00:00:00  -  Run Local Usage
		Usr 0 00:00:15, Sys 0 00:00:00  -  Total Remote Usage
		Usr 0 00:00:00, Sys 0 00:00:00  -  Total Local Usage
	0  -  Run Bytes Sent By Job
	0  -  Run Bytes Received By Job
	0  -  Total Bytes Sent By Job
	0  -  Total Bytes Received By Job
	Partitionable Resources :    Usage  Request Allocated
	   Cpus                 :                 1         1
	   Disk (KB)            :        1        1  13385070
	   Memory (MB)          :       38        1      6441
...
000 (9637297.000.000) 02/27 16:04:17 Job submitted from host: <10.10.48.31:15410?addrs=10.10.48.31-15410>
...
001 (9637297.000.000) 02/27 16:04:23 Job executing on host: <10.10.48.35:24288?addrs=10.10.48.35-24288>
...
006 (9637297.000.000) 02/27 16:04:32 Image size of job updated: 1
	2  -  MemoryUsage of job (MB)
	1812  -  ResidentSetSize of job (KB)
...
006 (9637297.000.000) 02/27 16:08:33 Image size of job updated: 190880
	2  -  MemoryUsage of job (MB)
	1812  -  ResidentSetSize of job (KB)
...
005 (9637297.000.000) 02/27 16:08:33 Job terminated.
	(1) Normal termination (return value 0)
		Usr 0 00:00:12, Sys 0 00:00:00  -  Run Remote Usage
		Usr 0 00:00:00, Sys 0 00:00:00  -  Run Local Usage
		Usr 0 00:00:12, Sys 0 00:00:00  -  Total Remote Usage
		Usr 0 00:00:00, Sys 0 00:00:00  -  Total Local Usage
	0  -  Run Bytes Sent By Job
	0  -  Run Bytes Received By Job
	0  -  Total Bytes Sent By Job
	0  -  Total Bytes Received By Job
	Partitionable Resources :    Usage  Request Allocated
	   Cpus                 :                 1         1
	   Disk (KB)            :        1        1  16724161
	   Memory (MB)          :        2        1      4023
...
000 (9643846.000.000) 02/27 20:47:30 Job submitted from host: <10.10.48.31:15410?addrs=10.10.48.31-15410>
...
001 (9643846.000.000) 02/27 20:47:32 Job executing on host: <10.10.48.143:56523?addrs=10.10.48.143-56523>
...
006 (9643846.000.000) 02/27 20:47:32 Image size of job updated: 229236
	0  -  MemoryUsage of job (MB)
	0  -  ResidentSetSize of job (KB)
...
005 (9643846.000.000) 02/27 20:47:33 Job terminated.
	(1) Normal termination (return value 0)
		Usr 0 00:00:00, Sys 0 00:00:00  -  Run Remote Usage
		Usr 0 00:00:00, Sys 0 00:00:00  -  Run Local Usage
		Usr 0 00:00:00, Sys 0 00:00:00  -  Total Remote Usage
		Usr 0 00:00:00, Sys 0 00:00:00  -  Total Local Usage
	0  -  Run Bytes Sent By Job
	0  -  Run Bytes Received By Job
	0  -  Total Bytes Sent By Job
	0  -  Total Bytes Received By Job
	Partitionable Resources :    Usage  Request Allocated
	   Cpus                 :                 1         1
	   Disk (KB)            :        1        1  13384575
	   Memory (MB)          :        0        1      6441
...
