000 (9637352.000.000) 02/27 16:05:37 Job submitted from host: <10.10.48.31:15410?addrs=10.10.48.31-15410>
...
001 (9637352.000.000) 02/27 16:05:38 Job executing on host: <10.10.48.140:16345?addrs=10.10.48.140-16345>
...
006 (9637352.000.000) 02/27 16:05:46 Image size of job updated: 1
	2  -  MemoryUsage of job (MB)
	1868  -  ResidentSetSize of job (KB)
...
006 (9637352.000.000) 02/27 16:10:46 Image size of job updated: 176152
	30  -  MemoryUsage of job (MB)
	30196  -  ResidentSetSize of job (KB)
...
006 (9637352.000.000) 02/27 16:15:45 Image size of job updated: 191004
	30  -  MemoryUsage of job (MB)
	30196  -  ResidentSetSize of job (KB)
...
005 (9637352.000.000) 02/27 16:15:45 Job terminated.
	(1) Normal termination (return value 0)
		Usr 0 00:00:39, Sys 0 00:00:00  -  Run Remote Usage
		Usr 0 00:00:00, Sys 0 00:00:00  -  Run Local Usage
		Usr 0 00:00:39, Sys 0 00:00:00  -  Total Remote Usage
		Usr 0 00:00:00, Sys 0 00:00:00  -  Total Local Usage
	0  -  Run Bytes Sent By Job
	0  -  Run Bytes Received By Job
	0  -  Total Bytes Sent By Job
	0  -  Total Bytes Received By Job
	Partitionable Resources :    Usage  Request Allocated
	   Cpus                 :                 1         1
	   Disk (KB)            :        1        1  13384818
	   Memory (MB)          :       30        1      6441
...
000 (9643879.000.000) 02/27 20:47:34 Job submitted from host: <10.10.48.31:15410?addrs=10.10.48.31-15410>
...
001 (9643879.000.000) 02/27 20:47:37 Job executing on host: <10.10.48.143:56523?addrs=10.10.48.143-56523>
...
006 (9643879.000.000) 02/27 20:47:38 Image size of job updated: 229964
	0  -  MemoryUsage of job (MB)
	0  -  ResidentSetSize of job (KB)
...
005 (9643879.000.000) 02/27 20:47:39 Job terminated.
	(1) Normal termination (return value 0)
		Usr 0 00:00:00, Sys 0 00:00:00  -  Run Remote Usage
		Usr 0 00:00:00, Sys 0 00:00:00  -  Run Local Usage
		Usr 0 00:00:00, Sys 0 00:00:00  -  Total Remote Usage
		Usr 0 00:00:00, Sys 0 00:00:00  -  Total Local Usage
	0  -  Run Bytes Sent By Job
	0  -  Run Bytes Received By Job
	0  -  Total Bytes Sent By Job
	0  -  Total Bytes Received By Job
	Partitionable Resources :    Usage  Request Allocated
	   Cpus                 :                 1         1
	   Disk (KB)            :        1        1  13384526
	   Memory (MB)          :        0        1      6441
...
