000 (9637349.000.000) 02/27 16:05:34 Job submitted from host: <10.10.48.31:15410?addrs=10.10.48.31-15410>
...
001 (9637349.000.000) 02/27 16:05:36 Job executing on host: <10.10.48.45:40029?addrs=10.10.48.45-40029>
...
006 (9637349.000.000) 02/27 16:05:44 Image size of job updated: 185692
	33  -  MemoryUsage of job (MB)
	33756  -  ResidentSetSize of job (KB)
...
006 (9637349.000.000) 02/27 16:09:53 Image size of job updated: 190728
	33  -  MemoryUsage of job (MB)
	33756  -  ResidentSetSize of job (KB)
...
005 (9637349.000.000) 02/27 16:09:53 Job terminated.
	(1) Normal termination (return value 0)
		Usr 0 00:00:10, Sys 0 00:00:00  -  Run Remote Usage
		Usr 0 00:00:00, Sys 0 00:00:00  -  Run Local Usage
		Usr 0 00:00:10, Sys 0 00:00:00  -  Total Remote Usage
		Usr 0 00:00:00, Sys 0 00:00:00  -  Total Local Usage
	0  -  Run Bytes Sent By Job
	0  -  Run Bytes Received By Job
	0  -  Total Bytes Sent By Job
	0  -  Total Bytes Received By Job
	Partitionable Resources :    Usage  Request Allocated
	   Cpus                 :                 1         1
	   Disk (KB)            :        1        1  16195855
	   Memory (MB)          :       33        1      4023
...
000 (9643876.000.000) 02/27 20:47:34 Job submitted from host: <10.10.48.31:15410?addrs=10.10.48.31-15410>
...
001 (9643876.000.000) 02/27 20:47:37 Job executing on host: <10.10.48.143:56523?addrs=10.10.48.143-56523>
...
006 (9643876.000.000) 02/27 20:47:38 Image size of job updated: 229968
	0  -  MemoryUsage of job (MB)
	0  -  ResidentSetSize of job (KB)
...
005 (9643876.000.000) 02/27 20:47:39 Job terminated.
	(1) Normal termination (return value 0)
		Usr 0 00:00:00, Sys 0 00:00:00  -  Run Remote Usage
		Usr 0 00:00:00, Sys 0 00:00:00  -  Run Local Usage
		Usr 0 00:00:00, Sys 0 00:00:00  -  Total Remote Usage
		Usr 0 00:00:00, Sys 0 00:00:00  -  Total Local Usage
	0  -  Run Bytes Sent By Job
	0  -  Run Bytes Received By Job
	0  -  Total Bytes Sent By Job
	0  -  Total Bytes Received By Job
	Partitionable Resources :    Usage  Request Allocated
	   Cpus                 :                 1         1
	   Disk (KB)            :        1        1  13384526
	   Memory (MB)          :        0        1      6441
...
