000 (8914275.000.000) 12/10 23:42:47 Job submitted from host: <10.10.48.31:12542?addrs=10.10.48.31-12542>
...
001 (8914275.000.000) 12/10 23:42:56 Job executing on host: <10.10.48.133:42257?addrs=10.10.48.133-42257>
...
006 (8914275.000.000) 12/10 23:42:57 Image size of job updated: 175200
	0  -  MemoryUsage of job (MB)
	0  -  ResidentSetSize of job (KB)
...
005 (8914275.000.000) 12/10 23:42:58 Job terminated.
	(1) Normal termination (return value 1)
		Usr 0 00:00:00, Sys 0 00:00:00  -  Run Remote Usage
		Usr 0 00:00:00, Sys 0 00:00:00  -  Run Local Usage
		Usr 0 00:00:00, Sys 0 00:00:00  -  Total Remote Usage
		Usr 0 00:00:00, Sys 0 00:00:00  -  Total Local Usage
	0  -  Run Bytes Sent By Job
	0  -  Run Bytes Received By Job
	0  -  Total Bytes Sent By Job
	0  -  Total Bytes Received By Job
	Partitionable Resources :    Usage  Request Allocated
	   Cpus                 :                 1         1
	   Disk (KB)            :        1        1  13386734
	   Memory (MB)          :        0        1      6441
...
000 (8914437.000.000) 12/10 23:49:00 Job submitted from host: <10.10.48.31:12542?addrs=10.10.48.31-12542>
...
001 (8914437.000.000) 12/10 23:49:18 Job executing on host: <10.10.48.133:42257?addrs=10.10.48.133-42257>
...
006 (8914437.000.000) 12/10 23:49:26 Image size of job updated: 185848
	34  -  MemoryUsage of job (MB)
	33872  -  ResidentSetSize of job (KB)
...
006 (8914437.000.000) 12/10 23:50:00 Image size of job updated: 192396
	34  -  MemoryUsage of job (MB)
	33872  -  ResidentSetSize of job (KB)
...
005 (8914437.000.000) 12/10 23:50:00 Job terminated.
	(1) Normal termination (return value 0)
		Usr 0 00:00:21, Sys 0 00:00:00  -  Run Remote Usage
		Usr 0 00:00:00, Sys 0 00:00:00  -  Run Local Usage
		Usr 0 00:00:21, Sys 0 00:00:00  -  Total Remote Usage
		Usr 0 00:00:00, Sys 0 00:00:00  -  Total Local Usage
	0  -  Run Bytes Sent By Job
	0  -  Run Bytes Received By Job
	0  -  Total Bytes Sent By Job
	0  -  Total Bytes Received By Job
	Partitionable Resources :    Usage  Request Allocated
	   Cpus                 :                 1         1
	   Disk (KB)            :        1        1  13386671
	   Memory (MB)          :       34        1      6441
...
000 (8914599.000.000) 12/11 16:48:18 Job submitted from host: <10.10.48.31:12542?addrs=10.10.48.31-12542>
...
001 (8914599.000.000) 12/11 16:48:36 Job executing on host: <10.10.48.35:61041?addrs=10.10.48.35-61041>
...
006 (8914599.000.000) 12/11 16:48:45 Image size of job updated: 185844
	32  -  MemoryUsage of job (MB)
	32528  -  ResidentSetSize of job (KB)
...
006 (8914599.000.000) 12/11 16:49:21 Image size of job updated: 192516
	32  -  MemoryUsage of job (MB)
	32528  -  ResidentSetSize of job (KB)
...
005 (8914599.000.000) 12/11 16:49:21 Job terminated.
	(1) Normal termination (return value 0)
		Usr 0 00:00:20, Sys 0 00:00:00  -  Run Remote Usage
		Usr 0 00:00:00, Sys 0 00:00:00  -  Run Local Usage
		Usr 0 00:00:20, Sys 0 00:00:00  -  Total Remote Usage
		Usr 0 00:00:00, Sys 0 00:00:00  -  Total Local Usage
	0  -  Run Bytes Sent By Job
	0  -  Run Bytes Received By Job
	0  -  Total Bytes Sent By Job
	0  -  Total Bytes Received By Job
	Partitionable Resources :    Usage  Request Allocated
	   Cpus                 :                 1         1
	   Disk (KB)            :        1        1  16721155
	   Memory (MB)          :       32        1      4023
...
000 (8915361.000.000) 12/11 17:17:48 Job submitted from host: <10.10.48.31:12542?addrs=10.10.48.31-12542>
...
001 (8915361.000.000) 12/11 17:18:02 Job executing on host: <10.10.48.37:22739?addrs=10.10.48.37-22739>
...
006 (8915361.000.000) 12/11 17:18:10 Image size of job updated: 192428
	39  -  MemoryUsage of job (MB)
	39528  -  ResidentSetSize of job (KB)
...
006 (8915361.000.000) 12/11 17:18:30 Image size of job updated: 192584
	39  -  MemoryUsage of job (MB)
	39528  -  ResidentSetSize of job (KB)
...
005 (8915361.000.000) 12/11 17:18:30 Job terminated.
	(1) Normal termination (return value 0)
		Usr 0 00:00:15, Sys 0 00:00:00  -  Run Remote Usage
		Usr 0 00:00:00, Sys 0 00:00:00  -  Run Local Usage
		Usr 0 00:00:15, Sys 0 00:00:00  -  Total Remote Usage
		Usr 0 00:00:00, Sys 0 00:00:00  -  Total Local Usage
	0  -  Run Bytes Sent By Job
	0  -  Run Bytes Received By Job
	0  -  Total Bytes Sent By Job
	0  -  Total Bytes Received By Job
	Partitionable Resources :    Usage  Request Allocated
	   Cpus                 :                 1         1
	   Disk (KB)            :        1        1  16727215
	   Memory (MB)          :       39        1      4023
...
000 (8915523.000.000) 12/11 22:46:54 Job submitted from host: <10.10.48.31:12542?addrs=10.10.48.31-12542>
...
001 (8915523.000.000) 12/11 22:47:11 Job executing on host: <10.10.48.35:61041?addrs=10.10.48.35-61041>
...
006 (8915523.000.000) 12/11 22:47:20 Image size of job updated: 185868
	34  -  MemoryUsage of job (MB)
	34224  -  ResidentSetSize of job (KB)
...
006 (8915523.000.000) 12/11 22:52:21 Image size of job updated: 192732
	43  -  MemoryUsage of job (MB)
	43672  -  ResidentSetSize of job (KB)
...
006 (8915523.000.000) 12/11 22:56:22 Image size of job updated: 193196
	43  -  MemoryUsage of job (MB)
	43672  -  ResidentSetSize of job (KB)
...
005 (8915523.000.000) 12/11 22:56:22 Job terminated.
	(1) Normal termination (return value 0)
		Usr 0 00:05:28, Sys 0 00:00:06  -  Run Remote Usage
		Usr 0 00:00:00, Sys 0 00:00:00  -  Run Local Usage
		Usr 0 00:05:28, Sys 0 00:00:06  -  Total Remote Usage
		Usr 0 00:00:00, Sys 0 00:00:00  -  Total Local Usage
	0  -  Run Bytes Sent By Job
	0  -  Run Bytes Received By Job
	0  -  Total Bytes Sent By Job
	0  -  Total Bytes Received By Job
	Partitionable Resources :    Usage  Request Allocated
	   Cpus                 :                 1         1
	   Disk (KB)            :        1        1  16721100
	   Memory (MB)          :       43        1      4023
...
000 (8915655.000.000) 12/11 22:57:00 Job submitted from host: <10.10.48.31:12542?addrs=10.10.48.31-12542>
...
001 (8915655.000.000) 12/11 22:57:21 Job executing on host: <10.10.48.141:50603?addrs=10.10.48.141-50603>
...
006 (8915655.000.000) 12/11 22:57:29 Image size of job updated: 192480
	38  -  MemoryUsage of job (MB)
	38452  -  ResidentSetSize of job (KB)
...
006 (8915655.000.000) 12/11 23:02:29 Image size of job updated: 199652
	45  -  MemoryUsage of job (MB)
	46056  -  ResidentSetSize of job (KB)
...
006 (8915655.000.000) 12/11 23:03:28 Image size of job updated: 201452
	45  -  MemoryUsage of job (MB)
	46056  -  ResidentSetSize of job (KB)
...
005 (8915655.000.000) 12/11 23:03:28 Job terminated.
	(1) Normal termination (return value 0)
		Usr 0 00:04:50, Sys 0 00:00:04  -  Run Remote Usage
		Usr 0 00:00:00, Sys 0 00:00:00  -  Run Local Usage
		Usr 0 00:04:50, Sys 0 00:00:04  -  Total Remote Usage
		Usr 0 00:00:00, Sys 0 00:00:00  -  Total Local Usage
	0  -  Run Bytes Sent By Job
	0  -  Run Bytes Received By Job
	0  -  Total Bytes Sent By Job
	0  -  Total Bytes Received By Job
	Partitionable Resources :    Usage  Request Allocated
	   Cpus                 :                 1         1
	   Disk (KB)            :        1        1  13376549
	   Memory (MB)          :       45        1      6441
...
000 (8915787.000.000) 12/11 23:09:01 Job submitted from host: <10.10.48.31:12542?addrs=10.10.48.31-12542>
...
001 (8915787.000.000) 12/11 23:09:04 Job executing on host: <10.10.48.35:61041?addrs=10.10.48.35-61041>
...
006 (8915787.000.000) 12/11 23:09:13 Image size of job updated: 114940
	18  -  MemoryUsage of job (MB)
	17656  -  ResidentSetSize of job (KB)
...
006 (8915787.000.000) 12/11 23:09:32 Image size of job updated: 192944
	18  -  MemoryUsage of job (MB)
	17656  -  ResidentSetSize of job (KB)
...
005 (8915787.000.000) 12/11 23:09:32 Job terminated.
	(1) Normal termination (return value 1)
		Usr 0 00:00:09, Sys 0 00:00:00  -  Run Remote Usage
		Usr 0 00:00:00, Sys 0 00:00:00  -  Run Local Usage
		Usr 0 00:00:09, Sys 0 00:00:00  -  Total Remote Usage
		Usr 0 00:00:00, Sys 0 00:00:00  -  Total Local Usage
	0  -  Run Bytes Sent By Job
	0  -  Run Bytes Received By Job
	0  -  Total Bytes Sent By Job
	0  -  Total Bytes Received By Job
	Partitionable Resources :    Usage  Request Allocated
	   Cpus                 :                 1         1
	   Disk (KB)            :        1        1  16721110
	   Memory (MB)          :       18        1      4023
...
000 (8915949.000.000) 12/11 23:22:23 Job submitted from host: <10.10.48.31:12542?addrs=10.10.48.31-12542>
...
001 (8915949.000.000) 12/11 23:22:44 Job executing on host: <10.10.48.141:50603?addrs=10.10.48.141-50603>
...
006 (8915949.000.000) 12/11 23:22:53 Image size of job updated: 193040
	38  -  MemoryUsage of job (MB)
	38472  -  ResidentSetSize of job (KB)
...
005 (8915949.000.000) 12/11 23:23:01 Job terminated.
	(1) Normal termination (return value 0)
		Usr 0 00:00:07, Sys 0 00:00:00  -  Run Remote Usage
		Usr 0 00:00:00, Sys 0 00:00:00  -  Run Local Usage
		Usr 0 00:00:07, Sys 0 00:00:00  -  Total Remote Usage
		Usr 0 00:00:00, Sys 0 00:00:00  -  Total Local Usage
	0  -  Run Bytes Sent By Job
	0  -  Run Bytes Received By Job
	0  -  Total Bytes Sent By Job
	0  -  Total Bytes Received By Job
	Partitionable Resources :    Usage  Request Allocated
	   Cpus                 :                 1         1
	   Disk (KB)            :        1        1  13376493
	   Memory (MB)          :       38        1      6441
...
000 (8916112.000.000) 12/12 14:23:32 Job submitted from host: <10.10.48.31:12542?addrs=10.10.48.31-12542>
...
001 (8916112.000.000) 12/12 14:23:48 Job executing on host: <10.10.48.35:61041?addrs=10.10.48.35-61041>
...
006 (8916112.000.000) 12/12 14:23:57 Image size of job updated: 179436
	29  -  MemoryUsage of job (MB)
	29156  -  ResidentSetSize of job (KB)
...
006 (8916112.000.000) 12/12 14:28:58 Image size of job updated: 292236
	132  -  MemoryUsage of job (MB)
	134252  -  ResidentSetSize of job (KB)
...
006 (8916112.000.000) 12/12 14:32:28 Image size of job updated: 414960
	132  -  MemoryUsage of job (MB)
	134252  -  ResidentSetSize of job (KB)
...
005 (8916112.000.000) 12/12 14:32:28 Job terminated.
	(1) Normal termination (return value 0)
		Usr 0 00:03:17, Sys 0 00:00:05  -  Run Remote Usage
		Usr 0 00:00:00, Sys 0 00:00:00  -  Run Local Usage
		Usr 0 00:03:17, Sys 0 00:00:05  -  Total Remote Usage
		Usr 0 00:00:00, Sys 0 00:00:00  -  Total Local Usage
	0  -  Run Bytes Sent By Job
	0  -  Run Bytes Received By Job
	0  -  Total Bytes Sent By Job
	0  -  Total Bytes Received By Job
	Partitionable Resources :    Usage  Request Allocated
	   Cpus                 :                 1         1
	   Disk (KB)            :        1        1  16721064
	   Memory (MB)          :      132        1      4023
...
