000 (8914308.000.000) 12/10 23:42:51 Job submitted from host: <10.10.48.31:12542?addrs=10.10.48.31-12542>
...
001 (8914308.000.000) 12/10 23:42:55 Job executing on host: <10.10.48.43:4900?addrs=10.10.48.43-4900>
...
006 (8914308.000.000) 12/10 23:42:56 Image size of job updated: 1
	0  -  MemoryUsage of job (MB)
	0  -  ResidentSetSize of job (KB)
...
005 (8914308.000.000) 12/10 23:42:56 Job terminated.
	(1) Normal termination (return value 1)
		Usr 0 00:00:00, Sys 0 00:00:00  -  Run Remote Usage
		Usr 0 00:00:00, Sys 0 00:00:00  -  Run Local Usage
		Usr 0 00:00:00, Sys 0 00:00:00  -  Total Remote Usage
		Usr 0 00:00:00, Sys 0 00:00:00  -  Total Local Usage
	0  -  Run Bytes Sent By Job
	0  -  Run Bytes Received By Job
	0  -  Total Bytes Sent By Job
	0  -  Total Bytes Received By Job
	Partitionable Resources :    Usage  Request Allocated
	   Cpus                 :                 1         1
	   Disk (KB)            :        1        1  16728128
	   Memory (MB)          :        0        1      4023
...
000 (8914470.000.000) 12/10 23:49:04 Job submitted from host: <10.10.48.31:12542?addrs=10.10.48.31-12542>
...
001 (8914470.000.000) 12/10 23:49:19 Job executing on host: <10.10.48.43:4900?addrs=10.10.48.43-4900>
...
006 (8914470.000.000) 12/10 23:49:28 Image size of job updated: 185584
	32  -  MemoryUsage of job (MB)
	32408  -  ResidentSetSize of job (KB)
...
006 (8914470.000.000) 12/10 23:51:18 Image size of job updated: 192488
	32  -  MemoryUsage of job (MB)
	32408  -  ResidentSetSize of job (KB)
...
005 (8914470.000.000) 12/10 23:51:18 Job terminated.
	(1) Normal termination (return value 0)
		Usr 0 00:00:46, Sys 0 00:00:00  -  Run Remote Usage
		Usr 0 00:00:00, Sys 0 00:00:00  -  Run Local Usage
		Usr 0 00:00:46, Sys 0 00:00:00  -  Total Remote Usage
		Usr 0 00:00:00, Sys 0 00:00:00  -  Total Local Usage
	0  -  Run Bytes Sent By Job
	0  -  Run Bytes Received By Job
	0  -  Total Bytes Sent By Job
	0  -  Total Bytes Received By Job
	Partitionable Resources :    Usage  Request Allocated
	   Cpus                 :                 1         1
	   Disk (KB)            :        1        1  16728116
	   Memory (MB)          :       32        1      4023
...
000 (8914632.000.000) 12/11 16:48:22 Job submitted from host: <10.10.48.31:12542?addrs=10.10.48.31-12542>
...
001 (8914632.000.000) 12/11 16:48:40 Job executing on host: <10.10.48.139:49429?addrs=10.10.48.139-49429>
...
006 (8914632.000.000) 12/11 16:48:48 Image size of job updated: 115732
	17  -  MemoryUsage of job (MB)
	17004  -  ResidentSetSize of job (KB)
...
006 (8914632.000.000) 12/11 16:51:26 Image size of job updated: 192496
	17  -  MemoryUsage of job (MB)
	17004  -  ResidentSetSize of job (KB)
...
005 (8914632.000.000) 12/11 16:51:26 Job terminated.
	(1) Normal termination (return value 0)
		Usr 0 00:01:03, Sys 0 00:00:01  -  Run Remote Usage
		Usr 0 00:00:00, Sys 0 00:00:00  -  Run Local Usage
		Usr 0 00:01:03, Sys 0 00:00:01  -  Total Remote Usage
		Usr 0 00:00:00, Sys 0 00:00:00  -  Total Local Usage
	0  -  Run Bytes Sent By Job
	0  -  Run Bytes Received By Job
	0  -  Total Bytes Sent By Job
	0  -  Total Bytes Received By Job
	Partitionable Resources :    Usage  Request Allocated
	   Cpus                 :                 1         1
	   Disk (KB)            :        1        1  13385137
	   Memory (MB)          :       17        1      6441
...
000 (8915394.000.000) 12/11 17:17:52 Job submitted from host: <10.10.48.31:12542?addrs=10.10.48.31-12542>
...
001 (8915394.000.000) 12/11 17:18:03 Job executing on host: <10.10.48.135:49492?addrs=10.10.48.135-49492>
...
006 (8915394.000.000) 12/11 17:18:12 Image size of job updated: 190828
	37  -  MemoryUsage of job (MB)
	37204  -  ResidentSetSize of job (KB)
...
006 (8915394.000.000) 12/11 17:19:25 Image size of job updated: 194252
	37  -  MemoryUsage of job (MB)
	37204  -  ResidentSetSize of job (KB)
...
005 (8915394.000.000) 12/11 17:19:25 Job terminated.
	(1) Normal termination (return value 0)
		Usr 0 00:00:57, Sys 0 00:00:00  -  Run Remote Usage
		Usr 0 00:00:00, Sys 0 00:00:00  -  Run Local Usage
		Usr 0 00:00:57, Sys 0 00:00:00  -  Total Remote Usage
		Usr 0 00:00:00, Sys 0 00:00:00  -  Total Local Usage
	0  -  Run Bytes Sent By Job
	0  -  Run Bytes Received By Job
	0  -  Total Bytes Sent By Job
	0  -  Total Bytes Received By Job
	Partitionable Resources :    Usage  Request Allocated
	   Cpus                 :                 1         1
	   Disk (KB)            :        1        1  13377146
	   Memory (MB)          :       37        1      6441
...
000 (8915556.000.000) 12/11 22:46:58 Job submitted from host: <10.10.48.31:12542?addrs=10.10.48.31-12542>
...
001 (8915556.000.000) 12/11 22:47:14 Job executing on host: <10.10.48.139:49429?addrs=10.10.48.139-49429>
...
006 (8915556.000.000) 12/11 22:47:23 Image size of job updated: 116388
	20  -  MemoryUsage of job (MB)
	19496  -  ResidentSetSize of job (KB)
...
006 (8915556.000.000) 12/11 22:47:37 Image size of job updated: 192404
	20  -  MemoryUsage of job (MB)
	19496  -  ResidentSetSize of job (KB)
...
005 (8915556.000.000) 12/11 22:47:37 Job terminated.
	(1) Normal termination (return value 0)
		Usr 0 00:00:06, Sys 0 00:00:00  -  Run Remote Usage
		Usr 0 00:00:00, Sys 0 00:00:00  -  Run Local Usage
		Usr 0 00:00:06, Sys 0 00:00:00  -  Total Remote Usage
		Usr 0 00:00:00, Sys 0 00:00:00  -  Total Local Usage
	0  -  Run Bytes Sent By Job
	0  -  Run Bytes Received By Job
	0  -  Total Bytes Sent By Job
	0  -  Total Bytes Received By Job
	Partitionable Resources :    Usage  Request Allocated
	   Cpus                 :                 1         1
	   Disk (KB)            :        1        1  13385104
	   Memory (MB)          :       20        1      6441
...
000 (8915688.000.000) 12/11 22:57:05 Job submitted from host: <10.10.48.31:12542?addrs=10.10.48.31-12542>
...
001 (8915688.000.000) 12/11 22:57:20 Job executing on host: <10.10.48.145:26377?addrs=10.10.48.145-26377>
...
006 (8915688.000.000) 12/11 22:57:28 Image size of job updated: 192464
	40  -  MemoryUsage of job (MB)
	40012  -  ResidentSetSize of job (KB)
...
005 (8915688.000.000) 12/11 22:57:34 Job terminated.
	(1) Normal termination (return value 0)
		Usr 0 00:00:04, Sys 0 00:00:00  -  Run Remote Usage
		Usr 0 00:00:00, Sys 0 00:00:00  -  Run Local Usage
		Usr 0 00:00:04, Sys 0 00:00:00  -  Total Remote Usage
		Usr 0 00:00:00, Sys 0 00:00:00  -  Total Local Usage
	0  -  Run Bytes Sent By Job
	0  -  Run Bytes Received By Job
	0  -  Total Bytes Sent By Job
	0  -  Total Bytes Received By Job
	Partitionable Resources :    Usage  Request Allocated
	   Cpus                 :                 1         1
	   Disk (KB)            :        1        1  13384441
	   Memory (MB)          :       40        1      6441
...
000 (8915820.000.000) 12/11 23:09:07 Job submitted from host: <10.10.48.31:12542?addrs=10.10.48.31-12542>
...
001 (8915820.000.000) 12/11 23:09:26 Job executing on host: <10.10.48.139:49429?addrs=10.10.48.139-49429>
...
006 (8915820.000.000) 12/11 23:09:34 Image size of job updated: 185236
	33  -  MemoryUsage of job (MB)
	33692  -  ResidentSetSize of job (KB)
...
006 (8915820.000.000) 12/11 23:12:06 Image size of job updated: 192980
	33  -  MemoryUsage of job (MB)
	33692  -  ResidentSetSize of job (KB)
...
005 (8915820.000.000) 12/11 23:12:06 Job terminated.
	(1) Normal termination (return value 1)
		Usr 0 00:00:30, Sys 0 00:00:00  -  Run Remote Usage
		Usr 0 00:00:00, Sys 0 00:00:00  -  Run Local Usage
		Usr 0 00:00:30, Sys 0 00:00:00  -  Total Remote Usage
		Usr 0 00:00:00, Sys 0 00:00:00  -  Total Local Usage
	0  -  Run Bytes Sent By Job
	0  -  Run Bytes Received By Job
	0  -  Total Bytes Sent By Job
	0  -  Total Bytes Received By Job
	Partitionable Resources :    Usage  Request Allocated
	   Cpus                 :                 1         1
	   Disk (KB)            :        1        1  13385058
	   Memory (MB)          :       33        1      6441
...
000 (8915982.000.000) 12/11 23:22:27 Job submitted from host: <10.10.48.31:12542?addrs=10.10.48.31-12542>
...
001 (8915982.000.000) 12/11 23:22:45 Job executing on host: <10.10.48.139:49429?addrs=10.10.48.139-49429>
...
006 (8915982.000.000) 12/11 23:22:53 Image size of job updated: 192844
	37  -  MemoryUsage of job (MB)
	37304  -  ResidentSetSize of job (KB)
...
006 (8915982.000.000) 12/11 23:23:18 Image size of job updated: 192976
	37  -  MemoryUsage of job (MB)
	37304  -  ResidentSetSize of job (KB)
...
005 (8915982.000.000) 12/11 23:23:18 Job terminated.
	(1) Normal termination (return value 0)
		Usr 0 00:00:17, Sys 0 00:00:00  -  Run Remote Usage
		Usr 0 00:00:00, Sys 0 00:00:00  -  Run Local Usage
		Usr 0 00:00:17, Sys 0 00:00:00  -  Total Remote Usage
		Usr 0 00:00:00, Sys 0 00:00:00  -  Total Local Usage
	0  -  Run Bytes Sent By Job
	0  -  Run Bytes Received By Job
	0  -  Total Bytes Sent By Job
	0  -  Total Bytes Received By Job
	Partitionable Resources :    Usage  Request Allocated
	   Cpus                 :                 1         1
	   Disk (KB)            :        1        1  13385071
	   Memory (MB)          :       37        1      6441
...
000 (8916145.000.000) 12/12 14:23:36 Job submitted from host: <10.10.48.31:12542?addrs=10.10.48.31-12542>
...
001 (8916145.000.000) 12/12 14:23:51 Job executing on host: <10.10.48.139:49429?addrs=10.10.48.139-49429>
...
006 (8916145.000.000) 12/12 14:24:00 Image size of job updated: 1
	2  -  MemoryUsage of job (MB)
	1868  -  ResidentSetSize of job (KB)
...
006 (8916145.000.000) 12/12 14:24:07 Image size of job updated: 198412
	2  -  MemoryUsage of job (MB)
	1868  -  ResidentSetSize of job (KB)
...
005 (8916145.000.000) 12/12 14:24:07 Job terminated.
	(1) Normal termination (return value 0)
		Usr 0 00:00:04, Sys 0 00:00:00  -  Run Remote Usage
		Usr 0 00:00:00, Sys 0 00:00:00  -  Run Local Usage
		Usr 0 00:00:04, Sys 0 00:00:00  -  Total Remote Usage
		Usr 0 00:00:00, Sys 0 00:00:00  -  Total Local Usage
	0  -  Run Bytes Sent By Job
	0  -  Run Bytes Received By Job
	0  -  Total Bytes Sent By Job
	0  -  Total Bytes Received By Job
	Partitionable Resources :    Usage  Request Allocated
	   Cpus                 :                 1         1
	   Disk (KB)            :        1        1  13385059
	   Memory (MB)          :        2        1      6441
...
000 (9637190.000.000) 02/27 16:01:38 Job submitted from host: <10.10.48.31:15410?addrs=10.10.48.31-15410>
...
001 (9637190.000.000) 02/27 16:01:50 Job executing on host: <10.10.48.39:38682?addrs=10.10.48.39-38682>
...
006 (9637190.000.000) 02/27 16:01:59 Image size of job updated: 176152
	29  -  MemoryUsage of job (MB)
	28904  -  ResidentSetSize of job (KB)
...
006 (9637190.000.000) 02/27 16:06:59 Image size of job updated: 186088
	35  -  MemoryUsage of job (MB)
	35388  -  ResidentSetSize of job (KB)
...
005 (9637190.000.000) 02/27 16:07:28 Job terminated.
	(1) Normal termination (return value 255)
		Usr 0 00:00:01, Sys 0 00:00:00  -  Run Remote Usage
		Usr 0 00:00:00, Sys 0 00:00:00  -  Run Local Usage
		Usr 0 00:00:01, Sys 0 00:00:00  -  Total Remote Usage
		Usr 0 00:00:00, Sys 0 00:00:00  -  Total Local Usage
	0  -  Run Bytes Sent By Job
	0  -  Run Bytes Received By Job
	0  -  Total Bytes Sent By Job
	0  -  Total Bytes Received By Job
	Partitionable Resources :    Usage  Request Allocated
	   Cpus                 :                 1         1
	   Disk (KB)            :        1        1  16725766
	   Memory (MB)          :       35        1      4023
...
000 (9643771.000.000) 02/27 20:47:14 Job submitted from host: <10.10.48.31:15410?addrs=10.10.48.31-15410>
...
001 (9643771.000.000) 02/27 20:47:18 Job executing on host: <10.10.48.134:39779?addrs=10.10.48.134-39779>
...
006 (9643771.000.000) 02/27 20:47:20 Image size of job updated: 248324
	0  -  MemoryUsage of job (MB)
	0  -  ResidentSetSize of job (KB)
...
005 (9643771.000.000) 02/27 20:47:20 Job terminated.
	(1) Normal termination (return value 53)
		Usr 0 00:00:00, Sys 0 00:00:00  -  Run Remote Usage
		Usr 0 00:00:00, Sys 0 00:00:00  -  Run Local Usage
		Usr 0 00:00:00, Sys 0 00:00:00  -  Total Remote Usage
		Usr 0 00:00:00, Sys 0 00:00:00  -  Total Local Usage
	0  -  Run Bytes Sent By Job
	0  -  Run Bytes Received By Job
	0  -  Total Bytes Sent By Job
	0  -  Total Bytes Received By Job
	Partitionable Resources :    Usage  Request Allocated
	   Cpus                 :                 1         1
	   Disk (KB)            :        1        1  13381656
	   Memory (MB)          :        0        1      6441
...
