000 (8914376.000.000) 12/10 23:43:08 Job submitted from host: <10.10.48.31:12542?addrs=10.10.48.31-12542>
...
001 (8914376.000.000) 12/10 23:43:14 Job executing on host: <10.10.48.44:53822?addrs=10.10.48.44-53822>
...
006 (8914376.000.000) 12/10 23:43:15 Image size of job updated: 1
	0  -  MemoryUsage of job (MB)
	0  -  ResidentSetSize of job (KB)
...
005 (8914376.000.000) 12/10 23:43:15 Job terminated.
	(1) Normal termination (return value 1)
		Usr 0 00:00:00, Sys 0 00:00:00  -  Run Remote Usage
		Usr 0 00:00:00, Sys 0 00:00:00  -  Run Local Usage
		Usr 0 00:00:00, Sys 0 00:00:00  -  Total Remote Usage
		Usr 0 00:00:00, Sys 0 00:00:00  -  Total Local Usage
	0  -  Run Bytes Sent By Job
	0  -  Run Bytes Received By Job
	0  -  Total Bytes Sent By Job
	0  -  Total Bytes Received By Job
	Partitionable Resources :    Usage  Request Allocated
	   Cpus                 :                 1         1
	   Disk (KB)            :        1        1  16726524
	   Memory (MB)          :        0        1      4023
...
000 (8914538.000.000) 12/10 23:51:22 Job submitted from host: <10.10.48.31:12542?addrs=10.10.48.31-12542>
...
001 (8914538.000.000) 12/10 23:52:31 Job executing on host: <10.10.48.133:42257?addrs=10.10.48.133-42257>
...
006 (8914538.000.000) 12/10 23:52:39 Image size of job updated: 185864
	32  -  MemoryUsage of job (MB)
	32468  -  ResidentSetSize of job (KB)
...
006 (8914538.000.000) 12/10 23:54:11 Image size of job updated: 192416
	32  -  MemoryUsage of job (MB)
	32468  -  ResidentSetSize of job (KB)
...
005 (8914538.000.000) 12/10 23:54:11 Job terminated.
	(1) Normal termination (return value 0)
		Usr 0 00:00:51, Sys 0 00:00:00  -  Run Remote Usage
		Usr 0 00:00:00, Sys 0 00:00:00  -  Run Local Usage
		Usr 0 00:00:51, Sys 0 00:00:00  -  Total Remote Usage
		Usr 0 00:00:00, Sys 0 00:00:00  -  Total Local Usage
	0  -  Run Bytes Sent By Job
	0  -  Run Bytes Received By Job
	0  -  Total Bytes Sent By Job
	0  -  Total Bytes Received By Job
	Partitionable Resources :    Usage  Request Allocated
	   Cpus                 :                 1         1
	   Disk (KB)            :        1        1  13386671
	   Memory (MB)          :       32        1      6441
...
000 (8914700.000.000) 12/11 16:50:18 Job submitted from host: <10.10.48.31:12542?addrs=10.10.48.31-12542>
...
001 (8914700.000.000) 12/11 16:50:39 Job executing on host: <10.10.48.145:26377?addrs=10.10.48.145-26377>
...
006 (8914700.000.000) 12/11 16:50:48 Image size of job updated: 114272
	17  -  MemoryUsage of job (MB)
	17396  -  ResidentSetSize of job (KB)
...
006 (8914700.000.000) 12/11 16:52:32 Image size of job updated: 192524
	17  -  MemoryUsage of job (MB)
	17396  -  ResidentSetSize of job (KB)
...
005 (8914700.000.000) 12/11 16:52:32 Job terminated.
	(1) Normal termination (return value 0)
		Usr 0 00:00:49, Sys 0 00:00:00  -  Run Remote Usage
		Usr 0 00:00:00, Sys 0 00:00:00  -  Run Local Usage
		Usr 0 00:00:49, Sys 0 00:00:00  -  Total Remote Usage
		Usr 0 00:00:00, Sys 0 00:00:00  -  Total Local Usage
	0  -  Run Bytes Sent By Job
	0  -  Run Bytes Received By Job
	0  -  Total Bytes Sent By Job
	0  -  Total Bytes Received By Job
	Partitionable Resources :    Usage  Request Allocated
	   Cpus                 :                 1         1
	   Disk (KB)            :        1        1  13384497
	   Memory (MB)          :       17        1      6441
...
000 (8915462.000.000) 12/11 17:19:29 Job submitted from host: <10.10.48.31:12542?addrs=10.10.48.31-12542>
...
001 (8915462.000.000) 12/11 17:19:52 Job executing on host: <10.10.48.42:24954?addrs=10.10.48.42-24954>
...
006 (8915462.000.000) 12/11 17:20:01 Image size of job updated: 1
	2  -  MemoryUsage of job (MB)
	1816  -  ResidentSetSize of job (KB)
...
006 (8915462.000.000) 12/11 17:20:35 Image size of job updated: 192552
	2  -  MemoryUsage of job (MB)
	1816  -  ResidentSetSize of job (KB)
...
005 (8915462.000.000) 12/11 17:20:35 Job terminated.
	(1) Normal termination (return value 0)
		Usr 0 00:00:35, Sys 0 00:00:00  -  Run Remote Usage
		Usr 0 00:00:00, Sys 0 00:00:00  -  Run Local Usage
		Usr 0 00:00:35, Sys 0 00:00:00  -  Total Remote Usage
		Usr 0 00:00:00, Sys 0 00:00:00  -  Total Local Usage
	0  -  Run Bytes Sent By Job
	0  -  Run Bytes Received By Job
	0  -  Total Bytes Sent By Job
	0  -  Total Bytes Received By Job
	Partitionable Resources :    Usage  Request Allocated
	   Cpus                 :                 1         1
	   Disk (KB)            :        1        1  16729390
	   Memory (MB)          :        2        1      4023
...
000 (8915888.000.000) 12/11 23:10:40 Job submitted from host: <10.10.48.31:12542?addrs=10.10.48.31-12542>
...
001 (8915888.000.000) 12/11 23:10:42 Job executing on host: <10.10.48.141:50603?addrs=10.10.48.141-50603>
...
006 (8915888.000.000) 12/11 23:10:51 Image size of job updated: 185184
	32  -  MemoryUsage of job (MB)
	32112  -  ResidentSetSize of job (KB)
...
006 (8915888.000.000) 12/11 23:12:09 Image size of job updated: 192888
	32  -  MemoryUsage of job (MB)
	32112  -  ResidentSetSize of job (KB)
...
005 (8915888.000.000) 12/11 23:12:09 Job terminated.
	(1) Normal termination (return value 1)
		Usr 0 00:00:21, Sys 0 00:00:00  -  Run Remote Usage
		Usr 0 00:00:00, Sys 0 00:00:00  -  Run Local Usage
		Usr 0 00:00:21, Sys 0 00:00:00  -  Total Remote Usage
		Usr 0 00:00:00, Sys 0 00:00:00  -  Total Local Usage
	0  -  Run Bytes Sent By Job
	0  -  Run Bytes Received By Job
	0  -  Total Bytes Sent By Job
	0  -  Total Bytes Received By Job
	Partitionable Resources :    Usage  Request Allocated
	   Cpus                 :                 1         1
	   Disk (KB)            :        1        1  13376523
	   Memory (MB)          :       32        1      6441
...
000 (8916050.000.000) 12/11 23:23:10 Job submitted from host: <10.10.48.31:12542?addrs=10.10.48.31-12542>
...
001 (8916050.000.000) 12/11 23:23:12 Job executing on host: <10.10.48.35:61041?addrs=10.10.48.35-61041>
...
006 (8916050.000.000) 12/11 23:23:21 Image size of job updated: 192728
	39  -  MemoryUsage of job (MB)
	39472  -  ResidentSetSize of job (KB)
...
006 (8916050.000.000) 12/11 23:24:06 Image size of job updated: 192844
	39  -  MemoryUsage of job (MB)
	39472  -  ResidentSetSize of job (KB)
...
005 (8916050.000.000) 12/11 23:24:06 Job terminated.
	(1) Normal termination (return value 0)
		Usr 0 00:00:09, Sys 0 00:00:00  -  Run Remote Usage
		Usr 0 00:00:00, Sys 0 00:00:00  -  Run Local Usage
		Usr 0 00:00:09, Sys 0 00:00:00  -  Total Remote Usage
		Usr 0 00:00:00, Sys 0 00:00:00  -  Total Local Usage
	0  -  Run Bytes Sent By Job
	0  -  Run Bytes Received By Job
	0  -  Total Bytes Sent By Job
	0  -  Total Bytes Received By Job
	Partitionable Resources :    Usage  Request Allocated
	   Cpus                 :                 1         1
	   Disk (KB)            :        1        1  16721084
	   Memory (MB)          :       39        1      4023
...
000 (9637286.000.000) 02/27 16:04:04 Job submitted from host: <10.10.48.31:15410?addrs=10.10.48.31-15410>
...
001 (9637286.000.000) 02/27 16:04:09 Job executing on host: <10.10.48.33:19062?addrs=10.10.48.33-19062>
...
006 (9637286.000.000) 02/27 16:04:18 Image size of job updated: 185612
	34  -  MemoryUsage of job (MB)
	33896  -  ResidentSetSize of job (KB)
...
005 (9637286.000.000) 02/27 16:05:17 Job terminated.
	(1) Normal termination (return value 255)
		Usr 0 00:00:00, Sys 0 00:00:00  -  Run Remote Usage
		Usr 0 00:00:00, Sys 0 00:00:00  -  Run Local Usage
		Usr 0 00:00:00, Sys 0 00:00:00  -  Total Remote Usage
		Usr 0 00:00:00, Sys 0 00:00:00  -  Total Local Usage
	0  -  Run Bytes Sent By Job
	0  -  Run Bytes Received By Job
	0  -  Total Bytes Sent By Job
	0  -  Total Bytes Received By Job
	Partitionable Resources :    Usage  Request Allocated
	   Cpus                 :                 1         1
	   Disk (KB)            :        1        1  16723728
	   Memory (MB)          :       34        1      4023
...
000 (9643839.000.000) 02/27 20:47:28 Job submitted from host: <10.10.48.31:15410?addrs=10.10.48.31-15410>
...
001 (9643839.000.000) 02/27 20:47:30 Job executing on host: <10.10.48.143:56523?addrs=10.10.48.143-56523>
...
006 (9643839.000.000) 02/27 20:47:31 Image size of job updated: 252776
	0  -  MemoryUsage of job (MB)
	0  -  ResidentSetSize of job (KB)
...
005 (9643839.000.000) 02/27 20:47:32 Job terminated.
	(1) Normal termination (return value 1)
		Usr 0 00:00:00, Sys 0 00:00:00  -  Run Remote Usage
		Usr 0 00:00:00, Sys 0 00:00:00  -  Run Local Usage
		Usr 0 00:00:00, Sys 0 00:00:00  -  Total Remote Usage
		Usr 0 00:00:00, Sys 0 00:00:00  -  Total Local Usage
	0  -  Run Bytes Sent By Job
	0  -  Run Bytes Received By Job
	0  -  Total Bytes Sent By Job
	0  -  Total Bytes Received By Job
	Partitionable Resources :    Usage  Request Allocated
	   Cpus                 :                 1         1
	   Disk (KB)            :        1        1  13384575
	   Memory (MB)          :        0        1      6441
...
